 ===== launching single host matrix multiplication program ===== 
 # MPI Groups:3
 # Threads per group:4
 # SIZE:8000
 # G:   650
 ###########################
 ** Launching SynergyWrapper process@2...
 ** Launching SynergyWrapper process@3...
ts: attempting to receive an integer
ts: local tsd is master
Sending part 650[0]
Sending part 1300[1]
Sending part 1950[2]
Sending part 2600[3]
Sending part 3250[4]
Sending part 3900[5]
Sending part 4550[6]
Sending part 5200[7]
Sending part 5850[8]
Sending part 6500[9]
Sending part 7150[10]
Sending part 7800[11]
master: synchronizing
Client[1]: sending back to master
Client[2]: sending back to master
Client[3]: sending back to master
master: collecting remote 650[0]
master: collecting remote 1300[1]
master: collecting remote 1950[2]
master: collecting remote 2600[3]
master: collecting remote 3250[4]
master: collecting remote 3900[5]
master: collecting remote 4550[6]
master: collecting remote 5200[7]
master: collecting remote 5850[8]
master: collecting remote 6500[9]
master: collecting remote 7150[10]
master: collecting remote 7800[11]
 === Time spent: 69.212933 seconds
 ====================== Congradulations! Matrix Multiplication successfully performed =================== 
 ====================== Congradulations! Matrix Multiplication successfully performed =================== 
 ====================== Congradulations! Matrix Multiplication successfully performed =================== 
 ====================== Congradulations! Matrix Multiplication successfully performed =================== 
terminating matrix workers...
 =========== SUCCESS =============
 ===== launching single host matrix multiplication program ===== 
 # MPI Groups:3
 # Threads per group:4
 # SIZE:8000
 # G:   650
 ###########################
 ** Launching SynergyWrapper process@2...
 ** Launching SynergyWrapper process@3...
ts: attempting to receive an integer
ts: local tsd is master
Sending part 650[0]
Sending part 1300[1]
Sending part 1950[2]
Sending part 2600[3]
Sending part 3250[4]
Sending part 3900[5]
Sending part 4550[6]
Sending part 5200[7]
Sending part 5850[8]
Sending part 6500[9]
Sending part 7150[10]
Sending part 7800[11]
master: synchronizing
Client[1]: sending back to master
Client[2]: sending back to master
Client[3]: sending back to master
master: collecting remote 650[0]
master: collecting remote 1300[1]
master: collecting remote 1950[2]
master: collecting remote 2600[3]
master: collecting remote 3250[4]
master: collecting remote 3900[5]
master: collecting remote 4550[6]
master: collecting remote 5200[7]
master: collecting remote 5850[8]
master: collecting remote 6500[9]
master: collecting remote 7150[10]
master: collecting remote 7800[11]
 === Time spent: 69.733212 seconds
 ====================== Congradulations! Matrix Multiplication successfully performed =================== 
 ====================== Congradulations! Matrix Multiplication successfully performed =================== 
 ====================== Congradulations! Matrix Multiplication successfully performed =================== 
 ====================== Congradulations! Matrix Multiplication successfully performed =================== 
terminating matrix workers...
 =========== SUCCESS =============
