 ===== launching single host matrix multiplication program ===== 
 # MPI Groups:3
 # Threads per group:4
 # SIZE:8000
 # G:   750
 ###########################
 ** Launching SynergyWrapper process@2...
 ** Launching SynergyWrapper process@3...
ts: attempting to receive an integer
ts: local tsd is master
Sending part 750[0]
Sending part 1500[1]
Sending part 2250[2]
Sending part 3000[3]
Sending part 3750[4]
Sending part 4500[5]
Sending part 5250[6]
Sending part 6000[7]
Sending part 6750[8]
Sending part 7500[9]
master: synchronizing
Client[1]: sending back to master
Client[2]: sending back to master
Client[3]: sending back to master
master: collecting remote 750[0]
master: collecting remote 1500[1]
master: collecting remote 2250[2]
master: collecting remote 3000[3]
master: collecting remote 3750[4]
master: collecting remote 4500[5]
master: collecting remote 5250[6]
master: collecting remote 6000[7]
master: collecting remote 6750[8]
master: collecting remote 7500[9]
 === Time spent: 65.709737 seconds
 ====================== Congradulations! Matrix Multiplication successfully performed =================== 
 ====================== Congradulations! Matrix Multiplication successfully performed =================== 
 ====================== Congradulations! Matrix Multiplication successfully performed =================== 
 ====================== Congradulations! Matrix Multiplication successfully performed =================== 
terminating matrix workers...
 =========== SUCCESS =============
 ===== launching single host matrix multiplication program ===== 
 # MPI Groups:3
 # Threads per group:4
 # SIZE:8000
 # G:   750
 ###########################
 ** Launching SynergyWrapper process@2...
 ** Launching SynergyWrapper process@3...
ts: attempting to receive an integer
ts: local tsd is master
Sending part 750[0]
Sending part 1500[1]
Sending part 2250[2]
Sending part 3000[3]
Sending part 3750[4]
Sending part 4500[5]
Sending part 5250[6]
Sending part 6000[7]
Sending part 6750[8]
Sending part 7500[9]
master: synchronizing
Client[1]: sending back to master
Client[2]: sending back to master
Client[3]: sending back to master
master: collecting remote 750[0]
master: collecting remote 1500[1]
master: collecting remote 2250[2]
master: collecting remote 3000[3]
master: collecting remote 3750[4]
master: collecting remote 4500[5]
master: collecting remote 5250[6]
master: collecting remote 6000[7]
master: collecting remote 6750[8]
master: collecting remote 7500[9]
 === Time spent: 67.247712 seconds
 ====================== Congradulations! Matrix Multiplication successfully performed =================== 
 ====================== Congradulations! Matrix Multiplication successfully performed =================== 
 ====================== Congradulations! Matrix Multiplication successfully performed =================== 
 ====================== Congradulations! Matrix Multiplication successfully performed =================== 
terminating matrix workers...
 =========== SUCCESS =============
