 ===== launching single host matrix multiplication program ===== 
 # MPI Groups:3
 # Threads per group:4
 # SIZE:8000
 # G:   2000
 ###########################
 ** Launching SynergyWrapper process@2...
 ** Launching SynergyWrapper process@3...
ts: attempting to receive an integer
ts: local tsd is master
Sending part 2000[0]
Sending part 4000[1]
Sending part 6000[2]
master: synchronizing
Client[1]: sending back to master
Client[3]: sending back to master
Client[2]: sending back to master
master: collecting remote 2000[0]
master: collecting remote 4000[1]
master: collecting remote 6000[2]
 === Time spent: 68.760326 seconds
 ====================== Congradulations! Matrix Multiplication successfully performed =================== 
 ====================== Congradulations! Matrix Multiplication successfully performed =================== 
 ====================== Congradulations! Matrix Multiplication successfully performed =================== 
 ====================== Congradulations! Matrix Multiplication successfully performed =================== 
terminating matrix workers...
 =========== SUCCESS =============
 ===== launching single host matrix multiplication program ===== 
 # MPI Groups:3
 # Threads per group:4
 # SIZE:8000
 # G:   2000
 ###########################
 ** Launching SynergyWrapper process@2...
 ** Launching SynergyWrapper process@3...
ts: attempting to receive an integer
ts: local tsd is master
Sending part 2000[0]
Sending part 4000[1]
Sending part 6000[2]
master: synchronizing
Client[1]: sending back to master
Client[2]: sending back to master
Client[3]: sending back to master
master: collecting remote 2000[0]
master: collecting remote 4000[1]
master: collecting remote 6000[2]
 === Time spent: 70.856588 seconds
 ====================== Congradulations! Matrix Multiplication successfully performed =================== 
 ====================== Congradulations! Matrix Multiplication successfully performed =================== 
 ====================== Congradulations! Matrix Multiplication successfully performed =================== 
 ====================== Congradulations! Matrix Multiplication successfully performed =================== 
terminating matrix workers...
 =========== SUCCESS =============
