 ===== launching single host matrix multiplication program ===== 
 # MPI Groups:3
 # Threads per group:5
 # SIZE:8000
 # G:   500
 ###########################
 ** Launching SynergyWrapper process@2...
 ** Launching SynergyWrapper process@3...
ts: attempting to receive an integer
ts: local tsd is master
Sending part 500[0]
Sending part 1000[1]
Sending part 1500[2]
Sending part 2000[3]
Sending part 2500[4]
Sending part 3000[5]
Sending part 3500[6]
Sending part 4000[7]
Sending part 4500[8]
Sending part 5000[9]
Sending part 5500[10]
Sending part 6000[11]
Sending part 6500[12]
Sending part 7000[13]
Sending part 7500[14]
master: synchronizing
Client[2]: sending back to master
Client[3]: sending back to master
Client[4]: sending back to master
Client[1]: sending back to master
master: collecting remote 500[0]
master: collecting remote 1000[1]
master: collecting remote 1500[2]
master: collecting remote 2000[3]
master: collecting remote 2500[4]
master: collecting remote 3000[5]
master: collecting remote 3500[6]
master: collecting remote 4000[7]
master: collecting remote 4500[8]
master: collecting remote 5000[9]
master: collecting remote 5500[10]
master: collecting remote 6000[11]
master: collecting remote 6500[12]
master: collecting remote 7000[13]
master: collecting remote 7500[14]
 === Time spent: 59.352767 seconds
 ====================== Congradulations! Matrix Multiplication successfully performed =================== 
 ====================== Congradulations! Matrix Multiplication successfully performed =================== 
 ====================== Congradulations! Matrix Multiplication successfully performed =================== 
 ====================== Congradulations! Matrix Multiplication successfully performed =================== 
 ====================== Congradulations! Matrix Multiplication successfully performed =================== 
terminating matrix workers...
 =========== SUCCESS =============
 ===== launching single host matrix multiplication program ===== 
 # MPI Groups:3
 # Threads per group:5
 # SIZE:8000
 # G:   500
 ###########################
 ** Launching SynergyWrapper process@2...
 ** Launching SynergyWrapper process@3...
ts: attempting to receive an integer
ts: local tsd is master
Sending part 500[0]
Sending part 1000[1]
Sending part 1500[2]
Sending part 2000[3]
Sending part 2500[4]
Sending part 3000[5]
Sending part 3500[6]
Sending part 4000[7]
Sending part 4500[8]
Sending part 5000[9]
Sending part 5500[10]
Sending part 6000[11]
Sending part 6500[12]
Sending part 7000[13]
Sending part 7500[14]
master: synchronizing
Client[3]: sending back to master
Client[4]: sending back to master
Client[1]: sending back to master
Client[2]: sending back to master
master: collecting remote 500[0]
master: collecting remote 1000[1]
master: collecting remote 1500[2]
master: collecting remote 2000[3]
master: collecting remote 2500[4]
master: collecting remote 3000[5]
master: collecting remote 3500[6]
master: collecting remote 4000[7]
master: collecting remote 4500[8]
master: collecting remote 5000[9]
master: collecting remote 5500[10]
master: collecting remote 6000[11]
master: collecting remote 6500[12]
master: collecting remote 7000[13]
master: collecting remote 7500[14]
 === Time spent: 61.087488 seconds
 ====================== Congradulations! Matrix Multiplication successfully performed =================== 
 ====================== Congradulations! Matrix Multiplication successfully performed =================== 
 ====================== Congradulations! Matrix Multiplication successfully performed =================== 
 ====================== Congradulations! Matrix Multiplication successfully performed =================== 
 ====================== Congradulations! Matrix Multiplication successfully performed =================== 
terminating matrix workers...
 =========== SUCCESS =============
