 ===== launching single host matrix multiplication program ===== 
 # MPI Groups:3
 # Threads per group:4
 # SIZE:8000
 # G:   1250
 ###########################
 ** Launching SynergyWrapper process@2...
 ** Launching SynergyWrapper process@3...
ts: attempting to receive an integer
ts: local tsd is master
Sending part 1250[0]
Sending part 2500[1]
Sending part 3750[2]
Sending part 5000[3]
Sending part 6250[4]
Sending part 7500[5]
master: synchronizing
Client[1]: sending back to master
Client[2]: sending back to master
Client[3]: sending back to master
master: collecting remote 1250[0]
master: collecting remote 2500[1]
master: collecting remote 3750[2]
master: collecting remote 5000[3]
master: collecting remote 6250[4]
master: collecting remote 7500[5]
 === Time spent: 65.946753 seconds
 ====================== Congradulations! Matrix Multiplication successfully performed =================== 
 ====================== Congradulations! Matrix Multiplication successfully performed =================== 
 ====================== Congradulations! Matrix Multiplication successfully performed =================== 
 ====================== Congradulations! Matrix Multiplication successfully performed =================== 
terminating matrix workers...
 =========== SUCCESS =============
 ===== launching single host matrix multiplication program ===== 
 # MPI Groups:3
 # Threads per group:4
 # SIZE:8000
 # G:   1250
 ###########################
 ** Launching SynergyWrapper process@2...
 ** Launching SynergyWrapper process@3...
ts: attempting to receive an integer
ts: local tsd is master
Sending part 1250[0]
Sending part 2500[1]
Sending part 3750[2]
Sending part 5000[3]
Sending part 6250[4]
Sending part 7500[5]
master: synchronizing
Client[1]: sending back to master
Client[2]: sending back to master
Client[3]: sending back to master
master: collecting remote 1250[0]
master: collecting remote 2500[1]
master: collecting remote 3750[2]
master: collecting remote 5000[3]
master: collecting remote 6250[4]
master: collecting remote 7500[5]
 === Time spent: 67.486456 seconds
 ====================== Congradulations! Matrix Multiplication successfully performed =================== 
 ====================== Congradulations! Matrix Multiplication successfully performed =================== 
 ====================== Congradulations! Matrix Multiplication successfully performed =================== 
 ====================== Congradulations! Matrix Multiplication successfully performed =================== 
terminating matrix workers...
 =========== SUCCESS =============
