 ===== launching single host matrix multiplication program ===== 
 # MPI Groups:3
 # Threads per group:4
 # SIZE:8000
 # G:   1150
 ###########################
 ** Launching SynergyWrapper process@2...
 ** Launching SynergyWrapper process@3...
ts: attempting to receive an integer
ts: local tsd is master
Sending part 1150[0]
Sending part 2300[1]
Sending part 3450[2]
Sending part 4600[3]
Sending part 5750[4]
Sending part 6900[5]
master: synchronizing
Client[1]: sending back to master
Client[2]: sending back to master
Client[3]: sending back to master
master: collecting remote 1150[0]
master: collecting remote 2300[1]
master: collecting remote 3450[2]
master: collecting remote 4600[3]
master: collecting remote 5750[4]
master: collecting remote 6900[5]
 === Time spent: 60.089251 seconds
 ====================== Congradulations! Matrix Multiplication successfully performed =================== 
 ====================== Congradulations! Matrix Multiplication successfully performed =================== 
 ====================== Congradulations! Matrix Multiplication successfully performed =================== 
 ====================== Congradulations! Matrix Multiplication successfully performed =================== 
terminating matrix workers...
 =========== SUCCESS =============
 ===== launching single host matrix multiplication program ===== 
 # MPI Groups:3
 # Threads per group:4
 # SIZE:8000
 # G:   1150
 ###########################
 ** Launching SynergyWrapper process@2...
 ** Launching SynergyWrapper process@3...
ts: attempting to receive an integer
ts: local tsd is master
Sending part 1150[0]
Sending part 2300[1]
Sending part 3450[2]
Sending part 4600[3]
Sending part 5750[4]
Sending part 6900[5]
master: synchronizing
Client[1]: sending back to master
Client[2]: sending back to master
Client[3]: sending back to master
master: collecting remote 1150[0]
master: collecting remote 2300[1]
master: collecting remote 3450[2]
master: collecting remote 4600[3]
master: collecting remote 5750[4]
master: collecting remote 6900[5]
 === Time spent: 61.981916 seconds
 ====================== Congradulations! Matrix Multiplication successfully performed =================== 
 ====================== Congradulations! Matrix Multiplication successfully performed =================== 
 ====================== Congradulations! Matrix Multiplication successfully performed =================== 
 ====================== Congradulations! Matrix Multiplication successfully performed =================== 
terminating matrix workers...
 =========== SUCCESS =============
