 ===== launching single host matrix multiplication program ===== 
 # MPI Groups:9
 # Threads per group:14
 # SIZE:8000
 # G:   300
 ###########################
 ** Launching SynergyWrapper process@2...
 ** Launching SynergyWrapper process@3...
 ** Launching SynergyWrapper process@4...
 ** Launching SynergyWrapper process@5...
 ** Launching SynergyWrapper process@6...
 ** Launching SynergyWrapper process@7...
 ** Launching SynergyWrapper process@8...
 ** Launching SynergyWrapper process@9...
ts: attempting to receive an integer
ts: local tsd is master
Sending part 300[0]
Sending part 600[1]
Sending part 900[2]
Sending part 1200[3]
Sending part 1500[4]
Sending part 1800[5]
Sending part 2100[6]
Sending part 2400[7]
Sending part 2700[8]
Sending part 3000[9]
Sending part 3300[10]
Sending part 3600[11]
Sending part 3900[12]
Sending part 4200[13]
Sending part 4500[14]
Sending part 4800[15]
Sending part 5100[16]
Sending part 5400[17]
Sending part 5700[18]
Sending part 6000[19]
Sending part 6300[20]
Sending part 6600[21]
Sending part 6900[22]
Sending part 7200[23]
Sending part 7500[24]
Sending part 7800[25]
master: synchronizing
Client[1]: sending back to master
Client[2]: sending back to master
Client[3]: sending back to master
Client[4]: sending back to master
Client[5]: sending back to master
Client[6]: sending back to master
Client[7]: sending back to master
Client[8]: sending back to master
Client[9]: sending back to master
Client[10]: sending back to master
Client[11]: sending back to master
Client[12]: sending back to master
Client[13]: sending back to master
master: collecting remote 300[0]
master: collecting remote 600[1]
master: collecting remote 900[2]
master: collecting remote 1200[3]
master: collecting remote 1500[4]
master: collecting remote 1800[5]
master: collecting remote 2100[6]
master: collecting remote 2400[7]
master: collecting remote 2700[8]
master: collecting remote 3000[9]
master: collecting remote 3300[10]
master: collecting remote 3600[11]
master: collecting remote 3900[12]
master: collecting remote 4200[13]
master: collecting remote 4500[14]
master: collecting remote 4800[15]
master: collecting remote 5100[16]
master: collecting remote 5400[17]
master: collecting remote 5700[18]
master: collecting remote 6000[19]
master: collecting remote 6300[20]
master: collecting remote 6600[21]
master: collecting remote 6900[22]
master: collecting remote 7200[23]
master: collecting remote 7500[24]
master: collecting remote 7800[25]
 === Time spent: 17.544368 seconds
 ====================== Congradulations! Matrix Multiplication successfully performed =================== 
 ====================== Congradulations! Matrix Multiplication successfully performed =================== 
 ====================== Congradulations! Matrix Multiplication successfully performed =================== 
 ====================== Congradulations! Matrix Multiplication successfully performed =================== 
 ====================== Congradulations! Matrix Multiplication successfully performed =================== 
 ====================== Congradulations! Matrix Multiplication successfully performed =================== 
 ====================== Congradulations! Matrix Multiplication successfully performed =================== 
 ====================== Congradulations! Matrix Multiplication successfully performed =================== 
 ====================== Congradulations! Matrix Multiplication successfully performed =================== 
 ====================== Congradulations! Matrix Multiplication successfully performed =================== 
 ====================== Congradulations! Matrix Multiplication successfully performed =================== 
 ====================== Congradulations! Matrix Multiplication successfully performed =================== 
 ====================== Congradulations! Matrix Multiplication successfully performed =================== 
 ====================== Congradulations! Matrix Multiplication successfully performed =================== 
terminating matrix workers...
