 ===== launching single host matrix multiplication program ===== 
 # MPI Groups:3
 # Threads per group:4
 # SIZE:8000
 # G:   1400
 ###########################
 ** Launching SynergyWrapper process@2...
 ** Launching SynergyWrapper process@3...
ts: attempting to receive an integer
ts: local tsd is master
Sending part 1400[0]
Sending part 2800[1]
Sending part 4200[2]
Sending part 5600[3]
Sending part 7000[4]
master: synchronizing
Client[1]: sending back to master
Client[2]: sending back to master
Client[3]: sending back to master
master: collecting remote 1400[0]
master: collecting remote 2800[1]
master: collecting remote 4200[2]
master: collecting remote 5600[3]
master: collecting remote 7000[4]
 === Time spent: 72.498517 seconds
 ====================== Congradulations! Matrix Multiplication successfully performed =================== 
 ====================== Congradulations! Matrix Multiplication successfully performed =================== 
 ====================== Congradulations! Matrix Multiplication successfully performed =================== 
 ====================== Congradulations! Matrix Multiplication successfully performed =================== 
terminating matrix workers...
 =========== SUCCESS =============
 ===== launching single host matrix multiplication program ===== 
 # MPI Groups:3
 # Threads per group:4
 # SIZE:8000
 # G:   1400
 ###########################
 ** Launching SynergyWrapper process@2...
 ** Launching SynergyWrapper process@3...
ts: attempting to receive an integer
ts: local tsd is master
Sending part 1400[0]
Sending part 2800[1]
Sending part 4200[2]
Sending part 5600[3]
Sending part 7000[4]
master: synchronizing
Client[1]: sending back to master
Client[2]: sending back to master
Client[3]: sending back to master
master: collecting remote 1400[0]
master: collecting remote 2800[1]
master: collecting remote 4200[2]
master: collecting remote 5600[3]
master: collecting remote 7000[4]
 === Time spent: 74.246537 seconds
 ====================== Congradulations! Matrix Multiplication successfully performed =================== 
 ====================== Congradulations! Matrix Multiplication successfully performed =================== 
 ====================== Congradulations! Matrix Multiplication successfully performed =================== 
 ====================== Congradulations! Matrix Multiplication successfully performed =================== 
terminating matrix workers...
 =========== SUCCESS =============
