 ===== launching single host matrix multiplication program ===== 
 # MPI Groups:3
 # Threads per group:5
 # SIZE:8000
 # G:   1450
 ###########################
 ** Launching SynergyWrapper process@2...
 ** Launching SynergyWrapper process@3...
ts: attempting to receive an integer
ts: local tsd is master
Sending part 1450[0]
Sending part 2900[1]
Sending part 4350[2]
Sending part 5800[3]
Sending part 7250[4]
master: synchronizing
Client[2]: sending back to master
Client[1]: sending back to master
Client[3]: sending back to master
Client[4]: sending back to master
master: collecting remote 1450[0]
master: collecting remote 2900[1]
master: collecting remote 4350[2]
master: collecting remote 5800[3]
master: collecting remote 7250[4]
 === Time spent: 63.580623 seconds
 ====================== Congradulations! Matrix Multiplication successfully performed =================== 
 ====================== Congradulations! Matrix Multiplication successfully performed =================== 
 ====================== Congradulations! Matrix Multiplication successfully performed =================== 
 ====================== Congradulations! Matrix Multiplication successfully performed =================== 
 ====================== Congradulations! Matrix Multiplication successfully performed =================== 
terminating matrix workers...
 =========== SUCCESS =============
 ===== launching single host matrix multiplication program ===== 
 # MPI Groups:3
 # Threads per group:5
 # SIZE:8000
 # G:   1450
 ###########################
 ** Launching SynergyWrapper process@2...
 ** Launching SynergyWrapper process@3...
ts: attempting to receive an integer
ts: local tsd is master
Sending part 1450[0]
Sending part 2900[1]
Sending part 4350[2]
Sending part 5800[3]
Sending part 7250[4]
master: synchronizing
Client[2]: sending back to master
Client[4]: sending back to master
Client[3]: sending back to master
Client[1]: sending back to master
master: collecting remote 1450[0]
master: collecting remote 2900[1]
master: collecting remote 4350[2]
master: collecting remote 5800[3]
master: collecting remote 7250[4]
 === Time spent: 65.416701 seconds
 ====================== Congradulations! Matrix Multiplication successfully performed =================== 
 ====================== Congradulations! Matrix Multiplication successfully performed =================== 
 ====================== Congradulations! Matrix Multiplication successfully performed =================== 
 ====================== Congradulations! Matrix Multiplication successfully performed =================== 
 ====================== Congradulations! Matrix Multiplication successfully performed =================== 
terminating matrix workers...
 =========== SUCCESS =============
