 ===== launching single host matrix multiplication program ===== 
 # MPI Groups:3
 # Threads per group:4
 # SIZE:8000
 # G:   1550
 ###########################
 ** Launching SynergyWrapper process@2...
 ** Launching SynergyWrapper process@3...
ts: attempting to receive an integer
ts: local tsd is master
Sending part 1550[0]
Sending part 3100[1]
Sending part 4650[2]
Sending part 6200[3]
Sending part 7750[4]
master: synchronizing
Client[1]: sending back to master
Client[3]: sending back to master
Client[2]: sending back to master
master: collecting remote 1550[0]
master: collecting remote 3100[1]
master: collecting remote 4650[2]
master: collecting remote 6200[3]
master: collecting remote 7750[4]
 === Time spent: 80.672351 seconds
 ====================== Congradulations! Matrix Multiplication successfully performed =================== 
 ====================== Congradulations! Matrix Multiplication successfully performed =================== 
 ====================== Congradulations! Matrix Multiplication successfully performed =================== 
 ====================== Congradulations! Matrix Multiplication successfully performed =================== 
terminating matrix workers...
 =========== SUCCESS =============
 ===== launching single host matrix multiplication program ===== 
 # MPI Groups:3
 # Threads per group:4
 # SIZE:8000
 # G:   1550
 ###########################
 ** Launching SynergyWrapper process@2...
 ** Launching SynergyWrapper process@3...
ts: attempting to receive an integer
ts: local tsd is master
Sending part 1550[0]
Sending part 3100[1]
Sending part 4650[2]
Sending part 6200[3]
Sending part 7750[4]
master: synchronizing
Client[1]: sending back to master
Client[2]: sending back to master
Client[3]: sending back to master
master: collecting remote 1550[0]
master: collecting remote 3100[1]
master: collecting remote 4650[2]
master: collecting remote 6200[3]
master: collecting remote 7750[4]
 === Time spent: 80.846819 seconds
 ====================== Congradulations! Matrix Multiplication successfully performed =================== 
 ====================== Congradulations! Matrix Multiplication successfully performed =================== 
 ====================== Congradulations! Matrix Multiplication successfully performed =================== 
 ====================== Congradulations! Matrix Multiplication successfully performed =================== 
terminating matrix workers...
 =========== SUCCESS =============
