 ===== launching single host matrix multiplication program ===== 
 # MPI Groups:3
 # Threads per group:4
 # SIZE:8000
 # G:   1300
 ###########################
 ** Launching SynergyWrapper process@2...
 ** Launching SynergyWrapper process@3...
ts: attempting to receive an integer
ts: local tsd is master
Sending part 1300[0]
Sending part 2600[1]
Sending part 3900[2]
Sending part 5200[3]
Sending part 6500[4]
Sending part 7800[5]
master: synchronizing
Client[1]: sending back to master
Client[2]: sending back to master
Client[3]: sending back to master
master: collecting remote 1300[0]
master: collecting remote 2600[1]
master: collecting remote 3900[2]
master: collecting remote 5200[3]
master: collecting remote 6500[4]
master: collecting remote 7800[5]
 === Time spent: 68.481242 seconds
 ====================== Congradulations! Matrix Multiplication successfully performed =================== 
 ====================== Congradulations! Matrix Multiplication successfully performed =================== 
 ====================== Congradulations! Matrix Multiplication successfully performed =================== 
 ====================== Congradulations! Matrix Multiplication successfully performed =================== 
terminating matrix workers...
 =========== SUCCESS =============
 ===== launching single host matrix multiplication program ===== 
 # MPI Groups:3
 # Threads per group:4
 # SIZE:8000
 # G:   1300
 ###########################
 ** Launching SynergyWrapper process@2...
 ** Launching SynergyWrapper process@3...
ts: attempting to receive an integer
ts: local tsd is master
Sending part 1300[0]
Sending part 2600[1]
Sending part 3900[2]
Sending part 5200[3]
Sending part 6500[4]
Sending part 7800[5]
master: synchronizing
Client[1]: sending back to master
Client[2]: sending back to master
Client[3]: sending back to master
master: collecting remote 1300[0]
master: collecting remote 2600[1]
master: collecting remote 3900[2]
master: collecting remote 5200[3]
master: collecting remote 6500[4]
master: collecting remote 7800[5]
 === Time spent: 69.972904 seconds
 ====================== Congradulations! Matrix Multiplication successfully performed =================== 
 ====================== Congradulations! Matrix Multiplication successfully performed =================== 
 ====================== Congradulations! Matrix Multiplication successfully performed =================== 
 ====================== Congradulations! Matrix Multiplication successfully performed =================== 
terminating matrix workers...
 =========== SUCCESS =============
