 ===== launching single host matrix multiplication program ===== 
 # MPI Groups:3
 # Threads per group:4
 # SIZE:8000
 # G:   900
 ###########################
 ** Launching SynergyWrapper process@2...
 ** Launching SynergyWrapper process@3...
ts: attempting to receive an integer
ts: local tsd is master
Sending part 900[0]
Sending part 1800[1]
Sending part 2700[2]
Sending part 3600[3]
Sending part 4500[4]
Sending part 5400[5]
Sending part 6300[6]
Sending part 7200[7]
master: synchronizing
Client[1]: sending back to master
Client[2]: sending back to master
Client[3]: sending back to master
master: collecting remote 900[0]
master: collecting remote 1800[1]
master: collecting remote 2700[2]
master: collecting remote 3600[3]
master: collecting remote 4500[4]
master: collecting remote 5400[5]
master: collecting remote 6300[6]
master: collecting remote 7200[7]
 === Time spent: 63.947853 seconds
 ====================== Congradulations! Matrix Multiplication successfully performed =================== 
 ====================== Congradulations! Matrix Multiplication successfully performed =================== 
 ====================== Congradulations! Matrix Multiplication successfully performed =================== 
 ====================== Congradulations! Matrix Multiplication successfully performed =================== 
terminating matrix workers...
 =========== SUCCESS =============
 ===== launching single host matrix multiplication program ===== 
 # MPI Groups:3
 # Threads per group:4
 # SIZE:8000
 # G:   900
 ###########################
 ** Launching SynergyWrapper process@2...
 ** Launching SynergyWrapper process@3...
ts: attempting to receive an integer
ts: local tsd is master
Sending part 900[0]
Sending part 1800[1]
Sending part 2700[2]
Sending part 3600[3]
Sending part 4500[4]
Sending part 5400[5]
Sending part 6300[6]
Sending part 7200[7]
master: synchronizing
Client[1]: sending back to master
Client[2]: sending back to master
Client[3]: sending back to master
master: collecting remote 900[0]
master: collecting remote 1800[1]
master: collecting remote 2700[2]
master: collecting remote 3600[3]
master: collecting remote 4500[4]
master: collecting remote 5400[5]
master: collecting remote 6300[6]
master: collecting remote 7200[7]
 === Time spent: 64.690323 seconds
 ====================== Congradulations! Matrix Multiplication successfully performed =================== 
 ====================== Congradulations! Matrix Multiplication successfully performed =================== 
 ====================== Congradulations! Matrix Multiplication successfully performed =================== 
 ====================== Congradulations! Matrix Multiplication successfully performed =================== 
terminating matrix workers...
 =========== SUCCESS =============
