 ===== launching single host matrix multiplication program ===== 
 # MPI Groups:3
 # Threads per group:5
 # SIZE:8000
 # G:   1700
 ###########################
 ** Launching SynergyWrapper process@2...
 ** Launching SynergyWrapper process@3...
ts: attempting to receive an integer
ts: local tsd is master
Sending part 1700[0]
Sending part 3400[1]
Sending part 5100[2]
Sending part 6800[3]
master: synchronizing
Client[2]: sending back to master
Client[3]: sending back to master
Client[4]: sending back to master
Client[1]: sending back to master
master: collecting remote 1700[0]
master: collecting remote 3400[1]
master: collecting remote 5100[2]
master: collecting remote 6800[3]
 === Time spent: 50.917358 seconds
 ====================== Congradulations! Matrix Multiplication successfully performed =================== 
 ====================== Congradulations! Matrix Multiplication successfully performed =================== 
 ====================== Congradulations! Matrix Multiplication successfully performed =================== 
 ====================== Congradulations! Matrix Multiplication successfully performed =================== 
 ====================== Congradulations! Matrix Multiplication successfully performed =================== 
terminating matrix workers...
 =========== SUCCESS =============
 ===== launching single host matrix multiplication program ===== 
 # MPI Groups:3
 # Threads per group:5
 # SIZE:8000
 # G:   1700
 ###########################
 ** Launching SynergyWrapper process@2...
 ** Launching SynergyWrapper process@3...
ts: attempting to receive an integer
ts: local tsd is master
Sending part 1700[0]
Sending part 3400[1]
Sending part 5100[2]
Sending part 6800[3]
master: synchronizing
Client[2]: sending back to master
Client[1]: sending back to master
Client[3]: sending back to master
Client[4]: sending back to master
master: collecting remote 1700[0]
master: collecting remote 3400[1]
master: collecting remote 5100[2]
master: collecting remote 6800[3]
 === Time spent: 52.614829 seconds
 ====================== Congradulations! Matrix Multiplication successfully performed =================== 
 ====================== Congradulations! Matrix Multiplication successfully performed =================== 
 ====================== Congradulations! Matrix Multiplication successfully performed =================== 
 ====================== Congradulations! Matrix Multiplication successfully performed =================== 
 ====================== Congradulations! Matrix Multiplication successfully performed =================== 
terminating matrix workers...
 =========== SUCCESS =============
