 ===== launching single host matrix multiplication program ===== 
 # MPI Groups:3
 # Threads per group:4
 # SIZE:8000
 # G:   800
 ###########################
 ** Launching SynergyWrapper process@2...
 ** Launching SynergyWrapper process@3...
ts: attempting to receive an integer
ts: local tsd is master
Sending part 800[0]
Sending part 1600[1]
Sending part 2400[2]
Sending part 3200[3]
Sending part 4000[4]
Sending part 4800[5]
Sending part 5600[6]
Sending part 6400[7]
Sending part 7200[8]
master: synchronizing
Client[1]: sending back to master
Client[2]: sending back to master
Client[3]: sending back to master
master: collecting remote 800[0]
master: collecting remote 1600[1]
master: collecting remote 2400[2]
master: collecting remote 3200[3]
master: collecting remote 4000[4]
master: collecting remote 4800[5]
master: collecting remote 5600[6]
master: collecting remote 6400[7]
master: collecting remote 7200[8]
 === Time spent: 68.714781 seconds
 ====================== Congradulations! Matrix Multiplication successfully performed =================== 
 ====================== Congradulations! Matrix Multiplication successfully performed =================== 
 ====================== Congradulations! Matrix Multiplication successfully performed =================== 
 ====================== Congradulations! Matrix Multiplication successfully performed =================== 
terminating matrix workers...
 =========== SUCCESS =============
 ===== launching single host matrix multiplication program ===== 
 # MPI Groups:3
 # Threads per group:4
 # SIZE:8000
 # G:   800
 ###########################
 ** Launching SynergyWrapper process@2...
 ** Launching SynergyWrapper process@3...
ts: attempting to receive an integer
ts: local tsd is master
Sending part 800[0]
Sending part 1600[1]
Sending part 2400[2]
Sending part 3200[3]
Sending part 4000[4]
Sending part 4800[5]
Sending part 5600[6]
Sending part 6400[7]
Sending part 7200[8]
master: synchronizing
Client[1]: sending back to master
Client[2]: sending back to master
Client[3]: sending back to master
master: collecting remote 800[0]
master: collecting remote 1600[1]
master: collecting remote 2400[2]
master: collecting remote 3200[3]
master: collecting remote 4000[4]
master: collecting remote 4800[5]
master: collecting remote 5600[6]
master: collecting remote 6400[7]
master: collecting remote 7200[8]
 === Time spent: 71.347660 seconds
 ====================== Congradulations! Matrix Multiplication successfully performed =================== 
 ====================== Congradulations! Matrix Multiplication successfully performed =================== 
 ====================== Congradulations! Matrix Multiplication successfully performed =================== 
 ====================== Congradulations! Matrix Multiplication successfully performed =================== 
terminating matrix workers...
 =========== SUCCESS =============
