 ===== launching single host matrix multiplication program ===== 
 # MPI Groups:3
 # Threads per group:6
 # SIZE:8000
 # G:   400
 ###########################
 ** Launching SynergyWrapper process@2...
 ** Launching SynergyWrapper process@3...
ts: attempting to receive an integer
ts: local tsd is master
Sending part 400[0]
Sending part 800[1]
Sending part 1200[2]
Sending part 1600[3]
Sending part 2000[4]
Sending part 2400[5]
Sending part 2800[6]
Sending part 3200[7]
Sending part 3600[8]
Sending part 4000[9]
Sending part 4400[10]
Sending part 4800[11]
Sending part 5200[12]
Sending part 5600[13]
Sending part 6000[14]
Sending part 6400[15]
Sending part 6800[16]
Sending part 7200[17]
Sending part 7600[18]
master: synchronizing
Client[1]: sending back to master
Client[2]: sending back to master
Client[3]: sending back to master
Client[4]: sending back to master
Client[5]: sending back to master
master: collecting remote 400[0]
master: collecting remote 800[1]
master: collecting remote 1200[2]
master: collecting remote 1600[3]
master: collecting remote 2000[4]
master: collecting remote 2400[5]
master: collecting remote 2800[6]
master: collecting remote 3200[7]
master: collecting remote 3600[8]
master: collecting remote 4000[9]
master: collecting remote 4400[10]
master: collecting remote 4800[11]
master: collecting remote 5200[12]
master: collecting remote 5600[13]
master: collecting remote 6000[14]
master: collecting remote 6400[15]
master: collecting remote 6800[16]
master: collecting remote 7200[17]
master: collecting remote 7600[18]
 === Time spent: 51.111514 seconds
 ====================== Congradulations! Matrix Multiplication successfully performed =================== 
 ====================== Congradulations! Matrix Multiplication successfully performed =================== 
 ====================== Congradulations! Matrix Multiplication successfully performed =================== 
 ====================== Congradulations! Matrix Multiplication successfully performed =================== 
 ====================== Congradulations! Matrix Multiplication successfully performed =================== 
 ====================== Congradulations! Matrix Multiplication successfully performed =================== 
terminating matrix workers...
 =========== SUCCESS =============
 ===== launching single host matrix multiplication program ===== 
 # MPI Groups:3
 # Threads per group:6
 # SIZE:8000
 # G:   400
 ###########################
 ** Launching SynergyWrapper process@2...
 ** Launching SynergyWrapper process@3...
ts: attempting to receive an integer
ts: local tsd is master
Sending part 400[0]
Sending part 800[1]
Sending part 1200[2]
Sending part 1600[3]
Sending part 2000[4]
Sending part 2400[5]
Sending part 2800[6]
Sending part 3200[7]
Sending part 3600[8]
Sending part 4000[9]
Sending part 4400[10]
Sending part 4800[11]
Sending part 5200[12]
Sending part 5600[13]
Sending part 6000[14]
Sending part 6400[15]
Sending part 6800[16]
Sending part 7200[17]
Sending part 7600[18]
master: synchronizing
Client[1]: sending back to master
Client[2]: sending back to master
Client[3]: sending back to master
Client[4]: sending back to master
Client[5]: sending back to master
master: collecting remote 400[0]
master: collecting remote 800[1]
master: collecting remote 1200[2]
master: collecting remote 1600[3]
master: collecting remote 2000[4]
master: collecting remote 2400[5]
master: collecting remote 2800[6]
master: collecting remote 3200[7]
master: collecting remote 3600[8]
master: collecting remote 4000[9]
master: collecting remote 4400[10]
master: collecting remote 4800[11]
master: collecting remote 5200[12]
master: collecting remote 5600[13]
master: collecting remote 6000[14]
master: collecting remote 6400[15]
master: collecting remote 6800[16]
master: collecting remote 7200[17]
master: collecting remote 7600[18]
 === Time spent: 52.584349 seconds
 ====================== Congradulations! Matrix Multiplication successfully performed =================== 
 ====================== Congradulations! Matrix Multiplication successfully performed =================== 
 ====================== Congradulations! Matrix Multiplication successfully performed =================== 
 ====================== Congradulations! Matrix Multiplication successfully performed =================== 
 ====================== Congradulations! Matrix Multiplication successfully performed =================== 
 ====================== Congradulations! Matrix Multiplication successfully performed =================== 
terminating matrix workers...
 =========== SUCCESS =============
