 ===== launching single host matrix multiplication program ===== 
 # MPI Groups:3
 # Threads per group:4
 # SIZE:8000
 # G:   1500
 ###########################
 ** Launching SynergyWrapper process@2...
 ** Launching SynergyWrapper process@3...
ts: attempting to receive an integer
ts: local tsd is master
Sending part 1500[0]
Sending part 3000[1]
Sending part 4500[2]
Sending part 6000[3]
Sending part 7500[4]
master: synchronizing
Client[1]: sending back to master
Client[2]: sending back to master
Client[3]: sending back to master
master: collecting remote 1500[0]
master: collecting remote 3000[1]
master: collecting remote 4500[2]
master: collecting remote 6000[3]
master: collecting remote 7500[4]
 === Time spent: 76.880145 seconds
 ====================== Congradulations! Matrix Multiplication successfully performed =================== 
 ====================== Congradulations! Matrix Multiplication successfully performed =================== 
 ====================== Congradulations! Matrix Multiplication successfully performed =================== 
 ====================== Congradulations! Matrix Multiplication successfully performed =================== 
terminating matrix workers...
 =========== SUCCESS =============
 ===== launching single host matrix multiplication program ===== 
 # MPI Groups:3
 # Threads per group:4
 # SIZE:8000
 # G:   1500
 ###########################
 ** Launching SynergyWrapper process@2...
 ** Launching SynergyWrapper process@3...
ts: attempting to receive an integer
ts: local tsd is master
Sending part 1500[0]
Sending part 3000[1]
Sending part 4500[2]
Sending part 6000[3]
Sending part 7500[4]
master: synchronizing
Client[1]: sending back to master
Client[3]: sending back to master
Client[2]: sending back to master
master: collecting remote 1500[0]
master: collecting remote 3000[1]
master: collecting remote 4500[2]
master: collecting remote 6000[3]
master: collecting remote 7500[4]
 === Time spent: 79.495522 seconds
 ====================== Congradulations! Matrix Multiplication successfully performed =================== 
 ====================== Congradulations! Matrix Multiplication successfully performed =================== 
 ====================== Congradulations! Matrix Multiplication successfully performed =================== 
 ====================== Congradulations! Matrix Multiplication successfully performed =================== 
terminating matrix workers...
 =========== SUCCESS =============
