 ===== launching single host matrix multiplication program ===== 
 # MPI Groups:3
 # Threads per group:4
 # SIZE:8000
 # G:   950
 ###########################
 ** Launching SynergyWrapper process@2...
 ** Launching SynergyWrapper process@3...
ts: attempting to receive an integer
ts: local tsd is master
Sending part 950[0]
Sending part 1900[1]
Sending part 2850[2]
Sending part 3800[3]
Sending part 4750[4]
Sending part 5700[5]
Sending part 6650[6]
Sending part 7600[7]
master: synchronizing
Client[1]: sending back to master
Client[2]: sending back to master
Client[3]: sending back to master
master: collecting remote 950[0]
master: collecting remote 1900[1]
master: collecting remote 2850[2]
master: collecting remote 3800[3]
master: collecting remote 4750[4]
master: collecting remote 5700[5]
master: collecting remote 6650[6]
master: collecting remote 7600[7]
 === Time spent: 67.024441 seconds
 ====================== Congradulations! Matrix Multiplication successfully performed =================== 
 ====================== Congradulations! Matrix Multiplication successfully performed =================== 
 ====================== Congradulations! Matrix Multiplication successfully performed =================== 
 ====================== Congradulations! Matrix Multiplication successfully performed =================== 
terminating matrix workers...
 =========== SUCCESS =============
 ===== launching single host matrix multiplication program ===== 
 # MPI Groups:3
 # Threads per group:4
 # SIZE:8000
 # G:   950
 ###########################
 ** Launching SynergyWrapper process@2...
 ** Launching SynergyWrapper process@3...
ts: attempting to receive an integer
ts: local tsd is master
Sending part 950[0]
Sending part 1900[1]
Sending part 2850[2]
Sending part 3800[3]
Sending part 4750[4]
Sending part 5700[5]
Sending part 6650[6]
Sending part 7600[7]
master: synchronizing
Client[1]: sending back to master
Client[2]: sending back to master
Client[3]: sending back to master
master: collecting remote 950[0]
master: collecting remote 1900[1]
master: collecting remote 2850[2]
master: collecting remote 3800[3]
master: collecting remote 4750[4]
master: collecting remote 5700[5]
master: collecting remote 6650[6]
master: collecting remote 7600[7]
 === Time spent: 68.440482 seconds
 ====================== Congradulations! Matrix Multiplication successfully performed =================== 
 ====================== Congradulations! Matrix Multiplication successfully performed =================== 
 ====================== Congradulations! Matrix Multiplication successfully performed =================== 
 ====================== Congradulations! Matrix Multiplication successfully performed =================== 
terminating matrix workers...
 =========== SUCCESS =============
