 ===== launching single host matrix multiplication program ===== 
 # MPI Groups:3
 # Threads per group:4
 # SIZE:8000
 # G:   1100
 ###########################
 ** Launching SynergyWrapper process@2...
 ** Launching SynergyWrapper process@3...
ts: attempting to receive an integer
ts: local tsd is master
Sending part 1100[0]
Sending part 2200[1]
Sending part 3300[2]
Sending part 4400[3]
Sending part 5500[4]
Sending part 6600[5]
Sending part 7700[6]
master: synchronizing
Client[1]: sending back to master
Client[2]: sending back to master
Client[3]: sending back to master
master: collecting remote 1100[0]
master: collecting remote 2200[1]
master: collecting remote 3300[2]
master: collecting remote 4400[3]
master: collecting remote 5500[4]
master: collecting remote 6600[5]
master: collecting remote 7700[6]
 === Time spent: 76.367264 seconds
 ====================== Congradulations! Matrix Multiplication successfully performed =================== 
 ====================== Congradulations! Matrix Multiplication successfully performed =================== 
 ====================== Congradulations! Matrix Multiplication successfully performed =================== 
 ====================== Congradulations! Matrix Multiplication successfully performed =================== 
terminating matrix workers...
 =========== SUCCESS =============
 ===== launching single host matrix multiplication program ===== 
 # MPI Groups:3
 # Threads per group:4
 # SIZE:8000
 # G:   1100
 ###########################
 ** Launching SynergyWrapper process@2...
 ** Launching SynergyWrapper process@3...
ts: attempting to receive an integer
ts: local tsd is master
Sending part 1100[0]
Sending part 2200[1]
Sending part 3300[2]
Sending part 4400[3]
Sending part 5500[4]
Sending part 6600[5]
Sending part 7700[6]
master: synchronizing
Client[1]: sending back to master
Client[2]: sending back to master
Client[3]: sending back to master
master: collecting remote 1100[0]
master: collecting remote 2200[1]
master: collecting remote 3300[2]
master: collecting remote 4400[3]
master: collecting remote 5500[4]
master: collecting remote 6600[5]
master: collecting remote 7700[6]
 === Time spent: 77.379541 seconds
 ====================== Congradulations! Matrix Multiplication successfully performed =================== 
 ====================== Congradulations! Matrix Multiplication successfully performed =================== 
 ====================== Congradulations! Matrix Multiplication successfully performed =================== 
 ====================== Congradulations! Matrix Multiplication successfully performed =================== 
terminating matrix workers...
 =========== SUCCESS =============
