 ===== launching single host matrix multiplication program ===== 
 # MPI Groups:3
 # Threads per group:4
 # SIZE:8000
 # G:   350
 ###########################
 ** Launching SynergyWrapper process@2...
 ** Launching SynergyWrapper process@3...
ts: attempting to receive an integer
ts: local tsd is master
Sending part 350[0]
Sending part 700[1]
Sending part 1050[2]
Sending part 1400[3]
Sending part 1750[4]
Sending part 2100[5]
Sending part 2450[6]
Sending part 2800[7]
Sending part 3150[8]
Sending part 3500[9]
Sending part 3850[10]
Sending part 4200[11]
Sending part 4550[12]
Sending part 4900[13]
Sending part 5250[14]
Sending part 5600[15]
Sending part 5950[16]
Sending part 6300[17]
Sending part 6650[18]
Sending part 7000[19]
Sending part 7350[20]
Sending part 7700[21]
master: synchronizing
Client[1]: sending back to master
Client[2]: sending back to master
Client[3]: sending back to master
master: collecting remote 350[0]
master: collecting remote 700[1]
master: collecting remote 1050[2]
master: collecting remote 1400[3]
master: collecting remote 1750[4]
master: collecting remote 2100[5]
master: collecting remote 2450[6]
master: collecting remote 2800[7]
master: collecting remote 3150[8]
master: collecting remote 3500[9]
master: collecting remote 3850[10]
master: collecting remote 4200[11]
master: collecting remote 4550[12]
master: collecting remote 4900[13]
master: collecting remote 5250[14]
master: collecting remote 5600[15]
master: collecting remote 5950[16]
master: collecting remote 6300[17]
master: collecting remote 6650[18]
master: collecting remote 7000[19]
master: collecting remote 7350[20]
master: collecting remote 7700[21]
 === Time spent: 67.527357 seconds
 ====================== Congradulations! Matrix Multiplication successfully performed =================== 
 ====================== Congradulations! Matrix Multiplication successfully performed =================== 
 ====================== Congradulations! Matrix Multiplication successfully performed =================== 
 ====================== Congradulations! Matrix Multiplication successfully performed =================== 
terminating matrix workers...
 =========== SUCCESS =============
 ===== launching single host matrix multiplication program ===== 
 # MPI Groups:3
 # Threads per group:4
 # SIZE:8000
 # G:   350
 ###########################
 ** Launching SynergyWrapper process@2...
 ** Launching SynergyWrapper process@3...
ts: attempting to receive an integer
ts: local tsd is master
Sending part 350[0]
Sending part 700[1]
Sending part 1050[2]
Sending part 1400[3]
Sending part 1750[4]
Sending part 2100[5]
Sending part 2450[6]
Sending part 2800[7]
Sending part 3150[8]
Sending part 3500[9]
Sending part 3850[10]
Sending part 4200[11]
Sending part 4550[12]
Sending part 4900[13]
Sending part 5250[14]
Sending part 5600[15]
Sending part 5950[16]
Sending part 6300[17]
Sending part 6650[18]
Sending part 7000[19]
Sending part 7350[20]
Sending part 7700[21]
master: synchronizing
Client[1]: sending back to master
Client[2]: sending back to master
Client[3]: sending back to master
master: collecting remote 350[0]
master: collecting remote 700[1]
master: collecting remote 1050[2]
master: collecting remote 1400[3]
master: collecting remote 1750[4]
master: collecting remote 2100[5]
master: collecting remote 2450[6]
master: collecting remote 2800[7]
master: collecting remote 3150[8]
master: collecting remote 3500[9]
master: collecting remote 3850[10]
master: collecting remote 4200[11]
master: collecting remote 4550[12]
master: collecting remote 4900[13]
master: collecting remote 5250[14]
master: collecting remote 5600[15]
master: collecting remote 5950[16]
master: collecting remote 6300[17]
master: collecting remote 6650[18]
master: collecting remote 7000[19]
master: collecting remote 7350[20]
master: collecting remote 7700[21]
 === Time spent: 68.522211 seconds
 ====================== Congradulations! Matrix Multiplication successfully performed =================== 
 ====================== Congradulations! Matrix Multiplication successfully performed =================== 
 ====================== Congradulations! Matrix Multiplication successfully performed =================== 
 ====================== Congradulations! Matrix Multiplication successfully performed =================== 
terminating matrix workers...
 =========== SUCCESS =============
