 ===== launching single host matrix multiplication program ===== 
 # MPI Groups:3
 # Threads per group:5
 # SIZE:8000
 # G:   1000
 ###########################
 ** Launching SynergyWrapper process@2...
 ** Launching SynergyWrapper process@3...
ts: attempting to receive an integer
ts: local tsd is master
Sending part 1000[0]
Sending part 2000[1]
Sending part 3000[2]
Sending part 4000[3]
Sending part 5000[4]
Sending part 6000[5]
Sending part 7000[6]
master: synchronizing
Client[3]: sending back to master
Client[4]: sending back to master
Client[1]: sending back to master
Client[2]: sending back to master
master: collecting remote 1000[0]
master: collecting remote 2000[1]
master: collecting remote 3000[2]
master: collecting remote 4000[3]
master: collecting remote 5000[4]
master: collecting remote 6000[5]
master: collecting remote 7000[6]
 === Time spent: 59.063688 seconds
 ====================== Congradulations! Matrix Multiplication successfully performed =================== 
 ====================== Congradulations! Matrix Multiplication successfully performed =================== 
 ====================== Congradulations! Matrix Multiplication successfully performed =================== 
 ====================== Congradulations! Matrix Multiplication successfully performed =================== 
 ====================== Congradulations! Matrix Multiplication successfully performed =================== 
terminating matrix workers...
 =========== SUCCESS =============
 ===== launching single host matrix multiplication program ===== 
 # MPI Groups:3
 # Threads per group:5
 # SIZE:8000
 # G:   1000
 ###########################
 ** Launching SynergyWrapper process@2...
 ** Launching SynergyWrapper process@3...
ts: attempting to receive an integer
ts: local tsd is master
Sending part 1000[0]
Sending part 2000[1]
Sending part 3000[2]
Sending part 4000[3]
Sending part 5000[4]
Sending part 6000[5]
Sending part 7000[6]
master: synchronizing
Client[3]: sending back to master
Client[1]: sending back to master
Client[2]: sending back to master
Client[4]: sending back to master
master: collecting remote 1000[0]
master: collecting remote 2000[1]
master: collecting remote 3000[2]
master: collecting remote 4000[3]
master: collecting remote 5000[4]
master: collecting remote 6000[5]
master: collecting remote 7000[6]
 === Time spent: 60.945823 seconds
 ====================== Congradulations! Matrix Multiplication successfully performed =================== 
 ====================== Congradulations! Matrix Multiplication successfully performed =================== 
 ====================== Congradulations! Matrix Multiplication successfully performed =================== 
 ====================== Congradulations! Matrix Multiplication successfully performed =================== 
 ====================== Congradulations! Matrix Multiplication successfully performed =================== 
terminating matrix workers...
 =========== SUCCESS =============
