 ===== launching single host matrix multiplication program ===== 
 # MPI Groups:3
 # Threads per group:6
 # SIZE:8000
 # G:   550
 ###########################
 ** Launching SynergyWrapper process@2...
 ** Launching SynergyWrapper process@3...
ts: attempting to receive an integer
ts: local tsd is master
Sending part 550[0]
Sending part 1100[1]
Sending part 1650[2]
Sending part 2200[3]
Sending part 2750[4]
Sending part 3300[5]
Sending part 3850[6]
Sending part 4400[7]
Sending part 4950[8]
Sending part 5500[9]
Sending part 6050[10]
Sending part 6600[11]
Sending part 7150[12]
Sending part 7700[13]
master: synchronizing
Client[2]: sending back to master
Client[4]: sending back to master
Client[1]: sending back to master
Client[3]: sending back to master
Client[5]: sending back to master
master: collecting remote 550[0]
master: collecting remote 1100[1]
master: collecting remote 1650[2]
master: collecting remote 2200[3]
master: collecting remote 2750[4]
master: collecting remote 3300[5]
master: collecting remote 3850[6]
master: collecting remote 4400[7]
master: collecting remote 4950[8]
master: collecting remote 5500[9]
master: collecting remote 6050[10]
master: collecting remote 6600[11]
master: collecting remote 7150[12]
master: collecting remote 7700[13]
 === Time spent: 48.626970 seconds
 ====================== Congradulations! Matrix Multiplication successfully performed =================== 
 ====================== Congradulations! Matrix Multiplication successfully performed =================== 
 ====================== Congradulations! Matrix Multiplication successfully performed =================== 
 ====================== Congradulations! Matrix Multiplication successfully performed =================== 
 ====================== Congradulations! Matrix Multiplication successfully performed =================== 
 ====================== Congradulations! Matrix Multiplication successfully performed =================== 
terminating matrix workers...
 =========== SUCCESS =============
 ===== launching single host matrix multiplication program ===== 
 # MPI Groups:3
 # Threads per group:6
 # SIZE:8000
 # G:   550
 ###########################
 ** Launching SynergyWrapper process@2...
 ** Launching SynergyWrapper process@3...
ts: attempting to receive an integer
ts: local tsd is master
Sending part 550[0]
Sending part 1100[1]
Sending part 1650[2]
Sending part 2200[3]
Sending part 2750[4]
Sending part 3300[5]
Sending part 3850[6]
Sending part 4400[7]
Sending part 4950[8]
Sending part 5500[9]
Sending part 6050[10]
Sending part 6600[11]
Sending part 7150[12]
Sending part 7700[13]
master: synchronizing
Client[1]: sending back to master
Client[2]: sending back to master
Client[3]: sending back to master
Client[4]: sending back to master
Client[5]: sending back to master
master: collecting remote 550[0]
master: collecting remote 1100[1]
master: collecting remote 1650[2]
master: collecting remote 2200[3]
master: collecting remote 2750[4]
master: collecting remote 3300[5]
master: collecting remote 3850[6]
master: collecting remote 4400[7]
master: collecting remote 4950[8]
master: collecting remote 5500[9]
master: collecting remote 6050[10]
master: collecting remote 6600[11]
master: collecting remote 7150[12]
master: collecting remote 7700[13]
 === Time spent: 50.182223 seconds
 ====================== Congradulations! Matrix Multiplication successfully performed =================== 
 ====================== Congradulations! Matrix Multiplication successfully performed =================== 
 ====================== Congradulations! Matrix Multiplication successfully performed =================== 
 ====================== Congradulations! Matrix Multiplication successfully performed =================== 
 ====================== Congradulations! Matrix Multiplication successfully performed =================== 
 ====================== Congradulations! Matrix Multiplication successfully performed =================== 
terminating matrix workers...
 =========== SUCCESS =============
