 ===== launching single host matrix multiplication program ===== 
 # MPI Groups:3
 # Threads per group:7
 # SIZE:8000
 # G:   400
 ###########################
 ** Launching SynergyWrapper process@2...
 ** Launching SynergyWrapper process@3...
ts: attempting to receive an integer
ts: local tsd is master
Sending part 400[0]
Sending part 800[1]
Sending part 1200[2]
Sending part 1600[3]
Sending part 2000[4]
Sending part 2400[5]
Sending part 2800[6]
Sending part 3200[7]
Sending part 3600[8]
Sending part 4000[9]
Sending part 4400[10]
Sending part 4800[11]
Sending part 5200[12]
Sending part 5600[13]
Sending part 6000[14]
Sending part 6400[15]
Sending part 6800[16]
Sending part 7200[17]
Sending part 7600[18]
master: synchronizing
Client[2]: sending back to master
Client[4]: sending back to master
Client[6]: sending back to master
Client[1]: sending back to master
Client[3]: sending back to master
Client[5]: sending back to master
master: collecting remote 400[0]
master: collecting remote 800[1]
master: collecting remote 1200[2]
master: collecting remote 1600[3]
-------------------------------------------------------
Primary job  terminated normally, but 1 process returned
a non-zero exit code. Per user-direction, the job has been aborted.
-------------------------------------------------------
terminating matrix workers...
 =========== SUCCESS =============
 ===== launching single host matrix multiplication program ===== 
 # MPI Groups:3
 # Threads per group:7
 # SIZE:8000
 # G:   400
 ###########################
 ** Launching SynergyWrapper process@2...
 ** Launching SynergyWrapper process@3...
ts: attempting to receive an integer
ts: local tsd is master
Sending part 400[0]
Sending part 800[1]
Sending part 1200[2]
Sending part 1600[3]
Sending part 2000[4]
Sending part 2400[5]
Sending part 2800[6]
Sending part 3200[7]
Sending part 3600[8]
Sending part 4000[9]
Sending part 4400[10]
Sending part 4800[11]
Sending part 5200[12]
Sending part 5600[13]
Sending part 6000[14]
Sending part 6400[15]
Sending part 6800[16]
Sending part 7200[17]
Sending part 7600[18]
master: synchronizing
Client[1]: sending back to master
Client[3]: sending back to master
Client[4]: sending back to master
Client[6]: sending back to master
Client[2]: sending back to master
Client[5]: sending back to master
master: collecting remote 400[0]
-------------------------------------------------------
Primary job  terminated normally, but 1 process returned
a non-zero exit code. Per user-direction, the job has been aborted.
-------------------------------------------------------
