 ===== launching single host matrix multiplication program ===== 
 # MPI Groups:3
 # Threads per group:4
 # SIZE:8000
 # G:   850
 ###########################
 ** Launching SynergyWrapper process@2...
 ** Launching SynergyWrapper process@3...
ts: attempting to receive an integer
ts: local tsd is master
Sending part 850[0]
Sending part 1700[1]
Sending part 2550[2]
Sending part 3400[3]
Sending part 4250[4]
Sending part 5100[5]
Sending part 5950[6]
Sending part 6800[7]
Sending part 7650[8]
master: synchronizing
Client[1]: sending back to master
Client[2]: sending back to master
Client[3]: sending back to master
master: collecting remote 850[0]
master: collecting remote 1700[1]
master: collecting remote 2550[2]
master: collecting remote 3400[3]
master: collecting remote 4250[4]
master: collecting remote 5100[5]
master: collecting remote 5950[6]
master: collecting remote 6800[7]
master: collecting remote 7650[8]
 === Time spent: 73.441495 seconds
 ====================== Congradulations! Matrix Multiplication successfully performed =================== 
 ====================== Congradulations! Matrix Multiplication successfully performed =================== 
 ====================== Congradulations! Matrix Multiplication successfully performed =================== 
 ====================== Congradulations! Matrix Multiplication successfully performed =================== 
terminating matrix workers...
 =========== SUCCESS =============
 ===== launching single host matrix multiplication program ===== 
 # MPI Groups:3
 # Threads per group:4
 # SIZE:8000
 # G:   850
 ###########################
 ** Launching SynergyWrapper process@2...
 ** Launching SynergyWrapper process@3...
ts: attempting to receive an integer
ts: local tsd is master
Sending part 850[0]
Sending part 1700[1]
Sending part 2550[2]
Sending part 3400[3]
Sending part 4250[4]
Sending part 5100[5]
Sending part 5950[6]
Sending part 6800[7]
Sending part 7650[8]
master: synchronizing
Client[1]: sending back to master
Client[2]: sending back to master
Client[3]: sending back to master
master: collecting remote 850[0]
master: collecting remote 1700[1]
master: collecting remote 2550[2]
master: collecting remote 3400[3]
master: collecting remote 4250[4]
master: collecting remote 5100[5]
master: collecting remote 5950[6]
master: collecting remote 6800[7]
master: collecting remote 7650[8]
 === Time spent: 75.504154 seconds
 ====================== Congradulations! Matrix Multiplication successfully performed =================== 
 ====================== Congradulations! Matrix Multiplication successfully performed =================== 
 ====================== Congradulations! Matrix Multiplication successfully performed =================== 
 ====================== Congradulations! Matrix Multiplication successfully performed =================== 
terminating matrix workers...
 =========== SUCCESS =============
