 === before clean up === 
~~~~~~ ls -l /tmp
total 8
-rw------- 1 cc cc 768 Mar 29 06:03 synergy4_parser_43069.log
-rw------- 1 cc cc 473 Mar 29 06:03 synergy4_tsd_43069.log
srwxrwxr-x 1 cc cc   0 Mar 29 06:03 tsd1
~~~~~~ ls -l /dev/shm
total 16
-rwxrwxr-x 1 cc cc 4000000 Mar 29 06:03 matrix-pull
-rwxrwxr-x 1 cc cc 4000000 Mar 29 06:03 matrix-push
-rwxrwxr-x 1 cc cc      32 Mar 29 06:03 sem.matrix-pull-rsem
-rwxrwxr-x 1 cc cc      32 Mar 29 06:03 sem.matrix-pull-wsem
-rwxrwxr-x 1 cc cc      32 Mar 29 06:03 sem.matrix-push-rsem
-rwxrwxr-x 1 cc cc      32 Mar 29 06:03 sem.matrix-push-wsem
 === clean up ===
total 0
total 0
 === done ===
 *============== Launching remote tsd at 1 =============* 
 ====== tsd launch complete. You have 1 tsd instance. ====== 
cc        43180  0.0  0.0 144464  4860 ?        Sl   06:03   0:00 /home/cc/Synergy4/s4c00/cmake-build-debug/sng_tsd /home/cc/Synergy4/s4c00/etc/sng1.json /home/cc/Synergy4/s4c00/etc/synergy-log.conf
cc        43182  0.0  0.0  12944   964 ?        S    06:03   0:00 grep sng_tsd
 ============================================================ 
 === before clean up === 
~~~~~~ ls -l /tmp
total 16
-rw------- 1 cc cc 768 Mar 29 06:03 synergy4_parser_39268.log
-rw------- 1 cc cc 768 Mar 29 06:03 synergy4_parser_39280.log
-rw------- 1 cc cc 473 Mar 29 06:03 synergy4_tsd_39268.log
-rw------- 1 cc cc 326 Mar 29 06:03 synergy4_tsd_39280.log
srwxrwxr-x 1 cc cc   0 Mar 29 06:03 tsd1
~~~~~~ ls -l /dev/shm
total 0
 === clean up ===
total 0
total 0
 === done ===
 *============== Launching remote tsd at 2 =============* 
 ====== tsd launch complete. You have 1 tsd instance. ====== 
cc        39331  0.0  0.0 144464  4936 ?        Sl   06:03   0:00 /home/cc/Synergy4/s4c00/cmake-build-debug/sng_tsd /home/cc/Synergy4/s4c00/etc/sng2.json /home/cc/Synergy4/s4c00/etc/synergy-log.conf
cc        39333  0.0  0.0  12944   932 ?        S    06:03   0:00 grep sng_tsd
 ============================================================ 
 === before clean up === 
~~~~~~ ls -l /tmp
total 16
-rw------- 1 cc cc 764 Mar 29 06:03 synergy4_parser_30787.log
-rw------- 1 cc cc 764 Mar 29 06:03 synergy4_parser_30800.log
-rw------- 1 cc cc 473 Mar 29 06:03 synergy4_tsd_30787.log
-rw------- 1 cc cc 326 Mar 29 06:03 synergy4_tsd_30800.log
srwxrwxr-x 1 cc cc   0 Mar 29 06:03 tsd1
~~~~~~ ls -l /dev/shm
total 0
 === clean up ===
total 0
total 0
 === done ===
 *============== Launching remote tsd at 3 =============* 
 ====== tsd launch complete. You have 1 tsd instance. ====== 
cc        30851  0.0  0.0 144464  4888 ?        Sl   06:03   0:00 /home/cc/Synergy4/s4c00/cmake-build-debug/sng_tsd /home/cc/Synergy4/s4c00/etc/sng3.json /home/cc/Synergy4/s4c00/etc/synergy-log.conf
cc        30853  0.0  0.0  12944  1032 ?        S    06:03   0:00 grep sng_tsd
 ============================================================ 
 === before clean up === 
~~~~~~ ls -l /tmp
total 16
-rw------- 1 cc cc 768 Mar 29 06:03 synergy4_parser_19814.log
-rw------- 1 cc cc 768 Mar 29 06:03 synergy4_parser_19815.log
-rw------- 1 cc cc 473 Mar 29 06:03 synergy4_tsd_19814.log
-rw------- 1 cc cc 326 Mar 29 06:03 synergy4_tsd_19815.log
srwxrwxr-x 1 cc cc   0 Mar 29 06:03 tsd1
~~~~~~ ls -l /dev/shm
total 16
-rwxrwxr-x 1 cc cc 4000000 Mar 29 06:03 matrix-pull
-rwxrwxr-x 1 cc cc 4000000 Mar 29 06:03 matrix-push
-rwxrwxr-x 1 cc cc      32 Mar 29 06:03 sem.matrix-pull-rsem
-rwxrwxr-x 1 cc cc      32 Mar 29 06:03 sem.matrix-pull-wsem
-rwxrwxr-x 1 cc cc      32 Mar 29 06:03 sem.matrix-push-rsem
-rwxrwxr-x 1 cc cc      32 Mar 29 06:03 sem.matrix-push-wsem
 === clean up ===
total 0
total 0
 === done ===
 *============== Launching remote tsd at 4 =============* 
 ====== tsd launch complete. You have 1 tsd instance. ====== 
cc        19873  0.0  0.0 144464  6984 ?        Sl   06:03   0:00 /home/cc/Synergy4/s4c00/cmake-build-debug/sng_tsd /home/cc/Synergy4/s4c00/etc/sng4.json /home/cc/Synergy4/s4c00/etc/synergy-log.conf
cc        19875  0.0  0.0  12944  1012 ?        S    06:03   0:00 grep sng_tsd
 ============================================================ 
 === before clean up === 
~~~~~~ ls -l /tmp
total 16
-rw------- 1 cc cc 768 Mar 29 06:03 synergy4_parser_164294.log
-rw------- 1 cc cc 768 Mar 29 06:03 synergy4_parser_164297.log
-rw------- 1 cc cc 477 Mar 29 06:03 synergy4_tsd_164294.log
-rw------- 1 cc cc 329 Mar 29 06:03 synergy4_tsd_164297.log
srwxrwxr-x 1 cc cc   0 Mar 29 06:03 tsd1
~~~~~~ ls -l /dev/shm
total 16
-rwxrwxr-x 1 cc cc 4000000 Mar 29 06:03 matrix-pull
-rwxrwxr-x 1 cc cc 4000000 Mar 29 06:03 matrix-push
-rwxrwxr-x 1 cc cc      32 Mar 29 06:03 sem.matrix-pull-rsem
-rwxrwxr-x 1 cc cc      32 Mar 29 06:03 sem.matrix-pull-wsem
-rwxrwxr-x 1 cc cc      32 Mar 29 06:03 sem.matrix-push-rsem
-rwxrwxr-x 1 cc cc      32 Mar 29 06:03 sem.matrix-push-wsem
 === clean up ===
total 0
total 0
 === done ===
 *============== Launching remote tsd at 5 =============* 
 ====== tsd launch complete. You have 1 tsd instance. ====== 
cc       164353  0.0  0.0 144464  4940 ?        Sl   06:03   0:00 /home/cc/Synergy4/s4c00/cmake-build-debug/sng_tsd /home/cc/Synergy4/s4c00/etc/sng5.json /home/cc/Synergy4/s4c00/etc/synergy-log.conf
cc       164355  0.0  0.0  12944   980 ?        S    06:03   0:00 grep sng_tsd
 ============================================================ 
 === before clean up === 
~~~~~~ ls -l /tmp
total 16
-rw------- 1 cc cc 768 Mar 29 06:03 synergy4_parser_163134.log
-rw------- 1 cc cc 768 Mar 29 06:03 synergy4_parser_163136.log
-rw------- 1 cc cc 477 Mar 29 06:03 synergy4_tsd_163134.log
-rw------- 1 cc cc 329 Mar 29 06:03 synergy4_tsd_163136.log
srwxrwxr-x 1 cc cc   0 Mar 29 06:03 tsd1
~~~~~~ ls -l /dev/shm
total 16
-rwxrwxr-x 1 cc cc 4000000 Mar 29 06:03 matrix-pull
-rwxrwxr-x 1 cc cc 4000000 Mar 29 06:03 matrix-push
-rwxrwxr-x 1 cc cc      32 Mar 29 06:03 sem.matrix-pull-rsem
-rwxrwxr-x 1 cc cc      32 Mar 29 06:03 sem.matrix-pull-wsem
-rwxrwxr-x 1 cc cc      32 Mar 29 06:03 sem.matrix-push-rsem
-rwxrwxr-x 1 cc cc      32 Mar 29 06:03 sem.matrix-push-wsem
 === clean up ===
total 0
total 0
 === done ===
 *============== Launching remote tsd at 6 =============* 
 ====== tsd launch complete. You have 1 tsd instance. ====== 
cc       163194  0.0  0.0 144464  4928 ?        Sl   06:03   0:00 /home/cc/Synergy4/s4c00/cmake-build-debug/sng_tsd /home/cc/Synergy4/s4c00/etc/sng6.json /home/cc/Synergy4/s4c00/etc/synergy-log.conf
cc       163196  0.0  0.0  12944   932 ?        S    06:03   0:00 grep sng_tsd
 ============================================================ 
 === before clean up === 
~~~~~~ ls -l /tmp
total 8
-rw------- 1 cc cc 768 Mar 29 06:03 synergy4_parser_157090.log
-rw------- 1 cc cc 477 Mar 29 06:03 synergy4_tsd_157090.log
srwxrwxr-x 1 cc cc   0 Mar 29 06:03 tsd1
~~~~~~ ls -l /dev/shm
total 16
-rwxrwxr-x 1 cc cc 4000000 Mar 29 06:03 matrix-pull
-rwxrwxr-x 1 cc cc 4000000 Mar 29 06:03 matrix-push
-rwxrwxr-x 1 cc cc      32 Mar 29 06:03 sem.matrix-pull-rsem
-rwxrwxr-x 1 cc cc      32 Mar 29 06:03 sem.matrix-pull-wsem
-rwxrwxr-x 1 cc cc      32 Mar 29 06:03 sem.matrix-push-rsem
-rwxrwxr-x 1 cc cc      32 Mar 29 06:03 sem.matrix-push-wsem
 === clean up ===
total 0
total 0
 === done ===
 *============== Launching remote tsd at 7 =============* 
 ====== tsd launch complete. You have 1 tsd instance. ====== 
cc       157145  0.0  0.0 144464  4944 ?        Sl   06:03   0:00 /home/cc/Synergy4/s4c00/cmake-build-debug/sng_tsd /home/cc/Synergy4/s4c00/etc/sng7.json /home/cc/Synergy4/s4c00/etc/synergy-log.conf
cc       157147  0.0  0.0  12944   968 ?        S    06:03   0:00 grep sng_tsd
 ============================================================ 
 === before clean up === 
~~~~~~ ls -l /tmp
total 8
-rw------- 1 cc cc 768 Mar 29 06:03 synergy4_parser_156596.log
-rw------- 1 cc cc 329 Mar 29 06:03 synergy4_tsd_156596.log
srwxrwxr-x 1 cc cc   0 Mar 29 06:03 tsd1
~~~~~~ ls -l /dev/shm
total 0
 === clean up ===
total 0
total 0
 === done ===
 *============== Launching remote tsd at 8 =============* 
 ====== tsd launch complete. You have 1 tsd instance. ====== 
cc       156649  0.0  0.0 144464  4988 ?        Sl   06:03   0:00 /home/cc/Synergy4/s4c00/cmake-build-debug/sng_tsd /home/cc/Synergy4/s4c00/etc/sng8.json /home/cc/Synergy4/s4c00/etc/synergy-log.conf
cc       156651  0.0  0.0  12944  1032 ?        S    06:03   0:00 grep sng_tsd
 ============================================================ 
 === before clean up === 
~~~~~~ ls -l /tmp
total 8
-rw------- 1 cc cc 770 Mar 29 06:03 synergy4_parser_148712.log
-rw------- 1 cc cc 477 Mar 29 06:03 synergy4_tsd_148712.log
srwxrwxr-x 1 cc cc   0 Mar 29 06:03 tsd1
~~~~~~ ls -l /dev/shm
total 16
-rwxrwxr-x 1 cc cc 4000000 Mar 29 06:03 matrix-pull
-rwxrwxr-x 1 cc cc 4000000 Mar 29 06:03 matrix-push
-rwxrwxr-x 1 cc cc      32 Mar 29 06:03 sem.matrix-pull-rsem
-rwxrwxr-x 1 cc cc      32 Mar 29 06:03 sem.matrix-pull-wsem
-rwxrwxr-x 1 cc cc      32 Mar 29 06:03 sem.matrix-push-rsem
-rwxrwxr-x 1 cc cc      32 Mar 29 06:03 sem.matrix-push-wsem
 === clean up ===
total 0
total 0
 === done ===
 *============== Launching remote tsd at 9 =============* 
 ====== tsd launch complete. You have 1 tsd instance. ====== 
cc       148768  0.0  0.0 144464  4992 ?        Sl   06:03   0:00 /home/cc/Synergy4/s4c00/cmake-build-debug/sng_tsd /home/cc/Synergy4/s4c00/etc/sng9.json /home/cc/Synergy4/s4c00/etc/synergy-log.conf
cc       148770  0.0  0.0  12944   924 ?        S    06:03   0:00 grep sng_tsd
 ============================================================ 
