 === before clean up === 
~~~~~~ ls -l /tmp
total 8
-rw------- 1 cc cc 768 Mar 29 06:03 synergy4_parser_38509.log
-rw------- 1 cc cc 473 Mar 29 06:03 synergy4_tsd_38509.log
srwxrwxr-x 1 cc cc   0 Mar 29 06:03 tsd1
~~~~~~ ls -l /dev/shm
total 16
-rwxrwxr-x 1 cc cc 4000000 Mar 29 06:03 matrix-pull
-rwxrwxr-x 1 cc cc 4000000 Mar 29 06:03 matrix-push
-rwxrwxr-x 1 cc cc      32 Mar 29 06:03 sem.matrix-pull-rsem
-rwxrwxr-x 1 cc cc      32 Mar 29 06:03 sem.matrix-pull-wsem
-rwxrwxr-x 1 cc cc      32 Mar 29 06:03 sem.matrix-push-rsem
-rwxrwxr-x 1 cc cc      32 Mar 29 06:03 sem.matrix-push-wsem
 === clean up ===
total 0
total 0
 === done ===
 *============== Launching remote tsd at 1 =============* 
 ====== tsd launch complete. You have 1 tsd instance. ====== 
cc        38563  0.0  0.0 144464  4860 ?        Sl   06:03   0:00 /home/cc/Synergy4/s4c00/cmake-build-debug/sng_tsd /home/cc/Synergy4/s4c00/etc/sng1.json /home/cc/Synergy4/s4c00/etc/synergy-log.conf
cc        38565  0.0  0.0  12944  1088 ?        S    06:03   0:00 grep sng_tsd
 ============================================================ 
 === before clean up === 
~~~~~~ ls -l /tmp
total 8
-rw------- 1 cc cc 768 Mar 29 06:03 synergy4_parser_36137.log
-rw------- 1 cc cc 473 Mar 29 06:03 synergy4_tsd_36137.log
srwxrwxr-x 1 cc cc   0 Mar 29 06:03 tsd1
~~~~~~ ls -l /dev/shm
total 16
-rwxrwxr-x 1 cc cc 4000000 Mar 29 06:03 matrix-pull
-rwxrwxr-x 1 cc cc 4000000 Mar 29 06:03 matrix-push
-rwxrwxr-x 1 cc cc      32 Mar 29 06:03 sem.matrix-pull-rsem
-rwxrwxr-x 1 cc cc      32 Mar 29 06:03 sem.matrix-pull-wsem
-rwxrwxr-x 1 cc cc      32 Mar 29 06:03 sem.matrix-push-rsem
-rwxrwxr-x 1 cc cc      32 Mar 29 06:03 sem.matrix-push-wsem
 === clean up ===
total 0
total 0
 === done ===
 *============== Launching remote tsd at 2 =============* 
 ====== tsd launch complete. You have 1 tsd instance. ====== 
cc        36156  0.0  0.0 144464  5032 ?        Sl   06:03   0:00 /home/cc/Synergy4/s4c00/cmake-build-debug/sng_tsd /home/cc/Synergy4/s4c00/etc/sng2.json /home/cc/Synergy4/s4c00/etc/synergy-log.conf
cc        36158  0.0  0.0  12944   932 ?        S    06:03   0:00 grep sng_tsd
 ============================================================ 
 === before clean up === 
~~~~~~ ls -l /tmp
total 8
-rw------- 1 cc cc 764 Mar 29 06:03 synergy4_parser_27790.log
-rw------- 1 cc cc 473 Mar 29 06:03 synergy4_tsd_27790.log
srwxrwxr-x 1 cc cc   0 Mar 29 06:03 tsd1
~~~~~~ ls -l /dev/shm
total 16
-rwxrwxr-x 1 cc cc 4000000 Mar 29 06:03 matrix-pull
-rwxrwxr-x 1 cc cc 4000000 Mar 29 06:03 matrix-push
-rwxrwxr-x 1 cc cc      32 Mar 29 06:03 sem.matrix-pull-rsem
-rwxrwxr-x 1 cc cc      32 Mar 29 06:03 sem.matrix-pull-wsem
-rwxrwxr-x 1 cc cc      32 Mar 29 06:03 sem.matrix-push-rsem
-rwxrwxr-x 1 cc cc      32 Mar 29 06:03 sem.matrix-push-wsem
 === clean up ===
total 0
total 0
 === done ===
 *============== Launching remote tsd at 3 =============* 
 ====== tsd launch complete. You have 1 tsd instance. ====== 
cc        27878  0.0  0.0  12944   940 ?        S    06:03   0:00 grep sng_tsd
 ============================================================ 
 === before clean up === 
~~~~~~ ls -l /tmp
total 8
-rw------- 1 cc cc 768 Mar 29 06:03 synergy4_parser_16930.log
-rw------- 1 cc cc 473 Mar 29 06:03 synergy4_tsd_16930.log
srwxrwxr-x 1 cc cc   0 Mar 29 06:03 tsd1
~~~~~~ ls -l /dev/shm
total 16
-rwxrwxr-x 1 cc cc 4000000 Mar 29 06:03 matrix-pull
-rwxrwxr-x 1 cc cc 4000000 Mar 29 06:03 matrix-push
-rwxrwxr-x 1 cc cc      32 Mar 29 06:03 sem.matrix-pull-rsem
-rwxrwxr-x 1 cc cc      32 Mar 29 06:03 sem.matrix-pull-wsem
-rwxrwxr-x 1 cc cc      32 Mar 29 06:03 sem.matrix-push-rsem
-rwxrwxr-x 1 cc cc      32 Mar 29 06:03 sem.matrix-push-wsem
 === clean up ===
total 0
total 0
 === done ===
 *============== Launching remote tsd at 4 =============* 
 ====== tsd launch complete. You have 1 tsd instance. ====== 
cc        17023  0.0  0.0  12944   968 ?        S    06:03   0:00 grep sng_tsd
 ============================================================ 
 === before clean up === 
~~~~~~ ls -l /tmp
total 8
-rw------- 1 cc cc 768 Mar 29 06:03 synergy4_parser_161416.log
-rw------- 1 cc cc 477 Mar 29 06:03 synergy4_tsd_161416.log
srwxrwxr-x 1 cc cc   0 Mar 29 06:03 tsd1
~~~~~~ ls -l /dev/shm
total 16
-rwxrwxr-x 1 cc cc 4000000 Mar 29 06:03 matrix-pull
-rwxrwxr-x 1 cc cc 4000000 Mar 29 06:03 matrix-push
-rwxrwxr-x 1 cc cc      32 Mar 29 06:03 sem.matrix-pull-rsem
-rwxrwxr-x 1 cc cc      32 Mar 29 06:03 sem.matrix-pull-wsem
-rwxrwxr-x 1 cc cc      32 Mar 29 06:03 sem.matrix-push-rsem
-rwxrwxr-x 1 cc cc      32 Mar 29 06:03 sem.matrix-push-wsem
 === clean up ===
total 0
total 0
 === done ===
 *============== Launching remote tsd at 5 =============* 
 ====== tsd launch complete. You have 1 tsd instance. ====== 
cc       161511  0.0  0.0 144464  4932 ?        Sl   06:03   0:00 /home/cc/Synergy4/s4c00/cmake-build-debug/sng_tsd /home/cc/Synergy4/s4c00/etc/sng5.json /home/cc/Synergy4/s4c00/etc/synergy-log.conf
cc       161513  0.0  0.0  12944   932 ?        S    06:03   0:00 grep sng_tsd
 ============================================================ 
 === before clean up === 
~~~~~~ ls -l /tmp
total 8
-rw------- 1 cc cc 768 Mar 29 06:03 synergy4_parser_160376.log
-rw------- 1 cc cc 477 Mar 29 06:03 synergy4_tsd_160376.log
srwxrwxr-x 1 cc cc   0 Mar 29 06:03 tsd1
~~~~~~ ls -l /dev/shm
total 16
-rwxrwxr-x 1 cc cc 4000000 Mar 29 06:03 matrix-pull
-rwxrwxr-x 1 cc cc 4000000 Mar 29 06:03 matrix-push
-rwxrwxr-x 1 cc cc      32 Mar 29 06:03 sem.matrix-pull-rsem
-rwxrwxr-x 1 cc cc      32 Mar 29 06:03 sem.matrix-pull-wsem
-rwxrwxr-x 1 cc cc      32 Mar 29 06:03 sem.matrix-push-rsem
-rwxrwxr-x 1 cc cc      32 Mar 29 06:03 sem.matrix-push-wsem
 === clean up ===
total 0
total 0
 === done ===
 *============== Launching remote tsd at 6 =============* 
 ====== tsd launch complete. You have 1 tsd instance. ====== 
cc       160477  0.0  0.0 144464  4964 ?        Sl   06:03   0:00 /home/cc/Synergy4/s4c00/cmake-build-debug/sng_tsd /home/cc/Synergy4/s4c00/etc/sng6.json /home/cc/Synergy4/s4c00/etc/synergy-log.conf
cc       160479  0.0  0.0  12944   936 ?        S    06:03   0:00 grep sng_tsd
cc       160482  0.0  0.0  12944  1088 ?        S    06:03   0:00 grep sng_tsd
 ============================================================ 
