 === before clean up === 
~~~~~~ ls -l /tmp
total 1020
-rw------- 1 cc cc 642506 Mar 29 05:26 synergy4_27907.log
-rw------- 1 cc cc  17399 Mar 29 05:26 synergy4_p2pmd_27907.log
-rw------- 1 cc cc    768 Mar 29 05:24 synergy4_parser_27907.log
-rw------- 1 cc cc 371107 Mar 29 05:26 synergy4_tsd_27907.log
srwxrwxr-x 1 cc cc      0 Mar 29 05:24 tsd1
~~~~~~ ls -l /dev/shm
total 7832
-rwxrwxr-x 1 cc cc 4000000 Mar 29 05:25 matrix-pull
-rwxrwxr-x 1 cc cc 4000000 Mar 29 05:25 matrix-push
-rwxrwxr-x 1 cc cc      32 Mar 29 05:24 sem.matrix-pull-rsem
-rwxrwxr-x 1 cc cc      32 Mar 29 05:24 sem.matrix-pull-wsem
-rwxrwxr-x 1 cc cc      32 Mar 29 05:24 sem.matrix-push-rsem
-rwxrwxr-x 1 cc cc      32 Mar 29 05:24 sem.matrix-push-wsem
 === clean up ===
total 0
total 0
 === done ===
 *============== Launching remote tsd at 1 =============* 
 ====== tsd launch complete. You have 1 tsd instance. ====== 
cc        28222  0.0  0.0 144464  4880 ?        Sl   05:26   0:00 /home/cc/Synergy4/s4c00/cmake-build-debug/sng_tsd /home/cc/Synergy4/s4c00/etc/sng1.json /home/cc/Synergy4/s4c00/etc/synergy-log.conf
cc        28224  0.0  0.0  12944   932 ?        R    05:26   0:00 grep sng_tsd
 ============================================================ 
 === before clean up === 
~~~~~~ ls -l /tmp
total 40
-rw------- 1 cc cc 26843 Mar 29 05:26 synergy4_p2pmd_26076.log
-rw------- 1 cc cc   768 Mar 29 05:24 synergy4_parser_26076.log
-rw------- 1 cc cc  7043 Mar 29 05:26 synergy4_tsd_26076.log
srwxrwxr-x 1 cc cc     0 Mar 29 05:24 tsd1
~~~~~~ ls -l /dev/shm
total 16
-rwxrwxr-x 1 cc cc 4000000 Mar 29 05:24 matrix-pull
-rwxrwxr-x 1 cc cc 4000000 Mar 29 05:24 matrix-push
-rwxrwxr-x 1 cc cc      32 Mar 29 05:24 sem.matrix-pull-rsem
-rwxrwxr-x 1 cc cc      32 Mar 29 05:24 sem.matrix-pull-wsem
-rwxrwxr-x 1 cc cc      32 Mar 29 05:24 sem.matrix-push-rsem
-rwxrwxr-x 1 cc cc      32 Mar 29 05:24 sem.matrix-push-wsem
 === clean up ===
total 0
total 0
 === done ===
 *============== Launching remote tsd at 2 =============* 
 ====== tsd launch complete. You have 1 tsd instance. ====== 
cc        26560  0.0  0.0 144464  4964 ?        Sl   05:26   0:00 /home/cc/Synergy4/s4c00/cmake-build-debug/sng_tsd /home/cc/Synergy4/s4c00/etc/sng2.json /home/cc/Synergy4/s4c00/etc/synergy-log.conf
cc        26562  0.0  0.0  12944   984 ?        S    05:26   0:00 grep sng_tsd
 ============================================================ 
 === before clean up === 
~~~~~~ ls -l /tmp
total 32
-rw------- 1 cc cc 17050 Mar 29 05:26 synergy4_p2pmd_19075.log
-rw------- 1 cc cc   764 Mar 29 05:24 synergy4_parser_19075.log
-rw------- 1 cc cc  7043 Mar 29 05:26 synergy4_tsd_19075.log
srwxrwxr-x 1 cc cc     0 Mar 29 05:24 tsd1
~~~~~~ ls -l /dev/shm
total 16
-rwxrwxr-x 1 cc cc 4000000 Mar 29 05:24 matrix-pull
-rwxrwxr-x 1 cc cc 4000000 Mar 29 05:24 matrix-push
-rwxrwxr-x 1 cc cc      32 Mar 29 05:24 sem.matrix-pull-rsem
-rwxrwxr-x 1 cc cc      32 Mar 29 05:24 sem.matrix-pull-wsem
-rwxrwxr-x 1 cc cc      32 Mar 29 05:24 sem.matrix-push-rsem
-rwxrwxr-x 1 cc cc      32 Mar 29 05:24 sem.matrix-push-wsem
 === clean up ===
total 0
total 0
 === done ===
 *============== Launching remote tsd at 3 =============* 
 ====== tsd launch complete. You have 1 tsd instance. ====== 
cc        19551  0.0  0.0 144464  4916 ?        Sl   05:26   0:00 /home/cc/Synergy4/s4c00/cmake-build-debug/sng_tsd /home/cc/Synergy4/s4c00/etc/sng3.json /home/cc/Synergy4/s4c00/etc/synergy-log.conf
cc        19553  0.0  0.0  12944  1016 ?        S    05:26   0:00 grep sng_tsd
 ============================================================ 
