 === before clean up === 
~~~~~~ ls -l /tmp
total 808
-rw------- 1 cc cc 613842 Mar 29 04:12 synergy4_17653.log
-rw------- 1 cc cc   7233 Mar 29 04:12 synergy4_p2pmd_17653.log
-rw------- 1 cc cc    768 Mar 29 04:09 synergy4_parser_17653.log
-rw------- 1 cc cc 192959 Mar 29 04:12 synergy4_tsd_17653.log
srwxrwxr-x 1 cc cc      0 Mar 29 04:09 tsd1
~~~~~~ ls -l /dev/shm
total 7832
-rwxrwxr-x 1 cc cc 4000000 Mar 29 04:11 matrix-pull
-rwxrwxr-x 1 cc cc 4000000 Mar 29 04:11 matrix-push
-rwxrwxr-x 1 cc cc      32 Mar 29 04:09 sem.matrix-pull-rsem
-rwxrwxr-x 1 cc cc      32 Mar 29 04:09 sem.matrix-pull-wsem
-rwxrwxr-x 1 cc cc      32 Mar 29 04:09 sem.matrix-push-rsem
-rwxrwxr-x 1 cc cc      32 Mar 29 04:09 sem.matrix-push-wsem
 === clean up ===
total 0
total 0
 === done ===
 *============== Launching remote tsd at 1 =============* 
 ====== tsd launch complete. You have 1 tsd instance. ====== 
cc        17964  0.0  0.0 144464  4848 ?        Sl   04:12   0:00 /home/cc/Synergy4/s4c00/cmake-build-debug/sng_tsd /home/cc/Synergy4/s4c00/etc/sng1.json /home/cc/Synergy4/s4c00/etc/synergy-log.conf
cc        17966  0.0  0.0  12944   936 ?        S    04:12   0:00 grep sng_tsd
 ============================================================ 
 === before clean up === 
~~~~~~ ls -l /tmp
total 28
-rw------- 1 cc cc 12488 Mar 29 04:12 synergy4_p2pmd_10530.log
-rw------- 1 cc cc   768 Mar 29 04:09 synergy4_parser_10530.log
-rw------- 1 cc cc  7043 Mar 29 04:12 synergy4_tsd_10530.log
srwxrwxr-x 1 cc cc     0 Mar 29 04:09 tsd1
~~~~~~ ls -l /dev/shm
total 16
-rwxrwxr-x 1 cc cc 4000000 Mar 29 04:09 matrix-pull
-rwxrwxr-x 1 cc cc 4000000 Mar 29 04:09 matrix-push
-rwxrwxr-x 1 cc cc      32 Mar 29 04:09 sem.matrix-pull-rsem
-rwxrwxr-x 1 cc cc      32 Mar 29 04:09 sem.matrix-pull-wsem
-rwxrwxr-x 1 cc cc      32 Mar 29 04:09 sem.matrix-push-rsem
-rwxrwxr-x 1 cc cc      32 Mar 29 04:09 sem.matrix-push-wsem
 === clean up ===
total 0
total 0
 === done ===
 *============== Launching remote tsd at 2 =============* 
 ====== tsd launch complete. You have 1 tsd instance. ====== 
cc        11015  0.0  0.0 144464  5032 ?        Sl   04:12   0:00 /home/cc/Synergy4/s4c00/cmake-build-debug/sng_tsd /home/cc/Synergy4/s4c00/etc/sng2.json /home/cc/Synergy4/s4c00/etc/synergy-log.conf
cc        11017  0.0  0.0  12944   900 ?        S    04:12   0:00 grep sng_tsd
 ============================================================ 
 === before clean up === 
~~~~~~ ls -l /tmp
total 28
-rw------- 1 cc cc 12482 Mar 29 04:12 synergy4_p2pmd_3803.log
-rw------- 1 cc cc   764 Mar 29 04:09 synergy4_parser_3803.log
-rw------- 1 cc cc  6979 Mar 29 04:12 synergy4_tsd_3803.log
srwxrwxr-x 1 cc cc     0 Mar 29 04:09 tsd1
~~~~~~ ls -l /dev/shm
total 16
-rwxrwxr-x 1 cc cc 4000000 Mar 29 04:09 matrix-pull
-rwxrwxr-x 1 cc cc 4000000 Mar 29 04:09 matrix-push
-rwxrwxr-x 1 cc cc      32 Mar 29 04:09 sem.matrix-pull-rsem
-rwxrwxr-x 1 cc cc      32 Mar 29 04:09 sem.matrix-pull-wsem
-rwxrwxr-x 1 cc cc      32 Mar 29 04:09 sem.matrix-push-rsem
-rwxrwxr-x 1 cc cc      32 Mar 29 04:09 sem.matrix-push-wsem
 === clean up ===
total 0
total 0
 === done ===
 *============== Launching remote tsd at 3 =============* 
 ====== tsd launch complete. You have 1 tsd instance. ====== 
cc         4302  0.0  0.0 144464  6892 ?        Sl   04:12   0:00 /home/cc/Synergy4/s4c00/cmake-build-debug/sng_tsd /home/cc/Synergy4/s4c00/etc/sng3.json /home/cc/Synergy4/s4c00/etc/synergy-log.conf
cc         4304  0.0  0.0  12944  1028 ?        S    04:12   0:00 grep sng_tsd
 ============================================================ 
