 === before clean up === 
~~~~~~ ls -l /tmp
total 732
-rw------- 1 cc cc 608280 Mar 29 04:46 synergy4_22184.log
-rw------- 1 cc cc   7742 Mar 29 04:46 synergy4_p2pmd_22184.log
-rw------- 1 cc cc    768 Mar 29 04:43 synergy4_parser_22184.log
-rw------- 1 cc cc 121551 Mar 29 04:46 synergy4_tsd_22184.log
srwxrwxr-x 1 cc cc      0 Mar 29 04:43 tsd1
~~~~~~ ls -l /dev/shm
total 7832
-rwxrwxr-x 1 cc cc 4000000 Mar 29 04:44 matrix-pull
-rwxrwxr-x 1 cc cc 4000000 Mar 29 04:44 matrix-push
-rwxrwxr-x 1 cc cc      32 Mar 29 04:43 sem.matrix-pull-rsem
-rwxrwxr-x 1 cc cc      32 Mar 29 04:43 sem.matrix-pull-wsem
-rwxrwxr-x 1 cc cc      32 Mar 29 04:43 sem.matrix-push-rsem
-rwxrwxr-x 1 cc cc      32 Mar 29 04:43 sem.matrix-push-wsem
 === clean up ===
total 0
total 0
 === done ===
 *============== Launching remote tsd at 1 =============* 
 ====== tsd launch complete. You have 1 tsd instance. ====== 
cc        22503  0.0  0.0 144464  4948 ?        Sl   04:46   0:00 /home/cc/Synergy4/s4c00/cmake-build-debug/sng_tsd /home/cc/Synergy4/s4c00/etc/sng1.json /home/cc/Synergy4/s4c00/etc/synergy-log.conf
cc        22505  0.0  0.0  12944  1084 ?        S    04:46   0:00 grep sng_tsd
 ============================================================ 
 === before clean up === 
~~~~~~ ls -l /tmp
total 28
-rw------- 1 cc cc 12900 Mar 29 04:46 synergy4_p2pmd_17328.log
-rw------- 1 cc cc   768 Mar 29 04:43 synergy4_parser_17328.log
-rw------- 1 cc cc  7043 Mar 29 04:46 synergy4_tsd_17328.log
srwxrwxr-x 1 cc cc     0 Mar 29 04:43 tsd1
~~~~~~ ls -l /dev/shm
total 16
-rwxrwxr-x 1 cc cc 4000000 Mar 29 04:43 matrix-pull
-rwxrwxr-x 1 cc cc 4000000 Mar 29 04:43 matrix-push
-rwxrwxr-x 1 cc cc      32 Mar 29 04:43 sem.matrix-pull-rsem
-rwxrwxr-x 1 cc cc      32 Mar 29 04:43 sem.matrix-pull-wsem
-rwxrwxr-x 1 cc cc      32 Mar 29 04:43 sem.matrix-push-rsem
-rwxrwxr-x 1 cc cc      32 Mar 29 04:43 sem.matrix-push-wsem
 === clean up ===
total 0
total 0
 === done ===
 *============== Launching remote tsd at 2 =============* 
 ====== tsd launch complete. You have 1 tsd instance. ====== 
cc        17815  0.0  0.0 144464  4960 ?        Sl   04:46   0:00 /home/cc/Synergy4/s4c00/cmake-build-debug/sng_tsd /home/cc/Synergy4/s4c00/etc/sng2.json /home/cc/Synergy4/s4c00/etc/synergy-log.conf
cc        17817  0.0  0.0  12944   944 ?        S    04:46   0:00 grep sng_tsd
 ============================================================ 
 === before clean up === 
~~~~~~ ls -l /tmp
total 28
-rw------- 1 cc cc 13195 Mar 29 04:46 synergy4_p2pmd_10495.log
-rw------- 1 cc cc   764 Mar 29 04:43 synergy4_parser_10495.log
-rw------- 1 cc cc  7043 Mar 29 04:46 synergy4_tsd_10495.log
srwxrwxr-x 1 cc cc     0 Mar 29 04:43 tsd1
~~~~~~ ls -l /dev/shm
total 16
-rwxrwxr-x 1 cc cc 4000000 Mar 29 04:43 matrix-pull
-rwxrwxr-x 1 cc cc 4000000 Mar 29 04:43 matrix-push
-rwxrwxr-x 1 cc cc      32 Mar 29 04:43 sem.matrix-pull-rsem
-rwxrwxr-x 1 cc cc      32 Mar 29 04:43 sem.matrix-pull-wsem
-rwxrwxr-x 1 cc cc      32 Mar 29 04:43 sem.matrix-push-rsem
-rwxrwxr-x 1 cc cc      32 Mar 29 04:43 sem.matrix-push-wsem
 === clean up ===
total 0
total 0
 === done ===
 *============== Launching remote tsd at 3 =============* 
 ====== tsd launch complete. You have 1 tsd instance. ====== 
cc        10975  0.0  0.0 144464  4848 ?        Sl   04:46   0:00 /home/cc/Synergy4/s4c00/cmake-build-debug/sng_tsd /home/cc/Synergy4/s4c00/etc/sng3.json /home/cc/Synergy4/s4c00/etc/synergy-log.conf
cc        10977  0.0  0.0  12944   976 ?        S    04:46   0:00 grep sng_tsd
 ============================================================ 
