 === before clean up === 
~~~~~~ ls -l /tmp
total 464
-rw------- 1 cc cc 406792 Mar 29 03:42 synergy4_13789.log
-rw------- 1 cc cc   7947 Mar 29 03:42 synergy4_p2pmd_13789.log
-rw------- 1 cc cc    768 Mar 29 03:40 synergy4_parser_13789.log
-rw------- 1 cc cc  50721 Mar 29 03:42 synergy4_tsd_13789.log
srwxrwxr-x 1 cc cc      0 Mar 29 03:40 tsd1
~~~~~~ ls -l /dev/shm
total 7832
-rwxrwxr-x 1 cc cc 4000000 Mar 29 03:41 matrix-pull
-rwxrwxr-x 1 cc cc 4000000 Mar 29 03:41 matrix-push
-rwxrwxr-x 1 cc cc      32 Mar 29 03:40 sem.matrix-pull-rsem
-rwxrwxr-x 1 cc cc      32 Mar 29 03:40 sem.matrix-pull-wsem
-rwxrwxr-x 1 cc cc      32 Mar 29 03:40 sem.matrix-push-rsem
-rwxrwxr-x 1 cc cc      32 Mar 29 03:40 sem.matrix-push-wsem
 === clean up ===
total 0
total 0
 === done ===
 *============== Launching remote tsd at 1 =============* 
 ====== tsd launch complete. You have 1 tsd instance. ====== 
cc        14100  0.0  0.0 144464  7016 ?        Sl   03:43   0:00 /home/cc/Synergy4/s4c00/cmake-build-debug/sng_tsd /home/cc/Synergy4/s4c00/etc/sng1.json /home/cc/Synergy4/s4c00/etc/synergy-log.conf
cc        14102  0.0  0.0  12944   988 ?        S    03:43   0:00 grep sng_tsd
 ============================================================ 
 === before clean up === 
~~~~~~ ls -l /tmp
total 28
-rw------- 1 cc cc 13095 Mar 29 03:42 synergy4_p2pmd_4690.log
-rw------- 1 cc cc   768 Mar 29 03:40 synergy4_parser_4690.log
-rw------- 1 cc cc  6979 Mar 29 03:42 synergy4_tsd_4690.log
srwxrwxr-x 1 cc cc     0 Mar 29 03:40 tsd1
~~~~~~ ls -l /dev/shm
total 16
-rwxrwxr-x 1 cc cc 4000000 Mar 29 03:40 matrix-pull
-rwxrwxr-x 1 cc cc 4000000 Mar 29 03:40 matrix-push
-rwxrwxr-x 1 cc cc      32 Mar 29 03:40 sem.matrix-pull-rsem
-rwxrwxr-x 1 cc cc      32 Mar 29 03:40 sem.matrix-pull-wsem
-rwxrwxr-x 1 cc cc      32 Mar 29 03:40 sem.matrix-push-rsem
-rwxrwxr-x 1 cc cc      32 Mar 29 03:40 sem.matrix-push-wsem
 === clean up ===
total 0
total 0
 === done ===
 *============== Launching remote tsd at 2 =============* 
 ====== tsd launch complete. You have 1 tsd instance. ====== 
cc         5171  0.0  0.0 144464  4924 ?        Sl   03:43   0:00 /home/cc/Synergy4/s4c00/cmake-build-debug/sng_tsd /home/cc/Synergy4/s4c00/etc/sng2.json /home/cc/Synergy4/s4c00/etc/synergy-log.conf
cc         5173  0.0  0.0  12944  1084 ?        S    03:43   0:00 grep sng_tsd
 ============================================================ 
 === before clean up === 
~~~~~~ ls -l /tmp
total 28
-rw------- 1 cc cc 13102 Mar 29 03:42 synergy4_p2pmd_194280.log
-rw------- 1 cc cc   764 Mar 29 03:40 synergy4_parser_194280.log
-rw------- 1 cc cc  7107 Mar 29 03:42 synergy4_tsd_194280.log
srwxrwxr-x 1 cc cc     0 Mar 29 03:40 tsd1
~~~~~~ ls -l /dev/shm
total 16
-rwxrwxr-x 1 cc cc 4000000 Mar 29 03:40 matrix-pull
-rwxrwxr-x 1 cc cc 4000000 Mar 29 03:40 matrix-push
-rwxrwxr-x 1 cc cc      32 Mar 29 03:40 sem.matrix-pull-rsem
-rwxrwxr-x 1 cc cc      32 Mar 29 03:40 sem.matrix-pull-wsem
-rwxrwxr-x 1 cc cc      32 Mar 29 03:40 sem.matrix-push-rsem
-rwxrwxr-x 1 cc cc      32 Mar 29 03:40 sem.matrix-push-wsem
 === clean up ===
total 0
total 0
 === done ===
 *============== Launching remote tsd at 3 =============* 
 ====== tsd launch complete. You have 1 tsd instance. ====== 
cc       194745  0.0  0.0 144464  4992 ?        Sl   03:43   0:00 /home/cc/Synergy4/s4c00/cmake-build-debug/sng_tsd /home/cc/Synergy4/s4c00/etc/sng3.json /home/cc/Synergy4/s4c00/etc/synergy-log.conf
cc       194747  0.0  0.0  12944   960 ?        S    03:43   0:00 grep sng_tsd
 ============================================================ 
