 === before clean up === 
~~~~~~ ls -l /tmp
total 900
-rw------- 1 cc cc 612268 Mar 29 02:08 synergy4_2111.log
-rw------- 1 cc cc   9356 Mar 29 02:08 synergy4_p2pmd_2111.log
-rw------- 1 cc cc    768 Mar 29 02:05 synergy4_parser_2111.log
-rw------- 1 cc cc 278678 Mar 29 02:08 synergy4_tsd_2111.log
srwxrwxr-x 1 cc cc      0 Mar 29 02:05 tsd1
~~~~~~ ls -l /dev/shm
total 7832
-rwxrwxr-x 1 cc cc 4000000 Mar 29 02:07 matrix-pull
-rwxrwxr-x 1 cc cc 4000000 Mar 29 02:07 matrix-push
-rwxrwxr-x 1 cc cc      32 Mar 29 02:05 sem.matrix-pull-rsem
-rwxrwxr-x 1 cc cc      32 Mar 29 02:05 sem.matrix-pull-wsem
-rwxrwxr-x 1 cc cc      32 Mar 29 02:05 sem.matrix-push-rsem
-rwxrwxr-x 1 cc cc      32 Mar 29 02:05 sem.matrix-push-wsem
 === clean up ===
total 0
total 0
 === done ===
 *============== Launching remote tsd at 1 =============* 
 ====== tsd launch complete. You have 1 tsd instance. ====== 
cc         2443  0.0  0.0 144464  5008 ?        Sl   02:08   0:00 /home/cc/Synergy4/s4c00/cmake-build-debug/sng_tsd /home/cc/Synergy4/s4c00/etc/sng1.json /home/cc/Synergy4/s4c00/etc/synergy-log.conf
cc         2445  0.0  0.0  12944   944 ?        S    02:08   0:00 grep sng_tsd
 ============================================================ 
 === before clean up === 
~~~~~~ ls -l /tmp
total 28
-rw------- 1 cc cc 12884 Mar 29 02:08 synergy4_p2pmd_183954.log
-rw------- 1 cc cc   768 Mar 29 02:05 synergy4_parser_183954.log
-rw------- 1 cc cc  7107 Mar 29 02:08 synergy4_tsd_183954.log
srwxrwxr-x 1 cc cc     0 Mar 29 02:05 tsd1
~~~~~~ ls -l /dev/shm
total 16
-rwxrwxr-x 1 cc cc 4000000 Mar 29 02:05 matrix-pull
-rwxrwxr-x 1 cc cc 4000000 Mar 29 02:05 matrix-push
-rwxrwxr-x 1 cc cc      32 Mar 29 02:05 sem.matrix-pull-rsem
-rwxrwxr-x 1 cc cc      32 Mar 29 02:05 sem.matrix-pull-wsem
-rwxrwxr-x 1 cc cc      32 Mar 29 02:05 sem.matrix-push-rsem
-rwxrwxr-x 1 cc cc      32 Mar 29 02:05 sem.matrix-push-wsem
 === clean up ===
total 0
total 0
 === done ===
 *============== Launching remote tsd at 2 =============* 
 ====== tsd launch complete. You have 1 tsd instance. ====== 
cc       184460  0.0  0.0 144464  4984 ?        Sl   02:08   0:00 /home/cc/Synergy4/s4c00/cmake-build-debug/sng_tsd /home/cc/Synergy4/s4c00/etc/sng2.json /home/cc/Synergy4/s4c00/etc/synergy-log.conf
cc       184462  0.0  0.0  12944   964 ?        S    02:08   0:00 grep sng_tsd
 ============================================================ 
 === before clean up === 
~~~~~~ ls -l /tmp
total 28
-rw------- 1 cc cc 12879 Mar 29 02:08 synergy4_p2pmd_177796.log
-rw------- 1 cc cc   764 Mar 29 02:05 synergy4_parser_177796.log
-rw------- 1 cc cc  7107 Mar 29 02:08 synergy4_tsd_177796.log
srwxrwxr-x 1 cc cc     0 Mar 29 02:05 tsd1
~~~~~~ ls -l /dev/shm
total 16
-rwxrwxr-x 1 cc cc 4000000 Mar 29 02:05 matrix-pull
-rwxrwxr-x 1 cc cc 4000000 Mar 29 02:05 matrix-push
-rwxrwxr-x 1 cc cc      32 Mar 29 02:05 sem.matrix-pull-rsem
-rwxrwxr-x 1 cc cc      32 Mar 29 02:05 sem.matrix-pull-wsem
-rwxrwxr-x 1 cc cc      32 Mar 29 02:05 sem.matrix-push-rsem
-rwxrwxr-x 1 cc cc      32 Mar 29 02:05 sem.matrix-push-wsem
 === clean up ===
total 0
total 0
 === done ===
 *============== Launching remote tsd at 3 =============* 
 ====== tsd launch complete. You have 1 tsd instance. ====== 
cc       178279  0.0  0.0 144464  4940 ?        Sl   02:08   0:00 /home/cc/Synergy4/s4c00/cmake-build-debug/sng_tsd /home/cc/Synergy4/s4c00/etc/sng3.json /home/cc/Synergy4/s4c00/etc/synergy-log.conf
cc       178281  0.0  0.0  12944   932 ?        S    02:08   0:00 grep sng_tsd
 ============================================================ 
