 === before clean up === 
~~~~~~ ls -l /tmp
total 1064
-rw------- 1 cc cc 640922 Mar 29 03:47 synergy4_14474.log
-rw------- 1 cc cc   6924 Mar 29 03:47 synergy4_p2pmd_14474.log
-rw------- 1 cc cc    768 Mar 29 03:45 synergy4_parser_14474.log
-rw------- 1 cc cc 424993 Mar 29 03:47 synergy4_tsd_14474.log
srwxrwxr-x 1 cc cc      0 Mar 29 03:45 tsd1
~~~~~~ ls -l /dev/shm
total 7832
-rwxrwxr-x 1 cc cc 4000000 Mar 29 03:46 matrix-pull
-rwxrwxr-x 1 cc cc 4000000 Mar 29 03:46 matrix-push
-rwxrwxr-x 1 cc cc      32 Mar 29 03:45 sem.matrix-pull-rsem
-rwxrwxr-x 1 cc cc      32 Mar 29 03:45 sem.matrix-pull-wsem
-rwxrwxr-x 1 cc cc      32 Mar 29 03:45 sem.matrix-push-rsem
-rwxrwxr-x 1 cc cc      32 Mar 29 03:45 sem.matrix-push-wsem
 === clean up ===
total 0
total 0
 === done ===
 *============== Launching remote tsd at 1 =============* 
 ====== tsd launch complete. You have 1 tsd instance. ====== 
cc        14789  0.0  0.0 144464  7004 ?        Sl   03:47   0:00 /home/cc/Synergy4/s4c00/cmake-build-debug/sng_tsd /home/cc/Synergy4/s4c00/etc/sng1.json /home/cc/Synergy4/s4c00/etc/synergy-log.conf
cc        14791  0.0  0.0  12944   936 ?        S    03:47   0:00 grep sng_tsd
 ============================================================ 
 === before clean up === 
~~~~~~ ls -l /tmp
total 24
-rw------- 1 cc cc 12082 Mar 29 03:47 synergy4_p2pmd_5659.log
-rw------- 1 cc cc   768 Mar 29 03:45 synergy4_parser_5659.log
-rw------- 1 cc cc  6979 Mar 29 03:47 synergy4_tsd_5659.log
srwxrwxr-x 1 cc cc     0 Mar 29 03:45 tsd1
~~~~~~ ls -l /dev/shm
total 16
-rwxrwxr-x 1 cc cc 4000000 Mar 29 03:45 matrix-pull
-rwxrwxr-x 1 cc cc 4000000 Mar 29 03:45 matrix-push
-rwxrwxr-x 1 cc cc      32 Mar 29 03:45 sem.matrix-pull-rsem
-rwxrwxr-x 1 cc cc      32 Mar 29 03:45 sem.matrix-pull-wsem
-rwxrwxr-x 1 cc cc      32 Mar 29 03:45 sem.matrix-push-rsem
-rwxrwxr-x 1 cc cc      32 Mar 29 03:45 sem.matrix-push-wsem
 === clean up ===
total 0
total 0
 === done ===
 *============== Launching remote tsd at 2 =============* 
 ====== tsd launch complete. You have 1 tsd instance. ====== 
cc         6140  0.0  0.0 144464  4864 ?        Sl   03:47   0:00 /home/cc/Synergy4/s4c00/cmake-build-debug/sng_tsd /home/cc/Synergy4/s4c00/etc/sng2.json /home/cc/Synergy4/s4c00/etc/synergy-log.conf
cc         6142  0.0  0.0  12944  1016 ?        S    03:47   0:00 grep sng_tsd
 ============================================================ 
 === before clean up === 
~~~~~~ ls -l /tmp
total 28
-rw------- 1 cc cc 12374 Mar 29 03:47 synergy4_p2pmd_195225.log
-rw------- 1 cc cc   764 Mar 29 03:45 synergy4_parser_195225.log
-rw------- 1 cc cc  7107 Mar 29 03:47 synergy4_tsd_195225.log
srwxrwxr-x 1 cc cc     0 Mar 29 03:45 tsd1
~~~~~~ ls -l /dev/shm
total 16
-rwxrwxr-x 1 cc cc 4000000 Mar 29 03:45 matrix-pull
-rwxrwxr-x 1 cc cc 4000000 Mar 29 03:45 matrix-push
-rwxrwxr-x 1 cc cc      32 Mar 29 03:45 sem.matrix-pull-rsem
-rwxrwxr-x 1 cc cc      32 Mar 29 03:45 sem.matrix-pull-wsem
-rwxrwxr-x 1 cc cc      32 Mar 29 03:45 sem.matrix-push-rsem
-rwxrwxr-x 1 cc cc      32 Mar 29 03:45 sem.matrix-push-wsem
 === clean up ===
total 0
total 0
 === done ===
 *============== Launching remote tsd at 3 =============* 
 ====== tsd launch complete. You have 1 tsd instance. ====== 
cc       195693  0.0  0.0 144464  5032 ?        Sl   03:47   0:00 /home/cc/Synergy4/s4c00/cmake-build-debug/sng_tsd /home/cc/Synergy4/s4c00/etc/sng3.json /home/cc/Synergy4/s4c00/etc/synergy-log.conf
cc       195695  0.0  0.0  12944   924 ?        S    03:47   0:00 grep sng_tsd
 ============================================================ 
