 === before clean up === 
~~~~~~ ls -l /tmp
total 664
-rw------- 1 cc cc 560768 Mar 29 03:11 synergy4_9467.log
-rw------- 1 cc cc   7054 Mar 29 03:11 synergy4_p2pmd_9467.log
-rw------- 1 cc cc    768 Mar 29 03:08 synergy4_parser_9467.log
-rw------- 1 cc cc 102977 Mar 29 03:11 synergy4_tsd_9467.log
srwxrwxr-x 1 cc cc      0 Mar 29 03:08 tsd1
~~~~~~ ls -l /dev/shm
total 7832
-rwxrwxr-x 1 cc cc 4000000 Mar 29 03:10 matrix-pull
-rwxrwxr-x 1 cc cc 4000000 Mar 29 03:10 matrix-push
-rwxrwxr-x 1 cc cc      32 Mar 29 03:08 sem.matrix-pull-rsem
-rwxrwxr-x 1 cc cc      32 Mar 29 03:08 sem.matrix-pull-wsem
-rwxrwxr-x 1 cc cc      32 Mar 29 03:08 sem.matrix-push-rsem
-rwxrwxr-x 1 cc cc      32 Mar 29 03:08 sem.matrix-push-wsem
 === clean up ===
total 0
total 0
 === done ===
 *============== Launching remote tsd at 1 =============* 
 ====== tsd launch complete. You have 1 tsd instance. ====== 
cc         9772  0.0  0.0 144464  4880 ?        Sl   03:11   0:00 /home/cc/Synergy4/s4c00/cmake-build-debug/sng_tsd /home/cc/Synergy4/s4c00/etc/sng1.json /home/cc/Synergy4/s4c00/etc/synergy-log.conf
cc         9774  0.0  0.0  12944  1088 ?        S    03:11   0:00 grep sng_tsd
 ============================================================ 
 === before clean up === 
~~~~~~ ls -l /tmp
total 28
-rw------- 1 cc cc 13190 Mar 29 03:11 synergy4_p2pmd_195073.log
-rw------- 1 cc cc   768 Mar 29 03:08 synergy4_parser_195073.log
-rw------- 1 cc cc  7107 Mar 29 03:11 synergy4_tsd_195073.log
srwxrwxr-x 1 cc cc     0 Mar 29 03:08 tsd1
~~~~~~ ls -l /dev/shm
total 16
-rwxrwxr-x 1 cc cc 4000000 Mar 29 03:08 matrix-pull
-rwxrwxr-x 1 cc cc 4000000 Mar 29 03:08 matrix-push
-rwxrwxr-x 1 cc cc      32 Mar 29 03:08 sem.matrix-pull-rsem
-rwxrwxr-x 1 cc cc      32 Mar 29 03:08 sem.matrix-pull-wsem
-rwxrwxr-x 1 cc cc      32 Mar 29 03:08 sem.matrix-push-rsem
-rwxrwxr-x 1 cc cc      32 Mar 29 03:08 sem.matrix-push-wsem
 === clean up ===
total 0
total 0
 === done ===
 *============== Launching remote tsd at 2 =============* 
 ====== tsd launch complete. You have 1 tsd instance. ====== 
cc       195554  0.0  0.0 144464  7008 ?        Sl   03:11   0:00 /home/cc/Synergy4/s4c00/cmake-build-debug/sng_tsd /home/cc/Synergy4/s4c00/etc/sng2.json /home/cc/Synergy4/s4c00/etc/synergy-log.conf
cc       195556  0.0  0.0  12944   976 ?        S    03:11   0:00 grep sng_tsd
 ============================================================ 
 === before clean up === 
~~~~~~ ls -l /tmp
total 28
-rw------- 1 cc cc 14094 Mar 29 03:11 synergy4_p2pmd_188642.log
-rw------- 1 cc cc   764 Mar 29 03:08 synergy4_parser_188642.log
-rw------- 1 cc cc  7107 Mar 29 03:11 synergy4_tsd_188642.log
srwxrwxr-x 1 cc cc     0 Mar 29 03:08 tsd1
~~~~~~ ls -l /dev/shm
total 16
-rwxrwxr-x 1 cc cc 4000000 Mar 29 03:08 matrix-pull
-rwxrwxr-x 1 cc cc 4000000 Mar 29 03:08 matrix-push
-rwxrwxr-x 1 cc cc      32 Mar 29 03:08 sem.matrix-pull-rsem
-rwxrwxr-x 1 cc cc      32 Mar 29 03:08 sem.matrix-pull-wsem
-rwxrwxr-x 1 cc cc      32 Mar 29 03:08 sem.matrix-push-rsem
-rwxrwxr-x 1 cc cc      32 Mar 29 03:08 sem.matrix-push-wsem
 === clean up ===
total 0
total 0
 === done ===
 *============== Launching remote tsd at 3 =============* 
 ====== tsd launch complete. You have 1 tsd instance. ====== 
cc       189107  0.0  0.0 144464  6908 ?        Sl   03:11   0:00 /home/cc/Synergy4/s4c00/cmake-build-debug/sng_tsd /home/cc/Synergy4/s4c00/etc/sng3.json /home/cc/Synergy4/s4c00/etc/synergy-log.conf
cc       189109  0.0  0.0  12944   980 ?        S    03:11   0:00 grep sng_tsd
 ============================================================ 
