 === before clean up === 
~~~~~~ ls -l /tmp
total 8
-rw------- 1 cc cc 768 Mar 29 06:02 synergy4_parser_37586.log
-rw------- 1 cc cc 473 Mar 29 06:02 synergy4_tsd_37586.log
srwxrwxr-x 1 cc cc   0 Mar 29 06:02 tsd1
~~~~~~ ls -l /dev/shm
total 16
-rwxrwxr-x 1 cc cc 4000000 Mar 29 06:02 matrix-pull
-rwxrwxr-x 1 cc cc 4000000 Mar 29 06:02 matrix-push
-rwxrwxr-x 1 cc cc      32 Mar 29 06:02 sem.matrix-pull-rsem
-rwxrwxr-x 1 cc cc      32 Mar 29 06:02 sem.matrix-pull-wsem
-rwxrwxr-x 1 cc cc      32 Mar 29 06:02 sem.matrix-push-rsem
-rwxrwxr-x 1 cc cc      32 Mar 29 06:02 sem.matrix-push-wsem
 === clean up ===
total 0
total 0
 === done ===
 *============== Launching remote tsd at 1 =============* 
 ====== tsd launch complete. You have 1 tsd instance. ====== 
cc        37682  0.0  0.0 144464  5028 ?        Sl   06:02   0:00 /home/cc/Synergy4/s4c00/cmake-build-debug/sng_tsd /home/cc/Synergy4/s4c00/etc/sng1.json /home/cc/Synergy4/s4c00/etc/synergy-log.conf
cc        37684  0.0  0.0  12944   968 ?        S    06:02   0:00 grep sng_tsd
 ============================================================ 
 === before clean up === 
~~~~~~ ls -l /tmp
total 8
-rw------- 1 cc cc 768 Mar 29 06:02 synergy4_parser_35466.log
-rw------- 1 cc cc 473 Mar 29 06:02 synergy4_tsd_35466.log
srwxrwxr-x 1 cc cc   0 Mar 29 06:02 tsd1
~~~~~~ ls -l /dev/shm
total 16
-rwxrwxr-x 1 cc cc 4000000 Mar 29 06:02 matrix-pull
-rwxrwxr-x 1 cc cc 4000000 Mar 29 06:02 matrix-push
-rwxrwxr-x 1 cc cc      32 Mar 29 06:02 sem.matrix-pull-rsem
-rwxrwxr-x 1 cc cc      32 Mar 29 06:02 sem.matrix-pull-wsem
-rwxrwxr-x 1 cc cc      32 Mar 29 06:02 sem.matrix-push-rsem
-rwxrwxr-x 1 cc cc      32 Mar 29 06:02 sem.matrix-push-wsem
 === clean up ===
total 0
total 0
 === done ===
 *============== Launching remote tsd at 2 =============* 
 ====== tsd launch complete. You have 1 tsd instance. ====== 
cc        35554  0.0  0.0  12944  1020 ?        S    06:02   0:00 grep sng_tsd
 ============================================================ 
 === before clean up === 
~~~~~~ ls -l /tmp
total 8
-rw------- 1 cc cc 764 Mar 29 06:03 synergy4_parser_27207.log
-rw------- 1 cc cc 326 Mar 29 06:03 synergy4_tsd_27207.log
srwxrwxr-x 1 cc cc   0 Mar 29 06:03 tsd1
~~~~~~ ls -l /dev/shm
total 0
 === clean up ===
total 0
total 0
 === done ===
 *============== Launching remote tsd at 3 =============* 
 ====== tsd launch complete. You have 1 tsd instance. ====== 
cc        27300  0.0  0.0  12944   976 ?        S    06:03   0:00 grep sng_tsd
 ============================================================ 
 === before clean up === 
~~~~~~ ls -l /tmp
total 16
-rw------- 1 cc cc 768 Mar 29 06:03 synergy4_parser_16328.log
-rw------- 1 cc cc 768 Mar 29 06:03 synergy4_parser_16329.log
-rw------- 1 cc cc 473 Mar 29 06:03 synergy4_tsd_16328.log
-rw------- 1 cc cc 326 Mar 29 06:03 synergy4_tsd_16329.log
srwxrwxr-x 1 cc cc   0 Mar 29 06:03 tsd1
~~~~~~ ls -l /dev/shm
total 16
-rwxrwxr-x 1 cc cc 4000000 Mar 29 06:03 matrix-pull
-rwxrwxr-x 1 cc cc 4000000 Mar 29 06:03 matrix-push
-rwxrwxr-x 1 cc cc      32 Mar 29 06:03 sem.matrix-pull-rsem
-rwxrwxr-x 1 cc cc      32 Mar 29 06:03 sem.matrix-pull-wsem
-rwxrwxr-x 1 cc cc      32 Mar 29 06:03 sem.matrix-push-rsem
-rwxrwxr-x 1 cc cc      32 Mar 29 06:03 sem.matrix-push-wsem
 === clean up ===
total 0
total 0
 === done ===
 *============== Launching remote tsd at 4 =============* 
 ====== tsd launch complete. You have 1 tsd instance. ====== 
cc        16428  0.0  0.0 144464  6976 ?        Sl   06:03   0:00 /home/cc/Synergy4/s4c00/cmake-build-debug/sng_tsd /home/cc/Synergy4/s4c00/etc/sng4.json /home/cc/Synergy4/s4c00/etc/synergy-log.conf
cc        16431  0.0  0.0  12944   928 ?        S    06:03   0:00 grep sng_tsd
 ============================================================ 
 === before clean up === 
~~~~~~ ls -l /tmp
total 16
-rw------- 1 cc cc 768 Mar 29 06:03 synergy4_parser_160811.log
-rw------- 1 cc cc 768 Mar 29 06:03 synergy4_parser_160815.log
-rw------- 1 cc cc 477 Mar 29 06:03 synergy4_tsd_160811.log
-rw------- 1 cc cc 329 Mar 29 06:03 synergy4_tsd_160815.log
srwxrwxr-x 1 cc cc   0 Mar 29 06:03 tsd1
~~~~~~ ls -l /dev/shm
total 16
-rwxrwxr-x 1 cc cc 4000000 Mar 29 06:03 matrix-pull
-rwxrwxr-x 1 cc cc 4000000 Mar 29 06:03 matrix-push
-rwxrwxr-x 1 cc cc      32 Mar 29 06:03 sem.matrix-pull-rsem
-rwxrwxr-x 1 cc cc      32 Mar 29 06:03 sem.matrix-pull-wsem
-rwxrwxr-x 1 cc cc      32 Mar 29 06:03 sem.matrix-push-rsem
-rwxrwxr-x 1 cc cc      32 Mar 29 06:03 sem.matrix-push-wsem
 === clean up ===
total 0
total 0
 === done ===
 *============== Launching remote tsd at 5 =============* 
 ====== tsd launch complete. You have 1 tsd instance. ====== 
cc       160919  0.0  0.0 144464  4932 ?        Sl   06:03   0:00 /home/cc/Synergy4/s4c00/cmake-build-debug/sng_tsd /home/cc/Synergy4/s4c00/etc/sng5.json /home/cc/Synergy4/s4c00/etc/synergy-log.conf
cc       160924  0.0  0.0  12944   944 ?        S    06:03   0:00 grep sng_tsd
 ============================================================ 
 === before clean up === 
~~~~~~ ls -l /tmp
total 8
-rw------- 1 cc cc 768 Mar 29 06:03 synergy4_parser_159865.log
-rw------- 1 cc cc 477 Mar 29 06:03 synergy4_tsd_159865.log
srwxrwxr-x 1 cc cc   0 Mar 29 06:03 tsd1
~~~~~~ ls -l /dev/shm
total 16
-rwxrwxr-x 1 cc cc 4000000 Mar 29 06:03 matrix-pull
-rwxrwxr-x 1 cc cc 4000000 Mar 29 06:03 matrix-push
-rwxrwxr-x 1 cc cc      32 Mar 29 06:03 sem.matrix-pull-rsem
-rwxrwxr-x 1 cc cc      32 Mar 29 06:03 sem.matrix-pull-wsem
-rwxrwxr-x 1 cc cc      32 Mar 29 06:03 sem.matrix-push-rsem
-rwxrwxr-x 1 cc cc      32 Mar 29 06:03 sem.matrix-push-wsem
 === clean up ===
total 0
total 0
 === done ===
 *============== Launching remote tsd at 6 =============* 
 ====== tsd launch complete. You have 1 tsd instance. ====== 
cc       159865  0.0  0.0 144464  6972 ?        Sl   06:03   0:00 /home/cc/Synergy4/s4c00/cmake-build-debug/sng_tsd /home/cc/Synergy4/s4c00/etc/sng6.json /home/cc/Synergy4/s4c00/etc/synergy-log.conf
cc       159882  0.0  0.0  12944   928 ?        S    06:03   0:00 grep sng_tsd
 ============================================================ 
