 === before clean up === 
~~~~~~ ls -l /tmp
total 536
-rw------- 1 cc cc 346213 Mar 29 05:41 synergy4_30162.log
-rw------- 1 cc cc   6405 Mar 29 05:42 synergy4_p2pmd_30162.log
-rw------- 1 cc cc    768 Mar 29 05:41 synergy4_parser_30162.log
-rw------- 1 cc cc 186193 Mar 29 05:42 synergy4_tsd_30162.log
srwxrwxr-x 1 cc cc      0 Mar 29 05:41 tsd1
~~~~~~ ls -l /dev/shm
total 7832
-rwxrwxr-x 1 cc cc 4000000 Mar 29 05:41 matrix-pull
-rwxrwxr-x 1 cc cc 4000000 Mar 29 05:41 matrix-push
-rwxrwxr-x 1 cc cc      32 Mar 29 05:41 sem.matrix-pull-rsem
-rwxrwxr-x 1 cc cc      32 Mar 29 05:41 sem.matrix-pull-wsem
-rwxrwxr-x 1 cc cc      32 Mar 29 05:41 sem.matrix-push-rsem
-rwxrwxr-x 1 cc cc      32 Mar 29 05:41 sem.matrix-push-wsem
 === clean up ===
total 0
total 0
 === done ===
 *============== Launching remote tsd at 1 =============* 
 ====== tsd launch complete. You have 1 tsd instance. ====== 
cc        30754  0.0  0.0 144464  4944 ?        Sl   05:42   0:00 /home/cc/Synergy4/s4c00/cmake-build-debug/sng_tsd /home/cc/Synergy4/s4c00/etc/sng1.json /home/cc/Synergy4/s4c00/etc/synergy-log.conf
cc        30756  0.0  0.0  12944   980 ?        S    05:42   0:00 grep sng_tsd
 ============================================================ 
 === before clean up === 
~~~~~~ ls -l /tmp
total 12
-rw------- 1 cc cc 2604 Mar 29 05:42 synergy4_p2pmd_28822.log
-rw------- 1 cc cc  768 Mar 29 05:41 synergy4_parser_28822.log
-rw------- 1 cc cc 3973 Mar 29 05:41 synergy4_tsd_28822.log
srwxrwxr-x 1 cc cc    0 Mar 29 05:41 tsd1
~~~~~~ ls -l /dev/shm
total 16
-rwxrwxr-x 1 cc cc 4000000 Mar 29 05:41 matrix-pull
-rwxrwxr-x 1 cc cc 4000000 Mar 29 05:41 matrix-push
-rwxrwxr-x 1 cc cc      32 Mar 29 05:41 sem.matrix-pull-rsem
-rwxrwxr-x 1 cc cc      32 Mar 29 05:41 sem.matrix-pull-wsem
-rwxrwxr-x 1 cc cc      32 Mar 29 05:41 sem.matrix-push-rsem
-rwxrwxr-x 1 cc cc      32 Mar 29 05:41 sem.matrix-push-wsem
 === clean up ===
total 0
total 0
 === done ===
 *============== Launching remote tsd at 2 =============* 
 ====== tsd launch complete. You have 1 tsd instance. ====== 
cc        29433  0.0  0.0 144464  6972 ?        Sl   05:42   0:00 /home/cc/Synergy4/s4c00/cmake-build-debug/sng_tsd /home/cc/Synergy4/s4c00/etc/sng2.json /home/cc/Synergy4/s4c00/etc/synergy-log.conf
cc        29435  0.0  0.0  12944   932 ?        S    05:42   0:00 grep sng_tsd
 ============================================================ 
 === before clean up === 
~~~~~~ ls -l /tmp
total 8
-rw------- 1 cc cc 764 Mar 29 05:33 synergy4_parser_21116.log
-rw------- 1 cc cc 473 Mar 29 05:33 synergy4_tsd_21116.log
srwxrwxr-x 1 cc cc   0 Mar 29 05:33 tsd1
~~~~~~ ls -l /dev/shm
total 16
-rwxrwxr-x 1 cc cc 4000000 Mar 29 05:33 matrix-pull
-rwxrwxr-x 1 cc cc 4000000 Mar 29 05:33 matrix-push
-rwxrwxr-x 1 cc cc      32 Mar 29 05:33 sem.matrix-pull-rsem
-rwxrwxr-x 1 cc cc      32 Mar 29 05:33 sem.matrix-pull-wsem
-rwxrwxr-x 1 cc cc      32 Mar 29 05:33 sem.matrix-push-rsem
-rwxrwxr-x 1 cc cc      32 Mar 29 05:33 sem.matrix-push-wsem
 === clean up ===
total 0
total 0
 === done ===
 *============== Launching remote tsd at 3 =============* 
 ====== tsd launch complete. You have 1 tsd instance. ====== 
cc        22130  0.0  0.0 144464  7036 ?        Sl   05:42   0:00 /home/cc/Synergy4/s4c00/cmake-build-debug/sng_tsd /home/cc/Synergy4/s4c00/etc/sng3.json /home/cc/Synergy4/s4c00/etc/synergy-log.conf
cc        22132  0.0  0.0  12944   980 ?        S    05:42   0:00 grep sng_tsd
 ============================================================ 
