 === before clean up === 
~~~~~~ ls -l /tmp
total 944
-rw------- 1 cc cc 642386 Mar 29 02:05 synergy4_1802.log
-rw------- 1 cc cc  10730 Mar 29 02:05 synergy4_p2pmd_1802.log
-rw------- 1 cc cc    768 Mar 29 02:02 synergy4_parser_1802.log
-rw------- 1 cc cc 296245 Mar 29 02:05 synergy4_tsd_1802.log
srwxrwxr-x 1 cc cc      0 Mar 29 02:02 tsd1
~~~~~~ ls -l /dev/shm
total 7832
-rwxrwxr-x 1 cc cc 4000000 Mar 29 02:04 matrix-pull
-rwxrwxr-x 1 cc cc 4000000 Mar 29 02:04 matrix-push
-rwxrwxr-x 1 cc cc      32 Mar 29 02:02 sem.matrix-pull-rsem
-rwxrwxr-x 1 cc cc      32 Mar 29 02:02 sem.matrix-pull-wsem
-rwxrwxr-x 1 cc cc      32 Mar 29 02:02 sem.matrix-push-rsem
-rwxrwxr-x 1 cc cc      32 Mar 29 02:02 sem.matrix-push-wsem
 === clean up ===
total 0
total 0
 === done ===
 *============== Launching remote tsd at 1 =============* 
 ====== tsd launch complete. You have 1 tsd instance. ====== 
cc         2111  0.0  0.0 144464  6964 ?        Sl   02:05   0:00 /home/cc/Synergy4/s4c00/cmake-build-debug/sng_tsd /home/cc/Synergy4/s4c00/etc/sng1.json /home/cc/Synergy4/s4c00/etc/synergy-log.conf
cc         2113  0.0  0.0  12944   928 ?        S    02:05   0:00 grep sng_tsd
 ============================================================ 
 === before clean up === 
~~~~~~ ls -l /tmp
total 28
-rw------- 1 cc cc 14707 Mar 29 02:05 synergy4_p2pmd_183469.log
-rw------- 1 cc cc   768 Mar 29 02:02 synergy4_parser_183469.log
-rw------- 1 cc cc  7107 Mar 29 02:05 synergy4_tsd_183469.log
srwxrwxr-x 1 cc cc     0 Mar 29 02:02 tsd1
~~~~~~ ls -l /dev/shm
total 16
-rwxrwxr-x 1 cc cc 4000000 Mar 29 02:02 matrix-pull
-rwxrwxr-x 1 cc cc 4000000 Mar 29 02:02 matrix-push
-rwxrwxr-x 1 cc cc      32 Mar 29 02:02 sem.matrix-pull-rsem
-rwxrwxr-x 1 cc cc      32 Mar 29 02:02 sem.matrix-pull-wsem
-rwxrwxr-x 1 cc cc      32 Mar 29 02:02 sem.matrix-push-rsem
-rwxrwxr-x 1 cc cc      32 Mar 29 02:02 sem.matrix-push-wsem
 === clean up ===
total 0
total 0
 === done ===
 *============== Launching remote tsd at 2 =============* 
 ====== tsd launch complete. You have 1 tsd instance. ====== 
cc       183954  0.0  0.0 144464  4848 ?        Sl   02:05   0:00 /home/cc/Synergy4/s4c00/cmake-build-debug/sng_tsd /home/cc/Synergy4/s4c00/etc/sng2.json /home/cc/Synergy4/s4c00/etc/synergy-log.conf
cc       183956  0.0  0.0  12944  1012 ?        S    02:05   0:00 grep sng_tsd
 ============================================================ 
 === before clean up === 
~~~~~~ ls -l /tmp
total 28
-rw------- 1 cc cc 13102 Mar 29 02:05 synergy4_p2pmd_177311.log
-rw------- 1 cc cc   764 Mar 29 02:02 synergy4_parser_177311.log
-rw------- 1 cc cc  7107 Mar 29 02:05 synergy4_tsd_177311.log
srwxrwxr-x 1 cc cc     0 Mar 29 02:02 tsd1
~~~~~~ ls -l /dev/shm
total 16
-rwxrwxr-x 1 cc cc 4000000 Mar 29 02:02 matrix-pull
-rwxrwxr-x 1 cc cc 4000000 Mar 29 02:02 matrix-push
-rwxrwxr-x 1 cc cc      32 Mar 29 02:02 sem.matrix-pull-rsem
-rwxrwxr-x 1 cc cc      32 Mar 29 02:02 sem.matrix-pull-wsem
-rwxrwxr-x 1 cc cc      32 Mar 29 02:02 sem.matrix-push-rsem
-rwxrwxr-x 1 cc cc      32 Mar 29 02:02 sem.matrix-push-wsem
 === clean up ===
total 0
total 0
 === done ===
 *============== Launching remote tsd at 3 =============* 
 ====== tsd launch complete. You have 1 tsd instance. ====== 
cc       177796  0.0  0.0 144464  4940 ?        Sl   02:05   0:00 /home/cc/Synergy4/s4c00/cmake-build-debug/sng_tsd /home/cc/Synergy4/s4c00/etc/sng3.json /home/cc/Synergy4/s4c00/etc/synergy-log.conf
cc       177798  0.0  0.0  12944  1012 ?        S    02:05   0:00 grep sng_tsd
 ============================================================ 
