 === before clean up === 
~~~~~~ ls -l /tmp
total 756
-rw------- 1 cc cc 608240 Mar 29 04:43 synergy4_21874.log
-rw------- 1 cc cc  28311 Mar 29 04:43 synergy4_p2pmd_21874.log
-rw------- 1 cc cc    768 Mar 29 04:40 synergy4_parser_21874.log
-rw------- 1 cc cc 121911 Mar 29 04:43 synergy4_tsd_21874.log
srwxrwxr-x 1 cc cc      0 Mar 29 04:40 tsd1
~~~~~~ ls -l /dev/shm
total 7832
-rwxrwxr-x 1 cc cc 4000000 Mar 29 04:42 matrix-pull
-rwxrwxr-x 1 cc cc 4000000 Mar 29 04:42 matrix-push
-rwxrwxr-x 1 cc cc      32 Mar 29 04:40 sem.matrix-pull-rsem
-rwxrwxr-x 1 cc cc      32 Mar 29 04:40 sem.matrix-pull-wsem
-rwxrwxr-x 1 cc cc      32 Mar 29 04:40 sem.matrix-push-rsem
-rwxrwxr-x 1 cc cc      32 Mar 29 04:40 sem.matrix-push-wsem
 === clean up ===
total 0
total 0
 === done ===
 *============== Launching remote tsd at 1 =============* 
 ====== tsd launch complete. You have 1 tsd instance. ====== 
cc        22184  0.0  0.0 144464  4880 ?        Sl   04:43   0:00 /home/cc/Synergy4/s4c00/cmake-build-debug/sng_tsd /home/cc/Synergy4/s4c00/etc/sng1.json /home/cc/Synergy4/s4c00/etc/synergy-log.conf
cc        22186  0.0  0.0  12944   988 ?        S    04:43   0:00 grep sng_tsd
 ============================================================ 
 === before clean up === 
~~~~~~ ls -l /tmp
total 32
-rw------- 1 cc cc 18479 Mar 29 04:43 synergy4_p2pmd_16844.log
-rw------- 1 cc cc   768 Mar 29 04:40 synergy4_parser_16844.log
-rw------- 1 cc cc  7043 Mar 29 04:43 synergy4_tsd_16844.log
srwxrwxr-x 1 cc cc     0 Mar 29 04:40 tsd1
~~~~~~ ls -l /dev/shm
total 16
-rwxrwxr-x 1 cc cc 4000000 Mar 29 04:40 matrix-pull
-rwxrwxr-x 1 cc cc 4000000 Mar 29 04:40 matrix-push
-rwxrwxr-x 1 cc cc      32 Mar 29 04:40 sem.matrix-pull-rsem
-rwxrwxr-x 1 cc cc      32 Mar 29 04:40 sem.matrix-pull-wsem
-rwxrwxr-x 1 cc cc      32 Mar 29 04:40 sem.matrix-push-rsem
-rwxrwxr-x 1 cc cc      32 Mar 29 04:40 sem.matrix-push-wsem
 === clean up ===
total 0
total 0
 === done ===
 *============== Launching remote tsd at 2 =============* 
 ====== tsd launch complete. You have 1 tsd instance. ====== 
cc        17328  0.0  0.0 144464  4964 ?        Sl   04:43   0:00 /home/cc/Synergy4/s4c00/cmake-build-debug/sng_tsd /home/cc/Synergy4/s4c00/etc/sng2.json /home/cc/Synergy4/s4c00/etc/synergy-log.conf
cc        17330  0.0  0.0  12944   948 ?        S    04:43   0:00 grep sng_tsd
 ============================================================ 
 === before clean up === 
~~~~~~ ls -l /tmp
total 28
-rw------- 1 cc cc 12778 Mar 29 04:43 synergy4_p2pmd_10019.log
-rw------- 1 cc cc   764 Mar 29 04:40 synergy4_parser_10019.log
-rw------- 1 cc cc  7043 Mar 29 04:43 synergy4_tsd_10019.log
srwxrwxr-x 1 cc cc     0 Mar 29 04:40 tsd1
~~~~~~ ls -l /dev/shm
total 16
-rwxrwxr-x 1 cc cc 4000000 Mar 29 04:40 matrix-pull
-rwxrwxr-x 1 cc cc 4000000 Mar 29 04:40 matrix-push
-rwxrwxr-x 1 cc cc      32 Mar 29 04:40 sem.matrix-pull-rsem
-rwxrwxr-x 1 cc cc      32 Mar 29 04:40 sem.matrix-pull-wsem
-rwxrwxr-x 1 cc cc      32 Mar 29 04:40 sem.matrix-push-rsem
-rwxrwxr-x 1 cc cc      32 Mar 29 04:40 sem.matrix-push-wsem
 === clean up ===
total 0
total 0
 === done ===
 *============== Launching remote tsd at 3 =============* 
 ====== tsd launch complete. You have 1 tsd instance. ====== 
cc        10495  0.0  0.0 144464  6908 ?        Sl   04:43   0:00 /home/cc/Synergy4/s4c00/cmake-build-debug/sng_tsd /home/cc/Synergy4/s4c00/etc/sng3.json /home/cc/Synergy4/s4c00/etc/synergy-log.conf
cc        10497  0.0  0.0  12944   932 ?        S    04:43   0:00 grep sng_tsd
 ============================================================ 
