 === before clean up === 
~~~~~~ ls -l /tmp
total 740
-rw------- 1 cc cc 585528 Mar 29 02:35 synergy4_5372.log
-rw------- 1 cc cc   7781 Mar 29 02:35 synergy4_p2pmd_5372.log
-rw------- 1 cc cc    768 Mar 29 02:33 synergy4_parser_5372.log
-rw------- 1 cc cc 155645 Mar 29 02:35 synergy4_tsd_5372.log
srwxrwxr-x 1 cc cc      0 Mar 29 02:33 tsd1
~~~~~~ ls -l /dev/shm
total 7832
-rwxrwxr-x 1 cc cc 4000000 Mar 29 02:34 matrix-pull
-rwxrwxr-x 1 cc cc 4000000 Mar 29 02:34 matrix-push
-rwxrwxr-x 1 cc cc      32 Mar 29 02:33 sem.matrix-pull-rsem
-rwxrwxr-x 1 cc cc      32 Mar 29 02:33 sem.matrix-pull-wsem
-rwxrwxr-x 1 cc cc      32 Mar 29 02:33 sem.matrix-push-rsem
-rwxrwxr-x 1 cc cc      32 Mar 29 02:33 sem.matrix-push-wsem
 === clean up ===
total 0
total 0
 === done ===
 *============== Launching remote tsd at 1 =============* 
 ====== tsd launch complete. You have 1 tsd instance. ====== 
cc         5689  0.0  0.0 144464  4876 ?        Sl   02:35   0:00 /home/cc/Synergy4/s4c00/cmake-build-debug/sng_tsd /home/cc/Synergy4/s4c00/etc/sng1.json /home/cc/Synergy4/s4c00/etc/synergy-log.conf
cc         5691  0.0  0.0  12944  1088 ?        S    02:35   0:00 grep sng_tsd
 ============================================================ 
 === before clean up === 
~~~~~~ ls -l /tmp
total 28
-rw------- 1 cc cc 13210 Mar 29 02:35 synergy4_p2pmd_188789.log
-rw------- 1 cc cc   768 Mar 29 02:33 synergy4_parser_188789.log
-rw------- 1 cc cc  7107 Mar 29 02:35 synergy4_tsd_188789.log
srwxrwxr-x 1 cc cc     0 Mar 29 02:33 tsd1
~~~~~~ ls -l /dev/shm
total 16
-rwxrwxr-x 1 cc cc 4000000 Mar 29 02:33 matrix-pull
-rwxrwxr-x 1 cc cc 4000000 Mar 29 02:33 matrix-push
-rwxrwxr-x 1 cc cc      32 Mar 29 02:33 sem.matrix-pull-rsem
-rwxrwxr-x 1 cc cc      32 Mar 29 02:33 sem.matrix-pull-wsem
-rwxrwxr-x 1 cc cc      32 Mar 29 02:33 sem.matrix-push-rsem
-rwxrwxr-x 1 cc cc      32 Mar 29 02:33 sem.matrix-push-wsem
 === clean up ===
total 0
total 0
 === done ===
 *============== Launching remote tsd at 2 =============* 
 ====== tsd launch complete. You have 1 tsd instance. ====== 
cc       189271  0.0  0.0 144464  4924 ?        Sl   02:35   0:00 /home/cc/Synergy4/s4c00/cmake-build-debug/sng_tsd /home/cc/Synergy4/s4c00/etc/sng2.json /home/cc/Synergy4/s4c00/etc/synergy-log.conf
cc       189273  0.0  0.0  12944   984 ?        S    02:35   0:00 grep sng_tsd
 ============================================================ 
 === before clean up === 
~~~~~~ ls -l /tmp
total 28
-rw------- 1 cc cc 13190 Mar 29 02:35 synergy4_p2pmd_182511.log
-rw------- 1 cc cc   764 Mar 29 02:33 synergy4_parser_182511.log
-rw------- 1 cc cc  7107 Mar 29 02:35 synergy4_tsd_182511.log
srwxrwxr-x 1 cc cc     0 Mar 29 02:33 tsd1
~~~~~~ ls -l /dev/shm
total 16
-rwxrwxr-x 1 cc cc 4000000 Mar 29 02:33 matrix-pull
-rwxrwxr-x 1 cc cc 4000000 Mar 29 02:33 matrix-push
-rwxrwxr-x 1 cc cc      32 Mar 29 02:33 sem.matrix-pull-rsem
-rwxrwxr-x 1 cc cc      32 Mar 29 02:33 sem.matrix-pull-wsem
-rwxrwxr-x 1 cc cc      32 Mar 29 02:33 sem.matrix-push-rsem
-rwxrwxr-x 1 cc cc      32 Mar 29 02:33 sem.matrix-push-wsem
 === clean up ===
total 0
total 0
 === done ===
 *============== Launching remote tsd at 3 =============* 
 ====== tsd launch complete. You have 1 tsd instance. ====== 
cc       182984  0.0  0.0 144464  4892 ?        Sl   02:35   0:00 /home/cc/Synergy4/s4c00/cmake-build-debug/sng_tsd /home/cc/Synergy4/s4c00/etc/sng3.json /home/cc/Synergy4/s4c00/etc/synergy-log.conf
cc       182986  0.0  0.0  12944   944 ?        S    02:35   0:00 grep sng_tsd
 ============================================================ 
