 === before clean up === 
~~~~~~ ls -l /tmp
total 776
-rw------- 1 cc cc 580040 Mar 29 02:22 synergy4_3773.log
-rw------- 1 cc cc  10351 Mar 29 02:22 synergy4_p2pmd_3773.log
-rw------- 1 cc cc    768 Mar 29 02:19 synergy4_parser_3773.log
-rw------- 1 cc cc 190953 Mar 29 02:22 synergy4_tsd_3773.log
srwxrwxr-x 1 cc cc      0 Mar 29 02:19 tsd1
~~~~~~ ls -l /dev/shm
total 7832
-rwxrwxr-x 1 cc cc 4000000 Mar 29 02:20 matrix-pull
-rwxrwxr-x 1 cc cc 4000000 Mar 29 02:20 matrix-push
-rwxrwxr-x 1 cc cc      32 Mar 29 02:19 sem.matrix-pull-rsem
-rwxrwxr-x 1 cc cc      32 Mar 29 02:19 sem.matrix-pull-wsem
-rwxrwxr-x 1 cc cc      32 Mar 29 02:19 sem.matrix-push-rsem
-rwxrwxr-x 1 cc cc      32 Mar 29 02:19 sem.matrix-push-wsem
 === clean up ===
total 0
total 0
 === done ===
 *============== Launching remote tsd at 1 =============* 
 ====== tsd launch complete. You have 1 tsd instance. ====== 
cc         4080  0.0  0.0 144464  4932 ?        Sl   02:22   0:00 /home/cc/Synergy4/s4c00/cmake-build-debug/sng_tsd /home/cc/Synergy4/s4c00/etc/sng1.json /home/cc/Synergy4/s4c00/etc/synergy-log.conf
cc         4082  0.0  0.0  12944   924 ?        S    02:22   0:00 grep sng_tsd
 ============================================================ 
 === before clean up === 
~~~~~~ ls -l /tmp
total 28
-rw------- 1 cc cc 13109 Mar 29 02:22 synergy4_p2pmd_186391.log
-rw------- 1 cc cc   768 Mar 29 02:19 synergy4_parser_186391.log
-rw------- 1 cc cc  7107 Mar 29 02:22 synergy4_tsd_186391.log
srwxrwxr-x 1 cc cc     0 Mar 29 02:19 tsd1
~~~~~~ ls -l /dev/shm
total 16
-rwxrwxr-x 1 cc cc 4000000 Mar 29 02:19 matrix-pull
-rwxrwxr-x 1 cc cc 4000000 Mar 29 02:19 matrix-push
-rwxrwxr-x 1 cc cc      32 Mar 29 02:19 sem.matrix-pull-rsem
-rwxrwxr-x 1 cc cc      32 Mar 29 02:19 sem.matrix-pull-wsem
-rwxrwxr-x 1 cc cc      32 Mar 29 02:19 sem.matrix-push-rsem
-rwxrwxr-x 1 cc cc      32 Mar 29 02:19 sem.matrix-push-wsem
 === clean up ===
total 0
total 0
 === done ===
 *============== Launching remote tsd at 2 =============* 
 ====== tsd launch complete. You have 1 tsd instance. ====== 
cc       186866  0.0  0.0 144464  4860 ?        Sl   02:22   0:00 /home/cc/Synergy4/s4c00/cmake-build-debug/sng_tsd /home/cc/Synergy4/s4c00/etc/sng2.json /home/cc/Synergy4/s4c00/etc/synergy-log.conf
cc       186868  0.0  0.0  12944  1028 ?        S    02:22   0:00 grep sng_tsd
 ============================================================ 
 === before clean up === 
~~~~~~ ls -l /tmp
total 28
-rw------- 1 cc cc 13104 Mar 29 02:22 synergy4_p2pmd_180157.log
-rw------- 1 cc cc   764 Mar 29 02:19 synergy4_parser_180157.log
-rw------- 1 cc cc  7107 Mar 29 02:22 synergy4_tsd_180157.log
srwxrwxr-x 1 cc cc     0 Mar 29 02:19 tsd1
~~~~~~ ls -l /dev/shm
total 16
-rwxrwxr-x 1 cc cc 4000000 Mar 29 02:19 matrix-pull
-rwxrwxr-x 1 cc cc 4000000 Mar 29 02:19 matrix-push
-rwxrwxr-x 1 cc cc      32 Mar 29 02:19 sem.matrix-pull-rsem
-rwxrwxr-x 1 cc cc      32 Mar 29 02:19 sem.matrix-pull-wsem
-rwxrwxr-x 1 cc cc      32 Mar 29 02:19 sem.matrix-push-rsem
-rwxrwxr-x 1 cc cc      32 Mar 29 02:19 sem.matrix-push-wsem
 === clean up ===
total 0
total 0
 === done ===
 *============== Launching remote tsd at 3 =============* 
 ====== tsd launch complete. You have 1 tsd instance. ====== 
cc       180630  0.0  0.0 144464  4984 ?        Sl   02:22   0:00 /home/cc/Synergy4/s4c00/cmake-build-debug/sng_tsd /home/cc/Synergy4/s4c00/etc/sng3.json /home/cc/Synergy4/s4c00/etc/synergy-log.conf
cc       180632  0.0  0.0  12944   976 ?        S    02:22   0:00 grep sng_tsd
 ============================================================ 
