 === before clean up === 
~~~~~~ ls -l /tmp
total 716
-rw------- 1 cc cc 572298 Mar 29 04:26 synergy4_19545.log
-rw------- 1 cc cc   6603 Mar 29 04:26 synergy4_p2pmd_19545.log
-rw------- 1 cc cc    768 Mar 29 04:24 synergy4_parser_19545.log
-rw------- 1 cc cc 139585 Mar 29 04:26 synergy4_tsd_19545.log
srwxrwxr-x 1 cc cc      0 Mar 29 04:24 tsd1
~~~~~~ ls -l /dev/shm
total 7832
-rwxrwxr-x 1 cc cc 4000000 Mar 29 04:25 matrix-pull
-rwxrwxr-x 1 cc cc 4000000 Mar 29 04:25 matrix-push
-rwxrwxr-x 1 cc cc      32 Mar 29 04:24 sem.matrix-pull-rsem
-rwxrwxr-x 1 cc cc      32 Mar 29 04:24 sem.matrix-pull-wsem
-rwxrwxr-x 1 cc cc      32 Mar 29 04:24 sem.matrix-push-rsem
-rwxrwxr-x 1 cc cc      32 Mar 29 04:24 sem.matrix-push-wsem
 === clean up ===
total 0
total 0
 === done ===
 *============== Launching remote tsd at 1 =============* 
 ====== tsd launch complete. You have 1 tsd instance. ====== 
cc        19860  0.0  0.0 144464  4984 ?        Sl   04:26   0:00 /home/cc/Synergy4/s4c00/cmake-build-debug/sng_tsd /home/cc/Synergy4/s4c00/etc/sng1.json /home/cc/Synergy4/s4c00/etc/synergy-log.conf
cc        19862  0.0  0.0  12944   960 ?        S    04:26   0:00 grep sng_tsd
 ============================================================ 
 === before clean up === 
~~~~~~ ls -l /tmp
total 32
-rw------- 1 cc cc 20353 Mar 29 04:26 synergy4_p2pmd_13460.log
-rw------- 1 cc cc   768 Mar 29 04:24 synergy4_parser_13460.log
-rw------- 1 cc cc  7043 Mar 29 04:26 synergy4_tsd_13460.log
srwxrwxr-x 1 cc cc     0 Mar 29 04:24 tsd1
~~~~~~ ls -l /dev/shm
total 16
-rwxrwxr-x 1 cc cc 4000000 Mar 29 04:24 matrix-pull
-rwxrwxr-x 1 cc cc 4000000 Mar 29 04:24 matrix-push
-rwxrwxr-x 1 cc cc      32 Mar 29 04:24 sem.matrix-pull-rsem
-rwxrwxr-x 1 cc cc      32 Mar 29 04:24 sem.matrix-pull-wsem
-rwxrwxr-x 1 cc cc      32 Mar 29 04:24 sem.matrix-push-rsem
-rwxrwxr-x 1 cc cc      32 Mar 29 04:24 sem.matrix-push-wsem
 === clean up ===
total 0
total 0
 === done ===
 *============== Launching remote tsd at 2 =============* 
 ====== tsd launch complete. You have 1 tsd instance. ====== 
cc        13939  0.0  0.0 144464  7064 ?        Sl   04:26   0:00 /home/cc/Synergy4/s4c00/cmake-build-debug/sng_tsd /home/cc/Synergy4/s4c00/etc/sng2.json /home/cc/Synergy4/s4c00/etc/synergy-log.conf
cc        13941  0.0  0.0  12944  1020 ?        S    04:26   0:00 grep sng_tsd
 ============================================================ 
 === before clean up === 
~~~~~~ ls -l /tmp
total 40
-rw------- 1 cc cc 27297 Mar 29 04:26 synergy4_p2pmd_6693.log
-rw------- 1 cc cc   764 Mar 29 04:24 synergy4_parser_6693.log
-rw------- 1 cc cc  6979 Mar 29 04:26 synergy4_tsd_6693.log
srwxrwxr-x 1 cc cc     0 Mar 29 04:24 tsd1
~~~~~~ ls -l /dev/shm
total 16
-rwxrwxr-x 1 cc cc 4000000 Mar 29 04:24 matrix-pull
-rwxrwxr-x 1 cc cc 4000000 Mar 29 04:24 matrix-push
-rwxrwxr-x 1 cc cc      32 Mar 29 04:24 sem.matrix-pull-rsem
-rwxrwxr-x 1 cc cc      32 Mar 29 04:24 sem.matrix-pull-wsem
-rwxrwxr-x 1 cc cc      32 Mar 29 04:24 sem.matrix-push-rsem
-rwxrwxr-x 1 cc cc      32 Mar 29 04:24 sem.matrix-push-wsem
 === clean up ===
total 0
total 0
 === done ===
 *============== Launching remote tsd at 3 =============* 
 ====== tsd launch complete. You have 1 tsd instance. ====== 
cc         7164  0.0  0.0 144464  6936 ?        Sl   04:26   0:00 /home/cc/Synergy4/s4c00/cmake-build-debug/sng_tsd /home/cc/Synergy4/s4c00/etc/sng3.json /home/cc/Synergy4/s4c00/etc/synergy-log.conf
cc         7166  0.0  0.0  12944   972 ?        S    04:26   0:00 grep sng_tsd
 ============================================================ 
