 === before clean up === 
~~~~~~ ls -l /tmp
total 8
-rw------- 1 cc cc 768 Mar 29 06:03 synergy4_parser_42571.log
-rw------- 1 cc cc 473 Mar 29 06:03 synergy4_tsd_42571.log
srwxrwxr-x 1 cc cc   0 Mar 29 06:03 tsd1
~~~~~~ ls -l /dev/shm
total 16
-rwxrwxr-x 1 cc cc 4000000 Mar 29 06:03 matrix-pull
-rwxrwxr-x 1 cc cc 4000000 Mar 29 06:03 matrix-push
-rwxrwxr-x 1 cc cc      32 Mar 29 06:03 sem.matrix-pull-rsem
-rwxrwxr-x 1 cc cc      32 Mar 29 06:03 sem.matrix-pull-wsem
-rwxrwxr-x 1 cc cc      32 Mar 29 06:03 sem.matrix-push-rsem
-rwxrwxr-x 1 cc cc      32 Mar 29 06:03 sem.matrix-push-wsem
 === clean up ===
total 0
total 0
 === done ===
 *============== Launching remote tsd at 1 =============* 
 ====== tsd launch complete. You have 1 tsd instance. ====== 
cc        42613  0.0  0.0 144464  5188 ?        Sl   06:03   0:00 /home/cc/Synergy4/s4c00/cmake-build-debug/sng_tsd /home/cc/Synergy4/s4c00/etc/sng1.json /home/cc/Synergy4/s4c00/etc/synergy-log.conf
cc        42615  0.0  0.0  12944   924 ?        S    06:03   0:00 grep sng_tsd
 ============================================================ 
 === before clean up === 
~~~~~~ ls -l /tmp
total 16
-rw------- 1 cc cc 768 Mar 29 06:03 synergy4_parser_38890.log
-rw------- 1 cc cc 768 Mar 29 06:03 synergy4_parser_38903.log
-rw------- 1 cc cc 473 Mar 29 06:03 synergy4_tsd_38890.log
-rw------- 1 cc cc 326 Mar 29 06:03 synergy4_tsd_38903.log
srwxrwxr-x 1 cc cc   0 Mar 29 06:03 tsd1
~~~~~~ ls -l /dev/shm
total 16
-rwxrwxr-x 1 cc cc 4000000 Mar 29 06:03 matrix-pull
-rwxrwxr-x 1 cc cc 4000000 Mar 29 06:03 matrix-push
-rwxrwxr-x 1 cc cc      32 Mar 29 06:03 sem.matrix-pull-rsem
-rwxrwxr-x 1 cc cc      32 Mar 29 06:03 sem.matrix-pull-wsem
-rwxrwxr-x 1 cc cc      32 Mar 29 06:03 sem.matrix-push-rsem
-rwxrwxr-x 1 cc cc      32 Mar 29 06:03 sem.matrix-push-wsem
 === clean up ===
total 0
total 0
 === done ===
 *============== Launching remote tsd at 2 =============* 
 ====== tsd launch complete. You have 1 tsd instance. ====== 
cc        39018  0.0  0.0 144464  4956 ?        Sl   06:03   0:00 /home/cc/Synergy4/s4c00/cmake-build-debug/sng_tsd /home/cc/Synergy4/s4c00/etc/sng2.json /home/cc/Synergy4/s4c00/etc/synergy-log.conf
cc        39021  0.0  0.0  12944   972 ?        S    06:03   0:00 grep sng_tsd
cc        39031  0.0  0.0  12944  1088 ?        S    06:03   0:00 grep sng_tsd
 ============================================================ 
 === before clean up === 
~~~~~~ ls -l /tmp
total 16
-rw------- 1 cc cc 764 Mar 29 06:03 synergy4_parser_30424.log
-rw------- 1 cc cc 764 Mar 29 06:03 synergy4_parser_30437.log
-rw------- 1 cc cc 473 Mar 29 06:03 synergy4_tsd_30424.log
-rw------- 1 cc cc 326 Mar 29 06:03 synergy4_tsd_30437.log
srwxrwxr-x 1 cc cc   0 Mar 29 06:03 tsd1
~~~~~~ ls -l /dev/shm
total 16
-rwxrwxr-x 1 cc cc 4000000 Mar 29 06:03 matrix-pull
-rwxrwxr-x 1 cc cc 4000000 Mar 29 06:03 matrix-push
-rwxrwxr-x 1 cc cc      32 Mar 29 06:03 sem.matrix-pull-rsem
-rwxrwxr-x 1 cc cc      32 Mar 29 06:03 sem.matrix-pull-wsem
-rwxrwxr-x 1 cc cc      32 Mar 29 06:03 sem.matrix-push-rsem
-rwxrwxr-x 1 cc cc      32 Mar 29 06:03 sem.matrix-push-wsem
 === clean up ===
total 0
total 0
 === done ===
 *============== Launching remote tsd at 3 =============* 
 ====== tsd launch complete. You have 1 tsd instance. ====== 
cc        30555  0.0  0.0 144464  4972 ?        Sl   06:03   0:00 /home/cc/Synergy4/s4c00/cmake-build-debug/sng_tsd /home/cc/Synergy4/s4c00/etc/sng3.json /home/cc/Synergy4/s4c00/etc/synergy-log.conf
cc        30557  0.0  0.0  12944   924 ?        S    06:03   0:00 grep sng_tsd
cc        30561  0.0  0.0  12944   956 ?        S    06:03   0:00 grep sng_tsd
 ============================================================ 
 === before clean up === 
~~~~~~ ls -l /tmp
total 0
~~~~~~ ls -l /dev/shm
total 0
 === clean up ===
total 16
-rw------- 1 cc cc 768 Mar 29 06:03 synergy4_parser_19541.log
-rw------- 1 cc cc 768 Mar 29 06:03 synergy4_parser_19545.log
-rw------- 1 cc cc 473 Mar 29 06:03 synergy4_tsd_19541.log
-rw------- 1 cc cc 326 Mar 29 06:03 synergy4_tsd_19545.log
srwxrwxr-x 1 cc cc   0 Mar 29 06:03 tsd1
total 16
-rwxrwxr-x 1 cc cc 4000000 Mar 29 06:03 matrix-pull
-rwxrwxr-x 1 cc cc 4000000 Mar 29 06:03 matrix-push
-rwxrwxr-x 1 cc cc      32 Mar 29 06:03 sem.matrix-pull-rsem
-rwxrwxr-x 1 cc cc      32 Mar 29 06:03 sem.matrix-pull-wsem
-rwxrwxr-x 1 cc cc      32 Mar 29 06:03 sem.matrix-push-rsem
-rwxrwxr-x 1 cc cc      32 Mar 29 06:03 sem.matrix-push-wsem
 === done ===
 *============== Launching remote tsd at 4 =============* 
 ====== tsd launch complete. You have 1 tsd instance. ====== 
cc        19541  0.0  0.0 144464  6980 ?        Sl   06:03   0:00 /home/cc/Synergy4/s4c00/cmake-build-debug/sng_tsd /home/cc/Synergy4/s4c00/etc/sng4.json /home/cc/Synergy4/s4c00/etc/synergy-log.conf
cc        19544  0.0  0.0  12944   936 ?        S    06:03   0:00 grep sng_tsd
cc        19547  0.0  0.0  12944   936 ?        S    06:03   0:00 grep sng_tsd
cc        19561  0.0  0.0  12944   936 ?        S    06:03   0:00 grep sng_tsd
 ============================================================ 
 === before clean up === 
~~~~~~ ls -l /tmp
total 16
-rw------- 1 cc cc 768 Mar 29 06:03 synergy4_parser_163875.log
-rw------- 1 cc cc 768 Mar 29 06:03 synergy4_parser_163884.log
-rw------- 1 cc cc 477 Mar 29 06:03 synergy4_tsd_163875.log
-rw------- 1 cc cc 329 Mar 29 06:03 synergy4_tsd_163884.log
srwxrwxr-x 1 cc cc   0 Mar 29 06:03 tsd1
~~~~~~ ls -l /dev/shm
total 16
-rwxrwxr-x 1 cc cc 4000000 Mar 29 06:03 matrix-pull
-rwxrwxr-x 1 cc cc 4000000 Mar 29 06:03 matrix-push
-rwxrwxr-x 1 cc cc      32 Mar 29 06:03 sem.matrix-pull-rsem
-rwxrwxr-x 1 cc cc      32 Mar 29 06:03 sem.matrix-pull-wsem
-rwxrwxr-x 1 cc cc      32 Mar 29 06:03 sem.matrix-push-rsem
-rwxrwxr-x 1 cc cc      32 Mar 29 06:03 sem.matrix-push-wsem
 === clean up ===
total 0
total 0
 === done ===
 *============== Launching remote tsd at 5 =============* 
 ====== tsd launch complete. You have 1 tsd instance. ====== 
cc       164028  0.0  0.0 144464  4940 ?        Sl   06:03   0:00 /home/cc/Synergy4/s4c00/cmake-build-debug/sng_tsd /home/cc/Synergy4/s4c00/etc/sng5.json /home/cc/Synergy4/s4c00/etc/synergy-log.conf
cc       164033  0.0  0.0  12944  1032 ?        S    06:03   0:00 grep sng_tsd
cc       164036  0.0  0.0  12944   888 ?        S    06:03   0:00 grep sng_tsd
 ============================================================ 
 === before clean up === 
~~~~~~ ls -l /tmp
total 0
~~~~~~ ls -l /dev/shm
total 0
 === clean up ===
total 4
-rw------- 1 cc cc 768 Mar 29 06:03 synergy4_parser_162858.log
total 16
-rwxrwxr-x 1 cc cc 4000000 Mar 29 06:03 matrix-pull
-rwxrwxr-x 1 cc cc 4000000 Mar 29 06:03 matrix-push
-rwxrwxr-x 1 cc cc      32 Mar 29 06:03 sem.matrix-pull-rsem
-rwxrwxr-x 1 cc cc      32 Mar 29 06:03 sem.matrix-pull-wsem
-rwxrwxr-x 1 cc cc      32 Mar 29 06:03 sem.matrix-push-rsem
-rwxrwxr-x 1 cc cc      32 Mar 29 06:03 sem.matrix-push-wsem
 === done ===
 *============== Launching remote tsd at 6 =============* 
 ====== tsd launch complete. You have 1 tsd instance. ====== 
cc       162858  0.0  0.0 144464  7036 ?        Sl   06:03   0:00 /home/cc/Synergy4/s4c00/cmake-build-debug/sng_tsd /home/cc/Synergy4/s4c00/etc/sng6.json /home/cc/Synergy4/s4c00/etc/synergy-log.conf
cc       162877  0.0  0.0  12944  1084 ?        S    06:03   0:00 grep sng_tsd
 ============================================================ 
 === before clean up === 
~~~~~~ ls -l /tmp
total 8
-rw------- 1 cc cc 768 Mar 29 06:03 synergy4_parser_156788.log
-rw------- 1 cc cc 477 Mar 29 06:03 synergy4_tsd_156788.log
srwxrwxr-x 1 cc cc   0 Mar 29 06:03 tsd1
~~~~~~ ls -l /dev/shm
total 16
-rwxrwxr-x 1 cc cc 4000000 Mar 29 06:03 matrix-pull
-rwxrwxr-x 1 cc cc 4000000 Mar 29 06:03 matrix-push
-rwxrwxr-x 1 cc cc      32 Mar 29 06:03 sem.matrix-pull-rsem
-rwxrwxr-x 1 cc cc      32 Mar 29 06:03 sem.matrix-pull-wsem
-rwxrwxr-x 1 cc cc      32 Mar 29 06:03 sem.matrix-push-rsem
-rwxrwxr-x 1 cc cc      32 Mar 29 06:03 sem.matrix-push-wsem
 === clean up ===
total 0
total 0
 === done ===
 *============== Launching remote tsd at 7 =============* 
 ====== tsd launch complete. You have 1 tsd instance. ====== 
cc       156817  0.0  0.0  12944  1020 ?        S    06:03   0:00 grep sng_tsd
cc       156818  0.0  0.0 144464  7012 ?        Sl   06:03   0:00 /home/cc/Synergy4/s4c00/cmake-build-debug/sng_tsd /home/cc/Synergy4/s4c00/etc/sng7.json /home/cc/Synergy4/s4c00/etc/synergy-log.conf
cc       156820  0.0  0.0  12944  1012 ?        S    06:03   0:00 grep sng_tsd
 ============================================================ 
 === before clean up === 
~~~~~~ ls -l /tmp
total 16
-rw------- 1 cc cc 768 Mar 29 06:03 synergy4_parser_156161.log
-rw------- 1 cc cc 768 Mar 29 06:03 synergy4_parser_156167.log
-rw------- 1 cc cc 477 Mar 29 06:03 synergy4_tsd_156161.log
-rw------- 1 cc cc 329 Mar 29 06:03 synergy4_tsd_156167.log
srwxrwxr-x 1 cc cc   0 Mar 29 06:03 tsd1
~~~~~~ ls -l /dev/shm
total 16
-rwxrwxr-x 1 cc cc 4000000 Mar 29 06:03 matrix-pull
-rwxrwxr-x 1 cc cc 4000000 Mar 29 06:03 matrix-push
-rwxrwxr-x 1 cc cc      32 Mar 29 06:03 sem.matrix-pull-rsem
-rwxrwxr-x 1 cc cc      32 Mar 29 06:03 sem.matrix-pull-wsem
-rwxrwxr-x 1 cc cc      32 Mar 29 06:03 sem.matrix-push-rsem
-rwxrwxr-x 1 cc cc      32 Mar 29 06:03 sem.matrix-push-wsem
 === clean up ===
total 0
total 0
 === done ===
 *============== Launching remote tsd at 8 =============* 
 ====== tsd launch complete. You have 1 tsd instance. ====== 
cc       156307  0.0  0.0 144464  7072 ?        Sl   06:03   0:00 /home/cc/Synergy4/s4c00/cmake-build-debug/sng_tsd /home/cc/Synergy4/s4c00/etc/sng8.json /home/cc/Synergy4/s4c00/etc/synergy-log.conf
cc       156310  0.0  0.0  12944   972 ?        S    06:03   0:00 grep sng_tsd
 ============================================================ 
 === before clean up === 
~~~~~~ ls -l /tmp
total 0
~~~~~~ ls -l /dev/shm
total 0
 === clean up ===
total 0
total 0
 === done ===
 *============== Launching remote tsd at 9 =============* 
 ====== tsd launch complete. You have 1 tsd instance. ====== 
cc       148423  0.0  0.0 144464  4916 ?        Sl   06:03   0:00 /home/cc/Synergy4/s4c00/cmake-build-debug/sng_tsd /home/cc/Synergy4/s4c00/etc/sng9.json /home/cc/Synergy4/s4c00/etc/synergy-log.conf
cc       148434  0.0  0.0  12944  1016 ?        S    06:03   0:00 grep sng_tsd
 ============================================================ 
