 === before clean up === 
~~~~~~ ls -l /tmp
total 720
-rw------- 1 cc cc 591660 Mar 29 04:40 synergy4_21558.log
-rw------- 1 cc cc   7439 Mar 29 04:40 synergy4_p2pmd_21558.log
-rw------- 1 cc cc    768 Mar 29 04:38 synergy4_parser_21558.log
-rw------- 1 cc cc 121759 Mar 29 04:40 synergy4_tsd_21558.log
srwxrwxr-x 1 cc cc      0 Mar 29 04:38 tsd1
~~~~~~ ls -l /dev/shm
total 7832
-rwxrwxr-x 1 cc cc 4000000 Mar 29 04:39 matrix-pull
-rwxrwxr-x 1 cc cc 4000000 Mar 29 04:39 matrix-push
-rwxrwxr-x 1 cc cc      32 Mar 29 04:38 sem.matrix-pull-rsem
-rwxrwxr-x 1 cc cc      32 Mar 29 04:38 sem.matrix-pull-wsem
-rwxrwxr-x 1 cc cc      32 Mar 29 04:38 sem.matrix-push-rsem
-rwxrwxr-x 1 cc cc      32 Mar 29 04:38 sem.matrix-push-wsem
 === clean up ===
total 0
total 0
 === done ===
 *============== Launching remote tsd at 1 =============* 
 ====== tsd launch complete. You have 1 tsd instance. ====== 
cc        21874  0.0  0.0 144464  6980 ?        Sl   04:40   0:00 /home/cc/Synergy4/s4c00/cmake-build-debug/sng_tsd /home/cc/Synergy4/s4c00/etc/sng1.json /home/cc/Synergy4/s4c00/etc/synergy-log.conf
cc        21876  0.0  0.0  12944   980 ?        S    04:40   0:00 grep sng_tsd
 ============================================================ 
 === before clean up === 
~~~~~~ ls -l /tmp
total 28
-rw------- 1 cc cc 12695 Mar 29 04:40 synergy4_p2pmd_16347.log
-rw------- 1 cc cc   768 Mar 29 04:38 synergy4_parser_16347.log
-rw------- 1 cc cc  7043 Mar 29 04:40 synergy4_tsd_16347.log
srwxrwxr-x 1 cc cc     0 Mar 29 04:38 tsd1
~~~~~~ ls -l /dev/shm
total 16
-rwxrwxr-x 1 cc cc 4000000 Mar 29 04:38 matrix-pull
-rwxrwxr-x 1 cc cc 4000000 Mar 29 04:38 matrix-push
-rwxrwxr-x 1 cc cc      32 Mar 29 04:38 sem.matrix-pull-rsem
-rwxrwxr-x 1 cc cc      32 Mar 29 04:38 sem.matrix-pull-wsem
-rwxrwxr-x 1 cc cc      32 Mar 29 04:38 sem.matrix-push-rsem
-rwxrwxr-x 1 cc cc      32 Mar 29 04:38 sem.matrix-push-wsem
 === clean up ===
total 0
total 0
 === done ===
 *============== Launching remote tsd at 2 =============* 
 ====== tsd launch complete. You have 1 tsd instance. ====== 
cc        16844  0.0  0.0 144464  6896 ?        Sl   04:40   0:00 /home/cc/Synergy4/s4c00/cmake-build-debug/sng_tsd /home/cc/Synergy4/s4c00/etc/sng2.json /home/cc/Synergy4/s4c00/etc/synergy-log.conf
cc        16846  0.0  0.0  12944   980 ?        S    04:40   0:00 grep sng_tsd
 ============================================================ 
 === before clean up === 
~~~~~~ ls -l /tmp
total 28
-rw------- 1 cc cc 12588 Mar 29 04:40 synergy4_p2pmd_9541.log
-rw------- 1 cc cc   764 Mar 29 04:38 synergy4_parser_9541.log
-rw------- 1 cc cc  6979 Mar 29 04:40 synergy4_tsd_9541.log
srwxrwxr-x 1 cc cc     0 Mar 29 04:38 tsd1
~~~~~~ ls -l /dev/shm
total 16
-rwxrwxr-x 1 cc cc 4000000 Mar 29 04:38 matrix-pull
-rwxrwxr-x 1 cc cc 4000000 Mar 29 04:38 matrix-push
-rwxrwxr-x 1 cc cc      32 Mar 29 04:38 sem.matrix-pull-rsem
-rwxrwxr-x 1 cc cc      32 Mar 29 04:38 sem.matrix-pull-wsem
-rwxrwxr-x 1 cc cc      32 Mar 29 04:38 sem.matrix-push-rsem
-rwxrwxr-x 1 cc cc      32 Mar 29 04:38 sem.matrix-push-wsem
 === clean up ===
total 0
total 0
 === done ===
 *============== Launching remote tsd at 3 =============* 
 ====== tsd launch complete. You have 1 tsd instance. ====== 
cc        10019  0.0  0.0 144464  5028 ?        Sl   04:40   0:00 /home/cc/Synergy4/s4c00/cmake-build-debug/sng_tsd /home/cc/Synergy4/s4c00/etc/sng3.json /home/cc/Synergy4/s4c00/etc/synergy-log.conf
cc        10021  0.0  0.0  12944   932 ?        S    04:40   0:00 grep sng_tsd
 ============================================================ 
