 === before clean up === 
~~~~~~ ls -l /tmp
total 740
-rw------- 1 cc cc 604216 Mar 29 03:03 synergy4_8509.log
-rw------- 1 cc cc  18765 Mar 29 03:03 synergy4_p2pmd_8509.log
-rw------- 1 cc cc    768 Mar 29 03:00 synergy4_parser_8509.log
-rw------- 1 cc cc 120234 Mar 29 03:03 synergy4_tsd_8509.log
srwxrwxr-x 1 cc cc      0 Mar 29 03:00 tsd1
~~~~~~ ls -l /dev/shm
total 7832
-rwxrwxr-x 1 cc cc 4000000 Mar 29 03:02 matrix-pull
-rwxrwxr-x 1 cc cc 4000000 Mar 29 03:02 matrix-push
-rwxrwxr-x 1 cc cc      32 Mar 29 03:00 sem.matrix-pull-rsem
-rwxrwxr-x 1 cc cc      32 Mar 29 03:00 sem.matrix-pull-wsem
-rwxrwxr-x 1 cc cc      32 Mar 29 03:00 sem.matrix-push-rsem
-rwxrwxr-x 1 cc cc      32 Mar 29 03:00 sem.matrix-push-wsem
 === clean up ===
total 0
total 0
 === done ===
 *============== Launching remote tsd at 1 =============* 
 ====== tsd launch complete. You have 1 tsd instance. ====== 
cc         8826  0.0  0.0 144464  7032 ?        Sl   03:04   0:00 /home/cc/Synergy4/s4c00/cmake-build-debug/sng_tsd /home/cc/Synergy4/s4c00/etc/sng1.json /home/cc/Synergy4/s4c00/etc/synergy-log.conf
cc         8828  0.0  0.0  12944   928 ?        S    03:04   0:00 grep sng_tsd
 ============================================================ 
 === before clean up === 
~~~~~~ ls -l /tmp
total 28
-rw------- 1 cc cc 13907 Mar 29 03:03 synergy4_p2pmd_193607.log
-rw------- 1 cc cc   768 Mar 29 03:00 synergy4_parser_193607.log
-rw------- 1 cc cc  7107 Mar 29 03:03 synergy4_tsd_193607.log
srwxrwxr-x 1 cc cc     0 Mar 29 03:00 tsd1
~~~~~~ ls -l /dev/shm
total 16
-rwxrwxr-x 1 cc cc 4000000 Mar 29 03:00 matrix-pull
-rwxrwxr-x 1 cc cc 4000000 Mar 29 03:00 matrix-push
-rwxrwxr-x 1 cc cc      32 Mar 29 03:00 sem.matrix-pull-rsem
-rwxrwxr-x 1 cc cc      32 Mar 29 03:00 sem.matrix-pull-wsem
-rwxrwxr-x 1 cc cc      32 Mar 29 03:00 sem.matrix-push-rsem
-rwxrwxr-x 1 cc cc      32 Mar 29 03:00 sem.matrix-push-wsem
 === clean up ===
total 0
total 0
 === done ===
 *============== Launching remote tsd at 2 =============* 
 ====== tsd launch complete. You have 1 tsd instance. ====== 
cc       194092  0.0  0.0 144464  6896 ?        Sl   03:04   0:00 /home/cc/Synergy4/s4c00/cmake-build-debug/sng_tsd /home/cc/Synergy4/s4c00/etc/sng2.json /home/cc/Synergy4/s4c00/etc/synergy-log.conf
cc       194094  0.0  0.0  12944   972 ?        S    03:04   0:00 grep sng_tsd
 ============================================================ 
 === before clean up === 
~~~~~~ ls -l /tmp
total 32
-rw------- 1 cc cc 17847 Mar 29 03:03 synergy4_p2pmd_187218.log
-rw------- 1 cc cc   764 Mar 29 03:00 synergy4_parser_187218.log
-rw------- 1 cc cc  7107 Mar 29 03:03 synergy4_tsd_187218.log
srwxrwxr-x 1 cc cc     0 Mar 29 03:00 tsd1
~~~~~~ ls -l /dev/shm
total 16
-rwxrwxr-x 1 cc cc 4000000 Mar 29 03:00 matrix-pull
-rwxrwxr-x 1 cc cc 4000000 Mar 29 03:00 matrix-push
-rwxrwxr-x 1 cc cc      32 Mar 29 03:00 sem.matrix-pull-rsem
-rwxrwxr-x 1 cc cc      32 Mar 29 03:00 sem.matrix-pull-wsem
-rwxrwxr-x 1 cc cc      32 Mar 29 03:00 sem.matrix-push-rsem
-rwxrwxr-x 1 cc cc      32 Mar 29 03:00 sem.matrix-push-wsem
 === clean up ===
total 0
total 0
 === done ===
 *============== Launching remote tsd at 3 =============* 
 ====== tsd launch complete. You have 1 tsd instance. ====== 
cc       187684  0.0  0.0 144464  4960 ?        Sl   03:04   0:00 /home/cc/Synergy4/s4c00/cmake-build-debug/sng_tsd /home/cc/Synergy4/s4c00/etc/sng3.json /home/cc/Synergy4/s4c00/etc/synergy-log.conf
cc       187686  0.0  0.0  12944   988 ?        S    03:04   0:00 grep sng_tsd
 ============================================================ 
