 === before clean up === 
~~~~~~ ls -l /tmp
total 376
drwx------ 3 cc cc   4096 Mar 29 05:33 ompi.sng-1.1000
-rw------- 1 cc cc 268480 Mar 29 05:33 synergy4_29238.log
-rw------- 1 cc cc   1171 Mar 29 05:33 synergy4_p2pmd_29238.log
-rw------- 1 cc cc    768 Mar 29 05:33 synergy4_parser_29238.log
-rw------- 1 cc cc 100032 Mar 29 05:33 synergy4_tsd_29238.log
srwxrwxr-x 1 cc cc      0 Mar 29 05:33 tsd1
~~~~~~ ls -l /dev/shm
total 7832
-rwxrwxr-x 1 cc cc 4000000 Mar 29 05:33 matrix-pull
-rwxrwxr-x 1 cc cc 4000000 Mar 29 05:33 matrix-push
-rwxrwxr-x 1 cc cc      32 Mar 29 05:33 sem.matrix-pull-rsem
-rwxrwxr-x 1 cc cc      32 Mar 29 05:33 sem.matrix-pull-wsem
-rwxrwxr-x 1 cc cc      32 Mar 29 05:33 sem.matrix-push-rsem
-rwxrwxr-x 1 cc cc      32 Mar 29 05:33 sem.matrix-push-wsem
 === clean up ===
total 0
total 0
 === done ===
 *============== Launching remote tsd at 1 =============* 
 ====== tsd launch complete. You have 1 tsd instance. ====== 
cc        29443  0.0  0.0 144464  4880 ?        Sl   05:33   0:00 /home/cc/Synergy4/s4c00/cmake-build-debug/sng_tsd /home/cc/Synergy4/s4c00/etc/sng1.json /home/cc/Synergy4/s4c00/etc/synergy-log.conf
cc        29445  0.0  0.0  12944   940 ?        S    05:33   0:00 grep sng_tsd
 ============================================================ 
 === before clean up === 
~~~~~~ ls -l /tmp
total 16
drwx------ 3 cc cc 4096 Mar 29 05:33 ompi.sng-2.1000
-rw------- 1 cc cc 1171 Mar 29 05:33 synergy4_p2pmd_28020.log
-rw------- 1 cc cc  768 Mar 29 05:33 synergy4_parser_28020.log
-rw------- 1 cc cc 2329 Mar 29 05:33 synergy4_tsd_28020.log
srwxrwxr-x 1 cc cc    0 Mar 29 05:33 tsd1
~~~~~~ ls -l /dev/shm
total 16
-rwxrwxr-x 1 cc cc 4000000 Mar 29 05:33 matrix-pull
-rwxrwxr-x 1 cc cc 4000000 Mar 29 05:33 matrix-push
-rwxrwxr-x 1 cc cc      32 Mar 29 05:33 sem.matrix-pull-rsem
-rwxrwxr-x 1 cc cc      32 Mar 29 05:33 sem.matrix-pull-wsem
-rwxrwxr-x 1 cc cc      32 Mar 29 05:33 sem.matrix-push-rsem
-rwxrwxr-x 1 cc cc      32 Mar 29 05:33 sem.matrix-push-wsem
 === clean up ===
total 0
total 0
 === done ===
 *============== Launching remote tsd at 2 =============* 
 ====== tsd launch complete. You have 1 tsd instance. ====== 
cc        28143  0.0  0.0 144464  4880 ?        Sl   05:33   0:00 /home/cc/Synergy4/s4c00/cmake-build-debug/sng_tsd /home/cc/Synergy4/s4c00/etc/sng2.json /home/cc/Synergy4/s4c00/etc/synergy-log.conf
cc        28145  0.0  0.0  12944   988 ?        R    05:33   0:00 grep sng_tsd
 ============================================================ 
 === before clean up === 
~~~~~~ ls -l /tmp
total 16
drwx------ 3 cc cc 4096 Mar 29 05:33 ompi.sng-3.1000
-rw------- 1 cc cc 1169 Mar 29 05:33 synergy4_p2pmd_20996.log
-rw------- 1 cc cc  764 Mar 29 05:33 synergy4_parser_20996.log
-rw------- 1 cc cc 2329 Mar 29 05:33 synergy4_tsd_20996.log
srwxrwxr-x 1 cc cc    0 Mar 29 05:33 tsd1
~~~~~~ ls -l /dev/shm
total 16
-rwxrwxr-x 1 cc cc 4000000 Mar 29 05:33 matrix-pull
-rwxrwxr-x 1 cc cc 4000000 Mar 29 05:33 matrix-push
-rwxrwxr-x 1 cc cc      32 Mar 29 05:33 sem.matrix-pull-rsem
-rwxrwxr-x 1 cc cc      32 Mar 29 05:33 sem.matrix-pull-wsem
-rwxrwxr-x 1 cc cc      32 Mar 29 05:33 sem.matrix-push-rsem
-rwxrwxr-x 1 cc cc      32 Mar 29 05:33 sem.matrix-push-wsem
 === clean up ===
total 0
total 0
 === done ===
 *============== Launching remote tsd at 3 =============* 
 ====== tsd launch complete. You have 1 tsd instance. ====== 
cc        21116  0.0  0.0 144464  9120 ?        Sl   05:33   0:00 /home/cc/Synergy4/s4c00/cmake-build-debug/sng_tsd /home/cc/Synergy4/s4c00/etc/sng3.json /home/cc/Synergy4/s4c00/etc/synergy-log.conf
cc        21118  0.0  0.0  12944   928 ?        S    05:33   0:00 grep sng_tsd
 ============================================================ 
