 === before clean up === 
~~~~~~ ls -l /tmp
total 1000
-rw------- 1 cc cc 638210 Mar 29 01:59 synergy4_1153.log
-rw------- 1 cc cc   7679 Mar 29 01:59 synergy4_p2pmd_1153.log
-rw------- 1 cc cc    768 Mar 29 01:57 synergy4_parser_1153.log
-rw------- 1 cc cc 368143 Mar 29 01:59 synergy4_tsd_1153.log
srwxrwxr-x 1 cc cc      0 Mar 29 01:57 tsd1
~~~~~~ ls -l /dev/shm
total 7832
-rwxrwxr-x 1 cc cc 4000000 Mar 29 01:58 matrix-pull
-rwxrwxr-x 1 cc cc 4000000 Mar 29 01:58 matrix-push
-rwxrwxr-x 1 cc cc      32 Mar 29 01:57 sem.matrix-pull-rsem
-rwxrwxr-x 1 cc cc      32 Mar 29 01:57 sem.matrix-pull-wsem
-rwxrwxr-x 1 cc cc      32 Mar 29 01:57 sem.matrix-push-rsem
-rwxrwxr-x 1 cc cc      32 Mar 29 01:57 sem.matrix-push-wsem
 === clean up ===
total 0
total 0
 === done ===
 *============== Launching remote tsd at 1 =============* 
 ====== tsd launch complete. You have 1 tsd instance. ====== 
cc         1492  0.0  0.0 144464  6936 ?        Sl   02:00   0:00 /home/cc/Synergy4/s4c00/cmake-build-debug/sng_tsd /home/cc/Synergy4/s4c00/etc/sng1.json /home/cc/Synergy4/s4c00/etc/synergy-log.conf
cc         1494  0.0  0.0  12944   940 ?        S    02:00   0:00 grep sng_tsd
 ============================================================ 
 === before clean up === 
~~~~~~ ls -l /tmp
total 28
-rw------- 1 cc cc 14117 Mar 29 01:59 synergy4_p2pmd_182502.log
-rw------- 1 cc cc   768 Mar 29 01:57 synergy4_parser_182502.log
-rw------- 1 cc cc  7107 Mar 29 01:59 synergy4_tsd_182502.log
srwxrwxr-x 1 cc cc     0 Mar 29 01:57 tsd1
~~~~~~ ls -l /dev/shm
total 16
-rwxrwxr-x 1 cc cc 4000000 Mar 29 01:57 matrix-pull
-rwxrwxr-x 1 cc cc 4000000 Mar 29 01:57 matrix-push
-rwxrwxr-x 1 cc cc      32 Mar 29 01:57 sem.matrix-pull-rsem
-rwxrwxr-x 1 cc cc      32 Mar 29 01:57 sem.matrix-pull-wsem
-rwxrwxr-x 1 cc cc      32 Mar 29 01:57 sem.matrix-push-rsem
-rwxrwxr-x 1 cc cc      32 Mar 29 01:57 sem.matrix-push-wsem
 === clean up ===
total 0
total 0
 === done ===
 *============== Launching remote tsd at 2 =============* 
 ====== tsd launch complete. You have 1 tsd instance. ====== 
cc       182991  0.0  0.0 144464  6980 ?        Sl   02:00   0:00 /home/cc/Synergy4/s4c00/cmake-build-debug/sng_tsd /home/cc/Synergy4/s4c00/etc/sng2.json /home/cc/Synergy4/s4c00/etc/synergy-log.conf
cc       182993  0.0  0.0  12944  1000 ?        S    02:00   0:00 grep sng_tsd
 ============================================================ 
 === before clean up === 
~~~~~~ ls -l /tmp
total 28
-rw------- 1 cc cc 13102 Mar 29 01:59 synergy4_p2pmd_176375.log
-rw------- 1 cc cc   764 Mar 29 01:57 synergy4_parser_176375.log
-rw------- 1 cc cc  7107 Mar 29 01:59 synergy4_tsd_176375.log
srwxrwxr-x 1 cc cc     0 Mar 29 01:57 tsd1
~~~~~~ ls -l /dev/shm
total 16
-rwxrwxr-x 1 cc cc 4000000 Mar 29 01:57 matrix-pull
-rwxrwxr-x 1 cc cc 4000000 Mar 29 01:57 matrix-push
-rwxrwxr-x 1 cc cc      32 Mar 29 01:57 sem.matrix-pull-rsem
-rwxrwxr-x 1 cc cc      32 Mar 29 01:57 sem.matrix-pull-wsem
-rwxrwxr-x 1 cc cc      32 Mar 29 01:57 sem.matrix-push-rsem
-rwxrwxr-x 1 cc cc      32 Mar 29 01:57 sem.matrix-push-wsem
 === clean up ===
total 0
total 0
 === done ===
 *============== Launching remote tsd at 3 =============* 
 ====== tsd launch complete. You have 1 tsd instance. ====== 
cc       176843  0.0  0.0 144464  7076 ?        Sl   02:00   0:00 /home/cc/Synergy4/s4c00/cmake-build-debug/sng_tsd /home/cc/Synergy4/s4c00/etc/sng3.json /home/cc/Synergy4/s4c00/etc/synergy-log.conf
cc       176845  0.0  0.0  12944  1020 ?        S    02:00   0:00 grep sng_tsd
 ============================================================ 
