 === before clean up === 
~~~~~~ ls -l /tmp
total 628
-rw------- 1 cc cc 540774 Mar 29 03:32 synergy4_12546.log
-rw------- 1 cc cc   8156 Mar 29 03:32 synergy4_p2pmd_12546.log
-rw------- 1 cc cc    768 Mar 29 03:29 synergy4_parser_12546.log
-rw------- 1 cc cc  85883 Mar 29 03:32 synergy4_tsd_12546.log
srwxrwxr-x 1 cc cc      0 Mar 29 03:29 tsd1
~~~~~~ ls -l /dev/shm
total 7832
-rwxrwxr-x 1 cc cc 4000000 Mar 29 03:31 matrix-pull
-rwxrwxr-x 1 cc cc 4000000 Mar 29 03:31 matrix-push
-rwxrwxr-x 1 cc cc      32 Mar 29 03:29 sem.matrix-pull-rsem
-rwxrwxr-x 1 cc cc      32 Mar 29 03:29 sem.matrix-pull-wsem
-rwxrwxr-x 1 cc cc      32 Mar 29 03:29 sem.matrix-push-rsem
-rwxrwxr-x 1 cc cc      32 Mar 29 03:29 sem.matrix-push-wsem
 === clean up ===
total 0
total 0
 === done ===
 *============== Launching remote tsd at 1 =============* 
 ====== tsd launch complete. You have 1 tsd instance. ====== 
cc        12849  0.0  0.0 144464  4960 ?        Sl   03:32   0:00 /home/cc/Synergy4/s4c00/cmake-build-debug/sng_tsd /home/cc/Synergy4/s4c00/etc/sng1.json /home/cc/Synergy4/s4c00/etc/synergy-log.conf
cc        12851  0.0  0.0  12944   924 ?        S    03:32   0:00 grep sng_tsd
 ============================================================ 
 === before clean up === 
~~~~~~ ls -l /tmp
total 28
-rw------- 1 cc cc 13205 Mar 29 03:32 synergy4_p2pmd_2717.log
-rw------- 1 cc cc   768 Mar 29 03:29 synergy4_parser_2717.log
-rw------- 1 cc cc  6979 Mar 29 03:32 synergy4_tsd_2717.log
srwxrwxr-x 1 cc cc     0 Mar 29 03:29 tsd1
~~~~~~ ls -l /dev/shm
total 16
-rwxrwxr-x 1 cc cc 4000000 Mar 29 03:29 matrix-pull
-rwxrwxr-x 1 cc cc 4000000 Mar 29 03:29 matrix-push
-rwxrwxr-x 1 cc cc      32 Mar 29 03:29 sem.matrix-pull-rsem
-rwxrwxr-x 1 cc cc      32 Mar 29 03:29 sem.matrix-pull-wsem
-rwxrwxr-x 1 cc cc      32 Mar 29 03:29 sem.matrix-push-rsem
-rwxrwxr-x 1 cc cc      32 Mar 29 03:29 sem.matrix-push-wsem
 === clean up ===
total 0
total 0
 === done ===
 *============== Launching remote tsd at 2 =============* 
 ====== tsd launch complete. You have 1 tsd instance. ====== 
cc         3215  0.0  0.0 144464  7064 ?        Sl   03:32   0:00 /home/cc/Synergy4/s4c00/cmake-build-debug/sng_tsd /home/cc/Synergy4/s4c00/etc/sng2.json /home/cc/Synergy4/s4c00/etc/synergy-log.conf
cc         3217  0.0  0.0  12944   936 ?        S    03:32   0:00 grep sng_tsd
 ============================================================ 
 === before clean up === 
~~~~~~ ls -l /tmp
total 28
-rw------- 1 cc cc 13416 Mar 29 03:32 synergy4_p2pmd_192399.log
-rw------- 1 cc cc   764 Mar 29 03:29 synergy4_parser_192399.log
-rw------- 1 cc cc  7107 Mar 29 03:32 synergy4_tsd_192399.log
srwxrwxr-x 1 cc cc     0 Mar 29 03:29 tsd1
~~~~~~ ls -l /dev/shm
total 16
-rwxrwxr-x 1 cc cc 4000000 Mar 29 03:29 matrix-pull
-rwxrwxr-x 1 cc cc 4000000 Mar 29 03:29 matrix-push
-rwxrwxr-x 1 cc cc      32 Mar 29 03:29 sem.matrix-pull-rsem
-rwxrwxr-x 1 cc cc      32 Mar 29 03:29 sem.matrix-pull-wsem
-rwxrwxr-x 1 cc cc      32 Mar 29 03:29 sem.matrix-push-rsem
-rwxrwxr-x 1 cc cc      32 Mar 29 03:29 sem.matrix-push-wsem
 === clean up ===
total 0
total 0
 === done ===
 *============== Launching remote tsd at 3 =============* 
 ====== tsd launch complete. You have 1 tsd instance. ====== 
cc       192866  0.0  0.0 144464  5024 ?        Sl   03:32   0:00 /home/cc/Synergy4/s4c00/cmake-build-debug/sng_tsd /home/cc/Synergy4/s4c00/etc/sng3.json /home/cc/Synergy4/s4c00/etc/synergy-log.conf
cc       192868  0.0  0.0  12944  1016 ?        S    03:32   0:00 grep sng_tsd
 ============================================================ 
