 === before clean up === 
~~~~~~ ls -l /tmp
total 912
-rw------- 1 cc cc 629370 Mar 29 03:59 synergy4_16045.log
-rw------- 1 cc cc  21932 Mar 29 03:59 synergy4_p2pmd_16045.log
-rw------- 1 cc cc    768 Mar 29 03:57 synergy4_parser_16045.log
-rw------- 1 cc cc 264415 Mar 29 03:59 synergy4_tsd_16045.log
srwxrwxr-x 1 cc cc      0 Mar 29 03:57 tsd1
~~~~~~ ls -l /dev/shm
total 7832
-rwxrwxr-x 1 cc cc 4000000 Mar 29 03:58 matrix-pull
-rwxrwxr-x 1 cc cc 4000000 Mar 29 03:58 matrix-push
-rwxrwxr-x 1 cc cc      32 Mar 29 03:57 sem.matrix-pull-rsem
-rwxrwxr-x 1 cc cc      32 Mar 29 03:57 sem.matrix-pull-wsem
-rwxrwxr-x 1 cc cc      32 Mar 29 03:57 sem.matrix-push-rsem
-rwxrwxr-x 1 cc cc      32 Mar 29 03:57 sem.matrix-push-wsem
 === clean up ===
total 0
total 0
 === done ===
 *============== Launching remote tsd at 1 =============* 
 ====== tsd launch complete. You have 1 tsd instance. ====== 
cc        16364  0.0  0.0 144464  4908 ?        Sl   03:59   0:00 /home/cc/Synergy4/s4c00/cmake-build-debug/sng_tsd /home/cc/Synergy4/s4c00/etc/sng1.json /home/cc/Synergy4/s4c00/etc/synergy-log.conf
cc        16366  0.0  0.0  12944  1092 ?        S    03:59   0:00 grep sng_tsd
 ============================================================ 
 === before clean up === 
~~~~~~ ls -l /tmp
total 28
-rw------- 1 cc cc 12385 Mar 29 03:59 synergy4_p2pmd_8084.log
-rw------- 1 cc cc   768 Mar 29 03:57 synergy4_parser_8084.log
-rw------- 1 cc cc  6979 Mar 29 03:59 synergy4_tsd_8084.log
srwxrwxr-x 1 cc cc     0 Mar 29 03:57 tsd1
~~~~~~ ls -l /dev/shm
total 16
-rwxrwxr-x 1 cc cc 4000000 Mar 29 03:57 matrix-pull
-rwxrwxr-x 1 cc cc 4000000 Mar 29 03:57 matrix-push
-rwxrwxr-x 1 cc cc      32 Mar 29 03:57 sem.matrix-pull-rsem
-rwxrwxr-x 1 cc cc      32 Mar 29 03:57 sem.matrix-pull-wsem
-rwxrwxr-x 1 cc cc      32 Mar 29 03:57 sem.matrix-push-rsem
-rwxrwxr-x 1 cc cc      32 Mar 29 03:57 sem.matrix-push-wsem
 === clean up ===
total 0
total 0
 === done ===
 *============== Launching remote tsd at 2 =============* 
 ====== tsd launch complete. You have 1 tsd instance. ====== 
cc         8564  0.0  0.0 144464  4996 ?        Sl   03:59   0:00 /home/cc/Synergy4/s4c00/cmake-build-debug/sng_tsd /home/cc/Synergy4/s4c00/etc/sng2.json /home/cc/Synergy4/s4c00/etc/synergy-log.conf
cc         8566  0.0  0.0  12944   940 ?        S    03:59   0:00 grep sng_tsd
 ============================================================ 
 === before clean up === 
~~~~~~ ls -l /tmp
total 28
-rw------- 1 cc cc 12368 Mar 29 03:59 synergy4_p2pmd_1334.log
-rw------- 1 cc cc   764 Mar 29 03:57 synergy4_parser_1334.log
-rw------- 1 cc cc  6979 Mar 29 03:59 synergy4_tsd_1334.log
srwxrwxr-x 1 cc cc     0 Mar 29 03:57 tsd1
~~~~~~ ls -l /dev/shm
total 16
-rwxrwxr-x 1 cc cc 4000000 Mar 29 03:57 matrix-pull
-rwxrwxr-x 1 cc cc 4000000 Mar 29 03:57 matrix-push
-rwxrwxr-x 1 cc cc      32 Mar 29 03:57 sem.matrix-pull-rsem
-rwxrwxr-x 1 cc cc      32 Mar 29 03:57 sem.matrix-pull-wsem
-rwxrwxr-x 1 cc cc      32 Mar 29 03:57 sem.matrix-push-rsem
-rwxrwxr-x 1 cc cc      32 Mar 29 03:57 sem.matrix-push-wsem
 === clean up ===
total 0
total 0
 === done ===
 *============== Launching remote tsd at 3 =============* 
 ====== tsd launch complete. You have 1 tsd instance. ====== 
cc         1815  0.0  0.0 144464  4988 ?        Sl   04:00   0:00 /home/cc/Synergy4/s4c00/cmake-build-debug/sng_tsd /home/cc/Synergy4/s4c00/etc/sng3.json /home/cc/Synergy4/s4c00/etc/synergy-log.conf
cc         1817  0.0  0.0  12944   936 ?        S    04:00   0:00 grep sng_tsd
 ============================================================ 
