 === before clean up === 
~~~~~~ ls -l /tmp
total 8
-rw------- 1 cc cc 768 Mar 29 06:03 synergy4_parser_39617.log
-rw------- 1 cc cc 473 Mar 29 06:03 synergy4_tsd_39617.log
srwxrwxr-x 1 cc cc   0 Mar 29 06:03 tsd1
~~~~~~ ls -l /dev/shm
total 16
-rwxrwxr-x 1 cc cc 4000000 Mar 29 06:03 matrix-pull
-rwxrwxr-x 1 cc cc 4000000 Mar 29 06:03 matrix-push
-rwxrwxr-x 1 cc cc      32 Mar 29 06:03 sem.matrix-pull-rsem
-rwxrwxr-x 1 cc cc      32 Mar 29 06:03 sem.matrix-pull-wsem
-rwxrwxr-x 1 cc cc      32 Mar 29 06:03 sem.matrix-push-rsem
-rwxrwxr-x 1 cc cc      32 Mar 29 06:03 sem.matrix-push-wsem
 === clean up ===
total 0
total 0
 === done ===
 *============== Launching remote tsd at 1 =============* 
 ====== tsd launch complete. You have 1 tsd instance. ====== 
cc        39782  0.0  0.0 144464  6912 ?        Sl   06:03   0:00 /home/cc/Synergy4/s4c00/cmake-build-debug/sng_tsd /home/cc/Synergy4/s4c00/etc/sng1.json /home/cc/Synergy4/s4c00/etc/synergy-log.conf
cc        39784  0.0  0.0  12944  1088 ?        S    06:03   0:00 grep sng_tsd
 ============================================================ 
 === before clean up === 
~~~~~~ ls -l /tmp
total 12
drwx------ 3 cc cc 4096 Mar 29 06:03 ompi.sng-2.1000
-rw------- 1 cc cc  768 Mar 29 06:03 synergy4_parser_36944.log
-rw------- 1 cc cc  473 Mar 29 06:03 synergy4_tsd_36944.log
srwxrwxr-x 1 cc cc    0 Mar 29 06:03 tsd1
~~~~~~ ls -l /dev/shm
total 16
-rwxrwxr-x 1 cc cc 4000000 Mar 29 06:03 matrix-pull
-rwxrwxr-x 1 cc cc 4000000 Mar 29 06:03 matrix-push
-rwxrwxr-x 1 cc cc      32 Mar 29 06:03 sem.matrix-pull-rsem
-rwxrwxr-x 1 cc cc      32 Mar 29 06:03 sem.matrix-pull-wsem
-rwxrwxr-x 1 cc cc      32 Mar 29 06:03 sem.matrix-push-rsem
-rwxrwxr-x 1 cc cc      32 Mar 29 06:03 sem.matrix-push-wsem
 === clean up ===
total 0
total 0
 === done ===
 *============== Launching remote tsd at 2 =============* 
 ====== tsd launch complete. You have 1 tsd instance. ====== 
cc        37076  0.0  0.0 144464  4984 ?        Sl   06:03   0:00 /home/cc/Synergy4/s4c00/cmake-build-debug/sng_tsd /home/cc/Synergy4/s4c00/etc/sng2.json /home/cc/Synergy4/s4c00/etc/synergy-log.conf
cc        37078  0.0  0.0  12944   972 ?        S    06:03   0:00 grep sng_tsd
 ============================================================ 
 === before clean up === 
~~~~~~ ls -l /tmp
total 12
drwx------ 3 cc cc 4096 Mar 29 06:03 ompi.sng-3.1000
-rw------- 1 cc cc  764 Mar 29 06:03 synergy4_parser_28433.log
-rw------- 1 cc cc  473 Mar 29 06:03 synergy4_tsd_28433.log
srwxrwxr-x 1 cc cc    0 Mar 29 06:03 tsd1
~~~~~~ ls -l /dev/shm
total 16
-rwxrwxr-x 1 cc cc 4000000 Mar 29 06:03 matrix-pull
-rwxrwxr-x 1 cc cc 4000000 Mar 29 06:03 matrix-push
-rwxrwxr-x 1 cc cc      32 Mar 29 06:03 sem.matrix-pull-rsem
-rwxrwxr-x 1 cc cc      32 Mar 29 06:03 sem.matrix-pull-wsem
-rwxrwxr-x 1 cc cc      32 Mar 29 06:03 sem.matrix-push-rsem
-rwxrwxr-x 1 cc cc      32 Mar 29 06:03 sem.matrix-push-wsem
 === clean up ===
total 0
total 0
 === done ===
 *============== Launching remote tsd at 3 =============* 
 ====== tsd launch complete. You have 1 tsd instance. ====== 
cc        28593  0.0  0.0 144464  4884 ?        Sl   06:03   0:00 /home/cc/Synergy4/s4c00/cmake-build-debug/sng_tsd /home/cc/Synergy4/s4c00/etc/sng3.json /home/cc/Synergy4/s4c00/etc/synergy-log.conf
cc        28595  0.0  0.0  12944   940 ?        S    06:03   0:00 grep sng_tsd
 ============================================================ 
 === before clean up === 
~~~~~~ ls -l /tmp
total 16
drwx------ 3 cc cc 4096 Mar 29 06:03 ompi.sng-4.1000
-rw------- 1 cc cc  450 Mar 29 06:03 synergy4_p2pmd_17426.log
-rw------- 1 cc cc  768 Mar 29 06:03 synergy4_parser_17426.log
-rw------- 1 cc cc 2329 Mar 29 06:03 synergy4_tsd_17426.log
srwxrwxr-x 1 cc cc    0 Mar 29 06:03 tsd1
~~~~~~ ls -l /dev/shm
total 16
-rwxrwxr-x 1 cc cc 4000000 Mar 29 06:03 matrix-pull
-rwxrwxr-x 1 cc cc 4000000 Mar 29 06:03 matrix-push
-rwxrwxr-x 1 cc cc      32 Mar 29 06:03 sem.matrix-pull-rsem
-rwxrwxr-x 1 cc cc      32 Mar 29 06:03 sem.matrix-pull-wsem
-rwxrwxr-x 1 cc cc      32 Mar 29 06:03 sem.matrix-push-rsem
-rwxrwxr-x 1 cc cc      32 Mar 29 06:03 sem.matrix-push-wsem
 === clean up ===
total 0
total 0
 === done ===
 *============== Launching remote tsd at 4 =============* 
 ====== tsd launch complete. You have 1 tsd instance. ====== 
cc        17565  0.0  0.0 144464  5032 ?        Sl   06:03   0:00 /home/cc/Synergy4/s4c00/cmake-build-debug/sng_tsd /home/cc/Synergy4/s4c00/etc/sng4.json /home/cc/Synergy4/s4c00/etc/synergy-log.conf
cc        17567  0.0  0.0  12944   928 ?        S    06:03   0:00 grep sng_tsd
 ============================================================ 
 === before clean up === 
~~~~~~ ls -l /tmp
total 24
drwx------ 3 cc cc 4096 Mar 29 06:03 ompi.sng-5.1000
-rw------- 1 cc cc  454 Mar 29 06:03 synergy4_p2pmd_161898.log
-rw------- 1 cc cc  768 Mar 29 06:03 synergy4_parser_161897.log
-rw------- 1 cc cc  768 Mar 29 06:03 synergy4_parser_161898.log
-rw------- 1 cc cc  329 Mar 29 06:03 synergy4_tsd_161897.log
-rw------- 1 cc cc  691 Mar 29 06:03 synergy4_tsd_161898.log
srwxrwxr-x 1 cc cc    0 Mar 29 06:03 tsd1
~~~~~~ ls -l /dev/shm
total 16
-rwxrwxr-x 1 cc cc 4000000 Mar 29 06:03 matrix-pull
-rwxrwxr-x 1 cc cc 4000000 Mar 29 06:03 matrix-push
-rwxrwxr-x 1 cc cc      32 Mar 29 06:03 sem.matrix-pull-rsem
-rwxrwxr-x 1 cc cc      32 Mar 29 06:03 sem.matrix-pull-wsem
-rwxrwxr-x 1 cc cc      32 Mar 29 06:03 sem.matrix-push-rsem
-rwxrwxr-x 1 cc cc      32 Mar 29 06:03 sem.matrix-push-wsem
 === clean up ===
total 0
total 0
 === done ===
 *============== Launching remote tsd at 5 =============* 
 ====== tsd launch complete. You have 1 tsd instance. ====== 
cc       162039  0.0  0.0 144464  4932 ?        Sl   06:03   0:00 /home/cc/Synergy4/s4c00/cmake-build-debug/sng_tsd /home/cc/Synergy4/s4c00/etc/sng5.json /home/cc/Synergy4/s4c00/etc/synergy-log.conf
cc       162041  0.0  0.0  12944  1092 ?        S    06:03   0:00 grep sng_tsd
 ============================================================ 
 === before clean up === 
~~~~~~ ls -l /tmp
total 16
drwx------ 3 cc cc 4096 Mar 29 06:03 ompi.sng-6.1000
-rw------- 1 cc cc  454 Mar 29 06:03 synergy4_p2pmd_160767.log
-rw------- 1 cc cc  768 Mar 29 06:03 synergy4_parser_160767.log
-rw------- 1 cc cc 2350 Mar 29 06:03 synergy4_tsd_160767.log
srwxrwxr-x 1 cc cc    0 Mar 29 06:03 tsd1
~~~~~~ ls -l /dev/shm
total 16
-rwxrwxr-x 1 cc cc 4000000 Mar 29 06:03 matrix-pull
-rwxrwxr-x 1 cc cc 4000000 Mar 29 06:03 matrix-push
-rwxrwxr-x 1 cc cc      32 Mar 29 06:03 sem.matrix-pull-rsem
-rwxrwxr-x 1 cc cc      32 Mar 29 06:03 sem.matrix-pull-wsem
-rwxrwxr-x 1 cc cc      32 Mar 29 06:03 sem.matrix-push-rsem
-rwxrwxr-x 1 cc cc      32 Mar 29 06:03 sem.matrix-push-wsem
 === clean up ===
total 0
total 0
 === done ===
 *============== Launching remote tsd at 6 =============* 
 ====== tsd launch complete. You have 1 tsd instance. ====== 
cc       160904  0.0  0.0 144464  7032 ?        Sl   06:03   0:00 /home/cc/Synergy4/s4c00/cmake-build-debug/sng_tsd /home/cc/Synergy4/s4c00/etc/sng6.json /home/cc/Synergy4/s4c00/etc/synergy-log.conf
cc       160906  0.0  0.0  12944   932 ?        S    06:03   0:00 grep sng_tsd
 ============================================================ 
 === before clean up === 
~~~~~~ ls -l /tmp
total 16
drwx------ 3 cc cc 4096 Mar 29 06:03 ompi.sng-7.1000
-rw------- 1 cc cc 3678 Mar 29 01:10 synergy4_p2pmd_152842.log
-rw------- 1 cc cc  768 Mar 29 01:07 synergy4_parser_152842.log
-rw------- 1 cc cc 4009 Mar 29 01:09 synergy4_tsd_152842.log
srwxrwxr-x 1 cc cc    0 Mar 29 01:07 tsd1
~~~~~~ ls -l /dev/shm
total 16
-rwxrwxr-x 1 cc cc 4000000 Mar 29 01:07 matrix-pull
-rwxrwxr-x 1 cc cc 4000000 Mar 29 01:07 matrix-push
-rwxrwxr-x 1 cc cc      32 Mar 29 01:07 sem.matrix-pull-rsem
-rwxrwxr-x 1 cc cc      32 Mar 29 01:07 sem.matrix-pull-wsem
-rwxrwxr-x 1 cc cc      32 Mar 29 01:07 sem.matrix-push-rsem
-rwxrwxr-x 1 cc cc      32 Mar 29 01:07 sem.matrix-push-wsem
 === clean up ===
total 0
total 0
 === done ===
 *============== Launching remote tsd at 7 =============* 
 ====== tsd launch complete. You have 1 tsd instance. ====== 
cc       154813  0.0  0.0 144464  4932 ?        Sl   06:03   0:00 /home/cc/Synergy4/s4c00/cmake-build-debug/sng_tsd /home/cc/Synergy4/s4c00/etc/sng7.json /home/cc/Synergy4/s4c00/etc/synergy-log.conf
cc       154815  0.0  0.0  12944   932 ?        S    06:03   0:00 grep sng_tsd
 ============================================================ 
