 === before clean up === 
~~~~~~ ls -l /tmp
total 624
-rw------- 1 cc cc 530802 Mar 29 05:08 synergy4_25343.log
-rw------- 1 cc cc   9919 Mar 29 05:08 synergy4_p2pmd_25343.log
-rw------- 1 cc cc    768 Mar 29 05:06 synergy4_parser_25343.log
-rw------- 1 cc cc  86393 Mar 29 05:08 synergy4_tsd_25343.log
srwxrwxr-x 1 cc cc      0 Mar 29 05:06 tsd1
~~~~~~ ls -l /dev/shm
total 7832
-rwxrwxr-x 1 cc cc 4000000 Mar 29 05:07 matrix-pull
-rwxrwxr-x 1 cc cc 4000000 Mar 29 05:07 matrix-push
-rwxrwxr-x 1 cc cc      32 Mar 29 05:06 sem.matrix-pull-rsem
-rwxrwxr-x 1 cc cc      32 Mar 29 05:06 sem.matrix-pull-wsem
-rwxrwxr-x 1 cc cc      32 Mar 29 05:06 sem.matrix-push-rsem
-rwxrwxr-x 1 cc cc      32 Mar 29 05:06 sem.matrix-push-wsem
 === clean up ===
total 0
total 0
 === done ===
 *============== Launching remote tsd at 1 =============* 
 ====== tsd launch complete. You have 1 tsd instance. ====== 
cc        25664  0.0  0.0 144464  6960 ?        Sl   05:08   0:00 /home/cc/Synergy4/s4c00/cmake-build-debug/sng_tsd /home/cc/Synergy4/s4c00/etc/sng1.json /home/cc/Synergy4/s4c00/etc/synergy-log.conf
cc        25666  0.0  0.0  12944   928 ?        S    05:08   0:00 grep sng_tsd
 ============================================================ 
 === before clean up === 
~~~~~~ ls -l /tmp
total 28
-rw------- 1 cc cc 12475 Mar 29 05:08 synergy4_p2pmd_22168.log
-rw------- 1 cc cc   768 Mar 29 05:06 synergy4_parser_22168.log
-rw------- 1 cc cc  7043 Mar 29 05:08 synergy4_tsd_22168.log
srwxrwxr-x 1 cc cc     0 Mar 29 05:06 tsd1
~~~~~~ ls -l /dev/shm
total 16
-rwxrwxr-x 1 cc cc 4000000 Mar 29 05:06 matrix-pull
-rwxrwxr-x 1 cc cc 4000000 Mar 29 05:06 matrix-push
-rwxrwxr-x 1 cc cc      32 Mar 29 05:06 sem.matrix-pull-rsem
-rwxrwxr-x 1 cc cc      32 Mar 29 05:06 sem.matrix-pull-wsem
-rwxrwxr-x 1 cc cc      32 Mar 29 05:06 sem.matrix-push-rsem
-rwxrwxr-x 1 cc cc      32 Mar 29 05:06 sem.matrix-push-wsem
 === clean up ===
total 0
total 0
 === done ===
 *============== Launching remote tsd at 2 =============* 
 ====== tsd launch complete. You have 1 tsd instance. ====== 
cc        22648  0.0  0.0 144464  6912 ?        Sl   05:08   0:00 /home/cc/Synergy4/s4c00/cmake-build-debug/sng_tsd /home/cc/Synergy4/s4c00/etc/sng2.json /home/cc/Synergy4/s4c00/etc/synergy-log.conf
cc        22650  0.0  0.0  12944  1020 ?        S    05:08   0:00 grep sng_tsd
 ============================================================ 
 === before clean up === 
~~~~~~ ls -l /tmp
total 32
-rw------- 1 cc cc 20056 Mar 29 05:08 synergy4_p2pmd_15230.log
-rw------- 1 cc cc   764 Mar 29 05:06 synergy4_parser_15230.log
-rw------- 1 cc cc  7043 Mar 29 05:08 synergy4_tsd_15230.log
srwxrwxr-x 1 cc cc     0 Mar 29 05:06 tsd1
~~~~~~ ls -l /dev/shm
total 16
-rwxrwxr-x 1 cc cc 4000000 Mar 29 05:06 matrix-pull
-rwxrwxr-x 1 cc cc 4000000 Mar 29 05:06 matrix-push
-rwxrwxr-x 1 cc cc      32 Mar 29 05:06 sem.matrix-pull-rsem
-rwxrwxr-x 1 cc cc      32 Mar 29 05:06 sem.matrix-pull-wsem
-rwxrwxr-x 1 cc cc      32 Mar 29 05:06 sem.matrix-push-rsem
-rwxrwxr-x 1 cc cc      32 Mar 29 05:06 sem.matrix-push-wsem
 === clean up ===
total 0
total 0
 === done ===
 *============== Launching remote tsd at 3 =============* 
 ====== tsd launch complete. You have 1 tsd instance. ====== 
cc        15714  0.0  0.0 144464  4920 ?        Sl   05:08   0:00 /home/cc/Synergy4/s4c00/cmake-build-debug/sng_tsd /home/cc/Synergy4/s4c00/etc/sng3.json /home/cc/Synergy4/s4c00/etc/synergy-log.conf
cc        15716  0.0  0.0  12944   976 ?        S    05:08   0:00 grep sng_tsd
 ============================================================ 
