 === before clean up === 
~~~~~~ ls -l /tmp
total 792
-rw------- 1 cc cc 619910 Mar 29 04:16 synergy4_18284.log
-rw------- 1 cc cc   7111 Mar 29 04:16 synergy4_p2pmd_18284.log
-rw------- 1 cc cc    768 Mar 29 04:14 synergy4_parser_18284.log
-rw------- 1 cc cc 175237 Mar 29 04:16 synergy4_tsd_18284.log
srwxrwxr-x 1 cc cc      0 Mar 29 04:14 tsd1
~~~~~~ ls -l /dev/shm
total 7832
-rwxrwxr-x 1 cc cc 4000000 Mar 29 04:15 matrix-pull
-rwxrwxr-x 1 cc cc 4000000 Mar 29 04:15 matrix-push
-rwxrwxr-x 1 cc cc      32 Mar 29 04:14 sem.matrix-pull-rsem
-rwxrwxr-x 1 cc cc      32 Mar 29 04:14 sem.matrix-pull-wsem
-rwxrwxr-x 1 cc cc      32 Mar 29 04:14 sem.matrix-push-rsem
-rwxrwxr-x 1 cc cc      32 Mar 29 04:14 sem.matrix-push-wsem
 === clean up ===
total 0
total 0
 === done ===
 *============== Launching remote tsd at 1 =============* 
 ====== tsd launch complete. You have 1 tsd instance. ====== 
cc        18598  0.0  0.0 144464  7040 ?        Sl   04:16   0:00 /home/cc/Synergy4/s4c00/cmake-build-debug/sng_tsd /home/cc/Synergy4/s4c00/etc/sng1.json /home/cc/Synergy4/s4c00/etc/synergy-log.conf
cc        18600  0.0  0.0  12944   940 ?        S    04:16   0:00 grep sng_tsd
 ============================================================ 
 === before clean up === 
~~~~~~ ls -l /tmp
total 24
-rw------- 1 cc cc 11447 Mar 29 04:16 synergy4_p2pmd_11505.log
-rw------- 1 cc cc   768 Mar 29 04:14 synergy4_parser_11505.log
-rw------- 1 cc cc  7043 Mar 29 04:16 synergy4_tsd_11505.log
srwxrwxr-x 1 cc cc     0 Mar 29 04:14 tsd1
~~~~~~ ls -l /dev/shm
total 16
-rwxrwxr-x 1 cc cc 4000000 Mar 29 04:14 matrix-pull
-rwxrwxr-x 1 cc cc 4000000 Mar 29 04:14 matrix-push
-rwxrwxr-x 1 cc cc      32 Mar 29 04:14 sem.matrix-pull-rsem
-rwxrwxr-x 1 cc cc      32 Mar 29 04:14 sem.matrix-pull-wsem
-rwxrwxr-x 1 cc cc      32 Mar 29 04:14 sem.matrix-push-rsem
-rwxrwxr-x 1 cc cc      32 Mar 29 04:14 sem.matrix-push-wsem
 === clean up ===
total 0
total 0
 === done ===
 *============== Launching remote tsd at 2 =============* 
 ====== tsd launch complete. You have 1 tsd instance. ====== 
cc        11986  0.0  0.0 144464  7008 ?        Sl   04:16   0:00 /home/cc/Synergy4/s4c00/cmake-build-debug/sng_tsd /home/cc/Synergy4/s4c00/etc/sng2.json /home/cc/Synergy4/s4c00/etc/synergy-log.conf
cc        11988  0.0  0.0  12944  1020 ?        S    04:16   0:00 grep sng_tsd
 ============================================================ 
 === before clean up === 
~~~~~~ ls -l /tmp
total 28
-rw------- 1 cc cc 14426 Mar 29 04:16 synergy4_p2pmd_4792.log
-rw------- 1 cc cc   764 Mar 29 04:14 synergy4_parser_4792.log
-rw------- 1 cc cc  6979 Mar 29 04:16 synergy4_tsd_4792.log
srwxrwxr-x 1 cc cc     0 Mar 29 04:14 tsd1
~~~~~~ ls -l /dev/shm
total 16
-rwxrwxr-x 1 cc cc 4000000 Mar 29 04:14 matrix-pull
-rwxrwxr-x 1 cc cc 4000000 Mar 29 04:14 matrix-push
-rwxrwxr-x 1 cc cc      32 Mar 29 04:14 sem.matrix-pull-rsem
-rwxrwxr-x 1 cc cc      32 Mar 29 04:14 sem.matrix-pull-wsem
-rwxrwxr-x 1 cc cc      32 Mar 29 04:14 sem.matrix-push-rsem
-rwxrwxr-x 1 cc cc      32 Mar 29 04:14 sem.matrix-push-wsem
 === clean up ===
total 0
total 0
 === done ===
 *============== Launching remote tsd at 3 =============* 
 ====== tsd launch complete. You have 1 tsd instance. ====== 
cc         5269  0.0  0.0 144464  7080 ?        Sl   04:16   0:00 /home/cc/Synergy4/s4c00/cmake-build-debug/sng_tsd /home/cc/Synergy4/s4c00/etc/sng3.json /home/cc/Synergy4/s4c00/etc/synergy-log.conf
cc         5271  0.0  0.0  12944  1028 ?        S    04:16   0:00 grep sng_tsd
 ============================================================ 
