 === before clean up === 
~~~~~~ ls -l /tmp
total 860
-rw------- 1 cc cc 634872 Mar 29 04:04 synergy4_16685.log
-rw------- 1 cc cc   7732 Mar 29 04:04 synergy4_p2pmd_16685.log
-rw------- 1 cc cc    768 Mar 29 04:02 synergy4_parser_16685.log
-rw------- 1 cc cc 228731 Mar 29 04:04 synergy4_tsd_16685.log
srwxrwxr-x 1 cc cc      0 Mar 29 04:02 tsd1
~~~~~~ ls -l /dev/shm
total 7832
-rwxrwxr-x 1 cc cc 4000000 Mar 29 04:03 matrix-pull
-rwxrwxr-x 1 cc cc 4000000 Mar 29 04:03 matrix-push
-rwxrwxr-x 1 cc cc      32 Mar 29 04:02 sem.matrix-pull-rsem
-rwxrwxr-x 1 cc cc      32 Mar 29 04:02 sem.matrix-pull-wsem
-rwxrwxr-x 1 cc cc      32 Mar 29 04:02 sem.matrix-push-rsem
-rwxrwxr-x 1 cc cc      32 Mar 29 04:02 sem.matrix-push-wsem
 === clean up ===
total 0
total 0
 === done ===
 *============== Launching remote tsd at 1 =============* 
 ====== tsd launch complete. You have 1 tsd instance. ====== 
cc        17005  0.0  0.0 144464  4924 ?        Sl   04:04   0:00 /home/cc/Synergy4/s4c00/cmake-build-debug/sng_tsd /home/cc/Synergy4/s4c00/etc/sng1.json /home/cc/Synergy4/s4c00/etc/synergy-log.conf
cc        17007  0.0  0.0  12944  1016 ?        S    04:04   0:00 grep sng_tsd
 ============================================================ 
 === before clean up === 
~~~~~~ ls -l /tmp
total 28
-rw------- 1 cc cc 12967 Mar 29 04:04 synergy4_p2pmd_9051.log
-rw------- 1 cc cc   768 Mar 29 04:02 synergy4_parser_9051.log
-rw------- 1 cc cc  6979 Mar 29 04:04 synergy4_tsd_9051.log
srwxrwxr-x 1 cc cc     0 Mar 29 04:02 tsd1
~~~~~~ ls -l /dev/shm
total 16
-rwxrwxr-x 1 cc cc 4000000 Mar 29 04:02 matrix-pull
-rwxrwxr-x 1 cc cc 4000000 Mar 29 04:02 matrix-push
-rwxrwxr-x 1 cc cc      32 Mar 29 04:02 sem.matrix-pull-rsem
-rwxrwxr-x 1 cc cc      32 Mar 29 04:02 sem.matrix-pull-wsem
-rwxrwxr-x 1 cc cc      32 Mar 29 04:02 sem.matrix-push-rsem
-rwxrwxr-x 1 cc cc      32 Mar 29 04:02 sem.matrix-push-wsem
 === clean up ===
total 0
total 0
 === done ===
 *============== Launching remote tsd at 2 =============* 
 ====== tsd launch complete. You have 1 tsd instance. ====== 
cc         9534  0.0  0.0 144464  7004 ?        Sl   04:04   0:00 /home/cc/Synergy4/s4c00/cmake-build-debug/sng_tsd /home/cc/Synergy4/s4c00/etc/sng2.json /home/cc/Synergy4/s4c00/etc/synergy-log.conf
cc         9536  0.0  0.0  12944   976 ?        S    04:04   0:00 grep sng_tsd
 ============================================================ 
 === before clean up === 
~~~~~~ ls -l /tmp
total 28
-rw------- 1 cc cc 12368 Mar 29 04:04 synergy4_p2pmd_2289.log
-rw------- 1 cc cc   764 Mar 29 04:02 synergy4_parser_2289.log
-rw------- 1 cc cc  6979 Mar 29 04:04 synergy4_tsd_2289.log
srwxrwxr-x 1 cc cc     0 Mar 29 04:02 tsd1
~~~~~~ ls -l /dev/shm
total 16
-rwxrwxr-x 1 cc cc 4000000 Mar 29 04:02 matrix-pull
-rwxrwxr-x 1 cc cc 4000000 Mar 29 04:02 matrix-push
-rwxrwxr-x 1 cc cc      32 Mar 29 04:02 sem.matrix-pull-rsem
-rwxrwxr-x 1 cc cc      32 Mar 29 04:02 sem.matrix-pull-wsem
-rwxrwxr-x 1 cc cc      32 Mar 29 04:02 sem.matrix-push-rsem
-rwxrwxr-x 1 cc cc      32 Mar 29 04:02 sem.matrix-push-wsem
 === clean up ===
total 0
total 0
 === done ===
 *============== Launching remote tsd at 3 =============* 
 ====== tsd launch complete. You have 1 tsd instance. ====== 
cc         2805  0.0  0.0 144464  4964 ?        Sl   04:04   0:00 /home/cc/Synergy4/s4c00/cmake-build-debug/sng_tsd /home/cc/Synergy4/s4c00/etc/sng3.json /home/cc/Synergy4/s4c00/etc/synergy-log.conf
cc         2809  0.0  0.0  12944  1032 ?        S    04:04   0:00 grep sng_tsd
 ============================================================ 
