 === before clean up === 
~~~~~~ ls -l /tmp
total 1128
-rw------- 1 cc cc 770276 Mar 29 01:10 synergy4_195331.log
-rw------- 1 cc cc   9148 Mar 29 01:10 synergy4_p2pmd_195331.log
-rw------- 1 cc cc    768 Mar 29 01:07 synergy4_parser_195331.log
-rw------- 1 cc cc 356825 Mar 29 01:10 synergy4_tsd_195331.log
srwxrwxr-x 1 cc cc      0 Mar 29 01:07 tsd1
~~~~~~ ls -l /dev/shm
total 7832
-rwxrwxr-x 1 cc cc 4000000 Mar 29 01:09 matrix-pull
-rwxrwxr-x 1 cc cc 4000000 Mar 29 01:09 matrix-push
-rwxrwxr-x 1 cc cc      32 Mar 29 01:07 sem.matrix-pull-rsem
-rwxrwxr-x 1 cc cc      32 Mar 29 01:07 sem.matrix-pull-wsem
-rwxrwxr-x 1 cc cc      32 Mar 29 01:07 sem.matrix-push-rsem
-rwxrwxr-x 1 cc cc      32 Mar 29 01:07 sem.matrix-push-wsem
 === clean up ===
total 0
total 0
 === done ===
 *============== Launching remote tsd at 1 =============* 
 ====== tsd launch complete. You have 1 tsd instance. ====== 
cc          459  0.0  0.0 144464  4960 ?        Sl   01:51   0:00 /home/cc/Synergy4/s4c00/cmake-build-debug/sng_tsd /home/cc/Synergy4/s4c00/etc/sng1.json /home/cc/Synergy4/s4c00/etc/synergy-log.conf
cc          461  0.0  0.0  12944   932 ?        S    01:51   0:00 grep sng_tsd
 ============================================================ 
 === before clean up === 
~~~~~~ ls -l /tmp
total 28
-rw------- 1 cc cc 13732 Mar 29 01:10 synergy4_p2pmd_180659.log
-rw------- 1 cc cc   768 Mar 29 01:07 synergy4_parser_180659.log
-rw------- 1 cc cc  7107 Mar 29 01:10 synergy4_tsd_180659.log
srwxrwxr-x 1 cc cc     0 Mar 29 01:07 tsd1
~~~~~~ ls -l /dev/shm
total 16
-rwxrwxr-x 1 cc cc 4000000 Mar 29 01:07 matrix-pull
-rwxrwxr-x 1 cc cc 4000000 Mar 29 01:07 matrix-push
-rwxrwxr-x 1 cc cc      32 Mar 29 01:07 sem.matrix-pull-rsem
-rwxrwxr-x 1 cc cc      32 Mar 29 01:07 sem.matrix-pull-wsem
-rwxrwxr-x 1 cc cc      32 Mar 29 01:07 sem.matrix-push-rsem
-rwxrwxr-x 1 cc cc      32 Mar 29 01:07 sem.matrix-push-wsem
 === clean up ===
total 0
total 0
 === done ===
 *============== Launching remote tsd at 2 =============* 
 ====== tsd launch complete. You have 1 tsd instance. ====== 
cc       181538  0.0  0.0 144464  6964 ?        Sl   01:51   0:00 /home/cc/Synergy4/s4c00/cmake-build-debug/sng_tsd /home/cc/Synergy4/s4c00/etc/sng2.json /home/cc/Synergy4/s4c00/etc/synergy-log.conf
cc       181540  0.0  0.0  12944  1028 ?        S    01:51   0:00 grep sng_tsd
 ============================================================ 
 === before clean up === 
~~~~~~ ls -l /tmp
total 28
-rw------- 1 cc cc 13727 Mar 29 01:10 synergy4_p2pmd_174731.log
-rw------- 1 cc cc   764 Mar 29 01:07 synergy4_parser_174731.log
-rw------- 1 cc cc  7107 Mar 29 01:10 synergy4_tsd_174731.log
srwxrwxr-x 1 cc cc     0 Mar 29 01:07 tsd1
~~~~~~ ls -l /dev/shm
total 16
-rwxrwxr-x 1 cc cc 4000000 Mar 29 01:07 matrix-pull
-rwxrwxr-x 1 cc cc 4000000 Mar 29 01:07 matrix-push
-rwxrwxr-x 1 cc cc      32 Mar 29 01:07 sem.matrix-pull-rsem
-rwxrwxr-x 1 cc cc      32 Mar 29 01:07 sem.matrix-pull-wsem
-rwxrwxr-x 1 cc cc      32 Mar 29 01:07 sem.matrix-push-rsem
-rwxrwxr-x 1 cc cc      32 Mar 29 01:07 sem.matrix-push-wsem
 === clean up ===
total 0
total 0
 === done ===
 *============== Launching remote tsd at 3 =============* 
 ====== tsd launch complete. You have 1 tsd instance. ====== 
cc       175427  0.0  0.0 144464  7000 ?        Sl   01:51   0:00 /home/cc/Synergy4/s4c00/cmake-build-debug/sng_tsd /home/cc/Synergy4/s4c00/etc/sng3.json /home/cc/Synergy4/s4c00/etc/synergy-log.conf
cc       175429  0.0  0.0  12944  1088 ?        S    01:51   0:00 grep sng_tsd
 ============================================================ 
