 === before clean up === 
~~~~~~ ls -l /tmp
total 684
-rw------- 1 cc cc 554716 Mar 29 02:51 synergy4_7261.log
-rw------- 1 cc cc  12116 Mar 29 02:51 synergy4_p2pmd_7261.log
-rw------- 1 cc cc    768 Mar 29 02:49 synergy4_parser_7261.log
-rw------- 1 cc cc 120590 Mar 29 02:51 synergy4_tsd_7261.log
srwxrwxr-x 1 cc cc      0 Mar 29 02:49 tsd1
~~~~~~ ls -l /dev/shm
total 7832
-rwxrwxr-x 1 cc cc 4000000 Mar 29 02:50 matrix-pull
-rwxrwxr-x 1 cc cc 4000000 Mar 29 02:50 matrix-push
-rwxrwxr-x 1 cc cc      32 Mar 29 02:49 sem.matrix-pull-rsem
-rwxrwxr-x 1 cc cc      32 Mar 29 02:49 sem.matrix-pull-wsem
-rwxrwxr-x 1 cc cc      32 Mar 29 02:49 sem.matrix-push-rsem
-rwxrwxr-x 1 cc cc      32 Mar 29 02:49 sem.matrix-push-wsem
 === clean up ===
total 0
total 0
 === done ===
 *============== Launching remote tsd at 1 =============* 
 ====== tsd launch complete. You have 1 tsd instance. ====== 
cc         7574  0.0  0.0 144464  5028 ?        Sl   02:52   0:00 /home/cc/Synergy4/s4c00/cmake-build-debug/sng_tsd /home/cc/Synergy4/s4c00/etc/sng1.json /home/cc/Synergy4/s4c00/etc/synergy-log.conf
cc         7576  0.0  0.0  12944   936 ?        S    02:52   0:00 grep sng_tsd
 ============================================================ 
 === before clean up === 
~~~~~~ ls -l /tmp
total 28
-rw------- 1 cc cc 13093 Mar 29 02:51 synergy4_p2pmd_191686.log
-rw------- 1 cc cc   768 Mar 29 02:49 synergy4_parser_191686.log
-rw------- 1 cc cc  7107 Mar 29 02:51 synergy4_tsd_191686.log
srwxrwxr-x 1 cc cc     0 Mar 29 02:49 tsd1
~~~~~~ ls -l /dev/shm
total 16
-rwxrwxr-x 1 cc cc 4000000 Mar 29 02:49 matrix-pull
-rwxrwxr-x 1 cc cc 4000000 Mar 29 02:49 matrix-push
-rwxrwxr-x 1 cc cc      32 Mar 29 02:49 sem.matrix-pull-rsem
-rwxrwxr-x 1 cc cc      32 Mar 29 02:49 sem.matrix-pull-wsem
-rwxrwxr-x 1 cc cc      32 Mar 29 02:49 sem.matrix-push-rsem
-rwxrwxr-x 1 cc cc      32 Mar 29 02:49 sem.matrix-push-wsem
 === clean up ===
total 0
total 0
 === done ===
 *============== Launching remote tsd at 2 =============* 
 ====== tsd launch complete. You have 1 tsd instance. ====== 
cc       192166  0.0  0.0 144464  4996 ?        Sl   02:52   0:00 /home/cc/Synergy4/s4c00/cmake-build-debug/sng_tsd /home/cc/Synergy4/s4c00/etc/sng2.json /home/cc/Synergy4/s4c00/etc/synergy-log.conf
cc       192168  0.0  0.0  12944   964 ?        S    02:52   0:00 grep sng_tsd
 ============================================================ 
 === before clean up === 
~~~~~~ ls -l /tmp
total 28
-rw------- 1 cc cc 13104 Mar 29 02:51 synergy4_p2pmd_185333.log
-rw------- 1 cc cc   764 Mar 29 02:49 synergy4_parser_185333.log
-rw------- 1 cc cc  7107 Mar 29 02:51 synergy4_tsd_185333.log
srwxrwxr-x 1 cc cc     0 Mar 29 02:49 tsd1
~~~~~~ ls -l /dev/shm
total 16
-rwxrwxr-x 1 cc cc 4000000 Mar 29 02:49 matrix-pull
-rwxrwxr-x 1 cc cc 4000000 Mar 29 02:49 matrix-push
-rwxrwxr-x 1 cc cc      32 Mar 29 02:49 sem.matrix-pull-rsem
-rwxrwxr-x 1 cc cc      32 Mar 29 02:49 sem.matrix-pull-wsem
-rwxrwxr-x 1 cc cc      32 Mar 29 02:49 sem.matrix-push-rsem
-rwxrwxr-x 1 cc cc      32 Mar 29 02:49 sem.matrix-push-wsem
 === clean up ===
total 0
total 0
 === done ===
 *============== Launching remote tsd at 3 =============* 
 ====== tsd launch complete. You have 1 tsd instance. ====== 
cc       185802  0.0  0.0 144464  4944 ?        Sl   02:52   0:00 /home/cc/Synergy4/s4c00/cmake-build-debug/sng_tsd /home/cc/Synergy4/s4c00/etc/sng3.json /home/cc/Synergy4/s4c00/etc/synergy-log.conf
cc       185804  0.0  0.0  12944  1088 ?        S    02:52   0:00 grep sng_tsd
 ============================================================ 
