 === before clean up === 
~~~~~~ ls -l /tmp
total 8
-rw------- 1 cc cc 768 Mar 29 06:03 synergy4_parser_42108.log
-rw------- 1 cc cc 473 Mar 29 06:03 synergy4_tsd_42108.log
srwxrwxr-x 1 cc cc   0 Mar 29 06:03 tsd1
~~~~~~ ls -l /dev/shm
total 16
-rwxrwxr-x 1 cc cc 4000000 Mar 29 06:03 matrix-pull
-rwxrwxr-x 1 cc cc 4000000 Mar 29 06:03 matrix-push
-rwxrwxr-x 1 cc cc      32 Mar 29 06:03 sem.matrix-pull-rsem
-rwxrwxr-x 1 cc cc      32 Mar 29 06:03 sem.matrix-pull-wsem
-rwxrwxr-x 1 cc cc      32 Mar 29 06:03 sem.matrix-push-rsem
-rwxrwxr-x 1 cc cc      32 Mar 29 06:03 sem.matrix-push-wsem
 === clean up ===
total 0
total 0
 === done ===
 *============== Launching remote tsd at 1 =============* 
 ====== tsd launch complete. You have 1 tsd instance. ====== 
cc        42193  0.0  0.0 144464  4932 ?        Sl   06:03   0:00 /home/cc/Synergy4/s4c00/cmake-build-debug/sng_tsd /home/cc/Synergy4/s4c00/etc/sng1.json /home/cc/Synergy4/s4c00/etc/synergy-log.conf
cc        42195  0.0  0.0  12944  1012 ?        S    06:03   0:00 grep sng_tsd
 ============================================================ 
 === before clean up === 
~~~~~~ ls -l /tmp
total 16
-rw------- 1 cc cc 768 Mar 29 06:03 synergy4_parser_38690.log
-rw------- 1 cc cc 768 Mar 29 06:03 synergy4_parser_38703.log
-rw------- 1 cc cc 473 Mar 29 06:03 synergy4_tsd_38690.log
-rw------- 1 cc cc 326 Mar 29 06:03 synergy4_tsd_38703.log
srwxrwxr-x 1 cc cc   0 Mar 29 06:03 tsd1
~~~~~~ ls -l /dev/shm
total 16
-rwxrwxr-x 1 cc cc 4000000 Mar 29 06:03 matrix-pull
-rwxrwxr-x 1 cc cc 4000000 Mar 29 06:03 matrix-push
-rwxrwxr-x 1 cc cc      32 Mar 29 06:03 sem.matrix-pull-rsem
-rwxrwxr-x 1 cc cc      32 Mar 29 06:03 sem.matrix-pull-wsem
-rwxrwxr-x 1 cc cc      32 Mar 29 06:03 sem.matrix-push-rsem
-rwxrwxr-x 1 cc cc      32 Mar 29 06:03 sem.matrix-push-wsem
 === clean up ===
total 0
total 0
 === done ===
 *============== Launching remote tsd at 2 =============* 
 ====== tsd launch complete. You have 1 tsd instance. ====== 
cc        38765  0.0  0.0 144464  4884 ?        Sl   06:03   0:00 /home/cc/Synergy4/s4c00/cmake-build-debug/sng_tsd /home/cc/Synergy4/s4c00/etc/sng2.json /home/cc/Synergy4/s4c00/etc/synergy-log.conf
cc        38767  0.0  0.0  12944  1012 ?        S    06:03   0:00 grep sng_tsd
 ============================================================ 
 === before clean up === 
~~~~~~ ls -l /tmp
total 8
-rw------- 1 cc cc 764 Mar 29 06:03 synergy4_parser_30223.log
-rw------- 1 cc cc 326 Mar 29 06:03 synergy4_tsd_30223.log
srwxrwxr-x 1 cc cc   0 Mar 29 06:03 tsd1
~~~~~~ ls -l /dev/shm
total 0
 === clean up ===
total 0
total 0
 === done ===
 *============== Launching remote tsd at 3 =============* 
 ====== tsd launch complete. You have 1 tsd instance. ====== 
cc        30294  0.0  0.0 144464  5028 ?        Sl   06:03   0:00 /home/cc/Synergy4/s4c00/cmake-build-debug/sng_tsd /home/cc/Synergy4/s4c00/etc/sng3.json /home/cc/Synergy4/s4c00/etc/synergy-log.conf
cc        30296  0.0  0.0  12944   980 ?        S    06:03   0:00 grep sng_tsd
 ============================================================ 
 === before clean up === 
~~~~~~ ls -l /tmp
total 8
-rw------- 1 cc cc 768 Mar 29 06:03 synergy4_parser_19196.log
-rw------- 1 cc cc 473 Mar 29 06:03 synergy4_tsd_19196.log
srwxrwxr-x 1 cc cc   0 Mar 29 06:03 tsd1
~~~~~~ ls -l /dev/shm
total 16
-rwxrwxr-x 1 cc cc 4000000 Mar 29 06:03 matrix-pull
-rwxrwxr-x 1 cc cc 4000000 Mar 29 06:03 matrix-push
-rwxrwxr-x 1 cc cc      32 Mar 29 06:03 sem.matrix-pull-rsem
-rwxrwxr-x 1 cc cc      32 Mar 29 06:03 sem.matrix-pull-wsem
-rwxrwxr-x 1 cc cc      32 Mar 29 06:03 sem.matrix-push-rsem
-rwxrwxr-x 1 cc cc      32 Mar 29 06:03 sem.matrix-push-wsem
 === clean up ===
total 0
total 0
 === done ===
 *============== Launching remote tsd at 4 =============* 
 ====== tsd launch complete. You have 1 tsd instance. ====== 
cc        19294  0.0  0.0 144464  4996 ?        Sl   06:03   0:00 /home/cc/Synergy4/s4c00/cmake-build-debug/sng_tsd /home/cc/Synergy4/s4c00/etc/sng4.json /home/cc/Synergy4/s4c00/etc/synergy-log.conf
cc        19296  0.0  0.0  12944   936 ?        S    06:03   0:00 grep sng_tsd
cc        19299  0.0  0.0  12944   992 ?        S    06:03   0:00 grep sng_tsd
 ============================================================ 
 === before clean up === 
~~~~~~ ls -l /tmp
total 8
-rw------- 1 cc cc 768 Mar 29 06:03 synergy4_parser_163677.log
-rw------- 1 cc cc 477 Mar 29 06:03 synergy4_tsd_163677.log
srwxrwxr-x 1 cc cc   0 Mar 29 06:03 tsd1
~~~~~~ ls -l /dev/shm
total 16
-rwxrwxr-x 1 cc cc 4000000 Mar 29 06:03 matrix-pull
-rwxrwxr-x 1 cc cc 4000000 Mar 29 06:03 matrix-push
-rwxrwxr-x 1 cc cc      32 Mar 29 06:03 sem.matrix-pull-rsem
-rwxrwxr-x 1 cc cc      32 Mar 29 06:03 sem.matrix-pull-wsem
-rwxrwxr-x 1 cc cc      32 Mar 29 06:03 sem.matrix-push-rsem
-rwxrwxr-x 1 cc cc      32 Mar 29 06:03 sem.matrix-push-wsem
 === clean up ===
total 0
total 0
 === done ===
 *============== Launching remote tsd at 5 =============* 
 ====== tsd launch complete. You have 1 tsd instance. ====== 
cc       163774  0.0  0.0 144464  4884 ?        Sl   06:03   0:00 /home/cc/Synergy4/s4c00/cmake-build-debug/sng_tsd /home/cc/Synergy4/s4c00/etc/sng5.json /home/cc/Synergy4/s4c00/etc/synergy-log.conf
cc       163777  0.0  0.0  12944   928 ?        S    06:03   0:00 grep sng_tsd
cc       163779  0.0  0.0  12944   932 ?        S    06:03   0:00 grep sng_tsd
 ============================================================ 
 === before clean up === 
~~~~~~ ls -l /tmp
total 0
~~~~~~ ls -l /dev/shm
total 0
 === clean up ===
total 0
total 0
 === done ===
 *============== Launching remote tsd at 6 =============* 
 ====== tsd launch complete. You have 1 tsd instance. ====== 
cc       162611  0.0  0.0 144464  4968 ?        Sl   06:03   0:00 /home/cc/Synergy4/s4c00/cmake-build-debug/sng_tsd /home/cc/Synergy4/s4c00/etc/sng6.json /home/cc/Synergy4/s4c00/etc/synergy-log.conf
cc       162620  0.0  0.0  12944   964 ?        S    06:03   0:00 grep sng_tsd
 ============================================================ 
 === before clean up === 
~~~~~~ ls -l /tmp
total 8
-rw------- 1 cc cc 768 Mar 29 06:03 synergy4_parser_156542.log
-rw------- 1 cc cc 477 Mar 29 06:03 synergy4_tsd_156542.log
srwxrwxr-x 1 cc cc   0 Mar 29 06:03 tsd1
~~~~~~ ls -l /dev/shm
total 16
-rwxrwxr-x 1 cc cc 4000000 Mar 29 06:03 matrix-pull
-rwxrwxr-x 1 cc cc 4000000 Mar 29 06:03 matrix-push
-rwxrwxr-x 1 cc cc      32 Mar 29 06:03 sem.matrix-pull-rsem
-rwxrwxr-x 1 cc cc      32 Mar 29 06:03 sem.matrix-pull-wsem
-rwxrwxr-x 1 cc cc      32 Mar 29 06:03 sem.matrix-push-rsem
-rwxrwxr-x 1 cc cc      32 Mar 29 06:03 sem.matrix-push-wsem
 === clean up ===
total 0
total 0
 === done ===
 *============== Launching remote tsd at 7 =============* 
 ====== tsd launch complete. You have 1 tsd instance. ====== 
cc       156560  0.0  0.0 144464  4920 ?        Sl   06:03   0:00 /home/cc/Synergy4/s4c00/cmake-build-debug/sng_tsd /home/cc/Synergy4/s4c00/etc/sng7.json /home/cc/Synergy4/s4c00/etc/synergy-log.conf
cc       156562  0.0  0.0  12944   936 ?        S    06:03   0:00 grep sng_tsd
 ============================================================ 
 === before clean up === 
~~~~~~ ls -l /tmp
total 32
-rw------- 1 cc cc 768 Mar 29 06:03 synergy4_parser_155931.log
-rw------- 1 cc cc 768 Mar 29 06:03 synergy4_parser_155941.log
-rw------- 1 cc cc 768 Mar 29 06:03 synergy4_parser_155952.log
-rw------- 1 cc cc 768 Mar 29 06:03 synergy4_parser_155956.log
-rw------- 1 cc cc 477 Mar 29 06:03 synergy4_tsd_155931.log
-rw------- 1 cc cc 329 Mar 29 06:03 synergy4_tsd_155941.log
-rw------- 1 cc cc 329 Mar 29 06:03 synergy4_tsd_155952.log
-rw------- 1 cc cc 329 Mar 29 06:03 synergy4_tsd_155956.log
srwxrwxr-x 1 cc cc   0 Mar 29 06:03 tsd1
~~~~~~ ls -l /dev/shm
total 0
 === clean up ===
total 0
total 16
-rwxrwxr-x 1 cc cc 4000000 Mar 29 06:03 matrix-pull
-rwxrwxr-x 1 cc cc 4000000 Mar 29 06:03 matrix-push
-rwxrwxr-x 1 cc cc      32 Mar 29 06:03 sem.matrix-pull-rsem
-rwxrwxr-x 1 cc cc      32 Mar 29 06:03 sem.matrix-pull-wsem
-rwxrwxr-x 1 cc cc      32 Mar 29 06:03 sem.matrix-push-rsem
-rwxrwxr-x 1 cc cc      32 Mar 29 06:03 sem.matrix-push-wsem
 === done ===
 *============== Launching remote tsd at 8 =============* 
 ====== tsd launch complete. You have 1 tsd instance. ====== 
cc       156057  0.0  0.0 144464  4936 ?        Sl   06:03   0:00 /home/cc/Synergy4/s4c00/cmake-build-debug/sng_tsd /home/cc/Synergy4/s4c00/etc/sng8.json /home/cc/Synergy4/s4c00/etc/synergy-log.conf
cc       156068  0.0  0.0  12944   916 ?        S    06:03   0:00 grep sng_tsd
 ============================================================ 
