 === before clean up === 
~~~~~~ ls -l /tmp
total 548
drwx------ 3 cc cc   4096 Mar 29 05:48 ompi.sng-1.1000
-rw------- 1 cc cc 320461 Mar 29 05:48 synergy4_31481.log
-rw------- 1 cc cc  10898 Mar 29 05:48 synergy4_p2pmd_31481.log
-rw------- 1 cc cc    768 Mar 29 05:47 synergy4_parser_31481.log
-rw------- 1 cc cc 213168 Mar 29 05:48 synergy4_tsd_31481.log
srwxrwxr-x 1 cc cc      0 Mar 29 05:47 tsd1
~~~~~~ ls -l /dev/shm
total 7832
-rwxrwxr-x 1 cc cc 4000000 Mar 29 05:47 matrix-pull
-rwxrwxr-x 1 cc cc 4000000 Mar 29 05:47 matrix-push
-rwxrwxr-x 1 cc cc      32 Mar 29 05:47 sem.matrix-pull-rsem
-rwxrwxr-x 1 cc cc      32 Mar 29 05:47 sem.matrix-pull-wsem
-rwxrwxr-x 1 cc cc      32 Mar 29 05:47 sem.matrix-push-rsem
-rwxrwxr-x 1 cc cc      32 Mar 29 05:47 sem.matrix-push-wsem
 === clean up ===
total 0
total 0
 === done ===
 *============== Launching remote tsd at 1 =============* 
 ====== tsd launch complete. You have 1 tsd instance. ====== 
cc        31839  0.0  0.0 144464  7016 ?        Sl   05:48   0:00 /home/cc/Synergy4/s4c00/cmake-build-debug/sng_tsd /home/cc/Synergy4/s4c00/etc/sng1.json /home/cc/Synergy4/s4c00/etc/synergy-log.conf
cc        31841  0.0  0.0  12944  1032 ?        S    05:48   0:00 grep sng_tsd
 ============================================================ 
 === before clean up === 
~~~~~~ ls -l /tmp
total 16
drwx------ 3 cc cc 4096 Mar 29 05:48 ompi.sng-2.1000
-rw------- 1 cc cc 4049 Mar 29 05:48 synergy4_p2pmd_30441.log
-rw------- 1 cc cc  768 Mar 29 05:47 synergy4_parser_30441.log
-rw------- 1 cc cc 3076 Mar 29 05:48 synergy4_tsd_30441.log
srwxrwxr-x 1 cc cc    0 Mar 29 05:47 tsd1
~~~~~~ ls -l /dev/shm
total 16
-rwxrwxr-x 1 cc cc 4000000 Mar 29 05:47 matrix-pull
-rwxrwxr-x 1 cc cc 4000000 Mar 29 05:47 matrix-push
-rwxrwxr-x 1 cc cc      32 Mar 29 05:47 sem.matrix-pull-rsem
-rwxrwxr-x 1 cc cc      32 Mar 29 05:47 sem.matrix-pull-wsem
-rwxrwxr-x 1 cc cc      32 Mar 29 05:47 sem.matrix-push-rsem
-rwxrwxr-x 1 cc cc      32 Mar 29 05:47 sem.matrix-push-wsem
 === clean up ===
total 0
total 0
 === done ===
 *============== Launching remote tsd at 2 =============* 
 ====== tsd launch complete. You have 1 tsd instance. ====== 
cc        31056  0.0  0.0 144464  4928 ?        Sl   05:48   0:00 /home/cc/Synergy4/s4c00/cmake-build-debug/sng_tsd /home/cc/Synergy4/s4c00/etc/sng2.json /home/cc/Synergy4/s4c00/etc/synergy-log.conf
cc        31058  0.0  0.0  12944   924 ?        S    05:48   0:00 grep sng_tsd
 ============================================================ 
 === before clean up === 
~~~~~~ ls -l /tmp
total 16
drwx------ 3 cc cc 4096 Mar 29 05:48 ompi.sng-3.1000
-rw------- 1 cc cc 4048 Mar 29 05:48 synergy4_p2pmd_22335.log
-rw------- 1 cc cc  764 Mar 29 05:47 synergy4_parser_22335.log
-rw------- 1 cc cc 3076 Mar 29 05:48 synergy4_tsd_22335.log
srwxrwxr-x 1 cc cc    0 Mar 29 05:47 tsd1
~~~~~~ ls -l /dev/shm
total 16
-rwxrwxr-x 1 cc cc 4000000 Mar 29 05:47 matrix-pull
-rwxrwxr-x 1 cc cc 4000000 Mar 29 05:47 matrix-push
-rwxrwxr-x 1 cc cc      32 Mar 29 05:47 sem.matrix-pull-rsem
-rwxrwxr-x 1 cc cc      32 Mar 29 05:47 sem.matrix-pull-wsem
-rwxrwxr-x 1 cc cc      32 Mar 29 05:47 sem.matrix-push-rsem
-rwxrwxr-x 1 cc cc      32 Mar 29 05:47 sem.matrix-push-wsem
 === clean up ===
total 0
total 0
 === done ===
 *============== Launching remote tsd at 3 =============* 
 ====== tsd launch complete. You have 1 tsd instance. ====== 
cc        22855  0.0  0.0 144464  4956 ?        Sl   05:48   0:00 /home/cc/Synergy4/s4c00/cmake-build-debug/sng_tsd /home/cc/Synergy4/s4c00/etc/sng3.json /home/cc/Synergy4/s4c00/etc/synergy-log.conf
cc        22857  0.0  0.0  12944  1092 ?        S    05:48   0:00 grep sng_tsd
 ============================================================ 
