 === before clean up === 
~~~~~~ ls -l /tmp
total 752
-rw------- 1 cc cc 608024 Mar 29 02:46 synergy4_6633.log
-rw------- 1 cc cc   9616 Mar 29 02:46 synergy4_p2pmd_6633.log
-rw------- 1 cc cc    768 Mar 29 02:43 synergy4_parser_6633.log
-rw------- 1 cc cc 138244 Mar 29 02:46 synergy4_tsd_6633.log
srwxrwxr-x 1 cc cc      0 Mar 29 02:43 tsd1
~~~~~~ ls -l /dev/shm
total 7832
-rwxrwxr-x 1 cc cc 4000000 Mar 29 02:45 matrix-pull
-rwxrwxr-x 1 cc cc 4000000 Mar 29 02:45 matrix-push
-rwxrwxr-x 1 cc cc      32 Mar 29 02:43 sem.matrix-pull-rsem
-rwxrwxr-x 1 cc cc      32 Mar 29 02:43 sem.matrix-pull-wsem
-rwxrwxr-x 1 cc cc      32 Mar 29 02:43 sem.matrix-push-rsem
-rwxrwxr-x 1 cc cc      32 Mar 29 02:43 sem.matrix-push-wsem
 === clean up ===
total 0
total 0
 === done ===
 *============== Launching remote tsd at 1 =============* 
 ====== tsd launch complete. You have 1 tsd instance. ====== 
cc         6942  0.0  0.0 144464  5020 ?        Sl   02:46   0:00 /home/cc/Synergy4/s4c00/cmake-build-debug/sng_tsd /home/cc/Synergy4/s4c00/etc/sng1.json /home/cc/Synergy4/s4c00/etc/synergy-log.conf
cc         6944  0.0  0.0  12944   980 ?        S    02:46   0:00 grep sng_tsd
 ============================================================ 
 === before clean up === 
~~~~~~ ls -l /tmp
total 32
-rw------- 1 cc cc 18841 Mar 29 02:46 synergy4_p2pmd_190718.log
-rw------- 1 cc cc   768 Mar 29 02:43 synergy4_parser_190718.log
-rw------- 1 cc cc  7107 Mar 29 02:46 synergy4_tsd_190718.log
srwxrwxr-x 1 cc cc     0 Mar 29 02:43 tsd1
~~~~~~ ls -l /dev/shm
total 16
-rwxrwxr-x 1 cc cc 4000000 Mar 29 02:43 matrix-pull
-rwxrwxr-x 1 cc cc 4000000 Mar 29 02:43 matrix-push
-rwxrwxr-x 1 cc cc      32 Mar 29 02:43 sem.matrix-pull-rsem
-rwxrwxr-x 1 cc cc      32 Mar 29 02:43 sem.matrix-pull-wsem
-rwxrwxr-x 1 cc cc      32 Mar 29 02:43 sem.matrix-push-rsem
-rwxrwxr-x 1 cc cc      32 Mar 29 02:43 sem.matrix-push-wsem
 === clean up ===
total 0
total 0
 === done ===
 *============== Launching remote tsd at 2 =============* 
 ====== tsd launch complete. You have 1 tsd instance. ====== 
cc       191198  0.0  0.0 144464  4932 ?        Sl   02:46   0:00 /home/cc/Synergy4/s4c00/cmake-build-debug/sng_tsd /home/cc/Synergy4/s4c00/etc/sng2.json /home/cc/Synergy4/s4c00/etc/synergy-log.conf
cc       191200  0.0  0.0  12944   996 ?        S    02:46   0:00 grep sng_tsd
 ============================================================ 
 === before clean up === 
~~~~~~ ls -l /tmp
total 28
-rw------- 1 cc cc 13281 Mar 29 02:46 synergy4_p2pmd_184392.log
-rw------- 1 cc cc   764 Mar 29 02:43 synergy4_parser_184392.log
-rw------- 1 cc cc  7107 Mar 29 02:46 synergy4_tsd_184392.log
srwxrwxr-x 1 cc cc     0 Mar 29 02:43 tsd1
~~~~~~ ls -l /dev/shm
total 16
-rwxrwxr-x 1 cc cc 4000000 Mar 29 02:43 matrix-pull
-rwxrwxr-x 1 cc cc 4000000 Mar 29 02:43 matrix-push
-rwxrwxr-x 1 cc cc      32 Mar 29 02:43 sem.matrix-pull-rsem
-rwxrwxr-x 1 cc cc      32 Mar 29 02:43 sem.matrix-pull-wsem
-rwxrwxr-x 1 cc cc      32 Mar 29 02:43 sem.matrix-push-rsem
-rwxrwxr-x 1 cc cc      32 Mar 29 02:43 sem.matrix-push-wsem
 === clean up ===
total 0
total 0
 === done ===
 *============== Launching remote tsd at 3 =============* 
 ====== tsd launch complete. You have 1 tsd instance. ====== 
cc       184864  0.0  0.0 144464  4844 ?        Sl   02:46   0:00 /home/cc/Synergy4/s4c00/cmake-build-debug/sng_tsd /home/cc/Synergy4/s4c00/etc/sng3.json /home/cc/Synergy4/s4c00/etc/synergy-log.conf
cc       184866  0.0  0.0  12944   972 ?        S    02:46   0:00 grep sng_tsd
 ============================================================ 
