 === before clean up === 
~~~~~~ ls -l /tmp
total 640
-rw------- 1 cc cc 570170 Mar 29 05:17 synergy4_26631.log
-rw------- 1 cc cc   6615 Mar 29 05:17 synergy4_p2pmd_26631.log
-rw------- 1 cc cc    768 Mar 29 05:15 synergy4_parser_26631.log
-rw------- 1 cc cc  67943 Mar 29 05:17 synergy4_tsd_26631.log
srwxrwxr-x 1 cc cc      0 Mar 29 05:15 tsd1
~~~~~~ ls -l /dev/shm
total 7832
-rwxrwxr-x 1 cc cc 4000000 Mar 29 05:17 matrix-pull
-rwxrwxr-x 1 cc cc 4000000 Mar 29 05:17 matrix-push
-rwxrwxr-x 1 cc cc      32 Mar 29 05:15 sem.matrix-pull-rsem
-rwxrwxr-x 1 cc cc      32 Mar 29 05:15 sem.matrix-pull-wsem
-rwxrwxr-x 1 cc cc      32 Mar 29 05:15 sem.matrix-push-rsem
-rwxrwxr-x 1 cc cc      32 Mar 29 05:15 sem.matrix-push-wsem
 === clean up ===
total 0
total 0
 === done ===
 *============== Launching remote tsd at 1 =============* 
 ====== tsd launch complete. You have 1 tsd instance. ====== 
cc        26945  0.0  0.0 144464  6964 ?        Sl   05:18   0:00 /home/cc/Synergy4/s4c00/cmake-build-debug/sng_tsd /home/cc/Synergy4/s4c00/etc/sng1.json /home/cc/Synergy4/s4c00/etc/synergy-log.conf
cc        26947  0.0  0.0  12944   936 ?        S    05:18   0:00 grep sng_tsd
 ============================================================ 
 === before clean up === 
~~~~~~ ls -l /tmp
total 28
-rw------- 1 cc cc 15865 Mar 29 05:17 synergy4_p2pmd_24127.log
-rw------- 1 cc cc   768 Mar 29 05:15 synergy4_parser_24127.log
-rw------- 1 cc cc  7043 Mar 29 05:17 synergy4_tsd_24127.log
srwxrwxr-x 1 cc cc     0 Mar 29 05:15 tsd1
~~~~~~ ls -l /dev/shm
total 16
-rwxrwxr-x 1 cc cc 4000000 Mar 29 05:15 matrix-pull
-rwxrwxr-x 1 cc cc 4000000 Mar 29 05:15 matrix-push
-rwxrwxr-x 1 cc cc      32 Mar 29 05:15 sem.matrix-pull-rsem
-rwxrwxr-x 1 cc cc      32 Mar 29 05:15 sem.matrix-pull-wsem
-rwxrwxr-x 1 cc cc      32 Mar 29 05:15 sem.matrix-push-rsem
-rwxrwxr-x 1 cc cc      32 Mar 29 05:15 sem.matrix-push-wsem
 === clean up ===
total 0
total 0
 === done ===
 *============== Launching remote tsd at 2 =============* 
 ====== tsd launch complete. You have 1 tsd instance. ====== 
cc        24611  0.0  0.0 144464  6964 ?        Sl   05:18   0:00 /home/cc/Synergy4/s4c00/cmake-build-debug/sng_tsd /home/cc/Synergy4/s4c00/etc/sng2.json /home/cc/Synergy4/s4c00/etc/synergy-log.conf
cc        24613  0.0  0.0  12944   936 ?        S    05:18   0:00 grep sng_tsd
 ============================================================ 
 === before clean up === 
~~~~~~ ls -l /tmp
total 24
-rw------- 1 cc cc 11852 Mar 29 05:17 synergy4_p2pmd_17161.log
-rw------- 1 cc cc   764 Mar 29 05:15 synergy4_parser_17161.log
-rw------- 1 cc cc  7043 Mar 29 05:17 synergy4_tsd_17161.log
srwxrwxr-x 1 cc cc     0 Mar 29 05:15 tsd1
~~~~~~ ls -l /dev/shm
total 16
-rwxrwxr-x 1 cc cc 4000000 Mar 29 05:15 matrix-pull
-rwxrwxr-x 1 cc cc 4000000 Mar 29 05:15 matrix-push
-rwxrwxr-x 1 cc cc      32 Mar 29 05:15 sem.matrix-pull-rsem
-rwxrwxr-x 1 cc cc      32 Mar 29 05:15 sem.matrix-pull-wsem
-rwxrwxr-x 1 cc cc      32 Mar 29 05:15 sem.matrix-push-rsem
-rwxrwxr-x 1 cc cc      32 Mar 29 05:15 sem.matrix-push-wsem
 === clean up ===
total 0
total 0
 === done ===
 *============== Launching remote tsd at 3 =============* 
 ====== tsd launch complete. You have 1 tsd instance. ====== 
cc        17637  0.0  0.0 144464  4860 ?        Sl   05:18   0:00 /home/cc/Synergy4/s4c00/cmake-build-debug/sng_tsd /home/cc/Synergy4/s4c00/etc/sng3.json /home/cc/Synergy4/s4c00/etc/synergy-log.conf
cc        17639  0.0  0.0  12944  1084 ?        S    05:18   0:00 grep sng_tsd
 ============================================================ 
