 === before clean up === 
~~~~~~ ls -l /tmp
total 708
-rw------- 1 cc cc 568472 Mar 29 02:41 synergy4_6003.log
-rw------- 1 cc cc   8143 Mar 29 02:41 synergy4_p2pmd_6003.log
-rw------- 1 cc cc    768 Mar 29 02:38 synergy4_parser_6003.log
-rw------- 1 cc cc 138038 Mar 29 02:41 synergy4_tsd_6003.log
srwxrwxr-x 1 cc cc      0 Mar 29 02:38 tsd1
~~~~~~ ls -l /dev/shm
total 7832
-rwxrwxr-x 1 cc cc 4000000 Mar 29 02:40 matrix-pull
-rwxrwxr-x 1 cc cc 4000000 Mar 29 02:40 matrix-push
-rwxrwxr-x 1 cc cc      32 Mar 29 02:38 sem.matrix-pull-rsem
-rwxrwxr-x 1 cc cc      32 Mar 29 02:38 sem.matrix-pull-wsem
-rwxrwxr-x 1 cc cc      32 Mar 29 02:38 sem.matrix-push-rsem
-rwxrwxr-x 1 cc cc      32 Mar 29 02:38 sem.matrix-push-wsem
 === clean up ===
total 0
total 0
 === done ===
 *============== Launching remote tsd at 1 =============* 
 ====== tsd launch complete. You have 1 tsd instance. ====== 
cc         6318  0.0  0.0 144464  7008 ?        Sl   02:41   0:00 /home/cc/Synergy4/s4c00/cmake-build-debug/sng_tsd /home/cc/Synergy4/s4c00/etc/sng1.json /home/cc/Synergy4/s4c00/etc/synergy-log.conf
cc         6320  0.0  0.0  12944   976 ?        S    02:41   0:00 grep sng_tsd
 ============================================================ 
 === before clean up === 
~~~~~~ ls -l /tmp
total 28
-rw------- 1 cc cc 12485 Mar 29 02:41 synergy4_p2pmd_189765.log
-rw------- 1 cc cc   768 Mar 29 02:38 synergy4_parser_189765.log
-rw------- 1 cc cc  7107 Mar 29 02:41 synergy4_tsd_189765.log
srwxrwxr-x 1 cc cc     0 Mar 29 02:38 tsd1
~~~~~~ ls -l /dev/shm
total 16
-rwxrwxr-x 1 cc cc 4000000 Mar 29 02:38 matrix-pull
-rwxrwxr-x 1 cc cc 4000000 Mar 29 02:38 matrix-push
-rwxrwxr-x 1 cc cc      32 Mar 29 02:38 sem.matrix-pull-rsem
-rwxrwxr-x 1 cc cc      32 Mar 29 02:38 sem.matrix-pull-wsem
-rwxrwxr-x 1 cc cc      32 Mar 29 02:38 sem.matrix-push-rsem
-rwxrwxr-x 1 cc cc      32 Mar 29 02:38 sem.matrix-push-wsem
 === clean up ===
total 0
total 0
 === done ===
 *============== Launching remote tsd at 2 =============* 
 ====== tsd launch complete. You have 1 tsd instance. ====== 
cc       190239  0.0  0.0 144464  4932 ?        Sl   02:41   0:00 /home/cc/Synergy4/s4c00/cmake-build-debug/sng_tsd /home/cc/Synergy4/s4c00/etc/sng2.json /home/cc/Synergy4/s4c00/etc/synergy-log.conf
cc       190241  0.0  0.0  12944   932 ?        S    02:41   0:00 grep sng_tsd
 ============================================================ 
 === before clean up === 
~~~~~~ ls -l /tmp
total 28
-rw------- 1 cc cc 12583 Mar 29 02:41 synergy4_p2pmd_183447.log
-rw------- 1 cc cc   764 Mar 29 02:38 synergy4_parser_183447.log
-rw------- 1 cc cc  7107 Mar 29 02:41 synergy4_tsd_183447.log
srwxrwxr-x 1 cc cc     0 Mar 29 02:38 tsd1
~~~~~~ ls -l /dev/shm
total 16
-rwxrwxr-x 1 cc cc 4000000 Mar 29 02:38 matrix-pull
-rwxrwxr-x 1 cc cc 4000000 Mar 29 02:38 matrix-push
-rwxrwxr-x 1 cc cc      32 Mar 29 02:38 sem.matrix-pull-rsem
-rwxrwxr-x 1 cc cc      32 Mar 29 02:38 sem.matrix-pull-wsem
-rwxrwxr-x 1 cc cc      32 Mar 29 02:38 sem.matrix-push-rsem
-rwxrwxr-x 1 cc cc      32 Mar 29 02:38 sem.matrix-push-wsem
 === clean up ===
total 0
total 0
 === done ===
 *============== Launching remote tsd at 3 =============* 
 ====== tsd launch complete. You have 1 tsd instance. ====== 
cc       183923  0.0  0.0 144464  7056 ?        Sl   02:41   0:00 /home/cc/Synergy4/s4c00/cmake-build-debug/sng_tsd /home/cc/Synergy4/s4c00/etc/sng3.json /home/cc/Synergy4/s4c00/etc/synergy-log.conf
cc       183925  0.0  0.0  12944   976 ?        S    02:41   0:00 grep sng_tsd
 ============================================================ 
