 === before clean up === 
~~~~~~ ls -l /tmp
total 728
-rw------- 1 cc cc 617726 Mar 29 03:24 synergy4_11012.log
-rw------- 1 cc cc  12142 Mar 29 03:24 synergy4_p2pmd_11012.log
-rw------- 1 cc cc    768 Mar 29 03:21 synergy4_parser_11012.log
-rw------- 1 cc cc 103719 Mar 29 03:24 synergy4_tsd_11012.log
srwxrwxr-x 1 cc cc      0 Mar 29 03:21 tsd1
~~~~~~ ls -l /dev/shm
total 7832
-rwxrwxr-x 1 cc cc 4000000 Mar 29 03:22 matrix-pull
-rwxrwxr-x 1 cc cc 4000000 Mar 29 03:22 matrix-push
-rwxrwxr-x 1 cc cc      32 Mar 29 03:21 sem.matrix-pull-rsem
-rwxrwxr-x 1 cc cc      32 Mar 29 03:21 sem.matrix-pull-wsem
-rwxrwxr-x 1 cc cc      32 Mar 29 03:21 sem.matrix-push-rsem
-rwxrwxr-x 1 cc cc      32 Mar 29 03:21 sem.matrix-push-wsem
 === clean up ===
total 0
total 0
 === done ===
 *============== Launching remote tsd at 1 =============* 
 ====== tsd launch complete. You have 1 tsd instance. ====== 
cc        11430  0.0  0.0 144464  7008 ?        Sl   03:24   0:00 /home/cc/Synergy4/s4c00/cmake-build-debug/sng_tsd /home/cc/Synergy4/s4c00/etc/sng1.json /home/cc/Synergy4/s4c00/etc/synergy-log.conf
cc        11432  0.0  0.0  12944  1012 ?        S    03:24   0:00 grep sng_tsd
 ============================================================ 
 === before clean up === 
~~~~~~ ls -l /tmp
total 28
-rw------- 1 cc cc 12694 Mar 29 03:24 synergy4_p2pmd_1217.log
-rw------- 1 cc cc   768 Mar 29 03:21 synergy4_parser_1217.log
-rw------- 1 cc cc  6979 Mar 29 03:24 synergy4_tsd_1217.log
srwxrwxr-x 1 cc cc     0 Mar 29 03:21 tsd1
~~~~~~ ls -l /dev/shm
total 16
-rwxrwxr-x 1 cc cc 4000000 Mar 29 03:21 matrix-pull
-rwxrwxr-x 1 cc cc 4000000 Mar 29 03:21 matrix-push
-rwxrwxr-x 1 cc cc      32 Mar 29 03:21 sem.matrix-pull-rsem
-rwxrwxr-x 1 cc cc      32 Mar 29 03:21 sem.matrix-pull-wsem
-rwxrwxr-x 1 cc cc      32 Mar 29 03:21 sem.matrix-push-rsem
-rwxrwxr-x 1 cc cc      32 Mar 29 03:21 sem.matrix-push-wsem
 === clean up ===
total 0
total 0
 === done ===
 *============== Launching remote tsd at 2 =============* 
 ====== tsd launch complete. You have 1 tsd instance. ====== 
cc         1715  0.0  0.0 144464  6932 ?        Sl   03:24   0:00 /home/cc/Synergy4/s4c00/cmake-build-debug/sng_tsd /home/cc/Synergy4/s4c00/etc/sng2.json /home/cc/Synergy4/s4c00/etc/synergy-log.conf
cc         1717  0.0  0.0  12944   960 ?        S    03:24   0:00 grep sng_tsd
 ============================================================ 
 === before clean up === 
~~~~~~ ls -l /tmp
total 28
-rw------- 1 cc cc 13098 Mar 29 03:24 synergy4_p2pmd_190989.log
-rw------- 1 cc cc   764 Mar 29 03:21 synergy4_parser_190989.log
-rw------- 1 cc cc  7107 Mar 29 03:24 synergy4_tsd_190989.log
srwxrwxr-x 1 cc cc     0 Mar 29 03:21 tsd1
~~~~~~ ls -l /dev/shm
total 16
-rwxrwxr-x 1 cc cc 4000000 Mar 29 03:21 matrix-pull
-rwxrwxr-x 1 cc cc 4000000 Mar 29 03:21 matrix-push
-rwxrwxr-x 1 cc cc      32 Mar 29 03:21 sem.matrix-pull-rsem
-rwxrwxr-x 1 cc cc      32 Mar 29 03:21 sem.matrix-pull-wsem
-rwxrwxr-x 1 cc cc      32 Mar 29 03:21 sem.matrix-push-rsem
-rwxrwxr-x 1 cc cc      32 Mar 29 03:21 sem.matrix-push-wsem
 === clean up ===
total 0
total 0
 === done ===
 *============== Launching remote tsd at 3 =============* 
 ====== tsd launch complete. You have 1 tsd instance. ====== 
cc       191460  0.0  0.0 144464  4924 ?        Sl   03:24   0:00 /home/cc/Synergy4/s4c00/cmake-build-debug/sng_tsd /home/cc/Synergy4/s4c00/etc/sng3.json /home/cc/Synergy4/s4c00/etc/synergy-log.conf
cc       191462  0.0  0.0  12944   932 ?        S    03:24   0:00 grep sng_tsd
 ============================================================ 
