 === before clean up === 
~~~~~~ ls -l /tmp
total 672
-rw------- 1 cc cc 564542 Mar 29 04:52 synergy4_23132.log
-rw------- 1 cc cc   7791 Mar 29 04:52 synergy4_p2pmd_23132.log
-rw------- 1 cc cc    768 Mar 29 04:50 synergy4_parser_23132.log
-rw------- 1 cc cc 104229 Mar 29 04:52 synergy4_tsd_23132.log
srwxrwxr-x 1 cc cc      0 Mar 29 04:50 tsd1
~~~~~~ ls -l /dev/shm
total 7832
-rwxrwxr-x 1 cc cc 4000000 Mar 29 04:51 matrix-pull
-rwxrwxr-x 1 cc cc 4000000 Mar 29 04:51 matrix-push
-rwxrwxr-x 1 cc cc      32 Mar 29 04:50 sem.matrix-pull-rsem
-rwxrwxr-x 1 cc cc      32 Mar 29 04:50 sem.matrix-pull-wsem
-rwxrwxr-x 1 cc cc      32 Mar 29 04:50 sem.matrix-push-rsem
-rwxrwxr-x 1 cc cc      32 Mar 29 04:50 sem.matrix-push-wsem
 === clean up ===
total 0
total 0
 === done ===
 *============== Launching remote tsd at 1 =============* 
 ====== tsd launch complete. You have 1 tsd instance. ====== 
cc        23440  0.0  0.0 144464  4880 ?        Sl   04:52   0:00 /home/cc/Synergy4/s4c00/cmake-build-debug/sng_tsd /home/cc/Synergy4/s4c00/etc/sng1.json /home/cc/Synergy4/s4c00/etc/synergy-log.conf
cc        23442  0.0  0.0  12944   940 ?        S    04:52   0:00 grep sng_tsd
 ============================================================ 
 === before clean up === 
~~~~~~ ls -l /tmp
total 36
-rw------- 1 cc cc 22955 Mar 29 04:52 synergy4_p2pmd_18787.log
-rw------- 1 cc cc   768 Mar 29 04:50 synergy4_parser_18787.log
-rw------- 1 cc cc  7043 Mar 29 04:52 synergy4_tsd_18787.log
srwxrwxr-x 1 cc cc     0 Mar 29 04:50 tsd1
~~~~~~ ls -l /dev/shm
total 16
-rwxrwxr-x 1 cc cc 4000000 Mar 29 04:50 matrix-pull
-rwxrwxr-x 1 cc cc 4000000 Mar 29 04:50 matrix-push
-rwxrwxr-x 1 cc cc      32 Mar 29 04:50 sem.matrix-pull-rsem
-rwxrwxr-x 1 cc cc      32 Mar 29 04:50 sem.matrix-pull-wsem
-rwxrwxr-x 1 cc cc      32 Mar 29 04:50 sem.matrix-push-rsem
-rwxrwxr-x 1 cc cc      32 Mar 29 04:50 sem.matrix-push-wsem
 === clean up ===
total 0
total 0
 === done ===
 *============== Launching remote tsd at 2 =============* 
 ====== tsd launch complete. You have 1 tsd instance. ====== 
cc        19261  0.0  0.0 144464  7008 ?        Sl   04:52   0:00 /home/cc/Synergy4/s4c00/cmake-build-debug/sng_tsd /home/cc/Synergy4/s4c00/etc/sng2.json /home/cc/Synergy4/s4c00/etc/synergy-log.conf
cc        19263  0.0  0.0  12944   932 ?        S    04:52   0:00 grep sng_tsd
 ============================================================ 
 === before clean up === 
~~~~~~ ls -l /tmp
total 24
-rw------- 1 cc cc 12250 Mar 29 04:52 synergy4_p2pmd_11919.log
-rw------- 1 cc cc   764 Mar 29 04:50 synergy4_parser_11919.log
-rw------- 1 cc cc  7043 Mar 29 04:52 synergy4_tsd_11919.log
srwxrwxr-x 1 cc cc     0 Mar 29 04:50 tsd1
~~~~~~ ls -l /dev/shm
total 16
-rwxrwxr-x 1 cc cc 4000000 Mar 29 04:50 matrix-pull
-rwxrwxr-x 1 cc cc 4000000 Mar 29 04:50 matrix-push
-rwxrwxr-x 1 cc cc      32 Mar 29 04:50 sem.matrix-pull-rsem
-rwxrwxr-x 1 cc cc      32 Mar 29 04:50 sem.matrix-pull-wsem
-rwxrwxr-x 1 cc cc      32 Mar 29 04:50 sem.matrix-push-rsem
-rwxrwxr-x 1 cc cc      32 Mar 29 04:50 sem.matrix-push-wsem
 === clean up ===
total 0
total 0
 === done ===
 *============== Launching remote tsd at 3 =============* 
 ====== tsd launch complete. You have 1 tsd instance. ====== 
cc        12386  0.0  0.0 144464  5008 ?        Sl   04:52   0:00 /home/cc/Synergy4/s4c00/cmake-build-debug/sng_tsd /home/cc/Synergy4/s4c00/etc/sng3.json /home/cc/Synergy4/s4c00/etc/synergy-log.conf
cc        12388  0.0  0.0  12944   940 ?        S    04:52   0:00 grep sng_tsd
 ============================================================ 
