 === before clean up === 
~~~~~~ ls -l /tmp
total 708
-rw------- 1 cc cc 604438 Mar 29 05:01 synergy4_24395.log
-rw------- 1 cc cc   6909 Mar 29 05:01 synergy4_p2pmd_24395.log
-rw------- 1 cc cc    768 Mar 29 04:59 synergy4_parser_24395.log
-rw------- 1 cc cc 103464 Mar 29 05:01 synergy4_tsd_24395.log
srwxrwxr-x 1 cc cc      0 Mar 29 04:59 tsd1
~~~~~~ ls -l /dev/shm
total 7832
-rwxrwxr-x 1 cc cc 4000000 Mar 29 05:00 matrix-pull
-rwxrwxr-x 1 cc cc 4000000 Mar 29 05:00 matrix-push
-rwxrwxr-x 1 cc cc      32 Mar 29 04:59 sem.matrix-pull-rsem
-rwxrwxr-x 1 cc cc      32 Mar 29 04:59 sem.matrix-pull-wsem
-rwxrwxr-x 1 cc cc      32 Mar 29 04:59 sem.matrix-push-rsem
-rwxrwxr-x 1 cc cc      32 Mar 29 04:59 sem.matrix-push-wsem
 === clean up ===
total 0
total 0
 === done ===
 *============== Launching remote tsd at 1 =============* 
 ====== tsd launch complete. You have 1 tsd instance. ====== 
cc        24704  0.0  0.0 144464  4860 ?        Sl   05:01   0:00 /home/cc/Synergy4/s4c00/cmake-build-debug/sng_tsd /home/cc/Synergy4/s4c00/etc/sng1.json /home/cc/Synergy4/s4c00/etc/synergy-log.conf
cc        24706  0.0  0.0  12944   936 ?        S    05:01   0:00 grep sng_tsd
 ============================================================ 
 === before clean up === 
~~~~~~ ls -l /tmp
total 36
-rw------- 1 cc cc 23249 Mar 29 05:01 synergy4_p2pmd_20711.log
-rw------- 1 cc cc   768 Mar 29 04:59 synergy4_parser_20711.log
-rw------- 1 cc cc  7043 Mar 29 05:01 synergy4_tsd_20711.log
srwxrwxr-x 1 cc cc     0 Mar 29 04:59 tsd1
~~~~~~ ls -l /dev/shm
total 16
-rwxrwxr-x 1 cc cc 4000000 Mar 29 04:59 matrix-pull
-rwxrwxr-x 1 cc cc 4000000 Mar 29 04:59 matrix-push
-rwxrwxr-x 1 cc cc      32 Mar 29 04:59 sem.matrix-pull-rsem
-rwxrwxr-x 1 cc cc      32 Mar 29 04:59 sem.matrix-pull-wsem
-rwxrwxr-x 1 cc cc      32 Mar 29 04:59 sem.matrix-push-rsem
-rwxrwxr-x 1 cc cc      32 Mar 29 04:59 sem.matrix-push-wsem
 === clean up ===
total 0
total 0
 === done ===
 *============== Launching remote tsd at 2 =============* 
 ====== tsd launch complete. You have 1 tsd instance. ====== 
cc        21194  0.0  0.0 144464  5012 ?        Sl   05:01   0:00 /home/cc/Synergy4/s4c00/cmake-build-debug/sng_tsd /home/cc/Synergy4/s4c00/etc/sng2.json /home/cc/Synergy4/s4c00/etc/synergy-log.conf
cc        21196  0.0  0.0  12944   980 ?        S    05:01   0:00 grep sng_tsd
 ============================================================ 
 === before clean up === 
~~~~~~ ls -l /tmp
total 32
-rw------- 1 cc cc 19558 Mar 29 05:01 synergy4_p2pmd_13810.log
-rw------- 1 cc cc   764 Mar 29 04:59 synergy4_parser_13810.log
-rw------- 1 cc cc  7043 Mar 29 05:01 synergy4_tsd_13810.log
srwxrwxr-x 1 cc cc     0 Mar 29 04:59 tsd1
~~~~~~ ls -l /dev/shm
total 16
-rwxrwxr-x 1 cc cc 4000000 Mar 29 04:59 matrix-pull
-rwxrwxr-x 1 cc cc 4000000 Mar 29 04:59 matrix-push
-rwxrwxr-x 1 cc cc      32 Mar 29 04:59 sem.matrix-pull-rsem
-rwxrwxr-x 1 cc cc      32 Mar 29 04:59 sem.matrix-pull-wsem
-rwxrwxr-x 1 cc cc      32 Mar 29 04:59 sem.matrix-push-rsem
-rwxrwxr-x 1 cc cc      32 Mar 29 04:59 sem.matrix-push-wsem
 === clean up ===
total 0
total 0
 === done ===
 *============== Launching remote tsd at 3 =============* 
 ====== tsd launch complete. You have 1 tsd instance. ====== 
cc        14290  0.0  0.0 144464  6932 ?        Sl   05:01   0:00 /home/cc/Synergy4/s4c00/cmake-build-debug/sng_tsd /home/cc/Synergy4/s4c00/etc/sng3.json /home/cc/Synergy4/s4c00/etc/synergy-log.conf
cc        14292  0.0  0.0  12944   936 ?        S    05:01   0:00 grep sng_tsd
 ============================================================ 
