 === before clean up === 
~~~~~~ ls -l /tmp
total 8
-rw------- 1 cc cc 768 Mar 29 06:02 synergy4_parser_35825.log
-rw------- 1 cc cc 473 Mar 29 06:02 synergy4_tsd_35825.log
srwxrwxr-x 1 cc cc   0 Mar 29 06:02 tsd1
~~~~~~ ls -l /dev/shm
total 16
-rwxrwxr-x 1 cc cc 4000000 Mar 29 06:02 matrix-pull
-rwxrwxr-x 1 cc cc 4000000 Mar 29 06:02 matrix-push
-rwxrwxr-x 1 cc cc      32 Mar 29 06:02 sem.matrix-pull-rsem
-rwxrwxr-x 1 cc cc      32 Mar 29 06:02 sem.matrix-pull-wsem
-rwxrwxr-x 1 cc cc      32 Mar 29 06:02 sem.matrix-push-rsem
-rwxrwxr-x 1 cc cc      32 Mar 29 06:02 sem.matrix-push-wsem
 === clean up ===
total 0
total 0
 === done ===
 *============== Launching remote tsd at 1 =============* 
 ====== tsd launch complete. You have 1 tsd instance. ====== 
cc        35879  0.0  0.0 144464  4924 ?        Sl   06:02   0:00 /home/cc/Synergy4/s4c00/cmake-build-debug/sng_tsd /home/cc/Synergy4/s4c00/etc/sng1.json /home/cc/Synergy4/s4c00/etc/synergy-log.conf
cc        35881  0.0  0.0  12944  1008 ?        S    06:02   0:00 grep sng_tsd
 ============================================================ 
 === before clean up === 
~~~~~~ ls -l /tmp
total 8
-rw------- 1 cc cc 768 Mar 29 06:02 synergy4_parser_34212.log
-rw------- 1 cc cc 473 Mar 29 06:02 synergy4_tsd_34212.log
srwxrwxr-x 1 cc cc   0 Mar 29 06:02 tsd1
~~~~~~ ls -l /dev/shm
total 16
-rwxrwxr-x 1 cc cc 4000000 Mar 29 06:02 matrix-pull
-rwxrwxr-x 1 cc cc 4000000 Mar 29 06:02 matrix-push
-rwxrwxr-x 1 cc cc      32 Mar 29 06:02 sem.matrix-pull-rsem
-rwxrwxr-x 1 cc cc      32 Mar 29 06:02 sem.matrix-pull-wsem
-rwxrwxr-x 1 cc cc      32 Mar 29 06:02 sem.matrix-push-rsem
-rwxrwxr-x 1 cc cc      32 Mar 29 06:02 sem.matrix-push-wsem
 === clean up ===
total 0
total 0
 === done ===
 *============== Launching remote tsd at 2 =============* 
 ====== tsd launch complete. You have 1 tsd instance. ====== 
cc        34248  0.0  0.0 144464  4932 ?        Sl   06:02   0:00 /home/cc/Synergy4/s4c00/cmake-build-debug/sng_tsd /home/cc/Synergy4/s4c00/etc/sng2.json /home/cc/Synergy4/s4c00/etc/synergy-log.conf
cc        34250  0.0  0.0  12944  1084 ?        S    06:02   0:00 grep sng_tsd
 ============================================================ 
 === before clean up === 
~~~~~~ ls -l /tmp
total 8
-rw------- 1 cc cc 764 Mar 29 06:02 synergy4_parser_25988.log
-rw------- 1 cc cc 473 Mar 29 06:02 synergy4_tsd_25988.log
srwxrwxr-x 1 cc cc   0 Mar 29 06:02 tsd1
~~~~~~ ls -l /dev/shm
total 16
-rwxrwxr-x 1 cc cc 4000000 Mar 29 06:02 matrix-pull
-rwxrwxr-x 1 cc cc 4000000 Mar 29 06:02 matrix-push
-rwxrwxr-x 1 cc cc      32 Mar 29 06:02 sem.matrix-pull-rsem
-rwxrwxr-x 1 cc cc      32 Mar 29 06:02 sem.matrix-pull-wsem
-rwxrwxr-x 1 cc cc      32 Mar 29 06:02 sem.matrix-push-rsem
-rwxrwxr-x 1 cc cc      32 Mar 29 06:02 sem.matrix-push-wsem
 === clean up ===
total 0
total 0
 === done ===
 *============== Launching remote tsd at 3 =============* 
 ====== tsd launch complete. You have 1 tsd instance. ====== 
cc        26010  0.0  0.0 144464  7068 ?        Sl   06:02   0:00 /home/cc/Synergy4/s4c00/cmake-build-debug/sng_tsd /home/cc/Synergy4/s4c00/etc/sng3.json /home/cc/Synergy4/s4c00/etc/synergy-log.conf
cc        26012  0.0  0.0  12944   972 ?        S    06:02   0:00 grep sng_tsd
 ============================================================ 
 === before clean up === 
~~~~~~ ls -l /tmp
total 0
~~~~~~ ls -l /dev/shm
total 16
-rwxrwxr-x 1 cc cc 4000000 Mar 29 06:02 matrix-pull
-rwxrwxr-x 1 cc cc 4000000 Mar 29 06:02 matrix-push
-rwxrwxr-x 1 cc cc      32 Mar 29 06:02 sem.matrix-pull-rsem
-rwxrwxr-x 1 cc cc      32 Mar 29 06:02 sem.matrix-pull-wsem
-rwxrwxr-x 1 cc cc      32 Mar 29 06:02 sem.matrix-push-rsem
-rwxrwxr-x 1 cc cc      32 Mar 29 06:02 sem.matrix-push-wsem
 === clean up ===
total 0
total 0
 === done ===
 *============== Launching remote tsd at 4 =============* 
 ====== tsd launch complete. You have 1 tsd instance. ====== 
cc        15111  0.0  0.0 144464  4956 ?        Sl   06:02   0:00 /home/cc/Synergy4/s4c00/cmake-build-debug/sng_tsd /home/cc/Synergy4/s4c00/etc/sng4.json /home/cc/Synergy4/s4c00/etc/synergy-log.conf
cc        15128  0.0  0.0  12944   944 ?        S    06:02   0:00 grep sng_tsd
 ============================================================ 
 === before clean up === 
~~~~~~ ls -l /tmp
total 12
-rw------- 1 cc cc 3779 Mar 29 01:10 synergy4_p2pmd_157909.log
-rw------- 1 cc cc  768 Mar 29 01:07 synergy4_parser_157909.log
-rw------- 1 cc cc 4009 Mar 29 01:09 synergy4_tsd_157909.log
srwxrwxr-x 1 cc cc    0 Mar 29 01:07 tsd1
~~~~~~ ls -l /dev/shm
total 16
-rwxrwxr-x 1 cc cc 4000000 Mar 29 01:07 matrix-pull
-rwxrwxr-x 1 cc cc 4000000 Mar 29 01:07 matrix-push
-rwxrwxr-x 1 cc cc      32 Mar 29 01:07 sem.matrix-pull-rsem
-rwxrwxr-x 1 cc cc      32 Mar 29 01:07 sem.matrix-pull-wsem
-rwxrwxr-x 1 cc cc      32 Mar 29 01:07 sem.matrix-push-rsem
-rwxrwxr-x 1 cc cc      32 Mar 29 01:07 sem.matrix-push-wsem
 === clean up ===
total 0
total 0
 === done ===
 *============== Launching remote tsd at 5 =============* 
 ====== tsd launch complete. You have 1 tsd instance. ====== 
cc       159590  0.0  0.0 144464  5012 ?        Sl   06:02   0:00 /home/cc/Synergy4/s4c00/cmake-build-debug/sng_tsd /home/cc/Synergy4/s4c00/etc/sng5.json /home/cc/Synergy4/s4c00/etc/synergy-log.conf
cc       159592  0.0  0.0  12944   932 ?        S    06:02   0:00 grep sng_tsd
 ============================================================ 
