 === before clean up === 
~~~~~~ ls -l /tmp
total 760
-rw------- 1 cc cc 589468 Mar 29 04:21 synergy4_18917.log
-rw------- 1 cc cc  12830 Mar 29 04:21 synergy4_p2pmd_18917.log
-rw------- 1 cc cc    768 Mar 29 04:19 synergy4_parser_18917.log
-rw------- 1 cc cc 157051 Mar 29 04:21 synergy4_tsd_18917.log
srwxrwxr-x 1 cc cc      0 Mar 29 04:19 tsd1
~~~~~~ ls -l /dev/shm
total 7832
-rwxrwxr-x 1 cc cc 4000000 Mar 29 04:20 matrix-pull
-rwxrwxr-x 1 cc cc 4000000 Mar 29 04:20 matrix-push
-rwxrwxr-x 1 cc cc      32 Mar 29 04:19 sem.matrix-pull-rsem
-rwxrwxr-x 1 cc cc      32 Mar 29 04:19 sem.matrix-pull-wsem
-rwxrwxr-x 1 cc cc      32 Mar 29 04:19 sem.matrix-push-rsem
-rwxrwxr-x 1 cc cc      32 Mar 29 04:19 sem.matrix-push-wsem
 === clean up ===
total 0
total 0
 === done ===
 *============== Launching remote tsd at 1 =============* 
 ====== tsd launch complete. You have 1 tsd instance. ====== 
cc        19230  0.0  0.0 144464  4936 ?        Sl   04:21   0:00 /home/cc/Synergy4/s4c00/cmake-build-debug/sng_tsd /home/cc/Synergy4/s4c00/etc/sng1.json /home/cc/Synergy4/s4c00/etc/synergy-log.conf
cc        19232  0.0  0.0  12944   968 ?        S    04:21   0:00 grep sng_tsd
 ============================================================ 
 === before clean up === 
~~~~~~ ls -l /tmp
total 28
-rw------- 1 cc cc 12473 Mar 29 04:21 synergy4_p2pmd_12479.log
-rw------- 1 cc cc   768 Mar 29 04:19 synergy4_parser_12479.log
-rw------- 1 cc cc  7043 Mar 29 04:21 synergy4_tsd_12479.log
srwxrwxr-x 1 cc cc     0 Mar 29 04:19 tsd1
~~~~~~ ls -l /dev/shm
total 16
-rwxrwxr-x 1 cc cc 4000000 Mar 29 04:19 matrix-pull
-rwxrwxr-x 1 cc cc 4000000 Mar 29 04:19 matrix-push
-rwxrwxr-x 1 cc cc      32 Mar 29 04:19 sem.matrix-pull-rsem
-rwxrwxr-x 1 cc cc      32 Mar 29 04:19 sem.matrix-pull-wsem
-rwxrwxr-x 1 cc cc      32 Mar 29 04:19 sem.matrix-push-rsem
-rwxrwxr-x 1 cc cc      32 Mar 29 04:19 sem.matrix-push-wsem
 === clean up ===
total 0
total 0
 === done ===
 *============== Launching remote tsd at 2 =============* 
 ====== tsd launch complete. You have 1 tsd instance. ====== 
cc        12965  0.0  0.0 144464  4936 ?        Sl   04:21   0:00 /home/cc/Synergy4/s4c00/cmake-build-debug/sng_tsd /home/cc/Synergy4/s4c00/etc/sng2.json /home/cc/Synergy4/s4c00/etc/synergy-log.conf
cc        12967  0.0  0.0  12944  1008 ?        S    04:21   0:00 grep sng_tsd
 ============================================================ 
 === before clean up === 
~~~~~~ ls -l /tmp
total 28
-rw------- 1 cc cc 12368 Mar 29 04:21 synergy4_p2pmd_5741.log
-rw------- 1 cc cc   764 Mar 29 04:19 synergy4_parser_5741.log
-rw------- 1 cc cc  6979 Mar 29 04:21 synergy4_tsd_5741.log
srwxrwxr-x 1 cc cc     0 Mar 29 04:19 tsd1
~~~~~~ ls -l /dev/shm
total 16
-rwxrwxr-x 1 cc cc 4000000 Mar 29 04:19 matrix-pull
-rwxrwxr-x 1 cc cc 4000000 Mar 29 04:19 matrix-push
-rwxrwxr-x 1 cc cc      32 Mar 29 04:19 sem.matrix-pull-rsem
-rwxrwxr-x 1 cc cc      32 Mar 29 04:19 sem.matrix-pull-wsem
-rwxrwxr-x 1 cc cc      32 Mar 29 04:19 sem.matrix-push-rsem
-rwxrwxr-x 1 cc cc      32 Mar 29 04:19 sem.matrix-push-wsem
 === clean up ===
total 0
total 0
 === done ===
 *============== Launching remote tsd at 3 =============* 
 ====== tsd launch complete. You have 1 tsd instance. ====== 
cc         6225  0.0  0.0 144464  6908 ?        Sl   04:21   0:00 /home/cc/Synergy4/s4c00/cmake-build-debug/sng_tsd /home/cc/Synergy4/s4c00/etc/sng3.json /home/cc/Synergy4/s4c00/etc/synergy-log.conf
cc         6227  0.0  0.0  12944   912 ?        S    04:21   0:00 grep sng_tsd
 ============================================================ 
