 === before clean up === 
~~~~~~ ls -l /tmp
total 700
-rw------- 1 cc cc 571216 Mar 29 02:54 synergy4_7574.log
-rw------- 1 cc cc   7781 Mar 29 02:54 synergy4_p2pmd_7574.log
-rw------- 1 cc cc    768 Mar 29 02:52 synergy4_parser_7574.log
-rw------- 1 cc cc 120234 Mar 29 02:54 synergy4_tsd_7574.log
srwxrwxr-x 1 cc cc      0 Mar 29 02:52 tsd1
~~~~~~ ls -l /dev/shm
total 7832
-rwxrwxr-x 1 cc cc 4000000 Mar 29 02:53 matrix-pull
-rwxrwxr-x 1 cc cc 4000000 Mar 29 02:53 matrix-push
-rwxrwxr-x 1 cc cc      32 Mar 29 02:52 sem.matrix-pull-rsem
-rwxrwxr-x 1 cc cc      32 Mar 29 02:52 sem.matrix-pull-wsem
-rwxrwxr-x 1 cc cc      32 Mar 29 02:52 sem.matrix-push-rsem
-rwxrwxr-x 1 cc cc      32 Mar 29 02:52 sem.matrix-push-wsem
 === clean up ===
total 0
total 0
 === done ===
 *============== Launching remote tsd at 1 =============* 
 ====== tsd launch complete. You have 1 tsd instance. ====== 
cc         7885  0.0  0.0 144464  7032 ?        Sl   02:54   0:00 /home/cc/Synergy4/s4c00/cmake-build-debug/sng_tsd /home/cc/Synergy4/s4c00/etc/sng1.json /home/cc/Synergy4/s4c00/etc/synergy-log.conf
cc         7887  0.0  0.0  12944   928 ?        S    02:54   0:00 grep sng_tsd
 ============================================================ 
 === before clean up === 
~~~~~~ ls -l /tmp
total 28
-rw------- 1 cc cc 13210 Mar 29 02:54 synergy4_p2pmd_192166.log
-rw------- 1 cc cc   768 Mar 29 02:52 synergy4_parser_192166.log
-rw------- 1 cc cc  7107 Mar 29 02:54 synergy4_tsd_192166.log
srwxrwxr-x 1 cc cc     0 Mar 29 02:52 tsd1
~~~~~~ ls -l /dev/shm
total 16
-rwxrwxr-x 1 cc cc 4000000 Mar 29 02:52 matrix-pull
-rwxrwxr-x 1 cc cc 4000000 Mar 29 02:52 matrix-push
-rwxrwxr-x 1 cc cc      32 Mar 29 02:52 sem.matrix-pull-rsem
-rwxrwxr-x 1 cc cc      32 Mar 29 02:52 sem.matrix-pull-wsem
-rwxrwxr-x 1 cc cc      32 Mar 29 02:52 sem.matrix-push-rsem
-rwxrwxr-x 1 cc cc      32 Mar 29 02:52 sem.matrix-push-wsem
 === clean up ===
total 0
total 0
 === done ===
 *============== Launching remote tsd at 2 =============* 
 ====== tsd launch complete. You have 1 tsd instance. ====== 
cc       192648  0.0  0.0 144464  6908 ?        Sl   02:54   0:00 /home/cc/Synergy4/s4c00/cmake-build-debug/sng_tsd /home/cc/Synergy4/s4c00/etc/sng2.json /home/cc/Synergy4/s4c00/etc/synergy-log.conf
cc       192650  0.0  0.0  12944  1008 ?        S    02:54   0:00 grep sng_tsd
 ============================================================ 
 === before clean up === 
~~~~~~ ls -l /tmp
total 28
-rw------- 1 cc cc 13289 Mar 29 02:54 synergy4_p2pmd_185802.log
-rw------- 1 cc cc   764 Mar 29 02:52 synergy4_parser_185802.log
-rw------- 1 cc cc  7107 Mar 29 02:54 synergy4_tsd_185802.log
srwxrwxr-x 1 cc cc     0 Mar 29 02:52 tsd1
~~~~~~ ls -l /dev/shm
total 16
-rwxrwxr-x 1 cc cc 4000000 Mar 29 02:52 matrix-pull
-rwxrwxr-x 1 cc cc 4000000 Mar 29 02:52 matrix-push
-rwxrwxr-x 1 cc cc      32 Mar 29 02:52 sem.matrix-pull-rsem
-rwxrwxr-x 1 cc cc      32 Mar 29 02:52 sem.matrix-pull-wsem
-rwxrwxr-x 1 cc cc      32 Mar 29 02:52 sem.matrix-push-rsem
-rwxrwxr-x 1 cc cc      32 Mar 29 02:52 sem.matrix-push-wsem
 === clean up ===
total 0
total 0
 === done ===
 *============== Launching remote tsd at 3 =============* 
 ====== tsd launch complete. You have 1 tsd instance. ====== 
cc       186277  0.0  0.0 144464  6964 ?        Sl   02:54   0:00 /home/cc/Synergy4/s4c00/cmake-build-debug/sng_tsd /home/cc/Synergy4/s4c00/etc/sng3.json /home/cc/Synergy4/s4c00/etc/synergy-log.conf
cc       186279  0.0  0.0  12944  1020 ?        S    02:54   0:00 grep sng_tsd
 ============================================================ 
