 === before clean up === 
~~~~~~ ls -l /tmp
total 8
-rw------- 1 cc cc 768 Mar 29 06:02 synergy4_parser_34230.log
-rw------- 1 cc cc 473 Mar 29 06:02 synergy4_tsd_34230.log
srwxrwxr-x 1 cc cc   0 Mar 29 06:02 tsd1
~~~~~~ ls -l /dev/shm
total 16
-rwxrwxr-x 1 cc cc 4000000 Mar 29 06:02 matrix-pull
-rwxrwxr-x 1 cc cc 4000000 Mar 29 06:02 matrix-push
-rwxrwxr-x 1 cc cc      32 Mar 29 06:02 sem.matrix-pull-rsem
-rwxrwxr-x 1 cc cc      32 Mar 29 06:02 sem.matrix-pull-wsem
-rwxrwxr-x 1 cc cc      32 Mar 29 06:02 sem.matrix-push-rsem
-rwxrwxr-x 1 cc cc      32 Mar 29 06:02 sem.matrix-push-wsem
 === clean up ===
total 0
total 0
 === done ===
 *============== Launching remote tsd at 1 =============* 
 ====== tsd launch complete. You have 1 tsd instance. ====== 
cc        34344  0.0  0.0 144464  4936 ?        Sl   06:02   0:00 /home/cc/Synergy4/s4c00/cmake-build-debug/sng_tsd /home/cc/Synergy4/s4c00/etc/sng1.json /home/cc/Synergy4/s4c00/etc/synergy-log.conf
cc        34346  0.0  0.0  12944  1020 ?        S    06:02   0:00 grep sng_tsd
 ============================================================ 
 === before clean up === 
~~~~~~ ls -l /tmp
total 8
-rw------- 1 cc cc 768 Mar 29 06:02 synergy4_parser_33177.log
-rw------- 1 cc cc 473 Mar 29 06:02 synergy4_tsd_33177.log
srwxrwxr-x 1 cc cc   0 Mar 29 06:02 tsd1
~~~~~~ ls -l /dev/shm
total 16
-rwxrwxr-x 1 cc cc 4000000 Mar 29 06:02 matrix-pull
-rwxrwxr-x 1 cc cc 4000000 Mar 29 06:02 matrix-push
-rwxrwxr-x 1 cc cc      32 Mar 29 06:02 sem.matrix-pull-rsem
-rwxrwxr-x 1 cc cc      32 Mar 29 06:02 sem.matrix-pull-wsem
-rwxrwxr-x 1 cc cc      32 Mar 29 06:02 sem.matrix-push-rsem
-rwxrwxr-x 1 cc cc      32 Mar 29 06:02 sem.matrix-push-wsem
 === clean up ===
total 0
total 0
 === done ===
 *============== Launching remote tsd at 2 =============* 
 ====== tsd launch complete. You have 1 tsd instance. ====== 
cc        33265  0.0  0.0 144464  7040 ?        Sl   06:02   0:00 /home/cc/Synergy4/s4c00/cmake-build-debug/sng_tsd /home/cc/Synergy4/s4c00/etc/sng2.json /home/cc/Synergy4/s4c00/etc/synergy-log.conf
cc        33267  0.0  0.0  12944   964 ?        S    06:02   0:00 grep sng_tsd
 ============================================================ 
 === before clean up === 
~~~~~~ ls -l /tmp
total 8
-rw------- 1 cc cc 764 Mar 29 06:02 synergy4_parser_24942.log
-rw------- 1 cc cc 473 Mar 29 06:02 synergy4_tsd_24942.log
srwxrwxr-x 1 cc cc   0 Mar 29 06:02 tsd1
~~~~~~ ls -l /dev/shm
total 16
-rwxrwxr-x 1 cc cc 4000000 Mar 29 06:02 matrix-pull
-rwxrwxr-x 1 cc cc 4000000 Mar 29 06:02 matrix-push
-rwxrwxr-x 1 cc cc      32 Mar 29 06:02 sem.matrix-pull-rsem
-rwxrwxr-x 1 cc cc      32 Mar 29 06:02 sem.matrix-pull-wsem
-rwxrwxr-x 1 cc cc      32 Mar 29 06:02 sem.matrix-push-rsem
-rwxrwxr-x 1 cc cc      32 Mar 29 06:02 sem.matrix-push-wsem
 === clean up ===
total 0
total 0
 === done ===
 *============== Launching remote tsd at 3 =============* 
 ====== tsd launch complete. You have 1 tsd instance. ====== 
cc        25034  0.0  0.0 144464  4884 ?        Sl   06:02   0:00 /home/cc/Synergy4/s4c00/cmake-build-debug/sng_tsd /home/cc/Synergy4/s4c00/etc/sng3.json /home/cc/Synergy4/s4c00/etc/synergy-log.conf
cc        25036  0.0  0.0  12944   984 ?        S    06:02   0:00 grep sng_tsd
 ============================================================ 
 === before clean up === 
~~~~~~ ls -l /tmp
total 8
-rw------- 1 cc cc 768 Mar 29 06:02 synergy4_parser_14052.log
-rw------- 1 cc cc 473 Mar 29 06:02 synergy4_tsd_14052.log
srwxrwxr-x 1 cc cc   0 Mar 29 06:02 tsd1
~~~~~~ ls -l /dev/shm
total 16
-rwxrwxr-x 1 cc cc 4000000 Mar 29 06:02 matrix-pull
-rwxrwxr-x 1 cc cc 4000000 Mar 29 06:02 matrix-push
-rwxrwxr-x 1 cc cc      32 Mar 29 06:02 sem.matrix-pull-rsem
-rwxrwxr-x 1 cc cc      32 Mar 29 06:02 sem.matrix-pull-wsem
-rwxrwxr-x 1 cc cc      32 Mar 29 06:02 sem.matrix-push-rsem
-rwxrwxr-x 1 cc cc      32 Mar 29 06:02 sem.matrix-push-wsem
 === clean up ===
total 0
total 0
 === done ===
 *============== Launching remote tsd at 4 =============* 
 ====== tsd launch complete. You have 1 tsd instance. ====== 
cc        14150  0.0  0.0 144464  7068 ?        Sl   06:02   0:00 /home/cc/Synergy4/s4c00/cmake-build-debug/sng_tsd /home/cc/Synergy4/s4c00/etc/sng4.json /home/cc/Synergy4/s4c00/etc/synergy-log.conf
cc        14152  0.0  0.0  12944   968 ?        S    06:02   0:00 grep sng_tsd
cc        14155  0.0  0.0  12944  1012 ?        S    06:02   0:00 grep sng_tsd
 ============================================================ 
