 === before clean up === 
~~~~~~ ls -l /tmp
total 716
-rw------- 1 cc cc 604438 Mar 29 03:21 synergy4_10708.log
-rw------- 1 cc cc   7527 Mar 29 03:21 synergy4_p2pmd_10708.log
-rw------- 1 cc cc    768 Mar 29 03:18 synergy4_parser_10708.log
-rw------- 1 cc cc 103615 Mar 29 03:21 synergy4_tsd_10708.log
srwxrwxr-x 1 cc cc      0 Mar 29 03:18 tsd1
~~~~~~ ls -l /dev/shm
total 7832
-rwxrwxr-x 1 cc cc 4000000 Mar 29 03:20 matrix-pull
-rwxrwxr-x 1 cc cc 4000000 Mar 29 03:20 matrix-push
-rwxrwxr-x 1 cc cc      32 Mar 29 03:18 sem.matrix-pull-rsem
-rwxrwxr-x 1 cc cc      32 Mar 29 03:18 sem.matrix-pull-wsem
-rwxrwxr-x 1 cc cc      32 Mar 29 03:18 sem.matrix-push-rsem
-rwxrwxr-x 1 cc cc      32 Mar 29 03:18 sem.matrix-push-wsem
 === clean up ===
total 0
total 0
 === done ===
 *============== Launching remote tsd at 1 =============* 
 ====== tsd launch complete. You have 1 tsd instance. ====== 
cc        11012  0.0  0.0 144464  7044 ?        Sl   03:21   0:00 /home/cc/Synergy4/s4c00/cmake-build-debug/sng_tsd /home/cc/Synergy4/s4c00/etc/sng1.json /home/cc/Synergy4/s4c00/etc/synergy-log.conf
cc        11014  0.0  0.0  12944   944 ?        S    03:21   0:00 grep sng_tsd
 ============================================================ 
 === before clean up === 
~~~~~~ ls -l /tmp
total 28
-rw------- 1 cc cc 12575 Mar 29 03:21 synergy4_p2pmd_708.log
-rw------- 1 cc cc   768 Mar 29 03:18 synergy4_parser_708.log
-rw------- 1 cc cc  6915 Mar 29 03:21 synergy4_tsd_708.log
srwxrwxr-x 1 cc cc     0 Mar 29 03:18 tsd1
~~~~~~ ls -l /dev/shm
total 16
-rwxrwxr-x 1 cc cc 4000000 Mar 29 03:18 matrix-pull
-rwxrwxr-x 1 cc cc 4000000 Mar 29 03:18 matrix-push
-rwxrwxr-x 1 cc cc      32 Mar 29 03:18 sem.matrix-pull-rsem
-rwxrwxr-x 1 cc cc      32 Mar 29 03:18 sem.matrix-pull-wsem
-rwxrwxr-x 1 cc cc      32 Mar 29 03:18 sem.matrix-push-rsem
-rwxrwxr-x 1 cc cc      32 Mar 29 03:18 sem.matrix-push-wsem
 === clean up ===
total 0
total 0
 === done ===
 *============== Launching remote tsd at 2 =============* 
 ====== tsd launch complete. You have 1 tsd instance. ====== 
cc         1217  0.0  0.0 144464  5028 ?        Sl   03:21   0:00 /home/cc/Synergy4/s4c00/cmake-build-debug/sng_tsd /home/cc/Synergy4/s4c00/etc/sng2.json /home/cc/Synergy4/s4c00/etc/synergy-log.conf
cc         1219  0.0  0.0  12944   968 ?        S    03:21   0:00 grep sng_tsd
 ============================================================ 
 === before clean up === 
~~~~~~ ls -l /tmp
total 32
-rw------- 1 cc cc 17303 Mar 29 03:21 synergy4_p2pmd_190520.log
-rw------- 1 cc cc   764 Mar 29 03:18 synergy4_parser_190520.log
-rw------- 1 cc cc  7107 Mar 29 03:21 synergy4_tsd_190520.log
srwxrwxr-x 1 cc cc     0 Mar 29 03:18 tsd1
~~~~~~ ls -l /dev/shm
total 16
-rwxrwxr-x 1 cc cc 4000000 Mar 29 03:18 matrix-pull
-rwxrwxr-x 1 cc cc 4000000 Mar 29 03:18 matrix-push
-rwxrwxr-x 1 cc cc      32 Mar 29 03:18 sem.matrix-pull-rsem
-rwxrwxr-x 1 cc cc      32 Mar 29 03:18 sem.matrix-pull-wsem
-rwxrwxr-x 1 cc cc      32 Mar 29 03:18 sem.matrix-push-rsem
-rwxrwxr-x 1 cc cc      32 Mar 29 03:18 sem.matrix-push-wsem
 === clean up ===
total 0
total 0
 === done ===
 *============== Launching remote tsd at 3 =============* 
 ====== tsd launch complete. You have 1 tsd instance. ====== 
cc       190989  0.0  0.0 144464  6908 ?        Sl   03:21   0:00 /home/cc/Synergy4/s4c00/cmake-build-debug/sng_tsd /home/cc/Synergy4/s4c00/etc/sng3.json /home/cc/Synergy4/s4c00/etc/synergy-log.conf
cc       190991  0.0  0.0  12944  1012 ?        S    03:21   0:00 grep sng_tsd
 ============================================================ 
