 === before clean up === 
~~~~~~ ls -l /tmp
total 644
-rw------- 1 cc cc 570170 Mar 29 03:40 synergy4_13470.log
-rw------- 1 cc cc   8114 Mar 29 03:40 synergy4_p2pmd_13470.log
-rw------- 1 cc cc    768 Mar 29 03:37 synergy4_parser_13470.log
-rw------- 1 cc cc  68302 Mar 29 03:40 synergy4_tsd_13470.log
srwxrwxr-x 1 cc cc      0 Mar 29 03:37 tsd1
~~~~~~ ls -l /dev/shm
total 7832
-rwxrwxr-x 1 cc cc 4000000 Mar 29 03:39 matrix-pull
-rwxrwxr-x 1 cc cc 4000000 Mar 29 03:39 matrix-push
-rwxrwxr-x 1 cc cc      32 Mar 29 03:37 sem.matrix-pull-rsem
-rwxrwxr-x 1 cc cc      32 Mar 29 03:37 sem.matrix-pull-wsem
-rwxrwxr-x 1 cc cc      32 Mar 29 03:37 sem.matrix-push-rsem
-rwxrwxr-x 1 cc cc      32 Mar 29 03:37 sem.matrix-push-wsem
 === clean up ===
total 0
total 0
 === done ===
 *============== Launching remote tsd at 1 =============* 
 ====== tsd launch complete. You have 1 tsd instance. ====== 
cc        13789  0.0  0.0 144464  4888 ?        Sl   03:40   0:00 /home/cc/Synergy4/s4c00/cmake-build-debug/sng_tsd /home/cc/Synergy4/s4c00/etc/sng1.json /home/cc/Synergy4/s4c00/etc/synergy-log.conf
cc        13791  0.0  0.0  12944   932 ?        S    03:40   0:00 grep sng_tsd
 ============================================================ 
 === before clean up === 
~~~~~~ ls -l /tmp
total 32
-rw------- 1 cc cc 18014 Mar 29 03:40 synergy4_p2pmd_4189.log
-rw------- 1 cc cc   768 Mar 29 03:37 synergy4_parser_4189.log
-rw------- 1 cc cc  6979 Mar 29 03:40 synergy4_tsd_4189.log
srwxrwxr-x 1 cc cc     0 Mar 29 03:37 tsd1
~~~~~~ ls -l /dev/shm
total 16
-rwxrwxr-x 1 cc cc 4000000 Mar 29 03:37 matrix-pull
-rwxrwxr-x 1 cc cc 4000000 Mar 29 03:37 matrix-push
-rwxrwxr-x 1 cc cc      32 Mar 29 03:37 sem.matrix-pull-rsem
-rwxrwxr-x 1 cc cc      32 Mar 29 03:37 sem.matrix-pull-wsem
-rwxrwxr-x 1 cc cc      32 Mar 29 03:37 sem.matrix-push-rsem
-rwxrwxr-x 1 cc cc      32 Mar 29 03:37 sem.matrix-push-wsem
 === clean up ===
total 0
total 0
 === done ===
 *============== Launching remote tsd at 2 =============* 
 ====== tsd launch complete. You have 1 tsd instance. ====== 
cc         4690  0.0  0.0 144464  4884 ?        Sl   03:40   0:00 /home/cc/Synergy4/s4c00/cmake-build-debug/sng_tsd /home/cc/Synergy4/s4c00/etc/sng2.json /home/cc/Synergy4/s4c00/etc/synergy-log.conf
cc         4692  0.0  0.0  12944   924 ?        S    03:40   0:00 grep sng_tsd
 ============================================================ 
 === before clean up === 
~~~~~~ ls -l /tmp
total 28
-rw------- 1 cc cc 16303 Mar 29 03:40 synergy4_p2pmd_193809.log
-rw------- 1 cc cc   764 Mar 29 03:37 synergy4_parser_193809.log
-rw------- 1 cc cc  7107 Mar 29 03:40 synergy4_tsd_193809.log
srwxrwxr-x 1 cc cc     0 Mar 29 03:37 tsd1
~~~~~~ ls -l /dev/shm
total 16
-rwxrwxr-x 1 cc cc 4000000 Mar 29 03:37 matrix-pull
-rwxrwxr-x 1 cc cc 4000000 Mar 29 03:37 matrix-push
-rwxrwxr-x 1 cc cc      32 Mar 29 03:37 sem.matrix-pull-rsem
-rwxrwxr-x 1 cc cc      32 Mar 29 03:37 sem.matrix-pull-wsem
-rwxrwxr-x 1 cc cc      32 Mar 29 03:37 sem.matrix-push-rsem
-rwxrwxr-x 1 cc cc      32 Mar 29 03:37 sem.matrix-push-wsem
 === clean up ===
total 0
total 0
 === done ===
 *============== Launching remote tsd at 3 =============* 
 ====== tsd launch complete. You have 1 tsd instance. ====== 
cc       194280  0.0  0.0 144464  7008 ?        Sl   03:40   0:00 /home/cc/Synergy4/s4c00/cmake-build-debug/sng_tsd /home/cc/Synergy4/s4c00/etc/sng3.json /home/cc/Synergy4/s4c00/etc/synergy-log.conf
cc       194282  0.0  0.0  12944  1088 ?        S    03:40   0:00 grep sng_tsd
 ============================================================ 
