 === before clean up === 
~~~~~~ ls -l /tmp
total 648
-rw------- 1 cc cc 550740 Mar 29 05:13 synergy4_25996.log
-rw------- 1 cc cc   8038 Mar 29 05:13 synergy4_p2pmd_25996.log
-rw------- 1 cc cc    768 Mar 29 05:11 synergy4_parser_25996.log
-rw------- 1 cc cc  86289 Mar 29 05:13 synergy4_tsd_25996.log
srwxrwxr-x 1 cc cc      0 Mar 29 05:11 tsd1
~~~~~~ ls -l /dev/shm
total 7832
-rwxrwxr-x 1 cc cc 4000000 Mar 29 05:12 matrix-pull
-rwxrwxr-x 1 cc cc 4000000 Mar 29 05:12 matrix-push
-rwxrwxr-x 1 cc cc      32 Mar 29 05:11 sem.matrix-pull-rsem
-rwxrwxr-x 1 cc cc      32 Mar 29 05:11 sem.matrix-pull-wsem
-rwxrwxr-x 1 cc cc      32 Mar 29 05:11 sem.matrix-push-rsem
-rwxrwxr-x 1 cc cc      32 Mar 29 05:11 sem.matrix-push-wsem
 === clean up ===
total 0
total 0
 === done ===
 *============== Launching remote tsd at 1 =============* 
 ====== tsd launch complete. You have 1 tsd instance. ====== 
cc        26319  0.0  0.0 144464  6968 ?        Sl   05:13   0:00 /home/cc/Synergy4/s4c00/cmake-build-debug/sng_tsd /home/cc/Synergy4/s4c00/etc/sng1.json /home/cc/Synergy4/s4c00/etc/synergy-log.conf
cc        26321  0.0  0.0  12944   940 ?        S    05:13   0:00 grep sng_tsd
 ============================================================ 
 === before clean up === 
~~~~~~ ls -l /tmp
total 28
-rw------- 1 cc cc 12893 Mar 29 05:13 synergy4_p2pmd_23152.log
-rw------- 1 cc cc   768 Mar 29 05:11 synergy4_parser_23152.log
-rw------- 1 cc cc  7043 Mar 29 05:13 synergy4_tsd_23152.log
srwxrwxr-x 1 cc cc     0 Mar 29 05:11 tsd1
~~~~~~ ls -l /dev/shm
total 16
-rwxrwxr-x 1 cc cc 4000000 Mar 29 05:11 matrix-pull
-rwxrwxr-x 1 cc cc 4000000 Mar 29 05:11 matrix-push
-rwxrwxr-x 1 cc cc      32 Mar 29 05:11 sem.matrix-pull-rsem
-rwxrwxr-x 1 cc cc      32 Mar 29 05:11 sem.matrix-pull-wsem
-rwxrwxr-x 1 cc cc      32 Mar 29 05:11 sem.matrix-push-rsem
-rwxrwxr-x 1 cc cc      32 Mar 29 05:11 sem.matrix-push-wsem
 === clean up ===
total 0
total 0
 === done ===
 *============== Launching remote tsd at 2 =============* 
 ====== tsd launch complete. You have 1 tsd instance. ====== 
cc        23645  0.0  0.0 144464  7044 ?        Sl   05:13   0:00 /home/cc/Synergy4/s4c00/cmake-build-debug/sng_tsd /home/cc/Synergy4/s4c00/etc/sng2.json /home/cc/Synergy4/s4c00/etc/synergy-log.conf
cc        23647  0.0  0.0  12944  1088 ?        S    05:13   0:00 grep sng_tsd
 ============================================================ 
 === before clean up === 
~~~~~~ ls -l /tmp
total 28
-rw------- 1 cc cc 12688 Mar 29 05:13 synergy4_p2pmd_16213.log
-rw------- 1 cc cc   764 Mar 29 05:11 synergy4_parser_16213.log
-rw------- 1 cc cc  7043 Mar 29 05:13 synergy4_tsd_16213.log
srwxrwxr-x 1 cc cc     0 Mar 29 05:11 tsd1
~~~~~~ ls -l /dev/shm
total 16
-rwxrwxr-x 1 cc cc 4000000 Mar 29 05:11 matrix-pull
-rwxrwxr-x 1 cc cc 4000000 Mar 29 05:11 matrix-push
-rwxrwxr-x 1 cc cc      32 Mar 29 05:11 sem.matrix-pull-rsem
-rwxrwxr-x 1 cc cc      32 Mar 29 05:11 sem.matrix-pull-wsem
-rwxrwxr-x 1 cc cc      32 Mar 29 05:11 sem.matrix-push-rsem
-rwxrwxr-x 1 cc cc      32 Mar 29 05:11 sem.matrix-push-wsem
 === clean up ===
total 0
total 0
 === done ===
 *============== Launching remote tsd at 3 =============* 
 ====== tsd launch complete. You have 1 tsd instance. ====== 
cc        16685  0.0  0.0 144464  4984 ?        Sl   05:13   0:00 /home/cc/Synergy4/s4c00/cmake-build-debug/sng_tsd /home/cc/Synergy4/s4c00/etc/sng3.json /home/cc/Synergy4/s4c00/etc/synergy-log.conf
cc        16687  0.0  0.0  12944  1016 ?        S    05:13   0:00 grep sng_tsd
 ============================================================ 
