 === before clean up === 
~~~~~~ ls -l /tmp
total 8
-rw------- 1 cc cc 768 Mar 29 06:02 synergy4_parser_37736.log
-rw------- 1 cc cc 473 Mar 29 06:02 synergy4_tsd_37736.log
srwxrwxr-x 1 cc cc   0 Mar 29 06:02 tsd1
~~~~~~ ls -l /dev/shm
total 16
-rwxrwxr-x 1 cc cc 4000000 Mar 29 06:02 matrix-pull
-rwxrwxr-x 1 cc cc 4000000 Mar 29 06:02 matrix-push
-rwxrwxr-x 1 cc cc      32 Mar 29 06:02 sem.matrix-pull-rsem
-rwxrwxr-x 1 cc cc      32 Mar 29 06:02 sem.matrix-pull-wsem
-rwxrwxr-x 1 cc cc      32 Mar 29 06:02 sem.matrix-push-rsem
-rwxrwxr-x 1 cc cc      32 Mar 29 06:02 sem.matrix-push-wsem
 === clean up ===
total 0
total 0
 === done ===
 *============== Launching remote tsd at 1 =============* 
 ====== tsd launch complete. You have 1 tsd instance. ====== 
cc        37825  0.0  0.0 144464  7044 ?        Sl   06:02   0:00 /home/cc/Synergy4/s4c00/cmake-build-debug/sng_tsd /home/cc/Synergy4/s4c00/etc/sng1.json /home/cc/Synergy4/s4c00/etc/synergy-log.conf
cc        37827  0.0  0.0  12944   976 ?        S    06:02   0:00 grep sng_tsd
 ============================================================ 
 === before clean up === 
~~~~~~ ls -l /tmp
total 8
-rw------- 1 cc cc 768 Mar 29 06:03 synergy4_parser_35572.log
-rw------- 1 cc cc 473 Mar 29 06:03 synergy4_tsd_35572.log
srwxrwxr-x 1 cc cc   0 Mar 29 06:03 tsd1
~~~~~~ ls -l /dev/shm
total 16
-rwxrwxr-x 1 cc cc 4000000 Mar 29 06:03 matrix-pull
-rwxrwxr-x 1 cc cc 4000000 Mar 29 06:03 matrix-push
-rwxrwxr-x 1 cc cc      32 Mar 29 06:03 sem.matrix-pull-rsem
-rwxrwxr-x 1 cc cc      32 Mar 29 06:03 sem.matrix-pull-wsem
-rwxrwxr-x 1 cc cc      32 Mar 29 06:03 sem.matrix-push-rsem
-rwxrwxr-x 1 cc cc      32 Mar 29 06:03 sem.matrix-push-wsem
 === clean up ===
total 0
total 0
 === done ===
 *============== Launching remote tsd at 2 =============* 
 ====== tsd launch complete. You have 1 tsd instance. ====== 
cc        35643  0.0  0.0 144464  4988 ?        Sl   06:03   0:00 /home/cc/Synergy4/s4c00/cmake-build-debug/sng_tsd /home/cc/Synergy4/s4c00/etc/sng2.json /home/cc/Synergy4/s4c00/etc/synergy-log.conf
cc        35645  0.0  0.0  12944  1012 ?        S    06:03   0:00 grep sng_tsd
 ============================================================ 
 === before clean up === 
~~~~~~ ls -l /tmp
total 0
~~~~~~ ls -l /dev/shm
total 0
 === clean up ===
total 8
-rw------- 1 cc cc 764 Mar 29 06:03 synergy4_parser_27404.log
-rw------- 1 cc cc 236 Mar 29 06:03 synergy4_tsd_27404.log
srwxrwxr-x 1 cc cc   0 Mar 29 06:03 tsd1
total 16
-rwxrwxr-x 1 cc cc 4000000 Mar 29 06:03 matrix-pull
-rwxrwxr-x 1 cc cc 4000000 Mar 29 06:03 matrix-push
-rwxrwxr-x 1 cc cc      32 Mar 29 06:03 sem.matrix-pull-rsem
-rwxrwxr-x 1 cc cc      32 Mar 29 06:03 sem.matrix-pull-wsem
-rwxrwxr-x 1 cc cc      32 Mar 29 06:03 sem.matrix-push-rsem
-rwxrwxr-x 1 cc cc      32 Mar 29 06:03 sem.matrix-push-wsem
 === done ===
 *============== Launching remote tsd at 3 =============* 
 ====== tsd launch complete. You have 1 tsd instance. ====== 
cc        27404  0.0  0.0 144464  4864 ?        Sl   06:03   0:00 /home/cc/Synergy4/s4c00/cmake-build-debug/sng_tsd /home/cc/Synergy4/s4c00/etc/sng3.json /home/cc/Synergy4/s4c00/etc/synergy-log.conf
cc        27407  0.0  0.0  12944   968 ?        S    06:03   0:00 grep sng_tsd
cc        27418  0.0  0.0  12944   928 ?        S    06:03   0:00 grep sng_tsd
 ============================================================ 
 === before clean up === 
~~~~~~ ls -l /tmp
total 12
-rw------- 1 cc cc 768 Mar 29 06:03 synergy4_parser_16442.log
-rw------- 1 cc cc 473 Mar 29 06:03 synergy4_tsd_16428.log
-rw------- 1 cc cc 326 Mar 29 06:03 synergy4_tsd_16442.log
srwxrwxr-x 1 cc cc   0 Mar 29 06:03 tsd1
~~~~~~ ls -l /dev/shm
total 0
 === clean up ===
total 0
total 0
 === done ===
 *============== Launching remote tsd at 4 =============* 
 ====== tsd launch complete. You have 1 tsd instance. ====== 
cc        16535  0.0  0.0 144464  4984 ?        Sl   06:03   0:00 /home/cc/Synergy4/s4c00/cmake-build-debug/sng_tsd /home/cc/Synergy4/s4c00/etc/sng4.json /home/cc/Synergy4/s4c00/etc/synergy-log.conf
cc        16537  0.0  0.0  12944  1008 ?        S    06:03   0:00 grep sng_tsd
 ============================================================ 
 === before clean up === 
~~~~~~ ls -l /tmp
total 16
-rw------- 1 cc cc 768 Mar 29 06:03 synergy4_parser_160919.log
-rw------- 1 cc cc 768 Mar 29 06:03 synergy4_parser_160922.log
-rw------- 1 cc cc 477 Mar 29 06:03 synergy4_tsd_160919.log
-rw------- 1 cc cc 329 Mar 29 06:03 synergy4_tsd_160922.log
srwxrwxr-x 1 cc cc   0 Mar 29 06:03 tsd1
~~~~~~ ls -l /dev/shm
total 16
-rwxrwxr-x 1 cc cc 4000000 Mar 29 06:03 matrix-pull
-rwxrwxr-x 1 cc cc 4000000 Mar 29 06:03 matrix-push
-rwxrwxr-x 1 cc cc      32 Mar 29 06:03 sem.matrix-pull-rsem
-rwxrwxr-x 1 cc cc      32 Mar 29 06:03 sem.matrix-pull-wsem
-rwxrwxr-x 1 cc cc      32 Mar 29 06:03 sem.matrix-push-rsem
-rwxrwxr-x 1 cc cc      32 Mar 29 06:03 sem.matrix-push-wsem
 === clean up ===
total 0
total 0
 === done ===
 *============== Launching remote tsd at 5 =============* 
 ====== tsd launch complete. You have 1 tsd instance. ====== 
cc       161024  0.0  0.0 144464  5012 ?        Sl   06:03   0:00 /home/cc/Synergy4/s4c00/cmake-build-debug/sng_tsd /home/cc/Synergy4/s4c00/etc/sng5.json /home/cc/Synergy4/s4c00/etc/synergy-log.conf
cc       161027  0.0  0.0  12944   964 ?        S    06:03   0:00 grep sng_tsd
 ============================================================ 
 === before clean up === 
~~~~~~ ls -l /tmp
total 8
-rw------- 1 cc cc 768 Mar 29 06:03 synergy4_parser_159977.log
-rw------- 1 cc cc 477 Mar 29 06:03 synergy4_tsd_159977.log
srwxrwxr-x 1 cc cc   0 Mar 29 06:03 tsd1
~~~~~~ ls -l /dev/shm
total 16
-rwxrwxr-x 1 cc cc 4000000 Mar 29 06:03 matrix-pull
-rwxrwxr-x 1 cc cc 4000000 Mar 29 06:03 matrix-push
-rwxrwxr-x 1 cc cc      32 Mar 29 06:03 sem.matrix-pull-rsem
-rwxrwxr-x 1 cc cc      32 Mar 29 06:03 sem.matrix-pull-wsem
-rwxrwxr-x 1 cc cc      32 Mar 29 06:03 sem.matrix-push-rsem
-rwxrwxr-x 1 cc cc      32 Mar 29 06:03 sem.matrix-push-wsem
 === clean up ===
total 0
total 0
 === done ===
 *============== Launching remote tsd at 6 =============* 
 ====== tsd launch complete. You have 1 tsd instance. ====== 
cc       159977  0.0  0.0 144464  4964 ?        Sl   06:03   0:00 /home/cc/Synergy4/s4c00/cmake-build-debug/sng_tsd /home/cc/Synergy4/s4c00/etc/sng6.json /home/cc/Synergy4/s4c00/etc/synergy-log.conf
cc       159994  0.0  0.0  12944  1020 ?        S    06:03   0:00 grep sng_tsd
 ============================================================ 
