 === before clean up === 
~~~~~~ ls -l /tmp
total 592
-rw------- 1 cc cc 516986 Mar 29 05:15 synergy4_26319.log
-rw------- 1 cc cc   9390 Mar 29 05:15 synergy4_p2pmd_26319.log
-rw------- 1 cc cc    768 Mar 29 05:13 synergy4_parser_26319.log
-rw------- 1 cc cc  68047 Mar 29 05:15 synergy4_tsd_26319.log
srwxrwxr-x 1 cc cc      0 Mar 29 05:13 tsd1
~~~~~~ ls -l /dev/shm
total 7832
-rwxrwxr-x 1 cc cc 4000000 Mar 29 05:14 matrix-pull
-rwxrwxr-x 1 cc cc 4000000 Mar 29 05:14 matrix-push
-rwxrwxr-x 1 cc cc      32 Mar 29 05:13 sem.matrix-pull-rsem
-rwxrwxr-x 1 cc cc      32 Mar 29 05:13 sem.matrix-pull-wsem
-rwxrwxr-x 1 cc cc      32 Mar 29 05:13 sem.matrix-push-rsem
-rwxrwxr-x 1 cc cc      32 Mar 29 05:13 sem.matrix-push-wsem
 === clean up ===
total 0
total 0
 === done ===
 *============== Launching remote tsd at 1 =============* 
 ====== tsd launch complete. You have 1 tsd instance. ====== 
cc        26631  0.0  0.0 144464  4972 ?        Sl   05:15   0:00 /home/cc/Synergy4/s4c00/cmake-build-debug/sng_tsd /home/cc/Synergy4/s4c00/etc/sng1.json /home/cc/Synergy4/s4c00/etc/synergy-log.conf
cc        26633  0.0  0.0  12944   944 ?        S    05:15   0:00 grep sng_tsd
 ============================================================ 
 === before clean up === 
~~~~~~ ls -l /tmp
total 24
-rw------- 1 cc cc 11844 Mar 29 05:15 synergy4_p2pmd_23645.log
-rw------- 1 cc cc   768 Mar 29 05:13 synergy4_parser_23645.log
-rw------- 1 cc cc  7043 Mar 29 05:15 synergy4_tsd_23645.log
srwxrwxr-x 1 cc cc     0 Mar 29 05:13 tsd1
~~~~~~ ls -l /dev/shm
total 16
-rwxrwxr-x 1 cc cc 4000000 Mar 29 05:13 matrix-pull
-rwxrwxr-x 1 cc cc 4000000 Mar 29 05:13 matrix-push
-rwxrwxr-x 1 cc cc      32 Mar 29 05:13 sem.matrix-pull-rsem
-rwxrwxr-x 1 cc cc      32 Mar 29 05:13 sem.matrix-pull-wsem
-rwxrwxr-x 1 cc cc      32 Mar 29 05:13 sem.matrix-push-rsem
-rwxrwxr-x 1 cc cc      32 Mar 29 05:13 sem.matrix-push-wsem
 === clean up ===
total 0
total 0
 === done ===
 *============== Launching remote tsd at 2 =============* 
 ====== tsd launch complete. You have 1 tsd instance. ====== 
cc        24127  0.0  0.0 136268  4956 ?        Rl   05:15   0:00 /home/cc/Synergy4/s4c00/cmake-build-debug/sng_tsd /home/cc/Synergy4/s4c00/etc/sng2.json /home/cc/Synergy4/s4c00/etc/synergy-log.conf
cc        24129  0.0  0.0  12944   924 ?        S    05:15   0:00 grep sng_tsd
 ============================================================ 
 === before clean up === 
~~~~~~ ls -l /tmp
total 24
-rw------- 1 cc cc 11554 Mar 29 05:15 synergy4_p2pmd_16685.log
-rw------- 1 cc cc   764 Mar 29 05:13 synergy4_parser_16685.log
-rw------- 1 cc cc  7043 Mar 29 05:15 synergy4_tsd_16685.log
srwxrwxr-x 1 cc cc     0 Mar 29 05:13 tsd1
~~~~~~ ls -l /dev/shm
total 16
-rwxrwxr-x 1 cc cc 4000000 Mar 29 05:13 matrix-pull
-rwxrwxr-x 1 cc cc 4000000 Mar 29 05:13 matrix-push
-rwxrwxr-x 1 cc cc      32 Mar 29 05:13 sem.matrix-pull-rsem
-rwxrwxr-x 1 cc cc      32 Mar 29 05:13 sem.matrix-pull-wsem
-rwxrwxr-x 1 cc cc      32 Mar 29 05:13 sem.matrix-push-rsem
-rwxrwxr-x 1 cc cc      32 Mar 29 05:13 sem.matrix-push-wsem
 === clean up ===
total 0
total 0
 === done ===
 *============== Launching remote tsd at 3 =============* 
 ====== tsd launch complete. You have 1 tsd instance. ====== 
cc        17161  0.0  0.0 144464  7040 ?        Sl   05:15   0:00 /home/cc/Synergy4/s4c00/cmake-build-debug/sng_tsd /home/cc/Synergy4/s4c00/etc/sng3.json /home/cc/Synergy4/s4c00/etc/synergy-log.conf
cc        17163  0.0  0.0  12944   932 ?        S    05:15   0:00 grep sng_tsd
 ============================================================ 
