 === before clean up === 
~~~~~~ ls -l /tmp
total 660
-rw------- 1 cc cc 551254 Mar 29 04:50 synergy4_22808.log
-rw------- 1 cc cc   8711 Mar 29 04:50 synergy4_p2pmd_22808.log
-rw------- 1 cc cc    768 Mar 29 04:48 synergy4_parser_22808.log
-rw------- 1 cc cc 103615 Mar 29 04:50 synergy4_tsd_22808.log
srwxrwxr-x 1 cc cc      0 Mar 29 04:48 tsd1
~~~~~~ ls -l /dev/shm
total 7832
-rwxrwxr-x 1 cc cc 4000000 Mar 29 04:49 matrix-pull
-rwxrwxr-x 1 cc cc 4000000 Mar 29 04:49 matrix-push
-rwxrwxr-x 1 cc cc      32 Mar 29 04:48 sem.matrix-pull-rsem
-rwxrwxr-x 1 cc cc      32 Mar 29 04:48 sem.matrix-pull-wsem
-rwxrwxr-x 1 cc cc      32 Mar 29 04:48 sem.matrix-push-rsem
-rwxrwxr-x 1 cc cc      32 Mar 29 04:48 sem.matrix-push-wsem
 === clean up ===
total 0
total 0
 === done ===
 *============== Launching remote tsd at 1 =============* 
 ====== tsd launch complete. You have 1 tsd instance. ====== 
cc        23132  0.0  0.0 144464  4932 ?        Sl   04:50   0:00 /home/cc/Synergy4/s4c00/cmake-build-debug/sng_tsd /home/cc/Synergy4/s4c00/etc/sng1.json /home/cc/Synergy4/s4c00/etc/synergy-log.conf
cc        23134  0.0  0.0  12944   968 ?        S    04:50   0:00 grep sng_tsd
 ============================================================ 
 === before clean up === 
~~~~~~ ls -l /tmp
total 24
-rw------- 1 cc cc 11768 Mar 29 04:50 synergy4_p2pmd_18302.log
-rw------- 1 cc cc   768 Mar 29 04:48 synergy4_parser_18302.log
-rw------- 1 cc cc  7043 Mar 29 04:50 synergy4_tsd_18302.log
srwxrwxr-x 1 cc cc     0 Mar 29 04:48 tsd1
~~~~~~ ls -l /dev/shm
total 16
-rwxrwxr-x 1 cc cc 4000000 Mar 29 04:48 matrix-pull
-rwxrwxr-x 1 cc cc 4000000 Mar 29 04:48 matrix-push
-rwxrwxr-x 1 cc cc      32 Mar 29 04:48 sem.matrix-pull-rsem
-rwxrwxr-x 1 cc cc      32 Mar 29 04:48 sem.matrix-pull-wsem
-rwxrwxr-x 1 cc cc      32 Mar 29 04:48 sem.matrix-push-rsem
-rwxrwxr-x 1 cc cc      32 Mar 29 04:48 sem.matrix-push-wsem
 === clean up ===
total 0
total 0
 === done ===
 *============== Launching remote tsd at 2 =============* 
 ====== tsd launch complete. You have 1 tsd instance. ====== 
cc        18787  0.0  0.0 144464  4916 ?        Sl   04:50   0:00 /home/cc/Synergy4/s4c00/cmake-build-debug/sng_tsd /home/cc/Synergy4/s4c00/etc/sng2.json /home/cc/Synergy4/s4c00/etc/synergy-log.conf
cc        18789  0.0  0.0  12944  1088 ?        S    04:50   0:00 grep sng_tsd
 ============================================================ 
 === before clean up === 
~~~~~~ ls -l /tmp
total 24
-rw------- 1 cc cc 11763 Mar 29 04:50 synergy4_p2pmd_11444.log
-rw------- 1 cc cc   764 Mar 29 04:48 synergy4_parser_11444.log
-rw------- 1 cc cc  7043 Mar 29 04:50 synergy4_tsd_11444.log
srwxrwxr-x 1 cc cc     0 Mar 29 04:48 tsd1
~~~~~~ ls -l /dev/shm
total 16
-rwxrwxr-x 1 cc cc 4000000 Mar 29 04:48 matrix-pull
-rwxrwxr-x 1 cc cc 4000000 Mar 29 04:48 matrix-push
-rwxrwxr-x 1 cc cc      32 Mar 29 04:48 sem.matrix-pull-rsem
-rwxrwxr-x 1 cc cc      32 Mar 29 04:48 sem.matrix-pull-wsem
-rwxrwxr-x 1 cc cc      32 Mar 29 04:48 sem.matrix-push-rsem
-rwxrwxr-x 1 cc cc      32 Mar 29 04:48 sem.matrix-push-wsem
 === clean up ===
total 0
total 0
 === done ===
 *============== Launching remote tsd at 3 =============* 
 ====== tsd launch complete. You have 1 tsd instance. ====== 
cc        11919  0.0  0.0 144464  4884 ?        Sl   04:50   0:00 /home/cc/Synergy4/s4c00/cmake-build-debug/sng_tsd /home/cc/Synergy4/s4c00/etc/sng3.json /home/cc/Synergy4/s4c00/etc/synergy-log.conf
cc        11921  0.0  0.0  12944  1092 ?        S    04:50   0:00 grep sng_tsd
 ============================================================ 
