 === before clean up === 
~~~~~~ ls -l /tmp
total 892
-rw------- 1 cc cc 635454 Mar 29 04:02 synergy4_16364.log
-rw------- 1 cc cc   8630 Mar 29 04:02 synergy4_p2pmd_16364.log
-rw------- 1 cc cc    768 Mar 29 04:00 synergy4_parser_16364.log
-rw------- 1 cc cc 246469 Mar 29 04:02 synergy4_tsd_16364.log
srwxrwxr-x 1 cc cc      0 Mar 29 04:00 tsd1
~~~~~~ ls -l /dev/shm
total 7832
-rwxrwxr-x 1 cc cc 4000000 Mar 29 04:01 matrix-pull
-rwxrwxr-x 1 cc cc 4000000 Mar 29 04:01 matrix-push
-rwxrwxr-x 1 cc cc      32 Mar 29 04:00 sem.matrix-pull-rsem
-rwxrwxr-x 1 cc cc      32 Mar 29 04:00 sem.matrix-pull-wsem
-rwxrwxr-x 1 cc cc      32 Mar 29 04:00 sem.matrix-push-rsem
-rwxrwxr-x 1 cc cc      32 Mar 29 04:00 sem.matrix-push-wsem
 === clean up ===
total 0
total 0
 === done ===
 *============== Launching remote tsd at 1 =============* 
 ====== tsd launch complete. You have 1 tsd instance. ====== 
cc        16685  0.0  0.0 144464  6912 ?        Sl   04:02   0:00 /home/cc/Synergy4/s4c00/cmake-build-debug/sng_tsd /home/cc/Synergy4/s4c00/etc/sng1.json /home/cc/Synergy4/s4c00/etc/synergy-log.conf
cc        16687  0.0  0.0  12944  1016 ?        S    04:02   0:00 grep sng_tsd
 ============================================================ 
 === before clean up === 
~~~~~~ ls -l /tmp
total 24
-rw------- 1 cc cc 12287 Mar 29 04:02 synergy4_p2pmd_8564.log
-rw------- 1 cc cc   768 Mar 29 04:00 synergy4_parser_8564.log
-rw------- 1 cc cc  6979 Mar 29 04:02 synergy4_tsd_8564.log
srwxrwxr-x 1 cc cc     0 Mar 29 04:00 tsd1
~~~~~~ ls -l /dev/shm
total 16
-rwxrwxr-x 1 cc cc 4000000 Mar 29 04:00 matrix-pull
-rwxrwxr-x 1 cc cc 4000000 Mar 29 04:00 matrix-push
-rwxrwxr-x 1 cc cc      32 Mar 29 04:00 sem.matrix-pull-rsem
-rwxrwxr-x 1 cc cc      32 Mar 29 04:00 sem.matrix-pull-wsem
-rwxrwxr-x 1 cc cc      32 Mar 29 04:00 sem.matrix-push-rsem
-rwxrwxr-x 1 cc cc      32 Mar 29 04:00 sem.matrix-push-wsem
 === clean up ===
total 0
total 0
 === done ===
 *============== Launching remote tsd at 2 =============* 
 ====== tsd launch complete. You have 1 tsd instance. ====== 
cc         9051  0.0  0.0 144464  4960 ?        Sl   04:02   0:00 /home/cc/Synergy4/s4c00/cmake-build-debug/sng_tsd /home/cc/Synergy4/s4c00/etc/sng2.json /home/cc/Synergy4/s4c00/etc/synergy-log.conf
cc         9053  0.0  0.0  12944   988 ?        S    04:02   0:00 grep sng_tsd
 ============================================================ 
 === before clean up === 
~~~~~~ ls -l /tmp
total 24
-rw------- 1 cc cc 12282 Mar 29 04:02 synergy4_p2pmd_1815.log
-rw------- 1 cc cc   764 Mar 29 04:00 synergy4_parser_1815.log
-rw------- 1 cc cc  6979 Mar 29 04:02 synergy4_tsd_1815.log
srwxrwxr-x 1 cc cc     0 Mar 29 04:00 tsd1
~~~~~~ ls -l /dev/shm
total 16
-rwxrwxr-x 1 cc cc 4000000 Mar 29 04:00 matrix-pull
-rwxrwxr-x 1 cc cc 4000000 Mar 29 04:00 matrix-push
-rwxrwxr-x 1 cc cc      32 Mar 29 04:00 sem.matrix-pull-rsem
-rwxrwxr-x 1 cc cc      32 Mar 29 04:00 sem.matrix-pull-wsem
-rwxrwxr-x 1 cc cc      32 Mar 29 04:00 sem.matrix-push-rsem
-rwxrwxr-x 1 cc cc      32 Mar 29 04:00 sem.matrix-push-wsem
 === clean up ===
total 0
total 0
 === done ===
 *============== Launching remote tsd at 3 =============* 
 ====== tsd launch complete. You have 1 tsd instance. ====== 
cc         2289  0.0  0.0 144464  4928 ?        Sl   04:02   0:00 /home/cc/Synergy4/s4c00/cmake-build-debug/sng_tsd /home/cc/Synergy4/s4c00/etc/sng3.json /home/cc/Synergy4/s4c00/etc/synergy-log.conf
cc         2291  0.0  0.0  12944   928 ?        S    04:02   0:00 grep sng_tsd
 ============================================================ 
