 === before clean up === 
~~~~~~ ls -l /tmp
total 728
-rw------- 1 cc cc 588260 Mar 29 02:43 synergy4_6318.log
-rw------- 1 cc cc  10340 Mar 29 02:43 synergy4_p2pmd_6318.log
-rw------- 1 cc cc    768 Mar 29 02:41 synergy4_parser_6318.log
-rw------- 1 cc cc 137785 Mar 29 02:43 synergy4_tsd_6318.log
srwxrwxr-x 1 cc cc      0 Mar 29 02:41 tsd1
~~~~~~ ls -l /dev/shm
total 7832
-rwxrwxr-x 1 cc cc 4000000 Mar 29 02:42 matrix-pull
-rwxrwxr-x 1 cc cc 4000000 Mar 29 02:42 matrix-push
-rwxrwxr-x 1 cc cc      32 Mar 29 02:41 sem.matrix-pull-rsem
-rwxrwxr-x 1 cc cc      32 Mar 29 02:41 sem.matrix-pull-wsem
-rwxrwxr-x 1 cc cc      32 Mar 29 02:41 sem.matrix-push-rsem
-rwxrwxr-x 1 cc cc      32 Mar 29 02:41 sem.matrix-push-wsem
 === clean up ===
total 0
total 0
 === done ===
 *============== Launching remote tsd at 1 =============* 
 ====== tsd launch complete. You have 1 tsd instance. ====== 
cc         6633  0.0  0.0 144464  6972 ?        Sl   02:43   0:00 /home/cc/Synergy4/s4c00/cmake-build-debug/sng_tsd /home/cc/Synergy4/s4c00/etc/sng1.json /home/cc/Synergy4/s4c00/etc/synergy-log.conf
cc         6635  0.0  0.0  12944   960 ?        S    02:43   0:00 grep sng_tsd
 ============================================================ 
 === before clean up === 
~~~~~~ ls -l /tmp
total 28
-rw------- 1 cc cc 12999 Mar 29 02:43 synergy4_p2pmd_190239.log
-rw------- 1 cc cc   768 Mar 29 02:41 synergy4_parser_190239.log
-rw------- 1 cc cc  7107 Mar 29 02:43 synergy4_tsd_190239.log
srwxrwxr-x 1 cc cc     0 Mar 29 02:41 tsd1
~~~~~~ ls -l /dev/shm
total 16
-rwxrwxr-x 1 cc cc 4000000 Mar 29 02:41 matrix-pull
-rwxrwxr-x 1 cc cc 4000000 Mar 29 02:41 matrix-push
-rwxrwxr-x 1 cc cc      32 Mar 29 02:41 sem.matrix-pull-rsem
-rwxrwxr-x 1 cc cc      32 Mar 29 02:41 sem.matrix-pull-wsem
-rwxrwxr-x 1 cc cc      32 Mar 29 02:41 sem.matrix-push-rsem
-rwxrwxr-x 1 cc cc      32 Mar 29 02:41 sem.matrix-push-wsem
 === clean up ===
total 0
total 0
 === done ===
 *============== Launching remote tsd at 2 =============* 
 ====== tsd launch complete. You have 1 tsd instance. ====== 
cc       190718  0.0  0.0 144464  4968 ?        Sl   02:43   0:00 /home/cc/Synergy4/s4c00/cmake-build-debug/sng_tsd /home/cc/Synergy4/s4c00/etc/sng2.json /home/cc/Synergy4/s4c00/etc/synergy-log.conf
cc       190720  0.0  0.0  12944   928 ?        S    02:43   0:00 grep sng_tsd
 ============================================================ 
 === before clean up === 
~~~~~~ ls -l /tmp
total 28
-rw------- 1 cc cc 12792 Mar 29 02:43 synergy4_p2pmd_183923.log
-rw------- 1 cc cc   764 Mar 29 02:41 synergy4_parser_183923.log
-rw------- 1 cc cc  7107 Mar 29 02:43 synergy4_tsd_183923.log
srwxrwxr-x 1 cc cc     0 Mar 29 02:41 tsd1
~~~~~~ ls -l /dev/shm
total 16
-rwxrwxr-x 1 cc cc 4000000 Mar 29 02:41 matrix-pull
-rwxrwxr-x 1 cc cc 4000000 Mar 29 02:41 matrix-push
-rwxrwxr-x 1 cc cc      32 Mar 29 02:41 sem.matrix-pull-rsem
-rwxrwxr-x 1 cc cc      32 Mar 29 02:41 sem.matrix-pull-wsem
-rwxrwxr-x 1 cc cc      32 Mar 29 02:41 sem.matrix-push-rsem
-rwxrwxr-x 1 cc cc      32 Mar 29 02:41 sem.matrix-push-wsem
 === clean up ===
total 0
total 0
 === done ===
 *============== Launching remote tsd at 3 =============* 
 ====== tsd launch complete. You have 1 tsd instance. ====== 
cc       184392  0.0  0.0 144464  4972 ?        Sl   02:43   0:00 /home/cc/Synergy4/s4c00/cmake-build-debug/sng_tsd /home/cc/Synergy4/s4c00/etc/sng3.json /home/cc/Synergy4/s4c00/etc/synergy-log.conf
cc       184394  0.0  0.0  12944   928 ?        S    02:43   0:00 grep sng_tsd
 ============================================================ 
