 === before clean up === 
~~~~~~ ls -l /tmp
total 768
-rw------- 1 cc cc 608628 Mar 29 02:38 synergy4_5689.log
-rw------- 1 cc cc   8070 Mar 29 02:38 synergy4_p2pmd_5689.log
-rw------- 1 cc cc    768 Mar 29 02:35 synergy4_parser_5689.log
-rw------- 1 cc cc 155898 Mar 29 02:38 synergy4_tsd_5689.log
srwxrwxr-x 1 cc cc      0 Mar 29 02:35 tsd1
~~~~~~ ls -l /dev/shm
total 7832
-rwxrwxr-x 1 cc cc 4000000 Mar 29 02:37 matrix-pull
-rwxrwxr-x 1 cc cc 4000000 Mar 29 02:37 matrix-push
-rwxrwxr-x 1 cc cc      32 Mar 29 02:35 sem.matrix-pull-rsem
-rwxrwxr-x 1 cc cc      32 Mar 29 02:35 sem.matrix-pull-wsem
-rwxrwxr-x 1 cc cc      32 Mar 29 02:35 sem.matrix-push-rsem
-rwxrwxr-x 1 cc cc      32 Mar 29 02:35 sem.matrix-push-wsem
 === clean up ===
total 0
total 0
 === done ===
 *============== Launching remote tsd at 1 =============* 
 ====== tsd launch complete. You have 1 tsd instance. ====== 
cc         6003  0.0  0.0 144464  4960 ?        Sl   02:38   0:00 /home/cc/Synergy4/s4c00/cmake-build-debug/sng_tsd /home/cc/Synergy4/s4c00/etc/sng1.json /home/cc/Synergy4/s4c00/etc/synergy-log.conf
cc         6005  0.0  0.0  12944   972 ?        S    02:38   0:00 grep sng_tsd
 ============================================================ 
 === before clean up === 
~~~~~~ ls -l /tmp
total 32
-rw------- 1 cc cc 16926 Mar 29 02:38 synergy4_p2pmd_189271.log
-rw------- 1 cc cc   768 Mar 29 02:35 synergy4_parser_189271.log
-rw------- 1 cc cc  7107 Mar 29 02:38 synergy4_tsd_189271.log
srwxrwxr-x 1 cc cc     0 Mar 29 02:35 tsd1
~~~~~~ ls -l /dev/shm
total 16
-rwxrwxr-x 1 cc cc 4000000 Mar 29 02:35 matrix-pull
-rwxrwxr-x 1 cc cc 4000000 Mar 29 02:35 matrix-push
-rwxrwxr-x 1 cc cc      32 Mar 29 02:35 sem.matrix-pull-rsem
-rwxrwxr-x 1 cc cc      32 Mar 29 02:35 sem.matrix-pull-wsem
-rwxrwxr-x 1 cc cc      32 Mar 29 02:35 sem.matrix-push-rsem
-rwxrwxr-x 1 cc cc      32 Mar 29 02:35 sem.matrix-push-wsem
 === clean up ===
total 0
total 0
 === done ===
 *============== Launching remote tsd at 2 =============* 
 ====== tsd launch complete. You have 1 tsd instance. ====== 
cc       189765  0.0  0.0 144464  6932 ?        Sl   02:38   0:00 /home/cc/Synergy4/s4c00/cmake-build-debug/sng_tsd /home/cc/Synergy4/s4c00/etc/sng2.json /home/cc/Synergy4/s4c00/etc/synergy-log.conf
cc       189767  0.0  0.0  12944  1012 ?        S    02:38   0:00 grep sng_tsd
 ============================================================ 
 === before clean up === 
~~~~~~ ls -l /tmp
total 44
-rw------- 1 cc cc 25114 Mar 29 02:38 synergy4_p2pmd_182984.log
-rw------- 1 cc cc   764 Mar 29 02:35 synergy4_parser_182984.log
-rw------- 1 cc cc  7107 Mar 29 02:38 synergy4_tsd_182984.log
srwxrwxr-x 1 cc cc     0 Mar 29 02:35 tsd1
~~~~~~ ls -l /dev/shm
total 16
-rwxrwxr-x 1 cc cc 4000000 Mar 29 02:35 matrix-pull
-rwxrwxr-x 1 cc cc 4000000 Mar 29 02:35 matrix-push
-rwxrwxr-x 1 cc cc      32 Mar 29 02:35 sem.matrix-pull-rsem
-rwxrwxr-x 1 cc cc      32 Mar 29 02:35 sem.matrix-pull-wsem
-rwxrwxr-x 1 cc cc      32 Mar 29 02:35 sem.matrix-push-rsem
-rwxrwxr-x 1 cc cc      32 Mar 29 02:35 sem.matrix-push-wsem
 === clean up ===
total 0
total 0
 === done ===
 *============== Launching remote tsd at 3 =============* 
 ====== tsd launch complete. You have 1 tsd instance. ====== 
cc       183447  0.0  0.0 144464  4952 ?        Sl   02:38   0:00 /home/cc/Synergy4/s4c00/cmake-build-debug/sng_tsd /home/cc/Synergy4/s4c00/etc/sng3.json /home/cc/Synergy4/s4c00/etc/synergy-log.conf
cc       183449  0.0  0.0  12944   932 ?        S    02:38   0:00 grep sng_tsd
 ============================================================ 
