 === before clean up === 
~~~~~~ ls -l /tmp
total 864
-rw------- 1 cc cc 630630 Mar 29 02:16 synergy4_3128.log
-rw------- 1 cc cc  12635 Mar 29 02:16 synergy4_p2pmd_3128.log
-rw------- 1 cc cc    768 Mar 29 02:13 synergy4_parser_3128.log
-rw------- 1 cc cc 226324 Mar 29 02:16 synergy4_tsd_3128.log
srwxrwxr-x 1 cc cc      0 Mar 29 02:13 tsd1
~~~~~~ ls -l /dev/shm
total 7832
-rwxrwxr-x 1 cc cc 4000000 Mar 29 02:15 matrix-pull
-rwxrwxr-x 1 cc cc 4000000 Mar 29 02:15 matrix-push
-rwxrwxr-x 1 cc cc      32 Mar 29 02:13 sem.matrix-pull-rsem
-rwxrwxr-x 1 cc cc      32 Mar 29 02:13 sem.matrix-pull-wsem
-rwxrwxr-x 1 cc cc      32 Mar 29 02:13 sem.matrix-push-rsem
-rwxrwxr-x 1 cc cc      32 Mar 29 02:13 sem.matrix-push-wsem
 === clean up ===
total 0
total 0
 === done ===
 *============== Launching remote tsd at 1 =============* 
 ====== tsd launch complete. You have 1 tsd instance. ====== 
cc         3444  0.0  0.0 144464  6988 ?        Sl   02:16   0:00 /home/cc/Synergy4/s4c00/cmake-build-debug/sng_tsd /home/cc/Synergy4/s4c00/etc/sng1.json /home/cc/Synergy4/s4c00/etc/synergy-log.conf
cc         3446  0.0  0.0  12944   936 ?        S    02:16   0:00 grep sng_tsd
 ============================================================ 
 === before clean up === 
~~~~~~ ls -l /tmp
total 28
-rw------- 1 cc cc 13421 Mar 29 02:16 synergy4_p2pmd_185420.log
-rw------- 1 cc cc   768 Mar 29 02:13 synergy4_parser_185420.log
-rw------- 1 cc cc  7107 Mar 29 02:16 synergy4_tsd_185420.log
srwxrwxr-x 1 cc cc     0 Mar 29 02:13 tsd1
~~~~~~ ls -l /dev/shm
total 16
-rwxrwxr-x 1 cc cc 4000000 Mar 29 02:13 matrix-pull
-rwxrwxr-x 1 cc cc 4000000 Mar 29 02:13 matrix-push
-rwxrwxr-x 1 cc cc      32 Mar 29 02:13 sem.matrix-pull-rsem
-rwxrwxr-x 1 cc cc      32 Mar 29 02:13 sem.matrix-pull-wsem
-rwxrwxr-x 1 cc cc      32 Mar 29 02:13 sem.matrix-push-rsem
-rwxrwxr-x 1 cc cc      32 Mar 29 02:13 sem.matrix-push-wsem
 === clean up ===
total 0
total 0
 === done ===
 *============== Launching remote tsd at 2 =============* 
 ====== tsd launch complete. You have 1 tsd instance. ====== 
cc       185902  0.0  0.0 144464  6988 ?        Sl   02:16   0:00 /home/cc/Synergy4/s4c00/cmake-build-debug/sng_tsd /home/cc/Synergy4/s4c00/etc/sng2.json /home/cc/Synergy4/s4c00/etc/synergy-log.conf
cc       185904  0.0  0.0  12944   988 ?        S    02:16   0:00 grep sng_tsd
 ============================================================ 
 === before clean up === 
~~~~~~ ls -l /tmp
total 28
-rw------- 1 cc cc 13416 Mar 29 02:16 synergy4_p2pmd_179217.log
-rw------- 1 cc cc   764 Mar 29 02:13 synergy4_parser_179217.log
-rw------- 1 cc cc  7107 Mar 29 02:16 synergy4_tsd_179217.log
srwxrwxr-x 1 cc cc     0 Mar 29 02:13 tsd1
~~~~~~ ls -l /dev/shm
total 16
-rwxrwxr-x 1 cc cc 4000000 Mar 29 02:13 matrix-pull
-rwxrwxr-x 1 cc cc 4000000 Mar 29 02:13 matrix-push
-rwxrwxr-x 1 cc cc      32 Mar 29 02:13 sem.matrix-pull-rsem
-rwxrwxr-x 1 cc cc      32 Mar 29 02:13 sem.matrix-pull-wsem
-rwxrwxr-x 1 cc cc      32 Mar 29 02:13 sem.matrix-push-rsem
-rwxrwxr-x 1 cc cc      32 Mar 29 02:13 sem.matrix-push-wsem
 === clean up ===
total 0
total 0
 === done ===
 *============== Launching remote tsd at 3 =============* 
 ====== tsd launch complete. You have 1 tsd instance. ====== 
cc       179694  0.0  0.0 144464  4860 ?        Sl   02:16   0:00 /home/cc/Synergy4/s4c00/cmake-build-debug/sng_tsd /home/cc/Synergy4/s4c00/etc/sng3.json /home/cc/Synergy4/s4c00/etc/synergy-log.conf
cc       179696  0.0  0.0  12944  1016 ?        S    02:16   0:00 grep sng_tsd
 ============================================================ 
