 === before clean up === 
~~~~~~ ls -l /tmp
total 768
-rw------- 1 cc cc 612722 Mar 29 04:24 synergy4_19230.log
-rw------- 1 cc cc   7425 Mar 29 04:24 synergy4_p2pmd_19230.log
-rw------- 1 cc cc    768 Mar 29 04:21 synergy4_parser_19230.log
-rw------- 1 cc cc 157411 Mar 29 04:24 synergy4_tsd_19230.log
srwxrwxr-x 1 cc cc      0 Mar 29 04:21 tsd1
~~~~~~ ls -l /dev/shm
total 7832
-rwxrwxr-x 1 cc cc 4000000 Mar 29 04:23 matrix-pull
-rwxrwxr-x 1 cc cc 4000000 Mar 29 04:23 matrix-push
-rwxrwxr-x 1 cc cc      32 Mar 29 04:21 sem.matrix-pull-rsem
-rwxrwxr-x 1 cc cc      32 Mar 29 04:21 sem.matrix-pull-wsem
-rwxrwxr-x 1 cc cc      32 Mar 29 04:21 sem.matrix-push-rsem
-rwxrwxr-x 1 cc cc      32 Mar 29 04:21 sem.matrix-push-wsem
 === clean up ===
total 0
total 0
 === done ===
 *============== Launching remote tsd at 1 =============* 
 ====== tsd launch complete. You have 1 tsd instance. ====== 
cc        19545  0.0  0.0 144464  4968 ?        Sl   04:24   0:00 /home/cc/Synergy4/s4c00/cmake-build-debug/sng_tsd /home/cc/Synergy4/s4c00/etc/sng1.json /home/cc/Synergy4/s4c00/etc/synergy-log.conf
cc        19547  0.0  0.0  12944   968 ?        S    04:24   0:00 grep sng_tsd
 ============================================================ 
 === before clean up === 
~~~~~~ ls -l /tmp
total 28
-rw------- 1 cc cc 12695 Mar 29 04:24 synergy4_p2pmd_12965.log
-rw------- 1 cc cc   768 Mar 29 04:21 synergy4_parser_12965.log
-rw------- 1 cc cc  7043 Mar 29 04:24 synergy4_tsd_12965.log
srwxrwxr-x 1 cc cc     0 Mar 29 04:21 tsd1
~~~~~~ ls -l /dev/shm
total 16
-rwxrwxr-x 1 cc cc 4000000 Mar 29 04:21 matrix-pull
-rwxrwxr-x 1 cc cc 4000000 Mar 29 04:21 matrix-push
-rwxrwxr-x 1 cc cc      32 Mar 29 04:21 sem.matrix-pull-rsem
-rwxrwxr-x 1 cc cc      32 Mar 29 04:21 sem.matrix-pull-wsem
-rwxrwxr-x 1 cc cc      32 Mar 29 04:21 sem.matrix-push-rsem
-rwxrwxr-x 1 cc cc      32 Mar 29 04:21 sem.matrix-push-wsem
 === clean up ===
total 0
total 0
 === done ===
 *============== Launching remote tsd at 2 =============* 
 ====== tsd launch complete. You have 1 tsd instance. ====== 
cc        13460  0.0  0.0 144464  4972 ?        Sl   04:24   0:00 /home/cc/Synergy4/s4c00/cmake-build-debug/sng_tsd /home/cc/Synergy4/s4c00/etc/sng2.json /home/cc/Synergy4/s4c00/etc/synergy-log.conf
cc        13462  0.0  0.0  12944   968 ?        S    04:24   0:00 grep sng_tsd
 ============================================================ 
 === before clean up === 
~~~~~~ ls -l /tmp
total 28
-rw------- 1 cc cc 12784 Mar 29 04:24 synergy4_p2pmd_6225.log
-rw------- 1 cc cc   764 Mar 29 04:21 synergy4_parser_6225.log
-rw------- 1 cc cc  6979 Mar 29 04:24 synergy4_tsd_6225.log
srwxrwxr-x 1 cc cc     0 Mar 29 04:21 tsd1
~~~~~~ ls -l /dev/shm
total 16
-rwxrwxr-x 1 cc cc 4000000 Mar 29 04:21 matrix-pull
-rwxrwxr-x 1 cc cc 4000000 Mar 29 04:21 matrix-push
-rwxrwxr-x 1 cc cc      32 Mar 29 04:21 sem.matrix-pull-rsem
-rwxrwxr-x 1 cc cc      32 Mar 29 04:21 sem.matrix-pull-wsem
-rwxrwxr-x 1 cc cc      32 Mar 29 04:21 sem.matrix-push-rsem
-rwxrwxr-x 1 cc cc      32 Mar 29 04:21 sem.matrix-push-wsem
 === clean up ===
total 0
total 0
 === done ===
 *============== Launching remote tsd at 3 =============* 
 ====== tsd launch complete. You have 1 tsd instance. ====== 
cc         6693  0.0  0.0 144464  6996 ?        Sl   04:24   0:00 /home/cc/Synergy4/s4c00/cmake-build-debug/sng_tsd /home/cc/Synergy4/s4c00/etc/sng3.json /home/cc/Synergy4/s4c00/etc/synergy-log.conf
cc         6695  0.0  0.0  12944  1020 ?        S    04:24   0:00 grep sng_tsd
 ============================================================ 
