 === before clean up === 
~~~~~~ ls -l /tmp
total 636
-rw------- 1 cc cc 540774 Mar 29 05:11 synergy4_25664.log
-rw------- 1 cc cc  11733 Mar 29 05:11 synergy4_p2pmd_25664.log
-rw------- 1 cc cc    768 Mar 29 05:08 synergy4_parser_25664.log
-rw------- 1 cc cc  85883 Mar 29 05:11 synergy4_tsd_25664.log
srwxrwxr-x 1 cc cc      0 Mar 29 05:08 tsd1
~~~~~~ ls -l /dev/shm
total 7832
-rwxrwxr-x 1 cc cc 4000000 Mar 29 05:10 matrix-pull
-rwxrwxr-x 1 cc cc 4000000 Mar 29 05:10 matrix-push
-rwxrwxr-x 1 cc cc      32 Mar 29 05:08 sem.matrix-pull-rsem
-rwxrwxr-x 1 cc cc      32 Mar 29 05:08 sem.matrix-pull-wsem
-rwxrwxr-x 1 cc cc      32 Mar 29 05:08 sem.matrix-push-rsem
-rwxrwxr-x 1 cc cc      32 Mar 29 05:08 sem.matrix-push-wsem
 === clean up ===
total 0
total 0
 === done ===
 *============== Launching remote tsd at 1 =============* 
 ====== tsd launch complete. You have 1 tsd instance. ====== 
cc        25996  0.0  0.0 144464  7032 ?        Sl   05:11   0:00 /home/cc/Synergy4/s4c00/cmake-build-debug/sng_tsd /home/cc/Synergy4/s4c00/etc/sng1.json /home/cc/Synergy4/s4c00/etc/synergy-log.conf
cc        25998  0.0  0.0  12944   988 ?        S    05:11   0:00 grep sng_tsd
 ============================================================ 
 === before clean up === 
~~~~~~ ls -l /tmp
total 28
-rw------- 1 cc cc 12690 Mar 29 05:11 synergy4_p2pmd_22648.log
-rw------- 1 cc cc   768 Mar 29 05:08 synergy4_parser_22648.log
-rw------- 1 cc cc  7043 Mar 29 05:11 synergy4_tsd_22648.log
srwxrwxr-x 1 cc cc     0 Mar 29 05:08 tsd1
~~~~~~ ls -l /dev/shm
total 16
-rwxrwxr-x 1 cc cc 4000000 Mar 29 05:08 matrix-pull
-rwxrwxr-x 1 cc cc 4000000 Mar 29 05:08 matrix-push
-rwxrwxr-x 1 cc cc      32 Mar 29 05:08 sem.matrix-pull-rsem
-rwxrwxr-x 1 cc cc      32 Mar 29 05:08 sem.matrix-pull-wsem
-rwxrwxr-x 1 cc cc      32 Mar 29 05:08 sem.matrix-push-rsem
-rwxrwxr-x 1 cc cc      32 Mar 29 05:08 sem.matrix-push-wsem
 === clean up ===
total 0
total 0
 === done ===
 *============== Launching remote tsd at 2 =============* 
 ====== tsd launch complete. You have 1 tsd instance. ====== 
cc        23152  0.0  0.0 144464  4928 ?        Sl   05:11   0:00 /home/cc/Synergy4/s4c00/cmake-build-debug/sng_tsd /home/cc/Synergy4/s4c00/etc/sng2.json /home/cc/Synergy4/s4c00/etc/synergy-log.conf
cc        23154  0.0  0.0  12944   964 ?        S    05:11   0:00 grep sng_tsd
 ============================================================ 
 === before clean up === 
~~~~~~ ls -l /tmp
total 28
-rw------- 1 cc cc 12586 Mar 29 05:11 synergy4_p2pmd_15714.log
-rw------- 1 cc cc   764 Mar 29 05:08 synergy4_parser_15714.log
-rw------- 1 cc cc  7043 Mar 29 05:11 synergy4_tsd_15714.log
srwxrwxr-x 1 cc cc     0 Mar 29 05:08 tsd1
~~~~~~ ls -l /dev/shm
total 16
-rwxrwxr-x 1 cc cc 4000000 Mar 29 05:08 matrix-pull
-rwxrwxr-x 1 cc cc 4000000 Mar 29 05:08 matrix-push
-rwxrwxr-x 1 cc cc      32 Mar 29 05:08 sem.matrix-pull-rsem
-rwxrwxr-x 1 cc cc      32 Mar 29 05:08 sem.matrix-pull-wsem
-rwxrwxr-x 1 cc cc      32 Mar 29 05:08 sem.matrix-push-rsem
-rwxrwxr-x 1 cc cc      32 Mar 29 05:08 sem.matrix-push-wsem
 === clean up ===
total 0
total 0
 === done ===
 *============== Launching remote tsd at 3 =============* 
 ====== tsd launch complete. You have 1 tsd instance. ====== 
cc        16213  0.0  0.0 144464  4864 ?        Sl   05:11   0:00 /home/cc/Synergy4/s4c00/cmake-build-debug/sng_tsd /home/cc/Synergy4/s4c00/etc/sng3.json /home/cc/Synergy4/s4c00/etc/synergy-log.conf
cc        16215  0.0  0.0  12944   956 ?        S    05:11   0:00 grep sng_tsd
 ============================================================ 
