 === before clean up === 
~~~~~~ ls -l /tmp
total 748
-rw------- 1 cc cc 589412 Mar 29 04:19 synergy4_18598.log
-rw------- 1 cc cc   7229 Mar 29 04:19 synergy4_p2pmd_18598.log
-rw------- 1 cc cc    768 Mar 29 04:16 synergy4_parser_18598.log
-rw------- 1 cc cc 157563 Mar 29 04:19 synergy4_tsd_18598.log
srwxrwxr-x 1 cc cc      0 Mar 29 04:16 tsd1
~~~~~~ ls -l /dev/shm
total 7832
-rwxrwxr-x 1 cc cc 4000000 Mar 29 04:18 matrix-pull
-rwxrwxr-x 1 cc cc 4000000 Mar 29 04:18 matrix-push
-rwxrwxr-x 1 cc cc      32 Mar 29 04:16 sem.matrix-pull-rsem
-rwxrwxr-x 1 cc cc      32 Mar 29 04:16 sem.matrix-pull-wsem
-rwxrwxr-x 1 cc cc      32 Mar 29 04:16 sem.matrix-push-rsem
-rwxrwxr-x 1 cc cc      32 Mar 29 04:16 sem.matrix-push-wsem
 === clean up ===
total 0
total 0
 === done ===
 *============== Launching remote tsd at 1 =============* 
 ====== tsd launch complete. You have 1 tsd instance. ====== 
cc        18917  0.0  0.0 144464  4936 ?        Sl   04:19   0:00 /home/cc/Synergy4/s4c00/cmake-build-debug/sng_tsd /home/cc/Synergy4/s4c00/etc/sng1.json /home/cc/Synergy4/s4c00/etc/synergy-log.conf
cc        18919  0.0  0.0  12944  1084 ?        S    04:19   0:00 grep sng_tsd
 ============================================================ 
 === before clean up === 
~~~~~~ ls -l /tmp
total 28
-rw------- 1 cc cc 12386 Mar 29 04:19 synergy4_p2pmd_11986.log
-rw------- 1 cc cc   768 Mar 29 04:16 synergy4_parser_11986.log
-rw------- 1 cc cc  7043 Mar 29 04:19 synergy4_tsd_11986.log
srwxrwxr-x 1 cc cc     0 Mar 29 04:16 tsd1
~~~~~~ ls -l /dev/shm
total 16
-rwxrwxr-x 1 cc cc 4000000 Mar 29 04:16 matrix-pull
-rwxrwxr-x 1 cc cc 4000000 Mar 29 04:16 matrix-push
-rwxrwxr-x 1 cc cc      32 Mar 29 04:16 sem.matrix-pull-rsem
-rwxrwxr-x 1 cc cc      32 Mar 29 04:16 sem.matrix-pull-wsem
-rwxrwxr-x 1 cc cc      32 Mar 29 04:16 sem.matrix-push-rsem
-rwxrwxr-x 1 cc cc      32 Mar 29 04:16 sem.matrix-push-wsem
 === clean up ===
total 0
total 0
 === done ===
 *============== Launching remote tsd at 2 =============* 
 ====== tsd launch complete. You have 1 tsd instance. ====== 
cc        12479  0.0  0.0 144464  4972 ?        Sl   04:19   0:00 /home/cc/Synergy4/s4c00/cmake-build-debug/sng_tsd /home/cc/Synergy4/s4c00/etc/sng2.json /home/cc/Synergy4/s4c00/etc/synergy-log.conf
cc        12481  0.0  0.0  12944   940 ?        S    04:19   0:00 grep sng_tsd
 ============================================================ 
 === before clean up === 
~~~~~~ ls -l /tmp
total 24
-rw------- 1 cc cc 12282 Mar 29 04:19 synergy4_p2pmd_5269.log
-rw------- 1 cc cc   764 Mar 29 04:16 synergy4_parser_5269.log
-rw------- 1 cc cc  6979 Mar 29 04:19 synergy4_tsd_5269.log
srwxrwxr-x 1 cc cc     0 Mar 29 04:16 tsd1
~~~~~~ ls -l /dev/shm
total 16
-rwxrwxr-x 1 cc cc 4000000 Mar 29 04:16 matrix-pull
-rwxrwxr-x 1 cc cc 4000000 Mar 29 04:16 matrix-push
-rwxrwxr-x 1 cc cc      32 Mar 29 04:16 sem.matrix-pull-rsem
-rwxrwxr-x 1 cc cc      32 Mar 29 04:16 sem.matrix-pull-wsem
-rwxrwxr-x 1 cc cc      32 Mar 29 04:16 sem.matrix-push-rsem
-rwxrwxr-x 1 cc cc      32 Mar 29 04:16 sem.matrix-push-wsem
 === clean up ===
total 0
total 0
 === done ===
 *============== Launching remote tsd at 3 =============* 
 ====== tsd launch complete. You have 1 tsd instance. ====== 
cc         5741  0.0  0.0 144464  4992 ?        Sl   04:19   0:00 /home/cc/Synergy4/s4c00/cmake-build-debug/sng_tsd /home/cc/Synergy4/s4c00/etc/sng3.json /home/cc/Synergy4/s4c00/etc/synergy-log.conf
cc         5743  0.0  0.0  12944  1012 ?        S    04:19   0:00 grep sng_tsd
 ============================================================ 
