 === before clean up === 
~~~~~~ ls -l /tmp
total 780
-rw------- 1 cc cc 583944 Mar 29 04:09 synergy4_17314.log
-rw------- 1 cc cc   7129 Mar 29 04:09 synergy4_p2pmd_17314.log
-rw------- 1 cc cc    768 Mar 29 04:07 synergy4_parser_17314.log
-rw------- 1 cc cc 192959 Mar 29 04:09 synergy4_tsd_17314.log
srwxrwxr-x 1 cc cc      0 Mar 29 04:07 tsd1
~~~~~~ ls -l /dev/shm
total 7832
-rwxrwxr-x 1 cc cc 4000000 Mar 29 04:08 matrix-pull
-rwxrwxr-x 1 cc cc 4000000 Mar 29 04:08 matrix-push
-rwxrwxr-x 1 cc cc      32 Mar 29 04:07 sem.matrix-pull-rsem
-rwxrwxr-x 1 cc cc      32 Mar 29 04:07 sem.matrix-pull-wsem
-rwxrwxr-x 1 cc cc      32 Mar 29 04:07 sem.matrix-push-rsem
-rwxrwxr-x 1 cc cc      32 Mar 29 04:07 sem.matrix-push-wsem
 === clean up ===
total 0
total 0
 === done ===
 *============== Launching remote tsd at 1 =============* 
 ====== tsd launch complete. You have 1 tsd instance. ====== 
cc        17653  0.0  0.0 144464  7080 ?        Sl   04:09   0:00 /home/cc/Synergy4/s4c00/cmake-build-debug/sng_tsd /home/cc/Synergy4/s4c00/etc/sng1.json /home/cc/Synergy4/s4c00/etc/synergy-log.conf
cc        17655  0.0  0.0  12944   940 ?        S    04:09   0:00 grep sng_tsd
 ============================================================ 
 === before clean up === 
~~~~~~ ls -l /tmp
total 28
-rw------- 1 cc cc 12386 Mar 29 04:09 synergy4_p2pmd_10021.log
-rw------- 1 cc cc   768 Mar 29 04:07 synergy4_parser_10021.log
-rw------- 1 cc cc  7043 Mar 29 04:09 synergy4_tsd_10021.log
srwxrwxr-x 1 cc cc     0 Mar 29 04:07 tsd1
~~~~~~ ls -l /dev/shm
total 16
-rwxrwxr-x 1 cc cc 4000000 Mar 29 04:07 matrix-pull
-rwxrwxr-x 1 cc cc 4000000 Mar 29 04:07 matrix-push
-rwxrwxr-x 1 cc cc      32 Mar 29 04:07 sem.matrix-pull-rsem
-rwxrwxr-x 1 cc cc      32 Mar 29 04:07 sem.matrix-pull-wsem
-rwxrwxr-x 1 cc cc      32 Mar 29 04:07 sem.matrix-push-rsem
-rwxrwxr-x 1 cc cc      32 Mar 29 04:07 sem.matrix-push-wsem
 === clean up ===
total 0
total 0
 === done ===
 *============== Launching remote tsd at 2 =============* 
 ====== tsd launch complete. You have 1 tsd instance. ====== 
cc        10530  0.0  0.0 144464  6940 ?        Sl   04:09   0:00 /home/cc/Synergy4/s4c00/cmake-build-debug/sng_tsd /home/cc/Synergy4/s4c00/etc/sng2.json /home/cc/Synergy4/s4c00/etc/synergy-log.conf
cc        10532  0.0  0.0  12944  1012 ?        S    04:09   0:00 grep sng_tsd
 ============================================================ 
 === before clean up === 
~~~~~~ ls -l /tmp
total 24
-rw------- 1 cc cc 12282 Mar 29 04:09 synergy4_p2pmd_3300.log
-rw------- 1 cc cc   764 Mar 29 04:07 synergy4_parser_3300.log
-rw------- 1 cc cc  6979 Mar 29 04:09 synergy4_tsd_3300.log
srwxrwxr-x 1 cc cc     0 Mar 29 04:07 tsd1
~~~~~~ ls -l /dev/shm
total 16
-rwxrwxr-x 1 cc cc 4000000 Mar 29 04:07 matrix-pull
-rwxrwxr-x 1 cc cc 4000000 Mar 29 04:07 matrix-push
-rwxrwxr-x 1 cc cc      32 Mar 29 04:07 sem.matrix-pull-rsem
-rwxrwxr-x 1 cc cc      32 Mar 29 04:07 sem.matrix-pull-wsem
-rwxrwxr-x 1 cc cc      32 Mar 29 04:07 sem.matrix-push-rsem
-rwxrwxr-x 1 cc cc      32 Mar 29 04:07 sem.matrix-push-wsem
 === clean up ===
total 0
total 0
 === done ===
 *============== Launching remote tsd at 3 =============* 
 ====== tsd launch complete. You have 1 tsd instance. ====== 
cc         3803  0.0  0.0 144464  5092 ?        Sl   04:09   0:00 /home/cc/Synergy4/s4c00/cmake-build-debug/sng_tsd /home/cc/Synergy4/s4c00/etc/sng3.json /home/cc/Synergy4/s4c00/etc/synergy-log.conf
cc         3805  0.0  0.0  12944  1092 ?        S    04:09   0:00 grep sng_tsd
 ============================================================ 
