 === before clean up === 
~~~~~~ ls -l /tmp
total 8
-rw------- 1 cc cc 768 Mar 29 06:02 synergy4_parser_33857.log
-rw------- 1 cc cc 473 Mar 29 06:02 synergy4_tsd_33857.log
srwxrwxr-x 1 cc cc   0 Mar 29 06:02 tsd1
~~~~~~ ls -l /dev/shm
total 16
-rwxrwxr-x 1 cc cc 4000000 Mar 29 06:02 matrix-pull
-rwxrwxr-x 1 cc cc 4000000 Mar 29 06:02 matrix-push
-rwxrwxr-x 1 cc cc      32 Mar 29 06:02 sem.matrix-pull-rsem
-rwxrwxr-x 1 cc cc      32 Mar 29 06:02 sem.matrix-pull-wsem
-rwxrwxr-x 1 cc cc      32 Mar 29 06:02 sem.matrix-push-rsem
-rwxrwxr-x 1 cc cc      32 Mar 29 06:02 sem.matrix-push-wsem
 === clean up ===
total 0
total 0
 === done ===
 *============== Launching remote tsd at 1 =============* 
 ====== tsd launch complete. You have 1 tsd instance. ====== 
cc        33939  0.0  0.0 144464  7076 ?        Sl   06:02   0:00 /home/cc/Synergy4/s4c00/cmake-build-debug/sng_tsd /home/cc/Synergy4/s4c00/etc/sng1.json /home/cc/Synergy4/s4c00/etc/synergy-log.conf
cc        33941  0.0  0.0  12944  1092 ?        S    06:02   0:00 grep sng_tsd
 ============================================================ 
 === before clean up === 
~~~~~~ ls -l /tmp
total 8
-rw------- 1 cc cc 768 Mar 29 06:02 synergy4_parser_32928.log
-rw------- 1 cc cc 473 Mar 29 06:02 synergy4_tsd_32928.log
srwxrwxr-x 1 cc cc   0 Mar 29 06:02 tsd1
~~~~~~ ls -l /dev/shm
total 16
-rwxrwxr-x 1 cc cc 4000000 Mar 29 06:02 matrix-pull
-rwxrwxr-x 1 cc cc 4000000 Mar 29 06:02 matrix-push
-rwxrwxr-x 1 cc cc      32 Mar 29 06:02 sem.matrix-pull-rsem
-rwxrwxr-x 1 cc cc      32 Mar 29 06:02 sem.matrix-pull-wsem
-rwxrwxr-x 1 cc cc      32 Mar 29 06:02 sem.matrix-push-rsem
-rwxrwxr-x 1 cc cc      32 Mar 29 06:02 sem.matrix-push-wsem
 === clean up ===
total 0
total 0
 === done ===
 *============== Launching remote tsd at 2 =============* 
 ====== tsd launch complete. You have 1 tsd instance. ====== 
cc        32966  0.0  0.0 144464  4956 ?        Sl   06:02   0:00 /home/cc/Synergy4/s4c00/cmake-build-debug/sng_tsd /home/cc/Synergy4/s4c00/etc/sng2.json /home/cc/Synergy4/s4c00/etc/synergy-log.conf
cc        32968  0.0  0.0  12944   936 ?        S    06:02   0:00 grep sng_tsd
 ============================================================ 
 === before clean up === 
~~~~~~ ls -l /tmp
total 16
-rw------- 1 cc cc 764 Mar 29 06:02 synergy4_parser_24616.log
-rw------- 1 cc cc 764 Mar 29 06:02 synergy4_parser_24619.log
-rw------- 1 cc cc 473 Mar 29 06:02 synergy4_tsd_24616.log
-rw------- 1 cc cc 326 Mar 29 06:02 synergy4_tsd_24619.log
srwxrwxr-x 1 cc cc   0 Mar 29 06:02 tsd1
~~~~~~ ls -l /dev/shm
total 16
-rwxrwxr-x 1 cc cc 4000000 Mar 29 06:02 matrix-pull
-rwxrwxr-x 1 cc cc 4000000 Mar 29 06:02 matrix-push
-rwxrwxr-x 1 cc cc      32 Mar 29 06:02 sem.matrix-pull-rsem
-rwxrwxr-x 1 cc cc      32 Mar 29 06:02 sem.matrix-pull-wsem
-rwxrwxr-x 1 cc cc      32 Mar 29 06:02 sem.matrix-push-rsem
-rwxrwxr-x 1 cc cc      32 Mar 29 06:02 sem.matrix-push-wsem
 === clean up ===
total 0
total 0
 === done ===
 *============== Launching remote tsd at 3 =============* 
 ====== tsd launch complete. You have 1 tsd instance. ====== 
cc        24723  0.0  0.0 144464  5008 ?        Sl   06:02   0:00 /home/cc/Synergy4/s4c00/cmake-build-debug/sng_tsd /home/cc/Synergy4/s4c00/etc/sng3.json /home/cc/Synergy4/s4c00/etc/synergy-log.conf
cc        24724  0.0  0.0  12944  1084 ?        S    06:02   0:00 grep sng_tsd
cc        24726  0.0  0.0  12944   972 ?        S    06:02   0:00 grep sng_tsd
 ============================================================ 
