 === before clean up === 
~~~~~~ ls -l /tmp
total 644
-rw------- 1 cc cc 537958 Mar 29 04:48 synergy4_22503.log
-rw------- 1 cc cc   6706 Mar 29 04:48 synergy4_p2pmd_22503.log
-rw------- 1 cc cc    768 Mar 29 04:46 synergy4_parser_22503.log
-rw------- 1 cc cc 103719 Mar 29 04:48 synergy4_tsd_22503.log
srwxrwxr-x 1 cc cc      0 Mar 29 04:46 tsd1
~~~~~~ ls -l /dev/shm
total 7832
-rwxrwxr-x 1 cc cc 4000000 Mar 29 04:47 matrix-pull
-rwxrwxr-x 1 cc cc 4000000 Mar 29 04:47 matrix-push
-rwxrwxr-x 1 cc cc      32 Mar 29 04:46 sem.matrix-pull-rsem
-rwxrwxr-x 1 cc cc      32 Mar 29 04:46 sem.matrix-pull-wsem
-rwxrwxr-x 1 cc cc      32 Mar 29 04:46 sem.matrix-push-rsem
-rwxrwxr-x 1 cc cc      32 Mar 29 04:46 sem.matrix-push-wsem
 === clean up ===
total 0
total 0
 === done ===
 *============== Launching remote tsd at 1 =============* 
 ====== tsd launch complete. You have 1 tsd instance. ====== 
cc        22808  0.0  0.0 144464  6968 ?        Sl   04:48   0:00 /home/cc/Synergy4/s4c00/cmake-build-debug/sng_tsd /home/cc/Synergy4/s4c00/etc/sng1.json /home/cc/Synergy4/s4c00/etc/synergy-log.conf
cc        22810  0.0  0.0  12944   968 ?        S    04:48   0:00 grep sng_tsd
 ============================================================ 
 === before clean up === 
~~~~~~ ls -l /tmp
total 24
-rw------- 1 cc cc 11561 Mar 29 04:48 synergy4_p2pmd_17815.log
-rw------- 1 cc cc   768 Mar 29 04:46 synergy4_parser_17815.log
-rw------- 1 cc cc  7043 Mar 29 04:48 synergy4_tsd_17815.log
srwxrwxr-x 1 cc cc     0 Mar 29 04:46 tsd1
~~~~~~ ls -l /dev/shm
total 16
-rwxrwxr-x 1 cc cc 4000000 Mar 29 04:46 matrix-pull
-rwxrwxr-x 1 cc cc 4000000 Mar 29 04:46 matrix-push
-rwxrwxr-x 1 cc cc      32 Mar 29 04:46 sem.matrix-pull-rsem
-rwxrwxr-x 1 cc cc      32 Mar 29 04:46 sem.matrix-pull-wsem
-rwxrwxr-x 1 cc cc      32 Mar 29 04:46 sem.matrix-push-rsem
-rwxrwxr-x 1 cc cc      32 Mar 29 04:46 sem.matrix-push-wsem
 === clean up ===
total 0
total 0
 === done ===
 *============== Launching remote tsd at 2 =============* 
 ====== tsd launch complete. You have 1 tsd instance. ====== 
cc        18302  0.0  0.0 144464  4940 ?        Sl   04:48   0:00 /home/cc/Synergy4/s4c00/cmake-build-debug/sng_tsd /home/cc/Synergy4/s4c00/etc/sng2.json /home/cc/Synergy4/s4c00/etc/synergy-log.conf
cc        18304  0.0  0.0  12944   940 ?        S    04:48   0:00 grep sng_tsd
 ============================================================ 
 === before clean up === 
~~~~~~ ls -l /tmp
total 24
-rw------- 1 cc cc 11759 Mar 29 04:48 synergy4_p2pmd_10975.log
-rw------- 1 cc cc   764 Mar 29 04:46 synergy4_parser_10975.log
-rw------- 1 cc cc  7043 Mar 29 04:48 synergy4_tsd_10975.log
srwxrwxr-x 1 cc cc     0 Mar 29 04:46 tsd1
~~~~~~ ls -l /dev/shm
total 16
-rwxrwxr-x 1 cc cc 4000000 Mar 29 04:46 matrix-pull
-rwxrwxr-x 1 cc cc 4000000 Mar 29 04:46 matrix-push
-rwxrwxr-x 1 cc cc      32 Mar 29 04:46 sem.matrix-pull-rsem
-rwxrwxr-x 1 cc cc      32 Mar 29 04:46 sem.matrix-pull-wsem
-rwxrwxr-x 1 cc cc      32 Mar 29 04:46 sem.matrix-push-rsem
-rwxrwxr-x 1 cc cc      32 Mar 29 04:46 sem.matrix-push-wsem
 === clean up ===
total 0
total 0
 === done ===
 *============== Launching remote tsd at 3 =============* 
 ====== tsd launch complete. You have 1 tsd instance. ====== 
cc        11444  0.0  0.0 144464  4940 ?        Sl   04:48   0:00 /home/cc/Synergy4/s4c00/cmake-build-debug/sng_tsd /home/cc/Synergy4/s4c00/etc/sng3.json /home/cc/Synergy4/s4c00/etc/synergy-log.conf
cc        11446  0.0  0.0  12944   928 ?        S    04:48   0:00 grep sng_tsd
 ============================================================ 
