 === before clean up === 
~~~~~~ ls -l /tmp
total 764
-rw------- 1 cc cc 612114 Mar 29 04:30 synergy4_20176.log
-rw------- 1 cc cc  14406 Mar 29 04:30 synergy4_p2pmd_20176.log
-rw------- 1 cc cc    768 Mar 29 04:28 synergy4_parser_20176.log
-rw------- 1 cc cc 139329 Mar 29 04:30 synergy4_tsd_20176.log
srwxrwxr-x 1 cc cc      0 Mar 29 04:28 tsd1
~~~~~~ ls -l /dev/shm
total 7832
-rwxrwxr-x 1 cc cc 4000000 Mar 29 04:29 matrix-pull
-rwxrwxr-x 1 cc cc 4000000 Mar 29 04:29 matrix-push
-rwxrwxr-x 1 cc cc      32 Mar 29 04:28 sem.matrix-pull-rsem
-rwxrwxr-x 1 cc cc      32 Mar 29 04:28 sem.matrix-pull-wsem
-rwxrwxr-x 1 cc cc      32 Mar 29 04:28 sem.matrix-push-rsem
-rwxrwxr-x 1 cc cc      32 Mar 29 04:28 sem.matrix-push-wsem
 === clean up ===
total 0
total 0
 === done ===
 *============== Launching remote tsd at 1 =============* 
 ====== tsd launch complete. You have 1 tsd instance. ====== 
cc        20487  0.0  0.0 144464  4884 ?        Sl   04:30   0:00 /home/cc/Synergy4/s4c00/cmake-build-debug/sng_tsd /home/cc/Synergy4/s4c00/etc/sng1.json /home/cc/Synergy4/s4c00/etc/synergy-log.conf
cc        20489  0.0  0.0  12944   964 ?        S    04:30   0:00 grep sng_tsd
 ============================================================ 
 === before clean up === 
~~~~~~ ls -l /tmp
total 28
-rw------- 1 cc cc 14260 Mar 29 04:30 synergy4_p2pmd_14420.log
-rw------- 1 cc cc   768 Mar 29 04:28 synergy4_parser_14420.log
-rw------- 1 cc cc  7043 Mar 29 04:30 synergy4_tsd_14420.log
srwxrwxr-x 1 cc cc     0 Mar 29 04:28 tsd1
~~~~~~ ls -l /dev/shm
total 16
-rwxrwxr-x 1 cc cc 4000000 Mar 29 04:28 matrix-pull
-rwxrwxr-x 1 cc cc 4000000 Mar 29 04:28 matrix-push
-rwxrwxr-x 1 cc cc      32 Mar 29 04:28 sem.matrix-pull-rsem
-rwxrwxr-x 1 cc cc      32 Mar 29 04:28 sem.matrix-pull-wsem
-rwxrwxr-x 1 cc cc      32 Mar 29 04:28 sem.matrix-push-rsem
-rwxrwxr-x 1 cc cc      32 Mar 29 04:28 sem.matrix-push-wsem
 === clean up ===
total 0
total 0
 === done ===
 *============== Launching remote tsd at 2 =============* 
 ====== tsd launch complete. You have 1 tsd instance. ====== 
cc        14912  0.0  0.0 144464  6896 ?        Sl   04:30   0:00 /home/cc/Synergy4/s4c00/cmake-build-debug/sng_tsd /home/cc/Synergy4/s4c00/etc/sng2.json /home/cc/Synergy4/s4c00/etc/synergy-log.conf
cc        14914  0.0  0.0  12944   940 ?        S    04:30   0:00 grep sng_tsd
 ============================================================ 
 === before clean up === 
~~~~~~ ls -l /tmp
total 24
-rw------- 1 cc cc 12164 Mar 29 04:30 synergy4_p2pmd_7641.log
-rw------- 1 cc cc   764 Mar 29 04:28 synergy4_parser_7641.log
-rw------- 1 cc cc  6979 Mar 29 04:30 synergy4_tsd_7641.log
srwxrwxr-x 1 cc cc     0 Mar 29 04:28 tsd1
~~~~~~ ls -l /dev/shm
total 16
-rwxrwxr-x 1 cc cc 4000000 Mar 29 04:28 matrix-pull
-rwxrwxr-x 1 cc cc 4000000 Mar 29 04:28 matrix-push
-rwxrwxr-x 1 cc cc      32 Mar 29 04:28 sem.matrix-pull-rsem
-rwxrwxr-x 1 cc cc      32 Mar 29 04:28 sem.matrix-pull-wsem
-rwxrwxr-x 1 cc cc      32 Mar 29 04:28 sem.matrix-push-rsem
-rwxrwxr-x 1 cc cc      32 Mar 29 04:28 sem.matrix-push-wsem
 === clean up ===
total 0
total 0
 === done ===
 *============== Launching remote tsd at 3 =============* 
 ====== tsd launch complete. You have 1 tsd instance. ====== 
cc         8122  0.0  0.0 144464  4916 ?        Sl   04:30   0:00 /home/cc/Synergy4/s4c00/cmake-build-debug/sng_tsd /home/cc/Synergy4/s4c00/etc/sng3.json /home/cc/Synergy4/s4c00/etc/synergy-log.conf
cc         8124  0.0  0.0  12944  1004 ?        S    04:30   0:00 grep sng_tsd
 ============================================================ 
