 ===== launching single host matrix multiplication program ===== 
 # MPI Groups:12
 # Threads per group:24
 # SIZE:9000
 # G:   390
 ###########################
 ** Launching SynergyWrapper process@2...
 ** Launching SynergyWrapper process@3...
 ** Launching SynergyWrapper process@4...
 ** Launching SynergyWrapper process@5...
 ** Launching SynergyWrapper process@6...
 ** Launching SynergyWrapper process@7...
 ** Launching SynergyWrapper process@8...
 ** Launching SynergyWrapper process@9...
 ** Launching SynergyWrapper process@10...
 ** Launching SynergyWrapper process@11...
 ** Launching SynergyWrapper process@12...
ts: attempting to receive an integer
ts: local tsd is master
Sending part 390[0]
Sending part 780[1]
Sending part 1170[2]
Sending part 1560[3]
Sending part 1950[4]
Sending part 2340[5]
Sending part 2730[6]
Sending part 3120[7]
Sending part 3510[8]
Sending part 3900[9]
Sending part 4290[10]
Sending part 4680[11]
Sending part 5070[12]
Sending part 5460[13]
Sending part 5850[14]
Sending part 6240[15]
Sending part 6630[16]
Sending part 7020[17]
Sending part 7410[18]
Sending part 7800[19]
Sending part 8190[20]
Sending part 8580[21]
Sending part 8970[22]
master: synchronizing
Client[2]: sending back to master
Client[4]: sending back to master
Client[6]: sending back to master
Client[7]: sending back to master
Client[8]: sending back to master
Client[9]: sending back to master
Client[10]: sending back to master
Client[11]: sending back to master
Client[12]: sending back to master
Client[13]: sending back to master
Client[14]: sending back to master
Client[15]: sending back to master
Client[16]: sending back to master
Client[17]: sending back to master
Client[18]: sending back to master
Client[19]: sending back to master
Client[20]: sending back to master
Client[21]: sending back to master
Client[22]: sending back to master
Client[23]: sending back to master
Client[1]: sending back to master
Client[3]: sending back to master
Client[5]: sending back to master
master: collecting remote 390[0]
master: collecting remote 780[1]
master: collecting remote 1170[2]
master: collecting remote 1560[3]
master: collecting remote 1950[4]
master: collecting remote 2340[5]
master: collecting remote 2730[6]
master: collecting remote 3120[7]
master: collecting remote 3510[8]
master: collecting remote 3900[9]
master: collecting remote 4290[10]
master: collecting remote 4680[11]
master: collecting remote 5070[12]
master: collecting remote 5460[13]
master: collecting remote 5850[14]
master: collecting remote 6240[15]
master: collecting remote 6630[16]
master: collecting remote 7020[17]
master: collecting remote 7410[18]
master: collecting remote 7800[19]
master: collecting remote 8190[20]
master: collecting remote 8580[21]
master: collecting remote 8970[22]
 === Time spent: 33.393362 seconds
 ====================== Congradulations! Matrix Multiplication successfully performed =================== 
 ====================== Congradulations! Matrix Multiplication successfully performed =================== 
 ====================== Congradulations! Matrix Multiplication successfully performed =================== 
 ====================== Congradulations! Matrix Multiplication successfully performed =================== 
 ====================== Congradulations! Matrix Multiplication successfully performed =================== 
 ====================== Congradulations! Matrix Multiplication successfully performed =================== 
 ====================== Congradulations! Matrix Multiplication successfully performed =================== 
 ====================== Congradulations! Matrix Multiplication successfully performed =================== 
 ====================== Congradulations! Matrix Multiplication successfully performed =================== 
 ====================== Congradulations! Matrix Multiplication successfully performed =================== 
 ====================== Congradulations! Matrix Multiplication successfully performed =================== 
 ====================== Congradulations! Matrix Multiplication successfully performed =================== 
 ====================== Congradulations! Matrix Multiplication successfully performed =================== 
 ====================== Congradulations! Matrix Multiplication successfully performed =================== 
 ====================== Congradulations! Matrix Multiplication successfully performed =================== 
 ====================== Congradulations! Matrix Multiplication successfully performed =================== 
 ====================== Congradulations! Matrix Multiplication successfully performed =================== 
 ====================== Congradulations! Matrix Multiplication successfully performed =================== 
 ====================== Congradulations! Matrix Multiplication successfully performed =================== 
 ====================== Congradulations! Matrix Multiplication successfully performed =================== 
 ====================== Congradulations! Matrix Multiplication successfully performed =================== 
 ====================== Congradulations! Matrix Multiplication successfully performed =================== 
 ====================== Congradulations! Matrix Multiplication successfully performed =================== 
 ====================== Congradulations! Matrix Multiplication successfully performed =================== 
terminating matrix workers...
 =========== SUCCESS =============
 ===== launching single host matrix multiplication program ===== 
 # MPI Groups:12
 # Threads per group:24
 # SIZE:9000
 # G:   390
 ###########################
 ** Launching SynergyWrapper process@2...
 ** Launching SynergyWrapper process@3...
 ** Launching SynergyWrapper process@4...
 ** Launching SynergyWrapper process@5...
 ** Launching SynergyWrapper process@6...
 ** Launching SynergyWrapper process@7...
 ** Launching SynergyWrapper process@8...
 ** Launching SynergyWrapper process@9...
 ** Launching SynergyWrapper process@10...
 ** Launching SynergyWrapper process@11...
 ** Launching SynergyWrapper process@12...
ts: attempting to receive an integer
ts: local tsd is master
Sending part 390[0]
Sending part 780[1]
Sending part 1170[2]
Sending part 1560[3]
Sending part 1950[4]
Sending part 2340[5]
Sending part 2730[6]
Sending part 3120[7]
Sending part 3510[8]
Sending part 3900[9]
Sending part 4290[10]
Sending part 4680[11]
Sending part 5070[12]
Sending part 5460[13]
Sending part 5850[14]
Sending part 6240[15]
Sending part 6630[16]
Sending part 7020[17]
Sending part 7410[18]
Sending part 7800[19]
Sending part 8190[20]
Sending part 8580[21]
Sending part 8970[22]
master: synchronizing
Client[1]: sending back to master
Client[3]: sending back to master
Client[5]: sending back to master
Client[7]: sending back to master
Client[8]: sending back to master
Client[9]: sending back to master
Client[10]: sending back to master
Client[11]: sending back to master
Client[12]: sending back to master
Client[13]: sending back to master
Client[14]: sending back to master
Client[15]: sending back to master
Client[16]: sending back to master
Client[17]: sending back to master
Client[18]: sending back to master
Client[19]: sending back to master
Client[20]: sending back to master
Client[21]: sending back to master
Client[22]: sending back to master
Client[23]: sending back to master
Client[2]: sending back to master
Client[4]: sending back to master
Client[6]: sending back to master
master: collecting remote 390[0]
master: collecting remote 780[1]
master: collecting remote 1170[2]
master: collecting remote 1560[3]
master: collecting remote 1950[4]
master: collecting remote 2340[5]
master: collecting remote 2730[6]
master: collecting remote 3120[7]
master: collecting remote 3510[8]
master: collecting remote 3900[9]
master: collecting remote 4290[10]
master: collecting remote 4680[11]
master: collecting remote 5070[12]
master: collecting remote 5460[13]
master: collecting remote 5850[14]
master: collecting remote 6240[15]
master: collecting remote 6630[16]
master: collecting remote 7020[17]
master: collecting remote 7410[18]
master: collecting remote 7800[19]
master: collecting remote 8190[20]
master: collecting remote 8580[21]
master: collecting remote 8970[22]
 === Time spent: 33.718125 seconds
 ====================== Congradulations! Matrix Multiplication successfully performed =================== 
 ====================== Congradulations! Matrix Multiplication successfully performed =================== 
 ====================== Congradulations! Matrix Multiplication successfully performed =================== 
 ====================== Congradulations! Matrix Multiplication successfully performed =================== 
 ====================== Congradulations! Matrix Multiplication successfully performed =================== 
 ====================== Congradulations! Matrix Multiplication successfully performed =================== 
 ====================== Congradulations! Matrix Multiplication successfully performed =================== 
 ====================== Congradulations! Matrix Multiplication successfully performed =================== 
 ====================== Congradulations! Matrix Multiplication successfully performed =================== 
 ====================== Congradulations! Matrix Multiplication successfully performed =================== 
 ====================== Congradulations! Matrix Multiplication successfully performed =================== 
 ====================== Congradulations! Matrix Multiplication successfully performed =================== 
 ====================== Congradulations! Matrix Multiplication successfully performed =================== 
 ====================== Congradulations! Matrix Multiplication successfully performed =================== 
 ====================== Congradulations! Matrix Multiplication successfully performed =================== 
 ====================== Congradulations! Matrix Multiplication successfully performed =================== 
 ====================== Congradulations! Matrix Multiplication successfully performed =================== 
 ====================== Congradulations! Matrix Multiplication successfully performed =================== 
 ====================== Congradulations! Matrix Multiplication successfully performed =================== 
 ====================== Congradulations! Matrix Multiplication successfully performed =================== 
 ====================== Congradulations! Matrix Multiplication successfully performed =================== 
 ====================== Congradulations! Matrix Multiplication successfully performed =================== 
 ====================== Congradulations! Matrix Multiplication successfully performed =================== 
 ====================== Congradulations! Matrix Multiplication successfully performed =================== 
terminating matrix workers...
 =========== SUCCESS =============
