 ===== launching single host matrix multiplication program ===== 
 # MPI Groups:12
 # Threads per group:24
 # SIZE:9000
 # G:   220
 ###########################
 ** Launching SynergyWrapper process@2...
 ** Launching SynergyWrapper process@3...
 ** Launching SynergyWrapper process@4...
 ** Launching SynergyWrapper process@5...
 ** Launching SynergyWrapper process@6...
 ** Launching SynergyWrapper process@7...
 ** Launching SynergyWrapper process@8...
 ** Launching SynergyWrapper process@9...
 ** Launching SynergyWrapper process@10...
 ** Launching SynergyWrapper process@11...
 ** Launching SynergyWrapper process@12...
ts: attempting to receive an integer
ts: local tsd is master
Sending part 220[0]
Sending part 440[1]
Sending part 660[2]
Sending part 880[3]
Sending part 1100[4]
Sending part 1320[5]
Sending part 1540[6]
Sending part 1760[7]
Sending part 1980[8]
Sending part 2200[9]
Sending part 2420[10]
Sending part 2640[11]
Sending part 2860[12]
Sending part 3080[13]
Sending part 3300[14]
Sending part 3520[15]
Sending part 3740[16]
Sending part 3960[17]
Sending part 4180[18]
Sending part 4400[19]
Sending part 4620[20]
Sending part 4840[21]
Sending part 5060[22]
Sending part 5280[23]
Sending part 5500[24]
Sending part 5720[25]
Sending part 5940[26]
Sending part 6160[27]
Sending part 6380[28]
Sending part 6600[29]
Sending part 6820[30]
Sending part 7040[31]
Sending part 7260[32]
Sending part 7480[33]
Sending part 7700[34]
Sending part 7920[35]
Sending part 8140[36]
Sending part 8360[37]
Sending part 8580[38]
Sending part 8800[39]
master: synchronizing
Client[1]: sending back to master
Client[2]: sending back to master
Client[4]: sending back to master
Client[6]: sending back to master
Client[7]: sending back to master
Client[8]: sending back to master
Client[9]: sending back to master
Client[10]: sending back to master
Client[11]: sending back to master
Client[12]: sending back to master
Client[13]: sending back to master
Client[14]: sending back to master
Client[15]: sending back to master
Client[16]: sending back to master
Client[17]: sending back to master
Client[18]: sending back to master
Client[20]: sending back to master
Client[21]: sending back to master
Client[22]: sending back to master
Client[23]: sending back to master
Client[5]: sending back to master
Client[3]: sending back to master
Client[19]: sending back to master
master: collecting remote 220[0]
master: collecting remote 440[1]
master: collecting remote 660[2]
master: collecting remote 880[3]
master: collecting remote 1100[4]
master: collecting remote 1320[5]
master: collecting remote 1540[6]
master: collecting remote 1760[7]
master: collecting remote 1980[8]
master: collecting remote 2200[9]
master: collecting remote 2420[10]
master: collecting remote 2640[11]
master: collecting remote 2860[12]
master: collecting remote 3080[13]
master: collecting remote 3300[14]
master: collecting remote 3520[15]
master: collecting remote 3740[16]
master: collecting remote 3960[17]
master: collecting remote 4180[18]
master: collecting remote 4400[19]
master: collecting remote 4620[20]
master: collecting remote 4840[21]
master: collecting remote 5060[22]
master: collecting remote 5280[23]
master: collecting remote 5500[24]
master: collecting remote 5720[25]
master: collecting remote 5940[26]
master: collecting remote 6160[27]
master: collecting remote 6380[28]
master: collecting remote 6600[29]
master: collecting remote 6820[30]
master: collecting remote 7040[31]
master: collecting remote 7260[32]
master: collecting remote 7480[33]
master: collecting remote 7700[34]
master: collecting remote 7920[35]
master: collecting remote 8140[36]
master: collecting remote 8360[37]
master: collecting remote 8580[38]
master: collecting remote 8800[39]
 === Time spent: 30.966085 seconds
 ====================== Congradulations! Matrix Multiplication successfully performed =================== 
 ====================== Congradulations! Matrix Multiplication successfully performed =================== 
 ====================== Congradulations! Matrix Multiplication successfully performed =================== 
 ====================== Congradulations! Matrix Multiplication successfully performed =================== 
 ====================== Congradulations! Matrix Multiplication successfully performed =================== 
 ====================== Congradulations! Matrix Multiplication successfully performed =================== 
 ====================== Congradulations! Matrix Multiplication successfully performed =================== 
 ====================== Congradulations! Matrix Multiplication successfully performed =================== 
 ====================== Congradulations! Matrix Multiplication successfully performed =================== 
 ====================== Congradulations! Matrix Multiplication successfully performed =================== 
 ====================== Congradulations! Matrix Multiplication successfully performed =================== 
 ====================== Congradulations! Matrix Multiplication successfully performed =================== 
 ====================== Congradulations! Matrix Multiplication successfully performed =================== 
 ====================== Congradulations! Matrix Multiplication successfully performed =================== 
 ====================== Congradulations! Matrix Multiplication successfully performed =================== 
 ====================== Congradulations! Matrix Multiplication successfully performed =================== 
 ====================== Congradulations! Matrix Multiplication successfully performed =================== 
 ====================== Congradulations! Matrix Multiplication successfully performed =================== 
 ====================== Congradulations! Matrix Multiplication successfully performed =================== 
 ====================== Congradulations! Matrix Multiplication successfully performed =================== 
 ====================== Congradulations! Matrix Multiplication successfully performed =================== 
 ====================== Congradulations! Matrix Multiplication successfully performed =================== 
 ====================== Congradulations! Matrix Multiplication successfully performed =================== 
 ====================== Congradulations! Matrix Multiplication successfully performed =================== 
terminating matrix workers...
 =========== SUCCESS =============
 ===== launching single host matrix multiplication program ===== 
 # MPI Groups:12
 # Threads per group:24
 # SIZE:9000
 # G:   220
 ###########################
 ** Launching SynergyWrapper process@2...
 ** Launching SynergyWrapper process@3...
 ** Launching SynergyWrapper process@4...
 ** Launching SynergyWrapper process@5...
 ** Launching SynergyWrapper process@6...
 ** Launching SynergyWrapper process@7...
 ** Launching SynergyWrapper process@8...
 ** Launching SynergyWrapper process@9...
 ** Launching SynergyWrapper process@10...
 ** Launching SynergyWrapper process@11...
 ** Launching SynergyWrapper process@12...
ts: attempting to receive an integer
ts: local tsd is master
Sending part 220[0]
Sending part 440[1]
Sending part 660[2]
Sending part 880[3]
Sending part 1100[4]
Sending part 1320[5]
Sending part 1540[6]
Sending part 1760[7]
Sending part 1980[8]
Sending part 2200[9]
Sending part 2420[10]
Sending part 2640[11]
Sending part 2860[12]
Sending part 3080[13]
Sending part 3300[14]
Sending part 3520[15]
Sending part 3740[16]
Sending part 3960[17]
Sending part 4180[18]
Sending part 4400[19]
Sending part 4620[20]
Sending part 4840[21]
Sending part 5060[22]
Sending part 5280[23]
Sending part 5500[24]
Sending part 5720[25]
Sending part 5940[26]
Sending part 6160[27]
Sending part 6380[28]
Sending part 6600[29]
Sending part 6820[30]
Sending part 7040[31]
Sending part 7260[32]
Sending part 7480[33]
Sending part 7700[34]
Sending part 7920[35]
Sending part 8140[36]
Sending part 8360[37]
Sending part 8580[38]
Sending part 8800[39]
master: synchronizing
Client[2]: sending back to master
Client[4]: sending back to master
Client[6]: sending back to master
Client[7]: sending back to master
Client[8]: sending back to master
Client[10]: sending back to master
Client[12]: sending back to master
Client[14]: sending back to master
Client[15]: sending back to master
Client[16]: sending back to master
Client[17]: sending back to master
Client[18]: sending back to master
Client[19]: sending back to master
Client[20]: sending back to master
Client[21]: sending back to master
Client[22]: sending back to master
Client[23]: sending back to master
Client[1]: sending back to master
Client[3]: sending back to master
Client[5]: sending back to master
Client[9]: sending back to master
Client[11]: sending back to master
Client[13]: sending back to master
master: collecting remote 220[0]
master: collecting remote 440[1]
master: collecting remote 660[2]
master: collecting remote 880[3]
master: collecting remote 1100[4]
master: collecting remote 1320[5]
master: collecting remote 1540[6]
master: collecting remote 1760[7]
master: collecting remote 1980[8]
master: collecting remote 2200[9]
master: collecting remote 2420[10]
master: collecting remote 2640[11]
master: collecting remote 2860[12]
master: collecting remote 3080[13]
master: collecting remote 3300[14]
master: collecting remote 3520[15]
master: collecting remote 3740[16]
master: collecting remote 3960[17]
master: collecting remote 4180[18]
master: collecting remote 4400[19]
master: collecting remote 4620[20]
master: collecting remote 4840[21]
master: collecting remote 5060[22]
master: collecting remote 5280[23]
master: collecting remote 5500[24]
master: collecting remote 5720[25]
master: collecting remote 5940[26]
master: collecting remote 6160[27]
master: collecting remote 6380[28]
master: collecting remote 6600[29]
master: collecting remote 6820[30]
master: collecting remote 7040[31]
master: collecting remote 7260[32]
master: collecting remote 7480[33]
master: collecting remote 7700[34]
master: collecting remote 7920[35]
master: collecting remote 8140[36]
master: collecting remote 8360[37]
master: collecting remote 8580[38]
master: collecting remote 8800[39]
 === Time spent: 30.689803 seconds
 ====================== Congradulations! Matrix Multiplication successfully performed =================== 
 ====================== Congradulations! Matrix Multiplication successfully performed =================== 
 ====================== Congradulations! Matrix Multiplication successfully performed =================== 
 ====================== Congradulations! Matrix Multiplication successfully performed =================== 
 ====================== Congradulations! Matrix Multiplication successfully performed =================== 
 ====================== Congradulations! Matrix Multiplication successfully performed =================== 
 ====================== Congradulations! Matrix Multiplication successfully performed =================== 
 ====================== Congradulations! Matrix Multiplication successfully performed =================== 
 ====================== Congradulations! Matrix Multiplication successfully performed =================== 
 ====================== Congradulations! Matrix Multiplication successfully performed =================== 
 ====================== Congradulations! Matrix Multiplication successfully performed =================== 
 ====================== Congradulations! Matrix Multiplication successfully performed =================== 
 ====================== Congradulations! Matrix Multiplication successfully performed =================== 
 ====================== Congradulations! Matrix Multiplication successfully performed =================== 
 ====================== Congradulations! Matrix Multiplication successfully performed =================== 
 ====================== Congradulations! Matrix Multiplication successfully performed =================== 
 ====================== Congradulations! Matrix Multiplication successfully performed =================== 
 ====================== Congradulations! Matrix Multiplication successfully performed =================== 
 ====================== Congradulations! Matrix Multiplication successfully performed =================== 
 ====================== Congradulations! Matrix Multiplication successfully performed =================== 
 ====================== Congradulations! Matrix Multiplication successfully performed =================== 
 ====================== Congradulations! Matrix Multiplication successfully performed =================== 
 ====================== Congradulations! Matrix Multiplication successfully performed =================== 
 ====================== Congradulations! Matrix Multiplication successfully performed =================== 
terminating matrix workers...
 =========== SUCCESS =============
