 ===== launching single host matrix multiplication program ===== 
 # MPI Groups:12
 # Threads per group:24
 # SIZE:9000
 # G:   230
 ###########################
 ** Launching SynergyWrapper process@2...
 ** Launching SynergyWrapper process@3...
 ** Launching SynergyWrapper process@4...
 ** Launching SynergyWrapper process@5...
 ** Launching SynergyWrapper process@6...
 ** Launching SynergyWrapper process@7...
 ** Launching SynergyWrapper process@8...
 ** Launching SynergyWrapper process@9...
 ** Launching SynergyWrapper process@10...
 ** Launching SynergyWrapper process@11...
 ** Launching SynergyWrapper process@12...
ts: attempting to receive an integer
ts: local tsd is master
Sending part 230[0]
Sending part 460[1]
Sending part 690[2]
Sending part 920[3]
Sending part 1150[4]
Sending part 1380[5]
Sending part 1610[6]
Sending part 1840[7]
Sending part 2070[8]
Sending part 2300[9]
Sending part 2530[10]
Sending part 2760[11]
Sending part 2990[12]
Sending part 3220[13]
Sending part 3450[14]
Sending part 3680[15]
Sending part 3910[16]
Sending part 4140[17]
Sending part 4370[18]
Sending part 4600[19]
Sending part 4830[20]
Sending part 5060[21]
Sending part 5290[22]
Sending part 5520[23]
Sending part 5750[24]
Sending part 5980[25]
Sending part 6210[26]
Sending part 6440[27]
Sending part 6670[28]
Sending part 6900[29]
Sending part 7130[30]
Sending part 7360[31]
Sending part 7590[32]
Sending part 7820[33]
Sending part 8050[34]
Sending part 8280[35]
Sending part 8510[36]
Sending part 8740[37]
Sending part 8970[38]
master: synchronizing
Client[2]: sending back to master
Client[4]: sending back to master
Client[6]: sending back to master
Client[8]: sending back to master
Client[10]: sending back to master
Client[12]: sending back to master
Client[14]: sending back to master
Client[16]: sending back to master
Client[18]: sending back to master
Client[20]: sending back to master
Client[22]: sending back to master
Client[7]: sending back to master
Client[11]: sending back to master
Client[15]: sending back to master
Client[17]: sending back to master
Client[19]: sending back to master
Client[21]: sending back to master
Client[23]: sending back to master
Client[1]: sending back to master
Client[3]: sending back to master
Client[5]: sending back to master
Client[9]: sending back to master
Client[13]: sending back to master
master: collecting remote 230[0]
master: collecting remote 460[1]
master: collecting remote 690[2]
master: collecting remote 920[3]
master: collecting remote 1150[4]
master: collecting remote 1380[5]
master: collecting remote 1610[6]
master: collecting remote 1840[7]
master: collecting remote 2070[8]
master: collecting remote 2300[9]
master: collecting remote 2530[10]
master: collecting remote 2760[11]
master: collecting remote 2990[12]
master: collecting remote 3220[13]
master: collecting remote 3450[14]
master: collecting remote 3680[15]
master: collecting remote 3910[16]
master: collecting remote 4140[17]
master: collecting remote 4370[18]
master: collecting remote 4600[19]
master: collecting remote 4830[20]
master: collecting remote 5060[21]
master: collecting remote 5290[22]
master: collecting remote 5520[23]
master: collecting remote 5750[24]
master: collecting remote 5980[25]
master: collecting remote 6210[26]
master: collecting remote 6440[27]
master: collecting remote 6670[28]
master: collecting remote 6900[29]
master: collecting remote 7130[30]
master: collecting remote 7360[31]
master: collecting remote 7590[32]
master: collecting remote 7820[33]
master: collecting remote 8050[34]
master: collecting remote 8280[35]
master: collecting remote 8510[36]
master: collecting remote 8740[37]
master: collecting remote 8970[38]
 === Time spent: 48.366846 seconds
 ====================== Congradulations! Matrix Multiplication successfully performed =================== 
 ====================== Congradulations! Matrix Multiplication successfully performed =================== 
 ====================== Congradulations! Matrix Multiplication successfully performed =================== 
 ====================== Congradulations! Matrix Multiplication successfully performed =================== 
 ====================== Congradulations! Matrix Multiplication successfully performed =================== 
 ====================== Congradulations! Matrix Multiplication successfully performed =================== 
 ====================== Congradulations! Matrix Multiplication successfully performed =================== 
 ====================== Congradulations! Matrix Multiplication successfully performed =================== 
 ====================== Congradulations! Matrix Multiplication successfully performed =================== 
 ====================== Congradulations! Matrix Multiplication successfully performed =================== 
 ====================== Congradulations! Matrix Multiplication successfully performed =================== 
 ====================== Congradulations! Matrix Multiplication successfully performed =================== 
 ====================== Congradulations! Matrix Multiplication successfully performed =================== 
 ====================== Congradulations! Matrix Multiplication successfully performed =================== 
 ====================== Congradulations! Matrix Multiplication successfully performed =================== 
 ====================== Congradulations! Matrix Multiplication successfully performed =================== 
 ====================== Congradulations! Matrix Multiplication successfully performed =================== 
 ====================== Congradulations! Matrix Multiplication successfully performed =================== 
 ====================== Congradulations! Matrix Multiplication successfully performed =================== 
 ====================== Congradulations! Matrix Multiplication successfully performed =================== 
 ====================== Congradulations! Matrix Multiplication successfully performed =================== 
 ====================== Congradulations! Matrix Multiplication successfully performed =================== 
 ====================== Congradulations! Matrix Multiplication successfully performed =================== 
 ====================== Congradulations! Matrix Multiplication successfully performed =================== 
terminating matrix workers...
 =========== SUCCESS =============
 ===== launching single host matrix multiplication program ===== 
 # MPI Groups:12
 # Threads per group:24
 # SIZE:9000
 # G:   230
 ###########################
 ** Launching SynergyWrapper process@2...
 ** Launching SynergyWrapper process@3...
 ** Launching SynergyWrapper process@4...
 ** Launching SynergyWrapper process@5...
 ** Launching SynergyWrapper process@6...
 ** Launching SynergyWrapper process@7...
 ** Launching SynergyWrapper process@8...
 ** Launching SynergyWrapper process@9...
 ** Launching SynergyWrapper process@10...
 ** Launching SynergyWrapper process@11...
 ** Launching SynergyWrapper process@12...
ts: attempting to receive an integer
ts: local tsd is master
Sending part 230[0]
Sending part 460[1]
Sending part 690[2]
Sending part 920[3]
Sending part 1150[4]
Sending part 1380[5]
Sending part 1610[6]
Sending part 1840[7]
Sending part 2070[8]
Sending part 2300[9]
Sending part 2530[10]
Sending part 2760[11]
Sending part 2990[12]
Sending part 3220[13]
Sending part 3450[14]
Sending part 3680[15]
Sending part 3910[16]
Sending part 4140[17]
Sending part 4370[18]
Sending part 4600[19]
Sending part 4830[20]
Sending part 5060[21]
Sending part 5290[22]
Sending part 5520[23]
Sending part 5750[24]
Sending part 5980[25]
Sending part 6210[26]
Sending part 6440[27]
Sending part 6670[28]
Sending part 6900[29]
Sending part 7130[30]
Sending part 7360[31]
Sending part 7590[32]
Sending part 7820[33]
Sending part 8050[34]
Sending part 8280[35]
Sending part 8510[36]
Sending part 8740[37]
Sending part 8970[38]
master: synchronizing
Client[1]: sending back to master
Client[2]: sending back to master
Client[3]: sending back to master
Client[4]: sending back to master
Client[5]: sending back to master
Client[6]: sending back to master
Client[7]: sending back to master
Client[8]: sending back to master
Client[9]: sending back to master
Client[10]: sending back to master
Client[11]: sending back to master
Client[12]: sending back to master
Client[13]: sending back to master
Client[14]: sending back to master
Client[15]: sending back to master
Client[16]: sending back to master
Client[17]: sending back to master
Client[18]: sending back to master
Client[19]: sending back to master
Client[20]: sending back to master
Client[21]: sending back to master
Client[22]: sending back to master
Client[23]: sending back to master
master: collecting remote 230[0]
master: collecting remote 460[1]
master: collecting remote 690[2]
master: collecting remote 920[3]
master: collecting remote 1150[4]
master: collecting remote 1380[5]
master: collecting remote 1610[6]
master: collecting remote 1840[7]
master: collecting remote 2070[8]
master: collecting remote 2300[9]
master: collecting remote 2530[10]
master: collecting remote 2760[11]
master: collecting remote 2990[12]
master: collecting remote 3220[13]
master: collecting remote 3450[14]
master: collecting remote 3680[15]
master: collecting remote 3910[16]
master: collecting remote 4140[17]
master: collecting remote 4370[18]
master: collecting remote 4600[19]
master: collecting remote 4830[20]
master: collecting remote 5060[21]
master: collecting remote 5290[22]
master: collecting remote 5520[23]
master: collecting remote 5750[24]
master: collecting remote 5980[25]
master: collecting remote 6210[26]
master: collecting remote 6440[27]
master: collecting remote 6670[28]
master: collecting remote 6900[29]
master: collecting remote 7130[30]
master: collecting remote 7360[31]
master: collecting remote 7590[32]
master: collecting remote 7820[33]
master: collecting remote 8050[34]
master: collecting remote 8280[35]
master: collecting remote 8510[36]
master: collecting remote 8740[37]
master: collecting remote 8970[38]
 === Time spent: 47.848843 seconds
 ====================== Congradulations! Matrix Multiplication successfully performed =================== 
 ====================== Congradulations! Matrix Multiplication successfully performed =================== 
 ====================== Congradulations! Matrix Multiplication successfully performed =================== 
 ====================== Congradulations! Matrix Multiplication successfully performed =================== 
 ====================== Congradulations! Matrix Multiplication successfully performed =================== 
 ====================== Congradulations! Matrix Multiplication successfully performed =================== 
 ====================== Congradulations! Matrix Multiplication successfully performed =================== 
 ====================== Congradulations! Matrix Multiplication successfully performed =================== 
 ====================== Congradulations! Matrix Multiplication successfully performed =================== 
 ====================== Congradulations! Matrix Multiplication successfully performed =================== 
 ====================== Congradulations! Matrix Multiplication successfully performed =================== 
 ====================== Congradulations! Matrix Multiplication successfully performed =================== 
 ====================== Congradulations! Matrix Multiplication successfully performed =================== 
 ====================== Congradulations! Matrix Multiplication successfully performed =================== 
 ====================== Congradulations! Matrix Multiplication successfully performed =================== 
 ====================== Congradulations! Matrix Multiplication successfully performed =================== 
 ====================== Congradulations! Matrix Multiplication successfully performed =================== 
 ====================== Congradulations! Matrix Multiplication successfully performed =================== 
 ====================== Congradulations! Matrix Multiplication successfully performed =================== 
 ====================== Congradulations! Matrix Multiplication successfully performed =================== 
 ====================== Congradulations! Matrix Multiplication successfully performed =================== 
 ====================== Congradulations! Matrix Multiplication successfully performed =================== 
 ====================== Congradulations! Matrix Multiplication successfully performed =================== 
 ====================== Congradulations! Matrix Multiplication successfully performed =================== 
terminating matrix workers...
 =========== SUCCESS =============
