 ===== launching single host matrix multiplication program ===== 
 # MPI Groups:12
 # Threads per group:24
 # SIZE:12000
 # G:   530
 ###########################
 ** Launching SynergyWrapper process@2...
 ** Launching SynergyWrapper process@3...
 ** Launching SynergyWrapper process@4...
 ** Launching SynergyWrapper process@5...
 ** Launching SynergyWrapper process@6...
 ** Launching SynergyWrapper process@7...
 ** Launching SynergyWrapper process@8...
 ** Launching SynergyWrapper process@9...
 ** Launching SynergyWrapper process@10...
 ** Launching SynergyWrapper process@11...
 ** Launching SynergyWrapper process@12...
ts: attempting to receive an integer
ts: local tsd is master
Sending part 530[0]
Sending part 1060[1]
Sending part 1590[2]
Sending part 2120[3]
Sending part 2650[4]
Sending part 3180[5]
Sending part 3710[6]
Sending part 4240[7]
Sending part 4770[8]
Sending part 5300[9]
Sending part 5830[10]
Sending part 6360[11]
Sending part 6890[12]
Sending part 7420[13]
Sending part 7950[14]
Sending part 8480[15]
Sending part 9010[16]
Sending part 9540[17]
Sending part 10070[18]
Sending part 10600[19]
Sending part 11130[20]
Sending part 11660[21]
master: synchronizing
-------------------------------------------------------
Primary job  terminated normally, but 1 process returned
a non-zero exit code. Per user-direction, the job has been aborted.
-------------------------------------------------------
terminating matrix workers...
 =========== SUCCESS =============
