 ===== launching single host matrix multiplication program ===== 
 # MPI Groups:12
 # Threads per group:24
 # SIZE:12000
 # G:   600
 ###########################
 ** Launching SynergyWrapper process@2...
 ** Launching SynergyWrapper process@3...
 ** Launching SynergyWrapper process@4...
 ** Launching SynergyWrapper process@5...
 ** Launching SynergyWrapper process@6...
 ** Launching SynergyWrapper process@7...
 ** Launching SynergyWrapper process@8...
 ** Launching SynergyWrapper process@9...
 ** Launching SynergyWrapper process@10...
 ** Launching SynergyWrapper process@11...
 ** Launching SynergyWrapper process@12...
ts: attempting to receive an integer
ts: local tsd is master
Sending part 600[0]
Sending part 1200[1]
Sending part 1800[2]
Sending part 2400[3]
Sending part 3000[4]
Sending part 3600[5]
Sending part 4200[6]
Sending part 4800[7]
Sending part 5400[8]
Sending part 6000[9]
Sending part 6600[10]
Sending part 7200[11]
Sending part 7800[12]
Sending part 8400[13]
Sending part 9000[14]
Sending part 9600[15]
Sending part 10200[16]
Sending part 10800[17]
Sending part 11400[18]
master: synchronizing
Client[1]: sending back to master
Client[3]: sending back to master
Client[5]: sending back to master
Client[7]: sending back to master
Client[9]: sending back to master
Client[11]: sending back to master
Client[13]: sending back to master
Client[15]: sending back to master
Client[16]: sending back to master
Client[17]: sending back to master
Client[18]: sending back to master
Client[19]: sending back to master
Client[20]: sending back to master
Client[21]: sending back to master
Client[22]: sending back to master
Client[23]: sending back to master
Client[2]: sending back to master
Client[4]: sending back to master
Client[6]: sending back to master
Client[8]: sending back to master
Client[10]: sending back to master
Client[12]: sending back to master
Client[14]: sending back to master
master: collecting remote 600[0]
master: collecting remote 1200[1]
master: collecting remote 1800[2]
master: collecting remote 2400[3]
master: collecting remote 3000[4]
master: collecting remote 3600[5]
master: collecting remote 4200[6]
master: collecting remote 4800[7]
master: collecting remote 5400[8]
master: collecting remote 6000[9]
master: collecting remote 6600[10]
master: collecting remote 7200[11]
master: collecting remote 7800[12]
master: collecting remote 8400[13]
master: collecting remote 9000[14]
master: collecting remote 9600[15]
master: collecting remote 10200[16]
master: collecting remote 10800[17]
master: collecting remote 11400[18]
 === Time spent: 56.736197 seconds
 ====================== Congradulations! Matrix Multiplication successfully performed =================== 
 ====================== Congradulations! Matrix Multiplication successfully performed =================== 
 ====================== Congradulations! Matrix Multiplication successfully performed =================== 
 ====================== Congradulations! Matrix Multiplication successfully performed =================== 
 ====================== Congradulations! Matrix Multiplication successfully performed =================== 
 ====================== Congradulations! Matrix Multiplication successfully performed =================== 
 ====================== Congradulations! Matrix Multiplication successfully performed =================== 
 ====================== Congradulations! Matrix Multiplication successfully performed =================== 
 ====================== Congradulations! Matrix Multiplication successfully performed =================== 
 ====================== Congradulations! Matrix Multiplication successfully performed =================== 
 ====================== Congradulations! Matrix Multiplication successfully performed =================== 
 ====================== Congradulations! Matrix Multiplication successfully performed =================== 
 ====================== Congradulations! Matrix Multiplication successfully performed =================== 
 ====================== Congradulations! Matrix Multiplication successfully performed =================== 
 ====================== Congradulations! Matrix Multiplication successfully performed =================== 
 ====================== Congradulations! Matrix Multiplication successfully performed =================== 
 ====================== Congradulations! Matrix Multiplication successfully performed =================== 
 ====================== Congradulations! Matrix Multiplication successfully performed =================== 
 ====================== Congradulations! Matrix Multiplication successfully performed =================== 
 ====================== Congradulations! Matrix Multiplication successfully performed =================== 
 ====================== Congradulations! Matrix Multiplication successfully performed =================== 
 ====================== Congradulations! Matrix Multiplication successfully performed =================== 
 ====================== Congradulations! Matrix Multiplication successfully performed =================== 
 ====================== Congradulations! Matrix Multiplication successfully performed =================== 
terminating matrix workers...
 =========== SUCCESS =============
 ===== launching single host matrix multiplication program ===== 
 # MPI Groups:12
 # Threads per group:24
 # SIZE:12000
 # G:   600
 ###########################
 ** Launching SynergyWrapper process@2...
 ** Launching SynergyWrapper process@3...
 ** Launching SynergyWrapper process@4...
 ** Launching SynergyWrapper process@5...
 ** Launching SynergyWrapper process@6...
 ** Launching SynergyWrapper process@7...
 ** Launching SynergyWrapper process@8...
 ** Launching SynergyWrapper process@9...
 ** Launching SynergyWrapper process@10...
 ** Launching SynergyWrapper process@11...
 ** Launching SynergyWrapper process@12...
ts: attempting to receive an integer
ts: local tsd is master
Sending part 600[0]
Sending part 1200[1]
Sending part 1800[2]
Sending part 2400[3]
Sending part 3000[4]
Sending part 3600[5]
Sending part 4200[6]
Sending part 4800[7]
Sending part 5400[8]
Sending part 6000[9]
Sending part 6600[10]
Sending part 7200[11]
Sending part 7800[12]
Sending part 8400[13]
Sending part 9000[14]
Sending part 9600[15]
Sending part 10200[16]
Sending part 10800[17]
Sending part 11400[18]
master: synchronizing
Client[1]: sending back to master
Client[5]: sending back to master
Client[9]: sending back to master
Client[13]: sending back to master
Client[17]: sending back to master
Client[21]: sending back to master
Client[2]: sending back to master
Client[4]: sending back to master
Client[6]: sending back to master
Client[8]: sending back to master
Client[10]: sending back to master
Client[12]: sending back to master
Client[14]: sending back to master
Client[16]: sending back to master
Client[18]: sending back to master
Client[20]: sending back to master
Client[22]: sending back to master
Client[3]: sending back to master
Client[7]: sending back to master
Client[11]: sending back to master
Client[15]: sending back to master
Client[19]: sending back to master
Client[23]: sending back to master
master: collecting remote 600[0]
master: collecting remote 1200[1]
master: collecting remote 1800[2]
master: collecting remote 2400[3]
master: collecting remote 3000[4]
master: collecting remote 3600[5]
master: collecting remote 4200[6]
master: collecting remote 4800[7]
master: collecting remote 5400[8]
master: collecting remote 6000[9]
master: collecting remote 6600[10]
master: collecting remote 7200[11]
master: collecting remote 7800[12]
master: collecting remote 8400[13]
master: collecting remote 9000[14]
master: collecting remote 9600[15]
master: collecting remote 10200[16]
master: collecting remote 10800[17]
master: collecting remote 11400[18]
 === Time spent: 55.713400 seconds
 ====================== Congradulations! Matrix Multiplication successfully performed =================== 
 ====================== Congradulations! Matrix Multiplication successfully performed =================== 
 ====================== Congradulations! Matrix Multiplication successfully performed =================== 
 ====================== Congradulations! Matrix Multiplication successfully performed =================== 
 ====================== Congradulations! Matrix Multiplication successfully performed =================== 
 ====================== Congradulations! Matrix Multiplication successfully performed =================== 
 ====================== Congradulations! Matrix Multiplication successfully performed =================== 
 ====================== Congradulations! Matrix Multiplication successfully performed =================== 
 ====================== Congradulations! Matrix Multiplication successfully performed =================== 
 ====================== Congradulations! Matrix Multiplication successfully performed =================== 
 ====================== Congradulations! Matrix Multiplication successfully performed =================== 
 ====================== Congradulations! Matrix Multiplication successfully performed =================== 
 ====================== Congradulations! Matrix Multiplication successfully performed =================== 
 ====================== Congradulations! Matrix Multiplication successfully performed =================== 
 ====================== Congradulations! Matrix Multiplication successfully performed =================== 
 ====================== Congradulations! Matrix Multiplication successfully performed =================== 
 ====================== Congradulations! Matrix Multiplication successfully performed =================== 
 ====================== Congradulations! Matrix Multiplication successfully performed =================== 
 ====================== Congradulations! Matrix Multiplication successfully performed =================== 
 ====================== Congradulations! Matrix Multiplication successfully performed =================== 
 ====================== Congradulations! Matrix Multiplication successfully performed =================== 
 ====================== Congradulations! Matrix Multiplication successfully performed =================== 
 ====================== Congradulations! Matrix Multiplication successfully performed =================== 
 ====================== Congradulations! Matrix Multiplication successfully performed =================== 
terminating matrix workers...
 =========== SUCCESS =============
