 ===== launching single host matrix multiplication program ===== 
 # MPI Groups:12
 # Threads per group:24
 # SIZE:12000
 # G:   640
 ###########################
 ** Launching SynergyWrapper process@2...
 ** Launching SynergyWrapper process@3...
 ** Launching SynergyWrapper process@4...
 ** Launching SynergyWrapper process@5...
 ** Launching SynergyWrapper process@6...
 ** Launching SynergyWrapper process@7...
 ** Launching SynergyWrapper process@8...
 ** Launching SynergyWrapper process@9...
 ** Launching SynergyWrapper process@10...
 ** Launching SynergyWrapper process@11...
 ** Launching SynergyWrapper process@12...
ts: attempting to receive an integer
ts: local tsd is master
Sending part 640[0]
Sending part 1280[1]
Sending part 1920[2]
Sending part 2560[3]
Sending part 3200[4]
Sending part 3840[5]
Sending part 4480[6]
Sending part 5120[7]
Sending part 5760[8]
Sending part 6400[9]
Sending part 7040[10]
Sending part 7680[11]
Sending part 8320[12]
Sending part 8960[13]
Sending part 9600[14]
Sending part 10240[15]
Sending part 10880[16]
Sending part 11520[17]
master: synchronizing
Client[1]: sending back to master
Client[2]: sending back to master
Client[3]: sending back to master
Client[4]: sending back to master
Client[5]: sending back to master
Client[6]: sending back to master
Client[7]: sending back to master
Client[8]: sending back to master
Client[9]: sending back to master
Client[10]: sending back to master
Client[11]: sending back to master
Client[12]: sending back to master
Client[13]: sending back to master
Client[14]: sending back to master
Client[15]: sending back to master
Client[16]: sending back to master
Client[17]: sending back to master
Client[18]: sending back to master
Client[19]: sending back to master
Client[20]: sending back to master
Client[21]: sending back to master
Client[22]: sending back to master
Client[23]: sending back to master
master: collecting remote 640[0]
master: collecting remote 1280[1]
master: collecting remote 1920[2]
master: collecting remote 2560[3]
master: collecting remote 3200[4]
master: collecting remote 3840[5]
master: collecting remote 4480[6]
master: collecting remote 5120[7]
master: collecting remote 5760[8]
master: collecting remote 6400[9]
master: collecting remote 7040[10]
master: collecting remote 7680[11]
master: collecting remote 8320[12]
master: collecting remote 8960[13]
master: collecting remote 9600[14]
master: collecting remote 10240[15]
master: collecting remote 10880[16]
master: collecting remote 11520[17]
 === Time spent: 79.351336 seconds
 ====================== Congradulations! Matrix Multiplication successfully performed =================== 
 ====================== Congradulations! Matrix Multiplication successfully performed =================== 
 ====================== Congradulations! Matrix Multiplication successfully performed =================== 
 ====================== Congradulations! Matrix Multiplication successfully performed =================== 
 ====================== Congradulations! Matrix Multiplication successfully performed =================== 
 ====================== Congradulations! Matrix Multiplication successfully performed =================== 
 ====================== Congradulations! Matrix Multiplication successfully performed =================== 
 ====================== Congradulations! Matrix Multiplication successfully performed =================== 
 ====================== Congradulations! Matrix Multiplication successfully performed =================== 
 ====================== Congradulations! Matrix Multiplication successfully performed =================== 
 ====================== Congradulations! Matrix Multiplication successfully performed =================== 
 ====================== Congradulations! Matrix Multiplication successfully performed =================== 
 ====================== Congradulations! Matrix Multiplication successfully performed =================== 
 ====================== Congradulations! Matrix Multiplication successfully performed =================== 
 ====================== Congradulations! Matrix Multiplication successfully performed =================== 
 ====================== Congradulations! Matrix Multiplication successfully performed =================== 
 ====================== Congradulations! Matrix Multiplication successfully performed =================== 
 ====================== Congradulations! Matrix Multiplication successfully performed =================== 
 ====================== Congradulations! Matrix Multiplication successfully performed =================== 
 ====================== Congradulations! Matrix Multiplication successfully performed =================== 
 ====================== Congradulations! Matrix Multiplication successfully performed =================== 
 ====================== Congradulations! Matrix Multiplication successfully performed =================== 
 ====================== Congradulations! Matrix Multiplication successfully performed =================== 
 ====================== Congradulations! Matrix Multiplication successfully performed =================== 
terminating matrix workers...
 =========== SUCCESS =============
 ===== launching single host matrix multiplication program ===== 
 # MPI Groups:12
 # Threads per group:24
 # SIZE:12000
 # G:   640
 ###########################
 ** Launching SynergyWrapper process@2...
 ** Launching SynergyWrapper process@3...
 ** Launching SynergyWrapper process@4...
 ** Launching SynergyWrapper process@5...
 ** Launching SynergyWrapper process@6...
 ** Launching SynergyWrapper process@7...
 ** Launching SynergyWrapper process@8...
 ** Launching SynergyWrapper process@9...
 ** Launching SynergyWrapper process@10...
 ** Launching SynergyWrapper process@11...
 ** Launching SynergyWrapper process@12...
ts: attempting to receive an integer
ts: local tsd is master
Sending part 640[0]
Sending part 1280[1]
Sending part 1920[2]
Sending part 2560[3]
Sending part 3200[4]
Sending part 3840[5]
Sending part 4480[6]
Sending part 5120[7]
Sending part 5760[8]
Sending part 6400[9]
Sending part 7040[10]
Sending part 7680[11]
Sending part 8320[12]
Sending part 8960[13]
Sending part 9600[14]
Sending part 10240[15]
Sending part 10880[16]
Sending part 11520[17]
master: synchronizing
Client[2]: sending back to master
Client[4]: sending back to master
Client[7]: sending back to master
Client[8]: sending back to master
Client[9]: sending back to master
Client[10]: sending back to master
Client[11]: sending back to master
Client[12]: sending back to master
Client[13]: sending back to master
Client[14]: sending back to master
Client[15]: sending back to master
Client[16]: sending back to master
Client[17]: sending back to master
Client[18]: sending back to master
Client[19]: sending back to master
Client[20]: sending back to master
Client[21]: sending back to master
Client[22]: sending back to master
Client[23]: sending back to master
Client[1]: sending back to master
Client[3]: sending back to master
Client[5]: sending back to master
Client[6]: sending back to master
master: collecting remote 640[0]
master: collecting remote 1280[1]
master: collecting remote 1920[2]
master: collecting remote 2560[3]
master: collecting remote 3200[4]
master: collecting remote 3840[5]
master: collecting remote 4480[6]
master: collecting remote 5120[7]
master: collecting remote 5760[8]
master: collecting remote 6400[9]
master: collecting remote 7040[10]
master: collecting remote 7680[11]
master: collecting remote 8320[12]
master: collecting remote 8960[13]
master: collecting remote 9600[14]
master: collecting remote 10240[15]
master: collecting remote 10880[16]
master: collecting remote 11520[17]
 === Time spent: 79.421985 seconds
 ====================== Congradulations! Matrix Multiplication successfully performed =================== 
 ====================== Congradulations! Matrix Multiplication successfully performed =================== 
 ====================== Congradulations! Matrix Multiplication successfully performed =================== 
 ====================== Congradulations! Matrix Multiplication successfully performed =================== 
 ====================== Congradulations! Matrix Multiplication successfully performed =================== 
 ====================== Congradulations! Matrix Multiplication successfully performed =================== 
 ====================== Congradulations! Matrix Multiplication successfully performed =================== 
 ====================== Congradulations! Matrix Multiplication successfully performed =================== 
 ====================== Congradulations! Matrix Multiplication successfully performed =================== 
 ====================== Congradulations! Matrix Multiplication successfully performed =================== 
 ====================== Congradulations! Matrix Multiplication successfully performed =================== 
 ====================== Congradulations! Matrix Multiplication successfully performed =================== 
 ====================== Congradulations! Matrix Multiplication successfully performed =================== 
 ====================== Congradulations! Matrix Multiplication successfully performed =================== 
 ====================== Congradulations! Matrix Multiplication successfully performed =================== 
 ====================== Congradulations! Matrix Multiplication successfully performed =================== 
 ====================== Congradulations! Matrix Multiplication successfully performed =================== 
 ====================== Congradulations! Matrix Multiplication successfully performed =================== 
 ====================== Congradulations! Matrix Multiplication successfully performed =================== 
 ====================== Congradulations! Matrix Multiplication successfully performed =================== 
 ====================== Congradulations! Matrix Multiplication successfully performed =================== 
 ====================== Congradulations! Matrix Multiplication successfully performed =================== 
 ====================== Congradulations! Matrix Multiplication successfully performed =================== 
 ====================== Congradulations! Matrix Multiplication successfully performed =================== 
terminating matrix workers...
 =========== SUCCESS =============
