 ===== launching single host matrix multiplication program ===== 
 # MPI Groups:12
 # Threads per group:24
 # SIZE:12000
 # G:   710
 ###########################
 ** Launching SynergyWrapper process@2...
 ** Launching SynergyWrapper process@3...
 ** Launching SynergyWrapper process@4...
 ** Launching SynergyWrapper process@5...
 ** Launching SynergyWrapper process@6...
 ** Launching SynergyWrapper process@7...
 ** Launching SynergyWrapper process@8...
 ** Launching SynergyWrapper process@9...
 ** Launching SynergyWrapper process@10...
 ** Launching SynergyWrapper process@11...
 ** Launching SynergyWrapper process@12...
ts: attempting to receive an integer
ts: local tsd is master
Sending part 710[0]
Sending part 1420[1]
Sending part 2130[2]
Sending part 2840[3]
Sending part 3550[4]
Sending part 4260[5]
Sending part 4970[6]
Sending part 5680[7]
Sending part 6390[8]
Sending part 7100[9]
Sending part 7810[10]
Sending part 8520[11]
Sending part 9230[12]
Sending part 9940[13]
Sending part 10650[14]
Sending part 11360[15]
master: synchronizing
Client[1]: sending back to master
Client[2]: sending back to master
Client[3]: sending back to master
Client[4]: sending back to master
Client[6]: sending back to master
Client[7]: sending back to master
Client[8]: sending back to master
Client[9]: sending back to master
Client[10]: sending back to master
Client[11]: sending back to master
Client[12]: sending back to master
Client[13]: sending back to master
Client[14]: sending back to master
Client[15]: sending back to master
Client[16]: sending back to master
Client[17]: sending back to master
Client[18]: sending back to master
Client[19]: sending back to master
Client[20]: sending back to master
Client[21]: sending back to master
Client[22]: sending back to master
Client[23]: sending back to master
Client[5]: sending back to master
master: collecting remote 710[0]
master: collecting remote 1420[1]
master: collecting remote 2130[2]
master: collecting remote 2840[3]
master: collecting remote 3550[4]
master: collecting remote 4260[5]
master: collecting remote 4970[6]
master: collecting remote 5680[7]
master: collecting remote 6390[8]
master: collecting remote 7100[9]
master: collecting remote 7810[10]
master: collecting remote 8520[11]
master: collecting remote 9230[12]
master: collecting remote 9940[13]
master: collecting remote 10650[14]
master: collecting remote 11360[15]
 === Time spent: 80.599903 seconds
 ====================== Congradulations! Matrix Multiplication successfully performed =================== 
 ====================== Congradulations! Matrix Multiplication successfully performed =================== 
 ====================== Congradulations! Matrix Multiplication successfully performed =================== 
 ====================== Congradulations! Matrix Multiplication successfully performed =================== 
 ====================== Congradulations! Matrix Multiplication successfully performed =================== 
 ====================== Congradulations! Matrix Multiplication successfully performed =================== 
 ====================== Congradulations! Matrix Multiplication successfully performed =================== 
 ====================== Congradulations! Matrix Multiplication successfully performed =================== 
 ====================== Congradulations! Matrix Multiplication successfully performed =================== 
 ====================== Congradulations! Matrix Multiplication successfully performed =================== 
 ====================== Congradulations! Matrix Multiplication successfully performed =================== 
 ====================== Congradulations! Matrix Multiplication successfully performed =================== 
 ====================== Congradulations! Matrix Multiplication successfully performed =================== 
 ====================== Congradulations! Matrix Multiplication successfully performed =================== 
 ====================== Congradulations! Matrix Multiplication successfully performed =================== 
 ====================== Congradulations! Matrix Multiplication successfully performed =================== 
 ====================== Congradulations! Matrix Multiplication successfully performed =================== 
 ====================== Congradulations! Matrix Multiplication successfully performed =================== 
 ====================== Congradulations! Matrix Multiplication successfully performed =================== 
 ====================== Congradulations! Matrix Multiplication successfully performed =================== 
 ====================== Congradulations! Matrix Multiplication successfully performed =================== 
 ====================== Congradulations! Matrix Multiplication successfully performed =================== 
 ====================== Congradulations! Matrix Multiplication successfully performed =================== 
 ====================== Congradulations! Matrix Multiplication successfully performed =================== 
terminating matrix workers...
 =========== SUCCESS =============
 ===== launching single host matrix multiplication program ===== 
 # MPI Groups:12
 # Threads per group:24
 # SIZE:12000
 # G:   710
 ###########################
 ** Launching SynergyWrapper process@2...
 ** Launching SynergyWrapper process@3...
 ** Launching SynergyWrapper process@4...
 ** Launching SynergyWrapper process@5...
 ** Launching SynergyWrapper process@6...
 ** Launching SynergyWrapper process@7...
 ** Launching SynergyWrapper process@8...
 ** Launching SynergyWrapper process@9...
 ** Launching SynergyWrapper process@10...
 ** Launching SynergyWrapper process@11...
 ** Launching SynergyWrapper process@12...
ts: attempting to receive an integer
ts: local tsd is master
Sending part 710[0]
Sending part 1420[1]
Sending part 2130[2]
Sending part 2840[3]
Sending part 3550[4]
Sending part 4260[5]
Sending part 4970[6]
Sending part 5680[7]
Sending part 6390[8]
Sending part 7100[9]
Sending part 7810[10]
Sending part 8520[11]
Sending part 9230[12]
Sending part 9940[13]
Sending part 10650[14]
Sending part 11360[15]
master: synchronizing
Client[2]: sending back to master
Client[4]: sending back to master
Client[6]: sending back to master
Client[7]: sending back to master
Client[8]: sending back to master
Client[9]: sending back to master
Client[10]: sending back to master
Client[11]: sending back to master
Client[12]: sending back to master
Client[13]: sending back to master
Client[14]: sending back to master
Client[15]: sending back to master
Client[16]: sending back to master
Client[17]: sending back to master
Client[18]: sending back to master
Client[19]: sending back to master
Client[20]: sending back to master
Client[21]: sending back to master
Client[22]: sending back to master
Client[23]: sending back to master
Client[1]: sending back to master
Client[3]: sending back to master
Client[5]: sending back to master
master: collecting remote 710[0]
master: collecting remote 1420[1]
master: collecting remote 2130[2]
master: collecting remote 2840[3]
master: collecting remote 3550[4]
master: collecting remote 4260[5]
master: collecting remote 4970[6]
master: collecting remote 5680[7]
master: collecting remote 6390[8]
master: collecting remote 7100[9]
master: collecting remote 7810[10]
master: collecting remote 8520[11]
master: collecting remote 9230[12]
master: collecting remote 9940[13]
master: collecting remote 10650[14]
master: collecting remote 11360[15]
 === Time spent: 80.340699 seconds
 ====================== Congradulations! Matrix Multiplication successfully performed =================== 
 ====================== Congradulations! Matrix Multiplication successfully performed =================== 
 ====================== Congradulations! Matrix Multiplication successfully performed =================== 
 ====================== Congradulations! Matrix Multiplication successfully performed =================== 
 ====================== Congradulations! Matrix Multiplication successfully performed =================== 
 ====================== Congradulations! Matrix Multiplication successfully performed =================== 
 ====================== Congradulations! Matrix Multiplication successfully performed =================== 
 ====================== Congradulations! Matrix Multiplication successfully performed =================== 
 ====================== Congradulations! Matrix Multiplication successfully performed =================== 
 ====================== Congradulations! Matrix Multiplication successfully performed =================== 
 ====================== Congradulations! Matrix Multiplication successfully performed =================== 
 ====================== Congradulations! Matrix Multiplication successfully performed =================== 
 ====================== Congradulations! Matrix Multiplication successfully performed =================== 
 ====================== Congradulations! Matrix Multiplication successfully performed =================== 
 ====================== Congradulations! Matrix Multiplication successfully performed =================== 
 ====================== Congradulations! Matrix Multiplication successfully performed =================== 
 ====================== Congradulations! Matrix Multiplication successfully performed =================== 
 ====================== Congradulations! Matrix Multiplication successfully performed =================== 
 ====================== Congradulations! Matrix Multiplication successfully performed =================== 
 ====================== Congradulations! Matrix Multiplication successfully performed =================== 
 ====================== Congradulations! Matrix Multiplication successfully performed =================== 
 ====================== Congradulations! Matrix Multiplication successfully performed =================== 
 ====================== Congradulations! Matrix Multiplication successfully performed =================== 
 ====================== Congradulations! Matrix Multiplication successfully performed =================== 
terminating matrix workers...
 =========== SUCCESS =============
