 ===== launching single host matrix multiplication program ===== 
 # MPI Groups:12
 # Threads per group:24
 # SIZE:9000
 # G:   250
 ###########################
 ** Launching SynergyWrapper process@2...
 ** Launching SynergyWrapper process@3...
 ** Launching SynergyWrapper process@4...
 ** Launching SynergyWrapper process@5...
 ** Launching SynergyWrapper process@6...
 ** Launching SynergyWrapper process@7...
 ** Launching SynergyWrapper process@8...
 ** Launching SynergyWrapper process@9...
 ** Launching SynergyWrapper process@10...
 ** Launching SynergyWrapper process@11...
 ** Launching SynergyWrapper process@12...
ts: attempting to receive an integer
ts: local tsd is master
Sending part 250[0]
Sending part 500[1]
Sending part 750[2]
Sending part 1000[3]
Sending part 1250[4]
Sending part 1500[5]
Sending part 1750[6]
Sending part 2000[7]
Sending part 2250[8]
Sending part 2500[9]
Sending part 2750[10]
Sending part 3000[11]
Sending part 3250[12]
Sending part 3500[13]
Sending part 3750[14]
Sending part 4000[15]
Sending part 4250[16]
Sending part 4500[17]
Sending part 4750[18]
Sending part 5000[19]
Sending part 5250[20]
Sending part 5500[21]
Sending part 5750[22]
Sending part 6000[23]
Sending part 6250[24]
Sending part 6500[25]
Sending part 6750[26]
Sending part 7000[27]
Sending part 7250[28]
Sending part 7500[29]
Sending part 7750[30]
Sending part 8000[31]
Sending part 8250[32]
Sending part 8500[33]
Sending part 8750[34]
master: synchronizing
Client[2]: sending back to master
Client[4]: sending back to master
Client[6]: sending back to master
Client[8]: sending back to master
Client[10]: sending back to master
Client[12]: sending back to master
Client[14]: sending back to master
Client[16]: sending back to master
Client[18]: sending back to master
Client[20]: sending back to master
Client[22]: sending back to master
Client[1]: sending back to master
Client[3]: sending back to master
Client[5]: sending back to master
Client[7]: sending back to master
Client[9]: sending back to master
Client[11]: sending back to master
Client[13]: sending back to master
Client[15]: sending back to master
Client[17]: sending back to master
Client[19]: sending back to master
Client[21]: sending back to master
Client[23]: sending back to master
master: collecting remote 250[0]
master: collecting remote 500[1]
master: collecting remote 750[2]
master: collecting remote 1000[3]
master: collecting remote 1250[4]
master: collecting remote 1500[5]
master: collecting remote 1750[6]
master: collecting remote 2000[7]
master: collecting remote 2250[8]
master: collecting remote 2500[9]
master: collecting remote 2750[10]
master: collecting remote 3000[11]
master: collecting remote 3250[12]
master: collecting remote 3500[13]
master: collecting remote 3750[14]
master: collecting remote 4000[15]
master: collecting remote 4250[16]
master: collecting remote 4500[17]
master: collecting remote 4750[18]
master: collecting remote 5000[19]
master: collecting remote 5250[20]
master: collecting remote 5500[21]
master: collecting remote 5750[22]
master: collecting remote 6000[23]
master: collecting remote 6250[24]
master: collecting remote 6500[25]
master: collecting remote 6750[26]
master: collecting remote 7000[27]
master: collecting remote 7250[28]
master: collecting remote 7500[29]
master: collecting remote 7750[30]
master: collecting remote 8000[31]
master: collecting remote 8250[32]
master: collecting remote 8500[33]
master: collecting remote 8750[34]
 === Time spent: 41.008684 seconds
 ====================== Congradulations! Matrix Multiplication successfully performed =================== 
 ====================== Congradulations! Matrix Multiplication successfully performed =================== 
 ====================== Congradulations! Matrix Multiplication successfully performed =================== 
 ====================== Congradulations! Matrix Multiplication successfully performed =================== 
 ====================== Congradulations! Matrix Multiplication successfully performed =================== 
 ====================== Congradulations! Matrix Multiplication successfully performed =================== 
 ====================== Congradulations! Matrix Multiplication successfully performed =================== 
 ====================== Congradulations! Matrix Multiplication successfully performed =================== 
 ====================== Congradulations! Matrix Multiplication successfully performed =================== 
 ====================== Congradulations! Matrix Multiplication successfully performed =================== 
 ====================== Congradulations! Matrix Multiplication successfully performed =================== 
 ====================== Congradulations! Matrix Multiplication successfully performed =================== 
 ====================== Congradulations! Matrix Multiplication successfully performed =================== 
 ====================== Congradulations! Matrix Multiplication successfully performed =================== 
 ====================== Congradulations! Matrix Multiplication successfully performed =================== 
 ====================== Congradulations! Matrix Multiplication successfully performed =================== 
 ====================== Congradulations! Matrix Multiplication successfully performed =================== 
 ====================== Congradulations! Matrix Multiplication successfully performed =================== 
 ====================== Congradulations! Matrix Multiplication successfully performed =================== 
 ====================== Congradulations! Matrix Multiplication successfully performed =================== 
 ====================== Congradulations! Matrix Multiplication successfully performed =================== 
 ====================== Congradulations! Matrix Multiplication successfully performed =================== 
 ====================== Congradulations! Matrix Multiplication successfully performed =================== 
 ====================== Congradulations! Matrix Multiplication successfully performed =================== 
terminating matrix workers...
 =========== SUCCESS =============
 ===== launching single host matrix multiplication program ===== 
 # MPI Groups:12
 # Threads per group:24
 # SIZE:9000
 # G:   250
 ###########################
 ** Launching SynergyWrapper process@2...
 ** Launching SynergyWrapper process@3...
 ** Launching SynergyWrapper process@4...
 ** Launching SynergyWrapper process@5...
 ** Launching SynergyWrapper process@6...
 ** Launching SynergyWrapper process@7...
 ** Launching SynergyWrapper process@8...
 ** Launching SynergyWrapper process@9...
 ** Launching SynergyWrapper process@10...
 ** Launching SynergyWrapper process@11...
 ** Launching SynergyWrapper process@12...
ts: attempting to receive an integer
ts: local tsd is master
Sending part 250[0]
Sending part 500[1]
Sending part 750[2]
Sending part 1000[3]
Sending part 1250[4]
Sending part 1500[5]
Sending part 1750[6]
Sending part 2000[7]
Sending part 2250[8]
Sending part 2500[9]
Sending part 2750[10]
Sending part 3000[11]
Sending part 3250[12]
Sending part 3500[13]
Sending part 3750[14]
Sending part 4000[15]
Sending part 4250[16]
Sending part 4500[17]
Sending part 4750[18]
Sending part 5000[19]
Sending part 5250[20]
Sending part 5500[21]
Sending part 5750[22]
Sending part 6000[23]
Sending part 6250[24]
Sending part 6500[25]
Sending part 6750[26]
Sending part 7000[27]
Sending part 7250[28]
Sending part 7500[29]
Sending part 7750[30]
Sending part 8000[31]
Sending part 8250[32]
Sending part 8500[33]
Sending part 8750[34]
master: synchronizing
Client[8]: sending back to master
Client[10]: sending back to master
Client[12]: sending back to master
Client[14]: sending back to master
Client[16]: sending back to master
Client[18]: sending back to master
Client[20]: sending back to master
Client[22]: sending back to master
Client[2]: sending back to master
Client[4]: sending back to master
Client[6]: sending back to master
Client[15]: sending back to master
Client[17]: sending back to master
Client[19]: sending back to master
Client[21]: sending back to master
Client[23]: sending back to master
Client[1]: sending back to master
Client[3]: sending back to master
Client[5]: sending back to master
Client[7]: sending back to master
Client[9]: sending back to master
Client[11]: sending back to master
Client[13]: sending back to master
master: collecting remote 250[0]
master: collecting remote 500[1]
master: collecting remote 750[2]
master: collecting remote 1000[3]
master: collecting remote 1250[4]
master: collecting remote 1500[5]
master: collecting remote 1750[6]
master: collecting remote 2000[7]
master: collecting remote 2250[8]
master: collecting remote 2500[9]
master: collecting remote 2750[10]
master: collecting remote 3000[11]
master: collecting remote 3250[12]
master: collecting remote 3500[13]
master: collecting remote 3750[14]
master: collecting remote 4000[15]
master: collecting remote 4250[16]
master: collecting remote 4500[17]
master: collecting remote 4750[18]
master: collecting remote 5000[19]
master: collecting remote 5250[20]
master: collecting remote 5500[21]
master: collecting remote 5750[22]
master: collecting remote 6000[23]
master: collecting remote 6250[24]
master: collecting remote 6500[25]
master: collecting remote 6750[26]
master: collecting remote 7000[27]
master: collecting remote 7250[28]
master: collecting remote 7500[29]
master: collecting remote 7750[30]
master: collecting remote 8000[31]
master: collecting remote 8250[32]
master: collecting remote 8500[33]
master: collecting remote 8750[34]
 === Time spent: 40.898876 seconds
 ====================== Congradulations! Matrix Multiplication successfully performed =================== 
 ====================== Congradulations! Matrix Multiplication successfully performed =================== 
 ====================== Congradulations! Matrix Multiplication successfully performed =================== 
 ====================== Congradulations! Matrix Multiplication successfully performed =================== 
 ====================== Congradulations! Matrix Multiplication successfully performed =================== 
 ====================== Congradulations! Matrix Multiplication successfully performed =================== 
 ====================== Congradulations! Matrix Multiplication successfully performed =================== 
 ====================== Congradulations! Matrix Multiplication successfully performed =================== 
 ====================== Congradulations! Matrix Multiplication successfully performed =================== 
 ====================== Congradulations! Matrix Multiplication successfully performed =================== 
 ====================== Congradulations! Matrix Multiplication successfully performed =================== 
 ====================== Congradulations! Matrix Multiplication successfully performed =================== 
 ====================== Congradulations! Matrix Multiplication successfully performed =================== 
 ====================== Congradulations! Matrix Multiplication successfully performed =================== 
 ====================== Congradulations! Matrix Multiplication successfully performed =================== 
 ====================== Congradulations! Matrix Multiplication successfully performed =================== 
 ====================== Congradulations! Matrix Multiplication successfully performed =================== 
 ====================== Congradulations! Matrix Multiplication successfully performed =================== 
 ====================== Congradulations! Matrix Multiplication successfully performed =================== 
 ====================== Congradulations! Matrix Multiplication successfully performed =================== 
 ====================== Congradulations! Matrix Multiplication successfully performed =================== 
 ====================== Congradulations! Matrix Multiplication successfully performed =================== 
 ====================== Congradulations! Matrix Multiplication successfully performed =================== 
 ====================== Congradulations! Matrix Multiplication successfully performed =================== 
terminating matrix workers...
 =========== SUCCESS =============
