 ===== launching single host matrix multiplication program ===== 
 # MPI Groups:12
 # Threads per group:24
 # SIZE:9000
 # G:   360
 ###########################
 ** Launching SynergyWrapper process@2...
 ** Launching SynergyWrapper process@3...
 ** Launching SynergyWrapper process@4...
 ** Launching SynergyWrapper process@5...
 ** Launching SynergyWrapper process@6...
 ** Launching SynergyWrapper process@7...
 ** Launching SynergyWrapper process@8...
 ** Launching SynergyWrapper process@9...
 ** Launching SynergyWrapper process@10...
 ** Launching SynergyWrapper process@11...
 ** Launching SynergyWrapper process@12...
ts: attempting to receive an integer
ts: local tsd is master
Sending part 360[0]
Sending part 720[1]
Sending part 1080[2]
Sending part 1440[3]
Sending part 1800[4]
Sending part 2160[5]
Sending part 2520[6]
Sending part 2880[7]
Sending part 3240[8]
Sending part 3600[9]
Sending part 3960[10]
Sending part 4320[11]
Sending part 4680[12]
Sending part 5040[13]
Sending part 5400[14]
Sending part 5760[15]
Sending part 6120[16]
Sending part 6480[17]
Sending part 6840[18]
Sending part 7200[19]
Sending part 7560[20]
Sending part 7920[21]
Sending part 8280[22]
Sending part 8640[23]
master: synchronizing
Client[1]: sending back to master
Client[3]: sending back to master
Client[5]: sending back to master
Client[7]: sending back to master
Client[9]: sending back to master
Client[11]: sending back to master
Client[13]: sending back to master
Client[15]: sending back to master
Client[17]: sending back to master
Client[19]: sending back to master
Client[21]: sending back to master
Client[23]: sending back to master
Client[2]: sending back to master
Client[4]: sending back to master
Client[6]: sending back to master
Client[8]: sending back to master
Client[10]: sending back to master
Client[12]: sending back to master
Client[14]: sending back to master
Client[16]: sending back to master
Client[18]: sending back to master
Client[20]: sending back to master
Client[22]: sending back to master
master: collecting remote 360[0]
master: collecting remote 720[1]
master: collecting remote 1080[2]
master: collecting remote 1440[3]
master: collecting remote 1800[4]
master: collecting remote 2160[5]
master: collecting remote 2520[6]
master: collecting remote 2880[7]
master: collecting remote 3240[8]
master: collecting remote 3600[9]
master: collecting remote 3960[10]
master: collecting remote 4320[11]
master: collecting remote 4680[12]
master: collecting remote 5040[13]
master: collecting remote 5400[14]
master: collecting remote 5760[15]
master: collecting remote 6120[16]
master: collecting remote 6480[17]
master: collecting remote 6840[18]
master: collecting remote 7200[19]
master: collecting remote 7560[20]
master: collecting remote 7920[21]
master: collecting remote 8280[22]
master: collecting remote 8640[23]
 === Time spent: 27.477164 seconds
 ====================== Congradulations! Matrix Multiplication successfully performed =================== 
 ====================== Congradulations! Matrix Multiplication successfully performed =================== 
 ====================== Congradulations! Matrix Multiplication successfully performed =================== 
 ====================== Congradulations! Matrix Multiplication successfully performed =================== 
 ====================== Congradulations! Matrix Multiplication successfully performed =================== 
 ====================== Congradulations! Matrix Multiplication successfully performed =================== 
 ====================== Congradulations! Matrix Multiplication successfully performed =================== 
 ====================== Congradulations! Matrix Multiplication successfully performed =================== 
 ====================== Congradulations! Matrix Multiplication successfully performed =================== 
 ====================== Congradulations! Matrix Multiplication successfully performed =================== 
 ====================== Congradulations! Matrix Multiplication successfully performed =================== 
 ====================== Congradulations! Matrix Multiplication successfully performed =================== 
 ====================== Congradulations! Matrix Multiplication successfully performed =================== 
 ====================== Congradulations! Matrix Multiplication successfully performed =================== 
 ====================== Congradulations! Matrix Multiplication successfully performed =================== 
 ====================== Congradulations! Matrix Multiplication successfully performed =================== 
 ====================== Congradulations! Matrix Multiplication successfully performed =================== 
 ====================== Congradulations! Matrix Multiplication successfully performed =================== 
 ====================== Congradulations! Matrix Multiplication successfully performed =================== 
 ====================== Congradulations! Matrix Multiplication successfully performed =================== 
 ====================== Congradulations! Matrix Multiplication successfully performed =================== 
 ====================== Congradulations! Matrix Multiplication successfully performed =================== 
 ====================== Congradulations! Matrix Multiplication successfully performed =================== 
 ====================== Congradulations! Matrix Multiplication successfully performed =================== 
terminating matrix workers...
 =========== SUCCESS =============
 ===== launching single host matrix multiplication program ===== 
 # MPI Groups:12
 # Threads per group:24
 # SIZE:9000
 # G:   360
 ###########################
 ** Launching SynergyWrapper process@2...
 ** Launching SynergyWrapper process@3...
 ** Launching SynergyWrapper process@4...
 ** Launching SynergyWrapper process@5...
 ** Launching SynergyWrapper process@6...
 ** Launching SynergyWrapper process@7...
 ** Launching SynergyWrapper process@8...
 ** Launching SynergyWrapper process@9...
 ** Launching SynergyWrapper process@10...
 ** Launching SynergyWrapper process@11...
 ** Launching SynergyWrapper process@12...
ts: attempting to receive an integer
ts: local tsd is master
Sending part 360[0]
Sending part 720[1]
Sending part 1080[2]
Sending part 1440[3]
Sending part 1800[4]
Sending part 2160[5]
Sending part 2520[6]
Sending part 2880[7]
Sending part 3240[8]
Sending part 3600[9]
Sending part 3960[10]
Sending part 4320[11]
Sending part 4680[12]
Sending part 5040[13]
Sending part 5400[14]
Sending part 5760[15]
Sending part 6120[16]
Sending part 6480[17]
Sending part 6840[18]
Sending part 7200[19]
Sending part 7560[20]
Sending part 7920[21]
Sending part 8280[22]
Sending part 8640[23]
master: synchronizing
Client[1]: sending back to master
Client[2]: sending back to master
Client[3]: sending back to master
Client[4]: sending back to master
Client[5]: sending back to master
Client[6]: sending back to master
Client[7]: sending back to master
Client[8]: sending back to master
Client[9]: sending back to master
Client[10]: sending back to master
Client[11]: sending back to master
Client[12]: sending back to master
Client[13]: sending back to master
Client[14]: sending back to master
Client[15]: sending back to master
Client[16]: sending back to master
Client[17]: sending back to master
Client[18]: sending back to master
Client[19]: sending back to master
Client[20]: sending back to master
Client[21]: sending back to master
Client[22]: sending back to master
Client[23]: sending back to master
master: collecting remote 360[0]
master: collecting remote 720[1]
master: collecting remote 1080[2]
master: collecting remote 1440[3]
master: collecting remote 1800[4]
master: collecting remote 2160[5]
master: collecting remote 2520[6]
master: collecting remote 2880[7]
master: collecting remote 3240[8]
master: collecting remote 3600[9]
master: collecting remote 3960[10]
master: collecting remote 4320[11]
master: collecting remote 4680[12]
master: collecting remote 5040[13]
master: collecting remote 5400[14]
master: collecting remote 5760[15]
master: collecting remote 6120[16]
master: collecting remote 6480[17]
master: collecting remote 6840[18]
master: collecting remote 7200[19]
master: collecting remote 7560[20]
master: collecting remote 7920[21]
master: collecting remote 8280[22]
master: collecting remote 8640[23]
 === Time spent: 26.604146 seconds
 ====================== Congradulations! Matrix Multiplication successfully performed =================== 
 ====================== Congradulations! Matrix Multiplication successfully performed =================== 
 ====================== Congradulations! Matrix Multiplication successfully performed =================== 
 ====================== Congradulations! Matrix Multiplication successfully performed =================== 
 ====================== Congradulations! Matrix Multiplication successfully performed =================== 
 ====================== Congradulations! Matrix Multiplication successfully performed =================== 
 ====================== Congradulations! Matrix Multiplication successfully performed =================== 
 ====================== Congradulations! Matrix Multiplication successfully performed =================== 
 ====================== Congradulations! Matrix Multiplication successfully performed =================== 
 ====================== Congradulations! Matrix Multiplication successfully performed =================== 
 ====================== Congradulations! Matrix Multiplication successfully performed =================== 
 ====================== Congradulations! Matrix Multiplication successfully performed =================== 
 ====================== Congradulations! Matrix Multiplication successfully performed =================== 
 ====================== Congradulations! Matrix Multiplication successfully performed =================== 
 ====================== Congradulations! Matrix Multiplication successfully performed =================== 
 ====================== Congradulations! Matrix Multiplication successfully performed =================== 
 ====================== Congradulations! Matrix Multiplication successfully performed =================== 
 ====================== Congradulations! Matrix Multiplication successfully performed =================== 
 ====================== Congradulations! Matrix Multiplication successfully performed =================== 
 ====================== Congradulations! Matrix Multiplication successfully performed =================== 
 ====================== Congradulations! Matrix Multiplication successfully performed =================== 
 ====================== Congradulations! Matrix Multiplication successfully performed =================== 
 ====================== Congradulations! Matrix Multiplication successfully performed =================== 
 ====================== Congradulations! Matrix Multiplication successfully performed =================== 
terminating matrix workers...
 =========== SUCCESS =============
