 ===== launching single host matrix multiplication program ===== 
 # MPI Groups:8
 # Threads per group:24
 # SIZE:6000
 # G:   290
 ###########################
 ** Launching SynergyWrapper process@2...
 ** Launching SynergyWrapper process@3...
 ** Launching SynergyWrapper process@4...
 ** Launching SynergyWrapper process@5...
 ** Launching SynergyWrapper process@6...
 ** Launching SynergyWrapper process@7...
 ** Launching SynergyWrapper process@8...
ts: attempting to receive an integer
ts: local tsd is master
Sending part 290[0]
Sending part 580[1]
Sending part 870[2]
Sending part 1160[3]
Sending part 1450[4]
Sending part 1740[5]
Sending part 2030[6]
Sending part 2320[7]
Sending part 2610[8]
Sending part 2900[9]
Sending part 3190[10]
Sending part 3480[11]
Sending part 3770[12]
Sending part 4060[13]
Sending part 4350[14]
Sending part 4640[15]
Sending part 4930[16]
Sending part 5220[17]
Sending part 5510[18]
Sending part 5800[19]
master: synchronizing
Client[2]: sending back to master
Client[4]: sending back to master
Client[6]: sending back to master
Client[8]: sending back to master
Client[9]: sending back to master
Client[10]: sending back to master
Client[11]: sending back to master
Client[12]: sending back to master
Client[13]: sending back to master
Client[14]: sending back to master
Client[15]: sending back to master
Client[16]: sending back to master
Client[17]: sending back to master
Client[18]: sending back to master
Client[19]: sending back to master
Client[20]: sending back to master
Client[21]: sending back to master
Client[22]: sending back to master
Client[23]: sending back to master
Client[1]: sending back to master
Client[3]: sending back to master
Client[5]: sending back to master
Client[7]: sending back to master
master: collecting remote 290[0]
master: collecting remote 580[1]
master: collecting remote 870[2]
master: collecting remote 1160[3]
master: collecting remote 1450[4]
master: collecting remote 1740[5]
master: collecting remote 2030[6]
master: collecting remote 2320[7]
master: collecting remote 2610[8]
master: collecting remote 2900[9]
master: collecting remote 3190[10]
master: collecting remote 3480[11]
master: collecting remote 3770[12]
master: collecting remote 4060[13]
master: collecting remote 4350[14]
master: collecting remote 4640[15]
master: collecting remote 4930[16]
master: collecting remote 5220[17]
master: collecting remote 5510[18]
master: collecting remote 5800[19]
 === Time spent: 11.160366 seconds
 ====================== Congradulations! Matrix Multiplication successfully performed =================== 
 ====================== Congradulations! Matrix Multiplication successfully performed =================== 
 ====================== Congradulations! Matrix Multiplication successfully performed =================== 
 ====================== Congradulations! Matrix Multiplication successfully performed =================== 
 ====================== Congradulations! Matrix Multiplication successfully performed =================== 
 ====================== Congradulations! Matrix Multiplication successfully performed =================== 
 ====================== Congradulations! Matrix Multiplication successfully performed =================== 
 ====================== Congradulations! Matrix Multiplication successfully performed =================== 
 ====================== Congradulations! Matrix Multiplication successfully performed =================== 
 ====================== Congradulations! Matrix Multiplication successfully performed =================== 
 ====================== Congradulations! Matrix Multiplication successfully performed =================== 
 ====================== Congradulations! Matrix Multiplication successfully performed =================== 
 ====================== Congradulations! Matrix Multiplication successfully performed =================== 
 ====================== Congradulations! Matrix Multiplication successfully performed =================== 
 ====================== Congradulations! Matrix Multiplication successfully performed =================== 
 ====================== Congradulations! Matrix Multiplication successfully performed =================== 
 ====================== Congradulations! Matrix Multiplication successfully performed =================== 
 ====================== Congradulations! Matrix Multiplication successfully performed =================== 
 ====================== Congradulations! Matrix Multiplication successfully performed =================== 
 ====================== Congradulations! Matrix Multiplication successfully performed =================== 
 ====================== Congradulations! Matrix Multiplication successfully performed =================== 
 ====================== Congradulations! Matrix Multiplication successfully performed =================== 
 ====================== Congradulations! Matrix Multiplication successfully performed =================== 
 ====================== Congradulations! Matrix Multiplication successfully performed =================== 
terminating matrix workers...
 =========== SUCCESS =============
 ===== launching single host matrix multiplication program ===== 
 # MPI Groups:8
 # Threads per group:24
 # SIZE:6000
 # G:   290
 ###########################
 ** Launching SynergyWrapper process@2...
 ** Launching SynergyWrapper process@3...
 ** Launching SynergyWrapper process@4...
 ** Launching SynergyWrapper process@5...
 ** Launching SynergyWrapper process@6...
 ** Launching SynergyWrapper process@7...
 ** Launching SynergyWrapper process@8...
ts: attempting to receive an integer
ts: local tsd is master
Sending part 290[0]
Sending part 580[1]
Sending part 870[2]
Sending part 1160[3]
Sending part 1450[4]
Sending part 1740[5]
Sending part 2030[6]
Sending part 2320[7]
Sending part 2610[8]
Sending part 2900[9]
Sending part 3190[10]
Sending part 3480[11]
Sending part 3770[12]
Sending part 4060[13]
Sending part 4350[14]
Sending part 4640[15]
Sending part 4930[16]
Sending part 5220[17]
Sending part 5510[18]
Sending part 5800[19]
master: synchronizing
Client[2]: sending back to master
Client[3]: sending back to master
Client[4]: sending back to master
Client[5]: sending back to master
Client[6]: sending back to master
Client[7]: sending back to master
Client[8]: sending back to master
Client[9]: sending back to master
Client[10]: sending back to master
Client[11]: sending back to master
Client[12]: sending back to master
Client[13]: sending back to master
Client[14]: sending back to master
Client[15]: sending back to master
Client[16]: sending back to master
Client[17]: sending back to master
Client[18]: sending back to master
Client[19]: sending back to master
Client[20]: sending back to master
Client[21]: sending back to master
Client[22]: sending back to master
Client[23]: sending back to master
Client[1]: sending back to master
master: collecting remote 290[0]
master: collecting remote 580[1]
master: collecting remote 870[2]
master: collecting remote 1160[3]
master: collecting remote 1450[4]
master: collecting remote 1740[5]
master: collecting remote 2030[6]
master: collecting remote 2320[7]
master: collecting remote 2610[8]
master: collecting remote 2900[9]
master: collecting remote 3190[10]
master: collecting remote 3480[11]
master: collecting remote 3770[12]
master: collecting remote 4060[13]
master: collecting remote 4350[14]
master: collecting remote 4640[15]
master: collecting remote 4930[16]
master: collecting remote 5220[17]
master: collecting remote 5510[18]
master: collecting remote 5800[19]
 === Time spent: 11.183573 seconds
 ====================== Congradulations! Matrix Multiplication successfully performed =================== 
 ====================== Congradulations! Matrix Multiplication successfully performed =================== 
 ====================== Congradulations! Matrix Multiplication successfully performed =================== 
 ====================== Congradulations! Matrix Multiplication successfully performed =================== 
 ====================== Congradulations! Matrix Multiplication successfully performed =================== 
 ====================== Congradulations! Matrix Multiplication successfully performed =================== 
 ====================== Congradulations! Matrix Multiplication successfully performed =================== 
 ====================== Congradulations! Matrix Multiplication successfully performed =================== 
 ====================== Congradulations! Matrix Multiplication successfully performed =================== 
 ====================== Congradulations! Matrix Multiplication successfully performed =================== 
 ====================== Congradulations! Matrix Multiplication successfully performed =================== 
 ====================== Congradulations! Matrix Multiplication successfully performed =================== 
 ====================== Congradulations! Matrix Multiplication successfully performed =================== 
 ====================== Congradulations! Matrix Multiplication successfully performed =================== 
 ====================== Congradulations! Matrix Multiplication successfully performed =================== 
 ====================== Congradulations! Matrix Multiplication successfully performed =================== 
 ====================== Congradulations! Matrix Multiplication successfully performed =================== 
 ====================== Congradulations! Matrix Multiplication successfully performed =================== 
 ====================== Congradulations! Matrix Multiplication successfully performed =================== 
 ====================== Congradulations! Matrix Multiplication successfully performed =================== 
 ====================== Congradulations! Matrix Multiplication successfully performed =================== 
 ====================== Congradulations! Matrix Multiplication successfully performed =================== 
 ====================== Congradulations! Matrix Multiplication successfully performed =================== 
 ====================== Congradulations! Matrix Multiplication successfully performed =================== 
terminating matrix workers...
 =========== SUCCESS =============
 ===== launching single host matrix multiplication program ===== 
 # MPI Groups:8
 # Threads per group:24
 # SIZE:6000
 # G:   290
 ###########################
 ** Launching SynergyWrapper process@2...
 ** Launching SynergyWrapper process@3...
 ** Launching SynergyWrapper process@4...
 ** Launching SynergyWrapper process@5...
 ** Launching SynergyWrapper process@6...
 ** Launching SynergyWrapper process@7...
 ** Launching SynergyWrapper process@8...
ts: attempting to receive an integer
ts: local tsd is master
Sending part 290[0]
Sending part 580[1]
Sending part 870[2]
Sending part 1160[3]
Sending part 1450[4]
Sending part 1740[5]
Sending part 2030[6]
Sending part 2320[7]
Sending part 2610[8]
Sending part 2900[9]
Sending part 3190[10]
Sending part 3480[11]
Sending part 3770[12]
Sending part 4060[13]
Sending part 4350[14]
Sending part 4640[15]
Sending part 4930[16]
Sending part 5220[17]
Sending part 5510[18]
Sending part 5800[19]
master: synchronizing
Client[2]: sending back to master
Client[4]: sending back to master
Client[6]: sending back to master
Client[8]: sending back to master
Client[10]: sending back to master
Client[11]: sending back to master
Client[12]: sending back to master
Client[13]: sending back to master
Client[14]: sending back to master
Client[15]: sending back to master
Client[16]: sending back to master
Client[17]: sending back to master
Client[18]: sending back to master
Client[19]: sending back to master
Client[20]: sending back to master
Client[21]: sending back to master
Client[22]: sending back to master
Client[23]: sending back to master
Client[1]: sending back to master
Client[3]: sending back to master
Client[5]: sending back to master
Client[7]: sending back to master
Client[9]: sending back to master
master: collecting remote 290[0]
master: collecting remote 580[1]
master: collecting remote 870[2]
master: collecting remote 1160[3]
master: collecting remote 1450[4]
master: collecting remote 1740[5]
master: collecting remote 2030[6]
master: collecting remote 2320[7]
master: collecting remote 2610[8]
master: collecting remote 2900[9]
master: collecting remote 3190[10]
master: collecting remote 3480[11]
master: collecting remote 3770[12]
master: collecting remote 4060[13]
master: collecting remote 4350[14]
master: collecting remote 4640[15]
master: collecting remote 4930[16]
master: collecting remote 5220[17]
master: collecting remote 5510[18]
master: collecting remote 5800[19]
 === Time spent: 11.130764 seconds
 ====================== Congradulations! Matrix Multiplication successfully performed =================== 
 ====================== Congradulations! Matrix Multiplication successfully performed =================== 
 ====================== Congradulations! Matrix Multiplication successfully performed =================== 
 ====================== Congradulations! Matrix Multiplication successfully performed =================== 
 ====================== Congradulations! Matrix Multiplication successfully performed =================== 
 ====================== Congradulations! Matrix Multiplication successfully performed =================== 
 ====================== Congradulations! Matrix Multiplication successfully performed =================== 
 ====================== Congradulations! Matrix Multiplication successfully performed =================== 
 ====================== Congradulations! Matrix Multiplication successfully performed =================== 
 ====================== Congradulations! Matrix Multiplication successfully performed =================== 
 ====================== Congradulations! Matrix Multiplication successfully performed =================== 
 ====================== Congradulations! Matrix Multiplication successfully performed =================== 
 ====================== Congradulations! Matrix Multiplication successfully performed =================== 
 ====================== Congradulations! Matrix Multiplication successfully performed =================== 
 ====================== Congradulations! Matrix Multiplication successfully performed =================== 
 ====================== Congradulations! Matrix Multiplication successfully performed =================== 
 ====================== Congradulations! Matrix Multiplication successfully performed =================== 
 ====================== Congradulations! Matrix Multiplication successfully performed =================== 
 ====================== Congradulations! Matrix Multiplication successfully performed =================== 
 ====================== Congradulations! Matrix Multiplication successfully performed =================== 
 ====================== Congradulations! Matrix Multiplication successfully performed =================== 
 ====================== Congradulations! Matrix Multiplication successfully performed =================== 
 ====================== Congradulations! Matrix Multiplication successfully performed =================== 
 ====================== Congradulations! Matrix Multiplication successfully performed =================== 
terminating matrix workers...
 =========== SUCCESS =============
