 ===== launching single host matrix multiplication program ===== 
 # MPI Groups:8
 # Threads per group:24
 # SIZE:7000
 # G:   270
 ###########################
 ** Launching SynergyWrapper process@2...
 ** Launching SynergyWrapper process@3...
 ** Launching SynergyWrapper process@4...
 ** Launching SynergyWrapper process@5...
 ** Launching SynergyWrapper process@6...
 ** Launching SynergyWrapper process@7...
 ** Launching SynergyWrapper process@8...
ts: attempting to receive an integer
ts: local tsd is master
Sending part 270[0]
Sending part 540[1]
Sending part 810[2]
Sending part 1080[3]
Sending part 1350[4]
Sending part 1620[5]
Sending part 1890[6]
Sending part 2160[7]
Sending part 2430[8]
Sending part 2700[9]
Sending part 2970[10]
Sending part 3240[11]
Sending part 3510[12]
Sending part 3780[13]
Sending part 4050[14]
Sending part 4320[15]
Sending part 4590[16]
Sending part 4860[17]
Sending part 5130[18]
Sending part 5400[19]
Sending part 5670[20]
Sending part 5940[21]
Sending part 6210[22]
Sending part 6480[23]
Sending part 6750[24]
master: synchronizing
Client[2]: sending back to master
Client[4]: sending back to master
Client[6]: sending back to master
Client[7]: sending back to master
Client[8]: sending back to master
Client[10]: sending back to master
Client[11]: sending back to master
Client[12]: sending back to master
Client[13]: sending back to master
Client[14]: sending back to master
Client[15]: sending back to master
Client[16]: sending back to master
Client[17]: sending back to master
Client[18]: sending back to master
Client[19]: sending back to master
Client[20]: sending back to master
Client[21]: sending back to master
Client[22]: sending back to master
Client[23]: sending back to master
Client[1]: sending back to master
Client[3]: sending back to master
Client[5]: sending back to master
Client[9]: sending back to master
master: collecting remote 270[0]
master: collecting remote 540[1]
master: collecting remote 810[2]
master: collecting remote 1080[3]
master: collecting remote 1350[4]
master: collecting remote 1620[5]
master: collecting remote 1890[6]
master: collecting remote 2160[7]
master: collecting remote 2430[8]
master: collecting remote 2700[9]
master: collecting remote 2970[10]
master: collecting remote 3240[11]
master: collecting remote 3510[12]
master: collecting remote 3780[13]
master: collecting remote 4050[14]
master: collecting remote 4320[15]
master: collecting remote 4590[16]
master: collecting remote 4860[17]
master: collecting remote 5130[18]
master: collecting remote 5400[19]
master: collecting remote 5670[20]
master: collecting remote 5940[21]
master: collecting remote 6210[22]
master: collecting remote 6480[23]
master: collecting remote 6750[24]
 === Time spent: 21.962438 seconds
 ====================== Congradulations! Matrix Multiplication successfully performed =================== 
 ====================== Congradulations! Matrix Multiplication successfully performed =================== 
 ====================== Congradulations! Matrix Multiplication successfully performed =================== 
 ====================== Congradulations! Matrix Multiplication successfully performed =================== 
 ====================== Congradulations! Matrix Multiplication successfully performed =================== 
 ====================== Congradulations! Matrix Multiplication successfully performed =================== 
 ====================== Congradulations! Matrix Multiplication successfully performed =================== 
 ====================== Congradulations! Matrix Multiplication successfully performed =================== 
 ====================== Congradulations! Matrix Multiplication successfully performed =================== 
 ====================== Congradulations! Matrix Multiplication successfully performed =================== 
 ====================== Congradulations! Matrix Multiplication successfully performed =================== 
 ====================== Congradulations! Matrix Multiplication successfully performed =================== 
 ====================== Congradulations! Matrix Multiplication successfully performed =================== 
 ====================== Congradulations! Matrix Multiplication successfully performed =================== 
 ====================== Congradulations! Matrix Multiplication successfully performed =================== 
 ====================== Congradulations! Matrix Multiplication successfully performed =================== 
 ====================== Congradulations! Matrix Multiplication successfully performed =================== 
 ====================== Congradulations! Matrix Multiplication successfully performed =================== 
 ====================== Congradulations! Matrix Multiplication successfully performed =================== 
 ====================== Congradulations! Matrix Multiplication successfully performed =================== 
 ====================== Congradulations! Matrix Multiplication successfully performed =================== 
 ====================== Congradulations! Matrix Multiplication successfully performed =================== 
 ====================== Congradulations! Matrix Multiplication successfully performed =================== 
 ====================== Congradulations! Matrix Multiplication successfully performed =================== 
terminating matrix workers...
 =========== SUCCESS =============
 ===== launching single host matrix multiplication program ===== 
 # MPI Groups:8
 # Threads per group:24
 # SIZE:7000
 # G:   270
 ###########################
 ** Launching SynergyWrapper process@2...
 ** Launching SynergyWrapper process@3...
 ** Launching SynergyWrapper process@4...
 ** Launching SynergyWrapper process@5...
 ** Launching SynergyWrapper process@6...
 ** Launching SynergyWrapper process@7...
 ** Launching SynergyWrapper process@8...
ts: attempting to receive an integer
ts: local tsd is master
Sending part 270[0]
Sending part 540[1]
Sending part 810[2]
Sending part 1080[3]
Sending part 1350[4]
Sending part 1620[5]
Sending part 1890[6]
Sending part 2160[7]
Sending part 2430[8]
Sending part 2700[9]
Sending part 2970[10]
Sending part 3240[11]
Sending part 3510[12]
Sending part 3780[13]
Sending part 4050[14]
Sending part 4320[15]
Sending part 4590[16]
Sending part 4860[17]
Sending part 5130[18]
Sending part 5400[19]
Sending part 5670[20]
Sending part 5940[21]
Sending part 6210[22]
Sending part 6480[23]
Sending part 6750[24]
master: synchronizing
Client[2]: sending back to master
Client[4]: sending back to master
Client[6]: sending back to master
Client[7]: sending back to master
Client[8]: sending back to master
Client[9]: sending back to master
Client[10]: sending back to master
Client[11]: sending back to master
Client[12]: sending back to master
Client[13]: sending back to master
Client[14]: sending back to master
Client[15]: sending back to master
Client[16]: sending back to master
Client[17]: sending back to master
Client[18]: sending back to master
Client[19]: sending back to master
Client[20]: sending back to master
Client[21]: sending back to master
Client[22]: sending back to master
Client[23]: sending back to master
Client[1]: sending back to master
Client[3]: sending back to master
Client[5]: sending back to master
master: collecting remote 270[0]
master: collecting remote 540[1]
master: collecting remote 810[2]
master: collecting remote 1080[3]
master: collecting remote 1350[4]
master: collecting remote 1620[5]
master: collecting remote 1890[6]
master: collecting remote 2160[7]
master: collecting remote 2430[8]
master: collecting remote 2700[9]
master: collecting remote 2970[10]
master: collecting remote 3240[11]
master: collecting remote 3510[12]
master: collecting remote 3780[13]
master: collecting remote 4050[14]
master: collecting remote 4320[15]
master: collecting remote 4590[16]
master: collecting remote 4860[17]
master: collecting remote 5130[18]
master: collecting remote 5400[19]
master: collecting remote 5670[20]
master: collecting remote 5940[21]
master: collecting remote 6210[22]
master: collecting remote 6480[23]
master: collecting remote 6750[24]
 === Time spent: 21.800170 seconds
 ====================== Congradulations! Matrix Multiplication successfully performed =================== 
 ====================== Congradulations! Matrix Multiplication successfully performed =================== 
 ====================== Congradulations! Matrix Multiplication successfully performed =================== 
 ====================== Congradulations! Matrix Multiplication successfully performed =================== 
 ====================== Congradulations! Matrix Multiplication successfully performed =================== 
 ====================== Congradulations! Matrix Multiplication successfully performed =================== 
 ====================== Congradulations! Matrix Multiplication successfully performed =================== 
 ====================== Congradulations! Matrix Multiplication successfully performed =================== 
 ====================== Congradulations! Matrix Multiplication successfully performed =================== 
 ====================== Congradulations! Matrix Multiplication successfully performed =================== 
 ====================== Congradulations! Matrix Multiplication successfully performed =================== 
 ====================== Congradulations! Matrix Multiplication successfully performed =================== 
 ====================== Congradulations! Matrix Multiplication successfully performed =================== 
 ====================== Congradulations! Matrix Multiplication successfully performed =================== 
 ====================== Congradulations! Matrix Multiplication successfully performed =================== 
 ====================== Congradulations! Matrix Multiplication successfully performed =================== 
 ====================== Congradulations! Matrix Multiplication successfully performed =================== 
 ====================== Congradulations! Matrix Multiplication successfully performed =================== 
 ====================== Congradulations! Matrix Multiplication successfully performed =================== 
 ====================== Congradulations! Matrix Multiplication successfully performed =================== 
 ====================== Congradulations! Matrix Multiplication successfully performed =================== 
 ====================== Congradulations! Matrix Multiplication successfully performed =================== 
 ====================== Congradulations! Matrix Multiplication successfully performed =================== 
 ====================== Congradulations! Matrix Multiplication successfully performed =================== 
terminating matrix workers...
 =========== SUCCESS =============
 ===== launching single host matrix multiplication program ===== 
 # MPI Groups:8
 # Threads per group:24
 # SIZE:7000
 # G:   270
 ###########################
 ** Launching SynergyWrapper process@2...
 ** Launching SynergyWrapper process@3...
 ** Launching SynergyWrapper process@4...
 ** Launching SynergyWrapper process@5...
 ** Launching SynergyWrapper process@6...
 ** Launching SynergyWrapper process@7...
 ** Launching SynergyWrapper process@8...
ts: attempting to receive an integer
ts: local tsd is master
Sending part 270[0]
Sending part 540[1]
Sending part 810[2]
Sending part 1080[3]
Sending part 1350[4]
Sending part 1620[5]
Sending part 1890[6]
Sending part 2160[7]
Sending part 2430[8]
Sending part 2700[9]
Sending part 2970[10]
Sending part 3240[11]
Sending part 3510[12]
Sending part 3780[13]
Sending part 4050[14]
Sending part 4320[15]
Sending part 4590[16]
Sending part 4860[17]
Sending part 5130[18]
Sending part 5400[19]
Sending part 5670[20]
Sending part 5940[21]
Sending part 6210[22]
Sending part 6480[23]
Sending part 6750[24]
master: synchronizing
Client[1]: sending back to master
Client[2]: sending back to master
Client[3]: sending back to master
Client[4]: sending back to master
Client[5]: sending back to master
Client[6]: sending back to master
Client[7]: sending back to master
Client[8]: sending back to master
Client[9]: sending back to master
Client[10]: sending back to master
Client[11]: sending back to master
Client[12]: sending back to master
Client[13]: sending back to master
Client[14]: sending back to master
Client[15]: sending back to master
Client[16]: sending back to master
Client[17]: sending back to master
Client[18]: sending back to master
Client[19]: sending back to master
Client[20]: sending back to master
Client[21]: sending back to master
Client[22]: sending back to master
Client[23]: sending back to master
master: collecting remote 270[0]
master: collecting remote 540[1]
master: collecting remote 810[2]
master: collecting remote 1080[3]
master: collecting remote 1350[4]
master: collecting remote 1620[5]
master: collecting remote 1890[6]
master: collecting remote 2160[7]
master: collecting remote 2430[8]
master: collecting remote 2700[9]
master: collecting remote 2970[10]
master: collecting remote 3240[11]
master: collecting remote 3510[12]
master: collecting remote 3780[13]
master: collecting remote 4050[14]
master: collecting remote 4320[15]
master: collecting remote 4590[16]
master: collecting remote 4860[17]
master: collecting remote 5130[18]
master: collecting remote 5400[19]
master: collecting remote 5670[20]
master: collecting remote 5940[21]
master: collecting remote 6210[22]
master: collecting remote 6480[23]
master: collecting remote 6750[24]
 === Time spent: 21.659331 seconds
 ====================== Congradulations! Matrix Multiplication successfully performed =================== 
 ====================== Congradulations! Matrix Multiplication successfully performed =================== 
 ====================== Congradulations! Matrix Multiplication successfully performed =================== 
 ====================== Congradulations! Matrix Multiplication successfully performed =================== 
 ====================== Congradulations! Matrix Multiplication successfully performed =================== 
 ====================== Congradulations! Matrix Multiplication successfully performed =================== 
 ====================== Congradulations! Matrix Multiplication successfully performed =================== 
 ====================== Congradulations! Matrix Multiplication successfully performed =================== 
 ====================== Congradulations! Matrix Multiplication successfully performed =================== 
 ====================== Congradulations! Matrix Multiplication successfully performed =================== 
 ====================== Congradulations! Matrix Multiplication successfully performed =================== 
 ====================== Congradulations! Matrix Multiplication successfully performed =================== 
 ====================== Congradulations! Matrix Multiplication successfully performed =================== 
 ====================== Congradulations! Matrix Multiplication successfully performed =================== 
 ====================== Congradulations! Matrix Multiplication successfully performed =================== 
 ====================== Congradulations! Matrix Multiplication successfully performed =================== 
 ====================== Congradulations! Matrix Multiplication successfully performed =================== 
 ====================== Congradulations! Matrix Multiplication successfully performed =================== 
 ====================== Congradulations! Matrix Multiplication successfully performed =================== 
 ====================== Congradulations! Matrix Multiplication successfully performed =================== 
 ====================== Congradulations! Matrix Multiplication successfully performed =================== 
 ====================== Congradulations! Matrix Multiplication successfully performed =================== 
 ====================== Congradulations! Matrix Multiplication successfully performed =================== 
 ====================== Congradulations! Matrix Multiplication successfully performed =================== 
terminating matrix workers...
 =========== SUCCESS =============
