 ===== launching single host matrix multiplication program ===== 
 # MPI Groups:8
 # Threads per group:24
 # SIZE:7000
 # G:   80
 ###########################
 ** Launching SynergyWrapper process@2...
 ** Launching SynergyWrapper process@3...
 ** Launching SynergyWrapper process@4...
 ** Launching SynergyWrapper process@5...
 ** Launching SynergyWrapper process@6...
 ** Launching SynergyWrapper process@7...
 ** Launching SynergyWrapper process@8...
ts: attempting to receive an integer
ts: local tsd is master
Sending part 80[0]
Sending part 160[1]
Sending part 240[2]
Sending part 320[3]
Sending part 400[4]
Sending part 480[5]
Sending part 560[6]
Sending part 640[7]
Sending part 720[8]
Sending part 800[9]
Sending part 880[10]
Sending part 960[11]
Sending part 1040[12]
Sending part 1120[13]
Sending part 1200[14]
Sending part 1280[15]
Sending part 1360[16]
Sending part 1440[17]
Sending part 1520[18]
Sending part 1600[19]
Sending part 1680[20]
Sending part 1760[21]
Sending part 1840[22]
Sending part 1920[23]
Sending part 2000[24]
Sending part 2080[25]
Sending part 2160[26]
Sending part 2240[27]
Sending part 2320[28]
Sending part 2400[29]
Sending part 2480[30]
Sending part 2560[31]
Sending part 2640[32]
Sending part 2720[33]
Sending part 2800[34]
Sending part 2880[35]
Sending part 2960[36]
Sending part 3040[37]
Sending part 3120[38]
Sending part 3200[39]
Sending part 3280[40]
Sending part 3360[41]
Sending part 3440[42]
Sending part 3520[43]
Sending part 3600[44]
Sending part 3680[45]
Sending part 3760[46]
Sending part 3840[47]
Sending part 3920[48]
Sending part 4000[49]
Sending part 4080[50]
Sending part 4160[51]
Sending part 4240[52]
Sending part 4320[53]
Sending part 4400[54]
Sending part 4480[55]
Sending part 4560[56]
Sending part 4640[57]
Sending part 4720[58]
Sending part 4800[59]
Sending part 4880[60]
Sending part 4960[61]
Sending part 5040[62]
Sending part 5120[63]
Sending part 5200[64]
Sending part 5280[65]
Sending part 5360[66]
Sending part 5440[67]
Sending part 5520[68]
Sending part 5600[69]
Sending part 5680[70]
Sending part 5760[71]
Sending part 5840[72]
Sending part 5920[73]
Sending part 6000[74]
Sending part 6080[75]
Sending part 6160[76]
Sending part 6240[77]
Sending part 6320[78]
Sending part 6400[79]
Sending part 6480[80]
Sending part 6560[81]
Sending part 6640[82]
Sending part 6720[83]
Sending part 6800[84]
Sending part 6880[85]
Sending part 6960[86]
master: synchronizing
Client[2]: sending back to master
Client[3]: sending back to master
Client[4]: sending back to master
Client[6]: sending back to master
Client[7]: sending back to master
Client[8]: sending back to master
Client[9]: sending back to master
Client[10]: sending back to master
Client[11]: sending back to master
Client[12]: sending back to master
Client[14]: sending back to master
Client[15]: sending back to master
Client[16]: sending back to master
Client[18]: sending back to master
Client[19]: sending back to master
Client[20]: sending back to master
Client[22]: sending back to master
Client[23]: sending back to master
Client[1]: sending back to master
Client[5]: sending back to master
Client[13]: sending back to master
Client[17]: sending back to master
Client[21]: sending back to master
master: collecting remote 80[0]
master: collecting remote 160[1]
master: collecting remote 240[2]
master: collecting remote 320[3]
master: collecting remote 400[4]
master: collecting remote 480[5]
master: collecting remote 560[6]
master: collecting remote 640[7]
master: collecting remote 720[8]
master: collecting remote 800[9]
master: collecting remote 880[10]
master: collecting remote 960[11]
master: collecting remote 1040[12]
master: collecting remote 1120[13]
master: collecting remote 1200[14]
master: collecting remote 1280[15]
master: collecting remote 1360[16]
master: collecting remote 1440[17]
master: collecting remote 1520[18]
master: collecting remote 1600[19]
master: collecting remote 1680[20]
master: collecting remote 1760[21]
master: collecting remote 1840[22]
master: collecting remote 1920[23]
master: collecting remote 2000[24]
master: collecting remote 2080[25]
master: collecting remote 2160[26]
master: collecting remote 2240[27]
master: collecting remote 2320[28]
master: collecting remote 2400[29]
master: collecting remote 2480[30]
master: collecting remote 2560[31]
master: collecting remote 2640[32]
master: collecting remote 2720[33]
master: collecting remote 2800[34]
master: collecting remote 2880[35]
master: collecting remote 2960[36]
master: collecting remote 3040[37]
master: collecting remote 3120[38]
master: collecting remote 3200[39]
master: collecting remote 3280[40]
master: collecting remote 3360[41]
master: collecting remote 3440[42]
master: collecting remote 3520[43]
master: collecting remote 3600[44]
master: collecting remote 3680[45]
master: collecting remote 3760[46]
master: collecting remote 3840[47]
master: collecting remote 3920[48]
master: collecting remote 4000[49]
master: collecting remote 4080[50]
master: collecting remote 4160[51]
master: collecting remote 4240[52]
master: collecting remote 4320[53]
master: collecting remote 4400[54]
master: collecting remote 4480[55]
master: collecting remote 4560[56]
master: collecting remote 4640[57]
master: collecting remote 4720[58]
master: collecting remote 4800[59]
master: collecting remote 4880[60]
master: collecting remote 4960[61]
master: collecting remote 5040[62]
master: collecting remote 5120[63]
master: collecting remote 5200[64]
master: collecting remote 5280[65]
master: collecting remote 5360[66]
master: collecting remote 5440[67]
master: collecting remote 5520[68]
master: collecting remote 5600[69]
master: collecting remote 5680[70]
master: collecting remote 5760[71]
master: collecting remote 5840[72]
master: collecting remote 5920[73]
master: collecting remote 6000[74]
master: collecting remote 6080[75]
master: collecting remote 6160[76]
master: collecting remote 6240[77]
master: collecting remote 6320[78]
master: collecting remote 6400[79]
master: collecting remote 6480[80]
master: collecting remote 6560[81]
master: collecting remote 6640[82]
master: collecting remote 6720[83]
master: collecting remote 6800[84]
master: collecting remote 6880[85]
master: collecting remote 6960[86]
 === Time spent: 41.125606 seconds
 ====================== Congradulations! Matrix Multiplication successfully performed =================== 
 ====================== Congradulations! Matrix Multiplication successfully performed =================== 
 ====================== Congradulations! Matrix Multiplication successfully performed =================== 
 ====================== Congradulations! Matrix Multiplication successfully performed =================== 
 ====================== Congradulations! Matrix Multiplication successfully performed =================== 
 ====================== Congradulations! Matrix Multiplication successfully performed =================== 
 ====================== Congradulations! Matrix Multiplication successfully performed =================== 
 ====================== Congradulations! Matrix Multiplication successfully performed =================== 
 ====================== Congradulations! Matrix Multiplication successfully performed =================== 
 ====================== Congradulations! Matrix Multiplication successfully performed =================== 
 ====================== Congradulations! Matrix Multiplication successfully performed =================== 
 ====================== Congradulations! Matrix Multiplication successfully performed =================== 
 ====================== Congradulations! Matrix Multiplication successfully performed =================== 
 ====================== Congradulations! Matrix Multiplication successfully performed =================== 
 ====================== Congradulations! Matrix Multiplication successfully performed =================== 
 ====================== Congradulations! Matrix Multiplication successfully performed =================== 
 ====================== Congradulations! Matrix Multiplication successfully performed =================== 
 ====================== Congradulations! Matrix Multiplication successfully performed =================== 
 ====================== Congradulations! Matrix Multiplication successfully performed =================== 
 ====================== Congradulations! Matrix Multiplication successfully performed =================== 
 ====================== Congradulations! Matrix Multiplication successfully performed =================== 
 ====================== Congradulations! Matrix Multiplication successfully performed =================== 
 ====================== Congradulations! Matrix Multiplication successfully performed =================== 
 ====================== Congradulations! Matrix Multiplication successfully performed =================== 
terminating matrix workers...
 =========== SUCCESS =============
 ===== launching single host matrix multiplication program ===== 
 # MPI Groups:8
 # Threads per group:24
 # SIZE:7000
 # G:   80
 ###########################
 ** Launching SynergyWrapper process@2...
 ** Launching SynergyWrapper process@3...
 ** Launching SynergyWrapper process@4...
 ** Launching SynergyWrapper process@5...
 ** Launching SynergyWrapper process@6...
 ** Launching SynergyWrapper process@7...
 ** Launching SynergyWrapper process@8...
ts: attempting to receive an integer
ts: local tsd is master
Sending part 80[0]
Sending part 160[1]
Sending part 240[2]
Sending part 320[3]
Sending part 400[4]
Sending part 480[5]
Sending part 560[6]
Sending part 640[7]
Sending part 720[8]
Sending part 800[9]
Sending part 880[10]
Sending part 960[11]
Sending part 1040[12]
Sending part 1120[13]
Sending part 1200[14]
Sending part 1280[15]
Sending part 1360[16]
Sending part 1440[17]
Sending part 1520[18]
Sending part 1600[19]
Sending part 1680[20]
Sending part 1760[21]
Sending part 1840[22]
Sending part 1920[23]
Sending part 2000[24]
Sending part 2080[25]
Sending part 2160[26]
Sending part 2240[27]
Sending part 2320[28]
Sending part 2400[29]
Sending part 2480[30]
Sending part 2560[31]
Sending part 2640[32]
Sending part 2720[33]
Sending part 2800[34]
Sending part 2880[35]
Sending part 2960[36]
Sending part 3040[37]
Sending part 3120[38]
Sending part 3200[39]
Sending part 3280[40]
Sending part 3360[41]
Sending part 3440[42]
Sending part 3520[43]
Sending part 3600[44]
Sending part 3680[45]
Sending part 3760[46]
Sending part 3840[47]
Sending part 3920[48]
Sending part 4000[49]
Sending part 4080[50]
Sending part 4160[51]
Sending part 4240[52]
Sending part 4320[53]
Sending part 4400[54]
Sending part 4480[55]
Sending part 4560[56]
Sending part 4640[57]
Sending part 4720[58]
Sending part 4800[59]
Sending part 4880[60]
Sending part 4960[61]
Sending part 5040[62]
Sending part 5120[63]
Sending part 5200[64]
Sending part 5280[65]
Sending part 5360[66]
Sending part 5440[67]
Sending part 5520[68]
Sending part 5600[69]
Sending part 5680[70]
Sending part 5760[71]
Sending part 5840[72]
Sending part 5920[73]
Sending part 6000[74]
Sending part 6080[75]
Sending part 6160[76]
Sending part 6240[77]
Sending part 6320[78]
Sending part 6400[79]
Sending part 6480[80]
Sending part 6560[81]
Sending part 6640[82]
Sending part 6720[83]
Sending part 6800[84]
Sending part 6880[85]
Sending part 6960[86]
master: synchronizing
Client[2]: sending back to master
Client[4]: sending back to master
Client[6]: sending back to master
Client[8]: sending back to master
Client[10]: sending back to master
Client[12]: sending back to master
Client[14]: sending back to master
Client[16]: sending back to master
Client[18]: sending back to master
Client[20]: sending back to master
Client[22]: sending back to master
Client[23]: sending back to master
Client[3]: sending back to master
Client[7]: sending back to master
Client[11]: sending back to master
Client[15]: sending back to master
Client[19]: sending back to master
Client[1]: sending back to master
Client[9]: sending back to master
Client[17]: sending back to master
Client[5]: sending back to master
Client[13]: sending back to master
Client[21]: sending back to master
master: collecting remote 80[0]
master: collecting remote 160[1]
master: collecting remote 240[2]
master: collecting remote 320[3]
master: collecting remote 400[4]
master: collecting remote 480[5]
master: collecting remote 560[6]
master: collecting remote 640[7]
master: collecting remote 720[8]
master: collecting remote 800[9]
master: collecting remote 880[10]
master: collecting remote 960[11]
master: collecting remote 1040[12]
master: collecting remote 1120[13]
master: collecting remote 1200[14]
master: collecting remote 1280[15]
master: collecting remote 1360[16]
master: collecting remote 1440[17]
master: collecting remote 1520[18]
master: collecting remote 1600[19]
master: collecting remote 1680[20]
master: collecting remote 1760[21]
master: collecting remote 1840[22]
master: collecting remote 1920[23]
master: collecting remote 2000[24]
master: collecting remote 2080[25]
master: collecting remote 2160[26]
master: collecting remote 2240[27]
master: collecting remote 2320[28]
master: collecting remote 2400[29]
master: collecting remote 2480[30]
master: collecting remote 2560[31]
master: collecting remote 2640[32]
master: collecting remote 2720[33]
master: collecting remote 2800[34]
master: collecting remote 2880[35]
master: collecting remote 2960[36]
master: collecting remote 3040[37]
master: collecting remote 3120[38]
master: collecting remote 3200[39]
master: collecting remote 3280[40]
master: collecting remote 3360[41]
master: collecting remote 3440[42]
master: collecting remote 3520[43]
master: collecting remote 3600[44]
master: collecting remote 3680[45]
master: collecting remote 3760[46]
master: collecting remote 3840[47]
master: collecting remote 3920[48]
master: collecting remote 4000[49]
master: collecting remote 4080[50]
master: collecting remote 4160[51]
master: collecting remote 4240[52]
master: collecting remote 4320[53]
master: collecting remote 4400[54]
master: collecting remote 4480[55]
master: collecting remote 4560[56]
master: collecting remote 4640[57]
master: collecting remote 4720[58]
master: collecting remote 4800[59]
master: collecting remote 4880[60]
master: collecting remote 4960[61]
master: collecting remote 5040[62]
master: collecting remote 5120[63]
master: collecting remote 5200[64]
master: collecting remote 5280[65]
master: collecting remote 5360[66]
master: collecting remote 5440[67]
master: collecting remote 5520[68]
master: collecting remote 5600[69]
master: collecting remote 5680[70]
master: collecting remote 5760[71]
master: collecting remote 5840[72]
master: collecting remote 5920[73]
master: collecting remote 6000[74]
master: collecting remote 6080[75]
master: collecting remote 6160[76]
master: collecting remote 6240[77]
master: collecting remote 6320[78]
master: collecting remote 6400[79]
master: collecting remote 6480[80]
master: collecting remote 6560[81]
master: collecting remote 6640[82]
master: collecting remote 6720[83]
master: collecting remote 6800[84]
master: collecting remote 6880[85]
master: collecting remote 6960[86]
 === Time spent: 41.298338 seconds
 ====================== Congradulations! Matrix Multiplication successfully performed =================== 
 ====================== Congradulations! Matrix Multiplication successfully performed =================== 
 ====================== Congradulations! Matrix Multiplication successfully performed =================== 
 ====================== Congradulations! Matrix Multiplication successfully performed =================== 
 ====================== Congradulations! Matrix Multiplication successfully performed =================== 
 ====================== Congradulations! Matrix Multiplication successfully performed =================== 
 ====================== Congradulations! Matrix Multiplication successfully performed =================== 
 ====================== Congradulations! Matrix Multiplication successfully performed =================== 
 ====================== Congradulations! Matrix Multiplication successfully performed =================== 
 ====================== Congradulations! Matrix Multiplication successfully performed =================== 
 ====================== Congradulations! Matrix Multiplication successfully performed =================== 
 ====================== Congradulations! Matrix Multiplication successfully performed =================== 
 ====================== Congradulations! Matrix Multiplication successfully performed =================== 
 ====================== Congradulations! Matrix Multiplication successfully performed =================== 
 ====================== Congradulations! Matrix Multiplication successfully performed =================== 
 ====================== Congradulations! Matrix Multiplication successfully performed =================== 
 ====================== Congradulations! Matrix Multiplication successfully performed =================== 
 ====================== Congradulations! Matrix Multiplication successfully performed =================== 
 ====================== Congradulations! Matrix Multiplication successfully performed =================== 
 ====================== Congradulations! Matrix Multiplication successfully performed =================== 
 ====================== Congradulations! Matrix Multiplication successfully performed =================== 
 ====================== Congradulations! Matrix Multiplication successfully performed =================== 
 ====================== Congradulations! Matrix Multiplication successfully performed =================== 
 ====================== Congradulations! Matrix Multiplication successfully performed =================== 
terminating matrix workers...
 =========== SUCCESS =============
 ===== launching single host matrix multiplication program ===== 
 # MPI Groups:8
 # Threads per group:24
 # SIZE:7000
 # G:   80
 ###########################
 ** Launching SynergyWrapper process@2...
 ** Launching SynergyWrapper process@3...
 ** Launching SynergyWrapper process@4...
 ** Launching SynergyWrapper process@5...
 ** Launching SynergyWrapper process@6...
 ** Launching SynergyWrapper process@7...
 ** Launching SynergyWrapper process@8...
ts: attempting to receive an integer
ts: local tsd is master
Sending part 80[0]
Sending part 160[1]
Sending part 240[2]
Sending part 320[3]
Sending part 400[4]
Sending part 480[5]
Sending part 560[6]
Sending part 640[7]
Sending part 720[8]
Sending part 800[9]
Sending part 880[10]
Sending part 960[11]
Sending part 1040[12]
Sending part 1120[13]
Sending part 1200[14]
Sending part 1280[15]
Sending part 1360[16]
Sending part 1440[17]
Sending part 1520[18]
Sending part 1600[19]
Sending part 1680[20]
Sending part 1760[21]
Sending part 1840[22]
Sending part 1920[23]
Sending part 2000[24]
Sending part 2080[25]
Sending part 2160[26]
Sending part 2240[27]
Sending part 2320[28]
Sending part 2400[29]
Sending part 2480[30]
Sending part 2560[31]
Sending part 2640[32]
Sending part 2720[33]
Sending part 2800[34]
Sending part 2880[35]
Sending part 2960[36]
Sending part 3040[37]
Sending part 3120[38]
Sending part 3200[39]
Sending part 3280[40]
Sending part 3360[41]
Sending part 3440[42]
Sending part 3520[43]
Sending part 3600[44]
Sending part 3680[45]
Sending part 3760[46]
Sending part 3840[47]
Sending part 3920[48]
Sending part 4000[49]
Sending part 4080[50]
Sending part 4160[51]
Sending part 4240[52]
Sending part 4320[53]
Sending part 4400[54]
Sending part 4480[55]
Sending part 4560[56]
Sending part 4640[57]
Sending part 4720[58]
Sending part 4800[59]
Sending part 4880[60]
Sending part 4960[61]
Sending part 5040[62]
Sending part 5120[63]
Sending part 5200[64]
Sending part 5280[65]
Sending part 5360[66]
Sending part 5440[67]
Sending part 5520[68]
Sending part 5600[69]
Sending part 5680[70]
Sending part 5760[71]
Sending part 5840[72]
Sending part 5920[73]
Sending part 6000[74]
Sending part 6080[75]
Sending part 6160[76]
Sending part 6240[77]
Sending part 6320[78]
Sending part 6400[79]
Sending part 6480[80]
Sending part 6560[81]
Sending part 6640[82]
Sending part 6720[83]
Sending part 6800[84]
Sending part 6880[85]
Sending part 6960[86]
master: synchronizing
Client[2]: sending back to master
Client[4]: sending back to master
Client[6]: sending back to master
Client[7]: sending back to master
Client[8]: sending back to master
Client[10]: sending back to master
Client[12]: sending back to master
Client[14]: sending back to master
Client[15]: sending back to master
Client[16]: sending back to master
Client[18]: sending back to master
Client[19]: sending back to master
Client[20]: sending back to master
Client[22]: sending back to master
Client[23]: sending back to master
Client[3]: sending back to master
Client[11]: sending back to master
Client[17]: sending back to master
Client[1]: sending back to master
Client[9]: sending back to master
Client[21]: sending back to master
Client[5]: sending back to master
Client[13]: sending back to master
master: collecting remote 80[0]
master: collecting remote 160[1]
master: collecting remote 240[2]
master: collecting remote 320[3]
master: collecting remote 400[4]
master: collecting remote 480[5]
master: collecting remote 560[6]
master: collecting remote 640[7]
master: collecting remote 720[8]
master: collecting remote 800[9]
master: collecting remote 880[10]
master: collecting remote 960[11]
master: collecting remote 1040[12]
master: collecting remote 1120[13]
master: collecting remote 1200[14]
master: collecting remote 1280[15]
master: collecting remote 1360[16]
master: collecting remote 1440[17]
master: collecting remote 1520[18]
master: collecting remote 1600[19]
master: collecting remote 1680[20]
master: collecting remote 1760[21]
master: collecting remote 1840[22]
master: collecting remote 1920[23]
master: collecting remote 2000[24]
master: collecting remote 2080[25]
master: collecting remote 2160[26]
master: collecting remote 2240[27]
master: collecting remote 2320[28]
master: collecting remote 2400[29]
master: collecting remote 2480[30]
master: collecting remote 2560[31]
master: collecting remote 2640[32]
master: collecting remote 2720[33]
master: collecting remote 2800[34]
master: collecting remote 2880[35]
master: collecting remote 2960[36]
master: collecting remote 3040[37]
master: collecting remote 3120[38]
master: collecting remote 3200[39]
master: collecting remote 3280[40]
master: collecting remote 3360[41]
master: collecting remote 3440[42]
master: collecting remote 3520[43]
master: collecting remote 3600[44]
master: collecting remote 3680[45]
master: collecting remote 3760[46]
master: collecting remote 3840[47]
master: collecting remote 3920[48]
master: collecting remote 4000[49]
master: collecting remote 4080[50]
master: collecting remote 4160[51]
master: collecting remote 4240[52]
master: collecting remote 4320[53]
master: collecting remote 4400[54]
master: collecting remote 4480[55]
master: collecting remote 4560[56]
master: collecting remote 4640[57]
master: collecting remote 4720[58]
master: collecting remote 4800[59]
master: collecting remote 4880[60]
master: collecting remote 4960[61]
master: collecting remote 5040[62]
master: collecting remote 5120[63]
master: collecting remote 5200[64]
master: collecting remote 5280[65]
master: collecting remote 5360[66]
master: collecting remote 5440[67]
master: collecting remote 5520[68]
master: collecting remote 5600[69]
master: collecting remote 5680[70]
master: collecting remote 5760[71]
master: collecting remote 5840[72]
master: collecting remote 5920[73]
master: collecting remote 6000[74]
master: collecting remote 6080[75]
master: collecting remote 6160[76]
master: collecting remote 6240[77]
master: collecting remote 6320[78]
master: collecting remote 6400[79]
master: collecting remote 6480[80]
master: collecting remote 6560[81]
master: collecting remote 6640[82]
master: collecting remote 6720[83]
master: collecting remote 6800[84]
master: collecting remote 6880[85]
master: collecting remote 6960[86]
 === Time spent: 41.157607 seconds
 ====================== Congradulations! Matrix Multiplication successfully performed =================== 
 ====================== Congradulations! Matrix Multiplication successfully performed =================== 
 ====================== Congradulations! Matrix Multiplication successfully performed =================== 
 ====================== Congradulations! Matrix Multiplication successfully performed =================== 
 ====================== Congradulations! Matrix Multiplication successfully performed =================== 
 ====================== Congradulations! Matrix Multiplication successfully performed =================== 
 ====================== Congradulations! Matrix Multiplication successfully performed =================== 
 ====================== Congradulations! Matrix Multiplication successfully performed =================== 
 ====================== Congradulations! Matrix Multiplication successfully performed =================== 
 ====================== Congradulations! Matrix Multiplication successfully performed =================== 
 ====================== Congradulations! Matrix Multiplication successfully performed =================== 
 ====================== Congradulations! Matrix Multiplication successfully performed =================== 
 ====================== Congradulations! Matrix Multiplication successfully performed =================== 
 ====================== Congradulations! Matrix Multiplication successfully performed =================== 
 ====================== Congradulations! Matrix Multiplication successfully performed =================== 
 ====================== Congradulations! Matrix Multiplication successfully performed =================== 
 ====================== Congradulations! Matrix Multiplication successfully performed =================== 
 ====================== Congradulations! Matrix Multiplication successfully performed =================== 
 ====================== Congradulations! Matrix Multiplication successfully performed =================== 
 ====================== Congradulations! Matrix Multiplication successfully performed =================== 
 ====================== Congradulations! Matrix Multiplication successfully performed =================== 
 ====================== Congradulations! Matrix Multiplication successfully performed =================== 
 ====================== Congradulations! Matrix Multiplication successfully performed =================== 
 ====================== Congradulations! Matrix Multiplication successfully performed =================== 
terminating matrix workers...
 =========== SUCCESS =============
