 ===== launching single host matrix multiplication program ===== 
 # MPI Groups:12
 # Threads per group:24
 # SIZE:9000
 # G:   310
 ###########################
 ** Launching SynergyWrapper process@2...
 ** Launching SynergyWrapper process@3...
 ** Launching SynergyWrapper process@4...
 ** Launching SynergyWrapper process@5...
 ** Launching SynergyWrapper process@6...
 ** Launching SynergyWrapper process@7...
 ** Launching SynergyWrapper process@8...
 ** Launching SynergyWrapper process@9...
 ** Launching SynergyWrapper process@10...
 ** Launching SynergyWrapper process@11...
 ** Launching SynergyWrapper process@12...
ts: attempting to receive an integer
ts: local tsd is master
Sending part 310[0]
Sending part 620[1]
Sending part 930[2]
Sending part 1240[3]
Sending part 1550[4]
Sending part 1860[5]
Sending part 2170[6]
Sending part 2480[7]
Sending part 2790[8]
Sending part 3100[9]
Sending part 3410[10]
Sending part 3720[11]
Sending part 4030[12]
Sending part 4340[13]
Sending part 4650[14]
Sending part 4960[15]
Sending part 5270[16]
Sending part 5580[17]
Sending part 5890[18]
Sending part 6200[19]
Sending part 6510[20]
Sending part 6820[21]
Sending part 7130[22]
Sending part 7440[23]
Sending part 7750[24]
Sending part 8060[25]
Sending part 8370[26]
Sending part 8680[27]
Sending part 8990[28]
master: synchronizing
Client[1]: sending back to master
Client[3]: sending back to master
Client[5]: sending back to master
Client[7]: sending back to master
Client[8]: sending back to master
Client[9]: sending back to master
Client[10]: sending back to master
Client[11]: sending back to master
Client[12]: sending back to master
Client[13]: sending back to master
Client[15]: sending back to master
Client[16]: sending back to master
Client[17]: sending back to master
Client[18]: sending back to master
Client[19]: sending back to master
Client[20]: sending back to master
Client[21]: sending back to master
Client[22]: sending back to master
Client[23]: sending back to master
Client[2]: sending back to master
Client[4]: sending back to master
Client[6]: sending back to master
Client[14]: sending back to master
master: collecting remote 310[0]
master: collecting remote 620[1]
master: collecting remote 930[2]
master: collecting remote 1240[3]
master: collecting remote 1550[4]
master: collecting remote 1860[5]
master: collecting remote 2170[6]
master: collecting remote 2480[7]
master: collecting remote 2790[8]
master: collecting remote 3100[9]
master: collecting remote 3410[10]
master: collecting remote 3720[11]
master: collecting remote 4030[12]
master: collecting remote 4340[13]
master: collecting remote 4650[14]
master: collecting remote 4960[15]
master: collecting remote 5270[16]
master: collecting remote 5580[17]
master: collecting remote 5890[18]
master: collecting remote 6200[19]
master: collecting remote 6510[20]
master: collecting remote 6820[21]
master: collecting remote 7130[22]
master: collecting remote 7440[23]
master: collecting remote 7750[24]
master: collecting remote 8060[25]
master: collecting remote 8370[26]
master: collecting remote 8680[27]
master: collecting remote 8990[28]
 === Time spent: 53.059410 seconds
 ====================== Congradulations! Matrix Multiplication successfully performed =================== 
 ====================== Congradulations! Matrix Multiplication successfully performed =================== 
 ====================== Congradulations! Matrix Multiplication successfully performed =================== 
 ====================== Congradulations! Matrix Multiplication successfully performed =================== 
 ====================== Congradulations! Matrix Multiplication successfully performed =================== 
 ====================== Congradulations! Matrix Multiplication successfully performed =================== 
 ====================== Congradulations! Matrix Multiplication successfully performed =================== 
 ====================== Congradulations! Matrix Multiplication successfully performed =================== 
 ====================== Congradulations! Matrix Multiplication successfully performed =================== 
 ====================== Congradulations! Matrix Multiplication successfully performed =================== 
 ====================== Congradulations! Matrix Multiplication successfully performed =================== 
 ====================== Congradulations! Matrix Multiplication successfully performed =================== 
 ====================== Congradulations! Matrix Multiplication successfully performed =================== 
 ====================== Congradulations! Matrix Multiplication successfully performed =================== 
 ====================== Congradulations! Matrix Multiplication successfully performed =================== 
 ====================== Congradulations! Matrix Multiplication successfully performed =================== 
 ====================== Congradulations! Matrix Multiplication successfully performed =================== 
 ====================== Congradulations! Matrix Multiplication successfully performed =================== 
 ====================== Congradulations! Matrix Multiplication successfully performed =================== 
 ====================== Congradulations! Matrix Multiplication successfully performed =================== 
 ====================== Congradulations! Matrix Multiplication successfully performed =================== 
 ====================== Congradulations! Matrix Multiplication successfully performed =================== 
 ====================== Congradulations! Matrix Multiplication successfully performed =================== 
 ====================== Congradulations! Matrix Multiplication successfully performed =================== 
terminating matrix workers...
 =========== SUCCESS =============
 ===== launching single host matrix multiplication program ===== 
 # MPI Groups:12
 # Threads per group:24
 # SIZE:9000
 # G:   310
 ###########################
 ** Launching SynergyWrapper process@2...
 ** Launching SynergyWrapper process@3...
 ** Launching SynergyWrapper process@4...
 ** Launching SynergyWrapper process@5...
 ** Launching SynergyWrapper process@6...
 ** Launching SynergyWrapper process@7...
 ** Launching SynergyWrapper process@8...
 ** Launching SynergyWrapper process@9...
 ** Launching SynergyWrapper process@10...
 ** Launching SynergyWrapper process@11...
 ** Launching SynergyWrapper process@12...
ts: attempting to receive an integer
ts: local tsd is master
Sending part 310[0]
Sending part 620[1]
Sending part 930[2]
Sending part 1240[3]
Sending part 1550[4]
Sending part 1860[5]
Sending part 2170[6]
Sending part 2480[7]
Sending part 2790[8]
Sending part 3100[9]
Sending part 3410[10]
Sending part 3720[11]
Sending part 4030[12]
Sending part 4340[13]
Sending part 4650[14]
Sending part 4960[15]
Sending part 5270[16]
Sending part 5580[17]
Sending part 5890[18]
Sending part 6200[19]
Sending part 6510[20]
Sending part 6820[21]
Sending part 7130[22]
Sending part 7440[23]
Sending part 7750[24]
Sending part 8060[25]
Sending part 8370[26]
Sending part 8680[27]
Sending part 8990[28]
master: synchronizing
Client[3]: sending back to master
Client[4]: sending back to master
Client[5]: sending back to master
Client[6]: sending back to master
Client[7]: sending back to master
Client[8]: sending back to master
Client[9]: sending back to master
Client[10]: sending back to master
Client[11]: sending back to master
Client[12]: sending back to master
Client[13]: sending back to master
Client[14]: sending back to master
Client[15]: sending back to master
Client[16]: sending back to master
Client[17]: sending back to master
Client[18]: sending back to master
Client[19]: sending back to master
Client[20]: sending back to master
Client[21]: sending back to master
Client[22]: sending back to master
Client[23]: sending back to master
Client[1]: sending back to master
Client[2]: sending back to master
master: collecting remote 310[0]
master: collecting remote 620[1]
master: collecting remote 930[2]
master: collecting remote 1240[3]
master: collecting remote 1550[4]
master: collecting remote 1860[5]
master: collecting remote 2170[6]
master: collecting remote 2480[7]
master: collecting remote 2790[8]
master: collecting remote 3100[9]
master: collecting remote 3410[10]
master: collecting remote 3720[11]
master: collecting remote 4030[12]
master: collecting remote 4340[13]
master: collecting remote 4650[14]
master: collecting remote 4960[15]
master: collecting remote 5270[16]
master: collecting remote 5580[17]
master: collecting remote 5890[18]
master: collecting remote 6200[19]
master: collecting remote 6510[20]
master: collecting remote 6820[21]
master: collecting remote 7130[22]
master: collecting remote 7440[23]
master: collecting remote 7750[24]
master: collecting remote 8060[25]
master: collecting remote 8370[26]
master: collecting remote 8680[27]
master: collecting remote 8990[28]
 === Time spent: 52.765113 seconds
 ====================== Congradulations! Matrix Multiplication successfully performed =================== 
 ====================== Congradulations! Matrix Multiplication successfully performed =================== 
 ====================== Congradulations! Matrix Multiplication successfully performed =================== 
 ====================== Congradulations! Matrix Multiplication successfully performed =================== 
 ====================== Congradulations! Matrix Multiplication successfully performed =================== 
 ====================== Congradulations! Matrix Multiplication successfully performed =================== 
 ====================== Congradulations! Matrix Multiplication successfully performed =================== 
 ====================== Congradulations! Matrix Multiplication successfully performed =================== 
 ====================== Congradulations! Matrix Multiplication successfully performed =================== 
 ====================== Congradulations! Matrix Multiplication successfully performed =================== 
 ====================== Congradulations! Matrix Multiplication successfully performed =================== 
 ====================== Congradulations! Matrix Multiplication successfully performed =================== 
 ====================== Congradulations! Matrix Multiplication successfully performed =================== 
 ====================== Congradulations! Matrix Multiplication successfully performed =================== 
 ====================== Congradulations! Matrix Multiplication successfully performed =================== 
 ====================== Congradulations! Matrix Multiplication successfully performed =================== 
 ====================== Congradulations! Matrix Multiplication successfully performed =================== 
 ====================== Congradulations! Matrix Multiplication successfully performed =================== 
 ====================== Congradulations! Matrix Multiplication successfully performed =================== 
 ====================== Congradulations! Matrix Multiplication successfully performed =================== 
 ====================== Congradulations! Matrix Multiplication successfully performed =================== 
 ====================== Congradulations! Matrix Multiplication successfully performed =================== 
 ====================== Congradulations! Matrix Multiplication successfully performed =================== 
 ====================== Congradulations! Matrix Multiplication successfully performed =================== 
terminating matrix workers...
 =========== SUCCESS =============
