 ===== launching single host matrix multiplication program ===== 
 # MPI Groups:12
 # Threads per group:24
 # SIZE:9000
 # G:   240
 ###########################
 ** Launching SynergyWrapper process@2...
 ** Launching SynergyWrapper process@3...
 ** Launching SynergyWrapper process@4...
 ** Launching SynergyWrapper process@5...
 ** Launching SynergyWrapper process@6...
 ** Launching SynergyWrapper process@7...
 ** Launching SynergyWrapper process@8...
 ** Launching SynergyWrapper process@9...
 ** Launching SynergyWrapper process@10...
 ** Launching SynergyWrapper process@11...
 ** Launching SynergyWrapper process@12...
ts: attempting to receive an integer
ts: local tsd is master
Sending part 240[0]
Sending part 480[1]
Sending part 720[2]
Sending part 960[3]
Sending part 1200[4]
Sending part 1440[5]
Sending part 1680[6]
Sending part 1920[7]
Sending part 2160[8]
Sending part 2400[9]
Sending part 2640[10]
Sending part 2880[11]
Sending part 3120[12]
Sending part 3360[13]
Sending part 3600[14]
Sending part 3840[15]
Sending part 4080[16]
Sending part 4320[17]
Sending part 4560[18]
Sending part 4800[19]
Sending part 5040[20]
Sending part 5280[21]
Sending part 5520[22]
Sending part 5760[23]
Sending part 6000[24]
Sending part 6240[25]
Sending part 6480[26]
Sending part 6720[27]
Sending part 6960[28]
Sending part 7200[29]
Sending part 7440[30]
Sending part 7680[31]
Sending part 7920[32]
Sending part 8160[33]
Sending part 8400[34]
Sending part 8640[35]
Sending part 8880[36]
master: synchronizing
Client[1]: sending back to master
Client[3]: sending back to master
Client[5]: sending back to master
Client[7]: sending back to master
Client[9]: sending back to master
Client[11]: sending back to master
Client[13]: sending back to master
Client[15]: sending back to master
Client[17]: sending back to master
Client[19]: sending back to master
Client[21]: sending back to master
Client[23]: sending back to master
Client[2]: sending back to master
Client[4]: sending back to master
Client[6]: sending back to master
Client[8]: sending back to master
Client[10]: sending back to master
Client[12]: sending back to master
Client[14]: sending back to master
Client[16]: sending back to master
Client[18]: sending back to master
Client[20]: sending back to master
Client[22]: sending back to master
master: collecting remote 240[0]
master: collecting remote 480[1]
master: collecting remote 720[2]
master: collecting remote 960[3]
master: collecting remote 1200[4]
master: collecting remote 1440[5]
master: collecting remote 1680[6]
master: collecting remote 1920[7]
master: collecting remote 2160[8]
master: collecting remote 2400[9]
master: collecting remote 2640[10]
master: collecting remote 2880[11]
master: collecting remote 3120[12]
master: collecting remote 3360[13]
master: collecting remote 3600[14]
master: collecting remote 3840[15]
master: collecting remote 4080[16]
master: collecting remote 4320[17]
master: collecting remote 4560[18]
master: collecting remote 4800[19]
master: collecting remote 5040[20]
master: collecting remote 5280[21]
master: collecting remote 5520[22]
master: collecting remote 5760[23]
master: collecting remote 6000[24]
master: collecting remote 6240[25]
master: collecting remote 6480[26]
master: collecting remote 6720[27]
master: collecting remote 6960[28]
master: collecting remote 7200[29]
master: collecting remote 7440[30]
master: collecting remote 7680[31]
master: collecting remote 7920[32]
master: collecting remote 8160[33]
master: collecting remote 8400[34]
master: collecting remote 8640[35]
master: collecting remote 8880[36]
 === Time spent: 25.144912 seconds
 ====================== Congradulations! Matrix Multiplication successfully performed =================== 
 ====================== Congradulations! Matrix Multiplication successfully performed =================== 
 ====================== Congradulations! Matrix Multiplication successfully performed =================== 
 ====================== Congradulations! Matrix Multiplication successfully performed =================== 
 ====================== Congradulations! Matrix Multiplication successfully performed =================== 
 ====================== Congradulations! Matrix Multiplication successfully performed =================== 
 ====================== Congradulations! Matrix Multiplication successfully performed =================== 
 ====================== Congradulations! Matrix Multiplication successfully performed =================== 
 ====================== Congradulations! Matrix Multiplication successfully performed =================== 
 ====================== Congradulations! Matrix Multiplication successfully performed =================== 
 ====================== Congradulations! Matrix Multiplication successfully performed =================== 
 ====================== Congradulations! Matrix Multiplication successfully performed =================== 
 ====================== Congradulations! Matrix Multiplication successfully performed =================== 
 ====================== Congradulations! Matrix Multiplication successfully performed =================== 
 ====================== Congradulations! Matrix Multiplication successfully performed =================== 
 ====================== Congradulations! Matrix Multiplication successfully performed =================== 
 ====================== Congradulations! Matrix Multiplication successfully performed =================== 
 ====================== Congradulations! Matrix Multiplication successfully performed =================== 
 ====================== Congradulations! Matrix Multiplication successfully performed =================== 
 ====================== Congradulations! Matrix Multiplication successfully performed =================== 
 ====================== Congradulations! Matrix Multiplication successfully performed =================== 
 ====================== Congradulations! Matrix Multiplication successfully performed =================== 
 ====================== Congradulations! Matrix Multiplication successfully performed =================== 
 ====================== Congradulations! Matrix Multiplication successfully performed =================== 
terminating matrix workers...
 =========== SUCCESS =============
 ===== launching single host matrix multiplication program ===== 
 # MPI Groups:12
 # Threads per group:24
 # SIZE:9000
 # G:   240
 ###########################
 ** Launching SynergyWrapper process@2...
 ** Launching SynergyWrapper process@3...
 ** Launching SynergyWrapper process@4...
 ** Launching SynergyWrapper process@5...
 ** Launching SynergyWrapper process@6...
 ** Launching SynergyWrapper process@7...
 ** Launching SynergyWrapper process@8...
 ** Launching SynergyWrapper process@9...
 ** Launching SynergyWrapper process@10...
 ** Launching SynergyWrapper process@11...
 ** Launching SynergyWrapper process@12...
ts: attempting to receive an integer
ts: local tsd is master
Sending part 240[0]
Sending part 480[1]
Sending part 720[2]
Sending part 960[3]
Sending part 1200[4]
Sending part 1440[5]
Sending part 1680[6]
Sending part 1920[7]
Sending part 2160[8]
Sending part 2400[9]
Sending part 2640[10]
Sending part 2880[11]
Sending part 3120[12]
Sending part 3360[13]
Sending part 3600[14]
Sending part 3840[15]
Sending part 4080[16]
Sending part 4320[17]
Sending part 4560[18]
Sending part 4800[19]
Sending part 5040[20]
Sending part 5280[21]
Sending part 5520[22]
Sending part 5760[23]
Sending part 6000[24]
Sending part 6240[25]
Sending part 6480[26]
Sending part 6720[27]
Sending part 6960[28]
Sending part 7200[29]
Sending part 7440[30]
Sending part 7680[31]
Sending part 7920[32]
Sending part 8160[33]
Sending part 8400[34]
Sending part 8640[35]
Sending part 8880[36]
master: synchronizing
Client[1]: sending back to master
Client[3]: sending back to master
Client[5]: sending back to master
Client[7]: sending back to master
Client[9]: sending back to master
Client[11]: sending back to master
Client[13]: sending back to master
Client[15]: sending back to master
Client[17]: sending back to master
Client[19]: sending back to master
Client[21]: sending back to master
Client[23]: sending back to master
Client[2]: sending back to master
Client[4]: sending back to master
Client[6]: sending back to master
Client[8]: sending back to master
Client[10]: sending back to master
Client[12]: sending back to master
Client[14]: sending back to master
Client[16]: sending back to master
Client[18]: sending back to master
Client[20]: sending back to master
Client[22]: sending back to master
master: collecting remote 240[0]
master: collecting remote 480[1]
master: collecting remote 720[2]
master: collecting remote 960[3]
master: collecting remote 1200[4]
master: collecting remote 1440[5]
master: collecting remote 1680[6]
master: collecting remote 1920[7]
master: collecting remote 2160[8]
master: collecting remote 2400[9]
master: collecting remote 2640[10]
master: collecting remote 2880[11]
master: collecting remote 3120[12]
master: collecting remote 3360[13]
master: collecting remote 3600[14]
master: collecting remote 3840[15]
master: collecting remote 4080[16]
master: collecting remote 4320[17]
master: collecting remote 4560[18]
master: collecting remote 4800[19]
master: collecting remote 5040[20]
master: collecting remote 5280[21]
master: collecting remote 5520[22]
master: collecting remote 5760[23]
master: collecting remote 6000[24]
master: collecting remote 6240[25]
master: collecting remote 6480[26]
master: collecting remote 6720[27]
master: collecting remote 6960[28]
master: collecting remote 7200[29]
master: collecting remote 7440[30]
master: collecting remote 7680[31]
master: collecting remote 7920[32]
master: collecting remote 8160[33]
master: collecting remote 8400[34]
master: collecting remote 8640[35]
master: collecting remote 8880[36]
 === Time spent: 25.477136 seconds
 ====================== Congradulations! Matrix Multiplication successfully performed =================== 
 ====================== Congradulations! Matrix Multiplication successfully performed =================== 
 ====================== Congradulations! Matrix Multiplication successfully performed =================== 
 ====================== Congradulations! Matrix Multiplication successfully performed =================== 
 ====================== Congradulations! Matrix Multiplication successfully performed =================== 
 ====================== Congradulations! Matrix Multiplication successfully performed =================== 
 ====================== Congradulations! Matrix Multiplication successfully performed =================== 
 ====================== Congradulations! Matrix Multiplication successfully performed =================== 
 ====================== Congradulations! Matrix Multiplication successfully performed =================== 
 ====================== Congradulations! Matrix Multiplication successfully performed =================== 
 ====================== Congradulations! Matrix Multiplication successfully performed =================== 
 ====================== Congradulations! Matrix Multiplication successfully performed =================== 
 ====================== Congradulations! Matrix Multiplication successfully performed =================== 
 ====================== Congradulations! Matrix Multiplication successfully performed =================== 
 ====================== Congradulations! Matrix Multiplication successfully performed =================== 
 ====================== Congradulations! Matrix Multiplication successfully performed =================== 
 ====================== Congradulations! Matrix Multiplication successfully performed =================== 
 ====================== Congradulations! Matrix Multiplication successfully performed =================== 
 ====================== Congradulations! Matrix Multiplication successfully performed =================== 
 ====================== Congradulations! Matrix Multiplication successfully performed =================== 
 ====================== Congradulations! Matrix Multiplication successfully performed =================== 
 ====================== Congradulations! Matrix Multiplication successfully performed =================== 
 ====================== Congradulations! Matrix Multiplication successfully performed =================== 
 ====================== Congradulations! Matrix Multiplication successfully performed =================== 
terminating matrix workers...
 =========== SUCCESS =============
