 ===== launching single host matrix multiplication program ===== 
 # MPI Groups:12
 # Threads per group:24
 # SIZE:12000
 # G:   960
 ###########################
 ** Launching SynergyWrapper process@2...
 ** Launching SynergyWrapper process@3...
 ** Launching SynergyWrapper process@4...
 ** Launching SynergyWrapper process@5...
 ** Launching SynergyWrapper process@6...
 ** Launching SynergyWrapper process@7...
 ** Launching SynergyWrapper process@8...
 ** Launching SynergyWrapper process@9...
 ** Launching SynergyWrapper process@10...
 ** Launching SynergyWrapper process@11...
 ** Launching SynergyWrapper process@12...
ts: attempting to receive an integer
ts: local tsd is master
Sending part 960[0]
Sending part 1920[1]
Sending part 2880[2]
Sending part 3840[3]
Sending part 4800[4]
Sending part 5760[5]
Sending part 6720[6]
Sending part 7680[7]
Sending part 8640[8]
Sending part 9600[9]
Sending part 10560[10]
Sending part 11520[11]
master: synchronizing
Client[1]: sending back to master
Client[3]: sending back to master
Client[5]: sending back to master
Client[9]: sending back to master
Client[11]: sending back to master
Client[13]: sending back to master
Client[15]: sending back to master
Client[17]: sending back to master
Client[19]: sending back to master
Client[21]: sending back to master
Client[7]: sending back to master
Client[23]: sending back to master
Client[2]: sending back to master
Client[4]: sending back to master
Client[6]: sending back to master
Client[8]: sending back to master
Client[10]: sending back to master
Client[12]: sending back to master
Client[14]: sending back to master
Client[16]: sending back to master
Client[18]: sending back to master
Client[20]: sending back to master
Client[22]: sending back to master
master: collecting remote 960[0]
master: collecting remote 1920[1]
master: collecting remote 2880[2]
master: collecting remote 3840[3]
master: collecting remote 4800[4]
master: collecting remote 5760[5]
master: collecting remote 6720[6]
master: collecting remote 7680[7]
master: collecting remote 8640[8]
master: collecting remote 9600[9]
master: collecting remote 10560[10]
master: collecting remote 11520[11]
 === Time spent: 72.603170 seconds
 ====================== Congradulations! Matrix Multiplication successfully performed =================== 
 ====================== Congradulations! Matrix Multiplication successfully performed =================== 
 ====================== Congradulations! Matrix Multiplication successfully performed =================== 
 ====================== Congradulations! Matrix Multiplication successfully performed =================== 
 ====================== Congradulations! Matrix Multiplication successfully performed =================== 
 ====================== Congradulations! Matrix Multiplication successfully performed =================== 
 ====================== Congradulations! Matrix Multiplication successfully performed =================== 
 ====================== Congradulations! Matrix Multiplication successfully performed =================== 
 ====================== Congradulations! Matrix Multiplication successfully performed =================== 
 ====================== Congradulations! Matrix Multiplication successfully performed =================== 
 ====================== Congradulations! Matrix Multiplication successfully performed =================== 
 ====================== Congradulations! Matrix Multiplication successfully performed =================== 
 ====================== Congradulations! Matrix Multiplication successfully performed =================== 
 ====================== Congradulations! Matrix Multiplication successfully performed =================== 
 ====================== Congradulations! Matrix Multiplication successfully performed =================== 
 ====================== Congradulations! Matrix Multiplication successfully performed =================== 
 ====================== Congradulations! Matrix Multiplication successfully performed =================== 
 ====================== Congradulations! Matrix Multiplication successfully performed =================== 
 ====================== Congradulations! Matrix Multiplication successfully performed =================== 
 ====================== Congradulations! Matrix Multiplication successfully performed =================== 
 ====================== Congradulations! Matrix Multiplication successfully performed =================== 
 ====================== Congradulations! Matrix Multiplication successfully performed =================== 
 ====================== Congradulations! Matrix Multiplication successfully performed =================== 
 ====================== Congradulations! Matrix Multiplication successfully performed =================== 
terminating matrix workers...
 =========== SUCCESS =============
 ===== launching single host matrix multiplication program ===== 
 # MPI Groups:12
 # Threads per group:24
 # SIZE:12000
 # G:   960
 ###########################
 ** Launching SynergyWrapper process@2...
 ** Launching SynergyWrapper process@3...
 ** Launching SynergyWrapper process@4...
 ** Launching SynergyWrapper process@5...
 ** Launching SynergyWrapper process@6...
 ** Launching SynergyWrapper process@7...
 ** Launching SynergyWrapper process@8...
 ** Launching SynergyWrapper process@9...
 ** Launching SynergyWrapper process@10...
 ** Launching SynergyWrapper process@11...
 ** Launching SynergyWrapper process@12...
ts: attempting to receive an integer
ts: local tsd is master
Sending part 960[0]
Sending part 1920[1]
Sending part 2880[2]
Sending part 3840[3]
Sending part 4800[4]
Sending part 5760[5]
Sending part 6720[6]
Sending part 7680[7]
Sending part 8640[8]
Sending part 9600[9]
Sending part 10560[10]
Sending part 11520[11]
master: synchronizing
Client[1]: sending back to master
Client[3]: sending back to master
Client[5]: sending back to master
Client[7]: sending back to master
Client[9]: sending back to master
Client[11]: sending back to master
Client[13]: sending back to master
Client[15]: sending back to master
Client[17]: sending back to master
Client[19]: sending back to master
Client[21]: sending back to master
Client[23]: sending back to master
Client[2]: sending back to master
Client[10]: sending back to master
Client[14]: sending back to master
Client[18]: sending back to master
Client[22]: sending back to master
Client[6]: sending back to master
Client[4]: sending back to master
Client[8]: sending back to master
Client[12]: sending back to master
Client[16]: sending back to master
Client[20]: sending back to master
master: collecting remote 960[0]
master: collecting remote 1920[1]
master: collecting remote 2880[2]
master: collecting remote 3840[3]
master: collecting remote 4800[4]
master: collecting remote 5760[5]
master: collecting remote 6720[6]
master: collecting remote 7680[7]
master: collecting remote 8640[8]
master: collecting remote 9600[9]
master: collecting remote 10560[10]
master: collecting remote 11520[11]
 === Time spent: 75.454702 seconds
 ====================== Congradulations! Matrix Multiplication successfully performed =================== 
 ====================== Congradulations! Matrix Multiplication successfully performed =================== 
 ====================== Congradulations! Matrix Multiplication successfully performed =================== 
 ====================== Congradulations! Matrix Multiplication successfully performed =================== 
 ====================== Congradulations! Matrix Multiplication successfully performed =================== 
 ====================== Congradulations! Matrix Multiplication successfully performed =================== 
 ====================== Congradulations! Matrix Multiplication successfully performed =================== 
 ====================== Congradulations! Matrix Multiplication successfully performed =================== 
 ====================== Congradulations! Matrix Multiplication successfully performed =================== 
 ====================== Congradulations! Matrix Multiplication successfully performed =================== 
 ====================== Congradulations! Matrix Multiplication successfully performed =================== 
 ====================== Congradulations! Matrix Multiplication successfully performed =================== 
 ====================== Congradulations! Matrix Multiplication successfully performed =================== 
 ====================== Congradulations! Matrix Multiplication successfully performed =================== 
 ====================== Congradulations! Matrix Multiplication successfully performed =================== 
 ====================== Congradulations! Matrix Multiplication successfully performed =================== 
 ====================== Congradulations! Matrix Multiplication successfully performed =================== 
 ====================== Congradulations! Matrix Multiplication successfully performed =================== 
 ====================== Congradulations! Matrix Multiplication successfully performed =================== 
 ====================== Congradulations! Matrix Multiplication successfully performed =================== 
 ====================== Congradulations! Matrix Multiplication successfully performed =================== 
 ====================== Congradulations! Matrix Multiplication successfully performed =================== 
 ====================== Congradulations! Matrix Multiplication successfully performed =================== 
 ====================== Congradulations! Matrix Multiplication successfully performed =================== 
terminating matrix workers...
 =========== SUCCESS =============
