 ===== launching single host matrix multiplication program ===== 
 # MPI Groups:12
 # Threads per group:24
 # SIZE:12000
 # G:   550
 ###########################
 ** Launching SynergyWrapper process@2...
 ** Launching SynergyWrapper process@3...
 ** Launching SynergyWrapper process@4...
 ** Launching SynergyWrapper process@5...
 ** Launching SynergyWrapper process@6...
 ** Launching SynergyWrapper process@7...
 ** Launching SynergyWrapper process@8...
 ** Launching SynergyWrapper process@9...
 ** Launching SynergyWrapper process@10...
 ** Launching SynergyWrapper process@11...
 ** Launching SynergyWrapper process@12...
ts: attempting to receive an integer
ts: local tsd is master
Sending part 550[0]
Sending part 1100[1]
Sending part 1650[2]
Sending part 2200[3]
Sending part 2750[4]
Sending part 3300[5]
Sending part 3850[6]
Sending part 4400[7]
Sending part 4950[8]
Sending part 5500[9]
Sending part 6050[10]
Sending part 6600[11]
Sending part 7150[12]
Sending part 7700[13]
Sending part 8250[14]
Sending part 8800[15]
Sending part 9350[16]
Sending part 9900[17]
Sending part 10450[18]
Sending part 11000[19]
Sending part 11550[20]
master: synchronizing
Client[3]: sending back to master
Client[4]: sending back to master
Client[5]: sending back to master
Client[6]: sending back to master
Client[7]: sending back to master
Client[8]: sending back to master
Client[10]: sending back to master
Client[11]: sending back to master
Client[12]: sending back to master
Client[13]: sending back to master
Client[14]: sending back to master
Client[15]: sending back to master
Client[16]: sending back to master
Client[18]: sending back to master
Client[19]: sending back to master
Client[20]: sending back to master
Client[21]: sending back to master
Client[22]: sending back to master
Client[23]: sending back to master
Client[1]: sending back to master
Client[2]: sending back to master
Client[9]: sending back to master
Client[17]: sending back to master
master: collecting remote 550[0]
master: collecting remote 1100[1]
master: collecting remote 1650[2]
master: collecting remote 2200[3]
master: collecting remote 2750[4]
master: collecting remote 3300[5]
master: collecting remote 3850[6]
master: collecting remote 4400[7]
master: collecting remote 4950[8]
master: collecting remote 5500[9]
master: collecting remote 6050[10]
master: collecting remote 6600[11]
master: collecting remote 7150[12]
master: collecting remote 7700[13]
master: collecting remote 8250[14]
master: collecting remote 8800[15]
master: collecting remote 9350[16]
master: collecting remote 9900[17]
master: collecting remote 10450[18]
master: collecting remote 11000[19]
master: collecting remote 11550[20]
 === Time spent: 83.835466 seconds
 ====================== Congradulations! Matrix Multiplication successfully performed =================== 
 ====================== Congradulations! Matrix Multiplication successfully performed =================== 
 ====================== Congradulations! Matrix Multiplication successfully performed =================== 
 ====================== Congradulations! Matrix Multiplication successfully performed =================== 
 ====================== Congradulations! Matrix Multiplication successfully performed =================== 
 ====================== Congradulations! Matrix Multiplication successfully performed =================== 
 ====================== Congradulations! Matrix Multiplication successfully performed =================== 
 ====================== Congradulations! Matrix Multiplication successfully performed =================== 
 ====================== Congradulations! Matrix Multiplication successfully performed =================== 
 ====================== Congradulations! Matrix Multiplication successfully performed =================== 
 ====================== Congradulations! Matrix Multiplication successfully performed =================== 
 ====================== Congradulations! Matrix Multiplication successfully performed =================== 
 ====================== Congradulations! Matrix Multiplication successfully performed =================== 
 ====================== Congradulations! Matrix Multiplication successfully performed =================== 
 ====================== Congradulations! Matrix Multiplication successfully performed =================== 
 ====================== Congradulations! Matrix Multiplication successfully performed =================== 
 ====================== Congradulations! Matrix Multiplication successfully performed =================== 
 ====================== Congradulations! Matrix Multiplication successfully performed =================== 
 ====================== Congradulations! Matrix Multiplication successfully performed =================== 
 ====================== Congradulations! Matrix Multiplication successfully performed =================== 
 ====================== Congradulations! Matrix Multiplication successfully performed =================== 
 ====================== Congradulations! Matrix Multiplication successfully performed =================== 
 ====================== Congradulations! Matrix Multiplication successfully performed =================== 
 ====================== Congradulations! Matrix Multiplication successfully performed =================== 
terminating matrix workers...
 =========== SUCCESS =============
 ===== launching single host matrix multiplication program ===== 
 # MPI Groups:12
 # Threads per group:24
 # SIZE:12000
 # G:   550
 ###########################
 ** Launching SynergyWrapper process@2...
 ** Launching SynergyWrapper process@3...
 ** Launching SynergyWrapper process@4...
 ** Launching SynergyWrapper process@5...
 ** Launching SynergyWrapper process@6...
 ** Launching SynergyWrapper process@7...
 ** Launching SynergyWrapper process@8...
 ** Launching SynergyWrapper process@9...
 ** Launching SynergyWrapper process@10...
 ** Launching SynergyWrapper process@11...
 ** Launching SynergyWrapper process@12...
ts: attempting to receive an integer
ts: local tsd is master
Sending part 550[0]
Sending part 1100[1]
Sending part 1650[2]
Sending part 2200[3]
Sending part 2750[4]
Sending part 3300[5]
Sending part 3850[6]
Sending part 4400[7]
Sending part 4950[8]
Sending part 5500[9]
Sending part 6050[10]
Sending part 6600[11]
Sending part 7150[12]
Sending part 7700[13]
Sending part 8250[14]
Sending part 8800[15]
Sending part 9350[16]
Sending part 9900[17]
Sending part 10450[18]
Sending part 11000[19]
Sending part 11550[20]
master: synchronizing
Client[3]: sending back to master
Client[7]: sending back to master
Client[8]: sending back to master
Client[9]: sending back to master
Client[10]: sending back to master
Client[11]: sending back to master
Client[12]: sending back to master
Client[13]: sending back to master
Client[14]: sending back to master
Client[15]: sending back to master
Client[16]: sending back to master
Client[17]: sending back to master
Client[18]: sending back to master
Client[19]: sending back to master
Client[20]: sending back to master
Client[21]: sending back to master
Client[22]: sending back to master
Client[23]: sending back to master
Client[1]: sending back to master
Client[2]: sending back to master
Client[4]: sending back to master
Client[5]: sending back to master
Client[6]: sending back to master
master: collecting remote 550[0]
master: collecting remote 1100[1]
master: collecting remote 1650[2]
master: collecting remote 2200[3]
master: collecting remote 2750[4]
master: collecting remote 3300[5]
master: collecting remote 3850[6]
master: collecting remote 4400[7]
master: collecting remote 4950[8]
master: collecting remote 5500[9]
master: collecting remote 6050[10]
master: collecting remote 6600[11]
master: collecting remote 7150[12]
master: collecting remote 7700[13]
master: collecting remote 8250[14]
master: collecting remote 8800[15]
master: collecting remote 9350[16]
master: collecting remote 9900[17]
master: collecting remote 10450[18]
master: collecting remote 11000[19]
master: collecting remote 11550[20]
 === Time spent: 85.225160 seconds
 ====================== Congradulations! Matrix Multiplication successfully performed =================== 
 ====================== Congradulations! Matrix Multiplication successfully performed =================== 
 ====================== Congradulations! Matrix Multiplication successfully performed =================== 
 ====================== Congradulations! Matrix Multiplication successfully performed =================== 
 ====================== Congradulations! Matrix Multiplication successfully performed =================== 
 ====================== Congradulations! Matrix Multiplication successfully performed =================== 
 ====================== Congradulations! Matrix Multiplication successfully performed =================== 
 ====================== Congradulations! Matrix Multiplication successfully performed =================== 
 ====================== Congradulations! Matrix Multiplication successfully performed =================== 
 ====================== Congradulations! Matrix Multiplication successfully performed =================== 
 ====================== Congradulations! Matrix Multiplication successfully performed =================== 
 ====================== Congradulations! Matrix Multiplication successfully performed =================== 
 ====================== Congradulations! Matrix Multiplication successfully performed =================== 
 ====================== Congradulations! Matrix Multiplication successfully performed =================== 
 ====================== Congradulations! Matrix Multiplication successfully performed =================== 
 ====================== Congradulations! Matrix Multiplication successfully performed =================== 
 ====================== Congradulations! Matrix Multiplication successfully performed =================== 
 ====================== Congradulations! Matrix Multiplication successfully performed =================== 
 ====================== Congradulations! Matrix Multiplication successfully performed =================== 
 ====================== Congradulations! Matrix Multiplication successfully performed =================== 
 ====================== Congradulations! Matrix Multiplication successfully performed =================== 
 ====================== Congradulations! Matrix Multiplication successfully performed =================== 
 ====================== Congradulations! Matrix Multiplication successfully performed =================== 
 ====================== Congradulations! Matrix Multiplication successfully performed =================== 
terminating matrix workers...
 =========== SUCCESS =============
