 ===== launching single host matrix multiplication program ===== 
 # MPI Groups:12
 # Threads per group:24
 # SIZE:9000
 # G:   460
 ###########################
 ** Launching SynergyWrapper process@2...
 ** Launching SynergyWrapper process@3...
 ** Launching SynergyWrapper process@4...
 ** Launching SynergyWrapper process@5...
 ** Launching SynergyWrapper process@6...
 ** Launching SynergyWrapper process@7...
 ** Launching SynergyWrapper process@8...
 ** Launching SynergyWrapper process@9...
 ** Launching SynergyWrapper process@10...
 ** Launching SynergyWrapper process@11...
 ** Launching SynergyWrapper process@12...
ts: attempting to receive an integer
ts: local tsd is master
Sending part 460[0]
Sending part 920[1]
Sending part 1380[2]
Sending part 1840[3]
Sending part 2300[4]
Sending part 2760[5]
Sending part 3220[6]
Sending part 3680[7]
Sending part 4140[8]
Sending part 4600[9]
Sending part 5060[10]
Sending part 5520[11]
Sending part 5980[12]
Sending part 6440[13]
Sending part 6900[14]
Sending part 7360[15]
Sending part 7820[16]
Sending part 8280[17]
Sending part 8740[18]
master: synchronizing
Client[2]: sending back to master
Client[4]: sending back to master
Client[6]: sending back to master
Client[7]: sending back to master
Client[8]: sending back to master
Client[9]: sending back to master
Client[10]: sending back to master
Client[11]: sending back to master
Client[12]: sending back to master
Client[13]: sending back to master
Client[14]: sending back to master
Client[15]: sending back to master
Client[16]: sending back to master
Client[17]: sending back to master
Client[18]: sending back to master
Client[19]: sending back to master
Client[20]: sending back to master
Client[21]: sending back to master
Client[22]: sending back to master
Client[23]: sending back to master
Client[1]: sending back to master
Client[3]: sending back to master
Client[5]: sending back to master
master: collecting remote 460[0]
master: collecting remote 920[1]
master: collecting remote 1380[2]
master: collecting remote 1840[3]
master: collecting remote 2300[4]
master: collecting remote 2760[5]
master: collecting remote 3220[6]
master: collecting remote 3680[7]
master: collecting remote 4140[8]
master: collecting remote 4600[9]
master: collecting remote 5060[10]
master: collecting remote 5520[11]
master: collecting remote 5980[12]
master: collecting remote 6440[13]
master: collecting remote 6900[14]
master: collecting remote 7360[15]
master: collecting remote 7820[16]
master: collecting remote 8280[17]
master: collecting remote 8740[18]
 === Time spent: 28.821566 seconds
 ====================== Congradulations! Matrix Multiplication successfully performed =================== 
 ====================== Congradulations! Matrix Multiplication successfully performed =================== 
 ====================== Congradulations! Matrix Multiplication successfully performed =================== 
 ====================== Congradulations! Matrix Multiplication successfully performed =================== 
 ====================== Congradulations! Matrix Multiplication successfully performed =================== 
 ====================== Congradulations! Matrix Multiplication successfully performed =================== 
 ====================== Congradulations! Matrix Multiplication successfully performed =================== 
 ====================== Congradulations! Matrix Multiplication successfully performed =================== 
 ====================== Congradulations! Matrix Multiplication successfully performed =================== 
 ====================== Congradulations! Matrix Multiplication successfully performed =================== 
 ====================== Congradulations! Matrix Multiplication successfully performed =================== 
 ====================== Congradulations! Matrix Multiplication successfully performed =================== 
 ====================== Congradulations! Matrix Multiplication successfully performed =================== 
 ====================== Congradulations! Matrix Multiplication successfully performed =================== 
 ====================== Congradulations! Matrix Multiplication successfully performed =================== 
 ====================== Congradulations! Matrix Multiplication successfully performed =================== 
 ====================== Congradulations! Matrix Multiplication successfully performed =================== 
 ====================== Congradulations! Matrix Multiplication successfully performed =================== 
 ====================== Congradulations! Matrix Multiplication successfully performed =================== 
 ====================== Congradulations! Matrix Multiplication successfully performed =================== 
 ====================== Congradulations! Matrix Multiplication successfully performed =================== 
 ====================== Congradulations! Matrix Multiplication successfully performed =================== 
 ====================== Congradulations! Matrix Multiplication successfully performed =================== 
 ====================== Congradulations! Matrix Multiplication successfully performed =================== 
terminating matrix workers...
 =========== SUCCESS =============
 ===== launching single host matrix multiplication program ===== 
 # MPI Groups:12
 # Threads per group:24
 # SIZE:9000
 # G:   460
 ###########################
 ** Launching SynergyWrapper process@2...
 ** Launching SynergyWrapper process@3...
 ** Launching SynergyWrapper process@4...
 ** Launching SynergyWrapper process@5...
 ** Launching SynergyWrapper process@6...
 ** Launching SynergyWrapper process@7...
 ** Launching SynergyWrapper process@8...
 ** Launching SynergyWrapper process@9...
 ** Launching SynergyWrapper process@10...
 ** Launching SynergyWrapper process@11...
 ** Launching SynergyWrapper process@12...
ts: attempting to receive an integer
ts: local tsd is master
Sending part 460[0]
Sending part 920[1]
Sending part 1380[2]
Sending part 1840[3]
Sending part 2300[4]
Sending part 2760[5]
Sending part 3220[6]
Sending part 3680[7]
Sending part 4140[8]
Sending part 4600[9]
Sending part 5060[10]
Sending part 5520[11]
Sending part 5980[12]
Sending part 6440[13]
Sending part 6900[14]
Sending part 7360[15]
Sending part 7820[16]
Sending part 8280[17]
Sending part 8740[18]
master: synchronizing
Client[2]: sending back to master
Client[4]: sending back to master
Client[6]: sending back to master
Client[8]: sending back to master
Client[10]: sending back to master
Client[12]: sending back to master
Client[14]: sending back to master
Client[16]: sending back to master
Client[18]: sending back to master
Client[20]: sending back to master
Client[22]: sending back to master
Client[1]: sending back to master
Client[3]: sending back to master
Client[5]: sending back to master
Client[7]: sending back to master
Client[9]: sending back to master
Client[11]: sending back to master
Client[13]: sending back to master
Client[15]: sending back to master
Client[17]: sending back to master
Client[19]: sending back to master
Client[21]: sending back to master
Client[23]: sending back to master
master: collecting remote 460[0]
master: collecting remote 920[1]
master: collecting remote 1380[2]
master: collecting remote 1840[3]
master: collecting remote 2300[4]
master: collecting remote 2760[5]
master: collecting remote 3220[6]
master: collecting remote 3680[7]
master: collecting remote 4140[8]
master: collecting remote 4600[9]
master: collecting remote 5060[10]
master: collecting remote 5520[11]
master: collecting remote 5980[12]
master: collecting remote 6440[13]
master: collecting remote 6900[14]
master: collecting remote 7360[15]
master: collecting remote 7820[16]
master: collecting remote 8280[17]
master: collecting remote 8740[18]
 === Time spent: 28.620665 seconds
 ====================== Congradulations! Matrix Multiplication successfully performed =================== 
 ====================== Congradulations! Matrix Multiplication successfully performed =================== 
 ====================== Congradulations! Matrix Multiplication successfully performed =================== 
 ====================== Congradulations! Matrix Multiplication successfully performed =================== 
 ====================== Congradulations! Matrix Multiplication successfully performed =================== 
 ====================== Congradulations! Matrix Multiplication successfully performed =================== 
 ====================== Congradulations! Matrix Multiplication successfully performed =================== 
 ====================== Congradulations! Matrix Multiplication successfully performed =================== 
 ====================== Congradulations! Matrix Multiplication successfully performed =================== 
 ====================== Congradulations! Matrix Multiplication successfully performed =================== 
 ====================== Congradulations! Matrix Multiplication successfully performed =================== 
 ====================== Congradulations! Matrix Multiplication successfully performed =================== 
 ====================== Congradulations! Matrix Multiplication successfully performed =================== 
 ====================== Congradulations! Matrix Multiplication successfully performed =================== 
 ====================== Congradulations! Matrix Multiplication successfully performed =================== 
 ====================== Congradulations! Matrix Multiplication successfully performed =================== 
 ====================== Congradulations! Matrix Multiplication successfully performed =================== 
 ====================== Congradulations! Matrix Multiplication successfully performed =================== 
 ====================== Congradulations! Matrix Multiplication successfully performed =================== 
 ====================== Congradulations! Matrix Multiplication successfully performed =================== 
 ====================== Congradulations! Matrix Multiplication successfully performed =================== 
 ====================== Congradulations! Matrix Multiplication successfully performed =================== 
 ====================== Congradulations! Matrix Multiplication successfully performed =================== 
 ====================== Congradulations! Matrix Multiplication successfully performed =================== 
terminating matrix workers...
 =========== SUCCESS =============
