 ===== launching single host matrix multiplication program ===== 
 # MPI Groups:12
 # Threads per group:24
 # SIZE:9000
 # G:   340
 ###########################
 ** Launching SynergyWrapper process@2...
 ** Launching SynergyWrapper process@3...
 ** Launching SynergyWrapper process@4...
 ** Launching SynergyWrapper process@5...
 ** Launching SynergyWrapper process@6...
 ** Launching SynergyWrapper process@7...
 ** Launching SynergyWrapper process@8...
 ** Launching SynergyWrapper process@9...
 ** Launching SynergyWrapper process@10...
 ** Launching SynergyWrapper process@11...
 ** Launching SynergyWrapper process@12...
ts: attempting to receive an integer
ts: local tsd is master
Sending part 340[0]
Sending part 680[1]
Sending part 1020[2]
Sending part 1360[3]
Sending part 1700[4]
Sending part 2040[5]
Sending part 2380[6]
Sending part 2720[7]
Sending part 3060[8]
Sending part 3400[9]
Sending part 3740[10]
Sending part 4080[11]
Sending part 4420[12]
Sending part 4760[13]
Sending part 5100[14]
Sending part 5440[15]
Sending part 5780[16]
Sending part 6120[17]
Sending part 6460[18]
Sending part 6800[19]
Sending part 7140[20]
Sending part 7480[21]
Sending part 7820[22]
Sending part 8160[23]
Sending part 8500[24]
Sending part 8840[25]
master: synchronizing
Client[1]: sending back to master
Client[2]: sending back to master
Client[3]: sending back to master
Client[4]: sending back to master
Client[5]: sending back to master
Client[6]: sending back to master
Client[7]: sending back to master
Client[8]: sending back to master
Client[9]: sending back to master
Client[10]: sending back to master
Client[11]: sending back to master
Client[12]: sending back to master
Client[13]: sending back to master
Client[14]: sending back to master
Client[15]: sending back to master
Client[16]: sending back to master
Client[17]: sending back to master
Client[18]: sending back to master
Client[19]: sending back to master
Client[20]: sending back to master
Client[21]: sending back to master
Client[22]: sending back to master
Client[23]: sending back to master
master: collecting remote 340[0]
master: collecting remote 680[1]
master: collecting remote 1020[2]
master: collecting remote 1360[3]
master: collecting remote 1700[4]
master: collecting remote 2040[5]
master: collecting remote 2380[6]
master: collecting remote 2720[7]
master: collecting remote 3060[8]
master: collecting remote 3400[9]
master: collecting remote 3740[10]
master: collecting remote 4080[11]
master: collecting remote 4420[12]
master: collecting remote 4760[13]
master: collecting remote 5100[14]
master: collecting remote 5440[15]
master: collecting remote 5780[16]
master: collecting remote 6120[17]
master: collecting remote 6460[18]
master: collecting remote 6800[19]
master: collecting remote 7140[20]
master: collecting remote 7480[21]
master: collecting remote 7820[22]
master: collecting remote 8160[23]
master: collecting remote 8500[24]
master: collecting remote 8840[25]
 === Time spent: 31.297820 seconds
 ====================== Congradulations! Matrix Multiplication successfully performed =================== 
 ====================== Congradulations! Matrix Multiplication successfully performed =================== 
 ====================== Congradulations! Matrix Multiplication successfully performed =================== 
 ====================== Congradulations! Matrix Multiplication successfully performed =================== 
 ====================== Congradulations! Matrix Multiplication successfully performed =================== 
 ====================== Congradulations! Matrix Multiplication successfully performed =================== 
 ====================== Congradulations! Matrix Multiplication successfully performed =================== 
 ====================== Congradulations! Matrix Multiplication successfully performed =================== 
 ====================== Congradulations! Matrix Multiplication successfully performed =================== 
 ====================== Congradulations! Matrix Multiplication successfully performed =================== 
 ====================== Congradulations! Matrix Multiplication successfully performed =================== 
 ====================== Congradulations! Matrix Multiplication successfully performed =================== 
 ====================== Congradulations! Matrix Multiplication successfully performed =================== 
 ====================== Congradulations! Matrix Multiplication successfully performed =================== 
 ====================== Congradulations! Matrix Multiplication successfully performed =================== 
 ====================== Congradulations! Matrix Multiplication successfully performed =================== 
 ====================== Congradulations! Matrix Multiplication successfully performed =================== 
 ====================== Congradulations! Matrix Multiplication successfully performed =================== 
 ====================== Congradulations! Matrix Multiplication successfully performed =================== 
 ====================== Congradulations! Matrix Multiplication successfully performed =================== 
 ====================== Congradulations! Matrix Multiplication successfully performed =================== 
 ====================== Congradulations! Matrix Multiplication successfully performed =================== 
 ====================== Congradulations! Matrix Multiplication successfully performed =================== 
 ====================== Congradulations! Matrix Multiplication successfully performed =================== 
terminating matrix workers...
 =========== SUCCESS =============
 ===== launching single host matrix multiplication program ===== 
 # MPI Groups:12
 # Threads per group:24
 # SIZE:9000
 # G:   340
 ###########################
 ** Launching SynergyWrapper process@2...
 ** Launching SynergyWrapper process@3...
 ** Launching SynergyWrapper process@4...
 ** Launching SynergyWrapper process@5...
 ** Launching SynergyWrapper process@6...
 ** Launching SynergyWrapper process@7...
 ** Launching SynergyWrapper process@8...
 ** Launching SynergyWrapper process@9...
 ** Launching SynergyWrapper process@10...
 ** Launching SynergyWrapper process@11...
 ** Launching SynergyWrapper process@12...
ts: attempting to receive an integer
ts: local tsd is master
Sending part 340[0]
Sending part 680[1]
Sending part 1020[2]
Sending part 1360[3]
Sending part 1700[4]
Sending part 2040[5]
Sending part 2380[6]
Sending part 2720[7]
Sending part 3060[8]
Sending part 3400[9]
Sending part 3740[10]
Sending part 4080[11]
Sending part 4420[12]
Sending part 4760[13]
Sending part 5100[14]
Sending part 5440[15]
Sending part 5780[16]
Sending part 6120[17]
Sending part 6460[18]
Sending part 6800[19]
Sending part 7140[20]
Sending part 7480[21]
Sending part 7820[22]
Sending part 8160[23]
Sending part 8500[24]
Sending part 8840[25]
master: synchronizing
Client[2]: sending back to master
Client[4]: sending back to master
Client[6]: sending back to master
Client[8]: sending back to master
Client[10]: sending back to master
Client[12]: sending back to master
Client[14]: sending back to master
Client[15]: sending back to master
Client[16]: sending back to master
Client[17]: sending back to master
Client[18]: sending back to master
Client[19]: sending back to master
Client[20]: sending back to master
Client[21]: sending back to master
Client[22]: sending back to master
Client[23]: sending back to master
Client[1]: sending back to master
Client[3]: sending back to master
Client[5]: sending back to master
Client[7]: sending back to master
Client[9]: sending back to master
Client[11]: sending back to master
Client[13]: sending back to master
master: collecting remote 340[0]
master: collecting remote 680[1]
master: collecting remote 1020[2]
master: collecting remote 1360[3]
master: collecting remote 1700[4]
master: collecting remote 2040[5]
master: collecting remote 2380[6]
master: collecting remote 2720[7]
master: collecting remote 3060[8]
master: collecting remote 3400[9]
master: collecting remote 3740[10]
master: collecting remote 4080[11]
master: collecting remote 4420[12]
master: collecting remote 4760[13]
master: collecting remote 5100[14]
master: collecting remote 5440[15]
master: collecting remote 5780[16]
master: collecting remote 6120[17]
master: collecting remote 6460[18]
master: collecting remote 6800[19]
master: collecting remote 7140[20]
master: collecting remote 7480[21]
master: collecting remote 7820[22]
master: collecting remote 8160[23]
master: collecting remote 8500[24]
master: collecting remote 8840[25]
 === Time spent: 30.534517 seconds
 ====================== Congradulations! Matrix Multiplication successfully performed =================== 
 ====================== Congradulations! Matrix Multiplication successfully performed =================== 
 ====================== Congradulations! Matrix Multiplication successfully performed =================== 
 ====================== Congradulations! Matrix Multiplication successfully performed =================== 
 ====================== Congradulations! Matrix Multiplication successfully performed =================== 
 ====================== Congradulations! Matrix Multiplication successfully performed =================== 
 ====================== Congradulations! Matrix Multiplication successfully performed =================== 
 ====================== Congradulations! Matrix Multiplication successfully performed =================== 
 ====================== Congradulations! Matrix Multiplication successfully performed =================== 
 ====================== Congradulations! Matrix Multiplication successfully performed =================== 
 ====================== Congradulations! Matrix Multiplication successfully performed =================== 
 ====================== Congradulations! Matrix Multiplication successfully performed =================== 
 ====================== Congradulations! Matrix Multiplication successfully performed =================== 
 ====================== Congradulations! Matrix Multiplication successfully performed =================== 
 ====================== Congradulations! Matrix Multiplication successfully performed =================== 
 ====================== Congradulations! Matrix Multiplication successfully performed =================== 
 ====================== Congradulations! Matrix Multiplication successfully performed =================== 
 ====================== Congradulations! Matrix Multiplication successfully performed =================== 
 ====================== Congradulations! Matrix Multiplication successfully performed =================== 
 ====================== Congradulations! Matrix Multiplication successfully performed =================== 
 ====================== Congradulations! Matrix Multiplication successfully performed =================== 
 ====================== Congradulations! Matrix Multiplication successfully performed =================== 
 ====================== Congradulations! Matrix Multiplication successfully performed =================== 
 ====================== Congradulations! Matrix Multiplication successfully performed =================== 
terminating matrix workers...
 =========== SUCCESS =============
