 === before clean up === 
~~~~~~ ls -l /tmp
total 1180
-rw------- 1 cc cc 814286 Mar 27 15:05 synergy4_128402.log
-rw------- 1 cc cc   9724 Mar 27 15:05 synergy4_p2pmd_128402.log
-rw------- 1 cc cc    768 Mar 27 15:02 synergy4_parser_128402.log
-rw------- 1 cc cc 374685 Mar 27 15:05 synergy4_tsd_128402.log
srwxrwxr-x 1 cc cc      0 Mar 27 15:02 tsd1
~~~~~~ ls -l /dev/shm
total 7832
-rwxrwxr-x 1 cc cc 4000000 Mar 27 15:04 matrix-pull
-rwxrwxr-x 1 cc cc 4000000 Mar 27 15:04 matrix-push
-rwxrwxr-x 1 cc cc      32 Mar 27 15:02 sem.matrix-pull-rsem
-rwxrwxr-x 1 cc cc      32 Mar 27 15:02 sem.matrix-pull-wsem
-rwxrwxr-x 1 cc cc      32 Mar 27 15:02 sem.matrix-push-rsem
-rwxrwxr-x 1 cc cc      32 Mar 27 15:02 sem.matrix-push-wsem
 === clean up ===
total 0
total 0
 === done ===
 *============== Launching remote tsd at 1 =============* 
 ====== tsd launch complete. You have 1 tsd instance. ====== 
cc       128944  0.0  0.0 144504  5020 ?        Sl   15:05   0:00 /home/cc/Synergy4/s4c00/cmake-build-debug/sng_tsd /home/cc/Synergy4/s4c00/etc/sng1.json /home/cc/Synergy4/s4c00/etc/synergy-log.conf
cc       128946  0.0  0.0  12944   968 ?        S    15:05   0:00 grep sng_tsd
 ============================================================ 
 === before clean up === 
~~~~~~ ls -l /tmp
total 28
-rw------- 1 cc cc 12995 Mar 27 15:05 synergy4_p2pmd_117945.log
-rw------- 1 cc cc   768 Mar 27 15:02 synergy4_parser_117945.log
-rw------- 1 cc cc  7107 Mar 27 15:05 synergy4_tsd_117945.log
srwxrwxr-x 1 cc cc     0 Mar 27 15:02 tsd1
~~~~~~ ls -l /dev/shm
total 16
-rwxrwxr-x 1 cc cc 4000000 Mar 27 15:02 matrix-pull
-rwxrwxr-x 1 cc cc 4000000 Mar 27 15:02 matrix-push
-rwxrwxr-x 1 cc cc      32 Mar 27 15:02 sem.matrix-pull-rsem
-rwxrwxr-x 1 cc cc      32 Mar 27 15:02 sem.matrix-pull-wsem
-rwxrwxr-x 1 cc cc      32 Mar 27 15:02 sem.matrix-push-rsem
-rwxrwxr-x 1 cc cc      32 Mar 27 15:02 sem.matrix-push-wsem
 === clean up ===
total 0
total 0
 === done ===
 *============== Launching remote tsd at 2 =============* 
 ====== tsd launch complete. You have 1 tsd instance. ====== 
cc       118543  0.0  0.0 144504  7104 ?        Sl   15:05   0:00 /home/cc/Synergy4/s4c00/cmake-build-debug/sng_tsd /home/cc/Synergy4/s4c00/etc/sng2.json /home/cc/Synergy4/s4c00/etc/synergy-log.conf
cc       118545  0.0  0.0  12944   928 ?        S    15:05   0:00 grep sng_tsd
 ============================================================ 
 === before clean up === 
~~~~~~ ls -l /tmp
total 28
-rw------- 1 cc cc 12792 Mar 27 15:05 synergy4_p2pmd_117213.log
-rw------- 1 cc cc   764 Mar 27 15:02 synergy4_parser_117213.log
-rw------- 1 cc cc  7107 Mar 27 15:05 synergy4_tsd_117213.log
srwxrwxr-x 1 cc cc     0 Mar 27 15:02 tsd1
~~~~~~ ls -l /dev/shm
total 16
-rwxrwxr-x 1 cc cc 4000000 Mar 27 15:02 matrix-pull
-rwxrwxr-x 1 cc cc 4000000 Mar 27 15:02 matrix-push
-rwxrwxr-x 1 cc cc      32 Mar 27 15:02 sem.matrix-pull-rsem
-rwxrwxr-x 1 cc cc      32 Mar 27 15:02 sem.matrix-pull-wsem
-rwxrwxr-x 1 cc cc      32 Mar 27 15:02 sem.matrix-push-rsem
-rwxrwxr-x 1 cc cc      32 Mar 27 15:02 sem.matrix-push-wsem
 === clean up ===
total 0
total 0
 === done ===
 *============== Launching remote tsd at 3 =============* 
 ====== tsd launch complete. You have 1 tsd instance. ====== 
cc       117808  0.0  0.0 144504  5048 ?        Sl   15:05   0:00 /home/cc/Synergy4/s4c00/cmake-build-debug/sng_tsd /home/cc/Synergy4/s4c00/etc/sng3.json /home/cc/Synergy4/s4c00/etc/synergy-log.conf
cc       117810  0.0  0.0  12944   968 ?        S    15:05   0:00 grep sng_tsd
 ============================================================ 
 === before clean up === 
~~~~~~ ls -l /tmp
total 12
-rw------- 1 cc cc 3470 Mar 27 15:05 synergy4_p2pmd_101217.log
-rw------- 1 cc cc  768 Mar 27 15:02 synergy4_parser_101217.log
-rw------- 1 cc cc 4009 Mar 27 15:04 synergy4_tsd_101217.log
srwxrwxr-x 1 cc cc    0 Mar 27 15:02 tsd1
~~~~~~ ls -l /dev/shm
total 16
-rwxrwxr-x 1 cc cc 4000000 Mar 27 15:02 matrix-pull
-rwxrwxr-x 1 cc cc 4000000 Mar 27 15:02 matrix-push
-rwxrwxr-x 1 cc cc      32 Mar 27 15:02 sem.matrix-pull-rsem
-rwxrwxr-x 1 cc cc      32 Mar 27 15:02 sem.matrix-pull-wsem
-rwxrwxr-x 1 cc cc      32 Mar 27 15:02 sem.matrix-push-rsem
-rwxrwxr-x 1 cc cc      32 Mar 27 15:02 sem.matrix-push-wsem
 === clean up ===
total 0
total 0
 === done ===
 *============== Launching remote tsd at 4 =============* 
 ====== tsd launch complete. You have 1 tsd instance. ====== 
cc       101812  0.0  0.0 144504  5012 ?        Sl   15:05   0:00 /home/cc/Synergy4/s4c00/cmake-build-debug/sng_tsd /home/cc/Synergy4/s4c00/etc/sng4.json /home/cc/Synergy4/s4c00/etc/synergy-log.conf
cc       101814  0.0  0.0  12944   988 ?        S    15:05   0:00 grep sng_tsd
 ============================================================ 
 === before clean up === 
~~~~~~ ls -l /tmp
total 12
-rw------- 1 cc cc 3470 Mar 27 15:05 synergy4_p2pmd_100033.log
-rw------- 1 cc cc  768 Mar 27 15:02 synergy4_parser_100033.log
-rw------- 1 cc cc 4009 Mar 27 15:04 synergy4_tsd_100033.log
srwxrwxr-x 1 cc cc    0 Mar 27 15:02 tsd1
~~~~~~ ls -l /dev/shm
total 16
-rwxrwxr-x 1 cc cc 4000000 Mar 27 15:02 matrix-pull
-rwxrwxr-x 1 cc cc 4000000 Mar 27 15:02 matrix-push
-rwxrwxr-x 1 cc cc      32 Mar 27 15:02 sem.matrix-pull-rsem
-rwxrwxr-x 1 cc cc      32 Mar 27 15:02 sem.matrix-pull-wsem
-rwxrwxr-x 1 cc cc      32 Mar 27 15:02 sem.matrix-push-rsem
-rwxrwxr-x 1 cc cc      32 Mar 27 15:02 sem.matrix-push-wsem
 === clean up ===
total 0
total 0
 === done ===
 *============== Launching remote tsd at 5 =============* 
 ====== tsd launch complete. You have 1 tsd instance. ====== 
cc       100626  0.0  0.0 144504  4984 ?        Sl   15:05   0:00 /home/cc/Synergy4/s4c00/cmake-build-debug/sng_tsd /home/cc/Synergy4/s4c00/etc/sng5.json /home/cc/Synergy4/s4c00/etc/synergy-log.conf
cc       100628  0.0  0.0  12944  1032 ?        S    15:05   0:00 grep sng_tsd
 ============================================================ 
 === before clean up === 
~~~~~~ ls -l /tmp
total 12
-rw------- 1 cc cc 3437 Mar 27 15:05 synergy4_p2pmd_99743.log
-rw------- 1 cc cc  768 Mar 27 15:03 synergy4_parser_99743.log
-rw------- 1 cc cc 3973 Mar 27 15:04 synergy4_tsd_99743.log
srwxrwxr-x 1 cc cc    0 Mar 27 15:03 tsd1
~~~~~~ ls -l /dev/shm
total 16
-rwxrwxr-x 1 cc cc 4000000 Mar 27 15:03 matrix-pull
-rwxrwxr-x 1 cc cc 4000000 Mar 27 15:03 matrix-push
-rwxrwxr-x 1 cc cc      32 Mar 27 15:03 sem.matrix-pull-rsem
-rwxrwxr-x 1 cc cc      32 Mar 27 15:03 sem.matrix-pull-wsem
-rwxrwxr-x 1 cc cc      32 Mar 27 15:03 sem.matrix-push-rsem
-rwxrwxr-x 1 cc cc      32 Mar 27 15:03 sem.matrix-push-wsem
 === clean up ===
total 0
total 0
 === done ===
 *============== Launching remote tsd at 6 =============* 
 ====== tsd launch complete. You have 1 tsd instance. ====== 
cc       100338  0.0  0.0 144504  7024 ?        Sl   15:05   0:00 /home/cc/Synergy4/s4c00/cmake-build-debug/sng_tsd /home/cc/Synergy4/s4c00/etc/sng6.json /home/cc/Synergy4/s4c00/etc/synergy-log.conf
cc       100340  0.0  0.0  12944   968 ?        S    15:05   0:00 grep sng_tsd
 ============================================================ 
 === before clean up === 
~~~~~~ ls -l /tmp
total 16
-rw------- 1 cc cc 4540 Mar 27 15:05 synergy4_p2pmd_95425.log
-rw------- 1 cc cc  768 Mar 27 15:03 synergy4_parser_95425.log
-rw------- 1 cc cc 3973 Mar 27 15:04 synergy4_tsd_95425.log
srwxrwxr-x 1 cc cc    0 Mar 27 15:03 tsd1
~~~~~~ ls -l /dev/shm
total 16
-rwxrwxr-x 1 cc cc 4000000 Mar 27 15:03 matrix-pull
-rwxrwxr-x 1 cc cc 4000000 Mar 27 15:03 matrix-push
-rwxrwxr-x 1 cc cc      32 Mar 27 15:03 sem.matrix-pull-rsem
-rwxrwxr-x 1 cc cc      32 Mar 27 15:03 sem.matrix-pull-wsem
-rwxrwxr-x 1 cc cc      32 Mar 27 15:03 sem.matrix-push-rsem
-rwxrwxr-x 1 cc cc      32 Mar 27 15:03 sem.matrix-push-wsem
 === clean up ===
total 0
total 0
 === done ===
 *============== Launching remote tsd at 7 =============* 
 ====== tsd launch complete. You have 1 tsd instance. ====== 
cc        96018  0.0  0.0 144504  4944 ?        Sl   15:05   0:00 /home/cc/Synergy4/s4c00/cmake-build-debug/sng_tsd /home/cc/Synergy4/s4c00/etc/sng7.json /home/cc/Synergy4/s4c00/etc/synergy-log.conf
cc        96020  0.0  0.0  12944   944 ?        S    15:05   0:00 grep sng_tsd
 ============================================================ 
 === before clean up === 
~~~~~~ ls -l /tmp
total 12
-rw------- 1 cc cc 3540 Mar 27 15:05 synergy4_p2pmd_95630.log
-rw------- 1 cc cc  768 Mar 27 15:03 synergy4_parser_95630.log
-rw------- 1 cc cc 3973 Mar 27 15:04 synergy4_tsd_95630.log
srwxrwxr-x 1 cc cc    0 Mar 27 15:03 tsd1
~~~~~~ ls -l /dev/shm
total 16
-rwxrwxr-x 1 cc cc 4000000 Mar 27 15:03 matrix-pull
-rwxrwxr-x 1 cc cc 4000000 Mar 27 15:03 matrix-push
-rwxrwxr-x 1 cc cc      32 Mar 27 15:03 sem.matrix-pull-rsem
-rwxrwxr-x 1 cc cc      32 Mar 27 15:03 sem.matrix-pull-wsem
-rwxrwxr-x 1 cc cc      32 Mar 27 15:03 sem.matrix-push-rsem
-rwxrwxr-x 1 cc cc      32 Mar 27 15:03 sem.matrix-push-wsem
 === clean up ===
total 0
total 0
 === done ===
 *============== Launching remote tsd at 8 =============* 
 ====== tsd launch complete. You have 1 tsd instance. ====== 
cc        96222  0.0  0.0 144504  4912 ?        Sl   15:05   0:00 /home/cc/Synergy4/s4c00/cmake-build-debug/sng_tsd /home/cc/Synergy4/s4c00/etc/sng8.json /home/cc/Synergy4/s4c00/etc/synergy-log.conf
cc        96224  0.0  0.0  12944  1008 ?        S    15:05   0:00 grep sng_tsd
 ============================================================ 
 === before clean up === 
~~~~~~ ls -l /tmp
total 12
-rw------- 1 cc cc 3541 Mar 27 15:05 synergy4_p2pmd_89255.log
-rw------- 1 cc cc  770 Mar 27 15:03 synergy4_parser_89255.log
-rw------- 1 cc cc 3973 Mar 27 15:04 synergy4_tsd_89255.log
srwxrwxr-x 1 cc cc    0 Mar 27 15:03 tsd1
~~~~~~ ls -l /dev/shm
total 16
-rwxrwxr-x 1 cc cc 4000000 Mar 27 15:03 matrix-pull
-rwxrwxr-x 1 cc cc 4000000 Mar 27 15:03 matrix-push
-rwxrwxr-x 1 cc cc      32 Mar 27 15:03 sem.matrix-pull-rsem
-rwxrwxr-x 1 cc cc      32 Mar 27 15:03 sem.matrix-pull-wsem
-rwxrwxr-x 1 cc cc      32 Mar 27 15:03 sem.matrix-push-rsem
-rwxrwxr-x 1 cc cc      32 Mar 27 15:03 sem.matrix-push-wsem
 === clean up ===
total 0
total 0
 === done ===
 *============== Launching remote tsd at 9 =============* 
 ====== tsd launch complete. You have 1 tsd instance. ====== 
cc        89848  0.0  0.0 144504  6956 ?        Sl   15:05   0:00 /home/cc/Synergy4/s4c00/cmake-build-debug/sng_tsd /home/cc/Synergy4/s4c00/etc/sng9.json /home/cc/Synergy4/s4c00/etc/synergy-log.conf
cc        89850  0.0  0.0  12944   924 ?        S    15:05   0:00 grep sng_tsd
 ============================================================ 
 === before clean up === 
~~~~~~ ls -l /tmp
total 12
-rw------- 1 cc cc 3541 Mar 27 15:05 synergy4_p2pmd_90224.log
-rw------- 1 cc cc  770 Mar 27 15:03 synergy4_parser_90224.log
-rw------- 1 cc cc 3973 Mar 27 15:04 synergy4_tsd_90224.log
srwxrwxr-x 1 cc cc    0 Mar 27 15:03 tsd1
~~~~~~ ls -l /dev/shm
total 16
-rwxrwxr-x 1 cc cc 4000000 Mar 27 15:03 matrix-pull
-rwxrwxr-x 1 cc cc 4000000 Mar 27 15:03 matrix-push
-rwxrwxr-x 1 cc cc      32 Mar 27 15:03 sem.matrix-pull-rsem
-rwxrwxr-x 1 cc cc      32 Mar 27 15:03 sem.matrix-pull-wsem
-rwxrwxr-x 1 cc cc      32 Mar 27 15:03 sem.matrix-push-rsem
-rwxrwxr-x 1 cc cc      32 Mar 27 15:03 sem.matrix-push-wsem
 === clean up ===
total 0
total 0
 === done ===
 *============== Launching remote tsd at 10 =============* 
 ====== tsd launch complete. You have 1 tsd instance. ====== 
cc        90814  0.0  0.0 144504  5044 ?        Sl   15:05   0:00 /home/cc/Synergy4/s4c00/cmake-build-debug/sng_tsd /home/cc/Synergy4/s4c00/etc/sng10.json /home/cc/Synergy4/s4c00/etc/synergy-log.conf
cc        90816  0.0  0.0  12944   964 ?        S    15:05   0:00 grep sng_tsd
 ============================================================ 
 === before clean up === 
~~~~~~ ls -l /tmp
total 12
-rw------- 1 cc cc 3542 Mar 27 15:05 synergy4_p2pmd_89537.log
-rw------- 1 cc cc  772 Mar 27 15:03 synergy4_parser_89537.log
-rw------- 1 cc cc 3973 Mar 27 15:04 synergy4_tsd_89537.log
srwxrwxr-x 1 cc cc    0 Mar 27 15:03 tsd1
~~~~~~ ls -l /dev/shm
total 16
-rwxrwxr-x 1 cc cc 4000000 Mar 27 15:03 matrix-pull
-rwxrwxr-x 1 cc cc 4000000 Mar 27 15:03 matrix-push
-rwxrwxr-x 1 cc cc      32 Mar 27 15:03 sem.matrix-pull-rsem
-rwxrwxr-x 1 cc cc      32 Mar 27 15:03 sem.matrix-pull-wsem
-rwxrwxr-x 1 cc cc      32 Mar 27 15:03 sem.matrix-push-rsem
-rwxrwxr-x 1 cc cc      32 Mar 27 15:03 sem.matrix-push-wsem
 === clean up ===
total 0
total 0
 === done ===
 *============== Launching remote tsd at 11 =============* 
 ====== tsd launch complete. You have 1 tsd instance. ====== 
cc        90128  0.0  0.0 144504  5020 ?        Sl   15:05   0:00 /home/cc/Synergy4/s4c00/cmake-build-debug/sng_tsd /home/cc/Synergy4/s4c00/etc/sng11.json /home/cc/Synergy4/s4c00/etc/synergy-log.conf
cc        90130  0.0  0.0  12944  1016 ?        S    15:05   0:00 grep sng_tsd
 ============================================================ 
 === before clean up === 
~~~~~~ ls -l /tmp
total 12
-rw------- 1 cc cc 3541 Mar 27 15:05 synergy4_p2pmd_90142.log
-rw------- 1 cc cc  770 Mar 27 15:03 synergy4_parser_90142.log
-rw------- 1 cc cc 3973 Mar 27 15:04 synergy4_tsd_90142.log
srwxrwxr-x 1 cc cc    0 Mar 27 15:03 tsd1
~~~~~~ ls -l /dev/shm
total 16
-rwxrwxr-x 1 cc cc 4000000 Mar 27 15:03 matrix-pull
-rwxrwxr-x 1 cc cc 4000000 Mar 27 15:03 matrix-push
-rwxrwxr-x 1 cc cc      32 Mar 27 15:03 sem.matrix-pull-rsem
-rwxrwxr-x 1 cc cc      32 Mar 27 15:03 sem.matrix-pull-wsem
-rwxrwxr-x 1 cc cc      32 Mar 27 15:03 sem.matrix-push-rsem
-rwxrwxr-x 1 cc cc      32 Mar 27 15:03 sem.matrix-push-wsem
 === clean up ===
total 0
total 0
 === done ===
 *============== Launching remote tsd at 12 =============* 
 ====== tsd launch complete. You have 1 tsd instance. ====== 
cc        90728  0.0  0.0 144504  4904 ?        Sl   15:05   0:00 /home/cc/Synergy4/s4c00/cmake-build-debug/sng_tsd /home/cc/Synergy4/s4c00/etc/sng12.json /home/cc/Synergy4/s4c00/etc/synergy-log.conf
cc        90730  0.0  0.0  12944   936 ?        S    15:05   0:00 grep sng_tsd
 ============================================================ 
