 === before clean up === 
~~~~~~ ls -l /tmp
total 1496
-rw------- 1 cc cc 604206 Mar 27 06:48 synergy4_95590.log
-rw------- 1 cc cc  26370 Mar 27 06:48 synergy4_p2pmd_95590.log
-rw------- 1 cc cc    768 Mar 27 06:45 synergy4_parser_95590.log
-rw------- 1 cc cc 887088 Mar 27 06:48 synergy4_tsd_95590.log
srwxrwxr-x 1 cc cc      0 Mar 27 06:45 tsd1
~~~~~~ ls -l /dev/shm
total 7832
-rwxrwxr-x 1 cc cc 4000000 Mar 27 06:47 matrix-pull
-rwxrwxr-x 1 cc cc 4000000 Mar 27 06:47 matrix-push
-rwxrwxr-x 1 cc cc      32 Mar 27 06:45 sem.matrix-pull-rsem
-rwxrwxr-x 1 cc cc      32 Mar 27 06:45 sem.matrix-pull-wsem
-rwxrwxr-x 1 cc cc      32 Mar 27 06:45 sem.matrix-push-rsem
-rwxrwxr-x 1 cc cc      32 Mar 27 06:45 sem.matrix-push-wsem
 === clean up ===
total 0
total 0
 === done ===
 *============== Launching remote tsd at 1 =============* 
 ====== tsd launch complete. You have 1 tsd instance. ====== 
cc        96270  0.0  0.0 144504  4948 ?        Sl   06:48   0:00 /home/cc/Synergy4/s4c00/cmake-build-debug/sng_tsd /home/cc/Synergy4/s4c00/etc/sng1.json /home/cc/Synergy4/s4c00/etc/synergy-log.conf
cc        96272  0.0  0.0  12944  1084 ?        S    06:48   0:00 grep sng_tsd
 ============================================================ 
 === before clean up === 
~~~~~~ ls -l /tmp
total 36
-rw------- 1 cc cc 18134 Mar 27 06:48 synergy4_p2pmd_83530.log
-rw------- 1 cc cc   768 Mar 27 06:45 synergy4_parser_83530.log
-rw------- 1 cc cc 11010 Mar 27 06:48 synergy4_tsd_83530.log
srwxrwxr-x 1 cc cc     0 Mar 27 06:45 tsd1
~~~~~~ ls -l /dev/shm
total 16
-rwxrwxr-x 1 cc cc 4000000 Mar 27 06:45 matrix-pull
-rwxrwxr-x 1 cc cc 4000000 Mar 27 06:45 matrix-push
-rwxrwxr-x 1 cc cc      32 Mar 27 06:45 sem.matrix-pull-rsem
-rwxrwxr-x 1 cc cc      32 Mar 27 06:45 sem.matrix-pull-wsem
-rwxrwxr-x 1 cc cc      32 Mar 27 06:45 sem.matrix-push-rsem
-rwxrwxr-x 1 cc cc      32 Mar 27 06:45 sem.matrix-push-wsem
 === clean up ===
total 0
total 0
 === done ===
 *============== Launching remote tsd at 2 =============* 
 ====== tsd launch complete. You have 1 tsd instance. ====== 
cc        84313  0.0  0.0 144504  4968 ?        Sl   06:48   0:00 /home/cc/Synergy4/s4c00/cmake-build-debug/sng_tsd /home/cc/Synergy4/s4c00/etc/sng2.json /home/cc/Synergy4/s4c00/etc/synergy-log.conf
cc        84315  0.0  0.0  12944  1016 ?        S    06:48   0:00 grep sng_tsd
 ============================================================ 
 === before clean up === 
~~~~~~ ls -l /tmp
total 36
-rw------- 1 cc cc 18230 Mar 27 06:48 synergy4_p2pmd_82880.log
-rw------- 1 cc cc   764 Mar 27 06:45 synergy4_parser_82880.log
-rw------- 1 cc cc 11010 Mar 27 06:48 synergy4_tsd_82880.log
srwxrwxr-x 1 cc cc     0 Mar 27 06:45 tsd1
~~~~~~ ls -l /dev/shm
total 16
-rwxrwxr-x 1 cc cc 4000000 Mar 27 06:45 matrix-pull
-rwxrwxr-x 1 cc cc 4000000 Mar 27 06:45 matrix-push
-rwxrwxr-x 1 cc cc      32 Mar 27 06:45 sem.matrix-pull-rsem
-rwxrwxr-x 1 cc cc      32 Mar 27 06:45 sem.matrix-pull-wsem
-rwxrwxr-x 1 cc cc      32 Mar 27 06:45 sem.matrix-push-rsem
-rwxrwxr-x 1 cc cc      32 Mar 27 06:45 sem.matrix-push-wsem
 === clean up ===
total 0
total 0
 === done ===
 *============== Launching remote tsd at 3 =============* 
 ====== tsd launch complete. You have 1 tsd instance. ====== 
cc        83656  0.0  0.0 144504  4988 ?        Sl   06:48   0:00 /home/cc/Synergy4/s4c00/cmake-build-debug/sng_tsd /home/cc/Synergy4/s4c00/etc/sng3.json /home/cc/Synergy4/s4c00/etc/synergy-log.conf
cc        83658  0.0  0.0  12944  1020 ?        S    06:48   0:00 grep sng_tsd
 ============================================================ 
 === before clean up === 
~~~~~~ ls -l /tmp
total 16
-rw------- 1 cc cc 3334 Mar 27 06:48 synergy4_p2pmd_66540.log
-rw------- 1 cc cc  768 Mar 27 06:45 synergy4_parser_66540.log
-rw------- 1 cc cc 5617 Mar 27 06:47 synergy4_tsd_66540.log
srwxrwxr-x 1 cc cc    0 Mar 27 06:45 tsd1
~~~~~~ ls -l /dev/shm
total 16
-rwxrwxr-x 1 cc cc 4000000 Mar 27 06:45 matrix-pull
-rwxrwxr-x 1 cc cc 4000000 Mar 27 06:45 matrix-push
-rwxrwxr-x 1 cc cc      32 Mar 27 06:45 sem.matrix-pull-rsem
-rwxrwxr-x 1 cc cc      32 Mar 27 06:45 sem.matrix-pull-wsem
-rwxrwxr-x 1 cc cc      32 Mar 27 06:45 sem.matrix-push-rsem
-rwxrwxr-x 1 cc cc      32 Mar 27 06:45 sem.matrix-push-wsem
 === clean up ===
total 0
total 0
 === done ===
 *============== Launching remote tsd at 4 =============* 
 ====== tsd launch complete. You have 1 tsd instance. ====== 
cc        67335  0.0  0.0 144504  4988 ?        Sl   06:48   0:00 /home/cc/Synergy4/s4c00/cmake-build-debug/sng_tsd /home/cc/Synergy4/s4c00/etc/sng4.json /home/cc/Synergy4/s4c00/etc/synergy-log.conf
cc        67337  0.0  0.0  12944  1028 ?        S    06:48   0:00 grep sng_tsd
 ============================================================ 
 === before clean up === 
~~~~~~ ls -l /tmp
total 16
-rw------- 1 cc cc 3334 Mar 27 06:48 synergy4_p2pmd_65402.log
-rw------- 1 cc cc  768 Mar 27 06:45 synergy4_parser_65402.log
-rw------- 1 cc cc 5617 Mar 27 06:47 synergy4_tsd_65402.log
srwxrwxr-x 1 cc cc    0 Mar 27 06:45 tsd1
~~~~~~ ls -l /dev/shm
total 16
-rwxrwxr-x 1 cc cc 4000000 Mar 27 06:45 matrix-pull
-rwxrwxr-x 1 cc cc 4000000 Mar 27 06:45 matrix-push
-rwxrwxr-x 1 cc cc      32 Mar 27 06:45 sem.matrix-pull-rsem
-rwxrwxr-x 1 cc cc      32 Mar 27 06:45 sem.matrix-pull-wsem
-rwxrwxr-x 1 cc cc      32 Mar 27 06:45 sem.matrix-push-rsem
-rwxrwxr-x 1 cc cc      32 Mar 27 06:45 sem.matrix-push-wsem
 === clean up ===
total 0
total 0
 === done ===
 *============== Launching remote tsd at 5 =============* 
 ====== tsd launch complete. You have 1 tsd instance. ====== 
cc        66186  0.0  0.0 144504  4944 ?        Sl   06:48   0:00 /home/cc/Synergy4/s4c00/cmake-build-debug/sng_tsd /home/cc/Synergy4/s4c00/etc/sng5.json /home/cc/Synergy4/s4c00/etc/synergy-log.conf
cc        66188  0.0  0.0  12944   936 ?        S    06:48   0:00 grep sng_tsd
 ============================================================ 
 === before clean up === 
~~~~~~ ls -l /tmp
total 16
-rw------- 1 cc cc 3334 Mar 27 06:48 synergy4_p2pmd_65087.log
-rw------- 1 cc cc  768 Mar 27 06:45 synergy4_parser_65087.log
-rw------- 1 cc cc 5617 Mar 27 06:47 synergy4_tsd_65087.log
srwxrwxr-x 1 cc cc    0 Mar 27 06:45 tsd1
~~~~~~ ls -l /dev/shm
total 16
-rwxrwxr-x 1 cc cc 4000000 Mar 27 06:45 matrix-pull
-rwxrwxr-x 1 cc cc 4000000 Mar 27 06:45 matrix-push
-rwxrwxr-x 1 cc cc      32 Mar 27 06:45 sem.matrix-pull-rsem
-rwxrwxr-x 1 cc cc      32 Mar 27 06:45 sem.matrix-pull-wsem
-rwxrwxr-x 1 cc cc      32 Mar 27 06:45 sem.matrix-push-rsem
-rwxrwxr-x 1 cc cc      32 Mar 27 06:45 sem.matrix-push-wsem
 === clean up ===
total 0
total 0
 === done ===
 *============== Launching remote tsd at 6 =============* 
 ====== tsd launch complete. You have 1 tsd instance. ====== 
cc        65875  0.0  0.0 144504  4984 ?        Sl   06:48   0:00 /home/cc/Synergy4/s4c00/cmake-build-debug/sng_tsd /home/cc/Synergy4/s4c00/etc/sng6.json /home/cc/Synergy4/s4c00/etc/synergy-log.conf
cc        65877  0.0  0.0  12944  1028 ?        S    06:48   0:00 grep sng_tsd
 ============================================================ 
 === before clean up === 
~~~~~~ ls -l /tmp
total 16
-rw------- 1 cc cc 3334 Mar 27 06:48 synergy4_p2pmd_60803.log
-rw------- 1 cc cc  768 Mar 27 06:45 synergy4_parser_60803.log
-rw------- 1 cc cc 5617 Mar 27 06:47 synergy4_tsd_60803.log
srwxrwxr-x 1 cc cc    0 Mar 27 06:45 tsd1
~~~~~~ ls -l /dev/shm
total 16
-rwxrwxr-x 1 cc cc 4000000 Mar 27 06:45 matrix-pull
-rwxrwxr-x 1 cc cc 4000000 Mar 27 06:45 matrix-push
-rwxrwxr-x 1 cc cc      32 Mar 27 06:45 sem.matrix-pull-rsem
-rwxrwxr-x 1 cc cc      32 Mar 27 06:45 sem.matrix-pull-wsem
-rwxrwxr-x 1 cc cc      32 Mar 27 06:45 sem.matrix-push-rsem
-rwxrwxr-x 1 cc cc      32 Mar 27 06:45 sem.matrix-push-wsem
 === clean up ===
total 0
total 0
 === done ===
 *============== Launching remote tsd at 7 =============* 
 ====== tsd launch complete. You have 1 tsd instance. ====== 
cc        61580  0.0  0.0 144504  4952 ?        Sl   06:48   0:00 /home/cc/Synergy4/s4c00/cmake-build-debug/sng_tsd /home/cc/Synergy4/s4c00/etc/sng7.json /home/cc/Synergy4/s4c00/etc/synergy-log.conf
cc        61582  0.0  0.0  12944   960 ?        S    06:48   0:00 grep sng_tsd
 ============================================================ 
 === before clean up === 
~~~~~~ ls -l /tmp
total 16
-rw------- 1 cc cc 3334 Mar 27 06:48 synergy4_p2pmd_61249.log
-rw------- 1 cc cc  768 Mar 27 06:45 synergy4_parser_61249.log
-rw------- 1 cc cc 5617 Mar 27 06:47 synergy4_tsd_61249.log
srwxrwxr-x 1 cc cc    0 Mar 27 06:45 tsd1
~~~~~~ ls -l /dev/shm
total 16
-rwxrwxr-x 1 cc cc 4000000 Mar 27 06:45 matrix-pull
-rwxrwxr-x 1 cc cc 4000000 Mar 27 06:45 matrix-push
-rwxrwxr-x 1 cc cc      32 Mar 27 06:45 sem.matrix-pull-rsem
-rwxrwxr-x 1 cc cc      32 Mar 27 06:45 sem.matrix-pull-wsem
-rwxrwxr-x 1 cc cc      32 Mar 27 06:45 sem.matrix-push-rsem
-rwxrwxr-x 1 cc cc      32 Mar 27 06:45 sem.matrix-push-wsem
 === clean up ===
total 0
total 0
 === done ===
 *============== Launching remote tsd at 8 =============* 
 ====== tsd launch complete. You have 1 tsd instance. ====== 
cc        62029  0.0  0.0 144504  6952 ?        Sl   06:48   0:00 /home/cc/Synergy4/s4c00/cmake-build-debug/sng_tsd /home/cc/Synergy4/s4c00/etc/sng8.json /home/cc/Synergy4/s4c00/etc/synergy-log.conf
cc        62031  0.0  0.0  12944   980 ?        S    06:48   0:00 grep sng_tsd
 ============================================================ 
