 === before clean up === 
~~~~~~ ls -l /tmp
total 1448
-rw------- 1 cc cc 819260 Mar 27 13:42 synergy4_109392.log
-rw------- 1 cc cc   6558 Mar 27 13:43 synergy4_p2pmd_109392.log
-rw------- 1 cc cc    768 Mar 27 13:41 synergy4_parser_109392.log
-rw------- 1 cc cc 645105 Mar 27 13:42 synergy4_tsd_109392.log
srwxrwxr-x 1 cc cc      0 Mar 27 13:41 tsd1
~~~~~~ ls -l /dev/shm
total 7832
-rwxrwxr-x 1 cc cc 4000000 Mar 27 13:42 matrix-pull
-rwxrwxr-x 1 cc cc 4000000 Mar 27 13:42 matrix-push
-rwxrwxr-x 1 cc cc      32 Mar 27 13:41 sem.matrix-pull-rsem
-rwxrwxr-x 1 cc cc      32 Mar 27 13:41 sem.matrix-pull-wsem
-rwxrwxr-x 1 cc cc      32 Mar 27 13:41 sem.matrix-push-rsem
-rwxrwxr-x 1 cc cc      32 Mar 27 13:41 sem.matrix-push-wsem
 === clean up ===
total 0
total 0
 === done ===
 *============== Launching remote tsd at 1 =============* 
 ====== tsd launch complete. You have 1 tsd instance. ====== 
cc       109925  0.0  0.0 144504  7100 ?        Sl   13:43   0:00 /home/cc/Synergy4/s4c00/cmake-build-debug/sng_tsd /home/cc/Synergy4/s4c00/etc/sng1.json /home/cc/Synergy4/s4c00/etc/synergy-log.conf
cc       109927  0.0  0.0  12944   928 ?        S    13:43   0:00 grep sng_tsd
 ============================================================ 
 === before clean up === 
~~~~~~ ls -l /tmp
total 24
-rw------- 1 cc cc 11767 Mar 27 13:43 synergy4_p2pmd_97258.log
-rw------- 1 cc cc   768 Mar 27 13:41 synergy4_parser_97258.log
-rw------- 1 cc cc  7043 Mar 27 13:42 synergy4_tsd_97258.log
srwxrwxr-x 1 cc cc     0 Mar 27 13:41 tsd1
~~~~~~ ls -l /dev/shm
total 16
-rwxrwxr-x 1 cc cc 4000000 Mar 27 13:41 matrix-pull
-rwxrwxr-x 1 cc cc 4000000 Mar 27 13:41 matrix-push
-rwxrwxr-x 1 cc cc      32 Mar 27 13:41 sem.matrix-pull-rsem
-rwxrwxr-x 1 cc cc      32 Mar 27 13:41 sem.matrix-pull-wsem
-rwxrwxr-x 1 cc cc      32 Mar 27 13:41 sem.matrix-push-rsem
-rwxrwxr-x 1 cc cc      32 Mar 27 13:41 sem.matrix-push-wsem
 === clean up ===
total 0
total 0
 === done ===
 *============== Launching remote tsd at 2 =============* 
 ====== tsd launch complete. You have 1 tsd instance. ====== 
cc        97847  0.0  0.0 144504  7024 ?        Sl   13:43   0:00 /home/cc/Synergy4/s4c00/cmake-build-debug/sng_tsd /home/cc/Synergy4/s4c00/etc/sng2.json /home/cc/Synergy4/s4c00/etc/synergy-log.conf
cc        97849  0.0  0.0  12944   972 ?        S    13:43   0:00 grep sng_tsd
 ============================================================ 
 === before clean up === 
~~~~~~ ls -l /tmp
total 24
-rw------- 1 cc cc 11760 Mar 27 13:43 synergy4_p2pmd_96539.log
-rw------- 1 cc cc   764 Mar 27 13:41 synergy4_parser_96539.log
-rw------- 1 cc cc  7043 Mar 27 13:42 synergy4_tsd_96539.log
srwxrwxr-x 1 cc cc     0 Mar 27 13:41 tsd1
~~~~~~ ls -l /dev/shm
total 16
-rwxrwxr-x 1 cc cc 4000000 Mar 27 13:41 matrix-pull
-rwxrwxr-x 1 cc cc 4000000 Mar 27 13:41 matrix-push
-rwxrwxr-x 1 cc cc      32 Mar 27 13:41 sem.matrix-pull-rsem
-rwxrwxr-x 1 cc cc      32 Mar 27 13:41 sem.matrix-pull-wsem
-rwxrwxr-x 1 cc cc      32 Mar 27 13:41 sem.matrix-push-rsem
-rwxrwxr-x 1 cc cc      32 Mar 27 13:41 sem.matrix-push-wsem
 === clean up ===
total 0
total 0
 === done ===
 *============== Launching remote tsd at 3 =============* 
 ====== tsd launch complete. You have 1 tsd instance. ====== 
cc        97138  0.0  0.0 144504  7096 ?        Sl   13:43   0:00 /home/cc/Synergy4/s4c00/cmake-build-debug/sng_tsd /home/cc/Synergy4/s4c00/etc/sng3.json /home/cc/Synergy4/s4c00/etc/synergy-log.conf
cc        97140  0.0  0.0  12944  1092 ?        S    13:43   0:00 grep sng_tsd
 ============================================================ 
 === before clean up === 
~~~~~~ ls -l /tmp
total 12
-rw------- 1 cc cc 2922 Mar 27 13:43 synergy4_p2pmd_80244.log
-rw------- 1 cc cc  768 Mar 27 13:41 synergy4_parser_80244.log
-rw------- 1 cc cc 3973 Mar 27 13:42 synergy4_tsd_80244.log
srwxrwxr-x 1 cc cc    0 Mar 27 13:41 tsd1
~~~~~~ ls -l /dev/shm
total 16
-rwxrwxr-x 1 cc cc 4000000 Mar 27 13:41 matrix-pull
-rwxrwxr-x 1 cc cc 4000000 Mar 27 13:41 matrix-push
-rwxrwxr-x 1 cc cc      32 Mar 27 13:41 sem.matrix-pull-rsem
-rwxrwxr-x 1 cc cc      32 Mar 27 13:41 sem.matrix-pull-wsem
-rwxrwxr-x 1 cc cc      32 Mar 27 13:41 sem.matrix-push-rsem
-rwxrwxr-x 1 cc cc      32 Mar 27 13:41 sem.matrix-push-wsem
 === clean up ===
total 0
total 0
 === done ===
 *============== Launching remote tsd at 4 =============* 
 ====== tsd launch complete. You have 1 tsd instance. ====== 
cc        80841  0.0  0.0 144504  4988 ?        Sl   13:43   0:00 /home/cc/Synergy4/s4c00/cmake-build-debug/sng_tsd /home/cc/Synergy4/s4c00/etc/sng4.json /home/cc/Synergy4/s4c00/etc/synergy-log.conf
cc        80843  0.0  0.0  12944   960 ?        S    13:43   0:00 grep sng_tsd
 ============================================================ 
 === before clean up === 
~~~~~~ ls -l /tmp
total 12
-rw------- 1 cc cc 2922 Mar 27 13:43 synergy4_p2pmd_79364.log
-rw------- 1 cc cc  768 Mar 27 13:41 synergy4_parser_79364.log
-rw------- 1 cc cc 3973 Mar 27 13:42 synergy4_tsd_79364.log
srwxrwxr-x 1 cc cc    0 Mar 27 13:41 tsd1
~~~~~~ ls -l /dev/shm
total 16
-rwxrwxr-x 1 cc cc 4000000 Mar 27 13:41 matrix-pull
-rwxrwxr-x 1 cc cc 4000000 Mar 27 13:41 matrix-push
-rwxrwxr-x 1 cc cc      32 Mar 27 13:41 sem.matrix-pull-rsem
-rwxrwxr-x 1 cc cc      32 Mar 27 13:41 sem.matrix-pull-wsem
-rwxrwxr-x 1 cc cc      32 Mar 27 13:41 sem.matrix-push-rsem
-rwxrwxr-x 1 cc cc      32 Mar 27 13:41 sem.matrix-push-wsem
 === clean up ===
total 0
total 0
 === done ===
 *============== Launching remote tsd at 5 =============* 
 ====== tsd launch complete. You have 1 tsd instance. ====== 
cc        79953  0.0  0.0 144504  4952 ?        Sl   13:43   0:00 /home/cc/Synergy4/s4c00/cmake-build-debug/sng_tsd /home/cc/Synergy4/s4c00/etc/sng5.json /home/cc/Synergy4/s4c00/etc/synergy-log.conf
cc        79955  0.0  0.0  12944   968 ?        S    13:43   0:00 grep sng_tsd
 ============================================================ 
 === before clean up === 
~~~~~~ ls -l /tmp
total 12
-rw------- 1 cc cc 2922 Mar 27 13:43 synergy4_p2pmd_79060.log
-rw------- 1 cc cc  768 Mar 27 13:41 synergy4_parser_79060.log
-rw------- 1 cc cc 3973 Mar 27 13:42 synergy4_tsd_79060.log
srwxrwxr-x 1 cc cc    0 Mar 27 13:41 tsd1
~~~~~~ ls -l /dev/shm
total 16
-rwxrwxr-x 1 cc cc 4000000 Mar 27 13:41 matrix-pull
-rwxrwxr-x 1 cc cc 4000000 Mar 27 13:41 matrix-push
-rwxrwxr-x 1 cc cc      32 Mar 27 13:41 sem.matrix-pull-rsem
-rwxrwxr-x 1 cc cc      32 Mar 27 13:41 sem.matrix-pull-wsem
-rwxrwxr-x 1 cc cc      32 Mar 27 13:41 sem.matrix-push-rsem
-rwxrwxr-x 1 cc cc      32 Mar 27 13:41 sem.matrix-push-wsem
 === clean up ===
total 0
total 0
 === done ===
 *============== Launching remote tsd at 6 =============* 
 ====== tsd launch complete. You have 1 tsd instance. ====== 
cc        79657  0.0  0.0 144504  7004 ?        Sl   13:43   0:00 /home/cc/Synergy4/s4c00/cmake-build-debug/sng_tsd /home/cc/Synergy4/s4c00/etc/sng6.json /home/cc/Synergy4/s4c00/etc/synergy-log.conf
cc        79659  0.0  0.0  12944  1012 ?        S    13:43   0:00 grep sng_tsd
 ============================================================ 
 === before clean up === 
~~~~~~ ls -l /tmp
total 12
-rw------- 1 cc cc 2922 Mar 27 13:43 synergy4_p2pmd_74468.log
-rw------- 1 cc cc  768 Mar 27 13:41 synergy4_parser_74468.log
-rw------- 1 cc cc 3973 Mar 27 13:42 synergy4_tsd_74468.log
srwxrwxr-x 1 cc cc    0 Mar 27 13:41 tsd1
~~~~~~ ls -l /dev/shm
total 16
-rwxrwxr-x 1 cc cc 4000000 Mar 27 13:41 matrix-pull
-rwxrwxr-x 1 cc cc 4000000 Mar 27 13:41 matrix-push
-rwxrwxr-x 1 cc cc      32 Mar 27 13:41 sem.matrix-pull-rsem
-rwxrwxr-x 1 cc cc      32 Mar 27 13:41 sem.matrix-pull-wsem
-rwxrwxr-x 1 cc cc      32 Mar 27 13:41 sem.matrix-push-rsem
-rwxrwxr-x 1 cc cc      32 Mar 27 13:41 sem.matrix-push-wsem
 === clean up ===
total 0
total 0
 === done ===
 *============== Launching remote tsd at 7 =============* 
 ====== tsd launch complete. You have 1 tsd instance. ====== 
cc        75060  0.0  0.0 144504  4948 ?        Sl   13:43   0:00 /home/cc/Synergy4/s4c00/cmake-build-debug/sng_tsd /home/cc/Synergy4/s4c00/etc/sng7.json /home/cc/Synergy4/s4c00/etc/synergy-log.conf
cc        75062  0.0  0.0  12944   940 ?        S    13:43   0:00 grep sng_tsd
 ============================================================ 
 === before clean up === 
~~~~~~ ls -l /tmp
total 12
-rw------- 1 cc cc 2922 Mar 27 13:43 synergy4_p2pmd_74978.log
-rw------- 1 cc cc  768 Mar 27 13:41 synergy4_parser_74978.log
-rw------- 1 cc cc 3973 Mar 27 13:42 synergy4_tsd_74978.log
srwxrwxr-x 1 cc cc    0 Mar 27 13:41 tsd1
~~~~~~ ls -l /dev/shm
total 16
-rwxrwxr-x 1 cc cc 4000000 Mar 27 13:41 matrix-pull
-rwxrwxr-x 1 cc cc 4000000 Mar 27 13:41 matrix-push
-rwxrwxr-x 1 cc cc      32 Mar 27 13:41 sem.matrix-pull-rsem
-rwxrwxr-x 1 cc cc      32 Mar 27 13:41 sem.matrix-pull-wsem
-rwxrwxr-x 1 cc cc      32 Mar 27 13:41 sem.matrix-push-rsem
-rwxrwxr-x 1 cc cc      32 Mar 27 13:41 sem.matrix-push-wsem
 === clean up ===
total 0
total 0
 === done ===
 *============== Launching remote tsd at 8 =============* 
 ====== tsd launch complete. You have 1 tsd instance. ====== 
cc        75563  0.0  0.0 144504  7000 ?        Sl   13:43   0:00 /home/cc/Synergy4/s4c00/cmake-build-debug/sng_tsd /home/cc/Synergy4/s4c00/etc/sng8.json /home/cc/Synergy4/s4c00/etc/synergy-log.conf
cc        75565  0.0  0.0  12944  1020 ?        S    13:43   0:00 grep sng_tsd
 ============================================================ 
 === before clean up === 
~~~~~~ ls -l /tmp
total 12
-rw------- 1 cc cc 2923 Mar 27 13:43 synergy4_p2pmd_68587.log
-rw------- 1 cc cc  770 Mar 27 13:41 synergy4_parser_68587.log
-rw------- 1 cc cc 3973 Mar 27 13:42 synergy4_tsd_68587.log
srwxrwxr-x 1 cc cc    0 Mar 27 13:41 tsd1
~~~~~~ ls -l /dev/shm
total 16
-rwxrwxr-x 1 cc cc 4000000 Mar 27 13:41 matrix-pull
-rwxrwxr-x 1 cc cc 4000000 Mar 27 13:41 matrix-push
-rwxrwxr-x 1 cc cc      32 Mar 27 13:41 sem.matrix-pull-rsem
-rwxrwxr-x 1 cc cc      32 Mar 27 13:41 sem.matrix-pull-wsem
-rwxrwxr-x 1 cc cc      32 Mar 27 13:41 sem.matrix-push-rsem
-rwxrwxr-x 1 cc cc      32 Mar 27 13:41 sem.matrix-push-wsem
 === clean up ===
total 0
total 0
 === done ===
 *============== Launching remote tsd at 9 =============* 
 ====== tsd launch complete. You have 1 tsd instance. ====== 
cc        69176  0.0  0.0 144504  7068 ?        Sl   13:43   0:00 /home/cc/Synergy4/s4c00/cmake-build-debug/sng_tsd /home/cc/Synergy4/s4c00/etc/sng9.json /home/cc/Synergy4/s4c00/etc/synergy-log.conf
cc        69178  0.0  0.0  12944   944 ?        S    13:43   0:00 grep sng_tsd
 ============================================================ 
 === before clean up === 
~~~~~~ ls -l /tmp
total 12
-rw------- 1 cc cc 3026 Mar 27 13:43 synergy4_p2pmd_69522.log
-rw------- 1 cc cc  770 Mar 27 13:41 synergy4_parser_69522.log
-rw------- 1 cc cc 3973 Mar 27 13:42 synergy4_tsd_69522.log
srwxrwxr-x 1 cc cc    0 Mar 27 13:41 tsd1
~~~~~~ ls -l /dev/shm
total 16
-rwxrwxr-x 1 cc cc 4000000 Mar 27 13:41 matrix-pull
-rwxrwxr-x 1 cc cc 4000000 Mar 27 13:41 matrix-push
-rwxrwxr-x 1 cc cc      32 Mar 27 13:41 sem.matrix-pull-rsem
-rwxrwxr-x 1 cc cc      32 Mar 27 13:41 sem.matrix-pull-wsem
-rwxrwxr-x 1 cc cc      32 Mar 27 13:41 sem.matrix-push-rsem
-rwxrwxr-x 1 cc cc      32 Mar 27 13:41 sem.matrix-push-wsem
 === clean up ===
total 0
total 0
 === done ===
 *============== Launching remote tsd at 10 =============* 
 ====== tsd launch complete. You have 1 tsd instance. ====== 
cc        70113  0.0  0.0 144504  4968 ?        Sl   13:43   0:00 /home/cc/Synergy4/s4c00/cmake-build-debug/sng_tsd /home/cc/Synergy4/s4c00/etc/sng10.json /home/cc/Synergy4/s4c00/etc/synergy-log.conf
cc        70115  0.0  0.0  12944   936 ?        S    13:43   0:00 grep sng_tsd
 ============================================================ 
 === before clean up === 
~~~~~~ ls -l /tmp
total 12
-rw------- 1 cc cc 3027 Mar 27 13:43 synergy4_p2pmd_68888.log
-rw------- 1 cc cc  772 Mar 27 13:41 synergy4_parser_68888.log
-rw------- 1 cc cc 3973 Mar 27 13:42 synergy4_tsd_68888.log
srwxrwxr-x 1 cc cc    0 Mar 27 13:41 tsd1
~~~~~~ ls -l /dev/shm
total 16
-rwxrwxr-x 1 cc cc 4000000 Mar 27 13:41 matrix-pull
-rwxrwxr-x 1 cc cc 4000000 Mar 27 13:41 matrix-push
-rwxrwxr-x 1 cc cc      32 Mar 27 13:41 sem.matrix-pull-rsem
-rwxrwxr-x 1 cc cc      32 Mar 27 13:41 sem.matrix-pull-wsem
-rwxrwxr-x 1 cc cc      32 Mar 27 13:41 sem.matrix-push-rsem
-rwxrwxr-x 1 cc cc      32 Mar 27 13:41 sem.matrix-push-wsem
 === clean up ===
total 0
total 0
 === done ===
 *============== Launching remote tsd at 11 =============* 
 ====== tsd launch complete. You have 1 tsd instance. ====== 
cc        69483  0.0  0.0 144504  4976 ?        Sl   13:43   0:00 /home/cc/Synergy4/s4c00/cmake-build-debug/sng_tsd /home/cc/Synergy4/s4c00/etc/sng11.json /home/cc/Synergy4/s4c00/etc/synergy-log.conf
cc        69485  0.0  0.0  12944   912 ?        S    13:43   0:00 grep sng_tsd
 ============================================================ 
 === before clean up === 
~~~~~~ ls -l /tmp
total 12
-rw------- 1 cc cc 3026 Mar 27 13:43 synergy4_p2pmd_69464.log
-rw------- 1 cc cc  770 Mar 27 13:41 synergy4_parser_69464.log
-rw------- 1 cc cc 3973 Mar 27 13:42 synergy4_tsd_69464.log
srwxrwxr-x 1 cc cc    0 Mar 27 13:41 tsd1
~~~~~~ ls -l /dev/shm
total 16
-rwxrwxr-x 1 cc cc 4000000 Mar 27 13:41 matrix-pull
-rwxrwxr-x 1 cc cc 4000000 Mar 27 13:41 matrix-push
-rwxrwxr-x 1 cc cc      32 Mar 27 13:41 sem.matrix-pull-rsem
-rwxrwxr-x 1 cc cc      32 Mar 27 13:41 sem.matrix-pull-wsem
-rwxrwxr-x 1 cc cc      32 Mar 27 13:41 sem.matrix-push-rsem
-rwxrwxr-x 1 cc cc      32 Mar 27 13:41 sem.matrix-push-wsem
 === clean up ===
total 0
total 0
 === done ===
 *============== Launching remote tsd at 12 =============* 
 ====== tsd launch complete. You have 1 tsd instance. ====== 
cc        70061  0.0  0.0 144504  7036 ?        Sl   13:43   0:00 /home/cc/Synergy4/s4c00/cmake-build-debug/sng_tsd /home/cc/Synergy4/s4c00/etc/sng12.json /home/cc/Synergy4/s4c00/etc/synergy-log.conf
cc        70063  0.0  0.0  12944   932 ?        S    13:43   0:00 grep sng_tsd
 ============================================================ 
