 === before clean up === 
~~~~~~ ls -l /tmp
total 1708
-rw------- 1 cc cc 1390890 Mar 28 00:28 synergy4_172383.log
-rw------- 1 cc cc    8436 Mar 28 00:28 synergy4_p2pmd_172383.log
-rw------- 1 cc cc     768 Mar 28 00:25 synergy4_parser_172383.log
-rw------- 1 cc cc  339055 Mar 28 00:28 synergy4_tsd_172383.log
srwxrwxr-x 1 cc cc       0 Mar 28 00:25 tsd1
~~~~~~ ls -l /dev/shm
total 7832
-rwxrwxr-x 1 cc cc 4000000 Mar 28 00:27 matrix-pull
-rwxrwxr-x 1 cc cc 4000000 Mar 28 00:27 matrix-push
-rwxrwxr-x 1 cc cc      32 Mar 28 00:25 sem.matrix-pull-rsem
-rwxrwxr-x 1 cc cc      32 Mar 28 00:25 sem.matrix-pull-wsem
-rwxrwxr-x 1 cc cc      32 Mar 28 00:25 sem.matrix-push-rsem
-rwxrwxr-x 1 cc cc      32 Mar 28 00:25 sem.matrix-push-wsem
 === clean up ===
total 0
total 0
 === done ===
 *============== Launching remote tsd at 1 =============* 
 ====== tsd launch complete. You have 1 tsd instance. ====== 
cc       172930  0.0  0.0 144504  4968 ?        Sl   00:29   0:00 /home/cc/Synergy4/s4c00/cmake-build-debug/sng_tsd /home/cc/Synergy4/s4c00/etc/sng1.json /home/cc/Synergy4/s4c00/etc/synergy-log.conf
cc       172932  0.0  0.0  12944  1016 ?        S    00:29   0:00 grep sng_tsd
 ============================================================ 
 === before clean up === 
~~~~~~ ls -l /tmp
total 28
-rw------- 1 cc cc 15548 Mar 28 00:28 synergy4_p2pmd_163943.log
-rw------- 1 cc cc   768 Mar 28 00:25 synergy4_parser_163943.log
-rw------- 1 cc cc  7107 Mar 28 00:28 synergy4_tsd_163943.log
srwxrwxr-x 1 cc cc     0 Mar 28 00:25 tsd1
~~~~~~ ls -l /dev/shm
total 16
-rwxrwxr-x 1 cc cc 4000000 Mar 28 00:25 matrix-pull
-rwxrwxr-x 1 cc cc 4000000 Mar 28 00:25 matrix-push
-rwxrwxr-x 1 cc cc      32 Mar 28 00:25 sem.matrix-pull-rsem
-rwxrwxr-x 1 cc cc      32 Mar 28 00:25 sem.matrix-pull-wsem
-rwxrwxr-x 1 cc cc      32 Mar 28 00:25 sem.matrix-push-rsem
-rwxrwxr-x 1 cc cc      32 Mar 28 00:25 sem.matrix-push-wsem
 === clean up ===
total 0
total 0
 === done ===
 *============== Launching remote tsd at 2 =============* 
 ====== tsd launch complete. You have 1 tsd instance. ====== 
cc       164539  0.0  0.0 144504  4968 ?        Sl   00:29   0:00 /home/cc/Synergy4/s4c00/cmake-build-debug/sng_tsd /home/cc/Synergy4/s4c00/etc/sng2.json /home/cc/Synergy4/s4c00/etc/synergy-log.conf
cc       164541  0.0  0.0  12944  1016 ?        S    00:29   0:00 grep sng_tsd
 ============================================================ 
 === before clean up === 
~~~~~~ ls -l /tmp
total 28
-rw------- 1 cc cc 13725 Mar 28 00:28 synergy4_p2pmd_163071.log
-rw------- 1 cc cc   764 Mar 28 00:25 synergy4_parser_163071.log
-rw------- 1 cc cc  7107 Mar 28 00:28 synergy4_tsd_163071.log
srwxrwxr-x 1 cc cc     0 Mar 28 00:25 tsd1
~~~~~~ ls -l /dev/shm
total 16
-rwxrwxr-x 1 cc cc 4000000 Mar 28 00:25 matrix-pull
-rwxrwxr-x 1 cc cc 4000000 Mar 28 00:25 matrix-push
-rwxrwxr-x 1 cc cc      32 Mar 28 00:25 sem.matrix-pull-rsem
-rwxrwxr-x 1 cc cc      32 Mar 28 00:25 sem.matrix-pull-wsem
-rwxrwxr-x 1 cc cc      32 Mar 28 00:25 sem.matrix-push-rsem
-rwxrwxr-x 1 cc cc      32 Mar 28 00:25 sem.matrix-push-wsem
 === clean up ===
total 0
total 0
 === done ===
 *============== Launching remote tsd at 3 =============* 
 ====== tsd launch complete. You have 1 tsd instance. ====== 
cc       163659  0.0  0.0 144504  7060 ?        Sl   00:29   0:00 /home/cc/Synergy4/s4c00/cmake-build-debug/sng_tsd /home/cc/Synergy4/s4c00/etc/sng3.json /home/cc/Synergy4/s4c00/etc/synergy-log.conf
cc       163661  0.0  0.0  12944   936 ?        S    00:29   0:00 grep sng_tsd
 ============================================================ 
 === before clean up === 
~~~~~~ ls -l /tmp
total 12
-rw------- 1 cc cc 4094 Mar 28 00:28 synergy4_p2pmd_147150.log
-rw------- 1 cc cc  768 Mar 28 00:25 synergy4_parser_147150.log
-rw------- 1 cc cc 4009 Mar 28 00:27 synergy4_tsd_147150.log
srwxrwxr-x 1 cc cc    0 Mar 28 00:25 tsd1
~~~~~~ ls -l /dev/shm
total 16
-rwxrwxr-x 1 cc cc 4000000 Mar 28 00:25 matrix-pull
-rwxrwxr-x 1 cc cc 4000000 Mar 28 00:25 matrix-push
-rwxrwxr-x 1 cc cc      32 Mar 28 00:25 sem.matrix-pull-rsem
-rwxrwxr-x 1 cc cc      32 Mar 28 00:25 sem.matrix-pull-wsem
-rwxrwxr-x 1 cc cc      32 Mar 28 00:25 sem.matrix-push-rsem
-rwxrwxr-x 1 cc cc      32 Mar 28 00:25 sem.matrix-push-wsem
 === clean up ===
total 0
total 0
 === done ===
 *============== Launching remote tsd at 4 =============* 
 ====== tsd launch complete. You have 1 tsd instance. ====== 
cc          599  0.0  0.0 144504  7100 ?        Sl   00:29   0:00 /home/cc/Synergy4/s4c00/cmake-build-debug/sng_tsd /home/cc/Synergy4/s4c00/etc/sng4.json /home/cc/Synergy4/s4c00/etc/synergy-log.conf
cc          601  0.0  0.0  12944   924 ?        S    00:29   0:00 grep sng_tsd
 ============================================================ 
 === before clean up === 
~~~~~~ ls -l /tmp
total 16
-rw------- 1 cc cc 4198 Mar 28 00:29 synergy4_p2pmd_145847.log
-rw------- 1 cc cc  768 Mar 28 00:25 synergy4_parser_145847.log
-rw------- 1 cc cc 4009 Mar 28 00:27 synergy4_tsd_145847.log
srwxrwxr-x 1 cc cc    0 Mar 28 00:25 tsd1
~~~~~~ ls -l /dev/shm
total 16
-rwxrwxr-x 1 cc cc 4000000 Mar 28 00:25 matrix-pull
-rwxrwxr-x 1 cc cc 4000000 Mar 28 00:25 matrix-push
-rwxrwxr-x 1 cc cc      32 Mar 28 00:25 sem.matrix-pull-rsem
-rwxrwxr-x 1 cc cc      32 Mar 28 00:25 sem.matrix-pull-wsem
-rwxrwxr-x 1 cc cc      32 Mar 28 00:25 sem.matrix-push-rsem
-rwxrwxr-x 1 cc cc      32 Mar 28 00:25 sem.matrix-push-wsem
 === clean up ===
total 0
total 0
 === done ===
 *============== Launching remote tsd at 5 =============* 
 ====== tsd launch complete. You have 1 tsd instance. ====== 
cc       146447  0.0  0.0 144504  5116 ?        Sl   00:29   0:00 /home/cc/Synergy4/s4c00/cmake-build-debug/sng_tsd /home/cc/Synergy4/s4c00/etc/sng5.json /home/cc/Synergy4/s4c00/etc/synergy-log.conf
cc       146449  0.0  0.0  12944   896 ?        S    00:29   0:00 grep sng_tsd
 ============================================================ 
 === before clean up === 
~~~~~~ ls -l /tmp
total 16
-rw------- 1 cc cc 4198 Mar 28 00:29 synergy4_p2pmd_145552.log
-rw------- 1 cc cc  768 Mar 28 00:25 synergy4_parser_145552.log
-rw------- 1 cc cc 4009 Mar 28 00:27 synergy4_tsd_145552.log
srwxrwxr-x 1 cc cc    0 Mar 28 00:25 tsd1
~~~~~~ ls -l /dev/shm
total 16
-rwxrwxr-x 1 cc cc 4000000 Mar 28 00:25 matrix-pull
-rwxrwxr-x 1 cc cc 4000000 Mar 28 00:25 matrix-push
-rwxrwxr-x 1 cc cc      32 Mar 28 00:25 sem.matrix-pull-rsem
-rwxrwxr-x 1 cc cc      32 Mar 28 00:25 sem.matrix-pull-wsem
-rwxrwxr-x 1 cc cc      32 Mar 28 00:25 sem.matrix-push-rsem
-rwxrwxr-x 1 cc cc      32 Mar 28 00:25 sem.matrix-push-wsem
 === clean up ===
total 0
total 0
 === done ===
 *============== Launching remote tsd at 6 =============* 
 ====== tsd launch complete. You have 1 tsd instance. ====== 
cc       146147  0.0  0.0 144504  7088 ?        Sl   00:29   0:00 /home/cc/Synergy4/s4c00/cmake-build-debug/sng_tsd /home/cc/Synergy4/s4c00/etc/sng6.json /home/cc/Synergy4/s4c00/etc/synergy-log.conf
cc       146149  0.0  0.0  12944   988 ?        S    00:29   0:00 grep sng_tsd
 ============================================================ 
 === before clean up === 
~~~~~~ ls -l /tmp
total 16
-rw------- 1 cc cc 4198 Mar 28 00:29 synergy4_p2pmd_141263.log
-rw------- 1 cc cc  768 Mar 28 00:25 synergy4_parser_141263.log
-rw------- 1 cc cc 4009 Mar 28 00:27 synergy4_tsd_141263.log
srwxrwxr-x 1 cc cc    0 Mar 28 00:25 tsd1
~~~~~~ ls -l /dev/shm
total 16
-rwxrwxr-x 1 cc cc 4000000 Mar 28 00:25 matrix-pull
-rwxrwxr-x 1 cc cc 4000000 Mar 28 00:25 matrix-push
-rwxrwxr-x 1 cc cc      32 Mar 28 00:25 sem.matrix-pull-rsem
-rwxrwxr-x 1 cc cc      32 Mar 28 00:25 sem.matrix-pull-wsem
-rwxrwxr-x 1 cc cc      32 Mar 28 00:25 sem.matrix-push-rsem
-rwxrwxr-x 1 cc cc      32 Mar 28 00:25 sem.matrix-push-wsem
 === clean up ===
total 0
total 0
 === done ===
 *============== Launching remote tsd at 7 =============* 
 ====== tsd launch complete. You have 1 tsd instance. ====== 
cc       141852  0.0  0.0 144504  7016 ?        Sl   00:29   0:00 /home/cc/Synergy4/s4c00/cmake-build-debug/sng_tsd /home/cc/Synergy4/s4c00/etc/sng7.json /home/cc/Synergy4/s4c00/etc/synergy-log.conf
cc       141854  0.0  0.0  12944   944 ?        S    00:29   0:00 grep sng_tsd
 ============================================================ 
 === before clean up === 
~~~~~~ ls -l /tmp
total 16
-rw------- 1 cc cc 4299 Mar 28 00:29 synergy4_p2pmd_141368.log
-rw------- 1 cc cc  768 Mar 28 00:25 synergy4_parser_141368.log
-rw------- 1 cc cc 4009 Mar 28 00:27 synergy4_tsd_141368.log
srwxrwxr-x 1 cc cc    0 Mar 28 00:25 tsd1
~~~~~~ ls -l /dev/shm
total 16
-rwxrwxr-x 1 cc cc 4000000 Mar 28 00:25 matrix-pull
-rwxrwxr-x 1 cc cc 4000000 Mar 28 00:25 matrix-push
-rwxrwxr-x 1 cc cc      32 Mar 28 00:25 sem.matrix-pull-rsem
-rwxrwxr-x 1 cc cc      32 Mar 28 00:25 sem.matrix-pull-wsem
-rwxrwxr-x 1 cc cc      32 Mar 28 00:25 sem.matrix-push-rsem
-rwxrwxr-x 1 cc cc      32 Mar 28 00:25 sem.matrix-push-wsem
 === clean up ===
total 0
total 0
 === done ===
 *============== Launching remote tsd at 8 =============* 
 ====== tsd launch complete. You have 1 tsd instance. ====== 
cc       141954  0.0  0.0 144504  7104 ?        Sl   00:29   0:00 /home/cc/Synergy4/s4c00/cmake-build-debug/sng_tsd /home/cc/Synergy4/s4c00/etc/sng8.json /home/cc/Synergy4/s4c00/etc/synergy-log.conf
cc       141956  0.0  0.0  12944   932 ?        S    00:29   0:00 grep sng_tsd
 ============================================================ 
 === before clean up === 
~~~~~~ ls -l /tmp
total 16
-rw------- 1 cc cc 4199 Mar 28 00:29 synergy4_p2pmd_134828.log
-rw------- 1 cc cc  770 Mar 28 00:25 synergy4_parser_134828.log
-rw------- 1 cc cc 4009 Mar 28 00:27 synergy4_tsd_134828.log
srwxrwxr-x 1 cc cc    0 Mar 28 00:25 tsd1
~~~~~~ ls -l /dev/shm
total 16
-rwxrwxr-x 1 cc cc 4000000 Mar 28 00:25 matrix-pull
-rwxrwxr-x 1 cc cc 4000000 Mar 28 00:25 matrix-push
-rwxrwxr-x 1 cc cc      32 Mar 28 00:25 sem.matrix-pull-rsem
-rwxrwxr-x 1 cc cc      32 Mar 28 00:25 sem.matrix-pull-wsem
-rwxrwxr-x 1 cc cc      32 Mar 28 00:25 sem.matrix-push-rsem
-rwxrwxr-x 1 cc cc      32 Mar 28 00:25 sem.matrix-push-wsem
 === clean up ===
total 0
total 0
 === done ===
 *============== Launching remote tsd at 9 =============* 
 ====== tsd launch complete. You have 1 tsd instance. ====== 
cc       135425  0.0  0.0 144504  5016 ?        Sl   00:29   0:00 /home/cc/Synergy4/s4c00/cmake-build-debug/sng_tsd /home/cc/Synergy4/s4c00/etc/sng9.json /home/cc/Synergy4/s4c00/etc/synergy-log.conf
cc       135427  0.0  0.0  12944  1088 ?        S    00:29   0:00 grep sng_tsd
 ============================================================ 
 === before clean up === 
~~~~~~ ls -l /tmp
total 16
-rw------- 1 cc cc 4199 Mar 28 00:29 synergy4_p2pmd_135883.log
-rw------- 1 cc cc  770 Mar 28 00:25 synergy4_parser_135883.log
-rw------- 1 cc cc 4009 Mar 28 00:27 synergy4_tsd_135883.log
srwxrwxr-x 1 cc cc    0 Mar 28 00:25 tsd1
~~~~~~ ls -l /dev/shm
total 16
-rwxrwxr-x 1 cc cc 4000000 Mar 28 00:25 matrix-pull
-rwxrwxr-x 1 cc cc 4000000 Mar 28 00:25 matrix-push
-rwxrwxr-x 1 cc cc      32 Mar 28 00:25 sem.matrix-pull-rsem
-rwxrwxr-x 1 cc cc      32 Mar 28 00:25 sem.matrix-pull-wsem
-rwxrwxr-x 1 cc cc      32 Mar 28 00:25 sem.matrix-push-rsem
-rwxrwxr-x 1 cc cc      32 Mar 28 00:25 sem.matrix-push-wsem
 === clean up ===
total 0
total 0
 === done ===
 *============== Launching remote tsd at 10 =============* 
 ====== tsd launch complete. You have 1 tsd instance. ====== 
cc       136483  0.0  0.0 144504  7068 ?        Sl   00:29   0:00 /home/cc/Synergy4/s4c00/cmake-build-debug/sng_tsd /home/cc/Synergy4/s4c00/etc/sng10.json /home/cc/Synergy4/s4c00/etc/synergy-log.conf
cc       136485  0.0  0.0  12944  1016 ?        S    00:29   0:00 grep sng_tsd
 ============================================================ 
 === before clean up === 
~~~~~~ ls -l /tmp
total 16
-rw------- 1 cc cc 4304 Mar 28 00:29 synergy4_p2pmd_135112.log
-rw------- 1 cc cc  772 Mar 28 00:25 synergy4_parser_135112.log
-rw------- 1 cc cc 4009 Mar 28 00:27 synergy4_tsd_135112.log
srwxrwxr-x 1 cc cc    0 Mar 28 00:25 tsd1
~~~~~~ ls -l /dev/shm
total 16
-rwxrwxr-x 1 cc cc 4000000 Mar 28 00:25 matrix-pull
-rwxrwxr-x 1 cc cc 4000000 Mar 28 00:25 matrix-push
-rwxrwxr-x 1 cc cc      32 Mar 28 00:25 sem.matrix-pull-rsem
-rwxrwxr-x 1 cc cc      32 Mar 28 00:25 sem.matrix-pull-wsem
-rwxrwxr-x 1 cc cc      32 Mar 28 00:25 sem.matrix-push-rsem
-rwxrwxr-x 1 cc cc      32 Mar 28 00:25 sem.matrix-push-wsem
 === clean up ===
total 0
total 0
 === done ===
 *============== Launching remote tsd at 11 =============* 
 ====== tsd launch complete. You have 1 tsd instance. ====== 
cc       135714  0.0  0.0 144504  4944 ?        Sl   00:29   0:00 /home/cc/Synergy4/s4c00/cmake-build-debug/sng_tsd /home/cc/Synergy4/s4c00/etc/sng11.json /home/cc/Synergy4/s4c00/etc/synergy-log.conf
cc       135716  0.0  0.0  12944  1016 ?        S    00:29   0:00 grep sng_tsd
 ============================================================ 
 === before clean up === 
~~~~~~ ls -l /tmp
total 16
-rw------- 1 cc cc 5414 Mar 28 00:29 synergy4_p2pmd_135672.log
-rw------- 1 cc cc  770 Mar 28 00:25 synergy4_parser_135672.log
-rw------- 1 cc cc 4009 Mar 28 00:27 synergy4_tsd_135672.log
srwxrwxr-x 1 cc cc    0 Mar 28 00:25 tsd1
~~~~~~ ls -l /dev/shm
total 16
-rwxrwxr-x 1 cc cc 4000000 Mar 28 00:25 matrix-pull
-rwxrwxr-x 1 cc cc 4000000 Mar 28 00:25 matrix-push
-rwxrwxr-x 1 cc cc      32 Mar 28 00:25 sem.matrix-pull-rsem
-rwxrwxr-x 1 cc cc      32 Mar 28 00:25 sem.matrix-pull-wsem
-rwxrwxr-x 1 cc cc      32 Mar 28 00:25 sem.matrix-push-rsem
-rwxrwxr-x 1 cc cc      32 Mar 28 00:25 sem.matrix-push-wsem
 === clean up ===
total 0
total 0
 === done ===
 *============== Launching remote tsd at 12 =============* 
 ====== tsd launch complete. You have 1 tsd instance. ====== 
cc       136260  0.0  0.0 144504  4944 ?        Sl   00:29   0:00 /home/cc/Synergy4/s4c00/cmake-build-debug/sng_tsd /home/cc/Synergy4/s4c00/etc/sng12.json /home/cc/Synergy4/s4c00/etc/synergy-log.conf
cc       136262  0.0  0.0  12944  1016 ?        S    00:29   0:00 grep sng_tsd
 ============================================================ 
