 === before clean up === 
~~~~~~ ls -l /tmp
total 1492
-rw------- 1 cc cc 839882 Mar 27 13:37 synergy4_108318.log
-rw------- 1 cc cc  14862 Mar 27 13:37 synergy4_p2pmd_108318.log
-rw------- 1 cc cc    768 Mar 27 13:35 synergy4_parser_108318.log
-rw------- 1 cc cc 661047 Mar 27 13:37 synergy4_tsd_108318.log
srwxrwxr-x 1 cc cc      0 Mar 27 13:35 tsd1
~~~~~~ ls -l /dev/shm
total 7832
-rwxrwxr-x 1 cc cc 4000000 Mar 27 13:37 matrix-pull
-rwxrwxr-x 1 cc cc 4000000 Mar 27 13:37 matrix-push
-rwxrwxr-x 1 cc cc      32 Mar 27 13:35 sem.matrix-pull-rsem
-rwxrwxr-x 1 cc cc      32 Mar 27 13:35 sem.matrix-pull-wsem
-rwxrwxr-x 1 cc cc      32 Mar 27 13:35 sem.matrix-push-rsem
-rwxrwxr-x 1 cc cc      32 Mar 27 13:35 sem.matrix-push-wsem
 === clean up ===
total 0
total 0
 === done ===
 *============== Launching remote tsd at 1 =============* 
 ====== tsd launch complete. You have 1 tsd instance. ====== 
cc       108852  0.0  0.0 144504  5008 ?        Sl   13:38   0:00 /home/cc/Synergy4/s4c00/cmake-build-debug/sng_tsd /home/cc/Synergy4/s4c00/etc/sng1.json /home/cc/Synergy4/s4c00/etc/synergy-log.conf
cc       108854  0.0  0.0  12944   984 ?        S    13:38   0:00 grep sng_tsd
 ============================================================ 
 === before clean up === 
~~~~~~ ls -l /tmp
total 24
-rw------- 1 cc cc 12272 Mar 27 13:37 synergy4_p2pmd_96073.log
-rw------- 1 cc cc   768 Mar 27 13:35 synergy4_parser_96073.log
-rw------- 1 cc cc  7043 Mar 27 13:37 synergy4_tsd_96073.log
srwxrwxr-x 1 cc cc     0 Mar 27 13:35 tsd1
~~~~~~ ls -l /dev/shm
total 16
-rwxrwxr-x 1 cc cc 4000000 Mar 27 13:35 matrix-pull
-rwxrwxr-x 1 cc cc 4000000 Mar 27 13:35 matrix-push
-rwxrwxr-x 1 cc cc      32 Mar 27 13:35 sem.matrix-pull-rsem
-rwxrwxr-x 1 cc cc      32 Mar 27 13:35 sem.matrix-pull-wsem
-rwxrwxr-x 1 cc cc      32 Mar 27 13:35 sem.matrix-push-rsem
-rwxrwxr-x 1 cc cc      32 Mar 27 13:35 sem.matrix-push-wsem
 === clean up ===
total 0
total 0
 === done ===
 *============== Launching remote tsd at 2 =============* 
 ====== tsd launch complete. You have 1 tsd instance. ====== 
cc        96664  0.0  0.0 144504  7084 ?        Sl   13:38   0:00 /home/cc/Synergy4/s4c00/cmake-build-debug/sng_tsd /home/cc/Synergy4/s4c00/etc/sng2.json /home/cc/Synergy4/s4c00/etc/synergy-log.conf
cc        96666  0.0  0.0  12944   976 ?        S    13:38   0:00 grep sng_tsd
 ============================================================ 
 === before clean up === 
~~~~~~ ls -l /tmp
total 24
-rw------- 1 cc cc 12067 Mar 27 13:37 synergy4_p2pmd_95357.log
-rw------- 1 cc cc   764 Mar 27 13:35 synergy4_parser_95357.log
-rw------- 1 cc cc  7043 Mar 27 13:37 synergy4_tsd_95357.log
srwxrwxr-x 1 cc cc     0 Mar 27 13:35 tsd1
~~~~~~ ls -l /dev/shm
total 16
-rwxrwxr-x 1 cc cc 4000000 Mar 27 13:35 matrix-pull
-rwxrwxr-x 1 cc cc 4000000 Mar 27 13:35 matrix-push
-rwxrwxr-x 1 cc cc      32 Mar 27 13:35 sem.matrix-pull-rsem
-rwxrwxr-x 1 cc cc      32 Mar 27 13:35 sem.matrix-pull-wsem
-rwxrwxr-x 1 cc cc      32 Mar 27 13:35 sem.matrix-push-rsem
-rwxrwxr-x 1 cc cc      32 Mar 27 13:35 sem.matrix-push-wsem
 === clean up ===
total 0
total 0
 === done ===
 *============== Launching remote tsd at 3 =============* 
 ====== tsd launch complete. You have 1 tsd instance. ====== 
cc        95947  0.0  0.0 144504  7164 ?        Sl   13:38   0:00 /home/cc/Synergy4/s4c00/cmake-build-debug/sng_tsd /home/cc/Synergy4/s4c00/etc/sng3.json /home/cc/Synergy4/s4c00/etc/synergy-log.conf
cc        95949  0.0  0.0  12944  1032 ?        S    13:38   0:00 grep sng_tsd
 ============================================================ 
 === before clean up === 
~~~~~~ ls -l /tmp
total 12
-rw------- 1 cc cc 3025 Mar 27 13:37 synergy4_p2pmd_79069.log
-rw------- 1 cc cc  768 Mar 27 13:35 synergy4_parser_79069.log
-rw------- 1 cc cc 3973 Mar 27 13:36 synergy4_tsd_79069.log
srwxrwxr-x 1 cc cc    0 Mar 27 13:35 tsd1
~~~~~~ ls -l /dev/shm
total 16
-rwxrwxr-x 1 cc cc 4000000 Mar 27 13:35 matrix-pull
-rwxrwxr-x 1 cc cc 4000000 Mar 27 13:35 matrix-push
-rwxrwxr-x 1 cc cc      32 Mar 27 13:35 sem.matrix-pull-rsem
-rwxrwxr-x 1 cc cc      32 Mar 27 13:35 sem.matrix-pull-wsem
-rwxrwxr-x 1 cc cc      32 Mar 27 13:35 sem.matrix-push-rsem
-rwxrwxr-x 1 cc cc      32 Mar 27 13:35 sem.matrix-push-wsem
 === clean up ===
total 0
total 0
 === done ===
 *============== Launching remote tsd at 4 =============* 
 ====== tsd launch complete. You have 1 tsd instance. ====== 
cc        79655  0.0  0.0 144504  6996 ?        Sl   13:38   0:00 /home/cc/Synergy4/s4c00/cmake-build-debug/sng_tsd /home/cc/Synergy4/s4c00/etc/sng4.json /home/cc/Synergy4/s4c00/etc/synergy-log.conf
cc        79657  0.0  0.0  12944  1092 ?        S    13:38   0:00 grep sng_tsd
 ============================================================ 
 === before clean up === 
~~~~~~ ls -l /tmp
total 12
-rw------- 1 cc cc 3128 Mar 27 13:38 synergy4_p2pmd_78188.log
-rw------- 1 cc cc  768 Mar 27 13:35 synergy4_parser_78188.log
-rw------- 1 cc cc 3973 Mar 27 13:36 synergy4_tsd_78188.log
srwxrwxr-x 1 cc cc    0 Mar 27 13:35 tsd1
~~~~~~ ls -l /dev/shm
total 16
-rwxrwxr-x 1 cc cc 4000000 Mar 27 13:35 matrix-pull
-rwxrwxr-x 1 cc cc 4000000 Mar 27 13:35 matrix-push
-rwxrwxr-x 1 cc cc      32 Mar 27 13:35 sem.matrix-pull-rsem
-rwxrwxr-x 1 cc cc      32 Mar 27 13:35 sem.matrix-pull-wsem
-rwxrwxr-x 1 cc cc      32 Mar 27 13:35 sem.matrix-push-rsem
-rwxrwxr-x 1 cc cc      32 Mar 27 13:35 sem.matrix-push-wsem
 === clean up ===
total 0
total 0
 === done ===
 *============== Launching remote tsd at 5 =============* 
 ====== tsd launch complete. You have 1 tsd instance. ====== 
cc        78773  0.0  0.0 144504  5012 ?        Sl   13:38   0:00 /home/cc/Synergy4/s4c00/cmake-build-debug/sng_tsd /home/cc/Synergy4/s4c00/etc/sng5.json /home/cc/Synergy4/s4c00/etc/synergy-log.conf
cc        78775  0.0  0.0  12944  1084 ?        S    13:38   0:00 grep sng_tsd
 ============================================================ 
 === before clean up === 
~~~~~~ ls -l /tmp
total 12
-rw------- 1 cc cc 3128 Mar 27 13:38 synergy4_p2pmd_77873.log
-rw------- 1 cc cc  768 Mar 27 13:35 synergy4_parser_77873.log
-rw------- 1 cc cc 3973 Mar 27 13:36 synergy4_tsd_77873.log
srwxrwxr-x 1 cc cc    0 Mar 27 13:35 tsd1
~~~~~~ ls -l /dev/shm
total 16
-rwxrwxr-x 1 cc cc 4000000 Mar 27 13:35 matrix-pull
-rwxrwxr-x 1 cc cc 4000000 Mar 27 13:35 matrix-push
-rwxrwxr-x 1 cc cc      32 Mar 27 13:35 sem.matrix-pull-rsem
-rwxrwxr-x 1 cc cc      32 Mar 27 13:35 sem.matrix-pull-wsem
-rwxrwxr-x 1 cc cc      32 Mar 27 13:35 sem.matrix-push-rsem
-rwxrwxr-x 1 cc cc      32 Mar 27 13:35 sem.matrix-push-wsem
 === clean up ===
total 0
total 0
 === done ===
 *============== Launching remote tsd at 6 =============* 
 ====== tsd launch complete. You have 1 tsd instance. ====== 
cc        78472  0.0  0.0 144504  7060 ?        Sl   13:38   0:00 /home/cc/Synergy4/s4c00/cmake-build-debug/sng_tsd /home/cc/Synergy4/s4c00/etc/sng6.json /home/cc/Synergy4/s4c00/etc/synergy-log.conf
cc        78474  0.0  0.0  12944  1028 ?        S    13:38   0:00 grep sng_tsd
 ============================================================ 
 === before clean up === 
~~~~~~ ls -l /tmp
total 12
-rw------- 1 cc cc 3128 Mar 27 13:38 synergy4_p2pmd_73289.log
-rw------- 1 cc cc  768 Mar 27 13:35 synergy4_parser_73289.log
-rw------- 1 cc cc 3973 Mar 27 13:36 synergy4_tsd_73289.log
srwxrwxr-x 1 cc cc    0 Mar 27 13:35 tsd1
~~~~~~ ls -l /dev/shm
total 16
-rwxrwxr-x 1 cc cc 4000000 Mar 27 13:35 matrix-pull
-rwxrwxr-x 1 cc cc 4000000 Mar 27 13:35 matrix-push
-rwxrwxr-x 1 cc cc      32 Mar 27 13:35 sem.matrix-pull-rsem
-rwxrwxr-x 1 cc cc      32 Mar 27 13:35 sem.matrix-pull-wsem
-rwxrwxr-x 1 cc cc      32 Mar 27 13:35 sem.matrix-push-rsem
-rwxrwxr-x 1 cc cc      32 Mar 27 13:35 sem.matrix-push-wsem
 === clean up ===
total 0
total 0
 === done ===
 *============== Launching remote tsd at 7 =============* 
 ====== tsd launch complete. You have 1 tsd instance. ====== 
cc        73875  0.0  0.0 144504  4932 ?        Sl   13:38   0:00 /home/cc/Synergy4/s4c00/cmake-build-debug/sng_tsd /home/cc/Synergy4/s4c00/etc/sng7.json /home/cc/Synergy4/s4c00/etc/synergy-log.conf
cc        73877  0.0  0.0  12944   976 ?        S    13:38   0:00 grep sng_tsd
 ============================================================ 
 === before clean up === 
~~~~~~ ls -l /tmp
total 12
-rw------- 1 cc cc 3128 Mar 27 13:38 synergy4_p2pmd_73791.log
-rw------- 1 cc cc  768 Mar 27 13:35 synergy4_parser_73791.log
-rw------- 1 cc cc 3973 Mar 27 13:37 synergy4_tsd_73791.log
srwxrwxr-x 1 cc cc    0 Mar 27 13:35 tsd1
~~~~~~ ls -l /dev/shm
total 16
-rwxrwxr-x 1 cc cc 4000000 Mar 27 13:35 matrix-pull
-rwxrwxr-x 1 cc cc 4000000 Mar 27 13:35 matrix-push
-rwxrwxr-x 1 cc cc      32 Mar 27 13:35 sem.matrix-pull-rsem
-rwxrwxr-x 1 cc cc      32 Mar 27 13:35 sem.matrix-pull-wsem
-rwxrwxr-x 1 cc cc      32 Mar 27 13:35 sem.matrix-push-rsem
-rwxrwxr-x 1 cc cc      32 Mar 27 13:35 sem.matrix-push-wsem
 === clean up ===
total 0
total 0
 === done ===
 *============== Launching remote tsd at 8 =============* 
 ====== tsd launch complete. You have 1 tsd instance. ====== 
cc        74383  0.0  0.0 144504  9044 ?        Sl   13:38   0:00 /home/cc/Synergy4/s4c00/cmake-build-debug/sng_tsd /home/cc/Synergy4/s4c00/etc/sng8.json /home/cc/Synergy4/s4c00/etc/synergy-log.conf
cc        74385  0.0  0.0  12944  1008 ?        S    13:38   0:00 grep sng_tsd
 ============================================================ 
 === before clean up === 
~~~~~~ ls -l /tmp
total 12
-rw------- 1 cc cc 3129 Mar 27 13:38 synergy4_p2pmd_67395.log
-rw------- 1 cc cc  770 Mar 27 13:35 synergy4_parser_67395.log
-rw------- 1 cc cc 3973 Mar 27 13:37 synergy4_tsd_67395.log
srwxrwxr-x 1 cc cc    0 Mar 27 13:35 tsd1
~~~~~~ ls -l /dev/shm
total 16
-rwxrwxr-x 1 cc cc 4000000 Mar 27 13:35 matrix-pull
-rwxrwxr-x 1 cc cc 4000000 Mar 27 13:35 matrix-push
-rwxrwxr-x 1 cc cc      32 Mar 27 13:35 sem.matrix-pull-rsem
-rwxrwxr-x 1 cc cc      32 Mar 27 13:35 sem.matrix-pull-wsem
-rwxrwxr-x 1 cc cc      32 Mar 27 13:35 sem.matrix-push-rsem
-rwxrwxr-x 1 cc cc      32 Mar 27 13:35 sem.matrix-push-wsem
 === clean up ===
total 0
total 0
 === done ===
 *============== Launching remote tsd at 9 =============* 
 ====== tsd launch complete. You have 1 tsd instance. ====== 
cc        67993  0.0  0.0 144504  7044 ?        Sl   13:38   0:00 /home/cc/Synergy4/s4c00/cmake-build-debug/sng_tsd /home/cc/Synergy4/s4c00/etc/sng9.json /home/cc/Synergy4/s4c00/etc/synergy-log.conf
cc        67995  0.0  0.0  12944   944 ?        S    13:38   0:00 grep sng_tsd
 ============================================================ 
 === before clean up === 
~~~~~~ ls -l /tmp
total 12
-rw------- 1 cc cc 3129 Mar 27 13:38 synergy4_p2pmd_68342.log
-rw------- 1 cc cc  770 Mar 27 13:35 synergy4_parser_68342.log
-rw------- 1 cc cc 3973 Mar 27 13:37 synergy4_tsd_68342.log
srwxrwxr-x 1 cc cc    0 Mar 27 13:35 tsd1
~~~~~~ ls -l /dev/shm
total 16
-rwxrwxr-x 1 cc cc 4000000 Mar 27 13:35 matrix-pull
-rwxrwxr-x 1 cc cc 4000000 Mar 27 13:35 matrix-push
-rwxrwxr-x 1 cc cc      32 Mar 27 13:35 sem.matrix-pull-rsem
-rwxrwxr-x 1 cc cc      32 Mar 27 13:35 sem.matrix-pull-wsem
-rwxrwxr-x 1 cc cc      32 Mar 27 13:35 sem.matrix-push-rsem
-rwxrwxr-x 1 cc cc      32 Mar 27 13:35 sem.matrix-push-wsem
 === clean up ===
total 0
total 0
 === done ===
 *============== Launching remote tsd at 10 =============* 
 ====== tsd launch complete. You have 1 tsd instance. ====== 
cc        68934  0.0  0.0 144504  4912 ?        Sl   13:38   0:00 /home/cc/Synergy4/s4c00/cmake-build-debug/sng_tsd /home/cc/Synergy4/s4c00/etc/sng10.json /home/cc/Synergy4/s4c00/etc/synergy-log.conf
cc        68936  0.0  0.0  12944   972 ?        S    13:38   0:00 grep sng_tsd
 ============================================================ 
 === before clean up === 
~~~~~~ ls -l /tmp
total 12
-rw------- 1 cc cc 3233 Mar 27 13:38 synergy4_p2pmd_67713.log
-rw------- 1 cc cc  772 Mar 27 13:35 synergy4_parser_67713.log
-rw------- 1 cc cc 3973 Mar 27 13:37 synergy4_tsd_67713.log
srwxrwxr-x 1 cc cc    0 Mar 27 13:35 tsd1
~~~~~~ ls -l /dev/shm
total 16
-rwxrwxr-x 1 cc cc 4000000 Mar 27 13:35 matrix-pull
-rwxrwxr-x 1 cc cc 4000000 Mar 27 13:35 matrix-push
-rwxrwxr-x 1 cc cc      32 Mar 27 13:35 sem.matrix-pull-rsem
-rwxrwxr-x 1 cc cc      32 Mar 27 13:35 sem.matrix-pull-wsem
-rwxrwxr-x 1 cc cc      32 Mar 27 13:35 sem.matrix-push-rsem
-rwxrwxr-x 1 cc cc      32 Mar 27 13:35 sem.matrix-push-wsem
 === clean up ===
total 0
total 0
 === done ===
 *============== Launching remote tsd at 11 =============* 
 ====== tsd launch complete. You have 1 tsd instance. ====== 
cc        68297  0.0  0.0 144504  7028 ?        Sl   13:38   0:00 /home/cc/Synergy4/s4c00/cmake-build-debug/sng_tsd /home/cc/Synergy4/s4c00/etc/sng11.json /home/cc/Synergy4/s4c00/etc/synergy-log.conf
cc        68299  0.0  0.0  12944   928 ?        S    13:38   0:00 grep sng_tsd
 ============================================================ 
 === before clean up === 
~~~~~~ ls -l /tmp
total 12
-rw------- 1 cc cc 3232 Mar 27 13:38 synergy4_p2pmd_68283.log
-rw------- 1 cc cc  770 Mar 27 13:35 synergy4_parser_68283.log
-rw------- 1 cc cc 3973 Mar 27 13:37 synergy4_tsd_68283.log
srwxrwxr-x 1 cc cc    0 Mar 27 13:35 tsd1
~~~~~~ ls -l /dev/shm
total 16
-rwxrwxr-x 1 cc cc 4000000 Mar 27 13:35 matrix-pull
-rwxrwxr-x 1 cc cc 4000000 Mar 27 13:35 matrix-push
-rwxrwxr-x 1 cc cc      32 Mar 27 13:35 sem.matrix-pull-rsem
-rwxrwxr-x 1 cc cc      32 Mar 27 13:35 sem.matrix-pull-wsem
-rwxrwxr-x 1 cc cc      32 Mar 27 13:35 sem.matrix-push-rsem
-rwxrwxr-x 1 cc cc      32 Mar 27 13:35 sem.matrix-push-wsem
 === clean up ===
total 0
total 0
 === done ===
 *============== Launching remote tsd at 12 =============* 
 ====== tsd launch complete. You have 1 tsd instance. ====== 
cc        68876  0.0  0.0 144504  5008 ?        Sl   13:38   0:00 /home/cc/Synergy4/s4c00/cmake-build-debug/sng_tsd /home/cc/Synergy4/s4c00/etc/sng12.json /home/cc/Synergy4/s4c00/etc/synergy-log.conf
cc        68878  0.0  0.0  12944   928 ?        S    13:38   0:00 grep sng_tsd
 ============================================================ 
