 === before clean up === 
~~~~~~ ls -l /tmp
total 1788
-rw------- 1 cc cc 1435486 Mar 27 17:51 synergy4_154050.log
-rw------- 1 cc cc    9480 Mar 27 17:52 synergy4_p2pmd_154050.log
-rw------- 1 cc cc     768 Mar 27 17:48 synergy4_parser_154050.log
-rw------- 1 cc cc  374758 Mar 27 17:51 synergy4_tsd_154050.log
srwxrwxr-x 1 cc cc       0 Mar 27 17:48 tsd1
~~~~~~ ls -l /dev/shm
total 7832
-rwxrwxr-x 1 cc cc 4000000 Mar 27 17:50 matrix-pull
-rwxrwxr-x 1 cc cc 4000000 Mar 27 17:50 matrix-push
-rwxrwxr-x 1 cc cc      32 Mar 27 17:48 sem.matrix-pull-rsem
-rwxrwxr-x 1 cc cc      32 Mar 27 17:48 sem.matrix-pull-wsem
-rwxrwxr-x 1 cc cc      32 Mar 27 17:48 sem.matrix-push-rsem
-rwxrwxr-x 1 cc cc      32 Mar 27 17:48 sem.matrix-push-wsem
 === clean up ===
total 0
total 0
 === done ===
 *============== Launching remote tsd at 1 =============* 
 ====== tsd launch complete. You have 1 tsd instance. ====== 
cc       154661  0.0  0.0 144504  7152 ?        Sl   17:52   0:00 /home/cc/Synergy4/s4c00/cmake-build-debug/sng_tsd /home/cc/Synergy4/s4c00/etc/sng1.json /home/cc/Synergy4/s4c00/etc/synergy-log.conf
cc       154663  0.0  0.0  12944  1092 ?        S    17:52   0:00 grep sng_tsd
 ============================================================ 
 === before clean up === 
~~~~~~ ls -l /tmp
total 28
-rw------- 1 cc cc 14772 Mar 27 17:52 synergy4_p2pmd_145354.log
-rw------- 1 cc cc   768 Mar 27 17:48 synergy4_parser_145354.log
-rw------- 1 cc cc  7107 Mar 27 17:51 synergy4_tsd_145354.log
srwxrwxr-x 1 cc cc     0 Mar 27 17:48 tsd1
~~~~~~ ls -l /dev/shm
total 16
-rwxrwxr-x 1 cc cc 4000000 Mar 27 17:48 matrix-pull
-rwxrwxr-x 1 cc cc 4000000 Mar 27 17:48 matrix-push
-rwxrwxr-x 1 cc cc      32 Mar 27 17:48 sem.matrix-pull-rsem
-rwxrwxr-x 1 cc cc      32 Mar 27 17:48 sem.matrix-pull-wsem
-rwxrwxr-x 1 cc cc      32 Mar 27 17:48 sem.matrix-push-rsem
-rwxrwxr-x 1 cc cc      32 Mar 27 17:48 sem.matrix-push-wsem
 === clean up ===
total 0
total 0
 === done ===
 *============== Launching remote tsd at 2 =============* 
 ====== tsd launch complete. You have 1 tsd instance. ====== 
cc       145946  0.0  0.0 144504  5116 ?        Sl   17:52   0:00 /home/cc/Synergy4/s4c00/cmake-build-debug/sng_tsd /home/cc/Synergy4/s4c00/etc/sng2.json /home/cc/Synergy4/s4c00/etc/synergy-log.conf
cc       145948  0.0  0.0  12944   988 ?        S    17:52   0:00 grep sng_tsd
 ============================================================ 
 === before clean up === 
~~~~~~ ls -l /tmp
total 32
-rw------- 1 cc cc 17474 Mar 27 17:52 synergy4_p2pmd_144668.log
-rw------- 1 cc cc   764 Mar 27 17:48 synergy4_parser_144668.log
-rw------- 1 cc cc  7107 Mar 27 17:51 synergy4_tsd_144668.log
srwxrwxr-x 1 cc cc     0 Mar 27 17:48 tsd1
~~~~~~ ls -l /dev/shm
total 16
-rwxrwxr-x 1 cc cc 4000000 Mar 27 17:48 matrix-pull
-rwxrwxr-x 1 cc cc 4000000 Mar 27 17:48 matrix-push
-rwxrwxr-x 1 cc cc      32 Mar 27 17:48 sem.matrix-pull-rsem
-rwxrwxr-x 1 cc cc      32 Mar 27 17:48 sem.matrix-pull-wsem
-rwxrwxr-x 1 cc cc      32 Mar 27 17:48 sem.matrix-push-rsem
-rwxrwxr-x 1 cc cc      32 Mar 27 17:48 sem.matrix-push-wsem
 === clean up ===
total 0
total 0
 === done ===
 *============== Launching remote tsd at 3 =============* 
 ====== tsd launch complete. You have 1 tsd instance. ====== 
cc       145264  0.0  0.0 144504  7064 ?        Sl   17:52   0:00 /home/cc/Synergy4/s4c00/cmake-build-debug/sng_tsd /home/cc/Synergy4/s4c00/etc/sng3.json /home/cc/Synergy4/s4c00/etc/synergy-log.conf
cc       145266  0.0  0.0  12944   928 ?        S    17:52   0:00 grep sng_tsd
 ============================================================ 
 === before clean up === 
~~~~~~ ls -l /tmp
total 16
-rw------- 1 cc cc 4926 Mar 27 17:52 synergy4_p2pmd_128641.log
-rw------- 1 cc cc  768 Mar 27 17:48 synergy4_parser_128641.log
-rw------- 1 cc cc 4009 Mar 27 17:50 synergy4_tsd_128641.log
srwxrwxr-x 1 cc cc    0 Mar 27 17:48 tsd1
~~~~~~ ls -l /dev/shm
total 16
-rwxrwxr-x 1 cc cc 4000000 Mar 27 17:48 matrix-pull
-rwxrwxr-x 1 cc cc 4000000 Mar 27 17:48 matrix-push
-rwxrwxr-x 1 cc cc      32 Mar 27 17:48 sem.matrix-pull-rsem
-rwxrwxr-x 1 cc cc      32 Mar 27 17:48 sem.matrix-pull-wsem
-rwxrwxr-x 1 cc cc      32 Mar 27 17:48 sem.matrix-push-rsem
-rwxrwxr-x 1 cc cc      32 Mar 27 17:48 sem.matrix-push-wsem
 === clean up ===
total 0
total 0
 === done ===
 *============== Launching remote tsd at 4 =============* 
 ====== tsd launch complete. You have 1 tsd instance. ====== 
cc       129238  0.0  0.0 144504  6992 ?        Sl   17:52   0:00 /home/cc/Synergy4/s4c00/cmake-build-debug/sng_tsd /home/cc/Synergy4/s4c00/etc/sng4.json /home/cc/Synergy4/s4c00/etc/synergy-log.conf
cc       129240  0.0  0.0  12944   944 ?        S    17:52   0:00 grep sng_tsd
 ============================================================ 
 === before clean up === 
~~~~~~ ls -l /tmp
total 16
-rw------- 1 cc cc 4926 Mar 27 17:52 synergy4_p2pmd_127403.log
-rw------- 1 cc cc  768 Mar 27 17:48 synergy4_parser_127403.log
-rw------- 1 cc cc 4009 Mar 27 17:50 synergy4_tsd_127403.log
srwxrwxr-x 1 cc cc    0 Mar 27 17:48 tsd1
~~~~~~ ls -l /dev/shm
total 16
-rwxrwxr-x 1 cc cc 4000000 Mar 27 17:48 matrix-pull
-rwxrwxr-x 1 cc cc 4000000 Mar 27 17:48 matrix-push
-rwxrwxr-x 1 cc cc      32 Mar 27 17:48 sem.matrix-pull-rsem
-rwxrwxr-x 1 cc cc      32 Mar 27 17:48 sem.matrix-pull-wsem
-rwxrwxr-x 1 cc cc      32 Mar 27 17:48 sem.matrix-push-rsem
-rwxrwxr-x 1 cc cc      32 Mar 27 17:48 sem.matrix-push-wsem
 === clean up ===
total 0
total 0
 === done ===
 *============== Launching remote tsd at 5 =============* 
 ====== tsd launch complete. You have 1 tsd instance. ====== 
cc       127999  0.0  0.0 144504  4952 ?        Sl   17:52   0:00 /home/cc/Synergy4/s4c00/cmake-build-debug/sng_tsd /home/cc/Synergy4/s4c00/etc/sng5.json /home/cc/Synergy4/s4c00/etc/synergy-log.conf
cc       128001  0.0  0.0  12944   980 ?        S    17:52   0:00 grep sng_tsd
 ============================================================ 
 === before clean up === 
~~~~~~ ls -l /tmp
total 16
-rw------- 1 cc cc 4926 Mar 27 17:52 synergy4_p2pmd_127136.log
-rw------- 1 cc cc  768 Mar 27 17:48 synergy4_parser_127136.log
-rw------- 1 cc cc 4009 Mar 27 17:50 synergy4_tsd_127136.log
srwxrwxr-x 1 cc cc    0 Mar 27 17:48 tsd1
~~~~~~ ls -l /dev/shm
total 16
-rwxrwxr-x 1 cc cc 4000000 Mar 27 17:48 matrix-pull
-rwxrwxr-x 1 cc cc 4000000 Mar 27 17:48 matrix-push
-rwxrwxr-x 1 cc cc      32 Mar 27 17:48 sem.matrix-pull-rsem
-rwxrwxr-x 1 cc cc      32 Mar 27 17:48 sem.matrix-pull-wsem
-rwxrwxr-x 1 cc cc      32 Mar 27 17:48 sem.matrix-push-rsem
-rwxrwxr-x 1 cc cc      32 Mar 27 17:48 sem.matrix-push-wsem
 === clean up ===
total 0
total 0
 === done ===
 *============== Launching remote tsd at 6 =============* 
 ====== tsd launch complete. You have 1 tsd instance. ====== 
cc       127728  0.0  0.0 144504  5008 ?        Sl   17:52   0:00 /home/cc/Synergy4/s4c00/cmake-build-debug/sng_tsd /home/cc/Synergy4/s4c00/etc/sng6.json /home/cc/Synergy4/s4c00/etc/synergy-log.conf
cc       127730  0.0  0.0  12944  1084 ?        S    17:52   0:00 grep sng_tsd
 ============================================================ 
 === before clean up === 
~~~~~~ ls -l /tmp
total 16
-rw------- 1 cc cc 4926 Mar 27 17:52 synergy4_p2pmd_122817.log
-rw------- 1 cc cc  768 Mar 27 17:48 synergy4_parser_122817.log
-rw------- 1 cc cc 4009 Mar 27 17:50 synergy4_tsd_122817.log
srwxrwxr-x 1 cc cc    0 Mar 27 17:48 tsd1
~~~~~~ ls -l /dev/shm
total 16
-rwxrwxr-x 1 cc cc 4000000 Mar 27 17:48 matrix-pull
-rwxrwxr-x 1 cc cc 4000000 Mar 27 17:48 matrix-push
-rwxrwxr-x 1 cc cc      32 Mar 27 17:48 sem.matrix-pull-rsem
-rwxrwxr-x 1 cc cc      32 Mar 27 17:48 sem.matrix-pull-wsem
-rwxrwxr-x 1 cc cc      32 Mar 27 17:48 sem.matrix-push-rsem
-rwxrwxr-x 1 cc cc      32 Mar 27 17:48 sem.matrix-push-wsem
 === clean up ===
total 0
total 0
 === done ===
 *============== Launching remote tsd at 7 =============* 
 ====== tsd launch complete. You have 1 tsd instance. ====== 
cc       123409  0.0  0.0 144504  7000 ?        Sl   17:52   0:00 /home/cc/Synergy4/s4c00/cmake-build-debug/sng_tsd /home/cc/Synergy4/s4c00/etc/sng7.json /home/cc/Synergy4/s4c00/etc/synergy-log.conf
cc       123411  0.0  0.0  12944  1020 ?        S    17:52   0:00 grep sng_tsd
 ============================================================ 
 === before clean up === 
~~~~~~ ls -l /tmp
total 16
-rw------- 1 cc cc 4926 Mar 27 17:52 synergy4_p2pmd_123009.log
-rw------- 1 cc cc  768 Mar 27 17:48 synergy4_parser_123009.log
-rw------- 1 cc cc 4009 Mar 27 17:50 synergy4_tsd_123009.log
srwxrwxr-x 1 cc cc    0 Mar 27 17:48 tsd1
~~~~~~ ls -l /dev/shm
total 16
-rwxrwxr-x 1 cc cc 4000000 Mar 27 17:48 matrix-pull
-rwxrwxr-x 1 cc cc 4000000 Mar 27 17:48 matrix-push
-rwxrwxr-x 1 cc cc      32 Mar 27 17:48 sem.matrix-pull-rsem
-rwxrwxr-x 1 cc cc      32 Mar 27 17:48 sem.matrix-pull-wsem
-rwxrwxr-x 1 cc cc      32 Mar 27 17:48 sem.matrix-push-rsem
-rwxrwxr-x 1 cc cc      32 Mar 27 17:48 sem.matrix-push-wsem
 === clean up ===
total 0
total 0
 === done ===
 *============== Launching remote tsd at 8 =============* 
 ====== tsd launch complete. You have 1 tsd instance. ====== 
cc       123609  0.0  0.0 144504  4952 ?        Sl   17:52   0:00 /home/cc/Synergy4/s4c00/cmake-build-debug/sng_tsd /home/cc/Synergy4/s4c00/etc/sng8.json /home/cc/Synergy4/s4c00/etc/synergy-log.conf
cc       123611  0.0  0.0  12944   940 ?        S    17:52   0:00 grep sng_tsd
 ============================================================ 
 === before clean up === 
~~~~~~ ls -l /tmp
total 16
-rw------- 1 cc cc 4927 Mar 27 17:52 synergy4_p2pmd_116643.log
-rw------- 1 cc cc  770 Mar 27 17:48 synergy4_parser_116643.log
-rw------- 1 cc cc 4009 Mar 27 17:50 synergy4_tsd_116643.log
srwxrwxr-x 1 cc cc    0 Mar 27 17:48 tsd1
~~~~~~ ls -l /dev/shm
total 16
-rwxrwxr-x 1 cc cc 4000000 Mar 27 17:48 matrix-pull
-rwxrwxr-x 1 cc cc 4000000 Mar 27 17:48 matrix-push
-rwxrwxr-x 1 cc cc      32 Mar 27 17:48 sem.matrix-pull-rsem
-rwxrwxr-x 1 cc cc      32 Mar 27 17:48 sem.matrix-pull-wsem
-rwxrwxr-x 1 cc cc      32 Mar 27 17:48 sem.matrix-push-rsem
-rwxrwxr-x 1 cc cc      32 Mar 27 17:48 sem.matrix-push-wsem
 === clean up ===
total 0
total 0
 === done ===
 *============== Launching remote tsd at 9 =============* 
 ====== tsd launch complete. You have 1 tsd instance. ====== 
cc       117233  0.0  0.0 144504  4944 ?        Sl   17:52   0:00 /home/cc/Synergy4/s4c00/cmake-build-debug/sng_tsd /home/cc/Synergy4/s4c00/etc/sng9.json /home/cc/Synergy4/s4c00/etc/synergy-log.conf
cc       117235  0.0  0.0  12944   984 ?        S    17:52   0:00 grep sng_tsd
 ============================================================ 
 === before clean up === 
~~~~~~ ls -l /tmp
total 16
-rw------- 1 cc cc 5031 Mar 27 17:52 synergy4_p2pmd_117652.log
-rw------- 1 cc cc  770 Mar 27 17:48 synergy4_parser_117652.log
-rw------- 1 cc cc 4009 Mar 27 17:50 synergy4_tsd_117652.log
srwxrwxr-x 1 cc cc    0 Mar 27 17:48 tsd1
~~~~~~ ls -l /dev/shm
total 16
-rwxrwxr-x 1 cc cc 4000000 Mar 27 17:48 matrix-pull
-rwxrwxr-x 1 cc cc 4000000 Mar 27 17:48 matrix-push
-rwxrwxr-x 1 cc cc      32 Mar 27 17:48 sem.matrix-pull-rsem
-rwxrwxr-x 1 cc cc      32 Mar 27 17:48 sem.matrix-pull-wsem
-rwxrwxr-x 1 cc cc      32 Mar 27 17:48 sem.matrix-push-rsem
-rwxrwxr-x 1 cc cc      32 Mar 27 17:48 sem.matrix-push-wsem
 === clean up ===
total 0
total 0
 === done ===
 *============== Launching remote tsd at 10 =============* 
 ====== tsd launch complete. You have 1 tsd instance. ====== 
cc       118249  0.0  0.0 144504  4944 ?        Sl   17:52   0:00 /home/cc/Synergy4/s4c00/cmake-build-debug/sng_tsd /home/cc/Synergy4/s4c00/etc/sng10.json /home/cc/Synergy4/s4c00/etc/synergy-log.conf
cc       118251  0.0  0.0  12944   972 ?        S    17:52   0:00 grep sng_tsd
 ============================================================ 
 === before clean up === 
~~~~~~ ls -l /tmp
total 16
-rw------- 1 cc cc 5335 Mar 27 17:52 synergy4_p2pmd_116994.log
-rw------- 1 cc cc  772 Mar 27 17:48 synergy4_parser_116994.log
-rw------- 1 cc cc 4009 Mar 27 17:50 synergy4_tsd_116994.log
srwxrwxr-x 1 cc cc    0 Mar 27 17:48 tsd1
~~~~~~ ls -l /dev/shm
total 16
-rwxrwxr-x 1 cc cc 4000000 Mar 27 17:48 matrix-pull
-rwxrwxr-x 1 cc cc 4000000 Mar 27 17:48 matrix-push
-rwxrwxr-x 1 cc cc      32 Mar 27 17:48 sem.matrix-pull-rsem
-rwxrwxr-x 1 cc cc      32 Mar 27 17:48 sem.matrix-pull-wsem
-rwxrwxr-x 1 cc cc      32 Mar 27 17:48 sem.matrix-push-rsem
-rwxrwxr-x 1 cc cc      32 Mar 27 17:48 sem.matrix-push-wsem
 === clean up ===
total 0
total 0
 === done ===
 *============== Launching remote tsd at 11 =============* 
 ====== tsd launch complete. You have 1 tsd instance. ====== 
cc       117586  0.0  0.0 144504  6992 ?        Sl   17:52   0:00 /home/cc/Synergy4/s4c00/cmake-build-debug/sng_tsd /home/cc/Synergy4/s4c00/etc/sng11.json /home/cc/Synergy4/s4c00/etc/synergy-log.conf
cc       117588  0.0  0.0  12944   972 ?        S    17:52   0:00 grep sng_tsd
 ============================================================ 
 === before clean up === 
~~~~~~ ls -l /tmp
total 16
-rw------- 1 cc cc 5031 Mar 27 17:52 synergy4_p2pmd_117538.log
-rw------- 1 cc cc  770 Mar 27 17:48 synergy4_parser_117538.log
-rw------- 1 cc cc 4009 Mar 27 17:50 synergy4_tsd_117538.log
srwxrwxr-x 1 cc cc    0 Mar 27 17:48 tsd1
~~~~~~ ls -l /dev/shm
total 16
-rwxrwxr-x 1 cc cc 4000000 Mar 27 17:48 matrix-pull
-rwxrwxr-x 1 cc cc 4000000 Mar 27 17:48 matrix-push
-rwxrwxr-x 1 cc cc      32 Mar 27 17:48 sem.matrix-pull-rsem
-rwxrwxr-x 1 cc cc      32 Mar 27 17:48 sem.matrix-pull-wsem
-rwxrwxr-x 1 cc cc      32 Mar 27 17:48 sem.matrix-push-rsem
-rwxrwxr-x 1 cc cc      32 Mar 27 17:48 sem.matrix-push-wsem
 === clean up ===
total 0
total 0
 === done ===
 *============== Launching remote tsd at 12 =============* 
 ====== tsd launch complete. You have 1 tsd instance. ====== 
cc       118132  0.0  0.0 144504  7160 ?        Sl   17:52   0:00 /home/cc/Synergy4/s4c00/cmake-build-debug/sng_tsd /home/cc/Synergy4/s4c00/etc/sng12.json /home/cc/Synergy4/s4c00/etc/synergy-log.conf
cc       118134  0.0  0.0  12944  1012 ?        S    17:52   0:00 grep sng_tsd
 ============================================================ 
