 === before clean up === 
~~~~~~ ls -l /tmp
total 1812
-rw------- 1 cc cc 1389824 Mar 27 16:57 synergy4_146169.log
-rw------- 1 cc cc   44805 Mar 27 16:57 synergy4_p2pmd_146169.log
-rw------- 1 cc cc     768 Mar 27 16:53 synergy4_parser_146169.log
-rw------- 1 cc cc  411465 Mar 27 16:57 synergy4_tsd_146169.log
srwxrwxr-x 1 cc cc       0 Mar 27 16:53 tsd1
~~~~~~ ls -l /dev/shm
total 7832
-rwxrwxr-x 1 cc cc 4000000 Mar 27 16:55 matrix-pull
-rwxrwxr-x 1 cc cc 4000000 Mar 27 16:55 matrix-push
-rwxrwxr-x 1 cc cc      32 Mar 27 16:53 sem.matrix-pull-rsem
-rwxrwxr-x 1 cc cc      32 Mar 27 16:53 sem.matrix-pull-wsem
-rwxrwxr-x 1 cc cc      32 Mar 27 16:53 sem.matrix-push-rsem
-rwxrwxr-x 1 cc cc      32 Mar 27 16:53 sem.matrix-push-wsem
 === clean up ===
total 0
total 0
 === done ===
 *============== Launching remote tsd at 1 =============* 
 ====== tsd launch complete. You have 1 tsd instance. ====== 
cc       146735  0.0  0.0 144504  9132 ?        Sl   16:57   0:00 /home/cc/Synergy4/s4c00/cmake-build-debug/sng_tsd /home/cc/Synergy4/s4c00/etc/sng1.json /home/cc/Synergy4/s4c00/etc/synergy-log.conf
cc       146737  0.0  0.0  12944   960 ?        S    16:57   0:00 grep sng_tsd
 ============================================================ 
 === before clean up === 
~~~~~~ ls -l /tmp
total 52
-rw------- 1 cc cc 32832 Mar 27 16:57 synergy4_p2pmd_136978.log
-rw------- 1 cc cc   768 Mar 27 16:53 synergy4_parser_136978.log
-rw------- 1 cc cc  7107 Mar 27 16:57 synergy4_tsd_136978.log
srwxrwxr-x 1 cc cc     0 Mar 27 16:53 tsd1
~~~~~~ ls -l /dev/shm
total 16
-rwxrwxr-x 1 cc cc 4000000 Mar 27 16:53 matrix-pull
-rwxrwxr-x 1 cc cc 4000000 Mar 27 16:53 matrix-push
-rwxrwxr-x 1 cc cc      32 Mar 27 16:53 sem.matrix-pull-rsem
-rwxrwxr-x 1 cc cc      32 Mar 27 16:53 sem.matrix-pull-wsem
-rwxrwxr-x 1 cc cc      32 Mar 27 16:53 sem.matrix-push-rsem
-rwxrwxr-x 1 cc cc      32 Mar 27 16:53 sem.matrix-push-wsem
 === clean up ===
total 0
total 0
 === done ===
 *============== Launching remote tsd at 2 =============* 
 ====== tsd launch complete. You have 1 tsd instance. ====== 
cc       137595  0.0  0.0 144504  4988 ?        Sl   16:57   0:00 /home/cc/Synergy4/s4c00/cmake-build-debug/sng_tsd /home/cc/Synergy4/s4c00/etc/sng2.json /home/cc/Synergy4/s4c00/etc/synergy-log.conf
cc       137597  0.0  0.0  12944  1088 ?        S    16:57   0:00 grep sng_tsd
 ============================================================ 
 === before clean up === 
~~~~~~ ls -l /tmp
total 36
-rw------- 1 cc cc 17778 Mar 27 16:57 synergy4_p2pmd_136287.log
-rw------- 1 cc cc   764 Mar 27 16:53 synergy4_parser_136287.log
-rw------- 1 cc cc  7107 Mar 27 16:57 synergy4_tsd_136287.log
srwxrwxr-x 1 cc cc     0 Mar 27 16:53 tsd1
~~~~~~ ls -l /dev/shm
total 16
-rwxrwxr-x 1 cc cc 4000000 Mar 27 16:53 matrix-pull
-rwxrwxr-x 1 cc cc 4000000 Mar 27 16:53 matrix-push
-rwxrwxr-x 1 cc cc      32 Mar 27 16:53 sem.matrix-pull-rsem
-rwxrwxr-x 1 cc cc      32 Mar 27 16:53 sem.matrix-pull-wsem
-rwxrwxr-x 1 cc cc      32 Mar 27 16:53 sem.matrix-push-rsem
-rwxrwxr-x 1 cc cc      32 Mar 27 16:53 sem.matrix-push-wsem
 === clean up ===
total 0
total 0
 === done ===
 *============== Launching remote tsd at 3 =============* 
 ====== tsd launch complete. You have 1 tsd instance. ====== 
cc       136911  0.0  0.0 144504  6956 ?        Sl   16:57   0:00 /home/cc/Synergy4/s4c00/cmake-build-debug/sng_tsd /home/cc/Synergy4/s4c00/etc/sng3.json /home/cc/Synergy4/s4c00/etc/synergy-log.conf
cc       136913  0.0  0.0  12944  1088 ?        S    16:57   0:00 grep sng_tsd
 ============================================================ 
 === before clean up === 
~~~~~~ ls -l /tmp
total 16
-rw------- 1 cc cc 4822 Mar 27 16:57 synergy4_p2pmd_120283.log
-rw------- 1 cc cc  768 Mar 27 16:53 synergy4_parser_120283.log
-rw------- 1 cc cc 4009 Mar 27 16:55 synergy4_tsd_120283.log
srwxrwxr-x 1 cc cc    0 Mar 27 16:53 tsd1
~~~~~~ ls -l /dev/shm
total 16
-rwxrwxr-x 1 cc cc 4000000 Mar 27 16:53 matrix-pull
-rwxrwxr-x 1 cc cc 4000000 Mar 27 16:53 matrix-push
-rwxrwxr-x 1 cc cc      32 Mar 27 16:53 sem.matrix-pull-rsem
-rwxrwxr-x 1 cc cc      32 Mar 27 16:53 sem.matrix-pull-wsem
-rwxrwxr-x 1 cc cc      32 Mar 27 16:53 sem.matrix-push-rsem
-rwxrwxr-x 1 cc cc      32 Mar 27 16:53 sem.matrix-push-wsem
 === clean up ===
total 0
total 0
 === done ===
 *============== Launching remote tsd at 4 =============* 
 ====== tsd launch complete. You have 1 tsd instance. ====== 
cc       120891  0.0  0.0 144504  7068 ?        Sl   16:57   0:00 /home/cc/Synergy4/s4c00/cmake-build-debug/sng_tsd /home/cc/Synergy4/s4c00/etc/sng4.json /home/cc/Synergy4/s4c00/etc/synergy-log.conf
cc       120893  0.0  0.0  12944  1028 ?        S    16:57   0:00 grep sng_tsd
 ============================================================ 
 === before clean up === 
~~~~~~ ls -l /tmp
total 16
-rw------- 1 cc cc 4822 Mar 27 16:57 synergy4_p2pmd_119049.log
-rw------- 1 cc cc  768 Mar 27 16:53 synergy4_parser_119049.log
-rw------- 1 cc cc 4009 Mar 27 16:55 synergy4_tsd_119049.log
srwxrwxr-x 1 cc cc    0 Mar 27 16:53 tsd1
~~~~~~ ls -l /dev/shm
total 16
-rwxrwxr-x 1 cc cc 4000000 Mar 27 16:53 matrix-pull
-rwxrwxr-x 1 cc cc 4000000 Mar 27 16:53 matrix-push
-rwxrwxr-x 1 cc cc      32 Mar 27 16:53 sem.matrix-pull-rsem
-rwxrwxr-x 1 cc cc      32 Mar 27 16:53 sem.matrix-pull-wsem
-rwxrwxr-x 1 cc cc      32 Mar 27 16:53 sem.matrix-push-rsem
-rwxrwxr-x 1 cc cc      32 Mar 27 16:53 sem.matrix-push-wsem
 === clean up ===
total 0
total 0
 === done ===
 *============== Launching remote tsd at 5 =============* 
 ====== tsd launch complete. You have 1 tsd instance. ====== 
cc       119665  0.0  0.0 144504  7000 ?        Sl   16:57   0:00 /home/cc/Synergy4/s4c00/cmake-build-debug/sng_tsd /home/cc/Synergy4/s4c00/etc/sng5.json /home/cc/Synergy4/s4c00/etc/synergy-log.conf
cc       119667  0.0  0.0  12944  1032 ?        S    16:57   0:00 grep sng_tsd
 ============================================================ 
 === before clean up === 
~~~~~~ ls -l /tmp
total 16
-rw------- 1 cc cc 4822 Mar 27 16:57 synergy4_p2pmd_118796.log
-rw------- 1 cc cc  768 Mar 27 16:53 synergy4_parser_118796.log
-rw------- 1 cc cc 4009 Mar 27 16:55 synergy4_tsd_118796.log
srwxrwxr-x 1 cc cc    0 Mar 27 16:53 tsd1
~~~~~~ ls -l /dev/shm
total 16
-rwxrwxr-x 1 cc cc 4000000 Mar 27 16:53 matrix-pull
-rwxrwxr-x 1 cc cc 4000000 Mar 27 16:53 matrix-push
-rwxrwxr-x 1 cc cc      32 Mar 27 16:53 sem.matrix-pull-rsem
-rwxrwxr-x 1 cc cc      32 Mar 27 16:53 sem.matrix-pull-wsem
-rwxrwxr-x 1 cc cc      32 Mar 27 16:53 sem.matrix-push-rsem
-rwxrwxr-x 1 cc cc      32 Mar 27 16:53 sem.matrix-push-wsem
 === clean up ===
total 0
total 0
 === done ===
 *============== Launching remote tsd at 6 =============* 
 ====== tsd launch complete. You have 1 tsd instance. ====== 
cc       119407  0.0  0.0 144504  6956 ?        Sl   16:57   0:00 /home/cc/Synergy4/s4c00/cmake-build-debug/sng_tsd /home/cc/Synergy4/s4c00/etc/sng6.json /home/cc/Synergy4/s4c00/etc/synergy-log.conf
cc       119409  0.0  0.0  12944   928 ?        S    16:57   0:00 grep sng_tsd
 ============================================================ 
 === before clean up === 
~~~~~~ ls -l /tmp
total 16
-rw------- 1 cc cc 4926 Mar 27 16:57 synergy4_p2pmd_114461.log
-rw------- 1 cc cc  768 Mar 27 16:53 synergy4_parser_114461.log
-rw------- 1 cc cc 4009 Mar 27 16:55 synergy4_tsd_114461.log
srwxrwxr-x 1 cc cc    0 Mar 27 16:53 tsd1
~~~~~~ ls -l /dev/shm
total 16
-rwxrwxr-x 1 cc cc 4000000 Mar 27 16:53 matrix-pull
-rwxrwxr-x 1 cc cc 4000000 Mar 27 16:53 matrix-push
-rwxrwxr-x 1 cc cc      32 Mar 27 16:53 sem.matrix-pull-rsem
-rwxrwxr-x 1 cc cc      32 Mar 27 16:53 sem.matrix-pull-wsem
-rwxrwxr-x 1 cc cc      32 Mar 27 16:53 sem.matrix-push-rsem
-rwxrwxr-x 1 cc cc      32 Mar 27 16:53 sem.matrix-push-wsem
 === clean up ===
total 0
total 0
 === done ===
 *============== Launching remote tsd at 7 =============* 
 ====== tsd launch complete. You have 1 tsd instance. ====== 
cc       115077  0.0  0.0 144504  7004 ?        Sl   16:57   0:00 /home/cc/Synergy4/s4c00/cmake-build-debug/sng_tsd /home/cc/Synergy4/s4c00/etc/sng7.json /home/cc/Synergy4/s4c00/etc/synergy-log.conf
cc       115079  0.0  0.0  12944   968 ?        S    16:57   0:00 grep sng_tsd
 ============================================================ 
 === before clean up === 
~~~~~~ ls -l /tmp
total 16
-rw------- 1 cc cc 5835 Mar 27 16:57 synergy4_p2pmd_114649.log
-rw------- 1 cc cc  768 Mar 27 16:53 synergy4_parser_114649.log
-rw------- 1 cc cc 4009 Mar 27 16:55 synergy4_tsd_114649.log
srwxrwxr-x 1 cc cc    0 Mar 27 16:53 tsd1
~~~~~~ ls -l /dev/shm
total 16
-rwxrwxr-x 1 cc cc 4000000 Mar 27 16:53 matrix-pull
-rwxrwxr-x 1 cc cc 4000000 Mar 27 16:53 matrix-push
-rwxrwxr-x 1 cc cc      32 Mar 27 16:53 sem.matrix-pull-rsem
-rwxrwxr-x 1 cc cc      32 Mar 27 16:53 sem.matrix-pull-wsem
-rwxrwxr-x 1 cc cc      32 Mar 27 16:53 sem.matrix-push-rsem
-rwxrwxr-x 1 cc cc      32 Mar 27 16:53 sem.matrix-push-wsem
 === clean up ===
total 0
total 0
 === done ===
 *============== Launching remote tsd at 8 =============* 
 ====== tsd launch complete. You have 1 tsd instance. ====== 
cc       115269  0.0  0.0 144504  7008 ?        Sl   16:57   0:00 /home/cc/Synergy4/s4c00/cmake-build-debug/sng_tsd /home/cc/Synergy4/s4c00/etc/sng8.json /home/cc/Synergy4/s4c00/etc/synergy-log.conf
cc       115271  0.0  0.0  12944   924 ?        S    16:57   0:00 grep sng_tsd
 ============================================================ 
 === before clean up === 
~~~~~~ ls -l /tmp
total 16
-rw------- 1 cc cc 4927 Mar 27 16:57 synergy4_p2pmd_108304.log
-rw------- 1 cc cc  770 Mar 27 16:53 synergy4_parser_108304.log
-rw------- 1 cc cc 4009 Mar 27 16:55 synergy4_tsd_108304.log
srwxrwxr-x 1 cc cc    0 Mar 27 16:53 tsd1
~~~~~~ ls -l /dev/shm
total 16
-rwxrwxr-x 1 cc cc 4000000 Mar 27 16:53 matrix-pull
-rwxrwxr-x 1 cc cc 4000000 Mar 27 16:53 matrix-push
-rwxrwxr-x 1 cc cc      32 Mar 27 16:53 sem.matrix-pull-rsem
-rwxrwxr-x 1 cc cc      32 Mar 27 16:53 sem.matrix-pull-wsem
-rwxrwxr-x 1 cc cc      32 Mar 27 16:53 sem.matrix-push-rsem
-rwxrwxr-x 1 cc cc      32 Mar 27 16:53 sem.matrix-push-wsem
 === clean up ===
total 0
total 0
 === done ===
 *============== Launching remote tsd at 9 =============* 
 ====== tsd launch complete. You have 1 tsd instance. ====== 
cc       108910  0.0  0.0 144504  6960 ?        Sl   16:57   0:00 /home/cc/Synergy4/s4c00/cmake-build-debug/sng_tsd /home/cc/Synergy4/s4c00/etc/sng9.json /home/cc/Synergy4/s4c00/etc/synergy-log.conf
cc       108912  0.0  0.0  12944   976 ?        S    16:57   0:00 grep sng_tsd
 ============================================================ 
 === before clean up === 
~~~~~~ ls -l /tmp
total 16
-rw------- 1 cc cc 4927 Mar 27 16:57 synergy4_p2pmd_109309.log
-rw------- 1 cc cc  770 Mar 27 16:53 synergy4_parser_109309.log
-rw------- 1 cc cc 4009 Mar 27 16:55 synergy4_tsd_109309.log
srwxrwxr-x 1 cc cc    0 Mar 27 16:53 tsd1
~~~~~~ ls -l /dev/shm
total 16
-rwxrwxr-x 1 cc cc 4000000 Mar 27 16:53 matrix-pull
-rwxrwxr-x 1 cc cc 4000000 Mar 27 16:53 matrix-push
-rwxrwxr-x 1 cc cc      32 Mar 27 16:53 sem.matrix-pull-rsem
-rwxrwxr-x 1 cc cc      32 Mar 27 16:53 sem.matrix-pull-wsem
-rwxrwxr-x 1 cc cc      32 Mar 27 16:53 sem.matrix-push-rsem
-rwxrwxr-x 1 cc cc      32 Mar 27 16:53 sem.matrix-push-wsem
 === clean up ===
total 0
total 0
 === done ===
 *============== Launching remote tsd at 10 =============* 
 ====== tsd launch complete. You have 1 tsd instance. ====== 
cc       109926  0.0  0.0 144504  5012 ?        Sl   16:57   0:00 /home/cc/Synergy4/s4c00/cmake-build-debug/sng_tsd /home/cc/Synergy4/s4c00/etc/sng10.json /home/cc/Synergy4/s4c00/etc/synergy-log.conf
cc       109928  0.0  0.0  12944   984 ?        S    16:57   0:00 grep sng_tsd
 ============================================================ 
 === before clean up === 
~~~~~~ ls -l /tmp
total 16
-rw------- 1 cc cc 4928 Mar 27 16:57 synergy4_p2pmd_108638.log
-rw------- 1 cc cc  772 Mar 27 16:53 synergy4_parser_108638.log
-rw------- 1 cc cc 4009 Mar 27 16:55 synergy4_tsd_108638.log
srwxrwxr-x 1 cc cc    0 Mar 27 16:53 tsd1
~~~~~~ ls -l /dev/shm
total 16
-rwxrwxr-x 1 cc cc 4000000 Mar 27 16:53 matrix-pull
-rwxrwxr-x 1 cc cc 4000000 Mar 27 16:53 matrix-push
-rwxrwxr-x 1 cc cc      32 Mar 27 16:53 sem.matrix-pull-rsem
-rwxrwxr-x 1 cc cc      32 Mar 27 16:53 sem.matrix-pull-wsem
-rwxrwxr-x 1 cc cc      32 Mar 27 16:53 sem.matrix-push-rsem
-rwxrwxr-x 1 cc cc      32 Mar 27 16:53 sem.matrix-push-wsem
 === clean up ===
total 0
total 0
 === done ===
 *============== Launching remote tsd at 11 =============* 
 ====== tsd launch complete. You have 1 tsd instance. ====== 
cc       109246  0.0  0.0 144504 11104 ?        Sl   16:57   0:00 /home/cc/Synergy4/s4c00/cmake-build-debug/sng_tsd /home/cc/Synergy4/s4c00/etc/sng11.json /home/cc/Synergy4/s4c00/etc/synergy-log.conf
cc       109248  0.0  0.0  12944   960 ?        S    16:57   0:00 grep sng_tsd
 ============================================================ 
 === before clean up === 
~~~~~~ ls -l /tmp
total 16
-rw------- 1 cc cc 4927 Mar 27 16:57 synergy4_p2pmd_109175.log
-rw------- 1 cc cc  770 Mar 27 16:53 synergy4_parser_109175.log
-rw------- 1 cc cc 4009 Mar 27 16:55 synergy4_tsd_109175.log
srwxrwxr-x 1 cc cc    0 Mar 27 16:53 tsd1
~~~~~~ ls -l /dev/shm
total 16
-rwxrwxr-x 1 cc cc 4000000 Mar 27 16:53 matrix-pull
-rwxrwxr-x 1 cc cc 4000000 Mar 27 16:53 matrix-push
-rwxrwxr-x 1 cc cc      32 Mar 27 16:53 sem.matrix-pull-rsem
-rwxrwxr-x 1 cc cc      32 Mar 27 16:53 sem.matrix-pull-wsem
-rwxrwxr-x 1 cc cc      32 Mar 27 16:53 sem.matrix-push-rsem
-rwxrwxr-x 1 cc cc      32 Mar 27 16:53 sem.matrix-push-wsem
 === clean up ===
total 0
total 0
 === done ===
 *============== Launching remote tsd at 12 =============* 
 ====== tsd launch complete. You have 1 tsd instance. ====== 
cc       109789  0.0  0.0 144504  5040 ?        Sl   16:57   0:00 /home/cc/Synergy4/s4c00/cmake-build-debug/sng_tsd /home/cc/Synergy4/s4c00/etc/sng12.json /home/cc/Synergy4/s4c00/etc/synergy-log.conf
cc       109791  0.0  0.0  12944   940 ?        S    16:57   0:00 grep sng_tsd
 ============================================================ 
