 === before clean up === 
~~~~~~ ls -l /tmp
total 1984
-rw------- 1 cc cc 1441152 Mar 27 23:36 synergy4_163220.log
-rw------- 1 cc cc   24044 Mar 27 23:36 synergy4_p2pmd_163220.log
-rw------- 1 cc cc     768 Mar 27 23:32 synergy4_parser_163220.log
-rw------- 1 cc cc  554800 Mar 27 23:36 synergy4_tsd_163220.log
srwxrwxr-x 1 cc cc       0 Mar 27 23:32 tsd1
~~~~~~ ls -l /dev/shm
total 7832
-rwxrwxr-x 1 cc cc 4000000 Mar 27 23:34 matrix-pull
-rwxrwxr-x 1 cc cc 4000000 Mar 27 23:34 matrix-push
-rwxrwxr-x 1 cc cc      32 Mar 27 23:32 sem.matrix-pull-rsem
-rwxrwxr-x 1 cc cc      32 Mar 27 23:32 sem.matrix-pull-wsem
-rwxrwxr-x 1 cc cc      32 Mar 27 23:32 sem.matrix-push-rsem
-rwxrwxr-x 1 cc cc      32 Mar 27 23:32 sem.matrix-push-wsem
 === clean up ===
total 0
total 0
 === done ===
 *============== Launching remote tsd at 1 =============* 
 ====== tsd launch complete. You have 1 tsd instance. ====== 
cc       163897  0.0  0.0 144504  6984 ?        Sl   23:36   0:00 /home/cc/Synergy4/s4c00/cmake-build-debug/sng_tsd /home/cc/Synergy4/s4c00/etc/sng1.json /home/cc/Synergy4/s4c00/etc/synergy-log.conf
cc       163899  0.0  0.0  12944  1012 ?        S    23:36   0:00 grep sng_tsd
 ============================================================ 
 === before clean up === 
~~~~~~ ls -l /tmp
total 32
-rw------- 1 cc cc 16709 Mar 27 23:36 synergy4_p2pmd_154269.log
-rw------- 1 cc cc   768 Mar 27 23:32 synergy4_parser_154269.log
-rw------- 1 cc cc  7107 Mar 27 23:36 synergy4_tsd_154269.log
srwxrwxr-x 1 cc cc     0 Mar 27 23:32 tsd1
~~~~~~ ls -l /dev/shm
total 16
-rwxrwxr-x 1 cc cc 4000000 Mar 27 23:32 matrix-pull
-rwxrwxr-x 1 cc cc 4000000 Mar 27 23:32 matrix-push
-rwxrwxr-x 1 cc cc      32 Mar 27 23:32 sem.matrix-pull-rsem
-rwxrwxr-x 1 cc cc      32 Mar 27 23:32 sem.matrix-pull-wsem
-rwxrwxr-x 1 cc cc      32 Mar 27 23:32 sem.matrix-push-rsem
-rwxrwxr-x 1 cc cc      32 Mar 27 23:32 sem.matrix-push-wsem
 === clean up ===
total 0
total 0
 === done ===
 *============== Launching remote tsd at 2 =============* 
 ====== tsd launch complete. You have 1 tsd instance. ====== 
cc       154863  0.0  0.0 144504  7000 ?        Sl   23:36   0:00 /home/cc/Synergy4/s4c00/cmake-build-debug/sng_tsd /home/cc/Synergy4/s4c00/etc/sng2.json /home/cc/Synergy4/s4c00/etc/synergy-log.conf
cc       154865  0.0  0.0  12944   968 ?        S    23:36   0:00 grep sng_tsd
 ============================================================ 
 === before clean up === 
~~~~~~ ls -l /tmp
total 28
-rw------- 1 cc cc 15596 Mar 27 23:36 synergy4_p2pmd_153531.log
-rw------- 1 cc cc   764 Mar 27 23:32 synergy4_parser_153531.log
-rw------- 1 cc cc  7107 Mar 27 23:36 synergy4_tsd_153531.log
srwxrwxr-x 1 cc cc     0 Mar 27 23:32 tsd1
~~~~~~ ls -l /dev/shm
total 16
-rwxrwxr-x 1 cc cc 4000000 Mar 27 23:32 matrix-pull
-rwxrwxr-x 1 cc cc 4000000 Mar 27 23:32 matrix-push
-rwxrwxr-x 1 cc cc      32 Mar 27 23:32 sem.matrix-pull-rsem
-rwxrwxr-x 1 cc cc      32 Mar 27 23:32 sem.matrix-pull-wsem
-rwxrwxr-x 1 cc cc      32 Mar 27 23:32 sem.matrix-push-rsem
-rwxrwxr-x 1 cc cc      32 Mar 27 23:32 sem.matrix-push-wsem
 === clean up ===
total 0
total 0
 === done ===
 *============== Launching remote tsd at 3 =============* 
 ====== tsd launch complete. You have 1 tsd instance. ====== 
cc       154132  0.0  0.0 144504  4936 ?        Sl   23:36   0:00 /home/cc/Synergy4/s4c00/cmake-build-debug/sng_tsd /home/cc/Synergy4/s4c00/etc/sng3.json /home/cc/Synergy4/s4c00/etc/synergy-log.conf
cc       154134  0.0  0.0  12944   940 ?        S    23:36   0:00 grep sng_tsd
 ============================================================ 
 === before clean up === 
~~~~~~ ls -l /tmp
total 16
-rw------- 1 cc cc 5342 Mar 27 23:36 synergy4_p2pmd_137587.log
-rw------- 1 cc cc  768 Mar 27 23:32 synergy4_parser_137587.log
-rw------- 1 cc cc 4009 Mar 27 23:34 synergy4_tsd_137587.log
srwxrwxr-x 1 cc cc    0 Mar 27 23:32 tsd1
~~~~~~ ls -l /dev/shm
total 16
-rwxrwxr-x 1 cc cc 4000000 Mar 27 23:32 matrix-pull
-rwxrwxr-x 1 cc cc 4000000 Mar 27 23:32 matrix-push
-rwxrwxr-x 1 cc cc      32 Mar 27 23:32 sem.matrix-pull-rsem
-rwxrwxr-x 1 cc cc      32 Mar 27 23:32 sem.matrix-pull-wsem
-rwxrwxr-x 1 cc cc      32 Mar 27 23:32 sem.matrix-push-rsem
-rwxrwxr-x 1 cc cc      32 Mar 27 23:32 sem.matrix-push-wsem
 === clean up ===
total 0
total 0
 === done ===
 *============== Launching remote tsd at 4 =============* 
 ====== tsd launch complete. You have 1 tsd instance. ====== 
cc       138186  0.0  0.0 144504  6948 ?        Sl   23:36   0:00 /home/cc/Synergy4/s4c00/cmake-build-debug/sng_tsd /home/cc/Synergy4/s4c00/etc/sng4.json /home/cc/Synergy4/s4c00/etc/synergy-log.conf
cc       138188  0.0  0.0  12944   968 ?        S    23:36   0:00 grep sng_tsd
 ============================================================ 
 === before clean up === 
~~~~~~ ls -l /tmp
total 16
-rw------- 1 cc cc 5446 Mar 27 23:36 synergy4_p2pmd_136305.log
-rw------- 1 cc cc  768 Mar 27 23:32 synergy4_parser_136305.log
-rw------- 1 cc cc 4009 Mar 27 23:34 synergy4_tsd_136305.log
srwxrwxr-x 1 cc cc    0 Mar 27 23:32 tsd1
~~~~~~ ls -l /dev/shm
total 16
-rwxrwxr-x 1 cc cc 4000000 Mar 27 23:32 matrix-pull
-rwxrwxr-x 1 cc cc 4000000 Mar 27 23:32 matrix-push
-rwxrwxr-x 1 cc cc      32 Mar 27 23:32 sem.matrix-pull-rsem
-rwxrwxr-x 1 cc cc      32 Mar 27 23:32 sem.matrix-pull-wsem
-rwxrwxr-x 1 cc cc      32 Mar 27 23:32 sem.matrix-push-rsem
-rwxrwxr-x 1 cc cc      32 Mar 27 23:32 sem.matrix-push-wsem
 === clean up ===
total 0
total 0
 === done ===
 *============== Launching remote tsd at 5 =============* 
 ====== tsd launch complete. You have 1 tsd instance. ====== 
cc       136908  0.0  0.0 144504  9148 ?        Sl   23:36   0:00 /home/cc/Synergy4/s4c00/cmake-build-debug/sng_tsd /home/cc/Synergy4/s4c00/etc/sng5.json /home/cc/Synergy4/s4c00/etc/synergy-log.conf
cc       136910  0.0  0.0  12944   968 ?        S    23:36   0:00 grep sng_tsd
 ============================================================ 
 === before clean up === 
~~~~~~ ls -l /tmp
total 16
-rw------- 1 cc cc 5446 Mar 27 23:36 synergy4_p2pmd_135996.log
-rw------- 1 cc cc  768 Mar 27 23:32 synergy4_parser_135996.log
-rw------- 1 cc cc 4009 Mar 27 23:34 synergy4_tsd_135996.log
srwxrwxr-x 1 cc cc    0 Mar 27 23:32 tsd1
~~~~~~ ls -l /dev/shm
total 16
-rwxrwxr-x 1 cc cc 4000000 Mar 27 23:32 matrix-pull
-rwxrwxr-x 1 cc cc 4000000 Mar 27 23:32 matrix-push
-rwxrwxr-x 1 cc cc      32 Mar 27 23:32 sem.matrix-pull-rsem
-rwxrwxr-x 1 cc cc      32 Mar 27 23:32 sem.matrix-pull-wsem
-rwxrwxr-x 1 cc cc      32 Mar 27 23:32 sem.matrix-push-rsem
-rwxrwxr-x 1 cc cc      32 Mar 27 23:32 sem.matrix-push-wsem
 === clean up ===
total 0
total 0
 === done ===
 *============== Launching remote tsd at 6 =============* 
 ====== tsd launch complete. You have 1 tsd instance. ====== 
cc       136598  0.0  0.0 144504  7092 ?        Sl   23:36   0:00 /home/cc/Synergy4/s4c00/cmake-build-debug/sng_tsd /home/cc/Synergy4/s4c00/etc/sng6.json /home/cc/Synergy4/s4c00/etc/synergy-log.conf
cc       136600  0.0  0.0  12944  1012 ?        S    23:36   0:00 grep sng_tsd
 ============================================================ 
 === before clean up === 
~~~~~~ ls -l /tmp
total 16
-rw------- 1 cc cc 5446 Mar 27 23:36 synergy4_p2pmd_131719.log
-rw------- 1 cc cc  768 Mar 27 23:32 synergy4_parser_131719.log
-rw------- 1 cc cc 4009 Mar 27 23:34 synergy4_tsd_131719.log
srwxrwxr-x 1 cc cc    0 Mar 27 23:32 tsd1
~~~~~~ ls -l /dev/shm
total 16
-rwxrwxr-x 1 cc cc 4000000 Mar 27 23:32 matrix-pull
-rwxrwxr-x 1 cc cc 4000000 Mar 27 23:32 matrix-push
-rwxrwxr-x 1 cc cc      32 Mar 27 23:32 sem.matrix-pull-rsem
-rwxrwxr-x 1 cc cc      32 Mar 27 23:32 sem.matrix-pull-wsem
-rwxrwxr-x 1 cc cc      32 Mar 27 23:32 sem.matrix-push-rsem
-rwxrwxr-x 1 cc cc      32 Mar 27 23:32 sem.matrix-push-wsem
 === clean up ===
total 0
total 0
 === done ===
 *============== Launching remote tsd at 7 =============* 
 ====== tsd launch complete. You have 1 tsd instance. ====== 
cc       132314  0.0  0.0 144504  5048 ?        Sl   23:36   0:00 /home/cc/Synergy4/s4c00/cmake-build-debug/sng_tsd /home/cc/Synergy4/s4c00/etc/sng7.json /home/cc/Synergy4/s4c00/etc/synergy-log.conf
cc       132316  0.0  0.0  12944   964 ?        S    23:36   0:00 grep sng_tsd
 ============================================================ 
 === before clean up === 
~~~~~~ ls -l /tmp
total 16
-rw------- 1 cc cc 5951 Mar 27 23:36 synergy4_p2pmd_131844.log
-rw------- 1 cc cc  768 Mar 27 23:32 synergy4_parser_131844.log
-rw------- 1 cc cc 4009 Mar 27 23:34 synergy4_tsd_131844.log
srwxrwxr-x 1 cc cc    0 Mar 27 23:32 tsd1
~~~~~~ ls -l /dev/shm
total 16
-rwxrwxr-x 1 cc cc 4000000 Mar 27 23:32 matrix-pull
-rwxrwxr-x 1 cc cc 4000000 Mar 27 23:32 matrix-push
-rwxrwxr-x 1 cc cc      32 Mar 27 23:32 sem.matrix-pull-rsem
-rwxrwxr-x 1 cc cc      32 Mar 27 23:32 sem.matrix-pull-wsem
-rwxrwxr-x 1 cc cc      32 Mar 27 23:32 sem.matrix-push-rsem
-rwxrwxr-x 1 cc cc      32 Mar 27 23:32 sem.matrix-push-wsem
 === clean up ===
total 0
total 0
 === done ===
 *============== Launching remote tsd at 8 =============* 
 ====== tsd launch complete. You have 1 tsd instance. ====== 
cc       132438  0.0  0.0 144504  4940 ?        Sl   23:36   0:00 /home/cc/Synergy4/s4c00/cmake-build-debug/sng_tsd /home/cc/Synergy4/s4c00/etc/sng8.json /home/cc/Synergy4/s4c00/etc/synergy-log.conf
cc       132440  0.0  0.0  12944  1092 ?        S    23:36   0:00 grep sng_tsd
 ============================================================ 
 === before clean up === 
~~~~~~ ls -l /tmp
total 16
-rw------- 1 cc cc 5447 Mar 27 23:36 synergy4_p2pmd_125338.log
-rw------- 1 cc cc  770 Mar 27 23:32 synergy4_parser_125338.log
-rw------- 1 cc cc 4009 Mar 27 23:34 synergy4_tsd_125338.log
srwxrwxr-x 1 cc cc    0 Mar 27 23:32 tsd1
~~~~~~ ls -l /dev/shm
total 16
-rwxrwxr-x 1 cc cc 4000000 Mar 27 23:32 matrix-pull
-rwxrwxr-x 1 cc cc 4000000 Mar 27 23:32 matrix-push
-rwxrwxr-x 1 cc cc      32 Mar 27 23:32 sem.matrix-pull-rsem
-rwxrwxr-x 1 cc cc      32 Mar 27 23:32 sem.matrix-pull-wsem
-rwxrwxr-x 1 cc cc      32 Mar 27 23:32 sem.matrix-push-rsem
-rwxrwxr-x 1 cc cc      32 Mar 27 23:32 sem.matrix-push-wsem
 === clean up ===
total 0
total 0
 === done ===
 *============== Launching remote tsd at 9 =============* 
 ====== tsd launch complete. You have 1 tsd instance. ====== 
cc       125944  0.0  0.0 144504  6956 ?        Sl   23:36   0:00 /home/cc/Synergy4/s4c00/cmake-build-debug/sng_tsd /home/cc/Synergy4/s4c00/etc/sng9.json /home/cc/Synergy4/s4c00/etc/synergy-log.conf
cc       125946  0.0  0.0  12944   964 ?        S    23:36   0:00 grep sng_tsd
 ============================================================ 
 === before clean up === 
~~~~~~ ls -l /tmp
total 16
-rw------- 1 cc cc 5447 Mar 27 23:36 synergy4_p2pmd_126400.log
-rw------- 1 cc cc  770 Mar 27 23:32 synergy4_parser_126400.log
-rw------- 1 cc cc 4009 Mar 27 23:34 synergy4_tsd_126400.log
srwxrwxr-x 1 cc cc    0 Mar 27 23:32 tsd1
~~~~~~ ls -l /dev/shm
total 16
-rwxrwxr-x 1 cc cc 4000000 Mar 27 23:32 matrix-pull
-rwxrwxr-x 1 cc cc 4000000 Mar 27 23:32 matrix-push
-rwxrwxr-x 1 cc cc      32 Mar 27 23:32 sem.matrix-pull-rsem
-rwxrwxr-x 1 cc cc      32 Mar 27 23:32 sem.matrix-pull-wsem
-rwxrwxr-x 1 cc cc      32 Mar 27 23:32 sem.matrix-push-rsem
-rwxrwxr-x 1 cc cc      32 Mar 27 23:32 sem.matrix-push-wsem
 === clean up ===
total 0
total 0
 === done ===
 *============== Launching remote tsd at 10 =============* 
 ====== tsd launch complete. You have 1 tsd instance. ====== 
cc       126988  0.0  0.0 144504  4908 ?        Sl   23:36   0:00 /home/cc/Synergy4/s4c00/cmake-build-debug/sng_tsd /home/cc/Synergy4/s4c00/etc/sng10.json /home/cc/Synergy4/s4c00/etc/synergy-log.conf
cc       126990  0.0  0.0  12944   980 ?        S    23:36   0:00 grep sng_tsd
 ============================================================ 
 === before clean up === 
~~~~~~ ls -l /tmp
total 20
-rw------- 1 cc cc 9690 Mar 27 23:36 synergy4_p2pmd_125662.log
-rw------- 1 cc cc  772 Mar 27 23:32 synergy4_parser_125662.log
-rw------- 1 cc cc 4009 Mar 27 23:34 synergy4_tsd_125662.log
srwxrwxr-x 1 cc cc    0 Mar 27 23:32 tsd1
~~~~~~ ls -l /dev/shm
total 16
-rwxrwxr-x 1 cc cc 4000000 Mar 27 23:32 matrix-pull
-rwxrwxr-x 1 cc cc 4000000 Mar 27 23:32 matrix-push
-rwxrwxr-x 1 cc cc      32 Mar 27 23:32 sem.matrix-pull-rsem
-rwxrwxr-x 1 cc cc      32 Mar 27 23:32 sem.matrix-pull-wsem
-rwxrwxr-x 1 cc cc      32 Mar 27 23:32 sem.matrix-push-rsem
-rwxrwxr-x 1 cc cc      32 Mar 27 23:32 sem.matrix-push-wsem
 === clean up ===
total 0
total 0
 === done ===
 *============== Launching remote tsd at 11 =============* 
 ====== tsd launch complete. You have 1 tsd instance. ====== 
cc       126259  0.0  0.0 144504  5056 ?        Sl   23:36   0:00 /home/cc/Synergy4/s4c00/cmake-build-debug/sng_tsd /home/cc/Synergy4/s4c00/etc/sng11.json /home/cc/Synergy4/s4c00/etc/synergy-log.conf
cc       126261  0.0  0.0  12944  1028 ?        S    23:36   0:00 grep sng_tsd
 ============================================================ 
 === before clean up === 
~~~~~~ ls -l /tmp
total 16
-rw------- 1 cc cc 5551 Mar 27 23:36 synergy4_p2pmd_126219.log
-rw------- 1 cc cc  770 Mar 27 23:32 synergy4_parser_126219.log
-rw------- 1 cc cc 4009 Mar 27 23:34 synergy4_tsd_126219.log
srwxrwxr-x 1 cc cc    0 Mar 27 23:32 tsd1
~~~~~~ ls -l /dev/shm
total 16
-rwxrwxr-x 1 cc cc 4000000 Mar 27 23:32 matrix-pull
-rwxrwxr-x 1 cc cc 4000000 Mar 27 23:32 matrix-push
-rwxrwxr-x 1 cc cc      32 Mar 27 23:32 sem.matrix-pull-rsem
-rwxrwxr-x 1 cc cc      32 Mar 27 23:32 sem.matrix-pull-wsem
-rwxrwxr-x 1 cc cc      32 Mar 27 23:32 sem.matrix-push-rsem
-rwxrwxr-x 1 cc cc      32 Mar 27 23:32 sem.matrix-push-wsem
 === clean up ===
total 0
total 0
 === done ===
 *============== Launching remote tsd at 12 =============* 
 ====== tsd launch complete. You have 1 tsd instance. ====== 
cc       126811  0.0  0.0 144504  5016 ?        Sl   23:36   0:00 /home/cc/Synergy4/s4c00/cmake-build-debug/sng_tsd /home/cc/Synergy4/s4c00/etc/sng12.json /home/cc/Synergy4/s4c00/etc/synergy-log.conf
cc       126813  0.0  0.0  12944   964 ?        S    23:36   0:00 grep sng_tsd
 ============================================================ 
