 === before clean up === 
~~~~~~ ls -l /tmp
total 1536
-rw------- 1 cc cc 738567 Mar 27 07:00 synergy4_98749.log
-rw------- 1 cc cc   8974 Mar 27 07:00 synergy4_p2pmd_98749.log
-rw------- 1 cc cc    768 Mar 27 06:57 synergy4_parser_98749.log
-rw------- 1 cc cc 807151 Mar 27 07:00 synergy4_tsd_98749.log
srwxrwxr-x 1 cc cc      0 Mar 27 06:57 tsd1
~~~~~~ ls -l /dev/shm
total 7832
-rwxrwxr-x 1 cc cc 4000000 Mar 27 06:59 matrix-pull
-rwxrwxr-x 1 cc cc 4000000 Mar 27 06:59 matrix-push
-rwxrwxr-x 1 cc cc      32 Mar 27 06:57 sem.matrix-pull-rsem
-rwxrwxr-x 1 cc cc      32 Mar 27 06:57 sem.matrix-pull-wsem
-rwxrwxr-x 1 cc cc      32 Mar 27 06:57 sem.matrix-push-rsem
-rwxrwxr-x 1 cc cc      32 Mar 27 06:57 sem.matrix-push-wsem
 === clean up ===
total 0
total 0
 === done ===
 *============== Launching remote tsd at 1 =============* 
 ====== tsd launch complete. You have 1 tsd instance. ====== 
cc        99370  0.0  0.0 144504  4944 ?        Sl   07:00   0:00 /home/cc/Synergy4/s4c00/cmake-build-debug/sng_tsd /home/cc/Synergy4/s4c00/etc/sng1.json /home/cc/Synergy4/s4c00/etc/synergy-log.conf
cc        99372  0.0  0.0  12944   960 ?        S    07:00   0:00 grep sng_tsd
 ============================================================ 
 === before clean up === 
~~~~~~ ls -l /tmp
total 40
-rw------- 1 cc cc 17732 Mar 27 07:00 synergy4_p2pmd_87425.log
-rw------- 1 cc cc   768 Mar 27 06:57 synergy4_parser_87425.log
-rw------- 1 cc cc 11010 Mar 27 07:00 synergy4_tsd_87425.log
srwxrwxr-x 1 cc cc     0 Mar 27 06:57 tsd1
~~~~~~ ls -l /dev/shm
total 16
-rwxrwxr-x 1 cc cc 4000000 Mar 27 06:57 matrix-pull
-rwxrwxr-x 1 cc cc 4000000 Mar 27 06:57 matrix-push
-rwxrwxr-x 1 cc cc      32 Mar 27 06:57 sem.matrix-pull-rsem
-rwxrwxr-x 1 cc cc      32 Mar 27 06:57 sem.matrix-pull-wsem
-rwxrwxr-x 1 cc cc      32 Mar 27 06:57 sem.matrix-push-rsem
-rwxrwxr-x 1 cc cc      32 Mar 27 06:57 sem.matrix-push-wsem
 === clean up ===
total 0
total 0
 === done ===
 *============== Launching remote tsd at 2 =============* 
 ====== tsd launch complete. You have 1 tsd instance. ====== 
cc        88205  0.0  0.0 144504  7104 ?        Sl   07:00   0:00 /home/cc/Synergy4/s4c00/cmake-build-debug/sng_tsd /home/cc/Synergy4/s4c00/etc/sng2.json /home/cc/Synergy4/s4c00/etc/synergy-log.conf
cc        88207  0.0  0.0  12944   980 ?        S    07:00   0:00 grep sng_tsd
 ============================================================ 
 === before clean up === 
~~~~~~ ls -l /tmp
total 40
-rw------- 1 cc cc 17725 Mar 27 07:00 synergy4_p2pmd_86772.log
-rw------- 1 cc cc   764 Mar 27 06:57 synergy4_parser_86772.log
-rw------- 1 cc cc 11010 Mar 27 07:00 synergy4_tsd_86772.log
srwxrwxr-x 1 cc cc     0 Mar 27 06:57 tsd1
~~~~~~ ls -l /dev/shm
total 16
-rwxrwxr-x 1 cc cc 4000000 Mar 27 06:57 matrix-pull
-rwxrwxr-x 1 cc cc 4000000 Mar 27 06:57 matrix-push
-rwxrwxr-x 1 cc cc      32 Mar 27 06:57 sem.matrix-pull-rsem
-rwxrwxr-x 1 cc cc      32 Mar 27 06:57 sem.matrix-pull-wsem
-rwxrwxr-x 1 cc cc      32 Mar 27 06:57 sem.matrix-push-rsem
-rwxrwxr-x 1 cc cc      32 Mar 27 06:57 sem.matrix-push-wsem
 === clean up ===
total 0
total 0
 === done ===
 *============== Launching remote tsd at 3 =============* 
 ====== tsd launch complete. You have 1 tsd instance. ====== 
cc        87552  0.0  0.0 144504  5084 ?        Sl   07:00   0:00 /home/cc/Synergy4/s4c00/cmake-build-debug/sng_tsd /home/cc/Synergy4/s4c00/etc/sng3.json /home/cc/Synergy4/s4c00/etc/synergy-log.conf
cc        87554  0.0  0.0  12944   928 ?        S    07:00   0:00 grep sng_tsd
 ============================================================ 
 === before clean up === 
~~~~~~ ls -l /tmp
total 16
-rw------- 1 cc cc 3128 Mar 27 07:00 synergy4_p2pmd_70452.log
-rw------- 1 cc cc  768 Mar 27 06:57 synergy4_parser_70452.log
-rw------- 1 cc cc 5617 Mar 27 06:59 synergy4_tsd_70452.log
srwxrwxr-x 1 cc cc    0 Mar 27 06:57 tsd1
~~~~~~ ls -l /dev/shm
total 16
-rwxrwxr-x 1 cc cc 4000000 Mar 27 06:57 matrix-pull
-rwxrwxr-x 1 cc cc 4000000 Mar 27 06:57 matrix-push
-rwxrwxr-x 1 cc cc      32 Mar 27 06:57 sem.matrix-pull-rsem
-rwxrwxr-x 1 cc cc      32 Mar 27 06:57 sem.matrix-pull-wsem
-rwxrwxr-x 1 cc cc      32 Mar 27 06:57 sem.matrix-push-rsem
-rwxrwxr-x 1 cc cc      32 Mar 27 06:57 sem.matrix-push-wsem
 === clean up ===
total 0
total 0
 === done ===
 *============== Launching remote tsd at 4 =============* 
 ====== tsd launch complete. You have 1 tsd instance. ====== 
cc        71224  0.0  0.0 144504  5024 ?        Sl   07:00   0:00 /home/cc/Synergy4/s4c00/cmake-build-debug/sng_tsd /home/cc/Synergy4/s4c00/etc/sng4.json /home/cc/Synergy4/s4c00/etc/synergy-log.conf
cc        71226  0.0  0.0  12944   972 ?        S    07:00   0:00 grep sng_tsd
 ============================================================ 
 === before clean up === 
~~~~~~ ls -l /tmp
total 16
-rw------- 1 cc cc 3231 Mar 27 07:00 synergy4_p2pmd_69289.log
-rw------- 1 cc cc  768 Mar 27 06:57 synergy4_parser_69289.log
-rw------- 1 cc cc 5617 Mar 27 06:59 synergy4_tsd_69289.log
srwxrwxr-x 1 cc cc    0 Mar 27 06:57 tsd1
~~~~~~ ls -l /dev/shm
total 16
-rwxrwxr-x 1 cc cc 4000000 Mar 27 06:57 matrix-pull
-rwxrwxr-x 1 cc cc 4000000 Mar 27 06:57 matrix-push
-rwxrwxr-x 1 cc cc      32 Mar 27 06:57 sem.matrix-pull-rsem
-rwxrwxr-x 1 cc cc      32 Mar 27 06:57 sem.matrix-pull-wsem
-rwxrwxr-x 1 cc cc      32 Mar 27 06:57 sem.matrix-push-rsem
-rwxrwxr-x 1 cc cc      32 Mar 27 06:57 sem.matrix-push-wsem
 === clean up ===
total 0
total 0
 === done ===
 *============== Launching remote tsd at 5 =============* 
 ====== tsd launch complete. You have 1 tsd instance. ====== 
cc        70078  0.0  0.0 144504  4908 ?        Sl   07:00   0:00 /home/cc/Synergy4/s4c00/cmake-build-debug/sng_tsd /home/cc/Synergy4/s4c00/etc/sng5.json /home/cc/Synergy4/s4c00/etc/synergy-log.conf
cc        70080  0.0  0.0  12944   988 ?        S    07:00   0:00 grep sng_tsd
 ============================================================ 
 === before clean up === 
~~~~~~ ls -l /tmp
total 16
-rw------- 1 cc cc 3231 Mar 27 07:00 synergy4_p2pmd_68983.log
-rw------- 1 cc cc  768 Mar 27 06:57 synergy4_parser_68983.log
-rw------- 1 cc cc 5617 Mar 27 06:59 synergy4_tsd_68983.log
srwxrwxr-x 1 cc cc    0 Mar 27 06:57 tsd1
~~~~~~ ls -l /dev/shm
total 16
-rwxrwxr-x 1 cc cc 4000000 Mar 27 06:57 matrix-pull
-rwxrwxr-x 1 cc cc 4000000 Mar 27 06:57 matrix-push
-rwxrwxr-x 1 cc cc      32 Mar 27 06:57 sem.matrix-pull-rsem
-rwxrwxr-x 1 cc cc      32 Mar 27 06:57 sem.matrix-pull-wsem
-rwxrwxr-x 1 cc cc      32 Mar 27 06:57 sem.matrix-push-rsem
-rwxrwxr-x 1 cc cc      32 Mar 27 06:57 sem.matrix-push-wsem
 === clean up ===
total 0
total 0
 === done ===
 *============== Launching remote tsd at 6 =============* 
 ====== tsd launch complete. You have 1 tsd instance. ====== 
cc        69759  0.0  0.0 144504  5012 ?        Sl   07:00   0:00 /home/cc/Synergy4/s4c00/cmake-build-debug/sng_tsd /home/cc/Synergy4/s4c00/etc/sng6.json /home/cc/Synergy4/s4c00/etc/synergy-log.conf
cc        69761  0.0  0.0  12944   940 ?        S    07:00   0:00 grep sng_tsd
 ============================================================ 
 === before clean up === 
~~~~~~ ls -l /tmp
total 16
-rw------- 1 cc cc 3231 Mar 27 07:00 synergy4_p2pmd_64695.log
-rw------- 1 cc cc  768 Mar 27 06:57 synergy4_parser_64695.log
-rw------- 1 cc cc 5617 Mar 27 06:59 synergy4_tsd_64695.log
srwxrwxr-x 1 cc cc    0 Mar 27 06:57 tsd1
~~~~~~ ls -l /dev/shm
total 16
-rwxrwxr-x 1 cc cc 4000000 Mar 27 06:57 matrix-pull
-rwxrwxr-x 1 cc cc 4000000 Mar 27 06:57 matrix-push
-rwxrwxr-x 1 cc cc      32 Mar 27 06:57 sem.matrix-pull-rsem
-rwxrwxr-x 1 cc cc      32 Mar 27 06:57 sem.matrix-pull-wsem
-rwxrwxr-x 1 cc cc      32 Mar 27 06:57 sem.matrix-push-rsem
-rwxrwxr-x 1 cc cc      32 Mar 27 06:57 sem.matrix-push-wsem
 === clean up ===
total 0
total 0
 === done ===
 *============== Launching remote tsd at 7 =============* 
 ====== tsd launch complete. You have 1 tsd instance. ====== 
cc        65474  0.0  0.0 144504  5112 ?        Sl   07:00   0:00 /home/cc/Synergy4/s4c00/cmake-build-debug/sng_tsd /home/cc/Synergy4/s4c00/etc/sng7.json /home/cc/Synergy4/s4c00/etc/synergy-log.conf
cc        65476  0.0  0.0  12944   968 ?        S    07:00   0:00 grep sng_tsd
 ============================================================ 
 === before clean up === 
~~~~~~ ls -l /tmp
total 16
-rw------- 1 cc cc 3231 Mar 27 07:00 synergy4_p2pmd_65135.log
-rw------- 1 cc cc  768 Mar 27 06:57 synergy4_parser_65135.log
-rw------- 1 cc cc 5617 Mar 27 06:59 synergy4_tsd_65135.log
srwxrwxr-x 1 cc cc    0 Mar 27 06:57 tsd1
~~~~~~ ls -l /dev/shm
total 16
-rwxrwxr-x 1 cc cc 4000000 Mar 27 06:57 matrix-pull
-rwxrwxr-x 1 cc cc 4000000 Mar 27 06:57 matrix-push
-rwxrwxr-x 1 cc cc      32 Mar 27 06:57 sem.matrix-pull-rsem
-rwxrwxr-x 1 cc cc      32 Mar 27 06:57 sem.matrix-pull-wsem
-rwxrwxr-x 1 cc cc      32 Mar 27 06:57 sem.matrix-push-rsem
-rwxrwxr-x 1 cc cc      32 Mar 27 06:57 sem.matrix-push-wsem
 === clean up ===
total 0
total 0
 === done ===
 *============== Launching remote tsd at 8 =============* 
 ====== tsd launch complete. You have 1 tsd instance. ====== 
cc        65913  0.0  0.0 144504  7092 ?        Sl   07:00   0:00 /home/cc/Synergy4/s4c00/cmake-build-debug/sng_tsd /home/cc/Synergy4/s4c00/etc/sng8.json /home/cc/Synergy4/s4c00/etc/synergy-log.conf
cc        65915  0.0  0.0  12944   972 ?        S    07:00   0:00 grep sng_tsd
 ============================================================ 
