 === before clean up === 
~~~~~~ ls -l /tmp
total 1796
-rw------- 1 cc cc 1389794 Mar 27 16:49 synergy4_145084.log
-rw------- 1 cc cc   17262 Mar 27 16:50 synergy4_p2pmd_145084.log
-rw------- 1 cc cc     768 Mar 27 16:46 synergy4_parser_145084.log
-rw------- 1 cc cc  411619 Mar 27 16:49 synergy4_tsd_145084.log
srwxrwxr-x 1 cc cc       0 Mar 27 16:46 tsd1
~~~~~~ ls -l /dev/shm
total 7832
-rwxrwxr-x 1 cc cc 4000000 Mar 27 16:48 matrix-pull
-rwxrwxr-x 1 cc cc 4000000 Mar 27 16:48 matrix-push
-rwxrwxr-x 1 cc cc      32 Mar 27 16:46 sem.matrix-pull-rsem
-rwxrwxr-x 1 cc cc      32 Mar 27 16:46 sem.matrix-pull-wsem
-rwxrwxr-x 1 cc cc      32 Mar 27 16:46 sem.matrix-push-rsem
-rwxrwxr-x 1 cc cc      32 Mar 27 16:46 sem.matrix-push-wsem
 === clean up ===
total 0
total 0
 === done ===
 *============== Launching remote tsd at 1 =============* 
 ====== tsd launch complete. You have 1 tsd instance. ====== 
cc       145627  0.0  0.0 144504  7108 ?        Sl   16:50   0:00 /home/cc/Synergy4/s4c00/cmake-build-debug/sng_tsd /home/cc/Synergy4/s4c00/etc/sng1.json /home/cc/Synergy4/s4c00/etc/synergy-log.conf
cc       145629  0.0  0.0  12944  1008 ?        S    16:50   0:00 grep sng_tsd
 ============================================================ 
 === before clean up === 
~~~~~~ ls -l /tmp
total 36
-rw------- 1 cc cc 23862 Mar 27 16:50 synergy4_p2pmd_135782.log
-rw------- 1 cc cc   768 Mar 27 16:46 synergy4_parser_135782.log
-rw------- 1 cc cc  7107 Mar 27 16:49 synergy4_tsd_135782.log
srwxrwxr-x 1 cc cc     0 Mar 27 16:46 tsd1
~~~~~~ ls -l /dev/shm
total 16
-rwxrwxr-x 1 cc cc 4000000 Mar 27 16:46 matrix-pull
-rwxrwxr-x 1 cc cc 4000000 Mar 27 16:46 matrix-push
-rwxrwxr-x 1 cc cc      32 Mar 27 16:46 sem.matrix-pull-rsem
-rwxrwxr-x 1 cc cc      32 Mar 27 16:46 sem.matrix-pull-wsem
-rwxrwxr-x 1 cc cc      32 Mar 27 16:46 sem.matrix-push-rsem
-rwxrwxr-x 1 cc cc      32 Mar 27 16:46 sem.matrix-push-wsem
 === clean up ===
total 0
total 0
 === done ===
 *============== Launching remote tsd at 2 =============* 
 ====== tsd launch complete. You have 1 tsd instance. ====== 
cc       136393  0.0  0.0 144504  5056 ?        Sl   16:50   0:00 /home/cc/Synergy4/s4c00/cmake-build-debug/sng_tsd /home/cc/Synergy4/s4c00/etc/sng2.json /home/cc/Synergy4/s4c00/etc/synergy-log.conf
cc       136395  0.0  0.0  12944   936 ?        S    16:50   0:00 grep sng_tsd
 ============================================================ 
 === before clean up === 
~~~~~~ ls -l /tmp
total 28
-rw------- 1 cc cc 14973 Mar 27 16:50 synergy4_p2pmd_135104.log
-rw------- 1 cc cc   764 Mar 27 16:46 synergy4_parser_135104.log
-rw------- 1 cc cc  7107 Mar 27 16:49 synergy4_tsd_135104.log
srwxrwxr-x 1 cc cc     0 Mar 27 16:46 tsd1
~~~~~~ ls -l /dev/shm
total 16
-rwxrwxr-x 1 cc cc 4000000 Mar 27 16:46 matrix-pull
-rwxrwxr-x 1 cc cc 4000000 Mar 27 16:46 matrix-push
-rwxrwxr-x 1 cc cc      32 Mar 27 16:46 sem.matrix-pull-rsem
-rwxrwxr-x 1 cc cc      32 Mar 27 16:46 sem.matrix-pull-wsem
-rwxrwxr-x 1 cc cc      32 Mar 27 16:46 sem.matrix-push-rsem
-rwxrwxr-x 1 cc cc      32 Mar 27 16:46 sem.matrix-push-wsem
 === clean up ===
total 0
total 0
 === done ===
 *============== Launching remote tsd at 3 =============* 
 ====== tsd launch complete. You have 1 tsd instance. ====== 
cc       135701  0.0  0.0 144504  5016 ?        Sl   16:50   0:00 /home/cc/Synergy4/s4c00/cmake-build-debug/sng_tsd /home/cc/Synergy4/s4c00/etc/sng3.json /home/cc/Synergy4/s4c00/etc/synergy-log.conf
cc       135703  0.0  0.0  12944   972 ?        S    16:50   0:00 grep sng_tsd
 ============================================================ 
 === before clean up === 
~~~~~~ ls -l /tmp
total 16
-rw------- 1 cc cc 5030 Mar 27 16:50 synergy4_p2pmd_119082.log
-rw------- 1 cc cc  768 Mar 27 16:46 synergy4_parser_119082.log
-rw------- 1 cc cc 4009 Mar 27 16:48 synergy4_tsd_119082.log
srwxrwxr-x 1 cc cc    0 Mar 27 16:46 tsd1
~~~~~~ ls -l /dev/shm
total 16
-rwxrwxr-x 1 cc cc 4000000 Mar 27 16:46 matrix-pull
-rwxrwxr-x 1 cc cc 4000000 Mar 27 16:46 matrix-push
-rwxrwxr-x 1 cc cc      32 Mar 27 16:46 sem.matrix-pull-rsem
-rwxrwxr-x 1 cc cc      32 Mar 27 16:46 sem.matrix-pull-wsem
-rwxrwxr-x 1 cc cc      32 Mar 27 16:46 sem.matrix-push-rsem
-rwxrwxr-x 1 cc cc      32 Mar 27 16:46 sem.matrix-push-wsem
 === clean up ===
total 0
total 0
 === done ===
 *============== Launching remote tsd at 4 =============* 
 ====== tsd launch complete. You have 1 tsd instance. ====== 
cc       119680  0.0  0.0 144504  9132 ?        Sl   16:50   0:00 /home/cc/Synergy4/s4c00/cmake-build-debug/sng_tsd /home/cc/Synergy4/s4c00/etc/sng4.json /home/cc/Synergy4/s4c00/etc/synergy-log.conf
cc       119682  0.0  0.0  12944   976 ?        S    16:50   0:00 grep sng_tsd
 ============================================================ 
 === before clean up === 
~~~~~~ ls -l /tmp
total 16
-rw------- 1 cc cc 5030 Mar 27 16:50 synergy4_p2pmd_117859.log
-rw------- 1 cc cc  768 Mar 27 16:46 synergy4_parser_117859.log
-rw------- 1 cc cc 4009 Mar 27 16:48 synergy4_tsd_117859.log
srwxrwxr-x 1 cc cc    0 Mar 27 16:46 tsd1
~~~~~~ ls -l /dev/shm
total 16
-rwxrwxr-x 1 cc cc 4000000 Mar 27 16:46 matrix-pull
-rwxrwxr-x 1 cc cc 4000000 Mar 27 16:46 matrix-push
-rwxrwxr-x 1 cc cc      32 Mar 27 16:46 sem.matrix-pull-rsem
-rwxrwxr-x 1 cc cc      32 Mar 27 16:46 sem.matrix-pull-wsem
-rwxrwxr-x 1 cc cc      32 Mar 27 16:46 sem.matrix-push-rsem
-rwxrwxr-x 1 cc cc      32 Mar 27 16:46 sem.matrix-push-wsem
 === clean up ===
total 0
total 0
 === done ===
 *============== Launching remote tsd at 5 =============* 
 ====== tsd launch complete. You have 1 tsd instance. ====== 
cc       118451  0.0  0.0 144504  4948 ?        Sl   16:50   0:00 /home/cc/Synergy4/s4c00/cmake-build-debug/sng_tsd /home/cc/Synergy4/s4c00/etc/sng5.json /home/cc/Synergy4/s4c00/etc/synergy-log.conf
cc       118453  0.0  0.0  12944   988 ?        S    16:50   0:00 grep sng_tsd
 ============================================================ 
 === before clean up === 
~~~~~~ ls -l /tmp
total 16
-rw------- 1 cc cc 5030 Mar 27 16:50 synergy4_p2pmd_117612.log
-rw------- 1 cc cc  768 Mar 27 16:46 synergy4_parser_117612.log
-rw------- 1 cc cc 4009 Mar 27 16:48 synergy4_tsd_117612.log
srwxrwxr-x 1 cc cc    0 Mar 27 16:46 tsd1
~~~~~~ ls -l /dev/shm
total 16
-rwxrwxr-x 1 cc cc 4000000 Mar 27 16:46 matrix-pull
-rwxrwxr-x 1 cc cc 4000000 Mar 27 16:46 matrix-push
-rwxrwxr-x 1 cc cc      32 Mar 27 16:46 sem.matrix-pull-rsem
-rwxrwxr-x 1 cc cc      32 Mar 27 16:46 sem.matrix-pull-wsem
-rwxrwxr-x 1 cc cc      32 Mar 27 16:46 sem.matrix-push-rsem
-rwxrwxr-x 1 cc cc      32 Mar 27 16:46 sem.matrix-push-wsem
 === clean up ===
total 0
total 0
 === done ===
 *============== Launching remote tsd at 6 =============* 
 ====== tsd launch complete. You have 1 tsd instance. ====== 
cc       118206  0.0  0.0 144504  5024 ?        Sl   16:50   0:00 /home/cc/Synergy4/s4c00/cmake-build-debug/sng_tsd /home/cc/Synergy4/s4c00/etc/sng6.json /home/cc/Synergy4/s4c00/etc/synergy-log.conf
cc       118208  0.0  0.0  12944  1020 ?        S    16:50   0:00 grep sng_tsd
 ============================================================ 
 === before clean up === 
~~~~~~ ls -l /tmp
total 16
-rw------- 1 cc cc 5030 Mar 27 16:50 synergy4_p2pmd_113269.log
-rw------- 1 cc cc  768 Mar 27 16:46 synergy4_parser_113269.log
-rw------- 1 cc cc 4009 Mar 27 16:48 synergy4_tsd_113269.log
srwxrwxr-x 1 cc cc    0 Mar 27 16:46 tsd1
~~~~~~ ls -l /dev/shm
total 16
-rwxrwxr-x 1 cc cc 4000000 Mar 27 16:46 matrix-pull
-rwxrwxr-x 1 cc cc 4000000 Mar 27 16:46 matrix-push
-rwxrwxr-x 1 cc cc      32 Mar 27 16:46 sem.matrix-pull-rsem
-rwxrwxr-x 1 cc cc      32 Mar 27 16:46 sem.matrix-pull-wsem
-rwxrwxr-x 1 cc cc      32 Mar 27 16:46 sem.matrix-push-rsem
-rwxrwxr-x 1 cc cc      32 Mar 27 16:46 sem.matrix-push-wsem
 === clean up ===
total 0
total 0
 === done ===
 *============== Launching remote tsd at 7 =============* 
 ====== tsd launch complete. You have 1 tsd instance. ====== 
cc       113863  0.0  0.0 144504  5056 ?        Sl   16:50   0:00 /home/cc/Synergy4/s4c00/cmake-build-debug/sng_tsd /home/cc/Synergy4/s4c00/etc/sng7.json /home/cc/Synergy4/s4c00/etc/synergy-log.conf
cc       113865  0.0  0.0  12944   924 ?        S    16:50   0:00 grep sng_tsd
 ============================================================ 
 === before clean up === 
~~~~~~ ls -l /tmp
total 16
-rw------- 1 cc cc 5030 Mar 27 16:50 synergy4_p2pmd_113460.log
-rw------- 1 cc cc  768 Mar 27 16:46 synergy4_parser_113460.log
-rw------- 1 cc cc 4009 Mar 27 16:48 synergy4_tsd_113460.log
srwxrwxr-x 1 cc cc    0 Mar 27 16:46 tsd1
~~~~~~ ls -l /dev/shm
total 16
-rwxrwxr-x 1 cc cc 4000000 Mar 27 16:46 matrix-pull
-rwxrwxr-x 1 cc cc 4000000 Mar 27 16:46 matrix-push
-rwxrwxr-x 1 cc cc      32 Mar 27 16:46 sem.matrix-pull-rsem
-rwxrwxr-x 1 cc cc      32 Mar 27 16:46 sem.matrix-pull-wsem
-rwxrwxr-x 1 cc cc      32 Mar 27 16:46 sem.matrix-push-rsem
-rwxrwxr-x 1 cc cc      32 Mar 27 16:46 sem.matrix-push-wsem
 === clean up ===
total 0
total 0
 === done ===
 *============== Launching remote tsd at 8 =============* 
 ====== tsd launch complete. You have 1 tsd instance. ====== 
cc       114063  0.0  0.0 144504  5012 ?        Sl   16:50   0:00 /home/cc/Synergy4/s4c00/cmake-build-debug/sng_tsd /home/cc/Synergy4/s4c00/etc/sng8.json /home/cc/Synergy4/s4c00/etc/synergy-log.conf
cc       114065  0.0  0.0  12944   940 ?        S    16:50   0:00 grep sng_tsd
 ============================================================ 
 === before clean up === 
~~~~~~ ls -l /tmp
total 16
-rw------- 1 cc cc 5031 Mar 27 16:50 synergy4_p2pmd_107105.log
-rw------- 1 cc cc  770 Mar 27 16:46 synergy4_parser_107105.log
-rw------- 1 cc cc 4009 Mar 27 16:48 synergy4_tsd_107105.log
srwxrwxr-x 1 cc cc    0 Mar 27 16:46 tsd1
~~~~~~ ls -l /dev/shm
total 16
-rwxrwxr-x 1 cc cc 4000000 Mar 27 16:46 matrix-pull
-rwxrwxr-x 1 cc cc 4000000 Mar 27 16:46 matrix-push
-rwxrwxr-x 1 cc cc      32 Mar 27 16:46 sem.matrix-pull-rsem
-rwxrwxr-x 1 cc cc      32 Mar 27 16:46 sem.matrix-pull-wsem
-rwxrwxr-x 1 cc cc      32 Mar 27 16:46 sem.matrix-push-rsem
-rwxrwxr-x 1 cc cc      32 Mar 27 16:46 sem.matrix-push-wsem
 === clean up ===
total 0
total 0
 === done ===
 *============== Launching remote tsd at 9 =============* 
 ====== tsd launch complete. You have 1 tsd instance. ====== 
cc       107712  0.0  0.0 144504  6952 ?        Sl   16:50   0:00 /home/cc/Synergy4/s4c00/cmake-build-debug/sng_tsd /home/cc/Synergy4/s4c00/etc/sng9.json /home/cc/Synergy4/s4c00/etc/synergy-log.conf
cc       107714  0.0  0.0  12944   984 ?        S    16:50   0:00 grep sng_tsd
 ============================================================ 
 === before clean up === 
~~~~~~ ls -l /tmp
total 16
-rw------- 1 cc cc 5741 Mar 27 16:50 synergy4_p2pmd_108120.log
-rw------- 1 cc cc  770 Mar 27 16:46 synergy4_parser_108120.log
-rw------- 1 cc cc 4009 Mar 27 16:48 synergy4_tsd_108120.log
srwxrwxr-x 1 cc cc    0 Mar 27 16:46 tsd1
~~~~~~ ls -l /dev/shm
total 16
-rwxrwxr-x 1 cc cc 4000000 Mar 27 16:46 matrix-pull
-rwxrwxr-x 1 cc cc 4000000 Mar 27 16:46 matrix-push
-rwxrwxr-x 1 cc cc      32 Mar 27 16:46 sem.matrix-pull-rsem
-rwxrwxr-x 1 cc cc      32 Mar 27 16:46 sem.matrix-pull-wsem
-rwxrwxr-x 1 cc cc      32 Mar 27 16:46 sem.matrix-push-rsem
-rwxrwxr-x 1 cc cc      32 Mar 27 16:46 sem.matrix-push-wsem
 === clean up ===
total 0
total 0
 === done ===
 *============== Launching remote tsd at 10 =============* 
 ====== tsd launch complete. You have 1 tsd instance. ====== 
cc       108713  0.0  0.0 144504  4972 ?        Sl   16:50   0:00 /home/cc/Synergy4/s4c00/cmake-build-debug/sng_tsd /home/cc/Synergy4/s4c00/etc/sng10.json /home/cc/Synergy4/s4c00/etc/synergy-log.conf
cc       108715  0.0  0.0  12944   944 ?        S    16:50   0:00 grep sng_tsd
 ============================================================ 
 === before clean up === 
~~~~~~ ls -l /tmp
total 16
-rw------- 1 cc cc 5136 Mar 27 16:50 synergy4_p2pmd_107442.log
-rw------- 1 cc cc  772 Mar 27 16:46 synergy4_parser_107442.log
-rw------- 1 cc cc 4009 Mar 27 16:48 synergy4_tsd_107442.log
srwxrwxr-x 1 cc cc    0 Mar 27 16:46 tsd1
~~~~~~ ls -l /dev/shm
total 16
-rwxrwxr-x 1 cc cc 4000000 Mar 27 16:46 matrix-pull
-rwxrwxr-x 1 cc cc 4000000 Mar 27 16:46 matrix-push
-rwxrwxr-x 1 cc cc      32 Mar 27 16:46 sem.matrix-pull-rsem
-rwxrwxr-x 1 cc cc      32 Mar 27 16:46 sem.matrix-pull-wsem
-rwxrwxr-x 1 cc cc      32 Mar 27 16:46 sem.matrix-push-rsem
-rwxrwxr-x 1 cc cc      32 Mar 27 16:46 sem.matrix-push-wsem
 === clean up ===
total 0
total 0
 === done ===
 *============== Launching remote tsd at 11 =============* 
 ====== tsd launch complete. You have 1 tsd instance. ====== 
cc       108047  0.0  0.0 144504  5012 ?        Sl   16:50   0:00 /home/cc/Synergy4/s4c00/cmake-build-debug/sng_tsd /home/cc/Synergy4/s4c00/etc/sng11.json /home/cc/Synergy4/s4c00/etc/synergy-log.conf
cc       108049  0.0  0.0  12944   988 ?        S    16:50   0:00 grep sng_tsd
 ============================================================ 
 === before clean up === 
~~~~~~ ls -l /tmp
total 16
-rw------- 1 cc cc 5135 Mar 27 16:50 synergy4_p2pmd_107986.log
-rw------- 1 cc cc  770 Mar 27 16:46 synergy4_parser_107986.log
-rw------- 1 cc cc 4009 Mar 27 16:48 synergy4_tsd_107986.log
srwxrwxr-x 1 cc cc    0 Mar 27 16:46 tsd1
~~~~~~ ls -l /dev/shm
total 16
-rwxrwxr-x 1 cc cc 4000000 Mar 27 16:46 matrix-pull
-rwxrwxr-x 1 cc cc 4000000 Mar 27 16:46 matrix-push
-rwxrwxr-x 1 cc cc      32 Mar 27 16:46 sem.matrix-pull-rsem
-rwxrwxr-x 1 cc cc      32 Mar 27 16:46 sem.matrix-pull-wsem
-rwxrwxr-x 1 cc cc      32 Mar 27 16:46 sem.matrix-push-rsem
-rwxrwxr-x 1 cc cc      32 Mar 27 16:46 sem.matrix-push-wsem
 === clean up ===
total 0
total 0
 === done ===
 *============== Launching remote tsd at 12 =============* 
 ====== tsd launch complete. You have 1 tsd instance. ====== 
cc       108577  0.0  0.0 144504  6952 ?        Sl   16:50   0:00 /home/cc/Synergy4/s4c00/cmake-build-debug/sng_tsd /home/cc/Synergy4/s4c00/etc/sng12.json /home/cc/Synergy4/s4c00/etc/synergy-log.conf
cc       108579  0.0  0.0  12944   928 ?        S    16:50   0:00 grep sng_tsd
 ============================================================ 
