 === before clean up === 
~~~~~~ ls -l /tmp
total 1176
-rw------- 1 cc cc 814286 Mar 27 15:07 synergy4_128944.log
-rw------- 1 cc cc   7882 Mar 27 15:07 synergy4_p2pmd_128944.log
-rw------- 1 cc cc    768 Mar 27 15:05 synergy4_parser_128944.log
-rw------- 1 cc cc 374111 Mar 27 15:07 synergy4_tsd_128944.log
srwxrwxr-x 1 cc cc      0 Mar 27 15:05 tsd1
~~~~~~ ls -l /dev/shm
total 7832
-rwxrwxr-x 1 cc cc 4000000 Mar 27 15:07 matrix-pull
-rwxrwxr-x 1 cc cc 4000000 Mar 27 15:07 matrix-push
-rwxrwxr-x 1 cc cc      32 Mar 27 15:05 sem.matrix-pull-rsem
-rwxrwxr-x 1 cc cc      32 Mar 27 15:05 sem.matrix-pull-wsem
-rwxrwxr-x 1 cc cc      32 Mar 27 15:05 sem.matrix-push-rsem
-rwxrwxr-x 1 cc cc      32 Mar 27 15:05 sem.matrix-push-wsem
 === clean up ===
total 0
total 0
 === done ===
 *============== Launching remote tsd at 1 =============* 
 ====== tsd launch complete. You have 1 tsd instance. ====== 
cc       129480  0.0  0.0 144504  4944 ?        Sl   15:08   0:00 /home/cc/Synergy4/s4c00/cmake-build-debug/sng_tsd /home/cc/Synergy4/s4c00/etc/sng1.json /home/cc/Synergy4/s4c00/etc/synergy-log.conf
cc       129482  0.0  0.0  12944  1028 ?        S    15:08   0:00 grep sng_tsd
 ============================================================ 
 === before clean up === 
~~~~~~ ls -l /tmp
total 24
-rw------- 1 cc cc 12164 Mar 27 15:07 synergy4_p2pmd_118543.log
-rw------- 1 cc cc   768 Mar 27 15:05 synergy4_parser_118543.log
-rw------- 1 cc cc  7107 Mar 27 15:07 synergy4_tsd_118543.log
srwxrwxr-x 1 cc cc     0 Mar 27 15:05 tsd1
~~~~~~ ls -l /dev/shm
total 16
-rwxrwxr-x 1 cc cc 4000000 Mar 27 15:05 matrix-pull
-rwxrwxr-x 1 cc cc 4000000 Mar 27 15:05 matrix-push
-rwxrwxr-x 1 cc cc      32 Mar 27 15:05 sem.matrix-pull-rsem
-rwxrwxr-x 1 cc cc      32 Mar 27 15:05 sem.matrix-pull-wsem
-rwxrwxr-x 1 cc cc      32 Mar 27 15:05 sem.matrix-push-rsem
-rwxrwxr-x 1 cc cc      32 Mar 27 15:05 sem.matrix-push-wsem
 === clean up ===
total 0
total 0
 === done ===
 *============== Launching remote tsd at 2 =============* 
 ====== tsd launch complete. You have 1 tsd instance. ====== 
cc       119129  0.0  0.0 144504  7092 ?        Sl   15:08   0:00 /home/cc/Synergy4/s4c00/cmake-build-debug/sng_tsd /home/cc/Synergy4/s4c00/etc/sng2.json /home/cc/Synergy4/s4c00/etc/synergy-log.conf
cc       119131  0.0  0.0  12944  1012 ?        S    15:08   0:00 grep sng_tsd
 ============================================================ 
 === before clean up === 
~~~~~~ ls -l /tmp
total 24
-rw------- 1 cc cc 12060 Mar 27 15:07 synergy4_p2pmd_117808.log
-rw------- 1 cc cc   764 Mar 27 15:05 synergy4_parser_117808.log
-rw------- 1 cc cc  7107 Mar 27 15:07 synergy4_tsd_117808.log
srwxrwxr-x 1 cc cc     0 Mar 27 15:05 tsd1
~~~~~~ ls -l /dev/shm
total 16
-rwxrwxr-x 1 cc cc 4000000 Mar 27 15:05 matrix-pull
-rwxrwxr-x 1 cc cc 4000000 Mar 27 15:05 matrix-push
-rwxrwxr-x 1 cc cc      32 Mar 27 15:05 sem.matrix-pull-rsem
-rwxrwxr-x 1 cc cc      32 Mar 27 15:05 sem.matrix-pull-wsem
-rwxrwxr-x 1 cc cc      32 Mar 27 15:05 sem.matrix-push-rsem
-rwxrwxr-x 1 cc cc      32 Mar 27 15:05 sem.matrix-push-wsem
 === clean up ===
total 0
total 0
 === done ===
 *============== Launching remote tsd at 3 =============* 
 ====== tsd launch complete. You have 1 tsd instance. ====== 
cc       118393  0.0  0.0 144504  5084 ?        Sl   15:08   0:00 /home/cc/Synergy4/s4c00/cmake-build-debug/sng_tsd /home/cc/Synergy4/s4c00/etc/sng3.json /home/cc/Synergy4/s4c00/etc/synergy-log.conf
cc       118395  0.0  0.0  12944   968 ?        S    15:08   0:00 grep sng_tsd
 ============================================================ 
 === before clean up === 
~~~~~~ ls -l /tmp
total 12
-rw------- 1 cc cc 3054 Mar 27 15:07 synergy4_p2pmd_101812.log
-rw------- 1 cc cc  768 Mar 27 15:05 synergy4_parser_101812.log
-rw------- 1 cc cc 4009 Mar 27 15:06 synergy4_tsd_101812.log
srwxrwxr-x 1 cc cc    0 Mar 27 15:05 tsd1
~~~~~~ ls -l /dev/shm
total 16
-rwxrwxr-x 1 cc cc 4000000 Mar 27 15:05 matrix-pull
-rwxrwxr-x 1 cc cc 4000000 Mar 27 15:05 matrix-push
-rwxrwxr-x 1 cc cc      32 Mar 27 15:05 sem.matrix-pull-rsem
-rwxrwxr-x 1 cc cc      32 Mar 27 15:05 sem.matrix-pull-wsem
-rwxrwxr-x 1 cc cc      32 Mar 27 15:05 sem.matrix-push-rsem
-rwxrwxr-x 1 cc cc      32 Mar 27 15:05 sem.matrix-push-wsem
 === clean up ===
total 0
total 0
 === done ===
 *============== Launching remote tsd at 4 =============* 
 ====== tsd launch complete. You have 1 tsd instance. ====== 
cc       102402  0.0  0.0 144504  5036 ?        Sl   15:08   0:00 /home/cc/Synergy4/s4c00/cmake-build-debug/sng_tsd /home/cc/Synergy4/s4c00/etc/sng4.json /home/cc/Synergy4/s4c00/etc/synergy-log.conf
cc       102404  0.0  0.0  12944  1012 ?        S    15:08   0:00 grep sng_tsd
 ============================================================ 
 === before clean up === 
~~~~~~ ls -l /tmp
total 12
-rw------- 1 cc cc 3054 Mar 27 15:07 synergy4_p2pmd_100626.log
-rw------- 1 cc cc  768 Mar 27 15:05 synergy4_parser_100626.log
-rw------- 1 cc cc 4009 Mar 27 15:06 synergy4_tsd_100626.log
srwxrwxr-x 1 cc cc    0 Mar 27 15:05 tsd1
~~~~~~ ls -l /dev/shm
total 16
-rwxrwxr-x 1 cc cc 4000000 Mar 27 15:05 matrix-pull
-rwxrwxr-x 1 cc cc 4000000 Mar 27 15:05 matrix-push
-rwxrwxr-x 1 cc cc      32 Mar 27 15:05 sem.matrix-pull-rsem
-rwxrwxr-x 1 cc cc      32 Mar 27 15:05 sem.matrix-pull-wsem
-rwxrwxr-x 1 cc cc      32 Mar 27 15:05 sem.matrix-push-rsem
-rwxrwxr-x 1 cc cc      32 Mar 27 15:05 sem.matrix-push-wsem
 === clean up ===
total 0
total 0
 === done ===
 *============== Launching remote tsd at 5 =============* 
 ====== tsd launch complete. You have 1 tsd instance. ====== 
cc       101215  0.0  0.0 144504  5012 ?        Sl   15:08   0:00 /home/cc/Synergy4/s4c00/cmake-build-debug/sng_tsd /home/cc/Synergy4/s4c00/etc/sng5.json /home/cc/Synergy4/s4c00/etc/synergy-log.conf
cc       101217  0.0  0.0  12944  1016 ?        S    15:08   0:00 grep sng_tsd
 ============================================================ 
 === before clean up === 
~~~~~~ ls -l /tmp
total 12
-rw------- 1 cc cc 3054 Mar 27 15:07 synergy4_p2pmd_100338.log
-rw------- 1 cc cc  768 Mar 27 15:05 synergy4_parser_100338.log
-rw------- 1 cc cc 4009 Mar 27 15:06 synergy4_tsd_100338.log
srwxrwxr-x 1 cc cc    0 Mar 27 15:05 tsd1
~~~~~~ ls -l /dev/shm
total 16
-rwxrwxr-x 1 cc cc 4000000 Mar 27 15:05 matrix-pull
-rwxrwxr-x 1 cc cc 4000000 Mar 27 15:05 matrix-push
-rwxrwxr-x 1 cc cc      32 Mar 27 15:05 sem.matrix-pull-rsem
-rwxrwxr-x 1 cc cc      32 Mar 27 15:05 sem.matrix-pull-wsem
-rwxrwxr-x 1 cc cc      32 Mar 27 15:05 sem.matrix-push-rsem
-rwxrwxr-x 1 cc cc      32 Mar 27 15:05 sem.matrix-push-wsem
 === clean up ===
total 0
total 0
 === done ===
 *============== Launching remote tsd at 6 =============* 
 ====== tsd launch complete. You have 1 tsd instance. ====== 
cc       100938  0.0  0.0 144504  7096 ?        Sl   15:08   0:00 /home/cc/Synergy4/s4c00/cmake-build-debug/sng_tsd /home/cc/Synergy4/s4c00/etc/sng6.json /home/cc/Synergy4/s4c00/etc/synergy-log.conf
cc       100940  0.0  0.0  12944  1088 ?        S    15:08   0:00 grep sng_tsd
 ============================================================ 
 === before clean up === 
~~~~~~ ls -l /tmp
total 12
-rw------- 1 cc cc 3025 Mar 27 15:07 synergy4_p2pmd_96018.log
-rw------- 1 cc cc  768 Mar 27 15:05 synergy4_parser_96018.log
-rw------- 1 cc cc 3973 Mar 27 15:06 synergy4_tsd_96018.log
srwxrwxr-x 1 cc cc    0 Mar 27 15:05 tsd1
~~~~~~ ls -l /dev/shm
total 16
-rwxrwxr-x 1 cc cc 4000000 Mar 27 15:05 matrix-pull
-rwxrwxr-x 1 cc cc 4000000 Mar 27 15:05 matrix-push
-rwxrwxr-x 1 cc cc      32 Mar 27 15:05 sem.matrix-pull-rsem
-rwxrwxr-x 1 cc cc      32 Mar 27 15:05 sem.matrix-pull-wsem
-rwxrwxr-x 1 cc cc      32 Mar 27 15:05 sem.matrix-push-rsem
-rwxrwxr-x 1 cc cc      32 Mar 27 15:05 sem.matrix-push-wsem
 === clean up ===
total 0
total 0
 === done ===
 *============== Launching remote tsd at 7 =============* 
 ====== tsd launch complete. You have 1 tsd instance. ====== 
cc        96606  0.0  0.0 144504  5012 ?        Sl   15:08   0:00 /home/cc/Synergy4/s4c00/cmake-build-debug/sng_tsd /home/cc/Synergy4/s4c00/etc/sng7.json /home/cc/Synergy4/s4c00/etc/synergy-log.conf
cc        96608  0.0  0.0  12944  1088 ?        S    15:08   0:00 grep sng_tsd
 ============================================================ 
 === before clean up === 
~~~~~~ ls -l /tmp
total 12
-rw------- 1 cc cc 3128 Mar 27 15:08 synergy4_p2pmd_96222.log
-rw------- 1 cc cc  768 Mar 27 15:05 synergy4_parser_96222.log
-rw------- 1 cc cc 3973 Mar 27 15:06 synergy4_tsd_96222.log
srwxrwxr-x 1 cc cc    0 Mar 27 15:05 tsd1
~~~~~~ ls -l /dev/shm
total 16
-rwxrwxr-x 1 cc cc 4000000 Mar 27 15:05 matrix-pull
-rwxrwxr-x 1 cc cc 4000000 Mar 27 15:05 matrix-push
-rwxrwxr-x 1 cc cc      32 Mar 27 15:05 sem.matrix-pull-rsem
-rwxrwxr-x 1 cc cc      32 Mar 27 15:05 sem.matrix-pull-wsem
-rwxrwxr-x 1 cc cc      32 Mar 27 15:05 sem.matrix-push-rsem
-rwxrwxr-x 1 cc cc      32 Mar 27 15:05 sem.matrix-push-wsem
 === clean up ===
total 0
total 0
 === done ===
 *============== Launching remote tsd at 8 =============* 
 ====== tsd launch complete. You have 1 tsd instance. ====== 
cc        96805  0.0  0.0 144504  5060 ?        Sl   15:08   0:00 /home/cc/Synergy4/s4c00/cmake-build-debug/sng_tsd /home/cc/Synergy4/s4c00/etc/sng8.json /home/cc/Synergy4/s4c00/etc/synergy-log.conf
cc        96807  0.0  0.0  12944   936 ?        S    15:08   0:00 grep sng_tsd
 ============================================================ 
 === before clean up === 
~~~~~~ ls -l /tmp
total 12
-rw------- 1 cc cc 3129 Mar 27 15:08 synergy4_p2pmd_89848.log
-rw------- 1 cc cc  770 Mar 27 15:05 synergy4_parser_89848.log
-rw------- 1 cc cc 3973 Mar 27 15:06 synergy4_tsd_89848.log
srwxrwxr-x 1 cc cc    0 Mar 27 15:05 tsd1
~~~~~~ ls -l /dev/shm
total 16
-rwxrwxr-x 1 cc cc 4000000 Mar 27 15:05 matrix-pull
-rwxrwxr-x 1 cc cc 4000000 Mar 27 15:05 matrix-push
-rwxrwxr-x 1 cc cc      32 Mar 27 15:05 sem.matrix-pull-rsem
-rwxrwxr-x 1 cc cc      32 Mar 27 15:05 sem.matrix-pull-wsem
-rwxrwxr-x 1 cc cc      32 Mar 27 15:05 sem.matrix-push-rsem
-rwxrwxr-x 1 cc cc      32 Mar 27 15:05 sem.matrix-push-wsem
 === clean up ===
total 0
total 0
 === done ===
 *============== Launching remote tsd at 9 =============* 
 ====== tsd launch complete. You have 1 tsd instance. ====== 
cc        90436  0.0  0.0 144504  7068 ?        Sl   15:08   0:00 /home/cc/Synergy4/s4c00/cmake-build-debug/sng_tsd /home/cc/Synergy4/s4c00/etc/sng9.json /home/cc/Synergy4/s4c00/etc/synergy-log.conf
cc        90438  0.0  0.0  12944  1084 ?        S    15:08   0:00 grep sng_tsd
 ============================================================ 
 === before clean up === 
~~~~~~ ls -l /tmp
total 12
-rw------- 1 cc cc 3129 Mar 27 15:08 synergy4_p2pmd_90814.log
-rw------- 1 cc cc  770 Mar 27 15:05 synergy4_parser_90814.log
-rw------- 1 cc cc 3973 Mar 27 15:06 synergy4_tsd_90814.log
srwxrwxr-x 1 cc cc    0 Mar 27 15:05 tsd1
~~~~~~ ls -l /dev/shm
total 16
-rwxrwxr-x 1 cc cc 4000000 Mar 27 15:05 matrix-pull
-rwxrwxr-x 1 cc cc 4000000 Mar 27 15:05 matrix-push
-rwxrwxr-x 1 cc cc      32 Mar 27 15:05 sem.matrix-pull-rsem
-rwxrwxr-x 1 cc cc      32 Mar 27 15:05 sem.matrix-pull-wsem
-rwxrwxr-x 1 cc cc      32 Mar 27 15:05 sem.matrix-push-rsem
-rwxrwxr-x 1 cc cc      32 Mar 27 15:05 sem.matrix-push-wsem
 === clean up ===
total 0
total 0
 === done ===
 *============== Launching remote tsd at 10 =============* 
 ====== tsd launch complete. You have 1 tsd instance. ====== 
cc        91399  0.0  0.0 144504  4940 ?        Sl   15:08   0:00 /home/cc/Synergy4/s4c00/cmake-build-debug/sng_tsd /home/cc/Synergy4/s4c00/etc/sng10.json /home/cc/Synergy4/s4c00/etc/synergy-log.conf
cc        91401  0.0  0.0  12944   988 ?        S    15:08   0:00 grep sng_tsd
 ============================================================ 
 === before clean up === 
~~~~~~ ls -l /tmp
total 12
-rw------- 1 cc cc 3130 Mar 27 15:08 synergy4_p2pmd_90128.log
-rw------- 1 cc cc  772 Mar 27 15:05 synergy4_parser_90128.log
-rw------- 1 cc cc 3973 Mar 27 15:07 synergy4_tsd_90128.log
srwxrwxr-x 1 cc cc    0 Mar 27 15:05 tsd1
~~~~~~ ls -l /dev/shm
total 16
-rwxrwxr-x 1 cc cc 4000000 Mar 27 15:05 matrix-pull
-rwxrwxr-x 1 cc cc 4000000 Mar 27 15:05 matrix-push
-rwxrwxr-x 1 cc cc      32 Mar 27 15:05 sem.matrix-pull-rsem
-rwxrwxr-x 1 cc cc      32 Mar 27 15:05 sem.matrix-pull-wsem
-rwxrwxr-x 1 cc cc      32 Mar 27 15:05 sem.matrix-push-rsem
-rwxrwxr-x 1 cc cc      32 Mar 27 15:05 sem.matrix-push-wsem
 === clean up ===
total 0
total 0
 === done ===
 *============== Launching remote tsd at 11 =============* 
 ====== tsd launch complete. You have 1 tsd instance. ====== 
cc        90720  0.0  0.0 144504  5008 ?        Sl   15:08   0:00 /home/cc/Synergy4/s4c00/cmake-build-debug/sng_tsd /home/cc/Synergy4/s4c00/etc/sng11.json /home/cc/Synergy4/s4c00/etc/synergy-log.conf
cc        90722  0.0  0.0  12944  1016 ?        S    15:08   0:00 grep sng_tsd
 ============================================================ 
 === before clean up === 
~~~~~~ ls -l /tmp
total 12
-rw------- 1 cc cc 3129 Mar 27 15:08 synergy4_p2pmd_90728.log
-rw------- 1 cc cc  770 Mar 27 15:05 synergy4_parser_90728.log
-rw------- 1 cc cc 3973 Mar 27 15:07 synergy4_tsd_90728.log
srwxrwxr-x 1 cc cc    0 Mar 27 15:05 tsd1
~~~~~~ ls -l /dev/shm
total 16
-rwxrwxr-x 1 cc cc 4000000 Mar 27 15:05 matrix-pull
-rwxrwxr-x 1 cc cc 4000000 Mar 27 15:05 matrix-push
-rwxrwxr-x 1 cc cc      32 Mar 27 15:05 sem.matrix-pull-rsem
-rwxrwxr-x 1 cc cc      32 Mar 27 15:05 sem.matrix-pull-wsem
-rwxrwxr-x 1 cc cc      32 Mar 27 15:05 sem.matrix-push-rsem
-rwxrwxr-x 1 cc cc      32 Mar 27 15:05 sem.matrix-push-wsem
 === clean up ===
total 0
total 0
 === done ===
 *============== Launching remote tsd at 12 =============* 
 ====== tsd launch complete. You have 1 tsd instance. ====== 
cc        91322  0.0  0.0 144504  7104 ?        Sl   15:08   0:00 /home/cc/Synergy4/s4c00/cmake-build-debug/sng_tsd /home/cc/Synergy4/s4c00/etc/sng12.json /home/cc/Synergy4/s4c00/etc/synergy-log.conf
cc        91324  0.0  0.0  12944   988 ?        S    15:08   0:00 grep sng_tsd
 ============================================================ 
