 === before clean up === 
~~~~~~ ls -l /tmp
total 1196
-rw------- 1 cc cc 811532 Mar 27 14:55 synergy4_126076.log
-rw------- 1 cc cc   9790 Mar 27 14:55 synergy4_p2pmd_126076.log
-rw------- 1 cc cc    768 Mar 27 14:53 synergy4_parser_126076.log
-rw------- 1 cc cc 392545 Mar 27 14:55 synergy4_tsd_126076.log
srwxrwxr-x 1 cc cc      0 Mar 27 14:53 tsd1
~~~~~~ ls -l /dev/shm
total 7832
-rwxrwxr-x 1 cc cc 4000000 Mar 27 14:54 matrix-pull
-rwxrwxr-x 1 cc cc 4000000 Mar 27 14:54 matrix-push
-rwxrwxr-x 1 cc cc      32 Mar 27 14:53 sem.matrix-pull-rsem
-rwxrwxr-x 1 cc cc      32 Mar 27 14:53 sem.matrix-pull-wsem
-rwxrwxr-x 1 cc cc      32 Mar 27 14:53 sem.matrix-push-rsem
-rwxrwxr-x 1 cc cc      32 Mar 27 14:53 sem.matrix-push-wsem
 === clean up ===
total 0
total 0
 === done ===
 *============== Launching remote tsd at 1 =============* 
 ====== tsd launch complete. You have 1 tsd instance. ====== 
cc       126760  0.0  0.0 144504  7088 ?        Sl   14:55   0:00 /home/cc/Synergy4/s4c00/cmake-build-debug/sng_tsd /home/cc/Synergy4/s4c00/etc/sng1.json /home/cc/Synergy4/s4c00/etc/synergy-log.conf
cc       126762  0.0  0.0  12944   940 ?        S    14:55   0:00 grep sng_tsd
 ============================================================ 
 === before clean up === 
~~~~~~ ls -l /tmp
total 24
-rw------- 1 cc cc 11858 Mar 27 14:55 synergy4_p2pmd_115559.log
-rw------- 1 cc cc   768 Mar 27 14:53 synergy4_parser_115559.log
-rw------- 1 cc cc  7107 Mar 27 14:55 synergy4_tsd_115559.log
srwxrwxr-x 1 cc cc     0 Mar 27 14:53 tsd1
~~~~~~ ls -l /dev/shm
total 16
-rwxrwxr-x 1 cc cc 4000000 Mar 27 14:53 matrix-pull
-rwxrwxr-x 1 cc cc 4000000 Mar 27 14:53 matrix-push
-rwxrwxr-x 1 cc cc      32 Mar 27 14:53 sem.matrix-pull-rsem
-rwxrwxr-x 1 cc cc      32 Mar 27 14:53 sem.matrix-pull-wsem
-rwxrwxr-x 1 cc cc      32 Mar 27 14:53 sem.matrix-push-rsem
-rwxrwxr-x 1 cc cc      32 Mar 27 14:53 sem.matrix-push-wsem
 === clean up ===
total 0
total 0
 === done ===
 *============== Launching remote tsd at 2 =============* 
 ====== tsd launch complete. You have 1 tsd instance. ====== 
cc       116181  0.0  0.0 144504  5036 ?        Sl   14:55   0:00 /home/cc/Synergy4/s4c00/cmake-build-debug/sng_tsd /home/cc/Synergy4/s4c00/etc/sng2.json /home/cc/Synergy4/s4c00/etc/synergy-log.conf
cc       116183  0.0  0.0  12944  1012 ?        S    14:55   0:00 grep sng_tsd
 ============================================================ 
 === before clean up === 
~~~~~~ ls -l /tmp
total 24
-rw------- 1 cc cc 11853 Mar 27 14:55 synergy4_p2pmd_114837.log
-rw------- 1 cc cc   764 Mar 27 14:53 synergy4_parser_114837.log
-rw------- 1 cc cc  7107 Mar 27 14:55 synergy4_tsd_114837.log
srwxrwxr-x 1 cc cc     0 Mar 27 14:53 tsd1
~~~~~~ ls -l /dev/shm
total 16
-rwxrwxr-x 1 cc cc 4000000 Mar 27 14:53 matrix-pull
-rwxrwxr-x 1 cc cc 4000000 Mar 27 14:53 matrix-push
-rwxrwxr-x 1 cc cc      32 Mar 27 14:53 sem.matrix-pull-rsem
-rwxrwxr-x 1 cc cc      32 Mar 27 14:53 sem.matrix-pull-wsem
-rwxrwxr-x 1 cc cc      32 Mar 27 14:53 sem.matrix-push-rsem
-rwxrwxr-x 1 cc cc      32 Mar 27 14:53 sem.matrix-push-wsem
 === clean up ===
total 0
total 0
 === done ===
 *============== Launching remote tsd at 3 =============* 
 ====== tsd launch complete. You have 1 tsd instance. ====== 
cc       115446  0.0  0.0 144504  6952 ?        Sl   14:55   0:00 /home/cc/Synergy4/s4c00/cmake-build-debug/sng_tsd /home/cc/Synergy4/s4c00/etc/sng3.json /home/cc/Synergy4/s4c00/etc/synergy-log.conf
cc       115448  0.0  0.0  12944   968 ?        S    14:55   0:00 grep sng_tsd
 ============================================================ 
 === before clean up === 
~~~~~~ ls -l /tmp
total 12
-rw------- 1 cc cc 2922 Mar 27 14:55 synergy4_p2pmd_98843.log
-rw------- 1 cc cc  768 Mar 27 14:53 synergy4_parser_98843.log
-rw------- 1 cc cc 3973 Mar 27 14:54 synergy4_tsd_98843.log
srwxrwxr-x 1 cc cc    0 Mar 27 14:53 tsd1
~~~~~~ ls -l /dev/shm
total 16
-rwxrwxr-x 1 cc cc 4000000 Mar 27 14:53 matrix-pull
-rwxrwxr-x 1 cc cc 4000000 Mar 27 14:53 matrix-push
-rwxrwxr-x 1 cc cc      32 Mar 27 14:53 sem.matrix-pull-rsem
-rwxrwxr-x 1 cc cc      32 Mar 27 14:53 sem.matrix-pull-wsem
-rwxrwxr-x 1 cc cc      32 Mar 27 14:53 sem.matrix-push-rsem
-rwxrwxr-x 1 cc cc      32 Mar 27 14:53 sem.matrix-push-wsem
 === clean up ===
total 0
total 0
 === done ===
 *============== Launching remote tsd at 4 =============* 
 ====== tsd launch complete. You have 1 tsd instance. ====== 
cc        99449  0.0  0.0 144504  5048 ?        Sl   14:55   0:00 /home/cc/Synergy4/s4c00/cmake-build-debug/sng_tsd /home/cc/Synergy4/s4c00/etc/sng4.json /home/cc/Synergy4/s4c00/etc/synergy-log.conf
cc        99451  0.0  0.0  12944  1012 ?        S    14:55   0:00 grep sng_tsd
 ============================================================ 
 === before clean up === 
~~~~~~ ls -l /tmp
total 12
-rw------- 1 cc cc 2922 Mar 27 14:55 synergy4_p2pmd_97662.log
-rw------- 1 cc cc  768 Mar 27 14:53 synergy4_parser_97662.log
-rw------- 1 cc cc 3973 Mar 27 14:54 synergy4_tsd_97662.log
srwxrwxr-x 1 cc cc    0 Mar 27 14:53 tsd1
~~~~~~ ls -l /dev/shm
total 16
-rwxrwxr-x 1 cc cc 4000000 Mar 27 14:53 matrix-pull
-rwxrwxr-x 1 cc cc 4000000 Mar 27 14:53 matrix-push
-rwxrwxr-x 1 cc cc      32 Mar 27 14:53 sem.matrix-pull-rsem
-rwxrwxr-x 1 cc cc      32 Mar 27 14:53 sem.matrix-pull-wsem
-rwxrwxr-x 1 cc cc      32 Mar 27 14:53 sem.matrix-push-rsem
-rwxrwxr-x 1 cc cc      32 Mar 27 14:53 sem.matrix-push-wsem
 === clean up ===
total 0
total 0
 === done ===
 *============== Launching remote tsd at 5 =============* 
 ====== tsd launch complete. You have 1 tsd instance. ====== 
cc        98270  0.0  0.0 144504  5008 ?        Sl   14:55   0:00 /home/cc/Synergy4/s4c00/cmake-build-debug/sng_tsd /home/cc/Synergy4/s4c00/etc/sng5.json /home/cc/Synergy4/s4c00/etc/synergy-log.conf
cc        98272  0.0  0.0  12944   988 ?        S    14:55   0:00 grep sng_tsd
 ============================================================ 
 === before clean up === 
~~~~~~ ls -l /tmp
total 12
-rw------- 1 cc cc 2922 Mar 27 14:55 synergy4_p2pmd_97358.log
-rw------- 1 cc cc  768 Mar 27 14:53 synergy4_parser_97358.log
-rw------- 1 cc cc 3973 Mar 27 14:54 synergy4_tsd_97358.log
srwxrwxr-x 1 cc cc    0 Mar 27 14:53 tsd1
~~~~~~ ls -l /dev/shm
total 16
-rwxrwxr-x 1 cc cc 4000000 Mar 27 14:53 matrix-pull
-rwxrwxr-x 1 cc cc 4000000 Mar 27 14:53 matrix-push
-rwxrwxr-x 1 cc cc      32 Mar 27 14:53 sem.matrix-pull-rsem
-rwxrwxr-x 1 cc cc      32 Mar 27 14:53 sem.matrix-pull-wsem
-rwxrwxr-x 1 cc cc      32 Mar 27 14:53 sem.matrix-push-rsem
-rwxrwxr-x 1 cc cc      32 Mar 27 14:53 sem.matrix-push-wsem
 === clean up ===
total 0
total 0
 === done ===
 *============== Launching remote tsd at 6 =============* 
 ====== tsd launch complete. You have 1 tsd instance. ====== 
cc        97969  0.0  0.0 144504  7000 ?        Sl   14:55   0:00 /home/cc/Synergy4/s4c00/cmake-build-debug/sng_tsd /home/cc/Synergy4/s4c00/etc/sng6.json /home/cc/Synergy4/s4c00/etc/synergy-log.conf
cc        97971  0.0  0.0  12944   976 ?        S    14:55   0:00 grep sng_tsd
 ============================================================ 
 === before clean up === 
~~~~~~ ls -l /tmp
total 12
-rw------- 1 cc cc 2922 Mar 27 14:55 synergy4_p2pmd_93054.log
-rw------- 1 cc cc  768 Mar 27 14:53 synergy4_parser_93054.log
-rw------- 1 cc cc 3973 Mar 27 14:54 synergy4_tsd_93054.log
srwxrwxr-x 1 cc cc    0 Mar 27 14:53 tsd1
~~~~~~ ls -l /dev/shm
total 16
-rwxrwxr-x 1 cc cc 4000000 Mar 27 14:53 matrix-pull
-rwxrwxr-x 1 cc cc 4000000 Mar 27 14:53 matrix-push
-rwxrwxr-x 1 cc cc      32 Mar 27 14:53 sem.matrix-pull-rsem
-rwxrwxr-x 1 cc cc      32 Mar 27 14:53 sem.matrix-pull-wsem
-rwxrwxr-x 1 cc cc      32 Mar 27 14:53 sem.matrix-push-rsem
-rwxrwxr-x 1 cc cc      32 Mar 27 14:53 sem.matrix-push-wsem
 === clean up ===
total 0
total 0
 === done ===
 *============== Launching remote tsd at 7 =============* 
 ====== tsd launch complete. You have 1 tsd instance. ====== 
cc        93665  0.0  0.0 144504  4960 ?        Sl   14:55   0:00 /home/cc/Synergy4/s4c00/cmake-build-debug/sng_tsd /home/cc/Synergy4/s4c00/etc/sng7.json /home/cc/Synergy4/s4c00/etc/synergy-log.conf
cc        93667  0.0  0.0  12944  1084 ?        S    14:55   0:00 grep sng_tsd
 ============================================================ 
 === before clean up === 
~~~~~~ ls -l /tmp
total 12
-rw------- 1 cc cc 2922 Mar 27 14:55 synergy4_p2pmd_93251.log
-rw------- 1 cc cc  768 Mar 27 14:53 synergy4_parser_93251.log
-rw------- 1 cc cc 3973 Mar 27 14:54 synergy4_tsd_93251.log
srwxrwxr-x 1 cc cc    0 Mar 27 14:53 tsd1
~~~~~~ ls -l /dev/shm
total 16
-rwxrwxr-x 1 cc cc 4000000 Mar 27 14:53 matrix-pull
-rwxrwxr-x 1 cc cc 4000000 Mar 27 14:53 matrix-push
-rwxrwxr-x 1 cc cc      32 Mar 27 14:53 sem.matrix-pull-rsem
-rwxrwxr-x 1 cc cc      32 Mar 27 14:53 sem.matrix-pull-wsem
-rwxrwxr-x 1 cc cc      32 Mar 27 14:53 sem.matrix-push-rsem
-rwxrwxr-x 1 cc cc      32 Mar 27 14:53 sem.matrix-push-wsem
 === clean up ===
total 0
total 0
 === done ===
 *============== Launching remote tsd at 8 =============* 
 ====== tsd launch complete. You have 1 tsd instance. ====== 
cc        93866  0.0  0.0 144504  7000 ?        Sl   14:55   0:00 /home/cc/Synergy4/s4c00/cmake-build-debug/sng_tsd /home/cc/Synergy4/s4c00/etc/sng8.json /home/cc/Synergy4/s4c00/etc/synergy-log.conf
cc        93868  0.0  0.0  12944   936 ?        S    14:55   0:00 grep sng_tsd
 ============================================================ 
 === before clean up === 
~~~~~~ ls -l /tmp
total 12
-rw------- 1 cc cc 2923 Mar 27 14:55 synergy4_p2pmd_86883.log
-rw------- 1 cc cc  770 Mar 27 14:53 synergy4_parser_86883.log
-rw------- 1 cc cc 3973 Mar 27 14:54 synergy4_tsd_86883.log
srwxrwxr-x 1 cc cc    0 Mar 27 14:53 tsd1
~~~~~~ ls -l /dev/shm
total 16
-rwxrwxr-x 1 cc cc 4000000 Mar 27 14:53 matrix-pull
-rwxrwxr-x 1 cc cc 4000000 Mar 27 14:53 matrix-push
-rwxrwxr-x 1 cc cc      32 Mar 27 14:53 sem.matrix-pull-rsem
-rwxrwxr-x 1 cc cc      32 Mar 27 14:53 sem.matrix-pull-wsem
-rwxrwxr-x 1 cc cc      32 Mar 27 14:53 sem.matrix-push-rsem
-rwxrwxr-x 1 cc cc      32 Mar 27 14:53 sem.matrix-push-wsem
 === clean up ===
total 0
total 0
 === done ===
 *============== Launching remote tsd at 9 =============* 
 ====== tsd launch complete. You have 1 tsd instance. ====== 
cc        87492  0.0  0.0 144504  5016 ?        Sl   14:55   0:00 /home/cc/Synergy4/s4c00/cmake-build-debug/sng_tsd /home/cc/Synergy4/s4c00/etc/sng9.json /home/cc/Synergy4/s4c00/etc/synergy-log.conf
cc        87494  0.0  0.0  12944  1028 ?        S    14:55   0:00 grep sng_tsd
 ============================================================ 
 === before clean up === 
~~~~~~ ls -l /tmp
total 12
-rw------- 1 cc cc 3726 Mar 27 14:55 synergy4_p2pmd_87841.log
-rw------- 1 cc cc  770 Mar 27 14:53 synergy4_parser_87841.log
-rw------- 1 cc cc 3973 Mar 27 14:54 synergy4_tsd_87841.log
srwxrwxr-x 1 cc cc    0 Mar 27 14:53 tsd1
~~~~~~ ls -l /dev/shm
total 16
-rwxrwxr-x 1 cc cc 4000000 Mar 27 14:53 matrix-pull
-rwxrwxr-x 1 cc cc 4000000 Mar 27 14:53 matrix-push
-rwxrwxr-x 1 cc cc      32 Mar 27 14:53 sem.matrix-pull-rsem
-rwxrwxr-x 1 cc cc      32 Mar 27 14:53 sem.matrix-pull-wsem
-rwxrwxr-x 1 cc cc      32 Mar 27 14:53 sem.matrix-push-rsem
-rwxrwxr-x 1 cc cc      32 Mar 27 14:53 sem.matrix-push-wsem
 === clean up ===
total 0
total 0
 === done ===
 *============== Launching remote tsd at 10 =============* 
 ====== tsd launch complete. You have 1 tsd instance. ====== 
cc        88455  0.0  0.0 144504  7148 ?        Sl   14:55   0:00 /home/cc/Synergy4/s4c00/cmake-build-debug/sng_tsd /home/cc/Synergy4/s4c00/etc/sng10.json /home/cc/Synergy4/s4c00/etc/synergy-log.conf
cc        88457  0.0  0.0  12944  1028 ?        S    14:55   0:00 grep sng_tsd
 ============================================================ 
 === before clean up === 
~~~~~~ ls -l /tmp
total 12
-rw------- 1 cc cc 3027 Mar 27 14:55 synergy4_p2pmd_87170.log
-rw------- 1 cc cc  772 Mar 27 14:53 synergy4_parser_87170.log
-rw------- 1 cc cc 3973 Mar 27 14:54 synergy4_tsd_87170.log
srwxrwxr-x 1 cc cc    0 Mar 27 14:53 tsd1
~~~~~~ ls -l /dev/shm
total 16
-rwxrwxr-x 1 cc cc 4000000 Mar 27 14:53 matrix-pull
-rwxrwxr-x 1 cc cc 4000000 Mar 27 14:53 matrix-push
-rwxrwxr-x 1 cc cc      32 Mar 27 14:53 sem.matrix-pull-rsem
-rwxrwxr-x 1 cc cc      32 Mar 27 14:53 sem.matrix-pull-wsem
-rwxrwxr-x 1 cc cc      32 Mar 27 14:53 sem.matrix-push-rsem
-rwxrwxr-x 1 cc cc      32 Mar 27 14:53 sem.matrix-push-wsem
 === clean up ===
total 0
total 0
 === done ===
 *============== Launching remote tsd at 11 =============* 
 ====== tsd launch complete. You have 1 tsd instance. ====== 
cc        87777  0.0  0.0 144504  4948 ?        Sl   14:55   0:00 /home/cc/Synergy4/s4c00/cmake-build-debug/sng_tsd /home/cc/Synergy4/s4c00/etc/sng11.json /home/cc/Synergy4/s4c00/etc/synergy-log.conf
cc        87779  0.0  0.0  12944  1084 ?        S    14:55   0:00 grep sng_tsd
 ============================================================ 
 === before clean up === 
~~~~~~ ls -l /tmp
total 12
-rw------- 1 cc cc 3026 Mar 27 14:55 synergy4_p2pmd_87755.log
-rw------- 1 cc cc  770 Mar 27 14:53 synergy4_parser_87755.log
-rw------- 1 cc cc 3973 Mar 27 14:54 synergy4_tsd_87755.log
srwxrwxr-x 1 cc cc    0 Mar 27 14:53 tsd1
~~~~~~ ls -l /dev/shm
total 16
-rwxrwxr-x 1 cc cc 4000000 Mar 27 14:53 matrix-pull
-rwxrwxr-x 1 cc cc 4000000 Mar 27 14:53 matrix-push
-rwxrwxr-x 1 cc cc      32 Mar 27 14:53 sem.matrix-pull-rsem
-rwxrwxr-x 1 cc cc      32 Mar 27 14:53 sem.matrix-pull-wsem
-rwxrwxr-x 1 cc cc      32 Mar 27 14:53 sem.matrix-push-rsem
-rwxrwxr-x 1 cc cc      32 Mar 27 14:53 sem.matrix-push-wsem
 === clean up ===
total 0
total 0
 === done ===
 *============== Launching remote tsd at 12 =============* 
 ====== tsd launch complete. You have 1 tsd instance. ====== 
cc        88364  0.0  0.0 144504  7064 ?        Sl   14:55   0:00 /home/cc/Synergy4/s4c00/cmake-build-debug/sng_tsd /home/cc/Synergy4/s4c00/etc/sng12.json /home/cc/Synergy4/s4c00/etc/synergy-log.conf
cc        88366  0.0  0.0  12944   980 ?        S    14:55   0:00 grep sng_tsd
 ============================================================ 
