 === before clean up === 
~~~~~~ ls -l /tmp
total 1440
-rw------- 1 cc cc 588408 Mar 27 06:50 synergy4_96270.log
-rw------- 1 cc cc  13740 Mar 27 06:50 synergy4_p2pmd_96270.log
-rw------- 1 cc cc    768 Mar 27 06:48 synergy4_parser_96270.log
-rw------- 1 cc cc 861861 Mar 27 06:50 synergy4_tsd_96270.log
srwxrwxr-x 1 cc cc      0 Mar 27 06:48 tsd1
~~~~~~ ls -l /dev/shm
total 7832
-rwxrwxr-x 1 cc cc 4000000 Mar 27 06:49 matrix-pull
-rwxrwxr-x 1 cc cc 4000000 Mar 27 06:49 matrix-push
-rwxrwxr-x 1 cc cc      32 Mar 27 06:48 sem.matrix-pull-rsem
-rwxrwxr-x 1 cc cc      32 Mar 27 06:48 sem.matrix-pull-wsem
-rwxrwxr-x 1 cc cc      32 Mar 27 06:48 sem.matrix-push-rsem
-rwxrwxr-x 1 cc cc      32 Mar 27 06:48 sem.matrix-push-wsem
 === clean up ===
total 0
total 0
 === done ===
 *============== Launching remote tsd at 1 =============* 
 ====== tsd launch complete. You have 1 tsd instance. ====== 
cc        96885  0.0  0.0 144504  7160 ?        Sl   06:50   0:00 /home/cc/Synergy4/s4c00/cmake-build-debug/sng_tsd /home/cc/Synergy4/s4c00/etc/sng1.json /home/cc/Synergy4/s4c00/etc/synergy-log.conf
cc        96887  0.0  0.0  12944   988 ?        S    06:50   0:00 grep sng_tsd
 ============================================================ 
 === before clean up === 
~~~~~~ ls -l /tmp
total 36
-rw------- 1 cc cc 20404 Mar 27 06:50 synergy4_p2pmd_84313.log
-rw------- 1 cc cc   768 Mar 27 06:48 synergy4_parser_84313.log
-rw------- 1 cc cc 11010 Mar 27 06:50 synergy4_tsd_84313.log
srwxrwxr-x 1 cc cc     0 Mar 27 06:48 tsd1
~~~~~~ ls -l /dev/shm
total 16
-rwxrwxr-x 1 cc cc 4000000 Mar 27 06:48 matrix-pull
-rwxrwxr-x 1 cc cc 4000000 Mar 27 06:48 matrix-push
-rwxrwxr-x 1 cc cc      32 Mar 27 06:48 sem.matrix-pull-rsem
-rwxrwxr-x 1 cc cc      32 Mar 27 06:48 sem.matrix-pull-wsem
-rwxrwxr-x 1 cc cc      32 Mar 27 06:48 sem.matrix-push-rsem
-rwxrwxr-x 1 cc cc      32 Mar 27 06:48 sem.matrix-push-wsem
 === clean up ===
total 0
total 0
 === done ===
 *============== Launching remote tsd at 2 =============* 
 ====== tsd launch complete. You have 1 tsd instance. ====== 
cc        85091  0.0  0.0 144504  7148 ?        Sl   06:50   0:00 /home/cc/Synergy4/s4c00/cmake-build-debug/sng_tsd /home/cc/Synergy4/s4c00/etc/sng2.json /home/cc/Synergy4/s4c00/etc/synergy-log.conf
cc        85093  0.0  0.0  12944  1012 ?        S    06:50   0:00 grep sng_tsd
 ============================================================ 
 === before clean up === 
~~~~~~ ls -l /tmp
total 36
-rw------- 1 cc cc 17191 Mar 27 06:50 synergy4_p2pmd_83656.log
-rw------- 1 cc cc   764 Mar 27 06:48 synergy4_parser_83656.log
-rw------- 1 cc cc 11010 Mar 27 06:50 synergy4_tsd_83656.log
srwxrwxr-x 1 cc cc     0 Mar 27 06:48 tsd1
~~~~~~ ls -l /dev/shm
total 16
-rwxrwxr-x 1 cc cc 4000000 Mar 27 06:48 matrix-pull
-rwxrwxr-x 1 cc cc 4000000 Mar 27 06:48 matrix-push
-rwxrwxr-x 1 cc cc      32 Mar 27 06:48 sem.matrix-pull-rsem
-rwxrwxr-x 1 cc cc      32 Mar 27 06:48 sem.matrix-pull-wsem
-rwxrwxr-x 1 cc cc      32 Mar 27 06:48 sem.matrix-push-rsem
-rwxrwxr-x 1 cc cc      32 Mar 27 06:48 sem.matrix-push-wsem
 === clean up ===
total 0
total 0
 === done ===
 *============== Launching remote tsd at 3 =============* 
 ====== tsd launch complete. You have 1 tsd instance. ====== 
cc        84439  0.0  0.0 144504  4988 ?        Sl   06:50   0:00 /home/cc/Synergy4/s4c00/cmake-build-debug/sng_tsd /home/cc/Synergy4/s4c00/etc/sng3.json /home/cc/Synergy4/s4c00/etc/synergy-log.conf
cc        84441  0.0  0.0  12944   940 ?        S    06:50   0:00 grep sng_tsd
 ============================================================ 
 === before clean up === 
~~~~~~ ls -l /tmp
total 16
-rw------- 1 cc cc 2613 Mar 27 06:50 synergy4_p2pmd_67335.log
-rw------- 1 cc cc  768 Mar 27 06:48 synergy4_parser_67335.log
-rw------- 1 cc cc 5617 Mar 27 06:49 synergy4_tsd_67335.log
srwxrwxr-x 1 cc cc    0 Mar 27 06:48 tsd1
~~~~~~ ls -l /dev/shm
total 16
-rwxrwxr-x 1 cc cc 4000000 Mar 27 06:48 matrix-pull
-rwxrwxr-x 1 cc cc 4000000 Mar 27 06:48 matrix-push
-rwxrwxr-x 1 cc cc      32 Mar 27 06:48 sem.matrix-pull-rsem
-rwxrwxr-x 1 cc cc      32 Mar 27 06:48 sem.matrix-pull-wsem
-rwxrwxr-x 1 cc cc      32 Mar 27 06:48 sem.matrix-push-rsem
-rwxrwxr-x 1 cc cc      32 Mar 27 06:48 sem.matrix-push-wsem
 === clean up ===
total 0
total 0
 === done ===
 *============== Launching remote tsd at 4 =============* 
 ====== tsd launch complete. You have 1 tsd instance. ====== 
cc        68110  0.0  0.0 144504  7096 ?        Sl   06:50   0:00 /home/cc/Synergy4/s4c00/cmake-build-debug/sng_tsd /home/cc/Synergy4/s4c00/etc/sng4.json /home/cc/Synergy4/s4c00/etc/synergy-log.conf
cc        68112  0.0  0.0  12944  1012 ?        S    06:50   0:00 grep sng_tsd
 ============================================================ 
 === before clean up === 
~~~~~~ ls -l /tmp
total 16
-rw------- 1 cc cc 2613 Mar 27 06:50 synergy4_p2pmd_66186.log
-rw------- 1 cc cc  768 Mar 27 06:48 synergy4_parser_66186.log
-rw------- 1 cc cc 5617 Mar 27 06:49 synergy4_tsd_66186.log
srwxrwxr-x 1 cc cc    0 Mar 27 06:48 tsd1
~~~~~~ ls -l /dev/shm
total 16
-rwxrwxr-x 1 cc cc 4000000 Mar 27 06:48 matrix-pull
-rwxrwxr-x 1 cc cc 4000000 Mar 27 06:48 matrix-push
-rwxrwxr-x 1 cc cc      32 Mar 27 06:48 sem.matrix-pull-rsem
-rwxrwxr-x 1 cc cc      32 Mar 27 06:48 sem.matrix-pull-wsem
-rwxrwxr-x 1 cc cc      32 Mar 27 06:48 sem.matrix-push-rsem
-rwxrwxr-x 1 cc cc      32 Mar 27 06:48 sem.matrix-push-wsem
 === clean up ===
total 0
total 0
 === done ===
 *============== Launching remote tsd at 5 =============* 
 ====== tsd launch complete. You have 1 tsd instance. ====== 
cc        66966  0.0  0.0 144504  5016 ?        Sl   06:50   0:00 /home/cc/Synergy4/s4c00/cmake-build-debug/sng_tsd /home/cc/Synergy4/s4c00/etc/sng5.json /home/cc/Synergy4/s4c00/etc/synergy-log.conf
cc        66968  0.0  0.0  12944   968 ?        S    06:50   0:00 grep sng_tsd
 ============================================================ 
 === before clean up === 
~~~~~~ ls -l /tmp
total 20
-rw------- 1 cc cc 4416 Mar 27 06:50 synergy4_p2pmd_65875.log
-rw------- 1 cc cc  768 Mar 27 06:48 synergy4_parser_65875.log
-rw------- 1 cc cc 5617 Mar 27 06:49 synergy4_tsd_65875.log
srwxrwxr-x 1 cc cc    0 Mar 27 06:48 tsd1
~~~~~~ ls -l /dev/shm
total 16
-rwxrwxr-x 1 cc cc 4000000 Mar 27 06:48 matrix-pull
-rwxrwxr-x 1 cc cc 4000000 Mar 27 06:48 matrix-push
-rwxrwxr-x 1 cc cc      32 Mar 27 06:48 sem.matrix-pull-rsem
-rwxrwxr-x 1 cc cc      32 Mar 27 06:48 sem.matrix-pull-wsem
-rwxrwxr-x 1 cc cc      32 Mar 27 06:48 sem.matrix-push-rsem
-rwxrwxr-x 1 cc cc      32 Mar 27 06:48 sem.matrix-push-wsem
 === clean up ===
total 0
total 0
 === done ===
 *============== Launching remote tsd at 6 =============* 
 ====== tsd launch complete. You have 1 tsd instance. ====== 
cc        66649  0.0  0.0 144504  4944 ?        Sl   06:50   0:00 /home/cc/Synergy4/s4c00/cmake-build-debug/sng_tsd /home/cc/Synergy4/s4c00/etc/sng6.json /home/cc/Synergy4/s4c00/etc/synergy-log.conf
cc        66651  0.0  0.0  12944   980 ?        S    06:50   0:00 grep sng_tsd
 ============================================================ 
 === before clean up === 
~~~~~~ ls -l /tmp
total 16
-rw------- 1 cc cc 2716 Mar 27 06:50 synergy4_p2pmd_61580.log
-rw------- 1 cc cc  768 Mar 27 06:48 synergy4_parser_61580.log
-rw------- 1 cc cc 5617 Mar 27 06:49 synergy4_tsd_61580.log
srwxrwxr-x 1 cc cc    0 Mar 27 06:48 tsd1
~~~~~~ ls -l /dev/shm
total 16
-rwxrwxr-x 1 cc cc 4000000 Mar 27 06:48 matrix-pull
-rwxrwxr-x 1 cc cc 4000000 Mar 27 06:48 matrix-push
-rwxrwxr-x 1 cc cc      32 Mar 27 06:48 sem.matrix-pull-rsem
-rwxrwxr-x 1 cc cc      32 Mar 27 06:48 sem.matrix-pull-wsem
-rwxrwxr-x 1 cc cc      32 Mar 27 06:48 sem.matrix-push-rsem
-rwxrwxr-x 1 cc cc      32 Mar 27 06:48 sem.matrix-push-wsem
 === clean up ===
total 0
total 0
 === done ===
 *============== Launching remote tsd at 7 =============* 
 ====== tsd launch complete. You have 1 tsd instance. ====== 
cc        62360  0.0  0.0 144504  7044 ?        Sl   06:50   0:00 /home/cc/Synergy4/s4c00/cmake-build-debug/sng_tsd /home/cc/Synergy4/s4c00/etc/sng7.json /home/cc/Synergy4/s4c00/etc/synergy-log.conf
cc        62362  0.0  0.0  12944   936 ?        S    06:50   0:00 grep sng_tsd
 ============================================================ 
 === before clean up === 
~~~~~~ ls -l /tmp
total 16
-rw------- 1 cc cc 2716 Mar 27 06:50 synergy4_p2pmd_62029.log
-rw------- 1 cc cc  768 Mar 27 06:48 synergy4_parser_62029.log
-rw------- 1 cc cc 5617 Mar 27 06:49 synergy4_tsd_62029.log
srwxrwxr-x 1 cc cc    0 Mar 27 06:48 tsd1
~~~~~~ ls -l /dev/shm
total 16
-rwxrwxr-x 1 cc cc 4000000 Mar 27 06:48 matrix-pull
-rwxrwxr-x 1 cc cc 4000000 Mar 27 06:48 matrix-push
-rwxrwxr-x 1 cc cc      32 Mar 27 06:48 sem.matrix-pull-rsem
-rwxrwxr-x 1 cc cc      32 Mar 27 06:48 sem.matrix-pull-wsem
-rwxrwxr-x 1 cc cc      32 Mar 27 06:48 sem.matrix-push-rsem
-rwxrwxr-x 1 cc cc      32 Mar 27 06:48 sem.matrix-push-wsem
 === clean up ===
total 0
total 0
 === done ===
 *============== Launching remote tsd at 8 =============* 
 ====== tsd launch complete. You have 1 tsd instance. ====== 
cc        62803  0.0  0.0 144504  5012 ?        Sl   06:50   0:00 /home/cc/Synergy4/s4c00/cmake-build-debug/sng_tsd /home/cc/Synergy4/s4c00/etc/sng8.json /home/cc/Synergy4/s4c00/etc/synergy-log.conf
cc        62805  0.0  0.0  12944   972 ?        S    06:50   0:00 grep sng_tsd
 ============================================================ 
