 === before clean up === 
~~~~~~ ls -l /tmp
total 1724
-rw------- 1 cc cc 1348568 Mar 27 17:28 synergy4_150514.log
-rw------- 1 cc cc   26444 Mar 27 17:28 synergy4_p2pmd_150514.log
-rw------- 1 cc cc     768 Mar 27 17:24 synergy4_parser_150514.log
-rw------- 1 cc cc  375851 Mar 27 17:28 synergy4_tsd_150514.log
srwxrwxr-x 1 cc cc       0 Mar 27 17:24 tsd1
~~~~~~ ls -l /dev/shm
total 7832
-rwxrwxr-x 1 cc cc 4000000 Mar 27 17:26 matrix-pull
-rwxrwxr-x 1 cc cc 4000000 Mar 27 17:26 matrix-push
-rwxrwxr-x 1 cc cc      32 Mar 27 17:24 sem.matrix-pull-rsem
-rwxrwxr-x 1 cc cc      32 Mar 27 17:24 sem.matrix-pull-wsem
-rwxrwxr-x 1 cc cc      32 Mar 27 17:24 sem.matrix-push-rsem
-rwxrwxr-x 1 cc cc      32 Mar 27 17:24 sem.matrix-push-wsem
 === clean up ===
total 0
total 0
 === done ===
 *============== Launching remote tsd at 1 =============* 
 ====== tsd launch complete. You have 1 tsd instance. ====== 
cc       151057  0.0  0.0 144504  6988 ?        Sl   17:28   0:00 /home/cc/Synergy4/s4c00/cmake-build-debug/sng_tsd /home/cc/Synergy4/s4c00/etc/sng1.json /home/cc/Synergy4/s4c00/etc/synergy-log.conf
cc       151059  0.0  0.0  12944  1012 ?        S    17:28   0:00 grep sng_tsd
 ============================================================ 
 === before clean up === 
~~~~~~ ls -l /tmp
total 48
-rw------- 1 cc cc 30432 Mar 27 17:28 synergy4_p2pmd_141776.log
-rw------- 1 cc cc   768 Mar 27 17:24 synergy4_parser_141776.log
-rw------- 1 cc cc  7107 Mar 27 17:28 synergy4_tsd_141776.log
srwxrwxr-x 1 cc cc     0 Mar 27 17:24 tsd1
~~~~~~ ls -l /dev/shm
total 16
-rwxrwxr-x 1 cc cc 4000000 Mar 27 17:24 matrix-pull
-rwxrwxr-x 1 cc cc 4000000 Mar 27 17:24 matrix-push
-rwxrwxr-x 1 cc cc      32 Mar 27 17:24 sem.matrix-pull-rsem
-rwxrwxr-x 1 cc cc      32 Mar 27 17:24 sem.matrix-pull-wsem
-rwxrwxr-x 1 cc cc      32 Mar 27 17:24 sem.matrix-push-rsem
-rwxrwxr-x 1 cc cc      32 Mar 27 17:24 sem.matrix-push-wsem
 === clean up ===
total 0
total 0
 === done ===
 *============== Launching remote tsd at 2 =============* 
 ====== tsd launch complete. You have 1 tsd instance. ====== 
cc       142372  0.0  0.0 144504  7032 ?        Sl   17:28   0:00 /home/cc/Synergy4/s4c00/cmake-build-debug/sng_tsd /home/cc/Synergy4/s4c00/etc/sng2.json /home/cc/Synergy4/s4c00/etc/synergy-log.conf
cc       142374  0.0  0.0  12944   984 ?        S    17:28   0:00 grep sng_tsd
 ============================================================ 
 === before clean up === 
~~~~~~ ls -l /tmp
total 40
-rw------- 1 cc cc 23256 Mar 27 17:28 synergy4_p2pmd_141076.log
-rw------- 1 cc cc   764 Mar 27 17:24 synergy4_parser_141076.log
-rw------- 1 cc cc  7107 Mar 27 17:28 synergy4_tsd_141076.log
srwxrwxr-x 1 cc cc     0 Mar 27 17:24 tsd1
~~~~~~ ls -l /dev/shm
total 16
-rwxrwxr-x 1 cc cc 4000000 Mar 27 17:24 matrix-pull
-rwxrwxr-x 1 cc cc 4000000 Mar 27 17:24 matrix-push
-rwxrwxr-x 1 cc cc      32 Mar 27 17:24 sem.matrix-pull-rsem
-rwxrwxr-x 1 cc cc      32 Mar 27 17:24 sem.matrix-pull-wsem
-rwxrwxr-x 1 cc cc      32 Mar 27 17:24 sem.matrix-push-rsem
-rwxrwxr-x 1 cc cc      32 Mar 27 17:24 sem.matrix-push-wsem
 === clean up ===
total 0
total 0
 === done ===
 *============== Launching remote tsd at 3 =============* 
 ====== tsd launch complete. You have 1 tsd instance. ====== 
cc       141676  0.0  0.0 144504  6992 ?        Sl   17:28   0:00 /home/cc/Synergy4/s4c00/cmake-build-debug/sng_tsd /home/cc/Synergy4/s4c00/etc/sng3.json /home/cc/Synergy4/s4c00/etc/synergy-log.conf
cc       141678  0.0  0.0  12944  1012 ?        S    17:28   0:00 grep sng_tsd
 ============================================================ 
 === before clean up === 
~~~~~~ ls -l /tmp
total 16
-rw------- 1 cc cc 5648 Mar 27 17:28 synergy4_p2pmd_125060.log
-rw------- 1 cc cc  768 Mar 27 17:24 synergy4_parser_125060.log
-rw------- 1 cc cc 4009 Mar 27 17:26 synergy4_tsd_125060.log
srwxrwxr-x 1 cc cc    0 Mar 27 17:24 tsd1
~~~~~~ ls -l /dev/shm
total 16
-rwxrwxr-x 1 cc cc 4000000 Mar 27 17:24 matrix-pull
-rwxrwxr-x 1 cc cc 4000000 Mar 27 17:24 matrix-push
-rwxrwxr-x 1 cc cc      32 Mar 27 17:24 sem.matrix-pull-rsem
-rwxrwxr-x 1 cc cc      32 Mar 27 17:24 sem.matrix-pull-wsem
-rwxrwxr-x 1 cc cc      32 Mar 27 17:24 sem.matrix-push-rsem
-rwxrwxr-x 1 cc cc      32 Mar 27 17:24 sem.matrix-push-wsem
 === clean up ===
total 0
total 0
 === done ===
 *============== Launching remote tsd at 4 =============* 
 ====== tsd launch complete. You have 1 tsd instance. ====== 
cc       125657  0.0  0.0 144504  4948 ?        Sl   17:28   0:00 /home/cc/Synergy4/s4c00/cmake-build-debug/sng_tsd /home/cc/Synergy4/s4c00/etc/sng4.json /home/cc/Synergy4/s4c00/etc/synergy-log.conf
cc       125659  0.0  0.0  12944   900 ?        S    17:28   0:00 grep sng_tsd
 ============================================================ 
 === before clean up === 
~~~~~~ ls -l /tmp
total 16
-rw------- 1 cc cc 5446 Mar 27 17:28 synergy4_p2pmd_123825.log
-rw------- 1 cc cc  768 Mar 27 17:24 synergy4_parser_123825.log
-rw------- 1 cc cc 4009 Mar 27 17:26 synergy4_tsd_123825.log
srwxrwxr-x 1 cc cc    0 Mar 27 17:24 tsd1
~~~~~~ ls -l /dev/shm
total 16
-rwxrwxr-x 1 cc cc 4000000 Mar 27 17:24 matrix-pull
-rwxrwxr-x 1 cc cc 4000000 Mar 27 17:24 matrix-push
-rwxrwxr-x 1 cc cc      32 Mar 27 17:24 sem.matrix-pull-rsem
-rwxrwxr-x 1 cc cc      32 Mar 27 17:24 sem.matrix-pull-wsem
-rwxrwxr-x 1 cc cc      32 Mar 27 17:24 sem.matrix-push-rsem
-rwxrwxr-x 1 cc cc      32 Mar 27 17:24 sem.matrix-push-wsem
 === clean up ===
total 0
total 0
 === done ===
 *============== Launching remote tsd at 5 =============* 
 ====== tsd launch complete. You have 1 tsd instance. ====== 
cc       124418  0.0  0.0 144504  5016 ?        Sl   17:28   0:00 /home/cc/Synergy4/s4c00/cmake-build-debug/sng_tsd /home/cc/Synergy4/s4c00/etc/sng5.json /home/cc/Synergy4/s4c00/etc/synergy-log.conf
cc       124420  0.0  0.0  12944   968 ?        S    17:28   0:00 grep sng_tsd
 ============================================================ 
 === before clean up === 
~~~~~~ ls -l /tmp
total 16
-rw------- 1 cc cc 5446 Mar 27 17:28 synergy4_p2pmd_123585.log
-rw------- 1 cc cc  768 Mar 27 17:24 synergy4_parser_123585.log
-rw------- 1 cc cc 4009 Mar 27 17:26 synergy4_tsd_123585.log
srwxrwxr-x 1 cc cc    0 Mar 27 17:24 tsd1
~~~~~~ ls -l /dev/shm
total 16
-rwxrwxr-x 1 cc cc 4000000 Mar 27 17:24 matrix-pull
-rwxrwxr-x 1 cc cc 4000000 Mar 27 17:24 matrix-push
-rwxrwxr-x 1 cc cc      32 Mar 27 17:24 sem.matrix-pull-rsem
-rwxrwxr-x 1 cc cc      32 Mar 27 17:24 sem.matrix-pull-wsem
-rwxrwxr-x 1 cc cc      32 Mar 27 17:24 sem.matrix-push-rsem
-rwxrwxr-x 1 cc cc      32 Mar 27 17:24 sem.matrix-push-wsem
 === clean up ===
total 0
total 0
 === done ===
 *============== Launching remote tsd at 6 =============* 
 ====== tsd launch complete. You have 1 tsd instance. ====== 
cc       124183  0.0  0.0 144504  5012 ?        Sl   17:28   0:00 /home/cc/Synergy4/s4c00/cmake-build-debug/sng_tsd /home/cc/Synergy4/s4c00/etc/sng6.json /home/cc/Synergy4/s4c00/etc/synergy-log.conf
cc       124185  0.0  0.0  12944  1020 ?        S    17:28   0:00 grep sng_tsd
 ============================================================ 
 === before clean up === 
~~~~~~ ls -l /tmp
total 16
-rw------- 1 cc cc 5550 Mar 27 17:28 synergy4_p2pmd_119243.log
-rw------- 1 cc cc  768 Mar 27 17:24 synergy4_parser_119243.log
-rw------- 1 cc cc 4009 Mar 27 17:26 synergy4_tsd_119243.log
srwxrwxr-x 1 cc cc    0 Mar 27 17:24 tsd1
~~~~~~ ls -l /dev/shm
total 16
-rwxrwxr-x 1 cc cc 4000000 Mar 27 17:24 matrix-pull
-rwxrwxr-x 1 cc cc 4000000 Mar 27 17:24 matrix-push
-rwxrwxr-x 1 cc cc      32 Mar 27 17:24 sem.matrix-pull-rsem
-rwxrwxr-x 1 cc cc      32 Mar 27 17:24 sem.matrix-pull-wsem
-rwxrwxr-x 1 cc cc      32 Mar 27 17:24 sem.matrix-push-rsem
-rwxrwxr-x 1 cc cc      32 Mar 27 17:24 sem.matrix-push-wsem
 === clean up ===
total 0
total 0
 === done ===
 *============== Launching remote tsd at 7 =============* 
 ====== tsd launch complete. You have 1 tsd instance. ====== 
cc       119838  0.0  0.0 144504  5052 ?        Sl   17:28   0:00 /home/cc/Synergy4/s4c00/cmake-build-debug/sng_tsd /home/cc/Synergy4/s4c00/etc/sng7.json /home/cc/Synergy4/s4c00/etc/synergy-log.conf
cc       119840  0.0  0.0  12944   936 ?        S    17:28   0:00 grep sng_tsd
 ============================================================ 
 === before clean up === 
~~~~~~ ls -l /tmp
total 16
-rw------- 1 cc cc 5550 Mar 27 17:28 synergy4_p2pmd_119435.log
-rw------- 1 cc cc  768 Mar 27 17:24 synergy4_parser_119435.log
-rw------- 1 cc cc 4009 Mar 27 17:26 synergy4_tsd_119435.log
srwxrwxr-x 1 cc cc    0 Mar 27 17:24 tsd1
~~~~~~ ls -l /dev/shm
total 16
-rwxrwxr-x 1 cc cc 4000000 Mar 27 17:24 matrix-pull
-rwxrwxr-x 1 cc cc 4000000 Mar 27 17:24 matrix-push
-rwxrwxr-x 1 cc cc      32 Mar 27 17:24 sem.matrix-pull-rsem
-rwxrwxr-x 1 cc cc      32 Mar 27 17:24 sem.matrix-pull-wsem
-rwxrwxr-x 1 cc cc      32 Mar 27 17:24 sem.matrix-push-rsem
-rwxrwxr-x 1 cc cc      32 Mar 27 17:24 sem.matrix-push-wsem
 === clean up ===
total 0
total 0
 === done ===
 *============== Launching remote tsd at 8 =============* 
 ====== tsd launch complete. You have 1 tsd instance. ====== 
cc       120036  0.0  0.0 144504  4944 ?        Sl   17:28   0:00 /home/cc/Synergy4/s4c00/cmake-build-debug/sng_tsd /home/cc/Synergy4/s4c00/etc/sng8.json /home/cc/Synergy4/s4c00/etc/synergy-log.conf
cc       120038  0.0  0.0  12944   940 ?        S    17:28   0:00 grep sng_tsd
 ============================================================ 
 === before clean up === 
~~~~~~ ls -l /tmp
total 16
-rw------- 1 cc cc 5551 Mar 27 17:28 synergy4_p2pmd_113074.log
-rw------- 1 cc cc  770 Mar 27 17:24 synergy4_parser_113074.log
-rw------- 1 cc cc 4009 Mar 27 17:26 synergy4_tsd_113074.log
srwxrwxr-x 1 cc cc    0 Mar 27 17:24 tsd1
~~~~~~ ls -l /dev/shm
total 16
-rwxrwxr-x 1 cc cc 4000000 Mar 27 17:24 matrix-pull
-rwxrwxr-x 1 cc cc 4000000 Mar 27 17:24 matrix-push
-rwxrwxr-x 1 cc cc      32 Mar 27 17:24 sem.matrix-pull-rsem
-rwxrwxr-x 1 cc cc      32 Mar 27 17:24 sem.matrix-pull-wsem
-rwxrwxr-x 1 cc cc      32 Mar 27 17:24 sem.matrix-push-rsem
-rwxrwxr-x 1 cc cc      32 Mar 27 17:24 sem.matrix-push-wsem
 === clean up ===
total 0
total 0
 === done ===
 *============== Launching remote tsd at 9 =============* 
 ====== tsd launch complete. You have 1 tsd instance. ====== 
cc       113676  0.0  0.0 144504  5040 ?        Sl   17:28   0:00 /home/cc/Synergy4/s4c00/cmake-build-debug/sng_tsd /home/cc/Synergy4/s4c00/etc/sng9.json /home/cc/Synergy4/s4c00/etc/synergy-log.conf
cc       113678  0.0  0.0  12944  1092 ?        S    17:28   0:00 grep sng_tsd
 ============================================================ 
 === before clean up === 
~~~~~~ ls -l /tmp
total 16
-rw------- 1 cc cc 5551 Mar 27 17:28 synergy4_p2pmd_114090.log
-rw------- 1 cc cc  770 Mar 27 17:24 synergy4_parser_114090.log
-rw------- 1 cc cc 4009 Mar 27 17:26 synergy4_tsd_114090.log
srwxrwxr-x 1 cc cc    0 Mar 27 17:24 tsd1
~~~~~~ ls -l /dev/shm
total 16
-rwxrwxr-x 1 cc cc 4000000 Mar 27 17:24 matrix-pull
-rwxrwxr-x 1 cc cc 4000000 Mar 27 17:24 matrix-push
-rwxrwxr-x 1 cc cc      32 Mar 27 17:24 sem.matrix-pull-rsem
-rwxrwxr-x 1 cc cc      32 Mar 27 17:24 sem.matrix-pull-wsem
-rwxrwxr-x 1 cc cc      32 Mar 27 17:24 sem.matrix-push-rsem
-rwxrwxr-x 1 cc cc      32 Mar 27 17:24 sem.matrix-push-wsem
 === clean up ===
total 0
total 0
 === done ===
 *============== Launching remote tsd at 10 =============* 
 ====== tsd launch complete. You have 1 tsd instance. ====== 
cc       114690  0.0  0.0 144504  7068 ?        Sl   17:28   0:00 /home/cc/Synergy4/s4c00/cmake-build-debug/sng_tsd /home/cc/Synergy4/s4c00/etc/sng10.json /home/cc/Synergy4/s4c00/etc/synergy-log.conf
cc       114692  0.0  0.0  12944   924 ?        S    17:28   0:00 grep sng_tsd
 ============================================================ 
 === before clean up === 
~~~~~~ ls -l /tmp
total 16
-rw------- 1 cc cc 5552 Mar 27 17:28 synergy4_p2pmd_113413.log
-rw------- 1 cc cc  772 Mar 27 17:24 synergy4_parser_113413.log
-rw------- 1 cc cc 4009 Mar 27 17:26 synergy4_tsd_113413.log
srwxrwxr-x 1 cc cc    0 Mar 27 17:24 tsd1
~~~~~~ ls -l /dev/shm
total 16
-rwxrwxr-x 1 cc cc 4000000 Mar 27 17:24 matrix-pull
-rwxrwxr-x 1 cc cc 4000000 Mar 27 17:24 matrix-push
-rwxrwxr-x 1 cc cc      32 Mar 27 17:24 sem.matrix-pull-rsem
-rwxrwxr-x 1 cc cc      32 Mar 27 17:24 sem.matrix-pull-wsem
-rwxrwxr-x 1 cc cc      32 Mar 27 17:24 sem.matrix-push-rsem
-rwxrwxr-x 1 cc cc      32 Mar 27 17:24 sem.matrix-push-wsem
 === clean up ===
total 0
total 0
 === done ===
 *============== Launching remote tsd at 11 =============* 
 ====== tsd launch complete. You have 1 tsd instance. ====== 
cc       114019  0.0  0.0 144504  7060 ?        Sl   17:28   0:00 /home/cc/Synergy4/s4c00/cmake-build-debug/sng_tsd /home/cc/Synergy4/s4c00/etc/sng11.json /home/cc/Synergy4/s4c00/etc/synergy-log.conf
cc       114021  0.0  0.0  12944  1084 ?        S    17:28   0:00 grep sng_tsd
 ============================================================ 
 === before clean up === 
~~~~~~ ls -l /tmp
total 16
-rw------- 1 cc cc 5551 Mar 27 17:28 synergy4_p2pmd_113964.log
-rw------- 1 cc cc  770 Mar 27 17:24 synergy4_parser_113964.log
-rw------- 1 cc cc 4009 Mar 27 17:26 synergy4_tsd_113964.log
srwxrwxr-x 1 cc cc    0 Mar 27 17:24 tsd1
~~~~~~ ls -l /dev/shm
total 16
-rwxrwxr-x 1 cc cc 4000000 Mar 27 17:24 matrix-pull
-rwxrwxr-x 1 cc cc 4000000 Mar 27 17:24 matrix-push
-rwxrwxr-x 1 cc cc      32 Mar 27 17:24 sem.matrix-pull-rsem
-rwxrwxr-x 1 cc cc      32 Mar 27 17:24 sem.matrix-pull-wsem
-rwxrwxr-x 1 cc cc      32 Mar 27 17:24 sem.matrix-push-rsem
-rwxrwxr-x 1 cc cc      32 Mar 27 17:24 sem.matrix-push-wsem
 === clean up ===
total 0
total 0
 === done ===
 *============== Launching remote tsd at 12 =============* 
 ====== tsd launch complete. You have 1 tsd instance. ====== 
cc       114561  0.0  0.0 144504  5056 ?        Sl   17:28   0:00 /home/cc/Synergy4/s4c00/cmake-build-debug/sng_tsd /home/cc/Synergy4/s4c00/etc/sng12.json /home/cc/Synergy4/s4c00/etc/synergy-log.conf
cc       114563  0.0  0.0  12944  1088 ?        S    17:28   0:00 grep sng_tsd
 ============================================================ 
