 === before clean up === 
~~~~~~ ls -l /tmp
total 1608
-rw------- 1 cc cc 846714 Mar 27 13:25 synergy4_105127.log
-rw------- 1 cc cc  17576 Mar 27 13:25 synergy4_p2pmd_105127.log
-rw------- 1 cc cc    768 Mar 27 13:23 synergy4_parser_105127.log
-rw------- 1 cc cc 771098 Mar 27 13:25 synergy4_tsd_105127.log
srwxrwxr-x 1 cc cc      0 Mar 27 13:23 tsd1
~~~~~~ ls -l /dev/shm
total 7832
-rwxrwxr-x 1 cc cc 4000000 Mar 27 13:24 matrix-pull
-rwxrwxr-x 1 cc cc 4000000 Mar 27 13:24 matrix-push
-rwxrwxr-x 1 cc cc      32 Mar 27 13:23 sem.matrix-pull-rsem
-rwxrwxr-x 1 cc cc      32 Mar 27 13:23 sem.matrix-pull-wsem
-rwxrwxr-x 1 cc cc      32 Mar 27 13:23 sem.matrix-push-rsem
-rwxrwxr-x 1 cc cc      32 Mar 27 13:23 sem.matrix-push-wsem
 === clean up ===
total 0
total 0
 === done ===
 *============== Launching remote tsd at 1 =============* 
 ====== tsd launch complete. You have 1 tsd instance. ====== 
cc       105707  0.0  0.0 144504  6992 ?        Sl   13:25   0:00 /home/cc/Synergy4/s4c00/cmake-build-debug/sng_tsd /home/cc/Synergy4/s4c00/etc/sng1.json /home/cc/Synergy4/s4c00/etc/synergy-log.conf
cc       105709  0.0  0.0  12944   988 ?        S    13:25   0:00 grep sng_tsd
 ============================================================ 
 === before clean up === 
~~~~~~ ls -l /tmp
total 28
-rw------- 1 cc cc 14268 Mar 27 13:25 synergy4_p2pmd_93116.log
-rw------- 1 cc cc   768 Mar 27 13:23 synergy4_parser_93116.log
-rw------- 1 cc cc  7043 Mar 27 13:25 synergy4_tsd_93116.log
srwxrwxr-x 1 cc cc     0 Mar 27 13:23 tsd1
~~~~~~ ls -l /dev/shm
total 16
-rwxrwxr-x 1 cc cc 4000000 Mar 27 13:23 matrix-pull
-rwxrwxr-x 1 cc cc 4000000 Mar 27 13:23 matrix-push
-rwxrwxr-x 1 cc cc      32 Mar 27 13:23 sem.matrix-pull-rsem
-rwxrwxr-x 1 cc cc      32 Mar 27 13:23 sem.matrix-pull-wsem
-rwxrwxr-x 1 cc cc      32 Mar 27 13:23 sem.matrix-push-rsem
-rwxrwxr-x 1 cc cc      32 Mar 27 13:23 sem.matrix-push-wsem
 === clean up ===
total 0
total 0
 === done ===
 *============== Launching remote tsd at 2 =============* 
 ====== tsd launch complete. You have 1 tsd instance. ====== 
cc        93719  0.0  0.0 144504  5052 ?        Sl   13:25   0:00 /home/cc/Synergy4/s4c00/cmake-build-debug/sng_tsd /home/cc/Synergy4/s4c00/etc/sng2.json /home/cc/Synergy4/s4c00/etc/synergy-log.conf
cc        93721  0.0  0.0  12944  1016 ?        S    13:25   0:00 grep sng_tsd
 ============================================================ 
 === before clean up === 
~~~~~~ ls -l /tmp
total 24
-rw------- 1 cc cc 12163 Mar 27 13:25 synergy4_p2pmd_92401.log
-rw------- 1 cc cc   764 Mar 27 13:23 synergy4_parser_92401.log
-rw------- 1 cc cc  7043 Mar 27 13:25 synergy4_tsd_92401.log
srwxrwxr-x 1 cc cc     0 Mar 27 13:23 tsd1
~~~~~~ ls -l /dev/shm
total 16
-rwxrwxr-x 1 cc cc 4000000 Mar 27 13:23 matrix-pull
-rwxrwxr-x 1 cc cc 4000000 Mar 27 13:23 matrix-push
-rwxrwxr-x 1 cc cc      32 Mar 27 13:23 sem.matrix-pull-rsem
-rwxrwxr-x 1 cc cc      32 Mar 27 13:23 sem.matrix-pull-wsem
-rwxrwxr-x 1 cc cc      32 Mar 27 13:23 sem.matrix-push-rsem
-rwxrwxr-x 1 cc cc      32 Mar 27 13:23 sem.matrix-push-wsem
 === clean up ===
total 0
total 0
 === done ===
 *============== Launching remote tsd at 3 =============* 
 ====== tsd launch complete. You have 1 tsd instance. ====== 
cc        92998  0.0  0.0 144504  5048 ?        Sl   13:26   0:00 /home/cc/Synergy4/s4c00/cmake-build-debug/sng_tsd /home/cc/Synergy4/s4c00/etc/sng3.json /home/cc/Synergy4/s4c00/etc/synergy-log.conf
cc        93000  0.0  0.0  12944  1012 ?        S    13:26   0:00 grep sng_tsd
 ============================================================ 
 === before clean up === 
~~~~~~ ls -l /tmp
total 12
-rw------- 1 cc cc 3128 Mar 27 13:25 synergy4_p2pmd_76116.log
-rw------- 1 cc cc  768 Mar 27 13:23 synergy4_parser_76116.log
-rw------- 1 cc cc 3973 Mar 27 13:24 synergy4_tsd_76116.log
srwxrwxr-x 1 cc cc    0 Mar 27 13:23 tsd1
~~~~~~ ls -l /dev/shm
total 16
-rwxrwxr-x 1 cc cc 4000000 Mar 27 13:23 matrix-pull
-rwxrwxr-x 1 cc cc 4000000 Mar 27 13:23 matrix-push
-rwxrwxr-x 1 cc cc      32 Mar 27 13:23 sem.matrix-pull-rsem
-rwxrwxr-x 1 cc cc      32 Mar 27 13:23 sem.matrix-pull-wsem
-rwxrwxr-x 1 cc cc      32 Mar 27 13:23 sem.matrix-push-rsem
-rwxrwxr-x 1 cc cc      32 Mar 27 13:23 sem.matrix-push-wsem
 === clean up ===
total 0
total 0
 === done ===
 *============== Launching remote tsd at 4 =============* 
 ====== tsd launch complete. You have 1 tsd instance. ====== 
cc        76708  0.0  0.0 144504  7084 ?        Sl   13:26   0:00 /home/cc/Synergy4/s4c00/cmake-build-debug/sng_tsd /home/cc/Synergy4/s4c00/etc/sng4.json /home/cc/Synergy4/s4c00/etc/synergy-log.conf
cc        76710  0.0  0.0  12944  1088 ?        S    13:26   0:00 grep sng_tsd
 ============================================================ 
 === before clean up === 
~~~~~~ ls -l /tmp
total 12
-rw------- 1 cc cc 3128 Mar 27 13:25 synergy4_p2pmd_75239.log
-rw------- 1 cc cc  768 Mar 27 13:23 synergy4_parser_75239.log
-rw------- 1 cc cc 3973 Mar 27 13:24 synergy4_tsd_75239.log
srwxrwxr-x 1 cc cc    0 Mar 27 13:23 tsd1
~~~~~~ ls -l /dev/shm
total 16
-rwxrwxr-x 1 cc cc 4000000 Mar 27 13:23 matrix-pull
-rwxrwxr-x 1 cc cc 4000000 Mar 27 13:23 matrix-push
-rwxrwxr-x 1 cc cc      32 Mar 27 13:23 sem.matrix-pull-rsem
-rwxrwxr-x 1 cc cc      32 Mar 27 13:23 sem.matrix-pull-wsem
-rwxrwxr-x 1 cc cc      32 Mar 27 13:23 sem.matrix-push-rsem
-rwxrwxr-x 1 cc cc      32 Mar 27 13:23 sem.matrix-push-wsem
 === clean up ===
total 0
total 0
 === done ===
 *============== Launching remote tsd at 5 =============* 
 ====== tsd launch complete. You have 1 tsd instance. ====== 
cc        75830  0.0  0.0 144504  7032 ?        Sl   13:26   0:00 /home/cc/Synergy4/s4c00/cmake-build-debug/sng_tsd /home/cc/Synergy4/s4c00/etc/sng5.json /home/cc/Synergy4/s4c00/etc/synergy-log.conf
cc        75832  0.0  0.0  12944   924 ?        S    13:26   0:00 grep sng_tsd
 ============================================================ 
 === before clean up === 
~~~~~~ ls -l /tmp
total 12
-rw------- 1 cc cc 3128 Mar 27 13:25 synergy4_p2pmd_74930.log
-rw------- 1 cc cc  768 Mar 27 13:23 synergy4_parser_74930.log
-rw------- 1 cc cc 3973 Mar 27 13:24 synergy4_tsd_74930.log
srwxrwxr-x 1 cc cc    0 Mar 27 13:23 tsd1
~~~~~~ ls -l /dev/shm
total 16
-rwxrwxr-x 1 cc cc 4000000 Mar 27 13:23 matrix-pull
-rwxrwxr-x 1 cc cc 4000000 Mar 27 13:23 matrix-push
-rwxrwxr-x 1 cc cc      32 Mar 27 13:23 sem.matrix-pull-rsem
-rwxrwxr-x 1 cc cc      32 Mar 27 13:23 sem.matrix-pull-wsem
-rwxrwxr-x 1 cc cc      32 Mar 27 13:23 sem.matrix-push-rsem
-rwxrwxr-x 1 cc cc      32 Mar 27 13:23 sem.matrix-push-wsem
 === clean up ===
total 0
total 0
 === done ===
 *============== Launching remote tsd at 6 =============* 
 ====== tsd launch complete. You have 1 tsd instance. ====== 
cc        75516  0.0  0.0 144504  4980 ?        Sl   13:26   0:00 /home/cc/Synergy4/s4c00/cmake-build-debug/sng_tsd /home/cc/Synergy4/s4c00/etc/sng6.json /home/cc/Synergy4/s4c00/etc/synergy-log.conf
cc        75518  0.0  0.0  12944  1008 ?        S    13:26   0:00 grep sng_tsd
 ============================================================ 
 === before clean up === 
~~~~~~ ls -l /tmp
total 12
-rw------- 1 cc cc 3128 Mar 27 13:25 synergy4_p2pmd_70334.log
-rw------- 1 cc cc  768 Mar 27 13:23 synergy4_parser_70334.log
-rw------- 1 cc cc 3973 Mar 27 13:24 synergy4_tsd_70334.log
srwxrwxr-x 1 cc cc    0 Mar 27 13:23 tsd1
~~~~~~ ls -l /dev/shm
total 16
-rwxrwxr-x 1 cc cc 4000000 Mar 27 13:23 matrix-pull
-rwxrwxr-x 1 cc cc 4000000 Mar 27 13:23 matrix-push
-rwxrwxr-x 1 cc cc      32 Mar 27 13:23 sem.matrix-pull-rsem
-rwxrwxr-x 1 cc cc      32 Mar 27 13:23 sem.matrix-pull-wsem
-rwxrwxr-x 1 cc cc      32 Mar 27 13:23 sem.matrix-push-rsem
-rwxrwxr-x 1 cc cc      32 Mar 27 13:23 sem.matrix-push-wsem
 === clean up ===
total 0
total 0
 === done ===
 *============== Launching remote tsd at 7 =============* 
 ====== tsd launch complete. You have 1 tsd instance. ====== 
cc        70927  0.0  0.0 144504  5008 ?        Sl   13:26   0:00 /home/cc/Synergy4/s4c00/cmake-build-debug/sng_tsd /home/cc/Synergy4/s4c00/etc/sng7.json /home/cc/Synergy4/s4c00/etc/synergy-log.conf
cc        70929  0.0  0.0  12944  1016 ?        S    13:26   0:00 grep sng_tsd
 ============================================================ 
 === before clean up === 
~~~~~~ ls -l /tmp
total 12
-rw------- 1 cc cc 3231 Mar 27 13:25 synergy4_p2pmd_70843.log
-rw------- 1 cc cc  768 Mar 27 13:23 synergy4_parser_70843.log
-rw------- 1 cc cc 3973 Mar 27 13:24 synergy4_tsd_70843.log
srwxrwxr-x 1 cc cc    0 Mar 27 13:23 tsd1
~~~~~~ ls -l /dev/shm
total 16
-rwxrwxr-x 1 cc cc 4000000 Mar 27 13:23 matrix-pull
-rwxrwxr-x 1 cc cc 4000000 Mar 27 13:23 matrix-push
-rwxrwxr-x 1 cc cc      32 Mar 27 13:23 sem.matrix-pull-rsem
-rwxrwxr-x 1 cc cc      32 Mar 27 13:23 sem.matrix-pull-wsem
-rwxrwxr-x 1 cc cc      32 Mar 27 13:23 sem.matrix-push-rsem
-rwxrwxr-x 1 cc cc      32 Mar 27 13:23 sem.matrix-push-wsem
 === clean up ===
total 0
total 0
 === done ===
 *============== Launching remote tsd at 8 =============* 
 ====== tsd launch complete. You have 1 tsd instance. ====== 
cc        71429  0.0  0.0 144504  5044 ?        Sl   13:26   0:00 /home/cc/Synergy4/s4c00/cmake-build-debug/sng_tsd /home/cc/Synergy4/s4c00/etc/sng8.json /home/cc/Synergy4/s4c00/etc/synergy-log.conf
cc        71431  0.0  0.0  12944   936 ?        S    13:26   0:00 grep sng_tsd
 ============================================================ 
 === before clean up === 
~~~~~~ ls -l /tmp
total 12
-rw------- 1 cc cc 3232 Mar 27 13:25 synergy4_p2pmd_64455.log
-rw------- 1 cc cc  770 Mar 27 13:23 synergy4_parser_64455.log
-rw------- 1 cc cc 3973 Mar 27 13:24 synergy4_tsd_64455.log
srwxrwxr-x 1 cc cc    0 Mar 27 13:23 tsd1
~~~~~~ ls -l /dev/shm
total 16
-rwxrwxr-x 1 cc cc 4000000 Mar 27 13:23 matrix-pull
-rwxrwxr-x 1 cc cc 4000000 Mar 27 13:23 matrix-push
-rwxrwxr-x 1 cc cc      32 Mar 27 13:23 sem.matrix-pull-rsem
-rwxrwxr-x 1 cc cc      32 Mar 27 13:23 sem.matrix-pull-wsem
-rwxrwxr-x 1 cc cc      32 Mar 27 13:23 sem.matrix-push-rsem
-rwxrwxr-x 1 cc cc      32 Mar 27 13:23 sem.matrix-push-wsem
 === clean up ===
total 0
total 0
 === done ===
 *============== Launching remote tsd at 9 =============* 
 ====== tsd launch complete. You have 1 tsd instance. ====== 
cc        65041  0.0  0.0 144504  5056 ?        Sl   13:26   0:00 /home/cc/Synergy4/s4c00/cmake-build-debug/sng_tsd /home/cc/Synergy4/s4c00/etc/sng9.json /home/cc/Synergy4/s4c00/etc/synergy-log.conf
cc        65043  0.0  0.0  12944   936 ?        S    13:26   0:00 grep sng_tsd
 ============================================================ 
 === before clean up === 
~~~~~~ ls -l /tmp
total 12
-rw------- 1 cc cc 3232 Mar 27 13:25 synergy4_p2pmd_65384.log
-rw------- 1 cc cc  770 Mar 27 13:23 synergy4_parser_65384.log
-rw------- 1 cc cc 3973 Mar 27 13:24 synergy4_tsd_65384.log
srwxrwxr-x 1 cc cc    0 Mar 27 13:23 tsd1
~~~~~~ ls -l /dev/shm
total 16
-rwxrwxr-x 1 cc cc 4000000 Mar 27 13:23 matrix-pull
-rwxrwxr-x 1 cc cc 4000000 Mar 27 13:23 matrix-push
-rwxrwxr-x 1 cc cc      32 Mar 27 13:23 sem.matrix-pull-rsem
-rwxrwxr-x 1 cc cc      32 Mar 27 13:23 sem.matrix-pull-wsem
-rwxrwxr-x 1 cc cc      32 Mar 27 13:23 sem.matrix-push-rsem
-rwxrwxr-x 1 cc cc      32 Mar 27 13:23 sem.matrix-push-wsem
 === clean up ===
total 0
total 0
 === done ===
 *============== Launching remote tsd at 10 =============* 
 ====== tsd launch complete. You have 1 tsd instance. ====== 
cc        65978  0.0  0.0 144504  7068 ?        Sl   13:26   0:00 /home/cc/Synergy4/s4c00/cmake-build-debug/sng_tsd /home/cc/Synergy4/s4c00/etc/sng10.json /home/cc/Synergy4/s4c00/etc/synergy-log.conf
cc        65980  0.0  0.0  12944  1012 ?        S    13:26   0:00 grep sng_tsd
 ============================================================ 
 === before clean up === 
~~~~~~ ls -l /tmp
total 12
-rw------- 1 cc cc 3233 Mar 27 13:25 synergy4_p2pmd_64771.log
-rw------- 1 cc cc  772 Mar 27 13:23 synergy4_parser_64771.log
-rw------- 1 cc cc 3973 Mar 27 13:24 synergy4_tsd_64771.log
srwxrwxr-x 1 cc cc    0 Mar 27 13:23 tsd1
~~~~~~ ls -l /dev/shm
total 16
-rwxrwxr-x 1 cc cc 4000000 Mar 27 13:23 matrix-pull
-rwxrwxr-x 1 cc cc 4000000 Mar 27 13:23 matrix-push
-rwxrwxr-x 1 cc cc      32 Mar 27 13:23 sem.matrix-pull-rsem
-rwxrwxr-x 1 cc cc      32 Mar 27 13:23 sem.matrix-pull-wsem
-rwxrwxr-x 1 cc cc      32 Mar 27 13:23 sem.matrix-push-rsem
-rwxrwxr-x 1 cc cc      32 Mar 27 13:23 sem.matrix-push-wsem
 === clean up ===
total 0
total 0
 === done ===
 *============== Launching remote tsd at 11 =============* 
 ====== tsd launch complete. You have 1 tsd instance. ====== 
cc        65360  0.0  0.0 144504  6996 ?        Sl   13:26   0:00 /home/cc/Synergy4/s4c00/cmake-build-debug/sng_tsd /home/cc/Synergy4/s4c00/etc/sng11.json /home/cc/Synergy4/s4c00/etc/synergy-log.conf
cc        65362  0.0  0.0  12944  1088 ?        S    13:26   0:00 grep sng_tsd
 ============================================================ 
 === before clean up === 
~~~~~~ ls -l /tmp
total 12
-rw------- 1 cc cc 3232 Mar 27 13:25 synergy4_p2pmd_65346.log
-rw------- 1 cc cc  770 Mar 27 13:23 synergy4_parser_65346.log
-rw------- 1 cc cc 3973 Mar 27 13:24 synergy4_tsd_65346.log
srwxrwxr-x 1 cc cc    0 Mar 27 13:23 tsd1
~~~~~~ ls -l /dev/shm
total 16
-rwxrwxr-x 1 cc cc 4000000 Mar 27 13:23 matrix-pull
-rwxrwxr-x 1 cc cc 4000000 Mar 27 13:23 matrix-push
-rwxrwxr-x 1 cc cc      32 Mar 27 13:23 sem.matrix-pull-rsem
-rwxrwxr-x 1 cc cc      32 Mar 27 13:23 sem.matrix-pull-wsem
-rwxrwxr-x 1 cc cc      32 Mar 27 13:23 sem.matrix-push-rsem
-rwxrwxr-x 1 cc cc      32 Mar 27 13:23 sem.matrix-push-wsem
 === clean up ===
total 0
total 0
 === done ===
 *============== Launching remote tsd at 12 =============* 
 ====== tsd launch complete. You have 1 tsd instance. ====== 
cc        65925  0.0  0.0 144504  5012 ?        Sl   13:26   0:00 /home/cc/Synergy4/s4c00/cmake-build-debug/sng_tsd /home/cc/Synergy4/s4c00/etc/sng12.json /home/cc/Synergy4/s4c00/etc/synergy-log.conf
cc        65927  0.0  0.0  12944   972 ?        S    13:26   0:00 grep sng_tsd
 ============================================================ 
