 === before clean up === 
~~~~~~ ls -l /tmp
total 1664
-rw------- 1 cc cc 881278 Mar 27 13:23 synergy4_104563.log
-rw------- 1 cc cc   6551 Mar 27 13:23 synergy4_p2pmd_104563.log
-rw------- 1 cc cc    768 Mar 27 13:21 synergy4_parser_104563.log
-rw------- 1 cc cc 804795 Mar 27 13:23 synergy4_tsd_104563.log
srwxrwxr-x 1 cc cc      0 Mar 27 13:21 tsd1
~~~~~~ ls -l /dev/shm
total 7832
-rwxrwxr-x 1 cc cc 4000000 Mar 27 13:22 matrix-pull
-rwxrwxr-x 1 cc cc 4000000 Mar 27 13:22 matrix-push
-rwxrwxr-x 1 cc cc      32 Mar 27 13:21 sem.matrix-pull-rsem
-rwxrwxr-x 1 cc cc      32 Mar 27 13:21 sem.matrix-pull-wsem
-rwxrwxr-x 1 cc cc      32 Mar 27 13:21 sem.matrix-push-rsem
-rwxrwxr-x 1 cc cc      32 Mar 27 13:21 sem.matrix-push-wsem
 === clean up ===
total 0
total 0
 === done ===
 *============== Launching remote tsd at 1 =============* 
 ====== tsd launch complete. You have 1 tsd instance. ====== 
cc       105127  0.0  0.0 144504  6952 ?        Sl   13:23   0:00 /home/cc/Synergy4/s4c00/cmake-build-debug/sng_tsd /home/cc/Synergy4/s4c00/etc/sng1.json /home/cc/Synergy4/s4c00/etc/synergy-log.conf
cc       105129  0.0  0.0  12944  1088 ?        S    13:23   0:00 grep sng_tsd
 ============================================================ 
 === before clean up === 
~~~~~~ ls -l /tmp
total 24
-rw------- 1 cc cc 11147 Mar 27 13:23 synergy4_p2pmd_92531.log
-rw------- 1 cc cc   768 Mar 27 13:21 synergy4_parser_92531.log
-rw------- 1 cc cc  7043 Mar 27 13:23 synergy4_tsd_92531.log
srwxrwxr-x 1 cc cc     0 Mar 27 13:21 tsd1
~~~~~~ ls -l /dev/shm
total 16
-rwxrwxr-x 1 cc cc 4000000 Mar 27 13:21 matrix-pull
-rwxrwxr-x 1 cc cc 4000000 Mar 27 13:21 matrix-push
-rwxrwxr-x 1 cc cc      32 Mar 27 13:21 sem.matrix-pull-rsem
-rwxrwxr-x 1 cc cc      32 Mar 27 13:21 sem.matrix-pull-wsem
-rwxrwxr-x 1 cc cc      32 Mar 27 13:21 sem.matrix-push-rsem
-rwxrwxr-x 1 cc cc      32 Mar 27 13:21 sem.matrix-push-wsem
 === clean up ===
total 0
total 0
 === done ===
 *============== Launching remote tsd at 2 =============* 
 ====== tsd launch complete. You have 1 tsd instance. ====== 
cc        93116  0.0  0.0 144504  7020 ?        Sl   13:23   0:00 /home/cc/Synergy4/s4c00/cmake-build-debug/sng_tsd /home/cc/Synergy4/s4c00/etc/sng2.json /home/cc/Synergy4/s4c00/etc/synergy-log.conf
cc        93118  0.0  0.0  12944  1012 ?        S    13:23   0:00 grep sng_tsd
 ============================================================ 
 === before clean up === 
~~~~~~ ls -l /tmp
total 24
-rw------- 1 cc cc 11244 Mar 27 13:23 synergy4_p2pmd_91814.log
-rw------- 1 cc cc   764 Mar 27 13:21 synergy4_parser_91814.log
-rw------- 1 cc cc  7043 Mar 27 13:23 synergy4_tsd_91814.log
srwxrwxr-x 1 cc cc     0 Mar 27 13:21 tsd1
~~~~~~ ls -l /dev/shm
total 16
-rwxrwxr-x 1 cc cc 4000000 Mar 27 13:21 matrix-pull
-rwxrwxr-x 1 cc cc 4000000 Mar 27 13:21 matrix-push
-rwxrwxr-x 1 cc cc      32 Mar 27 13:21 sem.matrix-pull-rsem
-rwxrwxr-x 1 cc cc      32 Mar 27 13:21 sem.matrix-pull-wsem
-rwxrwxr-x 1 cc cc      32 Mar 27 13:21 sem.matrix-push-rsem
-rwxrwxr-x 1 cc cc      32 Mar 27 13:21 sem.matrix-push-wsem
 === clean up ===
total 0
total 0
 === done ===
 *============== Launching remote tsd at 3 =============* 
 ====== tsd launch complete. You have 1 tsd instance. ====== 
cc        92401  0.0  0.0 144504  7004 ?        Sl   13:23   0:00 /home/cc/Synergy4/s4c00/cmake-build-debug/sng_tsd /home/cc/Synergy4/s4c00/etc/sng3.json /home/cc/Synergy4/s4c00/etc/synergy-log.conf
cc        92403  0.0  0.0  12944  1088 ?        S    13:23   0:00 grep sng_tsd
 ============================================================ 
 === before clean up === 
~~~~~~ ls -l /tmp
total 12
-rw------- 1 cc cc 2510 Mar 27 13:23 synergy4_p2pmd_75523.log
-rw------- 1 cc cc  768 Mar 27 13:21 synergy4_parser_75523.log
-rw------- 1 cc cc 3973 Mar 27 13:22 synergy4_tsd_75523.log
srwxrwxr-x 1 cc cc    0 Mar 27 13:21 tsd1
~~~~~~ ls -l /dev/shm
total 16
-rwxrwxr-x 1 cc cc 4000000 Mar 27 13:21 matrix-pull
-rwxrwxr-x 1 cc cc 4000000 Mar 27 13:21 matrix-push
-rwxrwxr-x 1 cc cc      32 Mar 27 13:21 sem.matrix-pull-rsem
-rwxrwxr-x 1 cc cc      32 Mar 27 13:21 sem.matrix-pull-wsem
-rwxrwxr-x 1 cc cc      32 Mar 27 13:21 sem.matrix-push-rsem
-rwxrwxr-x 1 cc cc      32 Mar 27 13:21 sem.matrix-push-wsem
 === clean up ===
total 0
total 0
 === done ===
 *============== Launching remote tsd at 4 =============* 
 ====== tsd launch complete. You have 1 tsd instance. ====== 
cc        76116  0.0  0.0 144504  6996 ?        Sl   13:23   0:00 /home/cc/Synergy4/s4c00/cmake-build-debug/sng_tsd /home/cc/Synergy4/s4c00/etc/sng4.json /home/cc/Synergy4/s4c00/etc/synergy-log.conf
cc        76118  0.0  0.0  12944   932 ?        S    13:23   0:00 grep sng_tsd
 ============================================================ 
 === before clean up === 
~~~~~~ ls -l /tmp
total 12
-rw------- 1 cc cc 2510 Mar 27 13:23 synergy4_p2pmd_74644.log
-rw------- 1 cc cc  768 Mar 27 13:21 synergy4_parser_74644.log
-rw------- 1 cc cc 3973 Mar 27 13:22 synergy4_tsd_74644.log
srwxrwxr-x 1 cc cc    0 Mar 27 13:21 tsd1
~~~~~~ ls -l /dev/shm
total 16
-rwxrwxr-x 1 cc cc 4000000 Mar 27 13:21 matrix-pull
-rwxrwxr-x 1 cc cc 4000000 Mar 27 13:21 matrix-push
-rwxrwxr-x 1 cc cc      32 Mar 27 13:21 sem.matrix-pull-rsem
-rwxrwxr-x 1 cc cc      32 Mar 27 13:21 sem.matrix-pull-wsem
-rwxrwxr-x 1 cc cc      32 Mar 27 13:21 sem.matrix-push-rsem
-rwxrwxr-x 1 cc cc      32 Mar 27 13:21 sem.matrix-push-wsem
 === clean up ===
total 0
total 0
 === done ===
 *============== Launching remote tsd at 5 =============* 
 ====== tsd launch complete. You have 1 tsd instance. ====== 
cc        75239  0.0  0.0 144504  4904 ?        Sl   13:23   0:00 /home/cc/Synergy4/s4c00/cmake-build-debug/sng_tsd /home/cc/Synergy4/s4c00/etc/sng5.json /home/cc/Synergy4/s4c00/etc/synergy-log.conf
cc        75241  0.0  0.0  12944   936 ?        S    13:23   0:00 grep sng_tsd
 ============================================================ 
 === before clean up === 
~~~~~~ ls -l /tmp
total 12
-rw------- 1 cc cc 2510 Mar 27 13:23 synergy4_p2pmd_74334.log
-rw------- 1 cc cc  768 Mar 27 13:21 synergy4_parser_74334.log
-rw------- 1 cc cc 3973 Mar 27 13:22 synergy4_tsd_74334.log
srwxrwxr-x 1 cc cc    0 Mar 27 13:21 tsd1
~~~~~~ ls -l /dev/shm
total 16
-rwxrwxr-x 1 cc cc 4000000 Mar 27 13:21 matrix-pull
-rwxrwxr-x 1 cc cc 4000000 Mar 27 13:21 matrix-push
-rwxrwxr-x 1 cc cc      32 Mar 27 13:21 sem.matrix-pull-rsem
-rwxrwxr-x 1 cc cc      32 Mar 27 13:21 sem.matrix-pull-wsem
-rwxrwxr-x 1 cc cc      32 Mar 27 13:21 sem.matrix-push-rsem
-rwxrwxr-x 1 cc cc      32 Mar 27 13:21 sem.matrix-push-wsem
 === clean up ===
total 0
total 0
 === done ===
 *============== Launching remote tsd at 6 =============* 
 ====== tsd launch complete. You have 1 tsd instance. ====== 
cc        74930  0.0  0.0 144504  7028 ?        Sl   13:23   0:00 /home/cc/Synergy4/s4c00/cmake-build-debug/sng_tsd /home/cc/Synergy4/s4c00/etc/sng6.json /home/cc/Synergy4/s4c00/etc/synergy-log.conf
cc        74932  0.0  0.0  12944   940 ?        S    13:23   0:00 grep sng_tsd
 ============================================================ 
 === before clean up === 
~~~~~~ ls -l /tmp
total 12
-rw------- 1 cc cc 2510 Mar 27 13:23 synergy4_p2pmd_69741.log
-rw------- 1 cc cc  768 Mar 27 13:21 synergy4_parser_69741.log
-rw------- 1 cc cc 3973 Mar 27 13:22 synergy4_tsd_69741.log
srwxrwxr-x 1 cc cc    0 Mar 27 13:21 tsd1
~~~~~~ ls -l /dev/shm
total 16
-rwxrwxr-x 1 cc cc 4000000 Mar 27 13:21 matrix-pull
-rwxrwxr-x 1 cc cc 4000000 Mar 27 13:21 matrix-push
-rwxrwxr-x 1 cc cc      32 Mar 27 13:21 sem.matrix-pull-rsem
-rwxrwxr-x 1 cc cc      32 Mar 27 13:21 sem.matrix-pull-wsem
-rwxrwxr-x 1 cc cc      32 Mar 27 13:21 sem.matrix-push-rsem
-rwxrwxr-x 1 cc cc      32 Mar 27 13:21 sem.matrix-push-wsem
 === clean up ===
total 0
total 0
 === done ===
 *============== Launching remote tsd at 7 =============* 
 ====== tsd launch complete. You have 1 tsd instance. ====== 
cc        70334  0.0  0.0 144504  5052 ?        Sl   13:23   0:00 /home/cc/Synergy4/s4c00/cmake-build-debug/sng_tsd /home/cc/Synergy4/s4c00/etc/sng7.json /home/cc/Synergy4/s4c00/etc/synergy-log.conf
cc        70336  0.0  0.0  12944  1092 ?        S    13:23   0:00 grep sng_tsd
 ============================================================ 
 === before clean up === 
~~~~~~ ls -l /tmp
total 12
-rw------- 1 cc cc 2510 Mar 27 13:23 synergy4_p2pmd_70254.log
-rw------- 1 cc cc  768 Mar 27 13:21 synergy4_parser_70254.log
-rw------- 1 cc cc 3973 Mar 27 13:22 synergy4_tsd_70254.log
srwxrwxr-x 1 cc cc    0 Mar 27 13:21 tsd1
~~~~~~ ls -l /dev/shm
total 16
-rwxrwxr-x 1 cc cc 4000000 Mar 27 13:21 matrix-pull
-rwxrwxr-x 1 cc cc 4000000 Mar 27 13:21 matrix-push
-rwxrwxr-x 1 cc cc      32 Mar 27 13:21 sem.matrix-pull-rsem
-rwxrwxr-x 1 cc cc      32 Mar 27 13:21 sem.matrix-pull-wsem
-rwxrwxr-x 1 cc cc      32 Mar 27 13:21 sem.matrix-push-rsem
-rwxrwxr-x 1 cc cc      32 Mar 27 13:21 sem.matrix-push-wsem
 === clean up ===
total 0
total 0
 === done ===
 *============== Launching remote tsd at 8 =============* 
 ====== tsd launch complete. You have 1 tsd instance. ====== 
cc        70843  0.0  0.0 144504  6984 ?        Sl   13:23   0:00 /home/cc/Synergy4/s4c00/cmake-build-debug/sng_tsd /home/cc/Synergy4/s4c00/etc/sng8.json /home/cc/Synergy4/s4c00/etc/synergy-log.conf
cc        70845  0.0  0.0  12944   964 ?        S    13:23   0:00 grep sng_tsd
 ============================================================ 
 === before clean up === 
~~~~~~ ls -l /tmp
total 12
-rw------- 1 cc cc 2614 Mar 27 13:23 synergy4_p2pmd_63866.log
-rw------- 1 cc cc  770 Mar 27 13:21 synergy4_parser_63866.log
-rw------- 1 cc cc 3973 Mar 27 13:22 synergy4_tsd_63866.log
srwxrwxr-x 1 cc cc    0 Mar 27 13:21 tsd1
~~~~~~ ls -l /dev/shm
total 16
-rwxrwxr-x 1 cc cc 4000000 Mar 27 13:21 matrix-pull
-rwxrwxr-x 1 cc cc 4000000 Mar 27 13:21 matrix-push
-rwxrwxr-x 1 cc cc      32 Mar 27 13:21 sem.matrix-pull-rsem
-rwxrwxr-x 1 cc cc      32 Mar 27 13:21 sem.matrix-pull-wsem
-rwxrwxr-x 1 cc cc      32 Mar 27 13:21 sem.matrix-push-rsem
-rwxrwxr-x 1 cc cc      32 Mar 27 13:21 sem.matrix-push-wsem
 === clean up ===
total 0
total 0
 === done ===
 *============== Launching remote tsd at 9 =============* 
 ====== tsd launch complete. You have 1 tsd instance. ====== 
cc        64455  0.0  0.0 144504  7064 ?        Sl   13:23   0:00 /home/cc/Synergy4/s4c00/cmake-build-debug/sng_tsd /home/cc/Synergy4/s4c00/etc/sng9.json /home/cc/Synergy4/s4c00/etc/synergy-log.conf
cc        64457  0.0  0.0  12944  1028 ?        S    13:23   0:00 grep sng_tsd
 ============================================================ 
 === before clean up === 
~~~~~~ ls -l /tmp
total 12
-rw------- 1 cc cc 2614 Mar 27 13:23 synergy4_p2pmd_64792.log
-rw------- 1 cc cc  770 Mar 27 13:21 synergy4_parser_64792.log
-rw------- 1 cc cc 3973 Mar 27 13:22 synergy4_tsd_64792.log
srwxrwxr-x 1 cc cc    0 Mar 27 13:21 tsd1
~~~~~~ ls -l /dev/shm
total 16
-rwxrwxr-x 1 cc cc 4000000 Mar 27 13:21 matrix-pull
-rwxrwxr-x 1 cc cc 4000000 Mar 27 13:21 matrix-push
-rwxrwxr-x 1 cc cc      32 Mar 27 13:21 sem.matrix-pull-rsem
-rwxrwxr-x 1 cc cc      32 Mar 27 13:21 sem.matrix-pull-wsem
-rwxrwxr-x 1 cc cc      32 Mar 27 13:21 sem.matrix-push-rsem
-rwxrwxr-x 1 cc cc      32 Mar 27 13:21 sem.matrix-push-wsem
 === clean up ===
total 0
total 0
 === done ===
 *============== Launching remote tsd at 10 =============* 
 ====== tsd launch complete. You have 1 tsd instance. ====== 
cc        65384  0.0  0.0 144504  6956 ?        Sl   13:23   0:00 /home/cc/Synergy4/s4c00/cmake-build-debug/sng_tsd /home/cc/Synergy4/s4c00/etc/sng10.json /home/cc/Synergy4/s4c00/etc/synergy-log.conf
cc        65386  0.0  0.0  12944   932 ?        S    13:23   0:00 grep sng_tsd
 ============================================================ 
 === before clean up === 
~~~~~~ ls -l /tmp
total 12
-rw------- 1 cc cc 2615 Mar 27 13:23 synergy4_p2pmd_64175.log
-rw------- 1 cc cc  772 Mar 27 13:21 synergy4_parser_64175.log
-rw------- 1 cc cc 3973 Mar 27 13:22 synergy4_tsd_64175.log
srwxrwxr-x 1 cc cc    0 Mar 27 13:21 tsd1
~~~~~~ ls -l /dev/shm
total 16
-rwxrwxr-x 1 cc cc 4000000 Mar 27 13:21 matrix-pull
-rwxrwxr-x 1 cc cc 4000000 Mar 27 13:21 matrix-push
-rwxrwxr-x 1 cc cc      32 Mar 27 13:21 sem.matrix-pull-rsem
-rwxrwxr-x 1 cc cc      32 Mar 27 13:21 sem.matrix-pull-wsem
-rwxrwxr-x 1 cc cc      32 Mar 27 13:21 sem.matrix-push-rsem
-rwxrwxr-x 1 cc cc      32 Mar 27 13:21 sem.matrix-push-wsem
 === clean up ===
total 0
total 0
 === done ===
 *============== Launching remote tsd at 11 =============* 
 ====== tsd launch complete. You have 1 tsd instance. ====== 
cc        64771  0.0  0.0 144504  5040 ?        Sl   13:23   0:00 /home/cc/Synergy4/s4c00/cmake-build-debug/sng_tsd /home/cc/Synergy4/s4c00/etc/sng11.json /home/cc/Synergy4/s4c00/etc/synergy-log.conf
cc        64773  0.0  0.0  12944   992 ?        S    13:23   0:00 grep sng_tsd
 ============================================================ 
 === before clean up === 
~~~~~~ ls -l /tmp
total 12
-rw------- 1 cc cc 2614 Mar 27 13:23 synergy4_p2pmd_64759.log
-rw------- 1 cc cc  770 Mar 27 13:21 synergy4_parser_64759.log
-rw------- 1 cc cc 3973 Mar 27 13:22 synergy4_tsd_64759.log
srwxrwxr-x 1 cc cc    0 Mar 27 13:21 tsd1
~~~~~~ ls -l /dev/shm
total 16
-rwxrwxr-x 1 cc cc 4000000 Mar 27 13:21 matrix-pull
-rwxrwxr-x 1 cc cc 4000000 Mar 27 13:21 matrix-push
-rwxrwxr-x 1 cc cc      32 Mar 27 13:21 sem.matrix-pull-rsem
-rwxrwxr-x 1 cc cc      32 Mar 27 13:21 sem.matrix-pull-wsem
-rwxrwxr-x 1 cc cc      32 Mar 27 13:21 sem.matrix-push-rsem
-rwxrwxr-x 1 cc cc      32 Mar 27 13:21 sem.matrix-push-wsem
 === clean up ===
total 0
total 0
 === done ===
 *============== Launching remote tsd at 12 =============* 
 ====== tsd launch complete. You have 1 tsd instance. ====== 
cc        65346  0.0  0.0 144504  7016 ?        Sl   13:23   0:00 /home/cc/Synergy4/s4c00/cmake-build-debug/sng_tsd /home/cc/Synergy4/s4c00/etc/sng12.json /home/cc/Synergy4/s4c00/etc/synergy-log.conf
cc        65348  0.0  0.0  12944   940 ?        S    13:23   0:00 grep sng_tsd
 ============================================================ 
