 === before clean up === 
~~~~~~ ls -l /tmp
total 1716
-rw------- 1 cc cc 827408 Mar 27 13:16 synergy4_102921.log
-rw------- 1 cc cc  26826 Mar 27 13:16 synergy4_p2pmd_102921.log
-rw------- 1 cc cc    768 Mar 27 13:13 synergy4_parser_102921.log
-rw------- 1 cc cc 879299 Mar 27 13:16 synergy4_tsd_102921.log
srwxrwxr-x 1 cc cc      0 Mar 27 13:13 tsd1
~~~~~~ ls -l /dev/shm
total 7832
-rwxrwxr-x 1 cc cc 4000000 Mar 27 13:15 matrix-pull
-rwxrwxr-x 1 cc cc 4000000 Mar 27 13:15 matrix-push
-rwxrwxr-x 1 cc cc      32 Mar 27 13:13 sem.matrix-pull-rsem
-rwxrwxr-x 1 cc cc      32 Mar 27 13:13 sem.matrix-pull-wsem
-rwxrwxr-x 1 cc cc      32 Mar 27 13:13 sem.matrix-push-rsem
-rwxrwxr-x 1 cc cc      32 Mar 27 13:13 sem.matrix-push-wsem
 === clean up ===
total 0
total 0
 === done ===
 *============== Launching remote tsd at 1 =============* 
 ====== tsd launch complete. You have 1 tsd instance. ====== 
cc       103488  0.0  0.0 144504  5060 ?        Sl   13:16   0:00 /home/cc/Synergy4/s4c00/cmake-build-debug/sng_tsd /home/cc/Synergy4/s4c00/etc/sng1.json /home/cc/Synergy4/s4c00/etc/synergy-log.conf
cc       103490  0.0  0.0  12944   928 ?        S    13:16   0:00 grep sng_tsd
 ============================================================ 
 === before clean up === 
~~~~~~ ls -l /tmp
total 28
-rw------- 1 cc cc 15124 Mar 27 13:16 synergy4_p2pmd_90745.log
-rw------- 1 cc cc   768 Mar 27 13:13 synergy4_parser_90745.log
-rw------- 1 cc cc  7043 Mar 27 13:16 synergy4_tsd_90745.log
srwxrwxr-x 1 cc cc     0 Mar 27 13:13 tsd1
~~~~~~ ls -l /dev/shm
total 16
-rwxrwxr-x 1 cc cc 4000000 Mar 27 13:13 matrix-pull
-rwxrwxr-x 1 cc cc 4000000 Mar 27 13:13 matrix-push
-rwxrwxr-x 1 cc cc      32 Mar 27 13:13 sem.matrix-pull-rsem
-rwxrwxr-x 1 cc cc      32 Mar 27 13:13 sem.matrix-pull-wsem
-rwxrwxr-x 1 cc cc      32 Mar 27 13:13 sem.matrix-push-rsem
-rwxrwxr-x 1 cc cc      32 Mar 27 13:13 sem.matrix-push-wsem
 === clean up ===
total 0
total 0
 === done ===
 *============== Launching remote tsd at 2 =============* 
 ====== tsd launch complete. You have 1 tsd instance. ====== 
cc        91341  0.0  0.0 144504  7060 ?        Sl   13:16   0:00 /home/cc/Synergy4/s4c00/cmake-build-debug/sng_tsd /home/cc/Synergy4/s4c00/etc/sng2.json /home/cc/Synergy4/s4c00/etc/synergy-log.conf
cc        91343  0.0  0.0  12944   996 ?        S    13:16   0:00 grep sng_tsd
 ============================================================ 
 === before clean up === 
~~~~~~ ls -l /tmp
total 32
drwx------ 3 cc cc  4096 Mar 27 13:14 ompi.sng-3.1000
-rw------- 1 cc cc 14119 Mar 27 13:16 synergy4_p2pmd_90043.log
-rw------- 1 cc cc   764 Mar 27 13:13 synergy4_parser_90043.log
-rw------- 1 cc cc  7043 Mar 27 13:16 synergy4_tsd_90043.log
srwxrwxr-x 1 cc cc     0 Mar 27 13:13 tsd1
~~~~~~ ls -l /dev/shm
total 16
-rwxrwxr-x 1 cc cc 4000000 Mar 27 13:13 matrix-pull
-rwxrwxr-x 1 cc cc 4000000 Mar 27 13:13 matrix-push
-rwxrwxr-x 1 cc cc      32 Mar 27 13:13 sem.matrix-pull-rsem
-rwxrwxr-x 1 cc cc      32 Mar 27 13:13 sem.matrix-pull-wsem
-rwxrwxr-x 1 cc cc      32 Mar 27 13:13 sem.matrix-push-rsem
-rwxrwxr-x 1 cc cc      32 Mar 27 13:13 sem.matrix-push-wsem
 === clean up ===
total 0
total 0
 === done ===
 *============== Launching remote tsd at 3 =============* 
 ====== tsd launch complete. You have 1 tsd instance. ====== 
cc        90633  0.0  0.0 144504  5012 ?        Sl   13:16   0:00 /home/cc/Synergy4/s4c00/cmake-build-debug/sng_tsd /home/cc/Synergy4/s4c00/etc/sng3.json /home/cc/Synergy4/s4c00/etc/synergy-log.conf
cc        90635  0.0  0.0  12944   968 ?        S    13:16   0:00 grep sng_tsd
 ============================================================ 
 === before clean up === 
~~~~~~ ls -l /tmp
total 12
-rw------- 1 cc cc 4055 Mar 27 13:16 synergy4_p2pmd_73755.log
-rw------- 1 cc cc  768 Mar 27 13:13 synergy4_parser_73755.log
-rw------- 1 cc cc 3973 Mar 27 13:14 synergy4_tsd_73755.log
srwxrwxr-x 1 cc cc    0 Mar 27 13:13 tsd1
~~~~~~ ls -l /dev/shm
total 16
-rwxrwxr-x 1 cc cc 4000000 Mar 27 13:13 matrix-pull
-rwxrwxr-x 1 cc cc 4000000 Mar 27 13:13 matrix-push
-rwxrwxr-x 1 cc cc      32 Mar 27 13:13 sem.matrix-pull-rsem
-rwxrwxr-x 1 cc cc      32 Mar 27 13:13 sem.matrix-pull-wsem
-rwxrwxr-x 1 cc cc      32 Mar 27 13:13 sem.matrix-push-rsem
-rwxrwxr-x 1 cc cc      32 Mar 27 13:13 sem.matrix-push-wsem
 === clean up ===
total 0
total 0
 === done ===
 *============== Launching remote tsd at 4 =============* 
 ====== tsd launch complete. You have 1 tsd instance. ====== 
cc        74338  0.0  0.0 144504  6992 ?        Sl   13:16   0:00 /home/cc/Synergy4/s4c00/cmake-build-debug/sng_tsd /home/cc/Synergy4/s4c00/etc/sng4.json /home/cc/Synergy4/s4c00/etc/synergy-log.conf
cc        74340  0.0  0.0  12944  1016 ?        S    13:16   0:00 grep sng_tsd
 ============================================================ 
 === before clean up === 
~~~~~~ ls -l /tmp
total 12
-rw------- 1 cc cc 4055 Mar 27 13:16 synergy4_p2pmd_72869.log
-rw------- 1 cc cc  768 Mar 27 13:13 synergy4_parser_72869.log
-rw------- 1 cc cc 3973 Mar 27 13:14 synergy4_tsd_72869.log
srwxrwxr-x 1 cc cc    0 Mar 27 13:13 tsd1
~~~~~~ ls -l /dev/shm
total 16
-rwxrwxr-x 1 cc cc 4000000 Mar 27 13:13 matrix-pull
-rwxrwxr-x 1 cc cc 4000000 Mar 27 13:13 matrix-push
-rwxrwxr-x 1 cc cc      32 Mar 27 13:13 sem.matrix-pull-rsem
-rwxrwxr-x 1 cc cc      32 Mar 27 13:13 sem.matrix-pull-wsem
-rwxrwxr-x 1 cc cc      32 Mar 27 13:13 sem.matrix-push-rsem
-rwxrwxr-x 1 cc cc      32 Mar 27 13:13 sem.matrix-push-wsem
 === clean up ===
total 0
total 0
 === done ===
 *============== Launching remote tsd at 5 =============* 
 ====== tsd launch complete. You have 1 tsd instance. ====== 
cc        73464  0.0  0.0 144504  5008 ?        Sl   13:16   0:00 /home/cc/Synergy4/s4c00/cmake-build-debug/sng_tsd /home/cc/Synergy4/s4c00/etc/sng5.json /home/cc/Synergy4/s4c00/etc/synergy-log.conf
cc        73466  0.0  0.0  12944   980 ?        S    13:16   0:00 grep sng_tsd
 ============================================================ 
 === before clean up === 
~~~~~~ ls -l /tmp
total 12
-rw------- 1 cc cc 4055 Mar 27 13:16 synergy4_p2pmd_72562.log
-rw------- 1 cc cc  768 Mar 27 13:13 synergy4_parser_72562.log
-rw------- 1 cc cc 3973 Mar 27 13:14 synergy4_tsd_72562.log
srwxrwxr-x 1 cc cc    0 Mar 27 13:13 tsd1
~~~~~~ ls -l /dev/shm
total 16
-rwxrwxr-x 1 cc cc 4000000 Mar 27 13:13 matrix-pull
-rwxrwxr-x 1 cc cc 4000000 Mar 27 13:13 matrix-push
-rwxrwxr-x 1 cc cc      32 Mar 27 13:13 sem.matrix-pull-rsem
-rwxrwxr-x 1 cc cc      32 Mar 27 13:13 sem.matrix-pull-wsem
-rwxrwxr-x 1 cc cc      32 Mar 27 13:13 sem.matrix-push-rsem
-rwxrwxr-x 1 cc cc      32 Mar 27 13:13 sem.matrix-push-wsem
 === clean up ===
total 0
total 0
 === done ===
 *============== Launching remote tsd at 6 =============* 
 ====== tsd launch complete. You have 1 tsd instance. ====== 
cc        73157  0.0  0.0 144504  4948 ?        Sl   13:16   0:00 /home/cc/Synergy4/s4c00/cmake-build-debug/sng_tsd /home/cc/Synergy4/s4c00/etc/sng6.json /home/cc/Synergy4/s4c00/etc/synergy-log.conf
cc        73159  0.0  0.0  12944   968 ?        S    13:16   0:00 grep sng_tsd
 ============================================================ 
 === before clean up === 
~~~~~~ ls -l /tmp
total 20
drwx------ 3 cc cc 4096 Mar 27 13:14 ompi.sng-7.1000
-rw------- 1 cc cc 4158 Mar 27 13:16 synergy4_p2pmd_67962.log
-rw------- 1 cc cc  768 Mar 27 13:13 synergy4_parser_67962.log
-rw------- 1 cc cc 3973 Mar 27 13:14 synergy4_tsd_67962.log
srwxrwxr-x 1 cc cc    0 Mar 27 13:13 tsd1
~~~~~~ ls -l /dev/shm
total 16
-rwxrwxr-x 1 cc cc 4000000 Mar 27 13:13 matrix-pull
-rwxrwxr-x 1 cc cc 4000000 Mar 27 13:13 matrix-push
-rwxrwxr-x 1 cc cc      32 Mar 27 13:13 sem.matrix-pull-rsem
-rwxrwxr-x 1 cc cc      32 Mar 27 13:13 sem.matrix-pull-wsem
-rwxrwxr-x 1 cc cc      32 Mar 27 13:13 sem.matrix-push-rsem
-rwxrwxr-x 1 cc cc      32 Mar 27 13:13 sem.matrix-push-wsem
 === clean up ===
total 0
total 0
 === done ===
 *============== Launching remote tsd at 7 =============* 
 ====== tsd launch complete. You have 1 tsd instance. ====== 
cc        68557  0.0  0.0 144504  5100 ?        Sl   13:16   0:00 /home/cc/Synergy4/s4c00/cmake-build-debug/sng_tsd /home/cc/Synergy4/s4c00/etc/sng7.json /home/cc/Synergy4/s4c00/etc/synergy-log.conf
cc        68559  0.0  0.0  12944  1004 ?        S    13:16   0:00 grep sng_tsd
 ============================================================ 
 === before clean up === 
~~~~~~ ls -l /tmp
total 16
-rw------- 1 cc cc 4158 Mar 27 13:16 synergy4_p2pmd_68477.log
-rw------- 1 cc cc  768 Mar 27 13:13 synergy4_parser_68477.log
-rw------- 1 cc cc 3973 Mar 27 13:14 synergy4_tsd_68477.log
srwxrwxr-x 1 cc cc    0 Mar 27 13:13 tsd1
~~~~~~ ls -l /dev/shm
total 16
-rwxrwxr-x 1 cc cc 4000000 Mar 27 13:13 matrix-pull
-rwxrwxr-x 1 cc cc 4000000 Mar 27 13:13 matrix-push
-rwxrwxr-x 1 cc cc      32 Mar 27 13:13 sem.matrix-pull-rsem
-rwxrwxr-x 1 cc cc      32 Mar 27 13:13 sem.matrix-pull-wsem
-rwxrwxr-x 1 cc cc      32 Mar 27 13:13 sem.matrix-push-rsem
-rwxrwxr-x 1 cc cc      32 Mar 27 13:13 sem.matrix-push-wsem
 === clean up ===
total 0
total 0
 === done ===
 *============== Launching remote tsd at 8 =============* 
 ====== tsd launch complete. You have 1 tsd instance. ====== 
cc        69069  0.0  0.0 144504  7160 ?        Sl   13:16   0:00 /home/cc/Synergy4/s4c00/cmake-build-debug/sng_tsd /home/cc/Synergy4/s4c00/etc/sng8.json /home/cc/Synergy4/s4c00/etc/synergy-log.conf
cc        69071  0.0  0.0  12944   892 ?        S    13:16   0:00 grep sng_tsd
 ============================================================ 
 === before clean up === 
~~~~~~ ls -l /tmp
total 16
-rw------- 1 cc cc 4159 Mar 27 13:16 synergy4_p2pmd_62091.log
-rw------- 1 cc cc  770 Mar 27 13:13 synergy4_parser_62091.log
-rw------- 1 cc cc 3973 Mar 27 13:14 synergy4_tsd_62091.log
srwxrwxr-x 1 cc cc    0 Mar 27 13:13 tsd1
~~~~~~ ls -l /dev/shm
total 16
-rwxrwxr-x 1 cc cc 4000000 Mar 27 13:13 matrix-pull
-rwxrwxr-x 1 cc cc 4000000 Mar 27 13:13 matrix-push
-rwxrwxr-x 1 cc cc      32 Mar 27 13:13 sem.matrix-pull-rsem
-rwxrwxr-x 1 cc cc      32 Mar 27 13:13 sem.matrix-pull-wsem
-rwxrwxr-x 1 cc cc      32 Mar 27 13:13 sem.matrix-push-rsem
-rwxrwxr-x 1 cc cc      32 Mar 27 13:13 sem.matrix-push-wsem
 === clean up ===
total 0
total 0
 === done ===
 *============== Launching remote tsd at 9 =============* 
 ====== tsd launch complete. You have 1 tsd instance. ====== 
cc        62681  0.0  0.0 144504  4984 ?        Sl   13:16   0:00 /home/cc/Synergy4/s4c00/cmake-build-debug/sng_tsd /home/cc/Synergy4/s4c00/etc/sng9.json /home/cc/Synergy4/s4c00/etc/synergy-log.conf
cc        62683  0.0  0.0  12944   976 ?        S    13:16   0:00 grep sng_tsd
 ============================================================ 
 === before clean up === 
~~~~~~ ls -l /tmp
total 20
drwx------ 3 cc cc 4096 Mar 27 13:14 ompi.sng-10.1000
-rw------- 1 cc cc 4159 Mar 27 13:16 synergy4_p2pmd_63019.log
-rw------- 1 cc cc  770 Mar 27 13:13 synergy4_parser_63019.log
-rw------- 1 cc cc 3973 Mar 27 13:14 synergy4_tsd_63019.log
srwxrwxr-x 1 cc cc    0 Mar 27 13:13 tsd1
~~~~~~ ls -l /dev/shm
total 16
-rwxrwxr-x 1 cc cc 4000000 Mar 27 13:13 matrix-pull
-rwxrwxr-x 1 cc cc 4000000 Mar 27 13:13 matrix-push
-rwxrwxr-x 1 cc cc      32 Mar 27 13:13 sem.matrix-pull-rsem
-rwxrwxr-x 1 cc cc      32 Mar 27 13:13 sem.matrix-pull-wsem
-rwxrwxr-x 1 cc cc      32 Mar 27 13:13 sem.matrix-push-rsem
-rwxrwxr-x 1 cc cc      32 Mar 27 13:13 sem.matrix-push-wsem
 === clean up ===
total 0
total 0
 === done ===
 *============== Launching remote tsd at 10 =============* 
 ====== tsd launch complete. You have 1 tsd instance. ====== 
cc        63613  0.0  0.0 144504  5024 ?        Sl   13:16   0:00 /home/cc/Synergy4/s4c00/cmake-build-debug/sng_tsd /home/cc/Synergy4/s4c00/etc/sng10.json /home/cc/Synergy4/s4c00/etc/synergy-log.conf
cc        63615  0.0  0.0  12944   968 ?        S    13:16   0:00 grep sng_tsd
 ============================================================ 
 === before clean up === 
~~~~~~ ls -l /tmp
total 16
-rw------- 1 cc cc 4160 Mar 27 13:16 synergy4_p2pmd_62412.log
-rw------- 1 cc cc  772 Mar 27 13:13 synergy4_parser_62412.log
-rw------- 1 cc cc 3973 Mar 27 13:15 synergy4_tsd_62412.log
srwxrwxr-x 1 cc cc    0 Mar 27 13:13 tsd1
~~~~~~ ls -l /dev/shm
total 16
-rwxrwxr-x 1 cc cc 4000000 Mar 27 13:13 matrix-pull
-rwxrwxr-x 1 cc cc 4000000 Mar 27 13:13 matrix-push
-rwxrwxr-x 1 cc cc      32 Mar 27 13:13 sem.matrix-pull-rsem
-rwxrwxr-x 1 cc cc      32 Mar 27 13:13 sem.matrix-pull-wsem
-rwxrwxr-x 1 cc cc      32 Mar 27 13:13 sem.matrix-push-rsem
-rwxrwxr-x 1 cc cc      32 Mar 27 13:13 sem.matrix-push-wsem
 === clean up ===
total 0
total 0
 === done ===
 *============== Launching remote tsd at 11 =============* 
 ====== tsd launch complete. You have 1 tsd instance. ====== 
cc        63003  0.0  0.0 144504  4940 ?        Sl   13:16   0:00 /home/cc/Synergy4/s4c00/cmake-build-debug/sng_tsd /home/cc/Synergy4/s4c00/etc/sng11.json /home/cc/Synergy4/s4c00/etc/synergy-log.conf
cc        63005  0.0  0.0  12944   960 ?        S    13:16   0:00 grep sng_tsd
 ============================================================ 
 === before clean up === 
~~~~~~ ls -l /tmp
total 16
-rw------- 1 cc cc 4159 Mar 27 13:16 synergy4_p2pmd_62971.log
-rw------- 1 cc cc  770 Mar 27 13:13 synergy4_parser_62971.log
-rw------- 1 cc cc 3973 Mar 27 13:15 synergy4_tsd_62971.log
srwxrwxr-x 1 cc cc    0 Mar 27 13:13 tsd1
~~~~~~ ls -l /dev/shm
total 16
-rwxrwxr-x 1 cc cc 4000000 Mar 27 13:13 matrix-pull
-rwxrwxr-x 1 cc cc 4000000 Mar 27 13:13 matrix-push
-rwxrwxr-x 1 cc cc      32 Mar 27 13:13 sem.matrix-pull-rsem
-rwxrwxr-x 1 cc cc      32 Mar 27 13:13 sem.matrix-pull-wsem
-rwxrwxr-x 1 cc cc      32 Mar 27 13:13 sem.matrix-push-rsem
-rwxrwxr-x 1 cc cc      32 Mar 27 13:13 sem.matrix-push-wsem
 === clean up ===
total 0
total 0
 === done ===
 *============== Launching remote tsd at 12 =============* 
 ====== tsd launch complete. You have 1 tsd instance. ====== 
cc        63572  0.0  0.0 144504  4944 ?        Sl   13:16   0:00 /home/cc/Synergy4/s4c00/cmake-build-debug/sng_tsd /home/cc/Synergy4/s4c00/etc/sng12.json /home/cc/Synergy4/s4c00/etc/synergy-log.conf
cc        63574  0.0  0.0  12944   968 ?        S    13:16   0:00 grep sng_tsd
 ============================================================ 
