 === before clean up === 
~~~~~~ ls -l /tmp
total 1276
-rw------- 1 cc cc 787884 Mar 27 14:11 synergy4_115847.log
-rw------- 1 cc cc   6345 Mar 27 14:11 synergy4_p2pmd_115847.log
-rw------- 1 cc cc    768 Mar 27 14:09 synergy4_parser_115847.log
-rw------- 1 cc cc 501511 Mar 27 14:11 synergy4_tsd_115847.log
srwxrwxr-x 1 cc cc      0 Mar 27 14:09 tsd1
~~~~~~ ls -l /dev/shm
total 7832
-rwxrwxr-x 1 cc cc 4000000 Mar 27 14:10 matrix-pull
-rwxrwxr-x 1 cc cc 4000000 Mar 27 14:10 matrix-push
-rwxrwxr-x 1 cc cc      32 Mar 27 14:09 sem.matrix-pull-rsem
-rwxrwxr-x 1 cc cc      32 Mar 27 14:09 sem.matrix-pull-wsem
-rwxrwxr-x 1 cc cc      32 Mar 27 14:09 sem.matrix-push-rsem
-rwxrwxr-x 1 cc cc      32 Mar 27 14:09 sem.matrix-push-wsem
 === clean up ===
total 0
total 0
 === done ===
 *============== Launching remote tsd at 1 =============* 
 ====== tsd launch complete. You have 1 tsd instance. ====== 
cc       116379  0.0  0.0 144504  5100 ?        Sl   14:11   0:00 /home/cc/Synergy4/s4c00/cmake-build-debug/sng_tsd /home/cc/Synergy4/s4c00/etc/sng1.json /home/cc/Synergy4/s4c00/etc/synergy-log.conf
cc       116381  0.0  0.0  12944   940 ?        S    14:11   0:00 grep sng_tsd
 ============================================================ 
 === before clean up === 
~~~~~~ ls -l /tmp
total 36
-rw------- 1 cc cc 24066 Mar 27 14:11 synergy4_p2pmd_104369.log
-rw------- 1 cc cc   768 Mar 27 14:09 synergy4_parser_104369.log
-rw------- 1 cc cc  7107 Mar 27 14:11 synergy4_tsd_104369.log
srwxrwxr-x 1 cc cc     0 Mar 27 14:09 tsd1
~~~~~~ ls -l /dev/shm
total 16
-rwxrwxr-x 1 cc cc 4000000 Mar 27 14:09 matrix-pull
-rwxrwxr-x 1 cc cc 4000000 Mar 27 14:09 matrix-push
-rwxrwxr-x 1 cc cc      32 Mar 27 14:09 sem.matrix-pull-rsem
-rwxrwxr-x 1 cc cc      32 Mar 27 14:09 sem.matrix-pull-wsem
-rwxrwxr-x 1 cc cc      32 Mar 27 14:09 sem.matrix-push-rsem
-rwxrwxr-x 1 cc cc      32 Mar 27 14:09 sem.matrix-push-wsem
 === clean up ===
total 0
total 0
 === done ===
 *============== Launching remote tsd at 2 =============* 
 ====== tsd launch complete. You have 1 tsd instance. ====== 
cc       104954  0.0  0.0 144504  4952 ?        Sl   14:11   0:00 /home/cc/Synergy4/s4c00/cmake-build-debug/sng_tsd /home/cc/Synergy4/s4c00/etc/sng2.json /home/cc/Synergy4/s4c00/etc/synergy-log.conf
cc       104956  0.0  0.0  12944   940 ?        S    14:11   0:00 grep sng_tsd
 ============================================================ 
 === before clean up === 
~~~~~~ ls -l /tmp
total 28
-rw------- 1 cc cc 13860 Mar 27 14:11 synergy4_p2pmd_103634.log
-rw------- 1 cc cc   764 Mar 27 14:09 synergy4_parser_103634.log
-rw------- 1 cc cc  7107 Mar 27 14:11 synergy4_tsd_103634.log
srwxrwxr-x 1 cc cc     0 Mar 27 14:09 tsd1
~~~~~~ ls -l /dev/shm
total 16
-rwxrwxr-x 1 cc cc 4000000 Mar 27 14:09 matrix-pull
-rwxrwxr-x 1 cc cc 4000000 Mar 27 14:09 matrix-push
-rwxrwxr-x 1 cc cc      32 Mar 27 14:09 sem.matrix-pull-rsem
-rwxrwxr-x 1 cc cc      32 Mar 27 14:09 sem.matrix-pull-wsem
-rwxrwxr-x 1 cc cc      32 Mar 27 14:09 sem.matrix-push-rsem
-rwxrwxr-x 1 cc cc      32 Mar 27 14:09 sem.matrix-push-wsem
 === clean up ===
total 0
total 0
 === done ===
 *============== Launching remote tsd at 3 =============* 
 ====== tsd launch complete. You have 1 tsd instance. ====== 
cc       104231  0.0  0.0 144504  7028 ?        Sl   14:11   0:00 /home/cc/Synergy4/s4c00/cmake-build-debug/sng_tsd /home/cc/Synergy4/s4c00/etc/sng3.json /home/cc/Synergy4/s4c00/etc/synergy-log.conf
cc       104233  0.0  0.0  12944  1088 ?        S    14:11   0:00 grep sng_tsd
 ============================================================ 
 === before clean up === 
~~~~~~ ls -l /tmp
total 12
-rw------- 1 cc cc 2716 Mar 27 14:11 synergy4_p2pmd_87357.log
-rw------- 1 cc cc  768 Mar 27 14:09 synergy4_parser_87357.log
-rw------- 1 cc cc 3973 Mar 27 14:10 synergy4_tsd_87357.log
srwxrwxr-x 1 cc cc    0 Mar 27 14:09 tsd1
~~~~~~ ls -l /dev/shm
total 16
-rwxrwxr-x 1 cc cc 4000000 Mar 27 14:09 matrix-pull
-rwxrwxr-x 1 cc cc 4000000 Mar 27 14:09 matrix-push
-rwxrwxr-x 1 cc cc      32 Mar 27 14:09 sem.matrix-pull-rsem
-rwxrwxr-x 1 cc cc      32 Mar 27 14:09 sem.matrix-pull-wsem
-rwxrwxr-x 1 cc cc      32 Mar 27 14:09 sem.matrix-push-rsem
-rwxrwxr-x 1 cc cc      32 Mar 27 14:09 sem.matrix-push-wsem
 === clean up ===
total 0
total 0
 === done ===
 *============== Launching remote tsd at 4 =============* 
 ====== tsd launch complete. You have 1 tsd instance. ====== 
cc        87941  0.0  0.0 144504  4940 ?        Sl   14:11   0:00 /home/cc/Synergy4/s4c00/cmake-build-debug/sng_tsd /home/cc/Synergy4/s4c00/etc/sng4.json /home/cc/Synergy4/s4c00/etc/synergy-log.conf
cc        87943  0.0  0.0  12944   940 ?        S    14:11   0:00 grep sng_tsd
 ============================================================ 
 === before clean up === 
~~~~~~ ls -l /tmp
total 12
-rw------- 1 cc cc 2716 Mar 27 14:11 synergy4_p2pmd_86462.log
-rw------- 1 cc cc  768 Mar 27 14:09 synergy4_parser_86462.log
-rw------- 1 cc cc 3973 Mar 27 14:10 synergy4_tsd_86462.log
srwxrwxr-x 1 cc cc    0 Mar 27 14:09 tsd1
~~~~~~ ls -l /dev/shm
total 16
-rwxrwxr-x 1 cc cc 4000000 Mar 27 14:09 matrix-pull
-rwxrwxr-x 1 cc cc 4000000 Mar 27 14:09 matrix-push
-rwxrwxr-x 1 cc cc      32 Mar 27 14:09 sem.matrix-pull-rsem
-rwxrwxr-x 1 cc cc      32 Mar 27 14:09 sem.matrix-pull-wsem
-rwxrwxr-x 1 cc cc      32 Mar 27 14:09 sem.matrix-push-rsem
-rwxrwxr-x 1 cc cc      32 Mar 27 14:09 sem.matrix-push-wsem
 === clean up ===
total 0
total 0
 === done ===
 *============== Launching remote tsd at 5 =============* 
 ====== tsd launch complete. You have 1 tsd instance. ====== 
cc        87046  0.0  0.0 144504  4976 ?        Sl   14:11   0:00 /home/cc/Synergy4/s4c00/cmake-build-debug/sng_tsd /home/cc/Synergy4/s4c00/etc/sng5.json /home/cc/Synergy4/s4c00/etc/synergy-log.conf
cc        87048  0.0  0.0  12944   964 ?        S    14:11   0:00 grep sng_tsd
 ============================================================ 
 === before clean up === 
~~~~~~ ls -l /tmp
total 12
-rw------- 1 cc cc 2819 Mar 27 14:11 synergy4_p2pmd_86137.log
-rw------- 1 cc cc  768 Mar 27 14:09 synergy4_parser_86137.log
-rw------- 1 cc cc 3973 Mar 27 14:10 synergy4_tsd_86137.log
srwxrwxr-x 1 cc cc    0 Mar 27 14:09 tsd1
~~~~~~ ls -l /dev/shm
total 16
-rwxrwxr-x 1 cc cc 4000000 Mar 27 14:09 matrix-pull
-rwxrwxr-x 1 cc cc 4000000 Mar 27 14:09 matrix-push
-rwxrwxr-x 1 cc cc      32 Mar 27 14:09 sem.matrix-pull-rsem
-rwxrwxr-x 1 cc cc      32 Mar 27 14:09 sem.matrix-pull-wsem
-rwxrwxr-x 1 cc cc      32 Mar 27 14:09 sem.matrix-push-rsem
-rwxrwxr-x 1 cc cc      32 Mar 27 14:09 sem.matrix-push-wsem
 === clean up ===
total 0
total 0
 === done ===
 *============== Launching remote tsd at 6 =============* 
 ====== tsd launch complete. You have 1 tsd instance. ====== 
cc        86723  0.0  0.0 144504  7068 ?        Sl   14:11   0:00 /home/cc/Synergy4/s4c00/cmake-build-debug/sng_tsd /home/cc/Synergy4/s4c00/etc/sng6.json /home/cc/Synergy4/s4c00/etc/synergy-log.conf
cc        86725  0.0  0.0  12944   932 ?        S    14:11   0:00 grep sng_tsd
 ============================================================ 
 === before clean up === 
~~~~~~ ls -l /tmp
total 12
-rw------- 1 cc cc 2919 Mar 27 14:11 synergy4_p2pmd_81848.log
-rw------- 1 cc cc  768 Mar 27 14:09 synergy4_parser_81848.log
-rw------- 1 cc cc 3973 Mar 27 14:10 synergy4_tsd_81848.log
srwxrwxr-x 1 cc cc    0 Mar 27 14:09 tsd1
~~~~~~ ls -l /dev/shm
total 16
-rwxrwxr-x 1 cc cc 4000000 Mar 27 14:09 matrix-pull
-rwxrwxr-x 1 cc cc 4000000 Mar 27 14:09 matrix-push
-rwxrwxr-x 1 cc cc      32 Mar 27 14:09 sem.matrix-pull-rsem
-rwxrwxr-x 1 cc cc      32 Mar 27 14:09 sem.matrix-pull-wsem
-rwxrwxr-x 1 cc cc      32 Mar 27 14:09 sem.matrix-push-rsem
-rwxrwxr-x 1 cc cc      32 Mar 27 14:09 sem.matrix-push-wsem
 === clean up ===
total 0
total 0
 === done ===
 *============== Launching remote tsd at 7 =============* 
 ====== tsd launch complete. You have 1 tsd instance. ====== 
cc        82435  0.0  0.0 144504  7100 ?        Sl   14:11   0:00 /home/cc/Synergy4/s4c00/cmake-build-debug/sng_tsd /home/cc/Synergy4/s4c00/etc/sng7.json /home/cc/Synergy4/s4c00/etc/synergy-log.conf
cc        82437  0.0  0.0  12944  1028 ?        S    14:11   0:00 grep sng_tsd
 ============================================================ 
 === before clean up === 
~~~~~~ ls -l /tmp
total 12
-rw------- 1 cc cc 2819 Mar 27 14:11 synergy4_p2pmd_82050.log
-rw------- 1 cc cc  768 Mar 27 14:09 synergy4_parser_82050.log
-rw------- 1 cc cc 3973 Mar 27 14:10 synergy4_tsd_82050.log
srwxrwxr-x 1 cc cc    0 Mar 27 14:09 tsd1
~~~~~~ ls -l /dev/shm
total 16
-rwxrwxr-x 1 cc cc 4000000 Mar 27 14:09 matrix-pull
-rwxrwxr-x 1 cc cc 4000000 Mar 27 14:09 matrix-push
-rwxrwxr-x 1 cc cc      32 Mar 27 14:09 sem.matrix-pull-rsem
-rwxrwxr-x 1 cc cc      32 Mar 27 14:09 sem.matrix-pull-wsem
-rwxrwxr-x 1 cc cc      32 Mar 27 14:09 sem.matrix-push-rsem
-rwxrwxr-x 1 cc cc      32 Mar 27 14:09 sem.matrix-push-wsem
 === clean up ===
total 0
total 0
 === done ===
 *============== Launching remote tsd at 8 =============* 
 ====== tsd launch complete. You have 1 tsd instance. ====== 
cc        82644  0.0  0.0 144504  5020 ?        Sl   14:11   0:00 /home/cc/Synergy4/s4c00/cmake-build-debug/sng_tsd /home/cc/Synergy4/s4c00/etc/sng8.json /home/cc/Synergy4/s4c00/etc/synergy-log.conf
cc        82646  0.0  0.0  12944  1012 ?        S    14:11   0:00 grep sng_tsd
 ============================================================ 
 === before clean up === 
~~~~~~ ls -l /tmp
total 12
-rw------- 1 cc cc 2820 Mar 27 14:11 synergy4_p2pmd_75675.log
-rw------- 1 cc cc  770 Mar 27 14:09 synergy4_parser_75675.log
-rw------- 1 cc cc 3973 Mar 27 14:10 synergy4_tsd_75675.log
srwxrwxr-x 1 cc cc    0 Mar 27 14:09 tsd1
~~~~~~ ls -l /dev/shm
total 16
-rwxrwxr-x 1 cc cc 4000000 Mar 27 14:09 matrix-pull
-rwxrwxr-x 1 cc cc 4000000 Mar 27 14:09 matrix-push
-rwxrwxr-x 1 cc cc      32 Mar 27 14:09 sem.matrix-pull-rsem
-rwxrwxr-x 1 cc cc      32 Mar 27 14:09 sem.matrix-pull-wsem
-rwxrwxr-x 1 cc cc      32 Mar 27 14:09 sem.matrix-push-rsem
-rwxrwxr-x 1 cc cc      32 Mar 27 14:09 sem.matrix-push-wsem
 === clean up ===
total 0
total 0
 === done ===
 *============== Launching remote tsd at 9 =============* 
 ====== tsd launch complete. You have 1 tsd instance. ====== 
cc        76259  0.0  0.0 144504  4912 ?        Sl   14:11   0:00 /home/cc/Synergy4/s4c00/cmake-build-debug/sng_tsd /home/cc/Synergy4/s4c00/etc/sng9.json /home/cc/Synergy4/s4c00/etc/synergy-log.conf
cc        76261  0.0  0.0  12944   972 ?        S    14:11   0:00 grep sng_tsd
 ============================================================ 
 === before clean up === 
~~~~~~ ls -l /tmp
total 12
-rw------- 1 cc cc 2820 Mar 27 14:11 synergy4_p2pmd_76620.log
-rw------- 1 cc cc  770 Mar 27 14:09 synergy4_parser_76620.log
-rw------- 1 cc cc 3973 Mar 27 14:10 synergy4_tsd_76620.log
srwxrwxr-x 1 cc cc    0 Mar 27 14:09 tsd1
~~~~~~ ls -l /dev/shm
total 16
-rwxrwxr-x 1 cc cc 4000000 Mar 27 14:09 matrix-pull
-rwxrwxr-x 1 cc cc 4000000 Mar 27 14:09 matrix-push
-rwxrwxr-x 1 cc cc      32 Mar 27 14:09 sem.matrix-pull-rsem
-rwxrwxr-x 1 cc cc      32 Mar 27 14:09 sem.matrix-pull-wsem
-rwxrwxr-x 1 cc cc      32 Mar 27 14:09 sem.matrix-push-rsem
-rwxrwxr-x 1 cc cc      32 Mar 27 14:09 sem.matrix-push-wsem
 === clean up ===
total 0
total 0
 === done ===
 *============== Launching remote tsd at 10 =============* 
 ====== tsd launch complete. You have 1 tsd instance. ====== 
cc        77205  0.0  0.0 144504  4952 ?        Sl   14:11   0:00 /home/cc/Synergy4/s4c00/cmake-build-debug/sng_tsd /home/cc/Synergy4/s4c00/etc/sng10.json /home/cc/Synergy4/s4c00/etc/synergy-log.conf
cc        77207  0.0  0.0  12944   976 ?        S    14:11   0:00 grep sng_tsd
 ============================================================ 
 === before clean up === 
~~~~~~ ls -l /tmp
total 12
-rw------- 1 cc cc 2821 Mar 27 14:11 synergy4_p2pmd_75973.log
-rw------- 1 cc cc  772 Mar 27 14:09 synergy4_parser_75973.log
-rw------- 1 cc cc 3973 Mar 27 14:10 synergy4_tsd_75973.log
srwxrwxr-x 1 cc cc    0 Mar 27 14:09 tsd1
~~~~~~ ls -l /dev/shm
total 16
-rwxrwxr-x 1 cc cc 4000000 Mar 27 14:09 matrix-pull
-rwxrwxr-x 1 cc cc 4000000 Mar 27 14:09 matrix-push
-rwxrwxr-x 1 cc cc      32 Mar 27 14:09 sem.matrix-pull-rsem
-rwxrwxr-x 1 cc cc      32 Mar 27 14:09 sem.matrix-pull-wsem
-rwxrwxr-x 1 cc cc      32 Mar 27 14:09 sem.matrix-push-rsem
-rwxrwxr-x 1 cc cc      32 Mar 27 14:09 sem.matrix-push-wsem
 === clean up ===
total 0
total 0
 === done ===
 *============== Launching remote tsd at 11 =============* 
 ====== tsd launch complete. You have 1 tsd instance. ====== 
cc        76561  0.0  0.0 144504  5016 ?        Sl   14:11   0:00 /home/cc/Synergy4/s4c00/cmake-build-debug/sng_tsd /home/cc/Synergy4/s4c00/etc/sng11.json /home/cc/Synergy4/s4c00/etc/synergy-log.conf
cc        76563  0.0  0.0  12944  1088 ?        S    14:11   0:00 grep sng_tsd
 ============================================================ 
 === before clean up === 
~~~~~~ ls -l /tmp
total 12
-rw------- 1 cc cc 2820 Mar 27 14:11 synergy4_p2pmd_76579.log
-rw------- 1 cc cc  770 Mar 27 14:09 synergy4_parser_76579.log
-rw------- 1 cc cc 3973 Mar 27 14:10 synergy4_tsd_76579.log
srwxrwxr-x 1 cc cc    0 Mar 27 14:09 tsd1
~~~~~~ ls -l /dev/shm
total 16
-rwxrwxr-x 1 cc cc 4000000 Mar 27 14:09 matrix-pull
-rwxrwxr-x 1 cc cc 4000000 Mar 27 14:09 matrix-push
-rwxrwxr-x 1 cc cc      32 Mar 27 14:09 sem.matrix-pull-rsem
-rwxrwxr-x 1 cc cc      32 Mar 27 14:09 sem.matrix-pull-wsem
-rwxrwxr-x 1 cc cc      32 Mar 27 14:09 sem.matrix-push-rsem
-rwxrwxr-x 1 cc cc      32 Mar 27 14:09 sem.matrix-push-wsem
 === clean up ===
total 0
total 0
 === done ===
 *============== Launching remote tsd at 12 =============* 
 ====== tsd launch complete. You have 1 tsd instance. ====== 
cc        77166  0.0  0.0 144504  4976 ?        Sl   14:11   0:00 /home/cc/Synergy4/s4c00/cmake-build-debug/sng_tsd /home/cc/Synergy4/s4c00/etc/sng12.json /home/cc/Synergy4/s4c00/etc/synergy-log.conf
cc        77168  0.0  0.0  12944  1016 ?        S    14:11   0:00 grep sng_tsd
 ============================================================ 
