 === before clean up === 
~~~~~~ ls -l /tmp
total 1788
-rw------- 1 cc cc 1419328 Mar 27 17:20 synergy4_149438.log
-rw------- 1 cc cc   11073 Mar 27 17:20 synergy4_p2pmd_149438.log
-rw------- 1 cc cc     768 Mar 27 17:17 synergy4_parser_149438.log
-rw------- 1 cc cc  390602 Mar 27 17:20 synergy4_tsd_149438.log
srwxrwxr-x 1 cc cc       0 Mar 27 17:17 tsd1
~~~~~~ ls -l /dev/shm
total 7832
-rwxrwxr-x 1 cc cc 4000000 Mar 27 17:18 matrix-pull
-rwxrwxr-x 1 cc cc 4000000 Mar 27 17:18 matrix-push
-rwxrwxr-x 1 cc cc      32 Mar 27 17:17 sem.matrix-pull-rsem
-rwxrwxr-x 1 cc cc      32 Mar 27 17:17 sem.matrix-pull-wsem
-rwxrwxr-x 1 cc cc      32 Mar 27 17:17 sem.matrix-push-rsem
-rwxrwxr-x 1 cc cc      32 Mar 27 17:17 sem.matrix-push-wsem
 === clean up ===
total 0
total 0
 === done ===
 *============== Launching remote tsd at 1 =============* 
 ====== tsd launch complete. You have 1 tsd instance. ====== 
cc       149978  0.0  0.0 144504  4944 ?        Sl   17:20   0:00 /home/cc/Synergy4/s4c00/cmake-build-debug/sng_tsd /home/cc/Synergy4/s4c00/etc/sng1.json /home/cc/Synergy4/s4c00/etc/synergy-log.conf
cc       149980  0.0  0.0  12944  1028 ?        S    17:20   0:00 grep sng_tsd
 ============================================================ 
 === before clean up === 
~~~~~~ ls -l /tmp
total 28
-rw------- 1 cc cc 13925 Mar 27 17:20 synergy4_p2pmd_140577.log
-rw------- 1 cc cc   768 Mar 27 17:17 synergy4_parser_140577.log
-rw------- 1 cc cc  7107 Mar 27 17:20 synergy4_tsd_140577.log
srwxrwxr-x 1 cc cc     0 Mar 27 17:17 tsd1
~~~~~~ ls -l /dev/shm
total 16
-rwxrwxr-x 1 cc cc 4000000 Mar 27 17:17 matrix-pull
-rwxrwxr-x 1 cc cc 4000000 Mar 27 17:17 matrix-push
-rwxrwxr-x 1 cc cc      32 Mar 27 17:17 sem.matrix-pull-rsem
-rwxrwxr-x 1 cc cc      32 Mar 27 17:17 sem.matrix-pull-wsem
-rwxrwxr-x 1 cc cc      32 Mar 27 17:17 sem.matrix-push-rsem
-rwxrwxr-x 1 cc cc      32 Mar 27 17:17 sem.matrix-push-wsem
 === clean up ===
total 0
total 0
 === done ===
 *============== Launching remote tsd at 2 =============* 
 ====== tsd launch complete. You have 1 tsd instance. ====== 
cc       141175  0.0  0.0 144504  6960 ?        Sl   17:20   0:00 /home/cc/Synergy4/s4c00/cmake-build-debug/sng_tsd /home/cc/Synergy4/s4c00/etc/sng2.json /home/cc/Synergy4/s4c00/etc/synergy-log.conf
cc       141177  0.0  0.0  12944   940 ?        S    17:20   0:00 grep sng_tsd
 ============================================================ 
 === before clean up === 
~~~~~~ ls -l /tmp
total 28
-rw------- 1 cc cc 14022 Mar 27 17:20 synergy4_p2pmd_139891.log
-rw------- 1 cc cc   764 Mar 27 17:17 synergy4_parser_139891.log
-rw------- 1 cc cc  7107 Mar 27 17:20 synergy4_tsd_139891.log
srwxrwxr-x 1 cc cc     0 Mar 27 17:17 tsd1
~~~~~~ ls -l /dev/shm
total 16
-rwxrwxr-x 1 cc cc 4000000 Mar 27 17:17 matrix-pull
-rwxrwxr-x 1 cc cc 4000000 Mar 27 17:17 matrix-push
-rwxrwxr-x 1 cc cc      32 Mar 27 17:17 sem.matrix-pull-rsem
-rwxrwxr-x 1 cc cc      32 Mar 27 17:17 sem.matrix-pull-wsem
-rwxrwxr-x 1 cc cc      32 Mar 27 17:17 sem.matrix-push-rsem
-rwxrwxr-x 1 cc cc      32 Mar 27 17:17 sem.matrix-push-wsem
 === clean up ===
total 0
total 0
 === done ===
 *============== Launching remote tsd at 3 =============* 
 ====== tsd launch complete. You have 1 tsd instance. ====== 
cc       140482  0.0  0.0 144504  5012 ?        Sl   17:20   0:00 /home/cc/Synergy4/s4c00/cmake-build-debug/sng_tsd /home/cc/Synergy4/s4c00/etc/sng3.json /home/cc/Synergy4/s4c00/etc/synergy-log.conf
cc       140484  0.0  0.0  12944   980 ?        S    17:20   0:00 grep sng_tsd
 ============================================================ 
 === before clean up === 
~~~~~~ ls -l /tmp
total 16
-rw------- 1 cc cc 4302 Mar 27 17:20 synergy4_p2pmd_123875.log
-rw------- 1 cc cc  768 Mar 27 17:17 synergy4_parser_123875.log
-rw------- 1 cc cc 4009 Mar 27 17:18 synergy4_tsd_123875.log
srwxrwxr-x 1 cc cc    0 Mar 27 17:17 tsd1
~~~~~~ ls -l /dev/shm
total 16
-rwxrwxr-x 1 cc cc 4000000 Mar 27 17:17 matrix-pull
-rwxrwxr-x 1 cc cc 4000000 Mar 27 17:17 matrix-push
-rwxrwxr-x 1 cc cc      32 Mar 27 17:17 sem.matrix-pull-rsem
-rwxrwxr-x 1 cc cc      32 Mar 27 17:17 sem.matrix-pull-wsem
-rwxrwxr-x 1 cc cc      32 Mar 27 17:17 sem.matrix-push-rsem
-rwxrwxr-x 1 cc cc      32 Mar 27 17:17 sem.matrix-push-wsem
 === clean up ===
total 0
total 0
 === done ===
 *============== Launching remote tsd at 4 =============* 
 ====== tsd launch complete. You have 1 tsd instance. ====== 
cc       124462  0.0  0.0 144504  6996 ?        Sl   17:20   0:00 /home/cc/Synergy4/s4c00/cmake-build-debug/sng_tsd /home/cc/Synergy4/s4c00/etc/sng4.json /home/cc/Synergy4/s4c00/etc/synergy-log.conf
cc       124464  0.0  0.0  12944   936 ?        S    17:20   0:00 grep sng_tsd
 ============================================================ 
 === before clean up === 
~~~~~~ ls -l /tmp
total 16
-rw------- 1 cc cc 4302 Mar 27 17:20 synergy4_p2pmd_122633.log
-rw------- 1 cc cc  768 Mar 27 17:17 synergy4_parser_122633.log
-rw------- 1 cc cc 4009 Mar 27 17:18 synergy4_tsd_122633.log
srwxrwxr-x 1 cc cc    0 Mar 27 17:17 tsd1
~~~~~~ ls -l /dev/shm
total 16
-rwxrwxr-x 1 cc cc 4000000 Mar 27 17:17 matrix-pull
-rwxrwxr-x 1 cc cc 4000000 Mar 27 17:17 matrix-push
-rwxrwxr-x 1 cc cc      32 Mar 27 17:17 sem.matrix-pull-rsem
-rwxrwxr-x 1 cc cc      32 Mar 27 17:17 sem.matrix-pull-wsem
-rwxrwxr-x 1 cc cc      32 Mar 27 17:17 sem.matrix-push-rsem
-rwxrwxr-x 1 cc cc      32 Mar 27 17:17 sem.matrix-push-wsem
 === clean up ===
total 0
total 0
 === done ===
 *============== Launching remote tsd at 5 =============* 
 ====== tsd launch complete. You have 1 tsd instance. ====== 
cc       123228  0.0  0.0 144504  4972 ?        Sl   17:20   0:00 /home/cc/Synergy4/s4c00/cmake-build-debug/sng_tsd /home/cc/Synergy4/s4c00/etc/sng5.json /home/cc/Synergy4/s4c00/etc/synergy-log.conf
cc       123230  0.0  0.0  12944   936 ?        S    17:20   0:00 grep sng_tsd
 ============================================================ 
 === before clean up === 
~~~~~~ ls -l /tmp
total 16
-rw------- 1 cc cc 4302 Mar 27 17:20 synergy4_p2pmd_122407.log
-rw------- 1 cc cc  768 Mar 27 17:17 synergy4_parser_122407.log
-rw------- 1 cc cc 4009 Mar 27 17:18 synergy4_tsd_122407.log
srwxrwxr-x 1 cc cc    0 Mar 27 17:17 tsd1
~~~~~~ ls -l /dev/shm
total 16
-rwxrwxr-x 1 cc cc 4000000 Mar 27 17:17 matrix-pull
-rwxrwxr-x 1 cc cc 4000000 Mar 27 17:17 matrix-push
-rwxrwxr-x 1 cc cc      32 Mar 27 17:17 sem.matrix-pull-rsem
-rwxrwxr-x 1 cc cc      32 Mar 27 17:17 sem.matrix-pull-wsem
-rwxrwxr-x 1 cc cc      32 Mar 27 17:17 sem.matrix-push-rsem
-rwxrwxr-x 1 cc cc      32 Mar 27 17:17 sem.matrix-push-wsem
 === clean up ===
total 0
total 0
 === done ===
 *============== Launching remote tsd at 6 =============* 
 ====== tsd launch complete. You have 1 tsd instance. ====== 
cc       122990  0.0  0.0 144504  4948 ?        Sl   17:20   0:00 /home/cc/Synergy4/s4c00/cmake-build-debug/sng_tsd /home/cc/Synergy4/s4c00/etc/sng6.json /home/cc/Synergy4/s4c00/etc/synergy-log.conf
cc       122992  0.0  0.0  12944  1008 ?        S    17:20   0:00 grep sng_tsd
 ============================================================ 
 === before clean up === 
~~~~~~ ls -l /tmp
total 20
-rw------- 1 cc cc 9050 Mar 27 17:20 synergy4_p2pmd_118045.log
-rw------- 1 cc cc  768 Mar 27 17:17 synergy4_parser_118045.log
-rw------- 1 cc cc 4009 Mar 27 17:18 synergy4_tsd_118045.log
srwxrwxr-x 1 cc cc    0 Mar 27 17:17 tsd1
~~~~~~ ls -l /dev/shm
total 16
-rwxrwxr-x 1 cc cc 4000000 Mar 27 17:17 matrix-pull
-rwxrwxr-x 1 cc cc 4000000 Mar 27 17:17 matrix-push
-rwxrwxr-x 1 cc cc      32 Mar 27 17:17 sem.matrix-pull-rsem
-rwxrwxr-x 1 cc cc      32 Mar 27 17:17 sem.matrix-pull-wsem
-rwxrwxr-x 1 cc cc      32 Mar 27 17:17 sem.matrix-push-rsem
-rwxrwxr-x 1 cc cc      32 Mar 27 17:17 sem.matrix-push-wsem
 === clean up ===
total 0
total 0
 === done ===
 *============== Launching remote tsd at 7 =============* 
 ====== tsd launch complete. You have 1 tsd instance. ====== 
cc       118648  0.0  0.0 144504  7084 ?        Sl   17:20   0:00 /home/cc/Synergy4/s4c00/cmake-build-debug/sng_tsd /home/cc/Synergy4/s4c00/etc/sng7.json /home/cc/Synergy4/s4c00/etc/synergy-log.conf
cc       118650  0.0  0.0  12944  1012 ?        S    17:20   0:00 grep sng_tsd
 ============================================================ 
 === before clean up === 
~~~~~~ ls -l /tmp
total 16
-rw------- 1 cc cc 4302 Mar 27 17:20 synergy4_p2pmd_118248.log
-rw------- 1 cc cc  768 Mar 27 17:17 synergy4_parser_118248.log
-rw------- 1 cc cc 4009 Mar 27 17:18 synergy4_tsd_118248.log
srwxrwxr-x 1 cc cc    0 Mar 27 17:17 tsd1
~~~~~~ ls -l /dev/shm
total 16
-rwxrwxr-x 1 cc cc 4000000 Mar 27 17:17 matrix-pull
-rwxrwxr-x 1 cc cc 4000000 Mar 27 17:17 matrix-push
-rwxrwxr-x 1 cc cc      32 Mar 27 17:17 sem.matrix-pull-rsem
-rwxrwxr-x 1 cc cc      32 Mar 27 17:17 sem.matrix-pull-wsem
-rwxrwxr-x 1 cc cc      32 Mar 27 17:17 sem.matrix-push-rsem
-rwxrwxr-x 1 cc cc      32 Mar 27 17:17 sem.matrix-push-wsem
 === clean up ===
total 0
total 0
 === done ===
 *============== Launching remote tsd at 8 =============* 
 ====== tsd launch complete. You have 1 tsd instance. ====== 
cc       118842  0.0  0.0 144504  5020 ?        Sl   17:20   0:00 /home/cc/Synergy4/s4c00/cmake-build-debug/sng_tsd /home/cc/Synergy4/s4c00/etc/sng8.json /home/cc/Synergy4/s4c00/etc/synergy-log.conf
cc       118844  0.0  0.0  12944  1072 ?        S    17:20   0:00 grep sng_tsd
 ============================================================ 
 === before clean up === 
~~~~~~ ls -l /tmp
total 16
-rw------- 1 cc cc 4609 Mar 27 17:20 synergy4_p2pmd_111886.log
-rw------- 1 cc cc  770 Mar 27 17:17 synergy4_parser_111886.log
-rw------- 1 cc cc 4009 Mar 27 17:18 synergy4_tsd_111886.log
srwxrwxr-x 1 cc cc    0 Mar 27 17:17 tsd1
~~~~~~ ls -l /dev/shm
total 16
-rwxrwxr-x 1 cc cc 4000000 Mar 27 17:17 matrix-pull
-rwxrwxr-x 1 cc cc 4000000 Mar 27 17:17 matrix-push
-rwxrwxr-x 1 cc cc      32 Mar 27 17:17 sem.matrix-pull-rsem
-rwxrwxr-x 1 cc cc      32 Mar 27 17:17 sem.matrix-pull-wsem
-rwxrwxr-x 1 cc cc      32 Mar 27 17:17 sem.matrix-push-rsem
-rwxrwxr-x 1 cc cc      32 Mar 27 17:17 sem.matrix-push-wsem
 === clean up ===
total 0
total 0
 === done ===
 *============== Launching remote tsd at 9 =============* 
 ====== tsd launch complete. You have 1 tsd instance. ====== 
cc       112479  0.0  0.0 144504  7020 ?        Sl   17:20   0:00 /home/cc/Synergy4/s4c00/cmake-build-debug/sng_tsd /home/cc/Synergy4/s4c00/etc/sng9.json /home/cc/Synergy4/s4c00/etc/synergy-log.conf
cc       112481  0.0  0.0  12944   968 ?        S    17:20   0:00 grep sng_tsd
 ============================================================ 
 === before clean up === 
~~~~~~ ls -l /tmp
total 16
-rw------- 1 cc cc 4407 Mar 27 17:20 synergy4_p2pmd_112908.log
-rw------- 1 cc cc  770 Mar 27 17:17 synergy4_parser_112908.log
-rw------- 1 cc cc 4009 Mar 27 17:18 synergy4_tsd_112908.log
srwxrwxr-x 1 cc cc    0 Mar 27 17:17 tsd1
~~~~~~ ls -l /dev/shm
total 16
-rwxrwxr-x 1 cc cc 4000000 Mar 27 17:17 matrix-pull
-rwxrwxr-x 1 cc cc 4000000 Mar 27 17:17 matrix-push
-rwxrwxr-x 1 cc cc      32 Mar 27 17:17 sem.matrix-pull-rsem
-rwxrwxr-x 1 cc cc      32 Mar 27 17:17 sem.matrix-pull-wsem
-rwxrwxr-x 1 cc cc      32 Mar 27 17:17 sem.matrix-push-rsem
-rwxrwxr-x 1 cc cc      32 Mar 27 17:17 sem.matrix-push-wsem
 === clean up ===
total 0
total 0
 === done ===
 *============== Launching remote tsd at 10 =============* 
 ====== tsd launch complete. You have 1 tsd instance. ====== 
cc       113500  0.0  0.0 144504  5108 ?        Sl   17:20   0:00 /home/cc/Synergy4/s4c00/cmake-build-debug/sng_tsd /home/cc/Synergy4/s4c00/etc/sng10.json /home/cc/Synergy4/s4c00/etc/synergy-log.conf
cc       113502  0.0  0.0  12944   912 ?        S    17:20   0:00 grep sng_tsd
 ============================================================ 
 === before clean up === 
~~~~~~ ls -l /tmp
total 16
-rw------- 1 cc cc 4408 Mar 27 17:20 synergy4_p2pmd_112214.log
-rw------- 1 cc cc  772 Mar 27 17:17 synergy4_parser_112214.log
-rw------- 1 cc cc 4009 Mar 27 17:18 synergy4_tsd_112214.log
srwxrwxr-x 1 cc cc    0 Mar 27 17:17 tsd1
~~~~~~ ls -l /dev/shm
total 16
-rwxrwxr-x 1 cc cc 4000000 Mar 27 17:17 matrix-pull
-rwxrwxr-x 1 cc cc 4000000 Mar 27 17:17 matrix-push
-rwxrwxr-x 1 cc cc      32 Mar 27 17:17 sem.matrix-pull-rsem
-rwxrwxr-x 1 cc cc      32 Mar 27 17:17 sem.matrix-pull-wsem
-rwxrwxr-x 1 cc cc      32 Mar 27 17:17 sem.matrix-push-rsem
-rwxrwxr-x 1 cc cc      32 Mar 27 17:17 sem.matrix-push-wsem
 === clean up ===
total 0
total 0
 === done ===
 *============== Launching remote tsd at 11 =============* 
 ====== tsd launch complete. You have 1 tsd instance. ====== 
cc       112817  0.0  0.0 144504  4972 ?        Sl   17:20   0:00 /home/cc/Synergy4/s4c00/cmake-build-debug/sng_tsd /home/cc/Synergy4/s4c00/etc/sng11.json /home/cc/Synergy4/s4c00/etc/synergy-log.conf
cc       112819  0.0  0.0  12944  1092 ?        S    17:20   0:00 grep sng_tsd
 ============================================================ 
 === before clean up === 
~~~~~~ ls -l /tmp
total 16
-rw------- 1 cc cc 4407 Mar 27 17:20 synergy4_p2pmd_112768.log
-rw------- 1 cc cc  770 Mar 27 17:17 synergy4_parser_112768.log
-rw------- 1 cc cc 4009 Mar 27 17:18 synergy4_tsd_112768.log
srwxrwxr-x 1 cc cc    0 Mar 27 17:17 tsd1
~~~~~~ ls -l /dev/shm
total 16
-rwxrwxr-x 1 cc cc 4000000 Mar 27 17:17 matrix-pull
-rwxrwxr-x 1 cc cc 4000000 Mar 27 17:17 matrix-push
-rwxrwxr-x 1 cc cc      32 Mar 27 17:17 sem.matrix-pull-rsem
-rwxrwxr-x 1 cc cc      32 Mar 27 17:17 sem.matrix-pull-wsem
-rwxrwxr-x 1 cc cc      32 Mar 27 17:17 sem.matrix-push-rsem
-rwxrwxr-x 1 cc cc      32 Mar 27 17:17 sem.matrix-push-wsem
 === clean up ===
total 0
total 0
 === done ===
 *============== Launching remote tsd at 12 =============* 
 ====== tsd launch complete. You have 1 tsd instance. ====== 
cc       113370  0.0  0.0 144504  7064 ?        Sl   17:20   0:00 /home/cc/Synergy4/s4c00/cmake-build-debug/sng_tsd /home/cc/Synergy4/s4c00/etc/sng12.json /home/cc/Synergy4/s4c00/etc/synergy-log.conf
cc       113372  0.0  0.0  12944  1016 ?        S    17:20   0:00 grep sng_tsd
 ============================================================ 
