 === before clean up === 
~~~~~~ ls -l /tmp
total 1704
-rw------- 1 cc cc 1390912 Mar 28 00:38 synergy4_174001.log
-rw------- 1 cc cc    7906 Mar 28 00:38 synergy4_p2pmd_174001.log
-rw------- 1 cc cc     768 Mar 28 00:35 synergy4_parser_174001.log
-rw------- 1 cc cc  338434 Mar 28 00:38 synergy4_tsd_174001.log
srwxrwxr-x 1 cc cc       0 Mar 28 00:35 tsd1
~~~~~~ ls -l /dev/shm
total 7832
-rwxrwxr-x 1 cc cc 4000000 Mar 28 00:37 matrix-pull
-rwxrwxr-x 1 cc cc 4000000 Mar 28 00:37 matrix-push
-rwxrwxr-x 1 cc cc      32 Mar 28 00:35 sem.matrix-pull-rsem
-rwxrwxr-x 1 cc cc      32 Mar 28 00:35 sem.matrix-pull-wsem
-rwxrwxr-x 1 cc cc      32 Mar 28 00:35 sem.matrix-push-rsem
-rwxrwxr-x 1 cc cc      32 Mar 28 00:35 sem.matrix-push-wsem
 === clean up ===
total 0
total 0
 === done ===
 *============== Launching remote tsd at 1 =============* 
 ====== tsd launch complete. You have 1 tsd instance. ====== 
cc       174540  0.0  0.0 144504  6996 ?        Sl   00:38   0:00 /home/cc/Synergy4/s4c00/cmake-build-debug/sng_tsd /home/cc/Synergy4/s4c00/etc/sng1.json /home/cc/Synergy4/s4c00/etc/synergy-log.conf
cc       174542  0.0  0.0  12944   924 ?        S    00:38   0:00 grep sng_tsd
 ============================================================ 
 === before clean up === 
~~~~~~ ls -l /tmp
total 28
-rw------- 1 cc cc 14409 Mar 28 00:38 synergy4_p2pmd_165730.log
-rw------- 1 cc cc   768 Mar 28 00:35 synergy4_parser_165730.log
-rw------- 1 cc cc  7107 Mar 28 00:38 synergy4_tsd_165730.log
srwxrwxr-x 1 cc cc     0 Mar 28 00:35 tsd1
~~~~~~ ls -l /dev/shm
total 16
-rwxrwxr-x 1 cc cc 4000000 Mar 28 00:35 matrix-pull
-rwxrwxr-x 1 cc cc 4000000 Mar 28 00:35 matrix-push
-rwxrwxr-x 1 cc cc      32 Mar 28 00:35 sem.matrix-pull-rsem
-rwxrwxr-x 1 cc cc      32 Mar 28 00:35 sem.matrix-pull-wsem
-rwxrwxr-x 1 cc cc      32 Mar 28 00:35 sem.matrix-push-rsem
-rwxrwxr-x 1 cc cc      32 Mar 28 00:35 sem.matrix-push-wsem
 === clean up ===
total 0
total 0
 === done ===
 *============== Launching remote tsd at 2 =============* 
 ====== tsd launch complete. You have 1 tsd instance. ====== 
cc       166318  0.0  0.0 144504  4940 ?        Sl   00:38   0:00 /home/cc/Synergy4/s4c00/cmake-build-debug/sng_tsd /home/cc/Synergy4/s4c00/etc/sng2.json /home/cc/Synergy4/s4c00/etc/synergy-log.conf
cc       166320  0.0  0.0  12944  1016 ?        S    00:38   0:00 grep sng_tsd
 ============================================================ 
 === before clean up === 
~~~~~~ ls -l /tmp
total 28
-rw------- 1 cc cc 13369 Mar 28 00:38 synergy4_p2pmd_164857.log
-rw------- 1 cc cc   764 Mar 28 00:35 synergy4_parser_164857.log
-rw------- 1 cc cc  7107 Mar 28 00:38 synergy4_tsd_164857.log
srwxrwxr-x 1 cc cc     0 Mar 28 00:35 tsd1
~~~~~~ ls -l /dev/shm
total 16
-rwxrwxr-x 1 cc cc 4000000 Mar 28 00:35 matrix-pull
-rwxrwxr-x 1 cc cc 4000000 Mar 28 00:35 matrix-push
-rwxrwxr-x 1 cc cc      32 Mar 28 00:35 sem.matrix-pull-rsem
-rwxrwxr-x 1 cc cc      32 Mar 28 00:35 sem.matrix-pull-wsem
-rwxrwxr-x 1 cc cc      32 Mar 28 00:35 sem.matrix-push-rsem
-rwxrwxr-x 1 cc cc      32 Mar 28 00:35 sem.matrix-push-wsem
 === clean up ===
total 0
total 0
 === done ===
 *============== Launching remote tsd at 3 =============* 
 ====== tsd launch complete. You have 1 tsd instance. ====== 
cc       165442  0.0  0.0 144504  4964 ?        Sl   00:38   0:00 /home/cc/Synergy4/s4c00/cmake-build-debug/sng_tsd /home/cc/Synergy4/s4c00/etc/sng3.json /home/cc/Synergy4/s4c00/etc/synergy-log.conf
cc       165444  0.0  0.0  12944  1012 ?        S    00:38   0:00 grep sng_tsd
 ============================================================ 
 === before clean up === 
~~~~~~ ls -l /tmp
total 12
-rw------- 1 cc cc 3710 Mar 28 00:38 synergy4_p2pmd_1834.log
-rw------- 1 cc cc  768 Mar 28 00:35 synergy4_parser_1834.log
-rw------- 1 cc cc 3937 Mar 28 00:36 synergy4_tsd_1834.log
srwxrwxr-x 1 cc cc    0 Mar 28 00:35 tsd1
~~~~~~ ls -l /dev/shm
total 16
-rwxrwxr-x 1 cc cc 4000000 Mar 28 00:35 matrix-pull
-rwxrwxr-x 1 cc cc 4000000 Mar 28 00:35 matrix-push
-rwxrwxr-x 1 cc cc      32 Mar 28 00:35 sem.matrix-pull-rsem
-rwxrwxr-x 1 cc cc      32 Mar 28 00:35 sem.matrix-pull-wsem
-rwxrwxr-x 1 cc cc      32 Mar 28 00:35 sem.matrix-push-rsem
-rwxrwxr-x 1 cc cc      32 Mar 28 00:35 sem.matrix-push-wsem
 === clean up ===
total 0
total 0
 === done ===
 *============== Launching remote tsd at 4 =============* 
 ====== tsd launch complete. You have 1 tsd instance. ====== 
cc         2435  0.0  0.0 144504  5020 ?        Sl   00:38   0:00 /home/cc/Synergy4/s4c00/cmake-build-debug/sng_tsd /home/cc/Synergy4/s4c00/etc/sng4.json /home/cc/Synergy4/s4c00/etc/synergy-log.conf
cc         2437  0.0  0.0  12944  1088 ?        S    00:38   0:00 grep sng_tsd
 ============================================================ 
 === before clean up === 
~~~~~~ ls -l /tmp
total 12
-rw------- 1 cc cc 3886 Mar 28 00:38 synergy4_p2pmd_147637.log
-rw------- 1 cc cc  768 Mar 28 00:35 synergy4_parser_147637.log
-rw------- 1 cc cc 4009 Mar 28 00:36 synergy4_tsd_147637.log
srwxrwxr-x 1 cc cc    0 Mar 28 00:35 tsd1
~~~~~~ ls -l /dev/shm
total 16
-rwxrwxr-x 1 cc cc 4000000 Mar 28 00:35 matrix-pull
-rwxrwxr-x 1 cc cc 4000000 Mar 28 00:35 matrix-push
-rwxrwxr-x 1 cc cc      32 Mar 28 00:35 sem.matrix-pull-rsem
-rwxrwxr-x 1 cc cc      32 Mar 28 00:35 sem.matrix-pull-wsem
-rwxrwxr-x 1 cc cc      32 Mar 28 00:35 sem.matrix-push-rsem
-rwxrwxr-x 1 cc cc      32 Mar 28 00:35 sem.matrix-push-wsem
 === clean up ===
total 0
total 0
 === done ===
 *============== Launching remote tsd at 5 =============* 
 ====== tsd launch complete. You have 1 tsd instance. ====== 
cc       148237  0.0  0.0 144504  5040 ?        Sl   00:38   0:00 /home/cc/Synergy4/s4c00/cmake-build-debug/sng_tsd /home/cc/Synergy4/s4c00/etc/sng5.json /home/cc/Synergy4/s4c00/etc/synergy-log.conf
cc       148239  0.0  0.0  12944   976 ?        S    00:38   0:00 grep sng_tsd
 ============================================================ 
 === before clean up === 
~~~~~~ ls -l /tmp
total 12
-rw------- 1 cc cc 3886 Mar 28 00:38 synergy4_p2pmd_147328.log
-rw------- 1 cc cc  768 Mar 28 00:35 synergy4_parser_147328.log
-rw------- 1 cc cc 4009 Mar 28 00:36 synergy4_tsd_147328.log
srwxrwxr-x 1 cc cc    0 Mar 28 00:35 tsd1
~~~~~~ ls -l /dev/shm
total 16
-rwxrwxr-x 1 cc cc 4000000 Mar 28 00:35 matrix-pull
-rwxrwxr-x 1 cc cc 4000000 Mar 28 00:35 matrix-push
-rwxrwxr-x 1 cc cc      32 Mar 28 00:35 sem.matrix-pull-rsem
-rwxrwxr-x 1 cc cc      32 Mar 28 00:35 sem.matrix-pull-wsem
-rwxrwxr-x 1 cc cc      32 Mar 28 00:35 sem.matrix-push-rsem
-rwxrwxr-x 1 cc cc      32 Mar 28 00:35 sem.matrix-push-wsem
 === clean up ===
total 0
total 0
 === done ===
 *============== Launching remote tsd at 6 =============* 
 ====== tsd launch complete. You have 1 tsd instance. ====== 
cc       147921  0.0  0.0 144504  4908 ?        Sl   00:38   0:00 /home/cc/Synergy4/s4c00/cmake-build-debug/sng_tsd /home/cc/Synergy4/s4c00/etc/sng6.json /home/cc/Synergy4/s4c00/etc/synergy-log.conf
cc       147923  0.0  0.0  12944   936 ?        S    00:38   0:00 grep sng_tsd
 ============================================================ 
 === before clean up === 
~~~~~~ ls -l /tmp
total 12
-rw------- 1 cc cc 3886 Mar 28 00:38 synergy4_p2pmd_143024.log
-rw------- 1 cc cc  768 Mar 28 00:35 synergy4_parser_143024.log
-rw------- 1 cc cc 4009 Mar 28 00:36 synergy4_tsd_143024.log
srwxrwxr-x 1 cc cc    0 Mar 28 00:35 tsd1
~~~~~~ ls -l /dev/shm
total 16
-rwxrwxr-x 1 cc cc 4000000 Mar 28 00:35 matrix-pull
-rwxrwxr-x 1 cc cc 4000000 Mar 28 00:35 matrix-push
-rwxrwxr-x 1 cc cc      32 Mar 28 00:35 sem.matrix-pull-rsem
-rwxrwxr-x 1 cc cc      32 Mar 28 00:35 sem.matrix-pull-wsem
-rwxrwxr-x 1 cc cc      32 Mar 28 00:35 sem.matrix-push-rsem
-rwxrwxr-x 1 cc cc      32 Mar 28 00:35 sem.matrix-push-wsem
 === clean up ===
total 0
total 0
 === done ===
 *============== Launching remote tsd at 7 =============* 
 ====== tsd launch complete. You have 1 tsd instance. ====== 
cc       143619  0.0  0.0 144504  7156 ?        Sl   00:38   0:00 /home/cc/Synergy4/s4c00/cmake-build-debug/sng_tsd /home/cc/Synergy4/s4c00/etc/sng7.json /home/cc/Synergy4/s4c00/etc/synergy-log.conf
cc       143621  0.0  0.0  12944  1020 ?        S    00:38   0:00 grep sng_tsd
 ============================================================ 
 === before clean up === 
~~~~~~ ls -l /tmp
total 12
-rw------- 1 cc cc 3886 Mar 28 00:38 synergy4_p2pmd_143141.log
-rw------- 1 cc cc  768 Mar 28 00:35 synergy4_parser_143141.log
-rw------- 1 cc cc 4009 Mar 28 00:36 synergy4_tsd_143141.log
srwxrwxr-x 1 cc cc    0 Mar 28 00:35 tsd1
~~~~~~ ls -l /dev/shm
total 16
-rwxrwxr-x 1 cc cc 4000000 Mar 28 00:35 matrix-pull
-rwxrwxr-x 1 cc cc 4000000 Mar 28 00:35 matrix-push
-rwxrwxr-x 1 cc cc      32 Mar 28 00:35 sem.matrix-pull-rsem
-rwxrwxr-x 1 cc cc      32 Mar 28 00:35 sem.matrix-pull-wsem
-rwxrwxr-x 1 cc cc      32 Mar 28 00:35 sem.matrix-push-rsem
-rwxrwxr-x 1 cc cc      32 Mar 28 00:35 sem.matrix-push-wsem
 === clean up ===
total 0
total 0
 === done ===
 *============== Launching remote tsd at 8 =============* 
 ====== tsd launch complete. You have 1 tsd instance. ====== 
cc       143727  0.0  0.0 144504  7060 ?        Sl   00:38   0:00 /home/cc/Synergy4/s4c00/cmake-build-debug/sng_tsd /home/cc/Synergy4/s4c00/etc/sng8.json /home/cc/Synergy4/s4c00/etc/synergy-log.conf
cc       143729  0.0  0.0  12944   988 ?        S    00:38   0:00 grep sng_tsd
 ============================================================ 
 === before clean up === 
~~~~~~ ls -l /tmp
total 12
-rw------- 1 cc cc 3887 Mar 28 00:38 synergy4_p2pmd_136616.log
-rw------- 1 cc cc  770 Mar 28 00:35 synergy4_parser_136616.log
-rw------- 1 cc cc 4009 Mar 28 00:37 synergy4_tsd_136616.log
srwxrwxr-x 1 cc cc    0 Mar 28 00:35 tsd1
~~~~~~ ls -l /dev/shm
total 16
-rwxrwxr-x 1 cc cc 4000000 Mar 28 00:35 matrix-pull
-rwxrwxr-x 1 cc cc 4000000 Mar 28 00:35 matrix-push
-rwxrwxr-x 1 cc cc      32 Mar 28 00:35 sem.matrix-pull-rsem
-rwxrwxr-x 1 cc cc      32 Mar 28 00:35 sem.matrix-pull-wsem
-rwxrwxr-x 1 cc cc      32 Mar 28 00:35 sem.matrix-push-rsem
-rwxrwxr-x 1 cc cc      32 Mar 28 00:35 sem.matrix-push-wsem
 === clean up ===
total 0
total 0
 === done ===
 *============== Launching remote tsd at 9 =============* 
 ====== tsd launch complete. You have 1 tsd instance. ====== 
cc       137206  0.0  0.0 144504  7124 ?        Sl   00:38   0:00 /home/cc/Synergy4/s4c00/cmake-build-debug/sng_tsd /home/cc/Synergy4/s4c00/etc/sng9.json /home/cc/Synergy4/s4c00/etc/synergy-log.conf
cc       137208  0.0  0.0  12944  1012 ?        S    00:38   0:00 grep sng_tsd
 ============================================================ 
 === before clean up === 
~~~~~~ ls -l /tmp
total 12
-rw------- 1 cc cc 3887 Mar 28 00:38 synergy4_p2pmd_137668.log
-rw------- 1 cc cc  770 Mar 28 00:35 synergy4_parser_137668.log
-rw------- 1 cc cc 4009 Mar 28 00:37 synergy4_tsd_137668.log
srwxrwxr-x 1 cc cc    0 Mar 28 00:35 tsd1
~~~~~~ ls -l /dev/shm
total 16
-rwxrwxr-x 1 cc cc 4000000 Mar 28 00:35 matrix-pull
-rwxrwxr-x 1 cc cc 4000000 Mar 28 00:35 matrix-push
-rwxrwxr-x 1 cc cc      32 Mar 28 00:35 sem.matrix-pull-rsem
-rwxrwxr-x 1 cc cc      32 Mar 28 00:35 sem.matrix-pull-wsem
-rwxrwxr-x 1 cc cc      32 Mar 28 00:35 sem.matrix-push-rsem
-rwxrwxr-x 1 cc cc      32 Mar 28 00:35 sem.matrix-push-wsem
 === clean up ===
total 0
total 0
 === done ===
 *============== Launching remote tsd at 10 =============* 
 ====== tsd launch complete. You have 1 tsd instance. ====== 
cc       138268  0.0  0.0 144504  5012 ?        Sl   00:38   0:00 /home/cc/Synergy4/s4c00/cmake-build-debug/sng_tsd /home/cc/Synergy4/s4c00/etc/sng10.json /home/cc/Synergy4/s4c00/etc/synergy-log.conf
cc       138270  0.0  0.0  12944   932 ?        S    00:38   0:00 grep sng_tsd
 ============================================================ 
 === before clean up === 
~~~~~~ ls -l /tmp
total 12
-rw------- 1 cc cc 3992 Mar 28 00:38 synergy4_p2pmd_136901.log
-rw------- 1 cc cc  772 Mar 28 00:35 synergy4_parser_136901.log
-rw------- 1 cc cc 4009 Mar 28 00:37 synergy4_tsd_136901.log
srwxrwxr-x 1 cc cc    0 Mar 28 00:35 tsd1
~~~~~~ ls -l /dev/shm
total 16
-rwxrwxr-x 1 cc cc 4000000 Mar 28 00:35 matrix-pull
-rwxrwxr-x 1 cc cc 4000000 Mar 28 00:35 matrix-push
-rwxrwxr-x 1 cc cc      32 Mar 28 00:35 sem.matrix-pull-rsem
-rwxrwxr-x 1 cc cc      32 Mar 28 00:35 sem.matrix-pull-wsem
-rwxrwxr-x 1 cc cc      32 Mar 28 00:35 sem.matrix-push-rsem
-rwxrwxr-x 1 cc cc      32 Mar 28 00:35 sem.matrix-push-wsem
 === clean up ===
total 0
total 0
 === done ===
 *============== Launching remote tsd at 11 =============* 
 ====== tsd launch complete. You have 1 tsd instance. ====== 
cc       137493  0.0  0.0 144504  5040 ?        Sl   00:38   0:00 /home/cc/Synergy4/s4c00/cmake-build-debug/sng_tsd /home/cc/Synergy4/s4c00/etc/sng11.json /home/cc/Synergy4/s4c00/etc/synergy-log.conf
cc       137495  0.0  0.0  12944  1032 ?        S    00:38   0:00 grep sng_tsd
 ============================================================ 
 === before clean up === 
~~~~~~ ls -l /tmp
total 12
-rw------- 1 cc cc 3991 Mar 28 00:38 synergy4_p2pmd_137442.log
-rw------- 1 cc cc  770 Mar 28 00:35 synergy4_parser_137442.log
-rw------- 1 cc cc 4009 Mar 28 00:37 synergy4_tsd_137442.log
srwxrwxr-x 1 cc cc    0 Mar 28 00:35 tsd1
~~~~~~ ls -l /dev/shm
total 16
-rwxrwxr-x 1 cc cc 4000000 Mar 28 00:35 matrix-pull
-rwxrwxr-x 1 cc cc 4000000 Mar 28 00:35 matrix-push
-rwxrwxr-x 1 cc cc      32 Mar 28 00:35 sem.matrix-pull-rsem
-rwxrwxr-x 1 cc cc      32 Mar 28 00:35 sem.matrix-pull-wsem
-rwxrwxr-x 1 cc cc      32 Mar 28 00:35 sem.matrix-push-rsem
-rwxrwxr-x 1 cc cc      32 Mar 28 00:35 sem.matrix-push-wsem
 === clean up ===
total 0
total 0
 === done ===
 *============== Launching remote tsd at 12 =============* 
 ====== tsd launch complete. You have 1 tsd instance. ====== 
cc       138041  0.0  0.0 144504  5020 ?        Sl   00:38   0:00 /home/cc/Synergy4/s4c00/cmake-build-debug/sng_tsd /home/cc/Synergy4/s4c00/etc/sng12.json /home/cc/Synergy4/s4c00/etc/synergy-log.conf
cc       138043  0.0  0.0  12944   968 ?        S    00:38   0:00 grep sng_tsd
 ============================================================ 
