 === before clean up === 
~~~~~~ ls -l /tmp
total 1740
-rw------- 1 cc cc 1398164 Mar 27 23:50 synergy4_165803.log
-rw------- 1 cc cc   11281 Mar 27 23:50 synergy4_p2pmd_165803.log
-rw------- 1 cc cc     768 Mar 27 23:46 synergy4_parser_165803.log
-rw------- 1 cc cc  357941 Mar 27 23:50 synergy4_tsd_165803.log
srwxrwxr-x 1 cc cc       0 Mar 27 23:46 tsd1
~~~~~~ ls -l /dev/shm
total 7832
-rwxrwxr-x 1 cc cc 4000000 Mar 27 23:48 matrix-pull
-rwxrwxr-x 1 cc cc 4000000 Mar 27 23:49 matrix-push
-rwxrwxr-x 1 cc cc      32 Mar 27 23:46 sem.matrix-pull-rsem
-rwxrwxr-x 1 cc cc      32 Mar 27 23:46 sem.matrix-pull-wsem
-rwxrwxr-x 1 cc cc      32 Mar 27 23:46 sem.matrix-push-rsem
-rwxrwxr-x 1 cc cc      32 Mar 27 23:46 sem.matrix-push-wsem
 === clean up ===
total 0
total 0
 === done ===
 *============== Launching remote tsd at 1 =============* 
 ====== tsd launch complete. You have 1 tsd instance. ====== 
cc       166432  0.0  0.0 144504  7032 ?        Sl   23:50   0:00 /home/cc/Synergy4/s4c00/cmake-build-debug/sng_tsd /home/cc/Synergy4/s4c00/etc/sng1.json /home/cc/Synergy4/s4c00/etc/synergy-log.conf
cc       166434  0.0  0.0  12944   988 ?        S    23:50   0:00 grep sng_tsd
 ============================================================ 
 === before clean up === 
~~~~~~ ls -l /tmp
total 28
-rw------- 1 cc cc 14755 Mar 27 23:50 synergy4_p2pmd_156786.log
-rw------- 1 cc cc   768 Mar 27 23:46 synergy4_parser_156786.log
-rw------- 1 cc cc  7107 Mar 27 23:50 synergy4_tsd_156786.log
srwxrwxr-x 1 cc cc     0 Mar 27 23:46 tsd1
~~~~~~ ls -l /dev/shm
total 16
-rwxrwxr-x 1 cc cc 4000000 Mar 27 23:46 matrix-pull
-rwxrwxr-x 1 cc cc 4000000 Mar 27 23:46 matrix-push
-rwxrwxr-x 1 cc cc      32 Mar 27 23:46 sem.matrix-pull-rsem
-rwxrwxr-x 1 cc cc      32 Mar 27 23:46 sem.matrix-pull-wsem
-rwxrwxr-x 1 cc cc      32 Mar 27 23:46 sem.matrix-push-rsem
-rwxrwxr-x 1 cc cc      32 Mar 27 23:46 sem.matrix-push-wsem
 === clean up ===
total 0
total 0
 === done ===
 *============== Launching remote tsd at 2 =============* 
 ====== tsd launch complete. You have 1 tsd instance. ====== 
cc       157387  0.0  0.0 144504  5056 ?        Sl   23:50   0:00 /home/cc/Synergy4/s4c00/cmake-build-debug/sng_tsd /home/cc/Synergy4/s4c00/etc/sng2.json /home/cc/Synergy4/s4c00/etc/synergy-log.conf
cc       157389  0.0  0.0  12944  1012 ?        S    23:50   0:00 grep sng_tsd
 ============================================================ 
 === before clean up === 
~~~~~~ ls -l /tmp
total 28
-rw------- 1 cc cc 14750 Mar 27 23:50 synergy4_p2pmd_155933.log
-rw------- 1 cc cc   764 Mar 27 23:46 synergy4_parser_155933.log
-rw------- 1 cc cc  7107 Mar 27 23:50 synergy4_tsd_155933.log
srwxrwxr-x 1 cc cc     0 Mar 27 23:46 tsd1
~~~~~~ ls -l /dev/shm
total 16
-rwxrwxr-x 1 cc cc 4000000 Mar 27 23:46 matrix-pull
-rwxrwxr-x 1 cc cc 4000000 Mar 27 23:46 matrix-push
-rwxrwxr-x 1 cc cc      32 Mar 27 23:46 sem.matrix-pull-rsem
-rwxrwxr-x 1 cc cc      32 Mar 27 23:46 sem.matrix-pull-wsem
-rwxrwxr-x 1 cc cc      32 Mar 27 23:46 sem.matrix-push-rsem
-rwxrwxr-x 1 cc cc      32 Mar 27 23:46 sem.matrix-push-wsem
 === clean up ===
total 0
total 0
 === done ===
 *============== Launching remote tsd at 3 =============* 
 ====== tsd launch complete. You have 1 tsd instance. ====== 
cc       156526  0.0  0.0 144504  4968 ?        Sl   23:50   0:00 /home/cc/Synergy4/s4c00/cmake-build-debug/sng_tsd /home/cc/Synergy4/s4c00/etc/sng3.json /home/cc/Synergy4/s4c00/etc/synergy-log.conf
cc       156528  0.0  0.0  12944   932 ?        S    23:50   0:00 grep sng_tsd
 ============================================================ 
 === before clean up === 
~~~~~~ ls -l /tmp
total 16
-rw------- 1 cc cc 4822 Mar 27 23:50 synergy4_p2pmd_139992.log
-rw------- 1 cc cc  768 Mar 27 23:46 synergy4_parser_139992.log
-rw------- 1 cc cc 4009 Mar 27 23:48 synergy4_tsd_139992.log
srwxrwxr-x 1 cc cc    0 Mar 27 23:46 tsd1
~~~~~~ ls -l /dev/shm
total 16
-rwxrwxr-x 1 cc cc 4000000 Mar 27 23:46 matrix-pull
-rwxrwxr-x 1 cc cc 4000000 Mar 27 23:46 matrix-push
-rwxrwxr-x 1 cc cc      32 Mar 27 23:46 sem.matrix-pull-rsem
-rwxrwxr-x 1 cc cc      32 Mar 27 23:46 sem.matrix-pull-wsem
-rwxrwxr-x 1 cc cc      32 Mar 27 23:46 sem.matrix-push-rsem
-rwxrwxr-x 1 cc cc      32 Mar 27 23:46 sem.matrix-push-wsem
 === clean up ===
total 0
total 0
 === done ===
 *============== Launching remote tsd at 4 =============* 
 ====== tsd launch complete. You have 1 tsd instance. ====== 
cc       140589  0.0  0.0 144504  5056 ?        Sl   23:50   0:00 /home/cc/Synergy4/s4c00/cmake-build-debug/sng_tsd /home/cc/Synergy4/s4c00/etc/sng4.json /home/cc/Synergy4/s4c00/etc/synergy-log.conf
cc       140591  0.0  0.0  12944  1016 ?        S    23:50   0:00 grep sng_tsd
 ============================================================ 
 === before clean up === 
~~~~~~ ls -l /tmp
total 16
-rw------- 1 cc cc 4822 Mar 27 23:50 synergy4_p2pmd_138711.log
-rw------- 1 cc cc  768 Mar 27 23:46 synergy4_parser_138711.log
-rw------- 1 cc cc 4009 Mar 27 23:48 synergy4_tsd_138711.log
srwxrwxr-x 1 cc cc    0 Mar 27 23:46 tsd1
~~~~~~ ls -l /dev/shm
total 16
-rwxrwxr-x 1 cc cc 4000000 Mar 27 23:46 matrix-pull
-rwxrwxr-x 1 cc cc 4000000 Mar 27 23:46 matrix-push
-rwxrwxr-x 1 cc cc      32 Mar 27 23:46 sem.matrix-pull-rsem
-rwxrwxr-x 1 cc cc      32 Mar 27 23:46 sem.matrix-pull-wsem
-rwxrwxr-x 1 cc cc      32 Mar 27 23:46 sem.matrix-push-rsem
-rwxrwxr-x 1 cc cc      32 Mar 27 23:46 sem.matrix-push-wsem
 === clean up ===
total 0
total 0
 === done ===
 *============== Launching remote tsd at 5 =============* 
 ====== tsd launch complete. You have 1 tsd instance. ====== 
cc       139309  0.0  0.0 144504  7028 ?        Sl   23:50   0:00 /home/cc/Synergy4/s4c00/cmake-build-debug/sng_tsd /home/cc/Synergy4/s4c00/etc/sng5.json /home/cc/Synergy4/s4c00/etc/synergy-log.conf
cc       139311  0.0  0.0  12944  1088 ?        S    23:50   0:00 grep sng_tsd
 ============================================================ 
 === before clean up === 
~~~~~~ ls -l /tmp
total 16
-rw------- 1 cc cc 4926 Mar 27 23:50 synergy4_p2pmd_138400.log
-rw------- 1 cc cc  768 Mar 27 23:46 synergy4_parser_138400.log
-rw------- 1 cc cc 4009 Mar 27 23:48 synergy4_tsd_138400.log
srwxrwxr-x 1 cc cc    0 Mar 27 23:46 tsd1
~~~~~~ ls -l /dev/shm
total 16
-rwxrwxr-x 1 cc cc 4000000 Mar 27 23:46 matrix-pull
-rwxrwxr-x 1 cc cc 4000000 Mar 27 23:46 matrix-push
-rwxrwxr-x 1 cc cc      32 Mar 27 23:46 sem.matrix-pull-rsem
-rwxrwxr-x 1 cc cc      32 Mar 27 23:46 sem.matrix-pull-wsem
-rwxrwxr-x 1 cc cc      32 Mar 27 23:46 sem.matrix-push-rsem
-rwxrwxr-x 1 cc cc      32 Mar 27 23:46 sem.matrix-push-wsem
 === clean up ===
total 0
total 0
 === done ===
 *============== Launching remote tsd at 6 =============* 
 ====== tsd launch complete. You have 1 tsd instance. ====== 
cc       138994  0.0  0.0 144504  5012 ?        Sl   23:50   0:00 /home/cc/Synergy4/s4c00/cmake-build-debug/sng_tsd /home/cc/Synergy4/s4c00/etc/sng6.json /home/cc/Synergy4/s4c00/etc/synergy-log.conf
cc       138996  0.0  0.0  12944  1012 ?        S    23:50   0:00 grep sng_tsd
 ============================================================ 
 === before clean up === 
~~~~~~ ls -l /tmp
total 16
-rw------- 1 cc cc 7249 Mar 27 23:50 synergy4_p2pmd_134107.log
-rw------- 1 cc cc  768 Mar 27 23:46 synergy4_parser_134107.log
-rw------- 1 cc cc 4009 Mar 27 23:48 synergy4_tsd_134107.log
srwxrwxr-x 1 cc cc    0 Mar 27 23:46 tsd1
~~~~~~ ls -l /dev/shm
total 16
-rwxrwxr-x 1 cc cc 4000000 Mar 27 23:46 matrix-pull
-rwxrwxr-x 1 cc cc 4000000 Mar 27 23:46 matrix-push
-rwxrwxr-x 1 cc cc      32 Mar 27 23:46 sem.matrix-pull-rsem
-rwxrwxr-x 1 cc cc      32 Mar 27 23:46 sem.matrix-pull-wsem
-rwxrwxr-x 1 cc cc      32 Mar 27 23:46 sem.matrix-push-rsem
-rwxrwxr-x 1 cc cc      32 Mar 27 23:46 sem.matrix-push-wsem
 === clean up ===
total 0
total 0
 === done ===
 *============== Launching remote tsd at 7 =============* 
 ====== tsd launch complete. You have 1 tsd instance. ====== 
cc       134715  0.0  0.0 144504  4952 ?        Sl   23:50   0:00 /home/cc/Synergy4/s4c00/cmake-build-debug/sng_tsd /home/cc/Synergy4/s4c00/etc/sng7.json /home/cc/Synergy4/s4c00/etc/synergy-log.conf
cc       134717  0.0  0.0  12944  1016 ?        S    23:50   0:00 grep sng_tsd
 ============================================================ 
 === before clean up === 
~~~~~~ ls -l /tmp
total 16
-rw------- 1 cc cc 4926 Mar 27 23:50 synergy4_p2pmd_134240.log
-rw------- 1 cc cc  768 Mar 27 23:46 synergy4_parser_134240.log
-rw------- 1 cc cc 4009 Mar 27 23:48 synergy4_tsd_134240.log
srwxrwxr-x 1 cc cc    0 Mar 27 23:46 tsd1
~~~~~~ ls -l /dev/shm
total 16
-rwxrwxr-x 1 cc cc 4000000 Mar 27 23:46 matrix-pull
-rwxrwxr-x 1 cc cc 4000000 Mar 27 23:46 matrix-push
-rwxrwxr-x 1 cc cc      32 Mar 27 23:46 sem.matrix-pull-rsem
-rwxrwxr-x 1 cc cc      32 Mar 27 23:46 sem.matrix-pull-wsem
-rwxrwxr-x 1 cc cc      32 Mar 27 23:46 sem.matrix-push-rsem
-rwxrwxr-x 1 cc cc      32 Mar 27 23:46 sem.matrix-push-wsem
 === clean up ===
total 0
total 0
 === done ===
 *============== Launching remote tsd at 8 =============* 
 ====== tsd launch complete. You have 1 tsd instance. ====== 
cc       134832  0.0  0.0 144504  7036 ?        Sl   23:50   0:00 /home/cc/Synergy4/s4c00/cmake-build-debug/sng_tsd /home/cc/Synergy4/s4c00/etc/sng8.json /home/cc/Synergy4/s4c00/etc/synergy-log.conf
cc       134834  0.0  0.0  12944   972 ?        S    23:50   0:00 grep sng_tsd
 ============================================================ 
 === before clean up === 
~~~~~~ ls -l /tmp
total 16
-rw------- 1 cc cc 4927 Mar 27 23:50 synergy4_p2pmd_127674.log
-rw------- 1 cc cc  770 Mar 27 23:46 synergy4_parser_127674.log
-rw------- 1 cc cc 4009 Mar 27 23:48 synergy4_tsd_127674.log
srwxrwxr-x 1 cc cc    0 Mar 27 23:46 tsd1
~~~~~~ ls -l /dev/shm
total 16
-rwxrwxr-x 1 cc cc 4000000 Mar 27 23:46 matrix-pull
-rwxrwxr-x 1 cc cc 4000000 Mar 27 23:46 matrix-push
-rwxrwxr-x 1 cc cc      32 Mar 27 23:46 sem.matrix-pull-rsem
-rwxrwxr-x 1 cc cc      32 Mar 27 23:46 sem.matrix-pull-wsem
-rwxrwxr-x 1 cc cc      32 Mar 27 23:46 sem.matrix-push-rsem
-rwxrwxr-x 1 cc cc      32 Mar 27 23:46 sem.matrix-push-wsem
 === clean up ===
total 0
total 0
 === done ===
 *============== Launching remote tsd at 9 =============* 
 ====== tsd launch complete. You have 1 tsd instance. ====== 
cc       128271  0.0  0.0 144504  7004 ?        Sl   23:50   0:00 /home/cc/Synergy4/s4c00/cmake-build-debug/sng_tsd /home/cc/Synergy4/s4c00/etc/sng9.json /home/cc/Synergy4/s4c00/etc/synergy-log.conf
cc       128273  0.0  0.0  12944  1012 ?        S    23:50   0:00 grep sng_tsd
 ============================================================ 
 === before clean up === 
~~~~~~ ls -l /tmp
total 16
-rw------- 1 cc cc 4927 Mar 27 23:50 synergy4_p2pmd_128722.log
-rw------- 1 cc cc  770 Mar 27 23:46 synergy4_parser_128722.log
-rw------- 1 cc cc 4009 Mar 27 23:48 synergy4_tsd_128722.log
srwxrwxr-x 1 cc cc    0 Mar 27 23:46 tsd1
~~~~~~ ls -l /dev/shm
total 16
-rwxrwxr-x 1 cc cc 4000000 Mar 27 23:46 matrix-pull
-rwxrwxr-x 1 cc cc 4000000 Mar 27 23:46 matrix-push
-rwxrwxr-x 1 cc cc      32 Mar 27 23:46 sem.matrix-pull-rsem
-rwxrwxr-x 1 cc cc      32 Mar 27 23:46 sem.matrix-pull-wsem
-rwxrwxr-x 1 cc cc      32 Mar 27 23:46 sem.matrix-push-rsem
-rwxrwxr-x 1 cc cc      32 Mar 27 23:46 sem.matrix-push-wsem
 === clean up ===
total 0
total 0
 === done ===
 *============== Launching remote tsd at 10 =============* 
 ====== tsd launch complete. You have 1 tsd instance. ====== 
cc       129322  0.0  0.0 144504  5044 ?        Sl   23:50   0:00 /home/cc/Synergy4/s4c00/cmake-build-debug/sng_tsd /home/cc/Synergy4/s4c00/etc/sng10.json /home/cc/Synergy4/s4c00/etc/synergy-log.conf
cc       129324  0.0  0.0  12944   980 ?        S    23:50   0:00 grep sng_tsd
 ============================================================ 
 === before clean up === 
~~~~~~ ls -l /tmp
total 16
-rw------- 1 cc cc 4928 Mar 27 23:50 synergy4_p2pmd_127985.log
-rw------- 1 cc cc  772 Mar 27 23:46 synergy4_parser_127985.log
-rw------- 1 cc cc 4009 Mar 27 23:48 synergy4_tsd_127985.log
srwxrwxr-x 1 cc cc    0 Mar 27 23:46 tsd1
~~~~~~ ls -l /dev/shm
total 16
-rwxrwxr-x 1 cc cc 4000000 Mar 27 23:46 matrix-pull
-rwxrwxr-x 1 cc cc 4000000 Mar 27 23:46 matrix-push
-rwxrwxr-x 1 cc cc      32 Mar 27 23:46 sem.matrix-pull-rsem
-rwxrwxr-x 1 cc cc      32 Mar 27 23:46 sem.matrix-pull-wsem
-rwxrwxr-x 1 cc cc      32 Mar 27 23:46 sem.matrix-push-rsem
-rwxrwxr-x 1 cc cc      32 Mar 27 23:46 sem.matrix-push-wsem
 === clean up ===
total 0
total 0
 === done ===
 *============== Launching remote tsd at 11 =============* 
 ====== tsd launch complete. You have 1 tsd instance. ====== 
cc       128585  0.0  0.0 144504  7104 ?        Sl   23:50   0:00 /home/cc/Synergy4/s4c00/cmake-build-debug/sng_tsd /home/cc/Synergy4/s4c00/etc/sng11.json /home/cc/Synergy4/s4c00/etc/synergy-log.conf
cc       128587  0.0  0.0  12944   924 ?        S    23:50   0:00 grep sng_tsd
 ============================================================ 
 === before clean up === 
~~~~~~ ls -l /tmp
total 16
-rw------- 1 cc cc 4927 Mar 27 23:50 synergy4_p2pmd_128550.log
-rw------- 1 cc cc  770 Mar 27 23:46 synergy4_parser_128550.log
-rw------- 1 cc cc 4009 Mar 27 23:48 synergy4_tsd_128550.log
srwxrwxr-x 1 cc cc    0 Mar 27 23:46 tsd1
~~~~~~ ls -l /dev/shm
total 16
-rwxrwxr-x 1 cc cc 4000000 Mar 27 23:46 matrix-pull
-rwxrwxr-x 1 cc cc 4000000 Mar 27 23:46 matrix-push
-rwxrwxr-x 1 cc cc      32 Mar 27 23:46 sem.matrix-pull-rsem
-rwxrwxr-x 1 cc cc      32 Mar 27 23:46 sem.matrix-pull-wsem
-rwxrwxr-x 1 cc cc      32 Mar 27 23:46 sem.matrix-push-rsem
-rwxrwxr-x 1 cc cc      32 Mar 27 23:46 sem.matrix-push-wsem
 === clean up ===
total 0
total 0
 === done ===
 *============== Launching remote tsd at 12 =============* 
 ====== tsd launch complete. You have 1 tsd instance. ====== 
cc       129144  0.0  0.0 144504  4976 ?        Sl   23:50   0:00 /home/cc/Synergy4/s4c00/cmake-build-debug/sng_tsd /home/cc/Synergy4/s4c00/etc/sng12.json /home/cc/Synergy4/s4c00/etc/synergy-log.conf
cc       129146  0.0  0.0  12944   968 ?        S    23:50   0:00 grep sng_tsd
 ============================================================ 
