 === before clean up === 
~~~~~~ ls -l /tmp
total 1144
-rw------- 1 cc cc 764716 Mar 27 14:50 synergy4_124973.log
-rw------- 1 cc cc   6669 Mar 27 14:50 synergy4_p2pmd_124973.log
-rw------- 1 cc cc    768 Mar 27 14:48 synergy4_parser_124973.log
-rw------- 1 cc cc 392853 Mar 27 14:50 synergy4_tsd_124973.log
srwxrwxr-x 1 cc cc      0 Mar 27 14:48 tsd1
~~~~~~ ls -l /dev/shm
total 7832
-rwxrwxr-x 1 cc cc 4000000 Mar 27 14:49 matrix-pull
-rwxrwxr-x 1 cc cc 4000000 Mar 27 14:49 matrix-push
-rwxrwxr-x 1 cc cc      32 Mar 27 14:48 sem.matrix-pull-rsem
-rwxrwxr-x 1 cc cc      32 Mar 27 14:48 sem.matrix-pull-wsem
-rwxrwxr-x 1 cc cc      32 Mar 27 14:48 sem.matrix-push-rsem
-rwxrwxr-x 1 cc cc      32 Mar 27 14:48 sem.matrix-push-wsem
 === clean up ===
total 0
total 0
 === done ===
 *============== Launching remote tsd at 1 =============* 
 ====== tsd launch complete. You have 1 tsd instance. ====== 
cc       125512  0.0  0.0 144504  5108 ?        Sl   14:50   0:00 /home/cc/Synergy4/s4c00/cmake-build-debug/sng_tsd /home/cc/Synergy4/s4c00/etc/sng1.json /home/cc/Synergy4/s4c00/etc/synergy-log.conf
cc       125514  0.0  0.0  12944   932 ?        S    14:50   0:00 grep sng_tsd
 ============================================================ 
 === before clean up === 
~~~~~~ ls -l /tmp
total 28
-rw------- 1 cc cc 14576 Mar 27 14:50 synergy4_p2pmd_114386.log
-rw------- 1 cc cc   768 Mar 27 14:48 synergy4_parser_114386.log
-rw------- 1 cc cc  7107 Mar 27 14:50 synergy4_tsd_114386.log
srwxrwxr-x 1 cc cc     0 Mar 27 14:48 tsd1
~~~~~~ ls -l /dev/shm
total 16
-rwxrwxr-x 1 cc cc 4000000 Mar 27 14:48 matrix-pull
-rwxrwxr-x 1 cc cc 4000000 Mar 27 14:48 matrix-push
-rwxrwxr-x 1 cc cc      32 Mar 27 14:48 sem.matrix-pull-rsem
-rwxrwxr-x 1 cc cc      32 Mar 27 14:48 sem.matrix-pull-wsem
-rwxrwxr-x 1 cc cc      32 Mar 27 14:48 sem.matrix-push-rsem
-rwxrwxr-x 1 cc cc      32 Mar 27 14:48 sem.matrix-push-wsem
 === clean up ===
total 0
total 0
 === done ===
 *============== Launching remote tsd at 2 =============* 
 ====== tsd launch complete. You have 1 tsd instance. ====== 
cc       114978  0.0  0.0 144504  5036 ?        Sl   14:50   0:00 /home/cc/Synergy4/s4c00/cmake-build-debug/sng_tsd /home/cc/Synergy4/s4c00/etc/sng2.json /home/cc/Synergy4/s4c00/etc/synergy-log.conf
cc       114980  0.0  0.0  12944  1020 ?        S    14:50   0:00 grep sng_tsd
 ============================================================ 
 === before clean up === 
~~~~~~ ls -l /tmp
total 28
-rw------- 1 cc cc 12453 Mar 27 14:50 synergy4_p2pmd_113661.log
-rw------- 1 cc cc   764 Mar 27 14:48 synergy4_parser_113661.log
-rw------- 1 cc cc  7107 Mar 27 14:50 synergy4_tsd_113661.log
srwxrwxr-x 1 cc cc     0 Mar 27 14:48 tsd1
~~~~~~ ls -l /dev/shm
total 16
-rwxrwxr-x 1 cc cc 4000000 Mar 27 14:48 matrix-pull
-rwxrwxr-x 1 cc cc 4000000 Mar 27 14:48 matrix-push
-rwxrwxr-x 1 cc cc      32 Mar 27 14:48 sem.matrix-pull-rsem
-rwxrwxr-x 1 cc cc      32 Mar 27 14:48 sem.matrix-pull-wsem
-rwxrwxr-x 1 cc cc      32 Mar 27 14:48 sem.matrix-push-rsem
-rwxrwxr-x 1 cc cc      32 Mar 27 14:48 sem.matrix-push-wsem
 === clean up ===
total 0
total 0
 === done ===
 *============== Launching remote tsd at 3 =============* 
 ====== tsd launch complete. You have 1 tsd instance. ====== 
cc       114248  0.0  0.0 144504  5020 ?        Sl   14:50   0:00 /home/cc/Synergy4/s4c00/cmake-build-debug/sng_tsd /home/cc/Synergy4/s4c00/etc/sng3.json /home/cc/Synergy4/s4c00/etc/synergy-log.conf
cc       114250  0.0  0.0  12944   940 ?        S    14:50   0:00 grep sng_tsd
 ============================================================ 
 === before clean up === 
~~~~~~ ls -l /tmp
total 12
-rw------- 1 cc cc 3025 Mar 27 14:50 synergy4_p2pmd_97656.log
-rw------- 1 cc cc  768 Mar 27 14:48 synergy4_parser_97656.log
-rw------- 1 cc cc 3973 Mar 27 14:49 synergy4_tsd_97656.log
srwxrwxr-x 1 cc cc    0 Mar 27 14:48 tsd1
~~~~~~ ls -l /dev/shm
total 16
-rwxrwxr-x 1 cc cc 4000000 Mar 27 14:48 matrix-pull
-rwxrwxr-x 1 cc cc 4000000 Mar 27 14:48 matrix-push
-rwxrwxr-x 1 cc cc      32 Mar 27 14:48 sem.matrix-pull-rsem
-rwxrwxr-x 1 cc cc      32 Mar 27 14:48 sem.matrix-pull-wsem
-rwxrwxr-x 1 cc cc      32 Mar 27 14:48 sem.matrix-push-rsem
-rwxrwxr-x 1 cc cc      32 Mar 27 14:48 sem.matrix-push-wsem
 === clean up ===
total 0
total 0
 === done ===
 *============== Launching remote tsd at 4 =============* 
 ====== tsd launch complete. You have 1 tsd instance. ====== 
cc        98242  0.0  0.0 144504  5108 ?        Sl   14:50   0:00 /home/cc/Synergy4/s4c00/cmake-build-debug/sng_tsd /home/cc/Synergy4/s4c00/etc/sng4.json /home/cc/Synergy4/s4c00/etc/synergy-log.conf
cc        98244  0.0  0.0  12944  1008 ?        S    14:50   0:00 grep sng_tsd
 ============================================================ 
 === before clean up === 
~~~~~~ ls -l /tmp
total 12
-rw------- 1 cc cc 3125 Mar 27 14:50 synergy4_p2pmd_96476.log
-rw------- 1 cc cc  768 Mar 27 14:48 synergy4_parser_96476.log
-rw------- 1 cc cc 3973 Mar 27 14:49 synergy4_tsd_96476.log
srwxrwxr-x 1 cc cc    0 Mar 27 14:48 tsd1
~~~~~~ ls -l /dev/shm
total 16
-rwxrwxr-x 1 cc cc 4000000 Mar 27 14:48 matrix-pull
-rwxrwxr-x 1 cc cc 4000000 Mar 27 14:48 matrix-push
-rwxrwxr-x 1 cc cc      32 Mar 27 14:48 sem.matrix-pull-rsem
-rwxrwxr-x 1 cc cc      32 Mar 27 14:48 sem.matrix-pull-wsem
-rwxrwxr-x 1 cc cc      32 Mar 27 14:48 sem.matrix-push-rsem
-rwxrwxr-x 1 cc cc      32 Mar 27 14:48 sem.matrix-push-wsem
 === clean up ===
total 0
total 0
 === done ===
 *============== Launching remote tsd at 5 =============* 
 ====== tsd launch complete. You have 1 tsd instance. ====== 
cc        97071  0.0  0.0 144504  5084 ?        Sl   14:50   0:00 /home/cc/Synergy4/s4c00/cmake-build-debug/sng_tsd /home/cc/Synergy4/s4c00/etc/sng5.json /home/cc/Synergy4/s4c00/etc/synergy-log.conf
cc        97073  0.0  0.0  12944  1020 ?        S    14:50   0:00 grep sng_tsd
 ============================================================ 
 === before clean up === 
~~~~~~ ls -l /tmp
total 12
-rw------- 1 cc cc 3025 Mar 27 14:50 synergy4_p2pmd_96182.log
-rw------- 1 cc cc  768 Mar 27 14:48 synergy4_parser_96182.log
-rw------- 1 cc cc 3973 Mar 27 14:49 synergy4_tsd_96182.log
srwxrwxr-x 1 cc cc    0 Mar 27 14:48 tsd1
~~~~~~ ls -l /dev/shm
total 16
-rwxrwxr-x 1 cc cc 4000000 Mar 27 14:48 matrix-pull
-rwxrwxr-x 1 cc cc 4000000 Mar 27 14:48 matrix-push
-rwxrwxr-x 1 cc cc      32 Mar 27 14:48 sem.matrix-pull-rsem
-rwxrwxr-x 1 cc cc      32 Mar 27 14:48 sem.matrix-pull-wsem
-rwxrwxr-x 1 cc cc      32 Mar 27 14:48 sem.matrix-push-rsem
-rwxrwxr-x 1 cc cc      32 Mar 27 14:48 sem.matrix-push-wsem
 === clean up ===
total 0
total 0
 === done ===
 *============== Launching remote tsd at 6 =============* 
 ====== tsd launch complete. You have 1 tsd instance. ====== 
cc        96765  0.0  0.0 144504  5016 ?        Sl   14:50   0:00 /home/cc/Synergy4/s4c00/cmake-build-debug/sng_tsd /home/cc/Synergy4/s4c00/etc/sng6.json /home/cc/Synergy4/s4c00/etc/synergy-log.conf
cc        96767  0.0  0.0  12944   928 ?        S    14:50   0:00 grep sng_tsd
 ============================================================ 
 === before clean up === 
~~~~~~ ls -l /tmp
total 12
-rw------- 1 cc cc 3025 Mar 27 14:50 synergy4_p2pmd_91872.log
-rw------- 1 cc cc  768 Mar 27 14:48 synergy4_parser_91872.log
-rw------- 1 cc cc 3973 Mar 27 14:49 synergy4_tsd_91872.log
srwxrwxr-x 1 cc cc    0 Mar 27 14:48 tsd1
~~~~~~ ls -l /dev/shm
total 16
-rwxrwxr-x 1 cc cc 4000000 Mar 27 14:48 matrix-pull
-rwxrwxr-x 1 cc cc 4000000 Mar 27 14:48 matrix-push
-rwxrwxr-x 1 cc cc      32 Mar 27 14:48 sem.matrix-pull-rsem
-rwxrwxr-x 1 cc cc      32 Mar 27 14:48 sem.matrix-pull-wsem
-rwxrwxr-x 1 cc cc      32 Mar 27 14:48 sem.matrix-push-rsem
-rwxrwxr-x 1 cc cc      32 Mar 27 14:48 sem.matrix-push-wsem
 === clean up ===
total 0
total 0
 === done ===
 *============== Launching remote tsd at 7 =============* 
 ====== tsd launch complete. You have 1 tsd instance. ====== 
cc        92468  0.0  0.0 144504  6996 ?        Sl   14:50   0:00 /home/cc/Synergy4/s4c00/cmake-build-debug/sng_tsd /home/cc/Synergy4/s4c00/etc/sng7.json /home/cc/Synergy4/s4c00/etc/synergy-log.conf
cc        92470  0.0  0.0  12944   968 ?        S    14:50   0:00 grep sng_tsd
 ============================================================ 
 === before clean up === 
~~~~~~ ls -l /tmp
total 12
-rw------- 1 cc cc 3025 Mar 27 14:50 synergy4_p2pmd_92073.log
-rw------- 1 cc cc  768 Mar 27 14:48 synergy4_parser_92073.log
-rw------- 1 cc cc 3973 Mar 27 14:49 synergy4_tsd_92073.log
srwxrwxr-x 1 cc cc    0 Mar 27 14:48 tsd1
~~~~~~ ls -l /dev/shm
total 16
-rwxrwxr-x 1 cc cc 4000000 Mar 27 14:48 matrix-pull
-rwxrwxr-x 1 cc cc 4000000 Mar 27 14:48 matrix-push
-rwxrwxr-x 1 cc cc      32 Mar 27 14:48 sem.matrix-pull-rsem
-rwxrwxr-x 1 cc cc      32 Mar 27 14:48 sem.matrix-pull-wsem
-rwxrwxr-x 1 cc cc      32 Mar 27 14:48 sem.matrix-push-rsem
-rwxrwxr-x 1 cc cc      32 Mar 27 14:48 sem.matrix-push-wsem
 === clean up ===
total 0
total 0
 === done ===
 *============== Launching remote tsd at 8 =============* 
 ====== tsd launch complete. You have 1 tsd instance. ====== 
cc        92661  0.0  0.0 144504  4988 ?        Sl   14:50   0:00 /home/cc/Synergy4/s4c00/cmake-build-debug/sng_tsd /home/cc/Synergy4/s4c00/etc/sng8.json /home/cc/Synergy4/s4c00/etc/synergy-log.conf
cc        92663  0.0  0.0  12944  1008 ?        S    14:50   0:00 grep sng_tsd
 ============================================================ 
 === before clean up === 
~~~~~~ ls -l /tmp
total 12
-rw------- 1 cc cc 3026 Mar 27 14:50 synergy4_p2pmd_85702.log
-rw------- 1 cc cc  770 Mar 27 14:48 synergy4_parser_85702.log
-rw------- 1 cc cc 3973 Mar 27 14:49 synergy4_tsd_85702.log
srwxrwxr-x 1 cc cc    0 Mar 27 14:48 tsd1
~~~~~~ ls -l /dev/shm
total 16
-rwxrwxr-x 1 cc cc 4000000 Mar 27 14:48 matrix-pull
-rwxrwxr-x 1 cc cc 4000000 Mar 27 14:48 matrix-push
-rwxrwxr-x 1 cc cc      32 Mar 27 14:48 sem.matrix-pull-rsem
-rwxrwxr-x 1 cc cc      32 Mar 27 14:48 sem.matrix-pull-wsem
-rwxrwxr-x 1 cc cc      32 Mar 27 14:48 sem.matrix-push-rsem
-rwxrwxr-x 1 cc cc      32 Mar 27 14:48 sem.matrix-push-wsem
 === clean up ===
total 0
total 0
 === done ===
 *============== Launching remote tsd at 9 =============* 
 ====== tsd launch complete. You have 1 tsd instance. ====== 
cc        86290  0.0  0.0 144504  5012 ?        Sl   14:50   0:00 /home/cc/Synergy4/s4c00/cmake-build-debug/sng_tsd /home/cc/Synergy4/s4c00/etc/sng9.json /home/cc/Synergy4/s4c00/etc/synergy-log.conf
cc        86292  0.0  0.0  12944   972 ?        S    14:50   0:00 grep sng_tsd
 ============================================================ 
 === before clean up === 
~~~~~~ ls -l /tmp
total 12
-rw------- 1 cc cc 3026 Mar 27 14:50 synergy4_p2pmd_86653.log
-rw------- 1 cc cc  770 Mar 27 14:48 synergy4_parser_86653.log
-rw------- 1 cc cc 3973 Mar 27 14:49 synergy4_tsd_86653.log
srwxrwxr-x 1 cc cc    0 Mar 27 14:48 tsd1
~~~~~~ ls -l /dev/shm
total 16
-rwxrwxr-x 1 cc cc 4000000 Mar 27 14:48 matrix-pull
-rwxrwxr-x 1 cc cc 4000000 Mar 27 14:48 matrix-push
-rwxrwxr-x 1 cc cc      32 Mar 27 14:48 sem.matrix-pull-rsem
-rwxrwxr-x 1 cc cc      32 Mar 27 14:48 sem.matrix-pull-wsem
-rwxrwxr-x 1 cc cc      32 Mar 27 14:48 sem.matrix-push-rsem
-rwxrwxr-x 1 cc cc      32 Mar 27 14:48 sem.matrix-push-wsem
 === clean up ===
total 0
total 0
 === done ===
 *============== Launching remote tsd at 10 =============* 
 ====== tsd launch complete. You have 1 tsd instance. ====== 
cc        87243  0.0  0.0 144504  4912 ?        Sl   14:50   0:00 /home/cc/Synergy4/s4c00/cmake-build-debug/sng_tsd /home/cc/Synergy4/s4c00/etc/sng10.json /home/cc/Synergy4/s4c00/etc/synergy-log.conf
cc        87245  0.0  0.0  12944   952 ?        S    14:50   0:00 grep sng_tsd
 ============================================================ 
 === before clean up === 
~~~~~~ ls -l /tmp
total 12
-rw------- 1 cc cc 3230 Mar 27 14:50 synergy4_p2pmd_85990.log
-rw------- 1 cc cc  772 Mar 27 14:48 synergy4_parser_85990.log
-rw------- 1 cc cc 3973 Mar 27 14:49 synergy4_tsd_85990.log
srwxrwxr-x 1 cc cc    0 Mar 27 14:48 tsd1
~~~~~~ ls -l /dev/shm
total 16
-rwxrwxr-x 1 cc cc 4000000 Mar 27 14:48 matrix-pull
-rwxrwxr-x 1 cc cc 4000000 Mar 27 14:48 matrix-push
-rwxrwxr-x 1 cc cc      32 Mar 27 14:48 sem.matrix-pull-rsem
-rwxrwxr-x 1 cc cc      32 Mar 27 14:48 sem.matrix-pull-wsem
-rwxrwxr-x 1 cc cc      32 Mar 27 14:48 sem.matrix-push-rsem
-rwxrwxr-x 1 cc cc      32 Mar 27 14:48 sem.matrix-push-wsem
 === clean up ===
total 0
total 0
 === done ===
 *============== Launching remote tsd at 11 =============* 
 ====== tsd launch complete. You have 1 tsd instance. ====== 
cc        86573  0.0  0.0 144504  7088 ?        Sl   14:50   0:00 /home/cc/Synergy4/s4c00/cmake-build-debug/sng_tsd /home/cc/Synergy4/s4c00/etc/sng11.json /home/cc/Synergy4/s4c00/etc/synergy-log.conf
cc        86575  0.0  0.0  12944  1020 ?        S    14:50   0:00 grep sng_tsd
 ============================================================ 
 === before clean up === 
~~~~~~ ls -l /tmp
total 12
-rw------- 1 cc cc 3129 Mar 27 14:50 synergy4_p2pmd_86575.log
-rw------- 1 cc cc  770 Mar 27 14:48 synergy4_parser_86575.log
-rw------- 1 cc cc 3973 Mar 27 14:49 synergy4_tsd_86575.log
srwxrwxr-x 1 cc cc    0 Mar 27 14:48 tsd1
~~~~~~ ls -l /dev/shm
total 16
-rwxrwxr-x 1 cc cc 4000000 Mar 27 14:48 matrix-pull
-rwxrwxr-x 1 cc cc 4000000 Mar 27 14:48 matrix-push
-rwxrwxr-x 1 cc cc      32 Mar 27 14:48 sem.matrix-pull-rsem
-rwxrwxr-x 1 cc cc      32 Mar 27 14:48 sem.matrix-pull-wsem
-rwxrwxr-x 1 cc cc      32 Mar 27 14:48 sem.matrix-push-rsem
-rwxrwxr-x 1 cc cc      32 Mar 27 14:48 sem.matrix-push-wsem
 === clean up ===
total 0
total 0
 === done ===
 *============== Launching remote tsd at 12 =============* 
 ====== tsd launch complete. You have 1 tsd instance. ====== 
cc        87168  0.0  0.0 144504  4908 ?        Sl   14:50   0:00 /home/cc/Synergy4/s4c00/cmake-build-debug/sng_tsd /home/cc/Synergy4/s4c00/etc/sng12.json /home/cc/Synergy4/s4c00/etc/synergy-log.conf
cc        87170  0.0  0.0  12944   976 ?        S    14:50   0:00 grep sng_tsd
 ============================================================ 
