 === before clean up === 
~~~~~~ ls -l /tmp
total 1972
-rw------- 1 cc cc 1441106 Mar 27 23:32 synergy4_162683.log
-rw------- 1 cc cc   13495 Mar 27 23:32 synergy4_p2pmd_162683.log
-rw------- 1 cc cc     768 Mar 27 23:29 synergy4_parser_162683.log
-rw------- 1 cc cc  554590 Mar 27 23:32 synergy4_tsd_162683.log
srwxrwxr-x 1 cc cc       0 Mar 27 23:29 tsd1
~~~~~~ ls -l /dev/shm
total 7832
-rwxrwxr-x 1 cc cc 4000000 Mar 27 23:31 matrix-pull
-rwxrwxr-x 1 cc cc 4000000 Mar 27 23:31 matrix-push
-rwxrwxr-x 1 cc cc      32 Mar 27 23:29 sem.matrix-pull-rsem
-rwxrwxr-x 1 cc cc      32 Mar 27 23:29 sem.matrix-pull-wsem
-rwxrwxr-x 1 cc cc      32 Mar 27 23:29 sem.matrix-push-rsem
-rwxrwxr-x 1 cc cc      32 Mar 27 23:29 sem.matrix-push-wsem
 === clean up ===
total 0
total 0
 === done ===
 *============== Launching remote tsd at 1 =============* 
 ====== tsd launch complete. You have 1 tsd instance. ====== 
cc       163220  0.0  0.0 144504  4908 ?        Sl   23:32   0:00 /home/cc/Synergy4/s4c00/cmake-build-debug/sng_tsd /home/cc/Synergy4/s4c00/etc/sng1.json /home/cc/Synergy4/s4c00/etc/synergy-log.conf
cc       163222  0.0  0.0  12944  1008 ?        S    23:32   0:00 grep sng_tsd
 ============================================================ 
 === before clean up === 
~~~~~~ ls -l /tmp
total 28
-rw------- 1 cc cc 14133 Mar 27 23:32 synergy4_p2pmd_153670.log
-rw------- 1 cc cc   768 Mar 27 23:29 synergy4_parser_153670.log
-rw------- 1 cc cc  7107 Mar 27 23:32 synergy4_tsd_153670.log
srwxrwxr-x 1 cc cc     0 Mar 27 23:29 tsd1
~~~~~~ ls -l /dev/shm
total 16
-rwxrwxr-x 1 cc cc 4000000 Mar 27 23:29 matrix-pull
-rwxrwxr-x 1 cc cc 4000000 Mar 27 23:29 matrix-push
-rwxrwxr-x 1 cc cc      32 Mar 27 23:29 sem.matrix-pull-rsem
-rwxrwxr-x 1 cc cc      32 Mar 27 23:29 sem.matrix-pull-wsem
-rwxrwxr-x 1 cc cc      32 Mar 27 23:29 sem.matrix-push-rsem
-rwxrwxr-x 1 cc cc      32 Mar 27 23:29 sem.matrix-push-wsem
 === clean up ===
total 0
total 0
 === done ===
 *============== Launching remote tsd at 2 =============* 
 ====== tsd launch complete. You have 1 tsd instance. ====== 
cc       154269  0.0  0.0 144504  5040 ?        Sl   23:32   0:00 /home/cc/Synergy4/s4c00/cmake-build-debug/sng_tsd /home/cc/Synergy4/s4c00/etc/sng2.json /home/cc/Synergy4/s4c00/etc/synergy-log.conf
cc       154271  0.0  0.0  12944  1012 ?        S    23:32   0:00 grep sng_tsd
 ============================================================ 
 === before clean up === 
~~~~~~ ls -l /tmp
total 28
-rw------- 1 cc cc 14128 Mar 27 23:32 synergy4_p2pmd_152939.log
-rw------- 1 cc cc   764 Mar 27 23:29 synergy4_parser_152939.log
-rw------- 1 cc cc  7107 Mar 27 23:32 synergy4_tsd_152939.log
srwxrwxr-x 1 cc cc     0 Mar 27 23:29 tsd1
~~~~~~ ls -l /dev/shm
total 16
-rwxrwxr-x 1 cc cc 4000000 Mar 27 23:29 matrix-pull
-rwxrwxr-x 1 cc cc 4000000 Mar 27 23:29 matrix-push
-rwxrwxr-x 1 cc cc      32 Mar 27 23:29 sem.matrix-pull-rsem
-rwxrwxr-x 1 cc cc      32 Mar 27 23:29 sem.matrix-pull-wsem
-rwxrwxr-x 1 cc cc      32 Mar 27 23:29 sem.matrix-push-rsem
-rwxrwxr-x 1 cc cc      32 Mar 27 23:29 sem.matrix-push-wsem
 === clean up ===
total 0
total 0
 === done ===
 *============== Launching remote tsd at 3 =============* 
 ====== tsd launch complete. You have 1 tsd instance. ====== 
cc       153531  0.0  0.0 144504  5100 ?        Sl   23:32   0:00 /home/cc/Synergy4/s4c00/cmake-build-debug/sng_tsd /home/cc/Synergy4/s4c00/etc/sng3.json /home/cc/Synergy4/s4c00/etc/synergy-log.conf
cc       153533  0.0  0.0  12944   984 ?        S    23:32   0:00 grep sng_tsd
 ============================================================ 
 === before clean up === 
~~~~~~ ls -l /tmp
total 16
-rw------- 1 cc cc 4406 Mar 27 23:32 synergy4_p2pmd_136996.log
-rw------- 1 cc cc  768 Mar 27 23:29 synergy4_parser_136996.log
-rw------- 1 cc cc 4009 Mar 27 23:30 synergy4_tsd_136996.log
srwxrwxr-x 1 cc cc    0 Mar 27 23:29 tsd1
~~~~~~ ls -l /dev/shm
total 16
-rwxrwxr-x 1 cc cc 4000000 Mar 27 23:29 matrix-pull
-rwxrwxr-x 1 cc cc 4000000 Mar 27 23:29 matrix-push
-rwxrwxr-x 1 cc cc      32 Mar 27 23:29 sem.matrix-pull-rsem
-rwxrwxr-x 1 cc cc      32 Mar 27 23:29 sem.matrix-pull-wsem
-rwxrwxr-x 1 cc cc      32 Mar 27 23:29 sem.matrix-push-rsem
-rwxrwxr-x 1 cc cc      32 Mar 27 23:29 sem.matrix-push-wsem
 === clean up ===
total 0
total 0
 === done ===
 *============== Launching remote tsd at 4 =============* 
 ====== tsd launch complete. You have 1 tsd instance. ====== 
cc       137587  0.0  0.0 144504  4908 ?        Sl   23:32   0:00 /home/cc/Synergy4/s4c00/cmake-build-debug/sng_tsd /home/cc/Synergy4/s4c00/etc/sng4.json /home/cc/Synergy4/s4c00/etc/synergy-log.conf
cc       137589  0.0  0.0  12944  1016 ?        S    23:32   0:00 grep sng_tsd
 ============================================================ 
 === before clean up === 
~~~~~~ ls -l /tmp
total 16
-rw------- 1 cc cc 4406 Mar 27 23:32 synergy4_p2pmd_135717.log
-rw------- 1 cc cc  768 Mar 27 23:29 synergy4_parser_135717.log
-rw------- 1 cc cc 4009 Mar 27 23:30 synergy4_tsd_135717.log
srwxrwxr-x 1 cc cc    0 Mar 27 23:29 tsd1
~~~~~~ ls -l /dev/shm
total 16
-rwxrwxr-x 1 cc cc 4000000 Mar 27 23:29 matrix-pull
-rwxrwxr-x 1 cc cc 4000000 Mar 27 23:29 matrix-push
-rwxrwxr-x 1 cc cc      32 Mar 27 23:29 sem.matrix-pull-rsem
-rwxrwxr-x 1 cc cc      32 Mar 27 23:29 sem.matrix-pull-wsem
-rwxrwxr-x 1 cc cc      32 Mar 27 23:29 sem.matrix-push-rsem
-rwxrwxr-x 1 cc cc      32 Mar 27 23:29 sem.matrix-push-wsem
 === clean up ===
total 0
total 0
 === done ===
 *============== Launching remote tsd at 5 =============* 
 ====== tsd launch complete. You have 1 tsd instance. ====== 
cc       136305  0.0  0.0 144504  5048 ?        Sl   23:32   0:00 /home/cc/Synergy4/s4c00/cmake-build-debug/sng_tsd /home/cc/Synergy4/s4c00/etc/sng5.json /home/cc/Synergy4/s4c00/etc/synergy-log.conf
cc       136307  0.0  0.0  12944   940 ?        S    23:32   0:00 grep sng_tsd
 ============================================================ 
 === before clean up === 
~~~~~~ ls -l /tmp
total 16
-rw------- 1 cc cc 4406 Mar 27 23:32 synergy4_p2pmd_135402.log
-rw------- 1 cc cc  768 Mar 27 23:29 synergy4_parser_135402.log
-rw------- 1 cc cc 4009 Mar 27 23:30 synergy4_tsd_135402.log
srwxrwxr-x 1 cc cc    0 Mar 27 23:29 tsd1
~~~~~~ ls -l /dev/shm
total 16
-rwxrwxr-x 1 cc cc 4000000 Mar 27 23:29 matrix-pull
-rwxrwxr-x 1 cc cc 4000000 Mar 27 23:29 matrix-push
-rwxrwxr-x 1 cc cc      32 Mar 27 23:29 sem.matrix-pull-rsem
-rwxrwxr-x 1 cc cc      32 Mar 27 23:29 sem.matrix-pull-wsem
-rwxrwxr-x 1 cc cc      32 Mar 27 23:29 sem.matrix-push-rsem
-rwxrwxr-x 1 cc cc      32 Mar 27 23:29 sem.matrix-push-wsem
 === clean up ===
total 0
total 0
 === done ===
 *============== Launching remote tsd at 6 =============* 
 ====== tsd launch complete. You have 1 tsd instance. ====== 
cc       135996  0.0  0.0 144504  5036 ?        Sl   23:32   0:00 /home/cc/Synergy4/s4c00/cmake-build-debug/sng_tsd /home/cc/Synergy4/s4c00/etc/sng6.json /home/cc/Synergy4/s4c00/etc/synergy-log.conf
cc       135998  0.0  0.0  12944   964 ?        S    23:32   0:00 grep sng_tsd
 ============================================================ 
 === before clean up === 
~~~~~~ ls -l /tmp
total 16
-rw------- 1 cc cc 4510 Mar 27 23:32 synergy4_p2pmd_131115.log
-rw------- 1 cc cc  768 Mar 27 23:29 synergy4_parser_131115.log
-rw------- 1 cc cc 4009 Mar 27 23:30 synergy4_tsd_131115.log
srwxrwxr-x 1 cc cc    0 Mar 27 23:29 tsd1
~~~~~~ ls -l /dev/shm
total 16
-rwxrwxr-x 1 cc cc 4000000 Mar 27 23:29 matrix-pull
-rwxrwxr-x 1 cc cc 4000000 Mar 27 23:29 matrix-push
-rwxrwxr-x 1 cc cc      32 Mar 27 23:29 sem.matrix-pull-rsem
-rwxrwxr-x 1 cc cc      32 Mar 27 23:29 sem.matrix-pull-wsem
-rwxrwxr-x 1 cc cc      32 Mar 27 23:29 sem.matrix-push-rsem
-rwxrwxr-x 1 cc cc      32 Mar 27 23:29 sem.matrix-push-wsem
 === clean up ===
total 0
total 0
 === done ===
 *============== Launching remote tsd at 7 =============* 
 ====== tsd launch complete. You have 1 tsd instance. ====== 
cc       131719  0.0  0.0 144504  5100 ?        Sl   23:32   0:00 /home/cc/Synergy4/s4c00/cmake-build-debug/sng_tsd /home/cc/Synergy4/s4c00/etc/sng7.json /home/cc/Synergy4/s4c00/etc/synergy-log.conf
cc       131721  0.0  0.0  12944   944 ?        S    23:32   0:00 grep sng_tsd
 ============================================================ 
 === before clean up === 
~~~~~~ ls -l /tmp
total 16
-rw------- 1 cc cc 4510 Mar 27 23:32 synergy4_p2pmd_131250.log
-rw------- 1 cc cc  768 Mar 27 23:29 synergy4_parser_131250.log
-rw------- 1 cc cc 4009 Mar 27 23:30 synergy4_tsd_131250.log
srwxrwxr-x 1 cc cc    0 Mar 27 23:29 tsd1
~~~~~~ ls -l /dev/shm
total 16
-rwxrwxr-x 1 cc cc 4000000 Mar 27 23:29 matrix-pull
-rwxrwxr-x 1 cc cc 4000000 Mar 27 23:29 matrix-push
-rwxrwxr-x 1 cc cc      32 Mar 27 23:29 sem.matrix-pull-rsem
-rwxrwxr-x 1 cc cc      32 Mar 27 23:29 sem.matrix-pull-wsem
-rwxrwxr-x 1 cc cc      32 Mar 27 23:29 sem.matrix-push-rsem
-rwxrwxr-x 1 cc cc      32 Mar 27 23:29 sem.matrix-push-wsem
 === clean up ===
total 0
total 0
 === done ===
 *============== Launching remote tsd at 8 =============* 
 ====== tsd launch complete. You have 1 tsd instance. ====== 
cc       131844  0.0  0.0 144504  5116 ?        Sl   23:32   0:00 /home/cc/Synergy4/s4c00/cmake-build-debug/sng_tsd /home/cc/Synergy4/s4c00/etc/sng8.json /home/cc/Synergy4/s4c00/etc/synergy-log.conf
cc       131846  0.0  0.0  12944  1084 ?        S    23:32   0:00 grep sng_tsd
 ============================================================ 
 === before clean up === 
~~~~~~ ls -l /tmp
total 16
-rw------- 1 cc cc 4511 Mar 27 23:32 synergy4_p2pmd_124752.log
-rw------- 1 cc cc  770 Mar 27 23:29 synergy4_parser_124752.log
-rw------- 1 cc cc 4009 Mar 27 23:30 synergy4_tsd_124752.log
srwxrwxr-x 1 cc cc    0 Mar 27 23:29 tsd1
~~~~~~ ls -l /dev/shm
total 16
-rwxrwxr-x 1 cc cc 4000000 Mar 27 23:29 matrix-pull
-rwxrwxr-x 1 cc cc 4000000 Mar 27 23:29 matrix-push
-rwxrwxr-x 1 cc cc      32 Mar 27 23:29 sem.matrix-pull-rsem
-rwxrwxr-x 1 cc cc      32 Mar 27 23:29 sem.matrix-pull-wsem
-rwxrwxr-x 1 cc cc      32 Mar 27 23:29 sem.matrix-push-rsem
-rwxrwxr-x 1 cc cc      32 Mar 27 23:29 sem.matrix-push-wsem
 === clean up ===
total 0
total 0
 === done ===
 *============== Launching remote tsd at 9 =============* 
 ====== tsd launch complete. You have 1 tsd instance. ====== 
cc       125338  0.0  0.0 144504  4908 ?        Sl   23:32   0:00 /home/cc/Synergy4/s4c00/cmake-build-debug/sng_tsd /home/cc/Synergy4/s4c00/etc/sng9.json /home/cc/Synergy4/s4c00/etc/synergy-log.conf
cc       125340  0.0  0.0  12944   936 ?        S    23:32   0:00 grep sng_tsd
 ============================================================ 
 === before clean up === 
~~~~~~ ls -l /tmp
total 16
-rw------- 1 cc cc 4511 Mar 27 23:32 synergy4_p2pmd_125813.log
-rw------- 1 cc cc  770 Mar 27 23:29 synergy4_parser_125813.log
-rw------- 1 cc cc 4009 Mar 27 23:30 synergy4_tsd_125813.log
srwxrwxr-x 1 cc cc    0 Mar 27 23:29 tsd1
~~~~~~ ls -l /dev/shm
total 16
-rwxrwxr-x 1 cc cc 4000000 Mar 27 23:29 matrix-pull
-rwxrwxr-x 1 cc cc 4000000 Mar 27 23:29 matrix-push
-rwxrwxr-x 1 cc cc      32 Mar 27 23:29 sem.matrix-pull-rsem
-rwxrwxr-x 1 cc cc      32 Mar 27 23:29 sem.matrix-pull-wsem
-rwxrwxr-x 1 cc cc      32 Mar 27 23:29 sem.matrix-push-rsem
-rwxrwxr-x 1 cc cc      32 Mar 27 23:29 sem.matrix-push-wsem
 === clean up ===
total 0
total 0
 === done ===
 *============== Launching remote tsd at 10 =============* 
 ====== tsd launch complete. You have 1 tsd instance. ====== 
cc       126400  0.0  0.0 144504  7088 ?        Sl   23:32   0:00 /home/cc/Synergy4/s4c00/cmake-build-debug/sng_tsd /home/cc/Synergy4/s4c00/etc/sng10.json /home/cc/Synergy4/s4c00/etc/synergy-log.conf
cc       126402  0.0  0.0  12944   964 ?        S    23:32   0:00 grep sng_tsd
 ============================================================ 
 === before clean up === 
~~~~~~ ls -l /tmp
total 16
-rw------- 1 cc cc 4512 Mar 27 23:32 synergy4_p2pmd_125072.log
-rw------- 1 cc cc  772 Mar 27 23:29 synergy4_parser_125072.log
-rw------- 1 cc cc 4009 Mar 27 23:30 synergy4_tsd_125072.log
srwxrwxr-x 1 cc cc    0 Mar 27 23:29 tsd1
~~~~~~ ls -l /dev/shm
total 16
-rwxrwxr-x 1 cc cc 4000000 Mar 27 23:29 matrix-pull
-rwxrwxr-x 1 cc cc 4000000 Mar 27 23:29 matrix-push
-rwxrwxr-x 1 cc cc      32 Mar 27 23:29 sem.matrix-pull-rsem
-rwxrwxr-x 1 cc cc      32 Mar 27 23:29 sem.matrix-pull-wsem
-rwxrwxr-x 1 cc cc      32 Mar 27 23:29 sem.matrix-push-rsem
-rwxrwxr-x 1 cc cc      32 Mar 27 23:29 sem.matrix-push-wsem
 === clean up ===
total 0
total 0
 === done ===
 *============== Launching remote tsd at 11 =============* 
 ====== tsd launch complete. You have 1 tsd instance. ====== 
cc       125662  0.0  0.0 144504  6996 ?        Sl   23:32   0:00 /home/cc/Synergy4/s4c00/cmake-build-debug/sng_tsd /home/cc/Synergy4/s4c00/etc/sng11.json /home/cc/Synergy4/s4c00/etc/synergy-log.conf
cc       125664  0.0  0.0  12944   920 ?        S    23:32   0:00 grep sng_tsd
 ============================================================ 
 === before clean up === 
~~~~~~ ls -l /tmp
total 16
-rw------- 1 cc cc 4511 Mar 27 23:32 synergy4_p2pmd_125624.log
-rw------- 1 cc cc  770 Mar 27 23:29 synergy4_parser_125624.log
-rw------- 1 cc cc 4009 Mar 27 23:31 synergy4_tsd_125624.log
srwxrwxr-x 1 cc cc    0 Mar 27 23:29 tsd1
~~~~~~ ls -l /dev/shm
total 16
-rwxrwxr-x 1 cc cc 4000000 Mar 27 23:29 matrix-pull
-rwxrwxr-x 1 cc cc 4000000 Mar 27 23:29 matrix-push
-rwxrwxr-x 1 cc cc      32 Mar 27 23:29 sem.matrix-pull-rsem
-rwxrwxr-x 1 cc cc      32 Mar 27 23:29 sem.matrix-pull-wsem
-rwxrwxr-x 1 cc cc      32 Mar 27 23:29 sem.matrix-push-rsem
-rwxrwxr-x 1 cc cc      32 Mar 27 23:29 sem.matrix-push-wsem
 === clean up ===
total 0
total 0
 === done ===
 *============== Launching remote tsd at 12 =============* 
 ====== tsd launch complete. You have 1 tsd instance. ====== 
cc       126219  0.0  0.0 144504  5016 ?        Sl   23:32   0:00 /home/cc/Synergy4/s4c00/cmake-build-debug/sng_tsd /home/cc/Synergy4/s4c00/etc/sng12.json /home/cc/Synergy4/s4c00/etc/synergy-log.conf
cc       126221  0.0  0.0  12944   928 ?        S    23:32   0:00 grep sng_tsd
 ============================================================ 
