 === before clean up === 
~~~~~~ ls -l /tmp
total 1912
-rw------- 1 cc cc 1455578 Mar 27 16:02 synergy4_137699.log
-rw------- 1 cc cc    9637 Mar 27 16:02 synergy4_p2pmd_137699.log
-rw------- 1 cc cc     768 Mar 27 15:59 synergy4_parser_137699.log
-rw------- 1 cc cc  482373 Mar 27 16:02 synergy4_tsd_137699.log
srwxrwxr-x 1 cc cc       0 Mar 27 15:59 tsd1
~~~~~~ ls -l /dev/shm
total 7832
-rwxrwxr-x 1 cc cc 4000000 Mar 27 16:01 matrix-pull
-rwxrwxr-x 1 cc cc 4000000 Mar 27 16:01 matrix-push
-rwxrwxr-x 1 cc cc      32 Mar 27 15:59 sem.matrix-pull-rsem
-rwxrwxr-x 1 cc cc      32 Mar 27 15:59 sem.matrix-pull-wsem
-rwxrwxr-x 1 cc cc      32 Mar 27 15:59 sem.matrix-push-rsem
-rwxrwxr-x 1 cc cc      32 Mar 27 15:59 sem.matrix-push-wsem
 === clean up ===
total 0
total 0
 === done ===
 *============== Launching remote tsd at 1 =============* 
 ====== tsd launch complete. You have 1 tsd instance. ====== 
cc       138245  0.0  0.0 144504  5036 ?        Sl   16:02   0:00 /home/cc/Synergy4/s4c00/cmake-build-debug/sng_tsd /home/cc/Synergy4/s4c00/etc/sng1.json /home/cc/Synergy4/s4c00/etc/synergy-log.conf
cc       138247  0.0  0.0  12944   936 ?        S    16:02   0:00 grep sng_tsd
 ============================================================ 
 === before clean up === 
~~~~~~ ls -l /tmp
total 28
-rw------- 1 cc cc 13728 Mar 27 16:02 synergy4_p2pmd_128052.log
-rw------- 1 cc cc   768 Mar 27 15:59 synergy4_parser_128052.log
-rw------- 1 cc cc  7107 Mar 27 16:02 synergy4_tsd_128052.log
srwxrwxr-x 1 cc cc     0 Mar 27 15:59 tsd1
~~~~~~ ls -l /dev/shm
total 16
-rwxrwxr-x 1 cc cc 4000000 Mar 27 15:59 matrix-pull
-rwxrwxr-x 1 cc cc 4000000 Mar 27 15:59 matrix-push
-rwxrwxr-x 1 cc cc      32 Mar 27 15:59 sem.matrix-pull-rsem
-rwxrwxr-x 1 cc cc      32 Mar 27 15:59 sem.matrix-pull-wsem
-rwxrwxr-x 1 cc cc      32 Mar 27 15:59 sem.matrix-push-rsem
-rwxrwxr-x 1 cc cc      32 Mar 27 15:59 sem.matrix-push-wsem
 === clean up ===
total 0
total 0
 === done ===
 *============== Launching remote tsd at 2 =============* 
 ====== tsd launch complete. You have 1 tsd instance. ====== 
cc       128639  0.0  0.0 144504  7060 ?        Sl   16:02   0:00 /home/cc/Synergy4/s4c00/cmake-build-debug/sng_tsd /home/cc/Synergy4/s4c00/etc/sng2.json /home/cc/Synergy4/s4c00/etc/synergy-log.conf
cc       128641  0.0  0.0  12944   968 ?        S    16:02   0:00 grep sng_tsd
 ============================================================ 
 === before clean up === 
~~~~~~ ls -l /tmp
total 28
-rw------- 1 cc cc 13828 Mar 27 16:02 synergy4_p2pmd_127334.log
-rw------- 1 cc cc   764 Mar 27 15:59 synergy4_parser_127334.log
-rw------- 1 cc cc  7107 Mar 27 16:02 synergy4_tsd_127334.log
srwxrwxr-x 1 cc cc     0 Mar 27 15:59 tsd1
~~~~~~ ls -l /dev/shm
total 16
-rwxrwxr-x 1 cc cc 4000000 Mar 27 15:59 matrix-pull
-rwxrwxr-x 1 cc cc 4000000 Mar 27 15:59 matrix-push
-rwxrwxr-x 1 cc cc      32 Mar 27 15:59 sem.matrix-pull-rsem
-rwxrwxr-x 1 cc cc      32 Mar 27 15:59 sem.matrix-pull-wsem
-rwxrwxr-x 1 cc cc      32 Mar 27 15:59 sem.matrix-push-rsem
-rwxrwxr-x 1 cc cc      32 Mar 27 15:59 sem.matrix-push-wsem
 === clean up ===
total 0
total 0
 === done ===
 *============== Launching remote tsd at 3 =============* 
 ====== tsd launch complete. You have 1 tsd instance. ====== 
cc       127925  0.0  0.0 144504  7056 ?        Sl   16:02   0:00 /home/cc/Synergy4/s4c00/cmake-build-debug/sng_tsd /home/cc/Synergy4/s4c00/etc/sng3.json /home/cc/Synergy4/s4c00/etc/synergy-log.conf
cc       127927  0.0  0.0  12944  1088 ?        S    16:02   0:00 grep sng_tsd
 ============================================================ 
 === before clean up === 
~~~~~~ ls -l /tmp
total 16
-rw------- 1 cc cc 4198 Mar 27 16:02 synergy4_p2pmd_111334.log
-rw------- 1 cc cc  768 Mar 27 15:59 synergy4_parser_111334.log
-rw------- 1 cc cc 4009 Mar 27 16:01 synergy4_tsd_111334.log
srwxrwxr-x 1 cc cc    0 Mar 27 15:59 tsd1
~~~~~~ ls -l /dev/shm
total 16
-rwxrwxr-x 1 cc cc 4000000 Mar 27 15:59 matrix-pull
-rwxrwxr-x 1 cc cc 4000000 Mar 27 15:59 matrix-push
-rwxrwxr-x 1 cc cc      32 Mar 27 15:59 sem.matrix-pull-rsem
-rwxrwxr-x 1 cc cc      32 Mar 27 15:59 sem.matrix-pull-wsem
-rwxrwxr-x 1 cc cc      32 Mar 27 15:59 sem.matrix-push-rsem
-rwxrwxr-x 1 cc cc      32 Mar 27 15:59 sem.matrix-push-wsem
 === clean up ===
total 0
total 0
 === done ===
 *============== Launching remote tsd at 4 =============* 
 ====== tsd launch complete. You have 1 tsd instance. ====== 
cc       111922  0.0  0.0 144504  4996 ?        Sl   16:02   0:00 /home/cc/Synergy4/s4c00/cmake-build-debug/sng_tsd /home/cc/Synergy4/s4c00/etc/sng4.json /home/cc/Synergy4/s4c00/etc/synergy-log.conf
cc       111924  0.0  0.0  12944   972 ?        S    16:02   0:00 grep sng_tsd
 ============================================================ 
 === before clean up === 
~~~~~~ ls -l /tmp
total 16
-rw------- 1 cc cc 4198 Mar 27 16:02 synergy4_p2pmd_110122.log
-rw------- 1 cc cc  768 Mar 27 15:59 synergy4_parser_110122.log
-rw------- 1 cc cc 4009 Mar 27 16:01 synergy4_tsd_110122.log
srwxrwxr-x 1 cc cc    0 Mar 27 15:59 tsd1
~~~~~~ ls -l /dev/shm
total 16
-rwxrwxr-x 1 cc cc 4000000 Mar 27 15:59 matrix-pull
-rwxrwxr-x 1 cc cc 4000000 Mar 27 15:59 matrix-push
-rwxrwxr-x 1 cc cc      32 Mar 27 15:59 sem.matrix-pull-rsem
-rwxrwxr-x 1 cc cc      32 Mar 27 15:59 sem.matrix-pull-wsem
-rwxrwxr-x 1 cc cc      32 Mar 27 15:59 sem.matrix-push-rsem
-rwxrwxr-x 1 cc cc      32 Mar 27 15:59 sem.matrix-push-wsem
 === clean up ===
total 0
total 0
 === done ===
 *============== Launching remote tsd at 5 =============* 
 ====== tsd launch complete. You have 1 tsd instance. ====== 
cc       110714  0.0  0.0 144504  4932 ?        Sl   16:02   0:00 /home/cc/Synergy4/s4c00/cmake-build-debug/sng_tsd /home/cc/Synergy4/s4c00/etc/sng5.json /home/cc/Synergy4/s4c00/etc/synergy-log.conf
cc       110716  0.0  0.0  12944   988 ?        S    16:02   0:00 grep sng_tsd
 ============================================================ 
 === before clean up === 
~~~~~~ ls -l /tmp
total 16
-rw------- 1 cc cc 4198 Mar 27 16:02 synergy4_p2pmd_109877.log
-rw------- 1 cc cc  768 Mar 27 15:59 synergy4_parser_109877.log
-rw------- 1 cc cc 4009 Mar 27 16:01 synergy4_tsd_109877.log
srwxrwxr-x 1 cc cc    0 Mar 27 15:59 tsd1
~~~~~~ ls -l /dev/shm
total 16
-rwxrwxr-x 1 cc cc 4000000 Mar 27 15:59 matrix-pull
-rwxrwxr-x 1 cc cc 4000000 Mar 27 15:59 matrix-push
-rwxrwxr-x 1 cc cc      32 Mar 27 15:59 sem.matrix-pull-rsem
-rwxrwxr-x 1 cc cc      32 Mar 27 15:59 sem.matrix-pull-wsem
-rwxrwxr-x 1 cc cc      32 Mar 27 15:59 sem.matrix-push-rsem
-rwxrwxr-x 1 cc cc      32 Mar 27 15:59 sem.matrix-push-wsem
 === clean up ===
total 0
total 0
 === done ===
 *============== Launching remote tsd at 6 =============* 
 ====== tsd launch complete. You have 1 tsd instance. ====== 
cc       110470  0.0  0.0 144504  6956 ?        Sl   16:02   0:00 /home/cc/Synergy4/s4c00/cmake-build-debug/sng_tsd /home/cc/Synergy4/s4c00/etc/sng6.json /home/cc/Synergy4/s4c00/etc/synergy-log.conf
cc       110472  0.0  0.0  12944   940 ?        S    16:02   0:00 grep sng_tsd
 ============================================================ 
 === before clean up === 
~~~~~~ ls -l /tmp
total 16
-rw------- 1 cc cc 4198 Mar 27 16:02 synergy4_p2pmd_105528.log
-rw------- 1 cc cc  768 Mar 27 15:59 synergy4_parser_105528.log
-rw------- 1 cc cc 4009 Mar 27 16:01 synergy4_tsd_105528.log
srwxrwxr-x 1 cc cc    0 Mar 27 15:59 tsd1
~~~~~~ ls -l /dev/shm
total 16
-rwxrwxr-x 1 cc cc 4000000 Mar 27 15:59 matrix-pull
-rwxrwxr-x 1 cc cc 4000000 Mar 27 15:59 matrix-push
-rwxrwxr-x 1 cc cc      32 Mar 27 15:59 sem.matrix-pull-rsem
-rwxrwxr-x 1 cc cc      32 Mar 27 15:59 sem.matrix-pull-wsem
-rwxrwxr-x 1 cc cc      32 Mar 27 15:59 sem.matrix-push-rsem
-rwxrwxr-x 1 cc cc      32 Mar 27 15:59 sem.matrix-push-wsem
 === clean up ===
total 0
total 0
 === done ===
 *============== Launching remote tsd at 7 =============* 
 ====== tsd launch complete. You have 1 tsd instance. ====== 
cc       106119  0.0  0.0 144504  7148 ?        Sl   16:02   0:00 /home/cc/Synergy4/s4c00/cmake-build-debug/sng_tsd /home/cc/Synergy4/s4c00/etc/sng7.json /home/cc/Synergy4/s4c00/etc/synergy-log.conf
cc       106121  0.0  0.0  12944  1084 ?        S    16:02   0:00 grep sng_tsd
 ============================================================ 
 === before clean up === 
~~~~~~ ls -l /tmp
total 16
-rw------- 1 cc cc 4198 Mar 27 16:02 synergy4_p2pmd_105729.log
-rw------- 1 cc cc  768 Mar 27 15:59 synergy4_parser_105729.log
-rw------- 1 cc cc 4009 Mar 27 16:01 synergy4_tsd_105729.log
srwxrwxr-x 1 cc cc    0 Mar 27 15:59 tsd1
~~~~~~ ls -l /dev/shm
total 16
-rwxrwxr-x 1 cc cc 4000000 Mar 27 15:59 matrix-pull
-rwxrwxr-x 1 cc cc 4000000 Mar 27 15:59 matrix-push
-rwxrwxr-x 1 cc cc      32 Mar 27 15:59 sem.matrix-pull-rsem
-rwxrwxr-x 1 cc cc      32 Mar 27 15:59 sem.matrix-pull-wsem
-rwxrwxr-x 1 cc cc      32 Mar 27 15:59 sem.matrix-push-rsem
-rwxrwxr-x 1 cc cc      32 Mar 27 15:59 sem.matrix-push-wsem
 === clean up ===
total 0
total 0
 === done ===
 *============== Launching remote tsd at 8 =============* 
 ====== tsd launch complete. You have 1 tsd instance. ====== 
cc       106332  0.0  0.0 144504  5020 ?        Sl   16:02   0:00 /home/cc/Synergy4/s4c00/cmake-build-debug/sng_tsd /home/cc/Synergy4/s4c00/etc/sng8.json /home/cc/Synergy4/s4c00/etc/synergy-log.conf
cc       106334  0.0  0.0  12944   932 ?        S    16:02   0:00 grep sng_tsd
 ============================================================ 
 === before clean up === 
~~~~~~ ls -l /tmp
total 16
-rw------- 1 cc cc 4159 Mar 27 16:02 synergy4_p2pmd_99390.log
-rw------- 1 cc cc  770 Mar 27 15:59 synergy4_parser_99390.log
-rw------- 1 cc cc 3973 Mar 27 16:01 synergy4_tsd_99390.log
srwxrwxr-x 1 cc cc    0 Mar 27 15:59 tsd1
~~~~~~ ls -l /dev/shm
total 16
-rwxrwxr-x 1 cc cc 4000000 Mar 27 15:59 matrix-pull
-rwxrwxr-x 1 cc cc 4000000 Mar 27 15:59 matrix-push
-rwxrwxr-x 1 cc cc      32 Mar 27 15:59 sem.matrix-pull-rsem
-rwxrwxr-x 1 cc cc      32 Mar 27 15:59 sem.matrix-pull-wsem
-rwxrwxr-x 1 cc cc      32 Mar 27 15:59 sem.matrix-push-rsem
-rwxrwxr-x 1 cc cc      32 Mar 27 15:59 sem.matrix-push-wsem
 === clean up ===
total 0
total 0
 === done ===
 *============== Launching remote tsd at 9 =============* 
 ====== tsd launch complete. You have 1 tsd instance. ====== 
cc        99978  0.0  0.0 144504 11244 ?        Sl   16:02   0:00 /home/cc/Synergy4/s4c00/cmake-build-debug/sng_tsd /home/cc/Synergy4/s4c00/etc/sng9.json /home/cc/Synergy4/s4c00/etc/synergy-log.conf
cc        99980  0.0  0.0  12944   924 ?        S    16:02   0:00 grep sng_tsd
 ============================================================ 
 === before clean up === 
~~~~~~ ls -l /tmp
total 16
-rw------- 1 cc cc 5414 Mar 27 16:02 synergy4_p2pmd_100368.log
-rw------- 1 cc cc  770 Mar 27 15:59 synergy4_parser_100368.log
-rw------- 1 cc cc 4009 Mar 27 16:01 synergy4_tsd_100368.log
srwxrwxr-x 1 cc cc    0 Mar 27 15:59 tsd1
~~~~~~ ls -l /dev/shm
total 16
-rwxrwxr-x 1 cc cc 4000000 Mar 27 15:59 matrix-pull
-rwxrwxr-x 1 cc cc 4000000 Mar 27 15:59 matrix-push
-rwxrwxr-x 1 cc cc      32 Mar 27 15:59 sem.matrix-pull-rsem
-rwxrwxr-x 1 cc cc      32 Mar 27 15:59 sem.matrix-pull-wsem
-rwxrwxr-x 1 cc cc      32 Mar 27 15:59 sem.matrix-push-rsem
-rwxrwxr-x 1 cc cc      32 Mar 27 15:59 sem.matrix-push-wsem
 === clean up ===
total 0
total 0
 === done ===
 *============== Launching remote tsd at 10 =============* 
 ====== tsd launch complete. You have 1 tsd instance. ====== 
cc       100970  0.0  0.0 144504  5184 ?        Sl   16:02   0:00 /home/cc/Synergy4/s4c00/cmake-build-debug/sng_tsd /home/cc/Synergy4/s4c00/etc/sng10.json /home/cc/Synergy4/s4c00/etc/synergy-log.conf
cc       100972  0.0  0.0  12944   932 ?        S    16:02   0:00 grep sng_tsd
 ============================================================ 
 === before clean up === 
~~~~~~ ls -l /tmp
total 16
-rw------- 1 cc cc 4263 Mar 27 16:02 synergy4_p2pmd_99671.log
-rw------- 1 cc cc  772 Mar 27 15:59 synergy4_parser_99671.log
-rw------- 1 cc cc 3973 Mar 27 16:01 synergy4_tsd_99671.log
srwxrwxr-x 1 cc cc    0 Mar 27 15:59 tsd1
~~~~~~ ls -l /dev/shm
total 16
-rwxrwxr-x 1 cc cc 4000000 Mar 27 15:59 matrix-pull
-rwxrwxr-x 1 cc cc 4000000 Mar 27 15:59 matrix-push
-rwxrwxr-x 1 cc cc      32 Mar 27 15:59 sem.matrix-pull-rsem
-rwxrwxr-x 1 cc cc      32 Mar 27 15:59 sem.matrix-pull-wsem
-rwxrwxr-x 1 cc cc      32 Mar 27 15:59 sem.matrix-push-rsem
-rwxrwxr-x 1 cc cc      32 Mar 27 15:59 sem.matrix-push-wsem
 === clean up ===
total 0
total 0
 === done ===
 *============== Launching remote tsd at 11 =============* 
 ====== tsd launch complete. You have 1 tsd instance. ====== 
cc       100315  0.0  0.0 144504  5016 ?        Sl   16:02   0:00 /home/cc/Synergy4/s4c00/cmake-build-debug/sng_tsd /home/cc/Synergy4/s4c00/etc/sng11.json /home/cc/Synergy4/s4c00/etc/synergy-log.conf
cc       100317  0.0  0.0  12944   924 ?        S    16:02   0:00 grep sng_tsd
 ============================================================ 
 === before clean up === 
~~~~~~ ls -l /tmp
total 16
-rw------- 1 cc cc 4303 Mar 27 16:02 synergy4_p2pmd_100249.log
-rw------- 1 cc cc  770 Mar 27 15:59 synergy4_parser_100249.log
-rw------- 1 cc cc 4009 Mar 27 16:01 synergy4_tsd_100249.log
srwxrwxr-x 1 cc cc    0 Mar 27 15:59 tsd1
~~~~~~ ls -l /dev/shm
total 16
-rwxrwxr-x 1 cc cc 4000000 Mar 27 15:59 matrix-pull
-rwxrwxr-x 1 cc cc 4000000 Mar 27 15:59 matrix-push
-rwxrwxr-x 1 cc cc      32 Mar 27 15:59 sem.matrix-pull-rsem
-rwxrwxr-x 1 cc cc      32 Mar 27 15:59 sem.matrix-pull-wsem
-rwxrwxr-x 1 cc cc      32 Mar 27 15:59 sem.matrix-push-rsem
-rwxrwxr-x 1 cc cc      32 Mar 27 15:59 sem.matrix-push-wsem
 === clean up ===
total 0
total 0
 === done ===
 *============== Launching remote tsd at 12 =============* 
 ====== tsd launch complete. You have 1 tsd instance. ====== 
cc       100843  0.0  0.0 144504  4944 ?        Sl   16:02   0:00 /home/cc/Synergy4/s4c00/cmake-build-debug/sng_tsd /home/cc/Synergy4/s4c00/etc/sng12.json /home/cc/Synergy4/s4c00/etc/synergy-log.conf
cc       100845  0.0  0.0  12944   972 ?        S    16:02   0:00 grep sng_tsd
 ============================================================ 
