 === before clean up === 
~~~~~~ ls -l /tmp
total 1704
-rw------- 1 cc cc 1390890 Mar 28 00:25 synergy4_171824.log
-rw------- 1 cc cc    8125 Mar 28 00:25 synergy4_p2pmd_171824.log
-rw------- 1 cc cc     768 Mar 28 00:22 synergy4_parser_171824.log
-rw------- 1 cc cc  338224 Mar 28 00:25 synergy4_tsd_171824.log
srwxrwxr-x 1 cc cc       0 Mar 28 00:22 tsd1
~~~~~~ ls -l /dev/shm
total 7832
-rwxrwxr-x 1 cc cc 4000000 Mar 28 00:24 matrix-pull
-rwxrwxr-x 1 cc cc 4000000 Mar 28 00:24 matrix-push
-rwxrwxr-x 1 cc cc      32 Mar 28 00:22 sem.matrix-pull-rsem
-rwxrwxr-x 1 cc cc      32 Mar 28 00:22 sem.matrix-pull-wsem
-rwxrwxr-x 1 cc cc      32 Mar 28 00:22 sem.matrix-push-rsem
-rwxrwxr-x 1 cc cc      32 Mar 28 00:22 sem.matrix-push-wsem
 === clean up ===
total 0
total 0
 === done ===
 *============== Launching remote tsd at 1 =============* 
 ====== tsd launch complete. You have 1 tsd instance. ====== 
cc       172383  0.0  0.0 144504  4932 ?        Sl   00:25   0:00 /home/cc/Synergy4/s4c00/cmake-build-debug/sng_tsd /home/cc/Synergy4/s4c00/etc/sng1.json /home/cc/Synergy4/s4c00/etc/synergy-log.conf
cc       172385  0.0  0.0  12944  1012 ?        S    00:25   0:00 grep sng_tsd
 ============================================================ 
 === before clean up === 
~~~~~~ ls -l /tmp
total 36
-rw------- 1 cc cc 20884 Mar 28 00:25 synergy4_p2pmd_163331.log
-rw------- 1 cc cc   768 Mar 28 00:22 synergy4_parser_163331.log
-rw------- 1 cc cc  7107 Mar 28 00:25 synergy4_tsd_163331.log
srwxrwxr-x 1 cc cc     0 Mar 28 00:22 tsd1
~~~~~~ ls -l /dev/shm
total 16
-rwxrwxr-x 1 cc cc 4000000 Mar 28 00:22 matrix-pull
-rwxrwxr-x 1 cc cc 4000000 Mar 28 00:22 matrix-push
-rwxrwxr-x 1 cc cc      32 Mar 28 00:22 sem.matrix-pull-rsem
-rwxrwxr-x 1 cc cc      32 Mar 28 00:22 sem.matrix-pull-wsem
-rwxrwxr-x 1 cc cc      32 Mar 28 00:22 sem.matrix-push-rsem
-rwxrwxr-x 1 cc cc      32 Mar 28 00:22 sem.matrix-push-wsem
 === clean up ===
total 0
total 0
 === done ===
 *============== Launching remote tsd at 2 =============* 
 ====== tsd launch complete. You have 1 tsd instance. ====== 
cc       163943  0.0  0.0 144504  4956 ?        Sl   00:25   0:00 /home/cc/Synergy4/s4c00/cmake-build-debug/sng_tsd /home/cc/Synergy4/s4c00/etc/sng2.json /home/cc/Synergy4/s4c00/etc/synergy-log.conf
cc       163945  0.0  0.0  12944   960 ?        S    00:25   0:00 grep sng_tsd
 ============================================================ 
 === before clean up === 
~~~~~~ ls -l /tmp
total 32
-rw------- 1 cc cc 18260 Mar 28 00:25 synergy4_p2pmd_162456.log
-rw------- 1 cc cc   764 Mar 28 00:22 synergy4_parser_162456.log
-rw------- 1 cc cc  7107 Mar 28 00:25 synergy4_tsd_162456.log
srwxrwxr-x 1 cc cc     0 Mar 28 00:22 tsd1
~~~~~~ ls -l /dev/shm
total 16
-rwxrwxr-x 1 cc cc 4000000 Mar 28 00:22 matrix-pull
-rwxrwxr-x 1 cc cc 4000000 Mar 28 00:22 matrix-push
-rwxrwxr-x 1 cc cc      32 Mar 28 00:22 sem.matrix-pull-rsem
-rwxrwxr-x 1 cc cc      32 Mar 28 00:22 sem.matrix-pull-wsem
-rwxrwxr-x 1 cc cc      32 Mar 28 00:22 sem.matrix-push-rsem
-rwxrwxr-x 1 cc cc      32 Mar 28 00:22 sem.matrix-push-wsem
 === clean up ===
total 0
total 0
 === done ===
 *============== Launching remote tsd at 3 =============* 
 ====== tsd launch complete. You have 1 tsd instance. ====== 
cc       163071  0.0  0.0 144504  4948 ?        Sl   00:25   0:00 /home/cc/Synergy4/s4c00/cmake-build-debug/sng_tsd /home/cc/Synergy4/s4c00/etc/sng3.json /home/cc/Synergy4/s4c00/etc/synergy-log.conf
cc       163073  0.0  0.0  12944   932 ?        S    00:25   0:00 grep sng_tsd
 ============================================================ 
 === before clean up === 
~~~~~~ ls -l /tmp
total 12
-rw------- 1 cc cc 3886 Mar 28 00:25 synergy4_p2pmd_146536.log
-rw------- 1 cc cc  768 Mar 28 00:22 synergy4_parser_146536.log
-rw------- 1 cc cc 4009 Mar 28 00:24 synergy4_tsd_146536.log
srwxrwxr-x 1 cc cc    0 Mar 28 00:22 tsd1
~~~~~~ ls -l /dev/shm
total 16
-rwxrwxr-x 1 cc cc 4000000 Mar 28 00:22 matrix-pull
-rwxrwxr-x 1 cc cc 4000000 Mar 28 00:22 matrix-push
-rwxrwxr-x 1 cc cc      32 Mar 28 00:22 sem.matrix-pull-rsem
-rwxrwxr-x 1 cc cc      32 Mar 28 00:22 sem.matrix-pull-wsem
-rwxrwxr-x 1 cc cc      32 Mar 28 00:22 sem.matrix-push-rsem
-rwxrwxr-x 1 cc cc      32 Mar 28 00:22 sem.matrix-push-wsem
 === clean up ===
total 0
total 0
 === done ===
 *============== Launching remote tsd at 4 =============* 
 ====== tsd launch complete. You have 1 tsd instance. ====== 
cc       147150  0.0  0.0 144504  7060 ?        Sl   00:25   0:00 /home/cc/Synergy4/s4c00/cmake-build-debug/sng_tsd /home/cc/Synergy4/s4c00/etc/sng4.json /home/cc/Synergy4/s4c00/etc/synergy-log.conf
cc       147152  0.0  0.0  12944   988 ?        S    00:25   0:00 grep sng_tsd
 ============================================================ 
 === before clean up === 
~~~~~~ ls -l /tmp
total 12
-rw------- 1 cc cc 3886 Mar 28 00:25 synergy4_p2pmd_145235.log
-rw------- 1 cc cc  768 Mar 28 00:22 synergy4_parser_145235.log
-rw------- 1 cc cc 4009 Mar 28 00:24 synergy4_tsd_145235.log
srwxrwxr-x 1 cc cc    0 Mar 28 00:22 tsd1
~~~~~~ ls -l /dev/shm
total 16
-rwxrwxr-x 1 cc cc 4000000 Mar 28 00:22 matrix-pull
-rwxrwxr-x 1 cc cc 4000000 Mar 28 00:22 matrix-push
-rwxrwxr-x 1 cc cc      32 Mar 28 00:22 sem.matrix-pull-rsem
-rwxrwxr-x 1 cc cc      32 Mar 28 00:22 sem.matrix-pull-wsem
-rwxrwxr-x 1 cc cc      32 Mar 28 00:22 sem.matrix-push-rsem
-rwxrwxr-x 1 cc cc      32 Mar 28 00:22 sem.matrix-push-wsem
 === clean up ===
total 0
total 0
 === done ===
 *============== Launching remote tsd at 5 =============* 
 ====== tsd launch complete. You have 1 tsd instance. ====== 
cc       145847  0.0  0.0 144504  6980 ?        Sl   00:25   0:00 /home/cc/Synergy4/s4c00/cmake-build-debug/sng_tsd /home/cc/Synergy4/s4c00/etc/sng5.json /home/cc/Synergy4/s4c00/etc/synergy-log.conf
cc       145849  0.0  0.0  12944  1088 ?        S    00:25   0:00 grep sng_tsd
 ============================================================ 
 === before clean up === 
~~~~~~ ls -l /tmp
total 16
-rw------- 1 cc cc 4697 Mar 28 00:25 synergy4_p2pmd_144933.log
-rw------- 1 cc cc  768 Mar 28 00:22 synergy4_parser_144933.log
-rw------- 1 cc cc 4009 Mar 28 00:24 synergy4_tsd_144933.log
srwxrwxr-x 1 cc cc    0 Mar 28 00:22 tsd1
~~~~~~ ls -l /dev/shm
total 16
-rwxrwxr-x 1 cc cc 4000000 Mar 28 00:22 matrix-pull
-rwxrwxr-x 1 cc cc 4000000 Mar 28 00:22 matrix-push
-rwxrwxr-x 1 cc cc      32 Mar 28 00:22 sem.matrix-pull-rsem
-rwxrwxr-x 1 cc cc      32 Mar 28 00:22 sem.matrix-pull-wsem
-rwxrwxr-x 1 cc cc      32 Mar 28 00:22 sem.matrix-push-rsem
-rwxrwxr-x 1 cc cc      32 Mar 28 00:22 sem.matrix-push-wsem
 === clean up ===
total 0
total 0
 === done ===
 *============== Launching remote tsd at 6 =============* 
 ====== tsd launch complete. You have 1 tsd instance. ====== 
cc       145552  0.0  0.0 144504  4948 ?        Sl   00:25   0:00 /home/cc/Synergy4/s4c00/cmake-build-debug/sng_tsd /home/cc/Synergy4/s4c00/etc/sng6.json /home/cc/Synergy4/s4c00/etc/synergy-log.conf
cc       145554  0.0  0.0  12944   988 ?        S    00:25   0:00 grep sng_tsd
 ============================================================ 
 === before clean up === 
~~~~~~ ls -l /tmp
total 12
-rw------- 1 cc cc 3990 Mar 28 00:25 synergy4_p2pmd_140645.log
-rw------- 1 cc cc  768 Mar 28 00:22 synergy4_parser_140645.log
-rw------- 1 cc cc 4009 Mar 28 00:24 synergy4_tsd_140645.log
srwxrwxr-x 1 cc cc    0 Mar 28 00:22 tsd1
~~~~~~ ls -l /dev/shm
total 16
-rwxrwxr-x 1 cc cc 4000000 Mar 28 00:22 matrix-pull
-rwxrwxr-x 1 cc cc 4000000 Mar 28 00:22 matrix-push
-rwxrwxr-x 1 cc cc      32 Mar 28 00:22 sem.matrix-pull-rsem
-rwxrwxr-x 1 cc cc      32 Mar 28 00:22 sem.matrix-pull-wsem
-rwxrwxr-x 1 cc cc      32 Mar 28 00:22 sem.matrix-push-rsem
-rwxrwxr-x 1 cc cc      32 Mar 28 00:22 sem.matrix-push-wsem
 === clean up ===
total 0
total 0
 === done ===
 *============== Launching remote tsd at 7 =============* 
 ====== tsd launch complete. You have 1 tsd instance. ====== 
cc       141263  0.0  0.0 144504  4904 ?        Sl   00:25   0:00 /home/cc/Synergy4/s4c00/cmake-build-debug/sng_tsd /home/cc/Synergy4/s4c00/etc/sng7.json /home/cc/Synergy4/s4c00/etc/synergy-log.conf
cc       141265  0.0  0.0  12944  1084 ?        S    00:25   0:00 grep sng_tsd
 ============================================================ 
 === before clean up === 
~~~~~~ ls -l /tmp
total 12
-rw------- 1 cc cc 3990 Mar 28 00:25 synergy4_p2pmd_140754.log
-rw------- 1 cc cc  768 Mar 28 00:22 synergy4_parser_140754.log
-rw------- 1 cc cc 4009 Mar 28 00:24 synergy4_tsd_140754.log
srwxrwxr-x 1 cc cc    0 Mar 28 00:22 tsd1
~~~~~~ ls -l /dev/shm
total 16
-rwxrwxr-x 1 cc cc 4000000 Mar 28 00:22 matrix-pull
-rwxrwxr-x 1 cc cc 4000000 Mar 28 00:22 matrix-push
-rwxrwxr-x 1 cc cc      32 Mar 28 00:22 sem.matrix-pull-rsem
-rwxrwxr-x 1 cc cc      32 Mar 28 00:22 sem.matrix-pull-wsem
-rwxrwxr-x 1 cc cc      32 Mar 28 00:22 sem.matrix-push-rsem
-rwxrwxr-x 1 cc cc      32 Mar 28 00:22 sem.matrix-push-wsem
 === clean up ===
total 0
total 0
 === done ===
 *============== Launching remote tsd at 8 =============* 
 ====== tsd launch complete. You have 1 tsd instance. ====== 
cc       141368  0.0  0.0 144504  7016 ?        Sl   00:25   0:00 /home/cc/Synergy4/s4c00/cmake-build-debug/sng_tsd /home/cc/Synergy4/s4c00/etc/sng8.json /home/cc/Synergy4/s4c00/etc/synergy-log.conf
cc       141370  0.0  0.0  12944   972 ?        S    00:25   0:00 grep sng_tsd
 ============================================================ 
 === before clean up === 
~~~~~~ ls -l /tmp
total 12
-rw------- 1 cc cc 3991 Mar 28 00:25 synergy4_p2pmd_134210.log
-rw------- 1 cc cc  770 Mar 28 00:22 synergy4_parser_134210.log
-rw------- 1 cc cc 4009 Mar 28 00:24 synergy4_tsd_134210.log
srwxrwxr-x 1 cc cc    0 Mar 28 00:22 tsd1
~~~~~~ ls -l /dev/shm
total 16
-rwxrwxr-x 1 cc cc 4000000 Mar 28 00:22 matrix-pull
-rwxrwxr-x 1 cc cc 4000000 Mar 28 00:22 matrix-push
-rwxrwxr-x 1 cc cc      32 Mar 28 00:22 sem.matrix-pull-rsem
-rwxrwxr-x 1 cc cc      32 Mar 28 00:22 sem.matrix-pull-wsem
-rwxrwxr-x 1 cc cc      32 Mar 28 00:22 sem.matrix-push-rsem
-rwxrwxr-x 1 cc cc      32 Mar 28 00:22 sem.matrix-push-wsem
 === clean up ===
total 0
total 0
 === done ===
 *============== Launching remote tsd at 9 =============* 
 ====== tsd launch complete. You have 1 tsd instance. ====== 
cc       134828  0.0  0.0 144504  7100 ?        Sl   00:25   0:00 /home/cc/Synergy4/s4c00/cmake-build-debug/sng_tsd /home/cc/Synergy4/s4c00/etc/sng9.json /home/cc/Synergy4/s4c00/etc/synergy-log.conf
cc       134830  0.0  0.0  12944   940 ?        S    00:25   0:00 grep sng_tsd
 ============================================================ 
 === before clean up === 
~~~~~~ ls -l /tmp
total 12
-rw------- 1 cc cc 3991 Mar 28 00:25 synergy4_p2pmd_135273.log
-rw------- 1 cc cc  770 Mar 28 00:22 synergy4_parser_135273.log
-rw------- 1 cc cc 4009 Mar 28 00:24 synergy4_tsd_135273.log
srwxrwxr-x 1 cc cc    0 Mar 28 00:22 tsd1
~~~~~~ ls -l /dev/shm
total 16
-rwxrwxr-x 1 cc cc 4000000 Mar 28 00:22 matrix-pull
-rwxrwxr-x 1 cc cc 4000000 Mar 28 00:22 matrix-push
-rwxrwxr-x 1 cc cc      32 Mar 28 00:22 sem.matrix-pull-rsem
-rwxrwxr-x 1 cc cc      32 Mar 28 00:22 sem.matrix-pull-wsem
-rwxrwxr-x 1 cc cc      32 Mar 28 00:22 sem.matrix-push-rsem
-rwxrwxr-x 1 cc cc      32 Mar 28 00:22 sem.matrix-push-wsem
 === clean up ===
total 0
total 0
 === done ===
 *============== Launching remote tsd at 10 =============* 
 ====== tsd launch complete. You have 1 tsd instance. ====== 
cc       135883  0.0  0.0 144504  7096 ?        Sl   00:25   0:00 /home/cc/Synergy4/s4c00/cmake-build-debug/sng_tsd /home/cc/Synergy4/s4c00/etc/sng10.json /home/cc/Synergy4/s4c00/etc/synergy-log.conf
cc       135885  0.0  0.0  12944  1036 ?        S    00:25   0:00 grep sng_tsd
 ============================================================ 
 === before clean up === 
~~~~~~ ls -l /tmp
total 12
-rw------- 1 cc cc 3992 Mar 28 00:25 synergy4_p2pmd_134502.log
-rw------- 1 cc cc  772 Mar 28 00:22 synergy4_parser_134502.log
-rw------- 1 cc cc 4009 Mar 28 00:24 synergy4_tsd_134502.log
srwxrwxr-x 1 cc cc    0 Mar 28 00:22 tsd1
~~~~~~ ls -l /dev/shm
total 16
-rwxrwxr-x 1 cc cc 4000000 Mar 28 00:22 matrix-pull
-rwxrwxr-x 1 cc cc 4000000 Mar 28 00:22 matrix-push
-rwxrwxr-x 1 cc cc      32 Mar 28 00:22 sem.matrix-pull-rsem
-rwxrwxr-x 1 cc cc      32 Mar 28 00:22 sem.matrix-pull-wsem
-rwxrwxr-x 1 cc cc      32 Mar 28 00:22 sem.matrix-push-rsem
-rwxrwxr-x 1 cc cc      32 Mar 28 00:22 sem.matrix-push-wsem
 === clean up ===
total 0
total 0
 === done ===
 *============== Launching remote tsd at 11 =============* 
 ====== tsd launch complete. You have 1 tsd instance. ====== 
cc       135112  0.0  0.0 144504  5108 ?        Sl   00:25   0:00 /home/cc/Synergy4/s4c00/cmake-build-debug/sng_tsd /home/cc/Synergy4/s4c00/etc/sng11.json /home/cc/Synergy4/s4c00/etc/synergy-log.conf
cc       135114  0.0  0.0  12944   928 ?        S    00:25   0:00 grep sng_tsd
 ============================================================ 
 === before clean up === 
~~~~~~ ls -l /tmp
total 16
-rw------- 1 cc cc 4196 Mar 28 00:25 synergy4_p2pmd_135060.log
-rw------- 1 cc cc  770 Mar 28 00:22 synergy4_parser_135060.log
-rw------- 1 cc cc 4009 Mar 28 00:24 synergy4_tsd_135060.log
srwxrwxr-x 1 cc cc    0 Mar 28 00:22 tsd1
~~~~~~ ls -l /dev/shm
total 16
-rwxrwxr-x 1 cc cc 4000000 Mar 28 00:22 matrix-pull
-rwxrwxr-x 1 cc cc 4000000 Mar 28 00:22 matrix-push
-rwxrwxr-x 1 cc cc      32 Mar 28 00:22 sem.matrix-pull-rsem
-rwxrwxr-x 1 cc cc      32 Mar 28 00:22 sem.matrix-pull-wsem
-rwxrwxr-x 1 cc cc      32 Mar 28 00:22 sem.matrix-push-rsem
-rwxrwxr-x 1 cc cc      32 Mar 28 00:22 sem.matrix-push-wsem
 === clean up ===
total 0
total 0
 === done ===
 *============== Launching remote tsd at 12 =============* 
 ====== tsd launch complete. You have 1 tsd instance. ====== 
cc       135672  0.0  0.0 144504  7084 ?        Sl   00:25   0:00 /home/cc/Synergy4/s4c00/cmake-build-debug/sng_tsd /home/cc/Synergy4/s4c00/etc/sng12.json /home/cc/Synergy4/s4c00/etc/synergy-log.conf
cc       135674  0.0  0.0  12944  1032 ?        S    00:25   0:00 grep sng_tsd
 ============================================================ 
