 === before clean up === 
~~~~~~ ls -l /tmp
total 1616
-rw------- 1 cc cc 901684 Mar 27 13:33 synergy4_107148.log
-rw------- 1 cc cc  13250 Mar 27 13:33 synergy4_p2pmd_107148.log
-rw------- 1 cc cc    768 Mar 27 13:31 synergy4_parser_107148.log
-rw------- 1 cc cc 717105 Mar 27 13:33 synergy4_tsd_107148.log
srwxrwxr-x 1 cc cc      0 Mar 27 13:31 tsd1
~~~~~~ ls -l /dev/shm
total 7832
-rwxrwxr-x 1 cc cc 4000000 Mar 27 13:32 matrix-pull
-rwxrwxr-x 1 cc cc 4000000 Mar 27 13:32 matrix-push
-rwxrwxr-x 1 cc cc      32 Mar 27 13:31 sem.matrix-pull-rsem
-rwxrwxr-x 1 cc cc      32 Mar 27 13:31 sem.matrix-pull-wsem
-rwxrwxr-x 1 cc cc      32 Mar 27 13:31 sem.matrix-push-rsem
-rwxrwxr-x 1 cc cc      32 Mar 27 13:31 sem.matrix-push-wsem
 === clean up ===
total 0
total 0
 === done ===
 *============== Launching remote tsd at 1 =============* 
 ====== tsd launch complete. You have 1 tsd instance. ====== 
cc       107780  0.0  0.0 144504  4952 ?        Sl   13:33   0:00 /home/cc/Synergy4/s4c00/cmake-build-debug/sng_tsd /home/cc/Synergy4/s4c00/etc/sng1.json /home/cc/Synergy4/s4c00/etc/synergy-log.conf
cc       107782  0.0  0.0  12944  1016 ?        S    13:33   0:00 grep sng_tsd
 ============================================================ 
 === before clean up === 
~~~~~~ ls -l /tmp
total 28
-rw------- 1 cc cc 15482 Mar 27 13:33 synergy4_p2pmd_94904.log
-rw------- 1 cc cc   768 Mar 27 13:31 synergy4_parser_94904.log
-rw------- 1 cc cc  7043 Mar 27 13:33 synergy4_tsd_94904.log
srwxrwxr-x 1 cc cc     0 Mar 27 13:31 tsd1
~~~~~~ ls -l /dev/shm
total 16
-rwxrwxr-x 1 cc cc 4000000 Mar 27 13:31 matrix-pull
-rwxrwxr-x 1 cc cc 4000000 Mar 27 13:31 matrix-push
-rwxrwxr-x 1 cc cc      32 Mar 27 13:31 sem.matrix-pull-rsem
-rwxrwxr-x 1 cc cc      32 Mar 27 13:31 sem.matrix-pull-wsem
-rwxrwxr-x 1 cc cc      32 Mar 27 13:31 sem.matrix-push-rsem
-rwxrwxr-x 1 cc cc      32 Mar 27 13:31 sem.matrix-push-wsem
 === clean up ===
total 0
total 0
 === done ===
 *============== Launching remote tsd at 2 =============* 
 ====== tsd launch complete. You have 1 tsd instance. ====== 
cc        95486  0.0  0.0 144504  6996 ?        Sl   13:33   0:00 /home/cc/Synergy4/s4c00/cmake-build-debug/sng_tsd /home/cc/Synergy4/s4c00/etc/sng2.json /home/cc/Synergy4/s4c00/etc/synergy-log.conf
cc        95488  0.0  0.0  12944   932 ?        S    13:33   0:00 grep sng_tsd
 ============================================================ 
 === before clean up === 
~~~~~~ ls -l /tmp
total 28
-rw------- 1 cc cc 12477 Mar 27 13:33 synergy4_p2pmd_94179.log
-rw------- 1 cc cc   764 Mar 27 13:31 synergy4_parser_94179.log
-rw------- 1 cc cc  7043 Mar 27 13:33 synergy4_tsd_94179.log
srwxrwxr-x 1 cc cc     0 Mar 27 13:31 tsd1
~~~~~~ ls -l /dev/shm
total 16
-rwxrwxr-x 1 cc cc 4000000 Mar 27 13:31 matrix-pull
-rwxrwxr-x 1 cc cc 4000000 Mar 27 13:31 matrix-push
-rwxrwxr-x 1 cc cc      32 Mar 27 13:31 sem.matrix-pull-rsem
-rwxrwxr-x 1 cc cc      32 Mar 27 13:31 sem.matrix-pull-wsem
-rwxrwxr-x 1 cc cc      32 Mar 27 13:31 sem.matrix-push-rsem
-rwxrwxr-x 1 cc cc      32 Mar 27 13:31 sem.matrix-push-wsem
 === clean up ===
total 0
total 0
 === done ===
 *============== Launching remote tsd at 3 =============* 
 ====== tsd launch complete. You have 1 tsd instance. ====== 
cc        94766  0.0  0.0 144504  7104 ?        Sl   13:33   0:00 /home/cc/Synergy4/s4c00/cmake-build-debug/sng_tsd /home/cc/Synergy4/s4c00/etc/sng3.json /home/cc/Synergy4/s4c00/etc/synergy-log.conf
cc        94768  0.0  0.0  12944  1028 ?        S    13:33   0:00 grep sng_tsd
 ============================================================ 
 === before clean up === 
~~~~~~ ls -l /tmp
total 12
-rw------- 1 cc cc 3231 Mar 27 13:33 synergy4_p2pmd_77887.log
-rw------- 1 cc cc  768 Mar 27 13:31 synergy4_parser_77887.log
-rw------- 1 cc cc 3973 Mar 27 13:32 synergy4_tsd_77887.log
srwxrwxr-x 1 cc cc    0 Mar 27 13:31 tsd1
~~~~~~ ls -l /dev/shm
total 16
-rwxrwxr-x 1 cc cc 4000000 Mar 27 13:31 matrix-pull
-rwxrwxr-x 1 cc cc 4000000 Mar 27 13:31 matrix-push
-rwxrwxr-x 1 cc cc      32 Mar 27 13:31 sem.matrix-pull-rsem
-rwxrwxr-x 1 cc cc      32 Mar 27 13:31 sem.matrix-pull-wsem
-rwxrwxr-x 1 cc cc      32 Mar 27 13:31 sem.matrix-push-rsem
-rwxrwxr-x 1 cc cc      32 Mar 27 13:31 sem.matrix-push-wsem
 === clean up ===
total 0
total 0
 === done ===
 *============== Launching remote tsd at 4 =============* 
 ====== tsd launch complete. You have 1 tsd instance. ====== 
cc        78482  0.0  0.0 144504  7084 ?        Sl   13:33   0:00 /home/cc/Synergy4/s4c00/cmake-build-debug/sng_tsd /home/cc/Synergy4/s4c00/etc/sng4.json /home/cc/Synergy4/s4c00/etc/synergy-log.conf
cc        78484  0.0  0.0  12944  1012 ?        S    13:33   0:00 grep sng_tsd
 ============================================================ 
 === before clean up === 
~~~~~~ ls -l /tmp
total 12
-rw------- 1 cc cc 3231 Mar 27 13:33 synergy4_p2pmd_77002.log
-rw------- 1 cc cc  768 Mar 27 13:31 synergy4_parser_77002.log
-rw------- 1 cc cc 3973 Mar 27 13:32 synergy4_tsd_77002.log
srwxrwxr-x 1 cc cc    0 Mar 27 13:31 tsd1
~~~~~~ ls -l /dev/shm
total 16
-rwxrwxr-x 1 cc cc 4000000 Mar 27 13:31 matrix-pull
-rwxrwxr-x 1 cc cc 4000000 Mar 27 13:31 matrix-push
-rwxrwxr-x 1 cc cc      32 Mar 27 13:31 sem.matrix-pull-rsem
-rwxrwxr-x 1 cc cc      32 Mar 27 13:31 sem.matrix-pull-wsem
-rwxrwxr-x 1 cc cc      32 Mar 27 13:31 sem.matrix-push-rsem
-rwxrwxr-x 1 cc cc      32 Mar 27 13:31 sem.matrix-push-wsem
 === clean up ===
total 0
total 0
 === done ===
 *============== Launching remote tsd at 5 =============* 
 ====== tsd launch complete. You have 1 tsd instance. ====== 
cc        77588  0.0  0.0 144504  5016 ?        Sl   13:33   0:00 /home/cc/Synergy4/s4c00/cmake-build-debug/sng_tsd /home/cc/Synergy4/s4c00/etc/sng5.json /home/cc/Synergy4/s4c00/etc/synergy-log.conf
cc        77590  0.0  0.0  12944  1004 ?        S    13:33   0:00 grep sng_tsd
 ============================================================ 
 === before clean up === 
~~~~~~ ls -l /tmp
total 12
-rw------- 1 cc cc 3231 Mar 27 13:33 synergy4_p2pmd_76691.log
-rw------- 1 cc cc  768 Mar 27 13:31 synergy4_parser_76691.log
-rw------- 1 cc cc 3973 Mar 27 13:32 synergy4_tsd_76691.log
srwxrwxr-x 1 cc cc    0 Mar 27 13:31 tsd1
~~~~~~ ls -l /dev/shm
total 16
-rwxrwxr-x 1 cc cc 4000000 Mar 27 13:31 matrix-pull
-rwxrwxr-x 1 cc cc 4000000 Mar 27 13:31 matrix-push
-rwxrwxr-x 1 cc cc      32 Mar 27 13:31 sem.matrix-pull-rsem
-rwxrwxr-x 1 cc cc      32 Mar 27 13:31 sem.matrix-pull-wsem
-rwxrwxr-x 1 cc cc      32 Mar 27 13:31 sem.matrix-push-rsem
-rwxrwxr-x 1 cc cc      32 Mar 27 13:31 sem.matrix-push-wsem
 === clean up ===
total 0
total 0
 === done ===
 *============== Launching remote tsd at 6 =============* 
 ====== tsd launch complete. You have 1 tsd instance. ====== 
cc        77289  0.0  0.0 144504  4912 ?        Sl   13:33   0:00 /home/cc/Synergy4/s4c00/cmake-build-debug/sng_tsd /home/cc/Synergy4/s4c00/etc/sng6.json /home/cc/Synergy4/s4c00/etc/synergy-log.conf
cc        77291  0.0  0.0  12944   972 ?        S    13:33   0:00 grep sng_tsd
 ============================================================ 
 === before clean up === 
~~~~~~ ls -l /tmp
total 12
-rw------- 1 cc cc 3334 Mar 27 13:33 synergy4_p2pmd_72114.log
-rw------- 1 cc cc  768 Mar 27 13:31 synergy4_parser_72114.log
-rw------- 1 cc cc 3973 Mar 27 13:32 synergy4_tsd_72114.log
srwxrwxr-x 1 cc cc    0 Mar 27 13:31 tsd1
~~~~~~ ls -l /dev/shm
total 16
-rwxrwxr-x 1 cc cc 4000000 Mar 27 13:31 matrix-pull
-rwxrwxr-x 1 cc cc 4000000 Mar 27 13:31 matrix-push
-rwxrwxr-x 1 cc cc      32 Mar 27 13:31 sem.matrix-pull-rsem
-rwxrwxr-x 1 cc cc      32 Mar 27 13:31 sem.matrix-pull-wsem
-rwxrwxr-x 1 cc cc      32 Mar 27 13:31 sem.matrix-push-rsem
-rwxrwxr-x 1 cc cc      32 Mar 27 13:31 sem.matrix-push-wsem
 === clean up ===
total 0
total 0
 === done ===
 *============== Launching remote tsd at 7 =============* 
 ====== tsd launch complete. You have 1 tsd instance. ====== 
cc        72702  0.0  0.0 144504  4960 ?        Sl   13:33   0:00 /home/cc/Synergy4/s4c00/cmake-build-debug/sng_tsd /home/cc/Synergy4/s4c00/etc/sng7.json /home/cc/Synergy4/s4c00/etc/synergy-log.conf
cc        72704  0.0  0.0  12944  1092 ?        S    13:33   0:00 grep sng_tsd
 ============================================================ 
 === before clean up === 
~~~~~~ ls -l /tmp
total 16
-rw------- 1 cc cc 6234 Mar 27 13:33 synergy4_p2pmd_72618.log
-rw------- 1 cc cc  768 Mar 27 13:31 synergy4_parser_72618.log
-rw------- 1 cc cc 3973 Mar 27 13:32 synergy4_tsd_72618.log
srwxrwxr-x 1 cc cc    0 Mar 27 13:31 tsd1
~~~~~~ ls -l /dev/shm
total 16
-rwxrwxr-x 1 cc cc 4000000 Mar 27 13:31 matrix-pull
-rwxrwxr-x 1 cc cc 4000000 Mar 27 13:31 matrix-push
-rwxrwxr-x 1 cc cc      32 Mar 27 13:31 sem.matrix-pull-rsem
-rwxrwxr-x 1 cc cc      32 Mar 27 13:31 sem.matrix-pull-wsem
-rwxrwxr-x 1 cc cc      32 Mar 27 13:31 sem.matrix-push-rsem
-rwxrwxr-x 1 cc cc      32 Mar 27 13:31 sem.matrix-push-wsem
 === clean up ===
total 0
total 0
 === done ===
 *============== Launching remote tsd at 8 =============* 
 ====== tsd launch complete. You have 1 tsd instance. ====== 
cc        73202  0.0  0.0 144504  5012 ?        Sl   13:33   0:00 /home/cc/Synergy4/s4c00/cmake-build-debug/sng_tsd /home/cc/Synergy4/s4c00/etc/sng8.json /home/cc/Synergy4/s4c00/etc/synergy-log.conf
cc        73204  0.0  0.0  12944   968 ?        S    13:33   0:00 grep sng_tsd
 ============================================================ 
 === before clean up === 
~~~~~~ ls -l /tmp
total 12
-rw------- 1 cc cc 3335 Mar 27 13:33 synergy4_p2pmd_66214.log
-rw------- 1 cc cc  770 Mar 27 13:31 synergy4_parser_66214.log
-rw------- 1 cc cc 3973 Mar 27 13:32 synergy4_tsd_66214.log
srwxrwxr-x 1 cc cc    0 Mar 27 13:31 tsd1
~~~~~~ ls -l /dev/shm
total 16
-rwxrwxr-x 1 cc cc 4000000 Mar 27 13:31 matrix-pull
-rwxrwxr-x 1 cc cc 4000000 Mar 27 13:31 matrix-push
-rwxrwxr-x 1 cc cc      32 Mar 27 13:31 sem.matrix-pull-rsem
-rwxrwxr-x 1 cc cc      32 Mar 27 13:31 sem.matrix-pull-wsem
-rwxrwxr-x 1 cc cc      32 Mar 27 13:31 sem.matrix-push-rsem
-rwxrwxr-x 1 cc cc      32 Mar 27 13:31 sem.matrix-push-wsem
 === clean up ===
total 0
total 0
 === done ===
 *============== Launching remote tsd at 9 =============* 
 ====== tsd launch complete. You have 1 tsd instance. ====== 
cc        66809  0.0  0.0 144504  7160 ?        Sl   13:33   0:00 /home/cc/Synergy4/s4c00/cmake-build-debug/sng_tsd /home/cc/Synergy4/s4c00/etc/sng9.json /home/cc/Synergy4/s4c00/etc/synergy-log.conf
cc        66811  0.0  0.0  12944  1088 ?        S    13:33   0:00 grep sng_tsd
 ============================================================ 
 === before clean up === 
~~~~~~ ls -l /tmp
total 12
-rw------- 1 cc cc 3335 Mar 27 13:33 synergy4_p2pmd_67160.log
-rw------- 1 cc cc  770 Mar 27 13:31 synergy4_parser_67160.log
-rw------- 1 cc cc 3973 Mar 27 13:32 synergy4_tsd_67160.log
srwxrwxr-x 1 cc cc    0 Mar 27 13:31 tsd1
~~~~~~ ls -l /dev/shm
total 16
-rwxrwxr-x 1 cc cc 4000000 Mar 27 13:31 matrix-pull
-rwxrwxr-x 1 cc cc 4000000 Mar 27 13:31 matrix-push
-rwxrwxr-x 1 cc cc      32 Mar 27 13:31 sem.matrix-pull-rsem
-rwxrwxr-x 1 cc cc      32 Mar 27 13:31 sem.matrix-pull-wsem
-rwxrwxr-x 1 cc cc      32 Mar 27 13:31 sem.matrix-push-rsem
-rwxrwxr-x 1 cc cc      32 Mar 27 13:31 sem.matrix-push-wsem
 === clean up ===
total 0
total 0
 === done ===
 *============== Launching remote tsd at 10 =============* 
 ====== tsd launch complete. You have 1 tsd instance. ====== 
cc        67754  0.0  0.0 144504  5012 ?        Sl   13:33   0:00 /home/cc/Synergy4/s4c00/cmake-build-debug/sng_tsd /home/cc/Synergy4/s4c00/etc/sng10.json /home/cc/Synergy4/s4c00/etc/synergy-log.conf
cc        67756  0.0  0.0  12944   928 ?        S    13:33   0:00 grep sng_tsd
 ============================================================ 
 === before clean up === 
~~~~~~ ls -l /tmp
total 12
-rw------- 1 cc cc 3336 Mar 27 13:33 synergy4_p2pmd_66534.log
-rw------- 1 cc cc  772 Mar 27 13:31 synergy4_parser_66534.log
-rw------- 1 cc cc 3973 Mar 27 13:32 synergy4_tsd_66534.log
srwxrwxr-x 1 cc cc    0 Mar 27 13:31 tsd1
~~~~~~ ls -l /dev/shm
total 16
-rwxrwxr-x 1 cc cc 4000000 Mar 27 13:31 matrix-pull
-rwxrwxr-x 1 cc cc 4000000 Mar 27 13:31 matrix-push
-rwxrwxr-x 1 cc cc      32 Mar 27 13:31 sem.matrix-pull-rsem
-rwxrwxr-x 1 cc cc      32 Mar 27 13:31 sem.matrix-pull-wsem
-rwxrwxr-x 1 cc cc      32 Mar 27 13:31 sem.matrix-push-rsem
-rwxrwxr-x 1 cc cc      32 Mar 27 13:31 sem.matrix-push-wsem
 === clean up ===
total 0
total 0
 === done ===
 *============== Launching remote tsd at 11 =============* 
 ====== tsd launch complete. You have 1 tsd instance. ====== 
cc        67124  0.0  0.0 144504  4996 ?        Sl   13:33   0:00 /home/cc/Synergy4/s4c00/cmake-build-debug/sng_tsd /home/cc/Synergy4/s4c00/etc/sng11.json /home/cc/Synergy4/s4c00/etc/synergy-log.conf
cc        67126  0.0  0.0  12944   940 ?        S    13:33   0:00 grep sng_tsd
 ============================================================ 
 === before clean up === 
~~~~~~ ls -l /tmp
total 12
-rw------- 1 cc cc 3335 Mar 27 13:33 synergy4_p2pmd_67109.log
-rw------- 1 cc cc  770 Mar 27 13:31 synergy4_parser_67109.log
-rw------- 1 cc cc 3973 Mar 27 13:32 synergy4_tsd_67109.log
srwxrwxr-x 1 cc cc    0 Mar 27 13:31 tsd1
~~~~~~ ls -l /dev/shm
total 16
-rwxrwxr-x 1 cc cc 4000000 Mar 27 13:31 matrix-pull
-rwxrwxr-x 1 cc cc 4000000 Mar 27 13:31 matrix-push
-rwxrwxr-x 1 cc cc      32 Mar 27 13:31 sem.matrix-pull-rsem
-rwxrwxr-x 1 cc cc      32 Mar 27 13:31 sem.matrix-pull-wsem
-rwxrwxr-x 1 cc cc      32 Mar 27 13:31 sem.matrix-push-rsem
-rwxrwxr-x 1 cc cc      32 Mar 27 13:31 sem.matrix-push-wsem
 === clean up ===
total 0
total 0
 === done ===
 *============== Launching remote tsd at 12 =============* 
 ====== tsd launch complete. You have 1 tsd instance. ====== 
cc        67703  0.0  0.0 144504  6980 ?        Sl   13:33   0:00 /home/cc/Synergy4/s4c00/cmake-build-debug/sng_tsd /home/cc/Synergy4/s4c00/etc/sng12.json /home/cc/Synergy4/s4c00/etc/synergy-log.conf
cc        67705  0.0  0.0  12944   940 ?        S    13:33   0:00 grep sng_tsd
 ============================================================ 
