 === before clean up === 
~~~~~~ ls -l /tmp
total 1384
-rw------- 1 cc cc 816932 Mar 27 13:54 synergy4_112087.log
-rw------- 1 cc cc  13947 Mar 27 13:54 synergy4_p2pmd_112087.log
-rw------- 1 cc cc    768 Mar 27 13:52 synergy4_parser_112087.log
-rw------- 1 cc cc 574134 Mar 27 13:54 synergy4_tsd_112087.log
srwxrwxr-x 1 cc cc      0 Mar 27 13:52 tsd1
~~~~~~ ls -l /dev/shm
total 7832
-rwxrwxr-x 1 cc cc 4000000 Mar 27 13:54 matrix-pull
-rwxrwxr-x 1 cc cc 4000000 Mar 27 13:54 matrix-push
-rwxrwxr-x 1 cc cc      32 Mar 27 13:52 sem.matrix-pull-rsem
-rwxrwxr-x 1 cc cc      32 Mar 27 13:52 sem.matrix-pull-wsem
-rwxrwxr-x 1 cc cc      32 Mar 27 13:52 sem.matrix-push-rsem
-rwxrwxr-x 1 cc cc      32 Mar 27 13:52 sem.matrix-push-wsem
 === clean up ===
total 0
total 0
 === done ===
 *============== Launching remote tsd at 1 =============* 
 ====== tsd launch complete. You have 1 tsd instance. ====== 
cc       112630  0.0  0.0 144504  5084 ?        Sl   13:55   0:00 /home/cc/Synergy4/s4c00/cmake-build-debug/sng_tsd /home/cc/Synergy4/s4c00/etc/sng1.json /home/cc/Synergy4/s4c00/etc/synergy-log.conf
cc       112632  0.0  0.0  12944   920 ?        S    13:55   0:00 grep sng_tsd
 ============================================================ 
 === before clean up === 
~~~~~~ ls -l /tmp
total 24
-rw------- 1 cc cc 12171 Mar 27 13:54 synergy4_p2pmd_100209.log
-rw------- 1 cc cc   768 Mar 27 13:52 synergy4_parser_100209.log
-rw------- 1 cc cc  7107 Mar 27 13:54 synergy4_tsd_100209.log
srwxrwxr-x 1 cc cc     0 Mar 27 13:52 tsd1
~~~~~~ ls -l /dev/shm
total 16
-rwxrwxr-x 1 cc cc 4000000 Mar 27 13:52 matrix-pull
-rwxrwxr-x 1 cc cc 4000000 Mar 27 13:52 matrix-push
-rwxrwxr-x 1 cc cc      32 Mar 27 13:52 sem.matrix-pull-rsem
-rwxrwxr-x 1 cc cc      32 Mar 27 13:52 sem.matrix-pull-wsem
-rwxrwxr-x 1 cc cc      32 Mar 27 13:52 sem.matrix-push-rsem
-rwxrwxr-x 1 cc cc      32 Mar 27 13:52 sem.matrix-push-wsem
 === clean up ===
total 0
total 0
 === done ===
 *============== Launching remote tsd at 2 =============* 
 ====== tsd launch complete. You have 1 tsd instance. ====== 
cc       100826  0.0  0.0 144504  4948 ?        Sl   13:55   0:00 /home/cc/Synergy4/s4c00/cmake-build-debug/sng_tsd /home/cc/Synergy4/s4c00/etc/sng2.json /home/cc/Synergy4/s4c00/etc/synergy-log.conf
cc       100828  0.0  0.0  12944  1016 ?        S    13:55   0:00 grep sng_tsd
 ============================================================ 
 === before clean up === 
~~~~~~ ls -l /tmp
total 32
-rw------- 1 cc cc 17368 Mar 27 13:54 synergy4_p2pmd_99494.log
-rw------- 1 cc cc   764 Mar 27 13:52 synergy4_parser_99494.log
-rw------- 1 cc cc  7043 Mar 27 13:54 synergy4_tsd_99494.log
srwxrwxr-x 1 cc cc     0 Mar 27 13:52 tsd1
~~~~~~ ls -l /dev/shm
total 16
-rwxrwxr-x 1 cc cc 4000000 Mar 27 13:52 matrix-pull
-rwxrwxr-x 1 cc cc 4000000 Mar 27 13:52 matrix-push
-rwxrwxr-x 1 cc cc      32 Mar 27 13:52 sem.matrix-pull-rsem
-rwxrwxr-x 1 cc cc      32 Mar 27 13:52 sem.matrix-pull-wsem
-rwxrwxr-x 1 cc cc      32 Mar 27 13:52 sem.matrix-push-rsem
-rwxrwxr-x 1 cc cc      32 Mar 27 13:52 sem.matrix-push-wsem
 === clean up ===
total 0
total 0
 === done ===
 *============== Launching remote tsd at 3 =============* 
 ====== tsd launch complete. You have 1 tsd instance. ====== 
cc       100106  0.0  0.0 144504  7092 ?        Sl   13:55   0:00 /home/cc/Synergy4/s4c00/cmake-build-debug/sng_tsd /home/cc/Synergy4/s4c00/etc/sng3.json /home/cc/Synergy4/s4c00/etc/synergy-log.conf
cc       100108  0.0  0.0  12944   928 ?        S    13:55   0:00 grep sng_tsd
 ============================================================ 
 === before clean up === 
~~~~~~ ls -l /tmp
total 12
-rw------- 1 cc cc 3025 Mar 27 13:54 synergy4_p2pmd_83209.log
-rw------- 1 cc cc  768 Mar 27 13:52 synergy4_parser_83209.log
-rw------- 1 cc cc 3973 Mar 27 13:53 synergy4_tsd_83209.log
srwxrwxr-x 1 cc cc    0 Mar 27 13:52 tsd1
~~~~~~ ls -l /dev/shm
total 16
-rwxrwxr-x 1 cc cc 4000000 Mar 27 13:52 matrix-pull
-rwxrwxr-x 1 cc cc 4000000 Mar 27 13:52 matrix-push
-rwxrwxr-x 1 cc cc      32 Mar 27 13:52 sem.matrix-pull-rsem
-rwxrwxr-x 1 cc cc      32 Mar 27 13:52 sem.matrix-pull-wsem
-rwxrwxr-x 1 cc cc      32 Mar 27 13:52 sem.matrix-push-rsem
-rwxrwxr-x 1 cc cc      32 Mar 27 13:52 sem.matrix-push-wsem
 === clean up ===
total 0
total 0
 === done ===
 *============== Launching remote tsd at 4 =============* 
 ====== tsd launch complete. You have 1 tsd instance. ====== 
cc        83821  0.0  0.0 144504  6980 ?        Sl   13:55   0:00 /home/cc/Synergy4/s4c00/cmake-build-debug/sng_tsd /home/cc/Synergy4/s4c00/etc/sng4.json /home/cc/Synergy4/s4c00/etc/synergy-log.conf
cc        83823  0.0  0.0  12944   972 ?        S    13:55   0:00 grep sng_tsd
 ============================================================ 
 === before clean up === 
~~~~~~ ls -l /tmp
total 12
-rw------- 1 cc cc 3025 Mar 27 13:54 synergy4_p2pmd_82312.log
-rw------- 1 cc cc  768 Mar 27 13:52 synergy4_parser_82312.log
-rw------- 1 cc cc 3973 Mar 27 13:53 synergy4_tsd_82312.log
srwxrwxr-x 1 cc cc    0 Mar 27 13:52 tsd1
~~~~~~ ls -l /dev/shm
total 16
-rwxrwxr-x 1 cc cc 4000000 Mar 27 13:52 matrix-pull
-rwxrwxr-x 1 cc cc 4000000 Mar 27 13:52 matrix-push
-rwxrwxr-x 1 cc cc      32 Mar 27 13:52 sem.matrix-pull-rsem
-rwxrwxr-x 1 cc cc      32 Mar 27 13:52 sem.matrix-pull-wsem
-rwxrwxr-x 1 cc cc      32 Mar 27 13:52 sem.matrix-push-rsem
-rwxrwxr-x 1 cc cc      32 Mar 27 13:52 sem.matrix-push-wsem
 === clean up ===
total 0
total 0
 === done ===
 *============== Launching remote tsd at 5 =============* 
 ====== tsd launch complete. You have 1 tsd instance. ====== 
cc        82921  0.0  0.0 144504  5020 ?        Sl   13:55   0:00 /home/cc/Synergy4/s4c00/cmake-build-debug/sng_tsd /home/cc/Synergy4/s4c00/etc/sng5.json /home/cc/Synergy4/s4c00/etc/synergy-log.conf
cc        82923  0.0  0.0  12944   936 ?        S    13:55   0:00 grep sng_tsd
 ============================================================ 
 === before clean up === 
~~~~~~ ls -l /tmp
total 12
-rw------- 1 cc cc 3128 Mar 27 13:55 synergy4_p2pmd_82001.log
-rw------- 1 cc cc  768 Mar 27 13:52 synergy4_parser_82001.log
-rw------- 1 cc cc 3973 Mar 27 13:54 synergy4_tsd_82001.log
srwxrwxr-x 1 cc cc    0 Mar 27 13:52 tsd1
~~~~~~ ls -l /dev/shm
total 16
-rwxrwxr-x 1 cc cc 4000000 Mar 27 13:52 matrix-pull
-rwxrwxr-x 1 cc cc 4000000 Mar 27 13:52 matrix-push
-rwxrwxr-x 1 cc cc      32 Mar 27 13:52 sem.matrix-pull-rsem
-rwxrwxr-x 1 cc cc      32 Mar 27 13:52 sem.matrix-pull-wsem
-rwxrwxr-x 1 cc cc      32 Mar 27 13:52 sem.matrix-push-rsem
-rwxrwxr-x 1 cc cc      32 Mar 27 13:52 sem.matrix-push-wsem
 === clean up ===
total 0
total 0
 === done ===
 *============== Launching remote tsd at 6 =============* 
 ====== tsd launch complete. You have 1 tsd instance. ====== 
cc        82615  0.0  0.0 144504  7044 ?        Sl   13:55   0:00 /home/cc/Synergy4/s4c00/cmake-build-debug/sng_tsd /home/cc/Synergy4/s4c00/etc/sng6.json /home/cc/Synergy4/s4c00/etc/synergy-log.conf
cc        82617  0.0  0.0  12944  1092 ?        S    13:55   0:00 grep sng_tsd
 ============================================================ 
 === before clean up === 
~~~~~~ ls -l /tmp
total 12
-rw------- 1 cc cc 3128 Mar 27 13:55 synergy4_p2pmd_77697.log
-rw------- 1 cc cc  768 Mar 27 13:52 synergy4_parser_77697.log
-rw------- 1 cc cc 3973 Mar 27 13:54 synergy4_tsd_77697.log
srwxrwxr-x 1 cc cc    0 Mar 27 13:52 tsd1
~~~~~~ ls -l /dev/shm
total 16
-rwxrwxr-x 1 cc cc 4000000 Mar 27 13:52 matrix-pull
-rwxrwxr-x 1 cc cc 4000000 Mar 27 13:52 matrix-push
-rwxrwxr-x 1 cc cc      32 Mar 27 13:52 sem.matrix-pull-rsem
-rwxrwxr-x 1 cc cc      32 Mar 27 13:52 sem.matrix-pull-wsem
-rwxrwxr-x 1 cc cc      32 Mar 27 13:52 sem.matrix-push-rsem
-rwxrwxr-x 1 cc cc      32 Mar 27 13:52 sem.matrix-push-wsem
 === clean up ===
total 0
total 0
 === done ===
 *============== Launching remote tsd at 7 =============* 
 ====== tsd launch complete. You have 1 tsd instance. ====== 
cc        78308  0.0  0.0 144504  4980 ?        Sl   13:55   0:00 /home/cc/Synergy4/s4c00/cmake-build-debug/sng_tsd /home/cc/Synergy4/s4c00/etc/sng7.json /home/cc/Synergy4/s4c00/etc/synergy-log.conf
cc        78310  0.0  0.0  12944   972 ?        S    13:55   0:00 grep sng_tsd
 ============================================================ 
 === before clean up === 
~~~~~~ ls -l /tmp
total 12
-rw------- 1 cc cc 3128 Mar 27 13:55 synergy4_p2pmd_77915.log
-rw------- 1 cc cc  768 Mar 27 13:52 synergy4_parser_77915.log
-rw------- 1 cc cc 3973 Mar 27 13:54 synergy4_tsd_77915.log
srwxrwxr-x 1 cc cc    0 Mar 27 13:52 tsd1
~~~~~~ ls -l /dev/shm
total 16
-rwxrwxr-x 1 cc cc 4000000 Mar 27 13:52 matrix-pull
-rwxrwxr-x 1 cc cc 4000000 Mar 27 13:52 matrix-push
-rwxrwxr-x 1 cc cc      32 Mar 27 13:52 sem.matrix-pull-rsem
-rwxrwxr-x 1 cc cc      32 Mar 27 13:52 sem.matrix-pull-wsem
-rwxrwxr-x 1 cc cc      32 Mar 27 13:52 sem.matrix-push-rsem
-rwxrwxr-x 1 cc cc      32 Mar 27 13:52 sem.matrix-push-wsem
 === clean up ===
total 0
total 0
 === done ===
 *============== Launching remote tsd at 8 =============* 
 ====== tsd launch complete. You have 1 tsd instance. ====== 
cc        78529  0.0  0.0 144504  7128 ?        Sl   13:55   0:00 /home/cc/Synergy4/s4c00/cmake-build-debug/sng_tsd /home/cc/Synergy4/s4c00/etc/sng8.json /home/cc/Synergy4/s4c00/etc/synergy-log.conf
cc        78531  0.0  0.0  12944   924 ?        S    13:55   0:00 grep sng_tsd
 ============================================================ 
 === before clean up === 
~~~~~~ ls -l /tmp
total 12
-rw------- 1 cc cc 3129 Mar 27 13:55 synergy4_p2pmd_71526.log
-rw------- 1 cc cc  770 Mar 27 13:52 synergy4_parser_71526.log
-rw------- 1 cc cc 3973 Mar 27 13:54 synergy4_tsd_71526.log
srwxrwxr-x 1 cc cc    0 Mar 27 13:52 tsd1
~~~~~~ ls -l /dev/shm
total 16
-rwxrwxr-x 1 cc cc 4000000 Mar 27 13:52 matrix-pull
-rwxrwxr-x 1 cc cc 4000000 Mar 27 13:52 matrix-push
-rwxrwxr-x 1 cc cc      32 Mar 27 13:52 sem.matrix-pull-rsem
-rwxrwxr-x 1 cc cc      32 Mar 27 13:52 sem.matrix-pull-wsem
-rwxrwxr-x 1 cc cc      32 Mar 27 13:52 sem.matrix-push-rsem
-rwxrwxr-x 1 cc cc      32 Mar 27 13:52 sem.matrix-push-wsem
 === clean up ===
total 0
total 0
 === done ===
 *============== Launching remote tsd at 9 =============* 
 ====== tsd launch complete. You have 1 tsd instance. ====== 
cc        72145  0.0  0.0 144504  5056 ?        Sl   13:55   0:00 /home/cc/Synergy4/s4c00/cmake-build-debug/sng_tsd /home/cc/Synergy4/s4c00/etc/sng9.json /home/cc/Synergy4/s4c00/etc/synergy-log.conf
cc        72147  0.0  0.0  12944  1020 ?        S    13:55   0:00 grep sng_tsd
 ============================================================ 
 === before clean up === 
~~~~~~ ls -l /tmp
total 12
-rw------- 1 cc cc 3129 Mar 27 13:55 synergy4_p2pmd_72479.log
-rw------- 1 cc cc  770 Mar 27 13:52 synergy4_parser_72479.log
-rw------- 1 cc cc 3973 Mar 27 13:54 synergy4_tsd_72479.log
srwxrwxr-x 1 cc cc    0 Mar 27 13:52 tsd1
~~~~~~ ls -l /dev/shm
total 16
-rwxrwxr-x 1 cc cc 4000000 Mar 27 13:52 matrix-pull
-rwxrwxr-x 1 cc cc 4000000 Mar 27 13:52 matrix-push
-rwxrwxr-x 1 cc cc      32 Mar 27 13:52 sem.matrix-pull-rsem
-rwxrwxr-x 1 cc cc      32 Mar 27 13:52 sem.matrix-pull-wsem
-rwxrwxr-x 1 cc cc      32 Mar 27 13:52 sem.matrix-push-rsem
-rwxrwxr-x 1 cc cc      32 Mar 27 13:52 sem.matrix-push-wsem
 === clean up ===
total 0
total 0
 === done ===
 *============== Launching remote tsd at 10 =============* 
 ====== tsd launch complete. You have 1 tsd instance. ====== 
cc        73089  0.0  0.0 144504  7012 ?        Sl   13:55   0:00 /home/cc/Synergy4/s4c00/cmake-build-debug/sng_tsd /home/cc/Synergy4/s4c00/etc/sng10.json /home/cc/Synergy4/s4c00/etc/synergy-log.conf
cc        73091  0.0  0.0  12944   924 ?        S    13:55   0:00 grep sng_tsd
 ============================================================ 
 === before clean up === 
~~~~~~ ls -l /tmp
total 12
-rw------- 1 cc cc 3130 Mar 27 13:55 synergy4_p2pmd_71833.log
-rw------- 1 cc cc  772 Mar 27 13:52 synergy4_parser_71833.log
-rw------- 1 cc cc 3973 Mar 27 13:54 synergy4_tsd_71833.log
srwxrwxr-x 1 cc cc    0 Mar 27 13:52 tsd1
~~~~~~ ls -l /dev/shm
total 16
-rwxrwxr-x 1 cc cc 4000000 Mar 27 13:52 matrix-pull
-rwxrwxr-x 1 cc cc 4000000 Mar 27 13:52 matrix-push
-rwxrwxr-x 1 cc cc      32 Mar 27 13:52 sem.matrix-pull-rsem
-rwxrwxr-x 1 cc cc      32 Mar 27 13:52 sem.matrix-pull-wsem
-rwxrwxr-x 1 cc cc      32 Mar 27 13:52 sem.matrix-push-rsem
-rwxrwxr-x 1 cc cc      32 Mar 27 13:52 sem.matrix-push-wsem
 === clean up ===
total 0
total 0
 === done ===
 *============== Launching remote tsd at 11 =============* 
 ====== tsd launch complete. You have 1 tsd instance. ====== 
cc        72451  0.0  0.0 144504  7056 ?        Sl   13:55   0:00 /home/cc/Synergy4/s4c00/cmake-build-debug/sng_tsd /home/cc/Synergy4/s4c00/etc/sng11.json /home/cc/Synergy4/s4c00/etc/synergy-log.conf
cc        72453  0.0  0.0  12944   988 ?        S    13:55   0:00 grep sng_tsd
 ============================================================ 
 === before clean up === 
~~~~~~ ls -l /tmp
total 12
-rw------- 1 cc cc 3232 Mar 27 13:55 synergy4_p2pmd_72420.log
-rw------- 1 cc cc  770 Mar 27 13:52 synergy4_parser_72420.log
-rw------- 1 cc cc 3973 Mar 27 13:54 synergy4_tsd_72420.log
srwxrwxr-x 1 cc cc    0 Mar 27 13:52 tsd1
~~~~~~ ls -l /dev/shm
total 16
-rwxrwxr-x 1 cc cc 4000000 Mar 27 13:52 matrix-pull
-rwxrwxr-x 1 cc cc 4000000 Mar 27 13:52 matrix-push
-rwxrwxr-x 1 cc cc      32 Mar 27 13:52 sem.matrix-pull-rsem
-rwxrwxr-x 1 cc cc      32 Mar 27 13:52 sem.matrix-pull-wsem
-rwxrwxr-x 1 cc cc      32 Mar 27 13:52 sem.matrix-push-rsem
-rwxrwxr-x 1 cc cc      32 Mar 27 13:52 sem.matrix-push-wsem
 === clean up ===
total 0
total 0
 === done ===
 *============== Launching remote tsd at 12 =============* 
 ====== tsd launch complete. You have 1 tsd instance. ====== 
cc        73027  0.0  0.0 144504  5100 ?        Sl   13:55   0:00 /home/cc/Synergy4/s4c00/cmake-build-debug/sng_tsd /home/cc/Synergy4/s4c00/etc/sng12.json /home/cc/Synergy4/s4c00/etc/synergy-log.conf
cc        73029  0.0  0.0  12944   968 ?        S    13:55   0:00 grep sng_tsd
 ============================================================ 
