 === before clean up === 
~~~~~~ ls -l /tmp
total 1676
-rw------- 1 cc cc 1354128 Mar 28 00:07 synergy4_168601.log
-rw------- 1 cc cc   12957 Mar 28 00:07 synergy4_p2pmd_168601.log
-rw------- 1 cc cc     768 Mar 28 00:04 synergy4_parser_168601.log
-rw------- 1 cc cc  337022 Mar 28 00:07 synergy4_tsd_168601.log
srwxrwxr-x 1 cc cc       0 Mar 28 00:04 tsd1
~~~~~~ ls -l /dev/shm
total 7832
-rwxrwxr-x 1 cc cc 4000000 Mar 28 00:06 matrix-pull
-rwxrwxr-x 1 cc cc 4000000 Mar 28 00:06 matrix-push
-rwxrwxr-x 1 cc cc      32 Mar 28 00:04 sem.matrix-pull-rsem
-rwxrwxr-x 1 cc cc      32 Mar 28 00:04 sem.matrix-pull-wsem
-rwxrwxr-x 1 cc cc      32 Mar 28 00:04 sem.matrix-push-rsem
-rwxrwxr-x 1 cc cc      32 Mar 28 00:04 sem.matrix-push-wsem
 === clean up ===
total 0
total 0
 === done ===
 *============== Launching remote tsd at 1 =============* 
 ====== tsd launch complete. You have 1 tsd instance. ====== 
cc       169139  0.0  0.0 144504  7068 ?        Sl   00:07   0:00 /home/cc/Synergy4/s4c00/cmake-build-debug/sng_tsd /home/cc/Synergy4/s4c00/etc/sng1.json /home/cc/Synergy4/s4c00/etc/synergy-log.conf
cc       169141  0.0  0.0  12944   940 ?        S    00:07   0:00 grep sng_tsd
 ============================================================ 
 === before clean up === 
~~~~~~ ls -l /tmp
total 28
-rw------- 1 cc cc 13197 Mar 28 00:07 synergy4_p2pmd_159761.log
-rw------- 1 cc cc   768 Mar 28 00:04 synergy4_parser_159761.log
-rw------- 1 cc cc  7107 Mar 28 00:07 synergy4_tsd_159761.log
srwxrwxr-x 1 cc cc     0 Mar 28 00:04 tsd1
~~~~~~ ls -l /dev/shm
total 16
-rwxrwxr-x 1 cc cc 4000000 Mar 28 00:04 matrix-pull
-rwxrwxr-x 1 cc cc 4000000 Mar 28 00:04 matrix-push
-rwxrwxr-x 1 cc cc      32 Mar 28 00:04 sem.matrix-pull-rsem
-rwxrwxr-x 1 cc cc      32 Mar 28 00:04 sem.matrix-pull-wsem
-rwxrwxr-x 1 cc cc      32 Mar 28 00:04 sem.matrix-push-rsem
-rwxrwxr-x 1 cc cc      32 Mar 28 00:04 sem.matrix-push-wsem
 === clean up ===
total 0
total 0
 === done ===
 *============== Launching remote tsd at 2 =============* 
 ====== tsd launch complete. You have 1 tsd instance. ====== 
cc       160354  0.0  0.0 144504  5012 ?        Sl   00:07   0:00 /home/cc/Synergy4/s4c00/cmake-build-debug/sng_tsd /home/cc/Synergy4/s4c00/etc/sng2.json /home/cc/Synergy4/s4c00/etc/synergy-log.conf
cc       160356  0.0  0.0  12944   984 ?        S    00:07   0:00 grep sng_tsd
 ============================================================ 
 === before clean up === 
~~~~~~ ls -l /tmp
total 28
-rw------- 1 cc cc 13207 Mar 28 00:07 synergy4_p2pmd_158894.log
-rw------- 1 cc cc   764 Mar 28 00:04 synergy4_parser_158894.log
-rw------- 1 cc cc  7107 Mar 28 00:07 synergy4_tsd_158894.log
srwxrwxr-x 1 cc cc     0 Mar 28 00:04 tsd1
~~~~~~ ls -l /dev/shm
total 16
-rwxrwxr-x 1 cc cc 4000000 Mar 28 00:04 matrix-pull
-rwxrwxr-x 1 cc cc 4000000 Mar 28 00:04 matrix-push
-rwxrwxr-x 1 cc cc      32 Mar 28 00:04 sem.matrix-pull-rsem
-rwxrwxr-x 1 cc cc      32 Mar 28 00:04 sem.matrix-pull-wsem
-rwxrwxr-x 1 cc cc      32 Mar 28 00:04 sem.matrix-push-rsem
-rwxrwxr-x 1 cc cc      32 Mar 28 00:04 sem.matrix-push-wsem
 === clean up ===
total 0
total 0
 === done ===
 *============== Launching remote tsd at 3 =============* 
 ====== tsd launch complete. You have 1 tsd instance. ====== 
cc       159482  0.0  0.0 144504  5096 ?        Sl   00:07   0:00 /home/cc/Synergy4/s4c00/cmake-build-debug/sng_tsd /home/cc/Synergy4/s4c00/etc/sng3.json /home/cc/Synergy4/s4c00/etc/synergy-log.conf
cc       159484  0.0  0.0  12944   972 ?        S    00:07   0:00 grep sng_tsd
 ============================================================ 
 === before clean up === 
~~~~~~ ls -l /tmp
total 12
-rw------- 1 cc cc 3782 Mar 28 00:07 synergy4_p2pmd_142968.log
-rw------- 1 cc cc  768 Mar 28 00:04 synergy4_parser_142968.log
-rw------- 1 cc cc 4009 Mar 28 00:05 synergy4_tsd_142968.log
srwxrwxr-x 1 cc cc    0 Mar 28 00:04 tsd1
~~~~~~ ls -l /dev/shm
total 16
-rwxrwxr-x 1 cc cc 4000000 Mar 28 00:04 matrix-pull
-rwxrwxr-x 1 cc cc 4000000 Mar 28 00:04 matrix-push
-rwxrwxr-x 1 cc cc      32 Mar 28 00:04 sem.matrix-pull-rsem
-rwxrwxr-x 1 cc cc      32 Mar 28 00:04 sem.matrix-pull-wsem
-rwxrwxr-x 1 cc cc      32 Mar 28 00:04 sem.matrix-push-rsem
-rwxrwxr-x 1 cc cc      32 Mar 28 00:04 sem.matrix-push-wsem
 === clean up ===
total 0
total 0
 === done ===
 *============== Launching remote tsd at 4 =============* 
 ====== tsd launch complete. You have 1 tsd instance. ====== 
cc       143560  0.0  0.0 144504  6980 ?        Sl   00:07   0:00 /home/cc/Synergy4/s4c00/cmake-build-debug/sng_tsd /home/cc/Synergy4/s4c00/etc/sng4.json /home/cc/Synergy4/s4c00/etc/synergy-log.conf
cc       143562  0.0  0.0  12944   940 ?        S    00:07   0:00 grep sng_tsd
 ============================================================ 
 === before clean up === 
~~~~~~ ls -l /tmp
total 12
-rw------- 1 cc cc 3782 Mar 28 00:07 synergy4_p2pmd_141690.log
-rw------- 1 cc cc  768 Mar 28 00:04 synergy4_parser_141690.log
-rw------- 1 cc cc 4009 Mar 28 00:05 synergy4_tsd_141690.log
srwxrwxr-x 1 cc cc    0 Mar 28 00:04 tsd1
~~~~~~ ls -l /dev/shm
total 16
-rwxrwxr-x 1 cc cc 4000000 Mar 28 00:04 matrix-pull
-rwxrwxr-x 1 cc cc 4000000 Mar 28 00:04 matrix-push
-rwxrwxr-x 1 cc cc      32 Mar 28 00:04 sem.matrix-pull-rsem
-rwxrwxr-x 1 cc cc      32 Mar 28 00:04 sem.matrix-pull-wsem
-rwxrwxr-x 1 cc cc      32 Mar 28 00:04 sem.matrix-push-rsem
-rwxrwxr-x 1 cc cc      32 Mar 28 00:04 sem.matrix-push-wsem
 === clean up ===
total 0
total 0
 === done ===
 *============== Launching remote tsd at 5 =============* 
 ====== tsd launch complete. You have 1 tsd instance. ====== 
cc       142276  0.0  0.0 144504  7060 ?        Sl   00:07   0:00 /home/cc/Synergy4/s4c00/cmake-build-debug/sng_tsd /home/cc/Synergy4/s4c00/etc/sng5.json /home/cc/Synergy4/s4c00/etc/synergy-log.conf
cc       142278  0.0  0.0  12944  1016 ?        S    00:07   0:00 grep sng_tsd
 ============================================================ 
 === before clean up === 
~~~~~~ ls -l /tmp
total 12
-rw------- 1 cc cc 3886 Mar 28 00:07 synergy4_p2pmd_141372.log
-rw------- 1 cc cc  768 Mar 28 00:04 synergy4_parser_141372.log
-rw------- 1 cc cc 4009 Mar 28 00:05 synergy4_tsd_141372.log
srwxrwxr-x 1 cc cc    0 Mar 28 00:04 tsd1
~~~~~~ ls -l /dev/shm
total 16
-rwxrwxr-x 1 cc cc 4000000 Mar 28 00:04 matrix-pull
-rwxrwxr-x 1 cc cc 4000000 Mar 28 00:04 matrix-push
-rwxrwxr-x 1 cc cc      32 Mar 28 00:04 sem.matrix-pull-rsem
-rwxrwxr-x 1 cc cc      32 Mar 28 00:04 sem.matrix-pull-wsem
-rwxrwxr-x 1 cc cc      32 Mar 28 00:04 sem.matrix-push-rsem
-rwxrwxr-x 1 cc cc      32 Mar 28 00:04 sem.matrix-push-wsem
 === clean up ===
total 0
total 0
 === done ===
 *============== Launching remote tsd at 6 =============* 
 ====== tsd launch complete. You have 1 tsd instance. ====== 
cc       141967  0.0  0.0 144504  5056 ?        Sl   00:07   0:00 /home/cc/Synergy4/s4c00/cmake-build-debug/sng_tsd /home/cc/Synergy4/s4c00/etc/sng6.json /home/cc/Synergy4/s4c00/etc/synergy-log.conf
cc       141969  0.0  0.0  12944  1080 ?        S    00:07   0:00 grep sng_tsd
 ============================================================ 
 === before clean up === 
~~~~~~ ls -l /tmp
total 12
-rw------- 1 cc cc 3987 Mar 28 00:07 synergy4_p2pmd_137093.log
-rw------- 1 cc cc  768 Mar 28 00:04 synergy4_parser_137093.log
-rw------- 1 cc cc 4009 Mar 28 00:05 synergy4_tsd_137093.log
srwxrwxr-x 1 cc cc    0 Mar 28 00:04 tsd1
~~~~~~ ls -l /dev/shm
total 16
-rwxrwxr-x 1 cc cc 4000000 Mar 28 00:04 matrix-pull
-rwxrwxr-x 1 cc cc 4000000 Mar 28 00:04 matrix-push
-rwxrwxr-x 1 cc cc      32 Mar 28 00:04 sem.matrix-pull-rsem
-rwxrwxr-x 1 cc cc      32 Mar 28 00:04 sem.matrix-pull-wsem
-rwxrwxr-x 1 cc cc      32 Mar 28 00:04 sem.matrix-push-rsem
-rwxrwxr-x 1 cc cc      32 Mar 28 00:04 sem.matrix-push-wsem
 === clean up ===
total 0
total 0
 === done ===
 *============== Launching remote tsd at 7 =============* 
 ====== tsd launch complete. You have 1 tsd instance. ====== 
cc       137687  0.0  0.0 144504  4980 ?        Sl   00:07   0:00 /home/cc/Synergy4/s4c00/cmake-build-debug/sng_tsd /home/cc/Synergy4/s4c00/etc/sng7.json /home/cc/Synergy4/s4c00/etc/synergy-log.conf
cc       137689  0.0  0.0  12944  1012 ?        S    00:07   0:00 grep sng_tsd
 ============================================================ 
 === before clean up === 
~~~~~~ ls -l /tmp
total 12
-rw------- 1 cc cc 3886 Mar 28 00:07 synergy4_p2pmd_137193.log
-rw------- 1 cc cc  768 Mar 28 00:04 synergy4_parser_137193.log
-rw------- 1 cc cc 4009 Mar 28 00:05 synergy4_tsd_137193.log
srwxrwxr-x 1 cc cc    0 Mar 28 00:04 tsd1
~~~~~~ ls -l /dev/shm
total 16
-rwxrwxr-x 1 cc cc 4000000 Mar 28 00:04 matrix-pull
-rwxrwxr-x 1 cc cc 4000000 Mar 28 00:04 matrix-push
-rwxrwxr-x 1 cc cc      32 Mar 28 00:04 sem.matrix-pull-rsem
-rwxrwxr-x 1 cc cc      32 Mar 28 00:04 sem.matrix-pull-wsem
-rwxrwxr-x 1 cc cc      32 Mar 28 00:04 sem.matrix-push-rsem
-rwxrwxr-x 1 cc cc      32 Mar 28 00:04 sem.matrix-push-wsem
 === clean up ===
total 0
total 0
 === done ===
 *============== Launching remote tsd at 8 =============* 
 ====== tsd launch complete. You have 1 tsd instance. ====== 
cc       137783  0.0  0.0 144504  5012 ?        Sl   00:07   0:00 /home/cc/Synergy4/s4c00/cmake-build-debug/sng_tsd /home/cc/Synergy4/s4c00/etc/sng8.json /home/cc/Synergy4/s4c00/etc/synergy-log.conf
cc       137785  0.0  0.0  12944   944 ?        S    00:07   0:00 grep sng_tsd
 ============================================================ 
 === before clean up === 
~~~~~~ ls -l /tmp
total 12
-rw------- 1 cc cc 3887 Mar 28 00:07 synergy4_p2pmd_130649.log
-rw------- 1 cc cc  770 Mar 28 00:04 synergy4_parser_130649.log
-rw------- 1 cc cc 4009 Mar 28 00:05 synergy4_tsd_130649.log
srwxrwxr-x 1 cc cc    0 Mar 28 00:04 tsd1
~~~~~~ ls -l /dev/shm
total 16
-rwxrwxr-x 1 cc cc 4000000 Mar 28 00:04 matrix-pull
-rwxrwxr-x 1 cc cc 4000000 Mar 28 00:04 matrix-push
-rwxrwxr-x 1 cc cc      32 Mar 28 00:04 sem.matrix-pull-rsem
-rwxrwxr-x 1 cc cc      32 Mar 28 00:04 sem.matrix-pull-wsem
-rwxrwxr-x 1 cc cc      32 Mar 28 00:04 sem.matrix-push-rsem
-rwxrwxr-x 1 cc cc      32 Mar 28 00:04 sem.matrix-push-wsem
 === clean up ===
total 0
total 0
 === done ===
 *============== Launching remote tsd at 9 =============* 
 ====== tsd launch complete. You have 1 tsd instance. ====== 
cc       131235  0.0  0.0 144504  7108 ?        Sl   00:07   0:00 /home/cc/Synergy4/s4c00/cmake-build-debug/sng_tsd /home/cc/Synergy4/s4c00/etc/sng9.json /home/cc/Synergy4/s4c00/etc/synergy-log.conf
cc       131237  0.0  0.0  12944   980 ?        S    00:07   0:00 grep sng_tsd
 ============================================================ 
 === before clean up === 
~~~~~~ ls -l /tmp
total 12
-rw------- 1 cc cc 3887 Mar 28 00:07 synergy4_p2pmd_131704.log
-rw------- 1 cc cc  770 Mar 28 00:04 synergy4_parser_131704.log
-rw------- 1 cc cc 4009 Mar 28 00:05 synergy4_tsd_131704.log
srwxrwxr-x 1 cc cc    0 Mar 28 00:04 tsd1
~~~~~~ ls -l /dev/shm
total 16
-rwxrwxr-x 1 cc cc 4000000 Mar 28 00:04 matrix-pull
-rwxrwxr-x 1 cc cc 4000000 Mar 28 00:04 matrix-push
-rwxrwxr-x 1 cc cc      32 Mar 28 00:04 sem.matrix-pull-rsem
-rwxrwxr-x 1 cc cc      32 Mar 28 00:04 sem.matrix-pull-wsem
-rwxrwxr-x 1 cc cc      32 Mar 28 00:04 sem.matrix-push-rsem
-rwxrwxr-x 1 cc cc      32 Mar 28 00:04 sem.matrix-push-wsem
 === clean up ===
total 0
total 0
 === done ===
 *============== Launching remote tsd at 10 =============* 
 ====== tsd launch complete. You have 1 tsd instance. ====== 
cc       132301  0.0  0.0 144504  7108 ?        Sl   00:07   0:00 /home/cc/Synergy4/s4c00/cmake-build-debug/sng_tsd /home/cc/Synergy4/s4c00/etc/sng10.json /home/cc/Synergy4/s4c00/etc/synergy-log.conf
cc       132303  0.0  0.0  12944  1088 ?        S    00:07   0:00 grep sng_tsd
 ============================================================ 
 === before clean up === 
~~~~~~ ls -l /tmp
total 12
-rw------- 1 cc cc 3888 Mar 28 00:07 synergy4_p2pmd_130960.log
-rw------- 1 cc cc  772 Mar 28 00:04 synergy4_parser_130960.log
-rw------- 1 cc cc 4009 Mar 28 00:05 synergy4_tsd_130960.log
srwxrwxr-x 1 cc cc    0 Mar 28 00:04 tsd1
~~~~~~ ls -l /dev/shm
total 16
-rwxrwxr-x 1 cc cc 4000000 Mar 28 00:04 matrix-pull
-rwxrwxr-x 1 cc cc 4000000 Mar 28 00:04 matrix-push
-rwxrwxr-x 1 cc cc      32 Mar 28 00:04 sem.matrix-pull-rsem
-rwxrwxr-x 1 cc cc      32 Mar 28 00:04 sem.matrix-pull-wsem
-rwxrwxr-x 1 cc cc      32 Mar 28 00:04 sem.matrix-push-rsem
-rwxrwxr-x 1 cc cc      32 Mar 28 00:04 sem.matrix-push-wsem
 === clean up ===
total 0
total 0
 === done ===
 *============== Launching remote tsd at 11 =============* 
 ====== tsd launch complete. You have 1 tsd instance. ====== 
cc       131551  0.0  0.0 144504  7104 ?        Sl   00:07   0:00 /home/cc/Synergy4/s4c00/cmake-build-debug/sng_tsd /home/cc/Synergy4/s4c00/etc/sng11.json /home/cc/Synergy4/s4c00/etc/synergy-log.conf
cc       131553  0.0  0.0  12944   968 ?        S    00:07   0:00 grep sng_tsd
 ============================================================ 
 === before clean up === 
~~~~~~ ls -l /tmp
total 12
-rw------- 1 cc cc 3887 Mar 28 00:07 synergy4_p2pmd_131511.log
-rw------- 1 cc cc  770 Mar 28 00:04 synergy4_parser_131511.log
-rw------- 1 cc cc 4009 Mar 28 00:06 synergy4_tsd_131511.log
srwxrwxr-x 1 cc cc    0 Mar 28 00:04 tsd1
~~~~~~ ls -l /dev/shm
total 16
-rwxrwxr-x 1 cc cc 4000000 Mar 28 00:04 matrix-pull
-rwxrwxr-x 1 cc cc 4000000 Mar 28 00:04 matrix-push
-rwxrwxr-x 1 cc cc      32 Mar 28 00:04 sem.matrix-pull-rsem
-rwxrwxr-x 1 cc cc      32 Mar 28 00:04 sem.matrix-pull-wsem
-rwxrwxr-x 1 cc cc      32 Mar 28 00:04 sem.matrix-push-rsem
-rwxrwxr-x 1 cc cc      32 Mar 28 00:04 sem.matrix-push-wsem
 === clean up ===
total 0
total 0
 === done ===
 *============== Launching remote tsd at 12 =============* 
 ====== tsd launch complete. You have 1 tsd instance. ====== 
cc       132099  0.0  0.0 144504  4956 ?        Sl   00:07   0:00 /home/cc/Synergy4/s4c00/cmake-build-debug/sng_tsd /home/cc/Synergy4/s4c00/etc/sng12.json /home/cc/Synergy4/s4c00/etc/synergy-log.conf
cc       132101  0.0  0.0  12944   940 ?        S    00:07   0:00 grep sng_tsd
 ============================================================ 
