 === before clean up === 
~~~~~~ ls -l /tmp
total 1200
-rw------- 1 cc cc 811504 Mar 27 14:53 synergy4_125512.log
-rw------- 1 cc cc  13447 Mar 27 14:53 synergy4_p2pmd_125512.log
-rw------- 1 cc cc    768 Mar 27 14:50 synergy4_parser_125512.log
-rw------- 1 cc cc 393112 Mar 27 14:53 synergy4_tsd_125512.log
srwxrwxr-x 1 cc cc      0 Mar 27 14:50 tsd1
~~~~~~ ls -l /dev/shm
total 7832
-rwxrwxr-x 1 cc cc 4000000 Mar 27 14:52 matrix-pull
-rwxrwxr-x 1 cc cc 4000000 Mar 27 14:52 matrix-push
-rwxrwxr-x 1 cc cc      32 Mar 27 14:50 sem.matrix-pull-rsem
-rwxrwxr-x 1 cc cc      32 Mar 27 14:50 sem.matrix-pull-wsem
-rwxrwxr-x 1 cc cc      32 Mar 27 14:50 sem.matrix-push-rsem
-rwxrwxr-x 1 cc cc      32 Mar 27 14:50 sem.matrix-push-wsem
 === clean up ===
total 0
total 0
 === done ===
 *============== Launching remote tsd at 1 =============* 
 ====== tsd launch complete. You have 1 tsd instance. ====== 
cc       126076  0.0  0.0 144504  5040 ?        Sl   14:53   0:00 /home/cc/Synergy4/s4c00/cmake-build-debug/sng_tsd /home/cc/Synergy4/s4c00/etc/sng1.json /home/cc/Synergy4/s4c00/etc/synergy-log.conf
cc       126078  0.0  0.0  12944   968 ?        S    14:53   0:00 grep sng_tsd
 ============================================================ 
 === before clean up === 
~~~~~~ ls -l /tmp
total 56
-rw------- 1 cc cc 42358 Mar 27 14:53 synergy4_p2pmd_114978.log
-rw------- 1 cc cc   768 Mar 27 14:50 synergy4_parser_114978.log
-rw------- 1 cc cc  7107 Mar 27 14:53 synergy4_tsd_114978.log
srwxrwxr-x 1 cc cc     0 Mar 27 14:50 tsd1
~~~~~~ ls -l /dev/shm
total 16
-rwxrwxr-x 1 cc cc 4000000 Mar 27 14:50 matrix-pull
-rwxrwxr-x 1 cc cc 4000000 Mar 27 14:50 matrix-push
-rwxrwxr-x 1 cc cc      32 Mar 27 14:50 sem.matrix-pull-rsem
-rwxrwxr-x 1 cc cc      32 Mar 27 14:50 sem.matrix-pull-wsem
-rwxrwxr-x 1 cc cc      32 Mar 27 14:50 sem.matrix-push-rsem
-rwxrwxr-x 1 cc cc      32 Mar 27 14:50 sem.matrix-push-wsem
 === clean up ===
total 0
total 0
 === done ===
 *============== Launching remote tsd at 2 =============* 
 ====== tsd launch complete. You have 1 tsd instance. ====== 
cc       115559  0.0  0.0 144504  5016 ?        Sl   14:53   0:00 /home/cc/Synergy4/s4c00/cmake-build-debug/sng_tsd /home/cc/Synergy4/s4c00/etc/sng2.json /home/cc/Synergy4/s4c00/etc/synergy-log.conf
cc       115561  0.0  0.0  12944   932 ?        S    14:53   0:00 grep sng_tsd
 ============================================================ 
 === before clean up === 
~~~~~~ ls -l /tmp
total 32
-rw------- 1 cc cc 19136 Mar 27 14:53 synergy4_p2pmd_114248.log
-rw------- 1 cc cc   764 Mar 27 14:50 synergy4_parser_114248.log
-rw------- 1 cc cc  7107 Mar 27 14:53 synergy4_tsd_114248.log
srwxrwxr-x 1 cc cc     0 Mar 27 14:50 tsd1
~~~~~~ ls -l /dev/shm
total 16
-rwxrwxr-x 1 cc cc 4000000 Mar 27 14:50 matrix-pull
-rwxrwxr-x 1 cc cc 4000000 Mar 27 14:50 matrix-push
-rwxrwxr-x 1 cc cc      32 Mar 27 14:50 sem.matrix-pull-rsem
-rwxrwxr-x 1 cc cc      32 Mar 27 14:50 sem.matrix-pull-wsem
-rwxrwxr-x 1 cc cc      32 Mar 27 14:50 sem.matrix-push-rsem
-rwxrwxr-x 1 cc cc      32 Mar 27 14:50 sem.matrix-push-wsem
 === clean up ===
total 0
total 0
 === done ===
 *============== Launching remote tsd at 3 =============* 
 ====== tsd launch complete. You have 1 tsd instance. ====== 
cc       114837  0.0  0.0 144504  4912 ?        Sl   14:53   0:00 /home/cc/Synergy4/s4c00/cmake-build-debug/sng_tsd /home/cc/Synergy4/s4c00/etc/sng3.json /home/cc/Synergy4/s4c00/etc/synergy-log.conf
cc       114839  0.0  0.0  12944   928 ?        S    14:53   0:00 grep sng_tsd
 ============================================================ 
 === before clean up === 
~~~~~~ ls -l /tmp
total 12
-rw------- 1 cc cc 3334 Mar 27 14:53 synergy4_p2pmd_98242.log
-rw------- 1 cc cc  768 Mar 27 14:50 synergy4_parser_98242.log
-rw------- 1 cc cc 3973 Mar 27 14:52 synergy4_tsd_98242.log
srwxrwxr-x 1 cc cc    0 Mar 27 14:50 tsd1
~~~~~~ ls -l /dev/shm
total 16
-rwxrwxr-x 1 cc cc 4000000 Mar 27 14:50 matrix-pull
-rwxrwxr-x 1 cc cc 4000000 Mar 27 14:50 matrix-push
-rwxrwxr-x 1 cc cc      32 Mar 27 14:50 sem.matrix-pull-rsem
-rwxrwxr-x 1 cc cc      32 Mar 27 14:50 sem.matrix-pull-wsem
-rwxrwxr-x 1 cc cc      32 Mar 27 14:50 sem.matrix-push-rsem
-rwxrwxr-x 1 cc cc      32 Mar 27 14:50 sem.matrix-push-wsem
 === clean up ===
total 0
total 0
 === done ===
 *============== Launching remote tsd at 4 =============* 
 ====== tsd launch complete. You have 1 tsd instance. ====== 
cc        98843  0.0  0.0 144504  5016 ?        Sl   14:53   0:00 /home/cc/Synergy4/s4c00/cmake-build-debug/sng_tsd /home/cc/Synergy4/s4c00/etc/sng4.json /home/cc/Synergy4/s4c00/etc/synergy-log.conf
cc        98845  0.0  0.0  12944   972 ?        S    14:53   0:00 grep sng_tsd
 ============================================================ 
 === before clean up === 
~~~~~~ ls -l /tmp
total 12
-rw------- 1 cc cc 3334 Mar 27 14:53 synergy4_p2pmd_97071.log
-rw------- 1 cc cc  768 Mar 27 14:50 synergy4_parser_97071.log
-rw------- 1 cc cc 3973 Mar 27 14:52 synergy4_tsd_97071.log
srwxrwxr-x 1 cc cc    0 Mar 27 14:50 tsd1
~~~~~~ ls -l /dev/shm
total 16
-rwxrwxr-x 1 cc cc 4000000 Mar 27 14:50 matrix-pull
-rwxrwxr-x 1 cc cc 4000000 Mar 27 14:50 matrix-push
-rwxrwxr-x 1 cc cc      32 Mar 27 14:50 sem.matrix-pull-rsem
-rwxrwxr-x 1 cc cc      32 Mar 27 14:50 sem.matrix-pull-wsem
-rwxrwxr-x 1 cc cc      32 Mar 27 14:50 sem.matrix-push-rsem
-rwxrwxr-x 1 cc cc      32 Mar 27 14:50 sem.matrix-push-wsem
 === clean up ===
total 0
total 0
 === done ===
 *============== Launching remote tsd at 5 =============* 
 ====== tsd launch complete. You have 1 tsd instance. ====== 
cc        97662  0.0  0.0 144504  7020 ?        Sl   14:53   0:00 /home/cc/Synergy4/s4c00/cmake-build-debug/sng_tsd /home/cc/Synergy4/s4c00/etc/sng5.json /home/cc/Synergy4/s4c00/etc/synergy-log.conf
cc        97664  0.0  0.0  12944   980 ?        S    14:53   0:00 grep sng_tsd
 ============================================================ 
 === before clean up === 
~~~~~~ ls -l /tmp
total 12
-rw------- 1 cc cc 3334 Mar 27 14:53 synergy4_p2pmd_96765.log
-rw------- 1 cc cc  768 Mar 27 14:50 synergy4_parser_96765.log
-rw------- 1 cc cc 3973 Mar 27 14:52 synergy4_tsd_96765.log
srwxrwxr-x 1 cc cc    0 Mar 27 14:50 tsd1
~~~~~~ ls -l /dev/shm
total 16
-rwxrwxr-x 1 cc cc 4000000 Mar 27 14:50 matrix-pull
-rwxrwxr-x 1 cc cc 4000000 Mar 27 14:50 matrix-push
-rwxrwxr-x 1 cc cc      32 Mar 27 14:50 sem.matrix-pull-rsem
-rwxrwxr-x 1 cc cc      32 Mar 27 14:50 sem.matrix-pull-wsem
-rwxrwxr-x 1 cc cc      32 Mar 27 14:50 sem.matrix-push-rsem
-rwxrwxr-x 1 cc cc      32 Mar 27 14:50 sem.matrix-push-wsem
 === clean up ===
total 0
total 0
 === done ===
 *============== Launching remote tsd at 6 =============* 
 ====== tsd launch complete. You have 1 tsd instance. ====== 
cc        97358  0.0  0.0 144504  4952 ?        Sl   14:53   0:00 /home/cc/Synergy4/s4c00/cmake-build-debug/sng_tsd /home/cc/Synergy4/s4c00/etc/sng6.json /home/cc/Synergy4/s4c00/etc/synergy-log.conf
cc        97360  0.0  0.0  12944   980 ?        S    14:53   0:00 grep sng_tsd
 ============================================================ 
 === before clean up === 
~~~~~~ ls -l /tmp
total 12
-rw------- 1 cc cc 3437 Mar 27 14:53 synergy4_p2pmd_92468.log
-rw------- 1 cc cc  768 Mar 27 14:50 synergy4_parser_92468.log
-rw------- 1 cc cc 3973 Mar 27 14:52 synergy4_tsd_92468.log
srwxrwxr-x 1 cc cc    0 Mar 27 14:50 tsd1
~~~~~~ ls -l /dev/shm
total 16
-rwxrwxr-x 1 cc cc 4000000 Mar 27 14:50 matrix-pull
-rwxrwxr-x 1 cc cc 4000000 Mar 27 14:50 matrix-push
-rwxrwxr-x 1 cc cc      32 Mar 27 14:50 sem.matrix-pull-rsem
-rwxrwxr-x 1 cc cc      32 Mar 27 14:50 sem.matrix-pull-wsem
-rwxrwxr-x 1 cc cc      32 Mar 27 14:50 sem.matrix-push-rsem
-rwxrwxr-x 1 cc cc      32 Mar 27 14:50 sem.matrix-push-wsem
 === clean up ===
total 0
total 0
 === done ===
 *============== Launching remote tsd at 7 =============* 
 ====== tsd launch complete. You have 1 tsd instance. ====== 
cc        93054  0.0  0.0 144504  4980 ?        Sl   14:53   0:00 /home/cc/Synergy4/s4c00/cmake-build-debug/sng_tsd /home/cc/Synergy4/s4c00/etc/sng7.json /home/cc/Synergy4/s4c00/etc/synergy-log.conf
cc        93056  0.0  0.0  12944  1088 ?        S    14:53   0:00 grep sng_tsd
 ============================================================ 
 === before clean up === 
~~~~~~ ls -l /tmp
total 12
-rw------- 1 cc cc 3537 Mar 27 14:53 synergy4_p2pmd_92661.log
-rw------- 1 cc cc  768 Mar 27 14:50 synergy4_parser_92661.log
-rw------- 1 cc cc 3973 Mar 27 14:52 synergy4_tsd_92661.log
srwxrwxr-x 1 cc cc    0 Mar 27 14:50 tsd1
~~~~~~ ls -l /dev/shm
total 16
-rwxrwxr-x 1 cc cc 4000000 Mar 27 14:50 matrix-pull
-rwxrwxr-x 1 cc cc 4000000 Mar 27 14:50 matrix-push
-rwxrwxr-x 1 cc cc      32 Mar 27 14:50 sem.matrix-pull-rsem
-rwxrwxr-x 1 cc cc      32 Mar 27 14:50 sem.matrix-pull-wsem
-rwxrwxr-x 1 cc cc      32 Mar 27 14:50 sem.matrix-push-rsem
-rwxrwxr-x 1 cc cc      32 Mar 27 14:50 sem.matrix-push-wsem
 === clean up ===
total 0
total 0
 === done ===
 *============== Launching remote tsd at 8 =============* 
 ====== tsd launch complete. You have 1 tsd instance. ====== 
cc        93251  0.0  0.0 144504  5052 ?        Sl   14:53   0:00 /home/cc/Synergy4/s4c00/cmake-build-debug/sng_tsd /home/cc/Synergy4/s4c00/etc/sng8.json /home/cc/Synergy4/s4c00/etc/synergy-log.conf
cc        93253  0.0  0.0  12944   952 ?        S    14:53   0:00 grep sng_tsd
 ============================================================ 
 === before clean up === 
~~~~~~ ls -l /tmp
total 12
-rw------- 1 cc cc 3838 Mar 27 14:53 synergy4_p2pmd_86290.log
-rw------- 1 cc cc  770 Mar 27 14:50 synergy4_parser_86290.log
-rw------- 1 cc cc 3973 Mar 27 14:52 synergy4_tsd_86290.log
srwxrwxr-x 1 cc cc    0 Mar 27 14:50 tsd1
~~~~~~ ls -l /dev/shm
total 16
-rwxrwxr-x 1 cc cc 4000000 Mar 27 14:50 matrix-pull
-rwxrwxr-x 1 cc cc 4000000 Mar 27 14:50 matrix-push
-rwxrwxr-x 1 cc cc      32 Mar 27 14:50 sem.matrix-pull-rsem
-rwxrwxr-x 1 cc cc      32 Mar 27 14:50 sem.matrix-pull-wsem
-rwxrwxr-x 1 cc cc      32 Mar 27 14:50 sem.matrix-push-rsem
-rwxrwxr-x 1 cc cc      32 Mar 27 14:50 sem.matrix-push-wsem
 === clean up ===
total 0
total 0
 === done ===
 *============== Launching remote tsd at 9 =============* 
 ====== tsd launch complete. You have 1 tsd instance. ====== 
cc        86883  0.0  0.0 144504  6996 ?        Sl   14:53   0:00 /home/cc/Synergy4/s4c00/cmake-build-debug/sng_tsd /home/cc/Synergy4/s4c00/etc/sng9.json /home/cc/Synergy4/s4c00/etc/synergy-log.conf
cc        86885  0.0  0.0  12944  1084 ?        S    14:53   0:00 grep sng_tsd
 ============================================================ 
 === before clean up === 
~~~~~~ ls -l /tmp
total 12
-rw------- 1 cc cc 3438 Mar 27 14:53 synergy4_p2pmd_87243.log
-rw------- 1 cc cc  770 Mar 27 14:50 synergy4_parser_87243.log
-rw------- 1 cc cc 3973 Mar 27 14:52 synergy4_tsd_87243.log
srwxrwxr-x 1 cc cc    0 Mar 27 14:50 tsd1
~~~~~~ ls -l /dev/shm
total 16
-rwxrwxr-x 1 cc cc 4000000 Mar 27 14:50 matrix-pull
-rwxrwxr-x 1 cc cc 4000000 Mar 27 14:50 matrix-push
-rwxrwxr-x 1 cc cc      32 Mar 27 14:50 sem.matrix-pull-rsem
-rwxrwxr-x 1 cc cc      32 Mar 27 14:50 sem.matrix-pull-wsem
-rwxrwxr-x 1 cc cc      32 Mar 27 14:50 sem.matrix-push-rsem
-rwxrwxr-x 1 cc cc      32 Mar 27 14:50 sem.matrix-push-wsem
 === clean up ===
total 0
total 0
 === done ===
 *============== Launching remote tsd at 10 =============* 
 ====== tsd launch complete. You have 1 tsd instance. ====== 
cc        87841  0.0  0.0 144504  9148 ?        Sl   14:53   0:00 /home/cc/Synergy4/s4c00/cmake-build-debug/sng_tsd /home/cc/Synergy4/s4c00/etc/sng10.json /home/cc/Synergy4/s4c00/etc/synergy-log.conf
cc        87843  0.0  0.0  12944  1012 ?        S    14:53   0:00 grep sng_tsd
 ============================================================ 
 === before clean up === 
~~~~~~ ls -l /tmp
total 12
-rw------- 1 cc cc 3439 Mar 27 14:53 synergy4_p2pmd_86573.log
-rw------- 1 cc cc  772 Mar 27 14:50 synergy4_parser_86573.log
-rw------- 1 cc cc 3973 Mar 27 14:52 synergy4_tsd_86573.log
srwxrwxr-x 1 cc cc    0 Mar 27 14:50 tsd1
~~~~~~ ls -l /dev/shm
total 16
-rwxrwxr-x 1 cc cc 4000000 Mar 27 14:50 matrix-pull
-rwxrwxr-x 1 cc cc 4000000 Mar 27 14:50 matrix-push
-rwxrwxr-x 1 cc cc      32 Mar 27 14:50 sem.matrix-pull-rsem
-rwxrwxr-x 1 cc cc      32 Mar 27 14:50 sem.matrix-pull-wsem
-rwxrwxr-x 1 cc cc      32 Mar 27 14:50 sem.matrix-push-rsem
-rwxrwxr-x 1 cc cc      32 Mar 27 14:50 sem.matrix-push-wsem
 === clean up ===
total 0
total 0
 === done ===
 *============== Launching remote tsd at 11 =============* 
 ====== tsd launch complete. You have 1 tsd instance. ====== 
cc        87170  0.0  0.0 144504  7056 ?        Sl   14:53   0:00 /home/cc/Synergy4/s4c00/cmake-build-debug/sng_tsd /home/cc/Synergy4/s4c00/etc/sng11.json /home/cc/Synergy4/s4c00/etc/synergy-log.conf
cc        87172  0.0  0.0  12944   928 ?        S    14:53   0:00 grep sng_tsd
 ============================================================ 
 === before clean up === 
~~~~~~ ls -l /tmp
total 12
-rw------- 1 cc cc 3438 Mar 27 14:53 synergy4_p2pmd_87168.log
-rw------- 1 cc cc  770 Mar 27 14:50 synergy4_parser_87168.log
-rw------- 1 cc cc 3973 Mar 27 14:52 synergy4_tsd_87168.log
srwxrwxr-x 1 cc cc    0 Mar 27 14:50 tsd1
~~~~~~ ls -l /dev/shm
total 16
-rwxrwxr-x 1 cc cc 4000000 Mar 27 14:50 matrix-pull
-rwxrwxr-x 1 cc cc 4000000 Mar 27 14:50 matrix-push
-rwxrwxr-x 1 cc cc      32 Mar 27 14:50 sem.matrix-pull-rsem
-rwxrwxr-x 1 cc cc      32 Mar 27 14:50 sem.matrix-pull-wsem
-rwxrwxr-x 1 cc cc      32 Mar 27 14:50 sem.matrix-push-rsem
-rwxrwxr-x 1 cc cc      32 Mar 27 14:50 sem.matrix-push-wsem
 === clean up ===
total 0
total 0
 === done ===
 *============== Launching remote tsd at 12 =============* 
 ====== tsd launch complete. You have 1 tsd instance. ====== 
cc        87755  0.0  0.0 144504  4988 ?        Sl   14:53   0:00 /home/cc/Synergy4/s4c00/cmake-build-debug/sng_tsd /home/cc/Synergy4/s4c00/etc/sng12.json /home/cc/Synergy4/s4c00/etc/synergy-log.conf
cc        87757  0.0  0.0  12944  1012 ?        S    14:53   0:00 grep sng_tsd
 ============================================================ 
