 === before clean up === 
~~~~~~ ls -l /tmp
total 1920
-rw------- 1 cc cc 1397116 Mar 27 15:31 synergy4_132709.log
-rw------- 1 cc cc   22489 Mar 27 15:31 synergy4_p2pmd_132709.log
-rw------- 1 cc cc     768 Mar 27 15:28 synergy4_parser_132709.log
-rw------- 1 cc cc  536163 Mar 27 15:31 synergy4_tsd_132709.log
srwxrwxr-x 1 cc cc       0 Mar 27 15:28 tsd1
~~~~~~ ls -l /dev/shm
total 7832
-rwxrwxr-x 1 cc cc 4000000 Mar 27 15:30 matrix-pull
-rwxrwxr-x 1 cc cc 4000000 Mar 27 15:30 matrix-push
-rwxrwxr-x 1 cc cc      32 Mar 27 15:28 sem.matrix-pull-rsem
-rwxrwxr-x 1 cc cc      32 Mar 27 15:28 sem.matrix-pull-wsem
-rwxrwxr-x 1 cc cc      32 Mar 27 15:28 sem.matrix-push-rsem
-rwxrwxr-x 1 cc cc      32 Mar 27 15:28 sem.matrix-push-wsem
 === clean up ===
total 0
total 0
 === done ===
 *============== Launching remote tsd at 1 =============* 
 ====== tsd launch complete. You have 1 tsd instance. ====== 
cc       133255  0.0  0.0 144504  5012 ?        Sl   15:31   0:00 /home/cc/Synergy4/s4c00/cmake-build-debug/sng_tsd /home/cc/Synergy4/s4c00/etc/sng1.json /home/cc/Synergy4/s4c00/etc/synergy-log.conf
cc       133257  0.0  0.0  12944  1008 ?        S    15:31   0:00 grep sng_tsd
 ============================================================ 
 === before clean up === 
~~~~~~ ls -l /tmp
total 28
-rw------- 1 cc cc 14043 Mar 27 15:31 synergy4_p2pmd_122677.log
-rw------- 1 cc cc   768 Mar 27 15:28 synergy4_parser_122677.log
-rw------- 1 cc cc  7107 Mar 27 15:31 synergy4_tsd_122677.log
srwxrwxr-x 1 cc cc     0 Mar 27 15:28 tsd1
~~~~~~ ls -l /dev/shm
total 16
-rwxrwxr-x 1 cc cc 4000000 Mar 27 15:28 matrix-pull
-rwxrwxr-x 1 cc cc 4000000 Mar 27 15:28 matrix-push
-rwxrwxr-x 1 cc cc      32 Mar 27 15:28 sem.matrix-pull-rsem
-rwxrwxr-x 1 cc cc      32 Mar 27 15:28 sem.matrix-pull-wsem
-rwxrwxr-x 1 cc cc      32 Mar 27 15:28 sem.matrix-push-rsem
-rwxrwxr-x 1 cc cc      32 Mar 27 15:28 sem.matrix-push-wsem
 === clean up ===
total 0
total 0
 === done ===
 *============== Launching remote tsd at 2 =============* 
 ====== tsd launch complete. You have 1 tsd instance. ====== 
cc       123272  0.0  0.0 144504  7032 ?        Sl   15:31   0:00 /home/cc/Synergy4/s4c00/cmake-build-debug/sng_tsd /home/cc/Synergy4/s4c00/etc/sng2.json /home/cc/Synergy4/s4c00/etc/synergy-log.conf
cc       123274  0.0  0.0  12944   940 ?        S    15:31   0:00 grep sng_tsd
 ============================================================ 
 === before clean up === 
~~~~~~ ls -l /tmp
total 28
-rw------- 1 cc cc 14142 Mar 27 15:31 synergy4_p2pmd_121962.log
-rw------- 1 cc cc   764 Mar 27 15:28 synergy4_parser_121962.log
-rw------- 1 cc cc  7107 Mar 27 15:31 synergy4_tsd_121962.log
srwxrwxr-x 1 cc cc     0 Mar 27 15:28 tsd1
~~~~~~ ls -l /dev/shm
total 16
-rwxrwxr-x 1 cc cc 4000000 Mar 27 15:28 matrix-pull
-rwxrwxr-x 1 cc cc 4000000 Mar 27 15:28 matrix-push
-rwxrwxr-x 1 cc cc      32 Mar 27 15:28 sem.matrix-pull-rsem
-rwxrwxr-x 1 cc cc      32 Mar 27 15:28 sem.matrix-pull-wsem
-rwxrwxr-x 1 cc cc      32 Mar 27 15:28 sem.matrix-push-rsem
-rwxrwxr-x 1 cc cc      32 Mar 27 15:28 sem.matrix-push-wsem
 === clean up ===
total 0
total 0
 === done ===
 *============== Launching remote tsd at 3 =============* 
 ====== tsd launch complete. You have 1 tsd instance. ====== 
cc       122566  0.0  0.0 144504  4984 ?        Sl   15:31   0:00 /home/cc/Synergy4/s4c00/cmake-build-debug/sng_tsd /home/cc/Synergy4/s4c00/etc/sng3.json /home/cc/Synergy4/s4c00/etc/synergy-log.conf
cc       122568  0.0  0.0  12944   984 ?        S    15:31   0:00 grep sng_tsd
 ============================================================ 
 === before clean up === 
~~~~~~ ls -l /tmp
total 16
-rw------- 1 cc cc 4406 Mar 27 15:31 synergy4_p2pmd_105966.log
-rw------- 1 cc cc  768 Mar 27 15:28 synergy4_parser_105966.log
-rw------- 1 cc cc 4009 Mar 27 15:29 synergy4_tsd_105966.log
srwxrwxr-x 1 cc cc    0 Mar 27 15:28 tsd1
~~~~~~ ls -l /dev/shm
total 16
-rwxrwxr-x 1 cc cc 4000000 Mar 27 15:28 matrix-pull
-rwxrwxr-x 1 cc cc 4000000 Mar 27 15:28 matrix-push
-rwxrwxr-x 1 cc cc      32 Mar 27 15:28 sem.matrix-pull-rsem
-rwxrwxr-x 1 cc cc      32 Mar 27 15:28 sem.matrix-pull-wsem
-rwxrwxr-x 1 cc cc      32 Mar 27 15:28 sem.matrix-push-rsem
-rwxrwxr-x 1 cc cc      32 Mar 27 15:28 sem.matrix-push-wsem
 === clean up ===
total 0
total 0
 === done ===
 *============== Launching remote tsd at 4 =============* 
 ====== tsd launch complete. You have 1 tsd instance. ====== 
cc       106550  0.0  0.0 144504  7088 ?        Sl   15:31   0:00 /home/cc/Synergy4/s4c00/cmake-build-debug/sng_tsd /home/cc/Synergy4/s4c00/etc/sng4.json /home/cc/Synergy4/s4c00/etc/synergy-log.conf
cc       106552  0.0  0.0  12944  1028 ?        S    15:31   0:00 grep sng_tsd
 ============================================================ 
 === before clean up === 
~~~~~~ ls -l /tmp
total 16
-rw------- 1 cc cc 4406 Mar 27 15:31 synergy4_p2pmd_104774.log
-rw------- 1 cc cc  768 Mar 27 15:28 synergy4_parser_104774.log
-rw------- 1 cc cc 4009 Mar 27 15:29 synergy4_tsd_104774.log
srwxrwxr-x 1 cc cc    0 Mar 27 15:28 tsd1
~~~~~~ ls -l /dev/shm
total 16
-rwxrwxr-x 1 cc cc 4000000 Mar 27 15:28 matrix-pull
-rwxrwxr-x 1 cc cc 4000000 Mar 27 15:28 matrix-push
-rwxrwxr-x 1 cc cc      32 Mar 27 15:28 sem.matrix-pull-rsem
-rwxrwxr-x 1 cc cc      32 Mar 27 15:28 sem.matrix-pull-wsem
-rwxrwxr-x 1 cc cc      32 Mar 27 15:28 sem.matrix-push-rsem
-rwxrwxr-x 1 cc cc      32 Mar 27 15:28 sem.matrix-push-wsem
 === clean up ===
total 0
total 0
 === done ===
 *============== Launching remote tsd at 5 =============* 
 ====== tsd launch complete. You have 1 tsd instance. ====== 
cc       105365  0.0  0.0 144504  5012 ?        Sl   15:31   0:00 /home/cc/Synergy4/s4c00/cmake-build-debug/sng_tsd /home/cc/Synergy4/s4c00/etc/sng5.json /home/cc/Synergy4/s4c00/etc/synergy-log.conf
cc       105367  0.0  0.0  12944  1040 ?        S    15:31   0:00 grep sng_tsd
 ============================================================ 
 === before clean up === 
~~~~~~ ls -l /tmp
total 16
-rw------- 1 cc cc 4406 Mar 27 15:31 synergy4_p2pmd_104489.log
-rw------- 1 cc cc  768 Mar 27 15:28 synergy4_parser_104489.log
-rw------- 1 cc cc 4009 Mar 27 15:29 synergy4_tsd_104489.log
srwxrwxr-x 1 cc cc    0 Mar 27 15:28 tsd1
~~~~~~ ls -l /dev/shm
total 16
-rwxrwxr-x 1 cc cc 4000000 Mar 27 15:28 matrix-pull
-rwxrwxr-x 1 cc cc 4000000 Mar 27 15:28 matrix-push
-rwxrwxr-x 1 cc cc      32 Mar 27 15:28 sem.matrix-pull-rsem
-rwxrwxr-x 1 cc cc      32 Mar 27 15:28 sem.matrix-pull-wsem
-rwxrwxr-x 1 cc cc      32 Mar 27 15:28 sem.matrix-push-rsem
-rwxrwxr-x 1 cc cc      32 Mar 27 15:28 sem.matrix-push-wsem
 === clean up ===
total 0
total 0
 === done ===
 *============== Launching remote tsd at 6 =============* 
 ====== tsd launch complete. You have 1 tsd instance. ====== 
cc       105085  0.0  0.0 144504  4968 ?        Sl   15:31   0:00 /home/cc/Synergy4/s4c00/cmake-build-debug/sng_tsd /home/cc/Synergy4/s4c00/etc/sng6.json /home/cc/Synergy4/s4c00/etc/synergy-log.conf
cc       105087  0.0  0.0  12944  1008 ?        S    15:31   0:00 grep sng_tsd
 ============================================================ 
 === before clean up === 
~~~~~~ ls -l /tmp
total 16
-rw------- 1 cc cc 4406 Mar 27 15:31 synergy4_p2pmd_100158.log
-rw------- 1 cc cc  768 Mar 27 15:28 synergy4_parser_100158.log
-rw------- 1 cc cc 4009 Mar 27 15:29 synergy4_tsd_100158.log
srwxrwxr-x 1 cc cc    0 Mar 27 15:28 tsd1
~~~~~~ ls -l /dev/shm
total 16
-rwxrwxr-x 1 cc cc 4000000 Mar 27 15:28 matrix-pull
-rwxrwxr-x 1 cc cc 4000000 Mar 27 15:28 matrix-push
-rwxrwxr-x 1 cc cc      32 Mar 27 15:28 sem.matrix-pull-rsem
-rwxrwxr-x 1 cc cc      32 Mar 27 15:28 sem.matrix-pull-wsem
-rwxrwxr-x 1 cc cc      32 Mar 27 15:28 sem.matrix-push-rsem
-rwxrwxr-x 1 cc cc      32 Mar 27 15:28 sem.matrix-push-wsem
 === clean up ===
total 0
total 0
 === done ===
 *============== Launching remote tsd at 7 =============* 
 ====== tsd launch complete. You have 1 tsd instance. ====== 
cc       100750  0.0  0.0 144504  5056 ?        Sl   15:31   0:00 /home/cc/Synergy4/s4c00/cmake-build-debug/sng_tsd /home/cc/Synergy4/s4c00/etc/sng7.json /home/cc/Synergy4/s4c00/etc/synergy-log.conf
cc       100752  0.0  0.0  12944  1016 ?        S    15:31   0:00 grep sng_tsd
 ============================================================ 
 === before clean up === 
~~~~~~ ls -l /tmp
total 16
-rw------- 1 cc cc 4507 Mar 27 15:31 synergy4_p2pmd_100361.log
-rw------- 1 cc cc  768 Mar 27 15:28 synergy4_parser_100361.log
-rw------- 1 cc cc 4009 Mar 27 15:29 synergy4_tsd_100361.log
srwxrwxr-x 1 cc cc    0 Mar 27 15:28 tsd1
~~~~~~ ls -l /dev/shm
total 16
-rwxrwxr-x 1 cc cc 4000000 Mar 27 15:28 matrix-pull
-rwxrwxr-x 1 cc cc 4000000 Mar 27 15:28 matrix-push
-rwxrwxr-x 1 cc cc      32 Mar 27 15:28 sem.matrix-pull-rsem
-rwxrwxr-x 1 cc cc      32 Mar 27 15:28 sem.matrix-pull-wsem
-rwxrwxr-x 1 cc cc      32 Mar 27 15:28 sem.matrix-push-rsem
-rwxrwxr-x 1 cc cc      32 Mar 27 15:28 sem.matrix-push-wsem
 === clean up ===
total 0
total 0
 === done ===
 *============== Launching remote tsd at 8 =============* 
 ====== tsd launch complete. You have 1 tsd instance. ====== 
cc       100959  0.0  0.0 144504  4984 ?        Sl   15:31   0:00 /home/cc/Synergy4/s4c00/cmake-build-debug/sng_tsd /home/cc/Synergy4/s4c00/etc/sng8.json /home/cc/Synergy4/s4c00/etc/synergy-log.conf
cc       100961  0.0  0.0  12944   960 ?        S    15:31   0:00 grep sng_tsd
 ============================================================ 
 === before clean up === 
~~~~~~ ls -l /tmp
total 16
-rw------- 1 cc cc 4668 Mar 27 15:31 synergy4_p2pmd_93998.log
-rw------- 1 cc cc  770 Mar 27 15:28 synergy4_parser_93998.log
-rw------- 1 cc cc 3973 Mar 27 15:29 synergy4_tsd_93998.log
srwxrwxr-x 1 cc cc    0 Mar 27 15:28 tsd1
~~~~~~ ls -l /dev/shm
total 16
-rwxrwxr-x 1 cc cc 4000000 Mar 27 15:28 matrix-pull
-rwxrwxr-x 1 cc cc 4000000 Mar 27 15:28 matrix-push
-rwxrwxr-x 1 cc cc      32 Mar 27 15:28 sem.matrix-pull-rsem
-rwxrwxr-x 1 cc cc      32 Mar 27 15:28 sem.matrix-pull-wsem
-rwxrwxr-x 1 cc cc      32 Mar 27 15:28 sem.matrix-push-rsem
-rwxrwxr-x 1 cc cc      32 Mar 27 15:28 sem.matrix-push-wsem
 === clean up ===
total 0
total 0
 === done ===
 *============== Launching remote tsd at 9 =============* 
 ====== tsd launch complete. You have 1 tsd instance. ====== 
cc        94591  0.0  0.0 144504  6988 ?        Sl   15:31   0:00 /home/cc/Synergy4/s4c00/cmake-build-debug/sng_tsd /home/cc/Synergy4/s4c00/etc/sng9.json /home/cc/Synergy4/s4c00/etc/synergy-log.conf
cc        94593  0.0  0.0  12944  1032 ?        S    15:31   0:00 grep sng_tsd
 ============================================================ 
 === before clean up === 
~~~~~~ ls -l /tmp
total 16
-rw------- 1 cc cc 4468 Mar 27 15:31 synergy4_p2pmd_94958.log
-rw------- 1 cc cc  770 Mar 27 15:28 synergy4_parser_94958.log
-rw------- 1 cc cc 3973 Mar 27 15:29 synergy4_tsd_94958.log
srwxrwxr-x 1 cc cc    0 Mar 27 15:28 tsd1
~~~~~~ ls -l /dev/shm
total 16
-rwxrwxr-x 1 cc cc 4000000 Mar 27 15:28 matrix-pull
-rwxrwxr-x 1 cc cc 4000000 Mar 27 15:28 matrix-push
-rwxrwxr-x 1 cc cc      32 Mar 27 15:28 sem.matrix-pull-rsem
-rwxrwxr-x 1 cc cc      32 Mar 27 15:28 sem.matrix-pull-wsem
-rwxrwxr-x 1 cc cc      32 Mar 27 15:28 sem.matrix-push-rsem
-rwxrwxr-x 1 cc cc      32 Mar 27 15:28 sem.matrix-push-wsem
 === clean up ===
total 0
total 0
 === done ===
 *============== Launching remote tsd at 10 =============* 
 ====== tsd launch complete. You have 1 tsd instance. ====== 
cc        95556  0.0  0.0 144504  5088 ?        Sl   15:31   0:00 /home/cc/Synergy4/s4c00/cmake-build-debug/sng_tsd /home/cc/Synergy4/s4c00/etc/sng10.json /home/cc/Synergy4/s4c00/etc/synergy-log.conf
cc        95558  0.0  0.0  12944  1004 ?        S    15:31   0:00 grep sng_tsd
 ============================================================ 
 === before clean up === 
~~~~~~ ls -l /tmp
total 16
-rw------- 1 cc cc 4469 Mar 27 15:31 synergy4_p2pmd_94306.log
-rw------- 1 cc cc  772 Mar 27 15:28 synergy4_parser_94306.log
-rw------- 1 cc cc 3973 Mar 27 15:29 synergy4_tsd_94306.log
srwxrwxr-x 1 cc cc    0 Mar 27 15:28 tsd1
~~~~~~ ls -l /dev/shm
total 16
-rwxrwxr-x 1 cc cc 4000000 Mar 27 15:28 matrix-pull
-rwxrwxr-x 1 cc cc 4000000 Mar 27 15:28 matrix-push
-rwxrwxr-x 1 cc cc      32 Mar 27 15:28 sem.matrix-pull-rsem
-rwxrwxr-x 1 cc cc      32 Mar 27 15:28 sem.matrix-pull-wsem
-rwxrwxr-x 1 cc cc      32 Mar 27 15:28 sem.matrix-push-rsem
-rwxrwxr-x 1 cc cc      32 Mar 27 15:28 sem.matrix-push-wsem
 === clean up ===
total 0
total 0
 === done ===
 *============== Launching remote tsd at 11 =============* 
 ====== tsd launch complete. You have 1 tsd instance. ====== 
cc        94903  0.0  0.0 144504  7032 ?        Sl   15:31   0:00 /home/cc/Synergy4/s4c00/cmake-build-debug/sng_tsd /home/cc/Synergy4/s4c00/etc/sng11.json /home/cc/Synergy4/s4c00/etc/synergy-log.conf
cc        94905  0.0  0.0  12944   936 ?        S    15:31   0:00 grep sng_tsd
 ============================================================ 
 === before clean up === 
~~~~~~ ls -l /tmp
total 28
-rw------- 1 cc cc 17084 Mar 27 15:31 synergy4_p2pmd_94885.log
-rw------- 1 cc cc   770 Mar 27 15:28 synergy4_parser_94885.log
-rw------- 1 cc cc  3973 Mar 27 15:29 synergy4_tsd_94885.log
srwxrwxr-x 1 cc cc     0 Mar 27 15:28 tsd1
~~~~~~ ls -l /dev/shm
total 16
-rwxrwxr-x 1 cc cc 4000000 Mar 27 15:28 matrix-pull
-rwxrwxr-x 1 cc cc 4000000 Mar 27 15:28 matrix-push
-rwxrwxr-x 1 cc cc      32 Mar 27 15:28 sem.matrix-pull-rsem
-rwxrwxr-x 1 cc cc      32 Mar 27 15:28 sem.matrix-pull-wsem
-rwxrwxr-x 1 cc cc      32 Mar 27 15:28 sem.matrix-push-rsem
-rwxrwxr-x 1 cc cc      32 Mar 27 15:28 sem.matrix-push-wsem
 === clean up ===
total 0
total 0
 === done ===
 *============== Launching remote tsd at 12 =============* 
 ====== tsd launch complete. You have 1 tsd instance. ====== 
cc        95468  0.0  0.0 144504  7108 ?        Sl   15:31   0:00 /home/cc/Synergy4/s4c00/cmake-build-debug/sng_tsd /home/cc/Synergy4/s4c00/etc/sng12.json /home/cc/Synergy4/s4c00/etc/synergy-log.conf
cc        95470  0.0  0.0  12944   964 ?        S    15:31   0:00 grep sng_tsd
 ============================================================ 
