 === before clean up === 
~~~~~~ ls -l /tmp
total 1920
-rw------- 1 cc cc 1423262 Mar 27 15:35 synergy4_133255.log
-rw------- 1 cc cc   14532 Mar 27 15:35 synergy4_p2pmd_133255.log
-rw------- 1 cc cc     768 Mar 27 15:31 synergy4_parser_133255.log
-rw------- 1 cc cc  518975 Mar 27 15:35 synergy4_tsd_133255.log
srwxrwxr-x 1 cc cc       0 Mar 27 15:31 tsd1
~~~~~~ ls -l /dev/shm
total 7832
-rwxrwxr-x 1 cc cc 4000000 Mar 27 15:33 matrix-pull
-rwxrwxr-x 1 cc cc 4000000 Mar 27 15:33 matrix-push
-rwxrwxr-x 1 cc cc      32 Mar 27 15:31 sem.matrix-pull-rsem
-rwxrwxr-x 1 cc cc      32 Mar 27 15:31 sem.matrix-pull-wsem
-rwxrwxr-x 1 cc cc      32 Mar 27 15:31 sem.matrix-push-rsem
-rwxrwxr-x 1 cc cc      32 Mar 27 15:31 sem.matrix-push-wsem
 === clean up ===
total 0
total 0
 === done ===
 *============== Launching remote tsd at 1 =============* 
 ====== tsd launch complete. You have 1 tsd instance. ====== 
cc       133792  0.0  0.0 144504  7016 ?        Sl   15:35   0:00 /home/cc/Synergy4/s4c00/cmake-build-debug/sng_tsd /home/cc/Synergy4/s4c00/etc/sng1.json /home/cc/Synergy4/s4c00/etc/synergy-log.conf
cc       133794  0.0  0.0  12944  1084 ?        S    15:35   0:00 grep sng_tsd
 ============================================================ 
 === before clean up === 
~~~~~~ ls -l /tmp
total 28
-rw------- 1 cc cc 14977 Mar 27 15:35 synergy4_p2pmd_123272.log
-rw------- 1 cc cc   768 Mar 27 15:31 synergy4_parser_123272.log
-rw------- 1 cc cc  7107 Mar 27 15:35 synergy4_tsd_123272.log
srwxrwxr-x 1 cc cc     0 Mar 27 15:31 tsd1
~~~~~~ ls -l /dev/shm
total 16
-rwxrwxr-x 1 cc cc 4000000 Mar 27 15:31 matrix-pull
-rwxrwxr-x 1 cc cc 4000000 Mar 27 15:31 matrix-push
-rwxrwxr-x 1 cc cc      32 Mar 27 15:31 sem.matrix-pull-rsem
-rwxrwxr-x 1 cc cc      32 Mar 27 15:31 sem.matrix-pull-wsem
-rwxrwxr-x 1 cc cc      32 Mar 27 15:31 sem.matrix-push-rsem
-rwxrwxr-x 1 cc cc      32 Mar 27 15:31 sem.matrix-push-wsem
 === clean up ===
total 0
total 0
 === done ===
 *============== Launching remote tsd at 2 =============* 
 ====== tsd launch complete. You have 1 tsd instance. ====== 
cc       123869  0.0  0.0 144504  5056 ?        Sl   15:35   0:00 /home/cc/Synergy4/s4c00/cmake-build-debug/sng_tsd /home/cc/Synergy4/s4c00/etc/sng2.json /home/cc/Synergy4/s4c00/etc/synergy-log.conf
cc       123871  0.0  0.0  12944  1008 ?        S    15:35   0:00 grep sng_tsd
 ============================================================ 
 === before clean up === 
~~~~~~ ls -l /tmp
total 28
-rw------- 1 cc cc 14972 Mar 27 15:35 synergy4_p2pmd_122566.log
-rw------- 1 cc cc   764 Mar 27 15:31 synergy4_parser_122566.log
-rw------- 1 cc cc  7107 Mar 27 15:35 synergy4_tsd_122566.log
srwxrwxr-x 1 cc cc     0 Mar 27 15:31 tsd1
~~~~~~ ls -l /dev/shm
total 16
-rwxrwxr-x 1 cc cc 4000000 Mar 27 15:31 matrix-pull
-rwxrwxr-x 1 cc cc 4000000 Mar 27 15:31 matrix-push
-rwxrwxr-x 1 cc cc      32 Mar 27 15:31 sem.matrix-pull-rsem
-rwxrwxr-x 1 cc cc      32 Mar 27 15:31 sem.matrix-pull-wsem
-rwxrwxr-x 1 cc cc      32 Mar 27 15:31 sem.matrix-push-rsem
-rwxrwxr-x 1 cc cc      32 Mar 27 15:31 sem.matrix-push-wsem
 === clean up ===
total 0
total 0
 === done ===
 *============== Launching remote tsd at 3 =============* 
 ====== tsd launch complete. You have 1 tsd instance. ====== 
cc       123161  0.0  0.0 144504  7064 ?        Sl   15:35   0:00 /home/cc/Synergy4/s4c00/cmake-build-debug/sng_tsd /home/cc/Synergy4/s4c00/etc/sng3.json /home/cc/Synergy4/s4c00/etc/synergy-log.conf
cc       123163  0.0  0.0  12944  1032 ?        S    15:35   0:00 grep sng_tsd
 ============================================================ 
 === before clean up === 
~~~~~~ ls -l /tmp
total 16
-rw------- 1 cc cc 4926 Mar 27 15:35 synergy4_p2pmd_106550.log
-rw------- 1 cc cc  768 Mar 27 15:31 synergy4_parser_106550.log
-rw------- 1 cc cc 4009 Mar 27 15:33 synergy4_tsd_106550.log
srwxrwxr-x 1 cc cc    0 Mar 27 15:31 tsd1
~~~~~~ ls -l /dev/shm
total 16
-rwxrwxr-x 1 cc cc 4000000 Mar 27 15:31 matrix-pull
-rwxrwxr-x 1 cc cc 4000000 Mar 27 15:31 matrix-push
-rwxrwxr-x 1 cc cc      32 Mar 27 15:31 sem.matrix-pull-rsem
-rwxrwxr-x 1 cc cc      32 Mar 27 15:31 sem.matrix-pull-wsem
-rwxrwxr-x 1 cc cc      32 Mar 27 15:31 sem.matrix-push-rsem
-rwxrwxr-x 1 cc cc      32 Mar 27 15:31 sem.matrix-push-wsem
 === clean up ===
total 0
total 0
 === done ===
 *============== Launching remote tsd at 4 =============* 
 ====== tsd launch complete. You have 1 tsd instance. ====== 
cc       107155  0.0  0.0 144504  6956 ?        Sl   15:35   0:00 /home/cc/Synergy4/s4c00/cmake-build-debug/sng_tsd /home/cc/Synergy4/s4c00/etc/sng4.json /home/cc/Synergy4/s4c00/etc/synergy-log.conf
cc       107157  0.0  0.0  12944   936 ?        S    15:35   0:00 grep sng_tsd
 ============================================================ 
 === before clean up === 
~~~~~~ ls -l /tmp
total 16
-rw------- 1 cc cc 4926 Mar 27 15:35 synergy4_p2pmd_105365.log
-rw------- 1 cc cc  768 Mar 27 15:31 synergy4_parser_105365.log
-rw------- 1 cc cc 4009 Mar 27 15:33 synergy4_tsd_105365.log
srwxrwxr-x 1 cc cc    0 Mar 27 15:31 tsd1
~~~~~~ ls -l /dev/shm
total 16
-rwxrwxr-x 1 cc cc 4000000 Mar 27 15:31 matrix-pull
-rwxrwxr-x 1 cc cc 4000000 Mar 27 15:31 matrix-push
-rwxrwxr-x 1 cc cc      32 Mar 27 15:31 sem.matrix-pull-rsem
-rwxrwxr-x 1 cc cc      32 Mar 27 15:31 sem.matrix-pull-wsem
-rwxrwxr-x 1 cc cc      32 Mar 27 15:31 sem.matrix-push-rsem
-rwxrwxr-x 1 cc cc      32 Mar 27 15:31 sem.matrix-push-wsem
 === clean up ===
total 0
total 0
 === done ===
 *============== Launching remote tsd at 5 =============* 
 ====== tsd launch complete. You have 1 tsd instance. ====== 
cc       105963  0.0  0.0 144504  6960 ?        Sl   15:35   0:00 /home/cc/Synergy4/s4c00/cmake-build-debug/sng_tsd /home/cc/Synergy4/s4c00/etc/sng5.json /home/cc/Synergy4/s4c00/etc/synergy-log.conf
cc       105965  0.0  0.0  12944  1020 ?        S    15:35   0:00 grep sng_tsd
 ============================================================ 
 === before clean up === 
~~~~~~ ls -l /tmp
total 16
-rw------- 1 cc cc 5030 Mar 27 15:35 synergy4_p2pmd_105085.log
-rw------- 1 cc cc  768 Mar 27 15:31 synergy4_parser_105085.log
-rw------- 1 cc cc 4009 Mar 27 15:33 synergy4_tsd_105085.log
srwxrwxr-x 1 cc cc    0 Mar 27 15:31 tsd1
~~~~~~ ls -l /dev/shm
total 16
-rwxrwxr-x 1 cc cc 4000000 Mar 27 15:31 matrix-pull
-rwxrwxr-x 1 cc cc 4000000 Mar 27 15:31 matrix-push
-rwxrwxr-x 1 cc cc      32 Mar 27 15:31 sem.matrix-pull-rsem
-rwxrwxr-x 1 cc cc      32 Mar 27 15:31 sem.matrix-pull-wsem
-rwxrwxr-x 1 cc cc      32 Mar 27 15:31 sem.matrix-push-rsem
-rwxrwxr-x 1 cc cc      32 Mar 27 15:31 sem.matrix-push-wsem
 === clean up ===
total 0
total 0
 === done ===
 *============== Launching remote tsd at 6 =============* 
 ====== tsd launch complete. You have 1 tsd instance. ====== 
cc       105687  0.0  0.0 144504  5008 ?        Sl   15:35   0:00 /home/cc/Synergy4/s4c00/cmake-build-debug/sng_tsd /home/cc/Synergy4/s4c00/etc/sng6.json /home/cc/Synergy4/s4c00/etc/synergy-log.conf
cc       105689  0.0  0.0  12944  1020 ?        S    15:35   0:00 grep sng_tsd
 ============================================================ 
 === before clean up === 
~~~~~~ ls -l /tmp
total 16
-rw------- 1 cc cc 5030 Mar 27 15:35 synergy4_p2pmd_100750.log
-rw------- 1 cc cc  768 Mar 27 15:31 synergy4_parser_100750.log
-rw------- 1 cc cc 4009 Mar 27 15:33 synergy4_tsd_100750.log
srwxrwxr-x 1 cc cc    0 Mar 27 15:31 tsd1
~~~~~~ ls -l /dev/shm
total 16
-rwxrwxr-x 1 cc cc 4000000 Mar 27 15:31 matrix-pull
-rwxrwxr-x 1 cc cc 4000000 Mar 27 15:31 matrix-push
-rwxrwxr-x 1 cc cc      32 Mar 27 15:31 sem.matrix-pull-rsem
-rwxrwxr-x 1 cc cc      32 Mar 27 15:31 sem.matrix-pull-wsem
-rwxrwxr-x 1 cc cc      32 Mar 27 15:31 sem.matrix-push-rsem
-rwxrwxr-x 1 cc cc      32 Mar 27 15:31 sem.matrix-push-wsem
 === clean up ===
total 0
total 0
 === done ===
 *============== Launching remote tsd at 7 =============* 
 ====== tsd launch complete. You have 1 tsd instance. ====== 
cc       101352  0.0  0.0 144504  4984 ?        Sl   15:35   0:00 /home/cc/Synergy4/s4c00/cmake-build-debug/sng_tsd /home/cc/Synergy4/s4c00/etc/sng7.json /home/cc/Synergy4/s4c00/etc/synergy-log.conf
cc       101354  0.0  0.0  12944   980 ?        S    15:35   0:00 grep sng_tsd
 ============================================================ 
 === before clean up === 
~~~~~~ ls -l /tmp
total 16
-rw------- 1 cc cc 5030 Mar 27 15:35 synergy4_p2pmd_100959.log
-rw------- 1 cc cc  768 Mar 27 15:31 synergy4_parser_100959.log
-rw------- 1 cc cc 4009 Mar 27 15:33 synergy4_tsd_100959.log
srwxrwxr-x 1 cc cc    0 Mar 27 15:31 tsd1
~~~~~~ ls -l /dev/shm
total 16
-rwxrwxr-x 1 cc cc 4000000 Mar 27 15:31 matrix-pull
-rwxrwxr-x 1 cc cc 4000000 Mar 27 15:31 matrix-push
-rwxrwxr-x 1 cc cc      32 Mar 27 15:31 sem.matrix-pull-rsem
-rwxrwxr-x 1 cc cc      32 Mar 27 15:31 sem.matrix-pull-wsem
-rwxrwxr-x 1 cc cc      32 Mar 27 15:31 sem.matrix-push-rsem
-rwxrwxr-x 1 cc cc      32 Mar 27 15:31 sem.matrix-push-wsem
 === clean up ===
total 0
total 0
 === done ===
 *============== Launching remote tsd at 8 =============* 
 ====== tsd launch complete. You have 1 tsd instance. ====== 
cc       101560  0.0  0.0 144504  7008 ?        Sl   15:35   0:00 /home/cc/Synergy4/s4c00/cmake-build-debug/sng_tsd /home/cc/Synergy4/s4c00/etc/sng8.json /home/cc/Synergy4/s4c00/etc/synergy-log.conf
cc       101562  0.0  0.0  12944   948 ?        S    15:35   0:00 grep sng_tsd
 ============================================================ 
 === before clean up === 
~~~~~~ ls -l /tmp
total 16
-rw------- 1 cc cc 4983 Mar 27 15:35 synergy4_p2pmd_94591.log
-rw------- 1 cc cc  770 Mar 27 15:31 synergy4_parser_94591.log
-rw------- 1 cc cc 3973 Mar 27 15:33 synergy4_tsd_94591.log
srwxrwxr-x 1 cc cc    0 Mar 27 15:31 tsd1
~~~~~~ ls -l /dev/shm
total 16
-rwxrwxr-x 1 cc cc 4000000 Mar 27 15:31 matrix-pull
-rwxrwxr-x 1 cc cc 4000000 Mar 27 15:31 matrix-push
-rwxrwxr-x 1 cc cc      32 Mar 27 15:31 sem.matrix-pull-rsem
-rwxrwxr-x 1 cc cc      32 Mar 27 15:31 sem.matrix-pull-wsem
-rwxrwxr-x 1 cc cc      32 Mar 27 15:31 sem.matrix-push-rsem
-rwxrwxr-x 1 cc cc      32 Mar 27 15:31 sem.matrix-push-wsem
 === clean up ===
total 0
total 0
 === done ===
 *============== Launching remote tsd at 9 =============* 
 ====== tsd launch complete. You have 1 tsd instance. ====== 
cc        95182  0.0  0.0 144504  5000 ?        Sl   15:35   0:00 /home/cc/Synergy4/s4c00/cmake-build-debug/sng_tsd /home/cc/Synergy4/s4c00/etc/sng9.json /home/cc/Synergy4/s4c00/etc/synergy-log.conf
cc        95184  0.0  0.0  12944   924 ?        S    15:35   0:00 grep sng_tsd
 ============================================================ 
 === before clean up === 
~~~~~~ ls -l /tmp
total 16
-rw------- 1 cc cc 4983 Mar 27 15:35 synergy4_p2pmd_95556.log
-rw------- 1 cc cc  770 Mar 27 15:31 synergy4_parser_95556.log
-rw------- 1 cc cc 3973 Mar 27 15:33 synergy4_tsd_95556.log
srwxrwxr-x 1 cc cc    0 Mar 27 15:31 tsd1
~~~~~~ ls -l /dev/shm
total 16
-rwxrwxr-x 1 cc cc 4000000 Mar 27 15:31 matrix-pull
-rwxrwxr-x 1 cc cc 4000000 Mar 27 15:31 matrix-push
-rwxrwxr-x 1 cc cc      32 Mar 27 15:31 sem.matrix-pull-rsem
-rwxrwxr-x 1 cc cc      32 Mar 27 15:31 sem.matrix-pull-wsem
-rwxrwxr-x 1 cc cc      32 Mar 27 15:31 sem.matrix-push-rsem
-rwxrwxr-x 1 cc cc      32 Mar 27 15:31 sem.matrix-push-wsem
 === clean up ===
total 0
total 0
 === done ===
 *============== Launching remote tsd at 10 =============* 
 ====== tsd launch complete. You have 1 tsd instance. ====== 
cc        96148  0.0  0.0 144504  4944 ?        Sl   15:35   0:00 /home/cc/Synergy4/s4c00/cmake-build-debug/sng_tsd /home/cc/Synergy4/s4c00/etc/sng10.json /home/cc/Synergy4/s4c00/etc/synergy-log.conf
cc        96150  0.0  0.0  12944   928 ?        S    15:35   0:00 grep sng_tsd
 ============================================================ 
 === before clean up === 
~~~~~~ ls -l /tmp
total 16
-rw------- 1 cc cc 4984 Mar 27 15:35 synergy4_p2pmd_94903.log
-rw------- 1 cc cc  772 Mar 27 15:31 synergy4_parser_94903.log
-rw------- 1 cc cc 3973 Mar 27 15:33 synergy4_tsd_94903.log
srwxrwxr-x 1 cc cc    0 Mar 27 15:31 tsd1
~~~~~~ ls -l /dev/shm
total 16
-rwxrwxr-x 1 cc cc 4000000 Mar 27 15:31 matrix-pull
-rwxrwxr-x 1 cc cc 4000000 Mar 27 15:31 matrix-push
-rwxrwxr-x 1 cc cc      32 Mar 27 15:31 sem.matrix-pull-rsem
-rwxrwxr-x 1 cc cc      32 Mar 27 15:31 sem.matrix-pull-wsem
-rwxrwxr-x 1 cc cc      32 Mar 27 15:31 sem.matrix-push-rsem
-rwxrwxr-x 1 cc cc      32 Mar 27 15:31 sem.matrix-push-wsem
 === clean up ===
total 0
total 0
 === done ===
 *============== Launching remote tsd at 11 =============* 
 ====== tsd launch complete. You have 1 tsd instance. ====== 
cc        95497  0.0  0.0 144504  4932 ?        Sl   15:35   0:00 /home/cc/Synergy4/s4c00/cmake-build-debug/sng_tsd /home/cc/Synergy4/s4c00/etc/sng11.json /home/cc/Synergy4/s4c00/etc/synergy-log.conf
cc        95499  0.0  0.0  12944   924 ?        S    15:35   0:00 grep sng_tsd
 ============================================================ 
 === before clean up === 
~~~~~~ ls -l /tmp
total 16
-rw------- 1 cc cc 5086 Mar 27 15:35 synergy4_p2pmd_95468.log
-rw------- 1 cc cc  770 Mar 27 15:31 synergy4_parser_95468.log
-rw------- 1 cc cc 3973 Mar 27 15:33 synergy4_tsd_95468.log
srwxrwxr-x 1 cc cc    0 Mar 27 15:31 tsd1
~~~~~~ ls -l /dev/shm
total 16
-rwxrwxr-x 1 cc cc 4000000 Mar 27 15:31 matrix-pull
-rwxrwxr-x 1 cc cc 4000000 Mar 27 15:31 matrix-push
-rwxrwxr-x 1 cc cc      32 Mar 27 15:31 sem.matrix-pull-rsem
-rwxrwxr-x 1 cc cc      32 Mar 27 15:31 sem.matrix-pull-wsem
-rwxrwxr-x 1 cc cc      32 Mar 27 15:31 sem.matrix-push-rsem
-rwxrwxr-x 1 cc cc      32 Mar 27 15:31 sem.matrix-push-wsem
 === clean up ===
total 0
total 0
 === done ===
 *============== Launching remote tsd at 12 =============* 
 ====== tsd launch complete. You have 1 tsd instance. ====== 
cc        96064  0.0  0.0 144504  5008 ?        Sl   15:35   0:00 /home/cc/Synergy4/s4c00/cmake-build-debug/sng_tsd /home/cc/Synergy4/s4c00/etc/sng12.json /home/cc/Synergy4/s4c00/etc/synergy-log.conf
cc        96066  0.0  0.0  12944  1020 ?        S    15:35   0:00 grep sng_tsd
 ============================================================ 
