 === before clean up === 
~~~~~~ ls -l /tmp
total 1820
-rw------- 1 cc cc 1400420 Mar 27 16:42 synergy4_144012.log
-rw------- 1 cc cc   24143 Mar 27 16:42 synergy4_p2pmd_144012.log
-rw------- 1 cc cc     768 Mar 27 16:38 synergy4_parser_144012.log
-rw------- 1 cc cc  429269 Mar 27 16:42 synergy4_tsd_144012.log
srwxrwxr-x 1 cc cc       0 Mar 27 16:38 tsd1
~~~~~~ ls -l /dev/shm
total 7832
-rwxrwxr-x 1 cc cc 4000000 Mar 27 16:41 matrix-pull
-rwxrwxr-x 1 cc cc 4000000 Mar 27 16:41 matrix-push
-rwxrwxr-x 1 cc cc      32 Mar 27 16:38 sem.matrix-pull-rsem
-rwxrwxr-x 1 cc cc      32 Mar 27 16:38 sem.matrix-pull-wsem
-rwxrwxr-x 1 cc cc      32 Mar 27 16:38 sem.matrix-push-rsem
-rwxrwxr-x 1 cc cc      32 Mar 27 16:38 sem.matrix-push-wsem
 === clean up ===
total 0
total 0
 === done ===
 *============== Launching remote tsd at 1 =============* 
 ====== tsd launch complete. You have 1 tsd instance. ====== 
cc       144544  0.0  0.0 144504  6956 ?        Sl   16:42   0:00 /home/cc/Synergy4/s4c00/cmake-build-debug/sng_tsd /home/cc/Synergy4/s4c00/etc/sng1.json /home/cc/Synergy4/s4c00/etc/synergy-log.conf
cc       144546  0.0  0.0  12944   932 ?        S    16:42   0:00 grep sng_tsd
 ============================================================ 
 === before clean up === 
~~~~~~ ls -l /tmp
total 28
-rw------- 1 cc cc 15395 Mar 27 16:42 synergy4_p2pmd_134586.log
-rw------- 1 cc cc   768 Mar 27 16:38 synergy4_parser_134586.log
-rw------- 1 cc cc  7107 Mar 27 16:42 synergy4_tsd_134586.log
srwxrwxr-x 1 cc cc     0 Mar 27 16:38 tsd1
~~~~~~ ls -l /dev/shm
total 16
-rwxrwxr-x 1 cc cc 4000000 Mar 27 16:38 matrix-pull
-rwxrwxr-x 1 cc cc 4000000 Mar 27 16:38 matrix-push
-rwxrwxr-x 1 cc cc      32 Mar 27 16:38 sem.matrix-pull-rsem
-rwxrwxr-x 1 cc cc      32 Mar 27 16:38 sem.matrix-pull-wsem
-rwxrwxr-x 1 cc cc      32 Mar 27 16:38 sem.matrix-push-rsem
-rwxrwxr-x 1 cc cc      32 Mar 27 16:38 sem.matrix-push-wsem
 === clean up ===
total 0
total 0
 === done ===
 *============== Launching remote tsd at 2 =============* 
 ====== tsd launch complete. You have 1 tsd instance. ====== 
cc       135190  0.0  0.0 144504  7060 ?        Sl   16:42   0:00 /home/cc/Synergy4/s4c00/cmake-build-debug/sng_tsd /home/cc/Synergy4/s4c00/etc/sng2.json /home/cc/Synergy4/s4c00/etc/synergy-log.conf
cc       135192  0.0  0.0  12944  1012 ?        S    16:42   0:00 grep sng_tsd
 ============================================================ 
 === before clean up === 
~~~~~~ ls -l /tmp
total 28
-rw------- 1 cc cc 16097 Mar 27 16:42 synergy4_p2pmd_133866.log
-rw------- 1 cc cc   764 Mar 27 16:38 synergy4_parser_133866.log
-rw------- 1 cc cc  7107 Mar 27 16:42 synergy4_tsd_133866.log
srwxrwxr-x 1 cc cc     0 Mar 27 16:38 tsd1
~~~~~~ ls -l /dev/shm
total 16
-rwxrwxr-x 1 cc cc 4000000 Mar 27 16:38 matrix-pull
-rwxrwxr-x 1 cc cc 4000000 Mar 27 16:38 matrix-push
-rwxrwxr-x 1 cc cc      32 Mar 27 16:38 sem.matrix-pull-rsem
-rwxrwxr-x 1 cc cc      32 Mar 27 16:38 sem.matrix-pull-wsem
-rwxrwxr-x 1 cc cc      32 Mar 27 16:38 sem.matrix-push-rsem
-rwxrwxr-x 1 cc cc      32 Mar 27 16:38 sem.matrix-push-wsem
 === clean up ===
total 0
total 0
 === done ===
 *============== Launching remote tsd at 3 =============* 
 ====== tsd launch complete. You have 1 tsd instance. ====== 
cc       134468  0.0  0.0 144504  4984 ?        Sl   16:42   0:00 /home/cc/Synergy4/s4c00/cmake-build-debug/sng_tsd /home/cc/Synergy4/s4c00/etc/sng3.json /home/cc/Synergy4/s4c00/etc/synergy-log.conf
cc       134470  0.0  0.0  12944   980 ?        S    16:42   0:00 grep sng_tsd
 ============================================================ 
 === before clean up === 
~~~~~~ ls -l /tmp
total 16
-rw------- 1 cc cc 5238 Mar 27 16:42 synergy4_p2pmd_117890.log
-rw------- 1 cc cc  768 Mar 27 16:38 synergy4_parser_117890.log
-rw------- 1 cc cc 4009 Mar 27 16:40 synergy4_tsd_117890.log
srwxrwxr-x 1 cc cc    0 Mar 27 16:38 tsd1
~~~~~~ ls -l /dev/shm
total 16
-rwxrwxr-x 1 cc cc 4000000 Mar 27 16:38 matrix-pull
-rwxrwxr-x 1 cc cc 4000000 Mar 27 16:38 matrix-push
-rwxrwxr-x 1 cc cc      32 Mar 27 16:38 sem.matrix-pull-rsem
-rwxrwxr-x 1 cc cc      32 Mar 27 16:38 sem.matrix-pull-wsem
-rwxrwxr-x 1 cc cc      32 Mar 27 16:38 sem.matrix-push-rsem
-rwxrwxr-x 1 cc cc      32 Mar 27 16:38 sem.matrix-push-wsem
 === clean up ===
total 0
total 0
 === done ===
 *============== Launching remote tsd at 4 =============* 
 ====== tsd launch complete. You have 1 tsd instance. ====== 
cc       118495  0.0  0.0 144504  4992 ?        Sl   16:42   0:00 /home/cc/Synergy4/s4c00/cmake-build-debug/sng_tsd /home/cc/Synergy4/s4c00/etc/sng4.json /home/cc/Synergy4/s4c00/etc/synergy-log.conf
cc       118497  0.0  0.0  12944  1016 ?        S    16:42   0:00 grep sng_tsd
 ============================================================ 
 === before clean up === 
~~~~~~ ls -l /tmp
total 16
-rw------- 1 cc cc 5238 Mar 27 16:42 synergy4_p2pmd_116671.log
-rw------- 1 cc cc  768 Mar 27 16:38 synergy4_parser_116671.log
-rw------- 1 cc cc 4009 Mar 27 16:40 synergy4_tsd_116671.log
srwxrwxr-x 1 cc cc    0 Mar 27 16:38 tsd1
~~~~~~ ls -l /dev/shm
total 16
-rwxrwxr-x 1 cc cc 4000000 Mar 27 16:38 matrix-pull
-rwxrwxr-x 1 cc cc 4000000 Mar 27 16:38 matrix-push
-rwxrwxr-x 1 cc cc      32 Mar 27 16:38 sem.matrix-pull-rsem
-rwxrwxr-x 1 cc cc      32 Mar 27 16:38 sem.matrix-pull-wsem
-rwxrwxr-x 1 cc cc      32 Mar 27 16:38 sem.matrix-push-rsem
-rwxrwxr-x 1 cc cc      32 Mar 27 16:38 sem.matrix-push-wsem
 === clean up ===
total 0
total 0
 === done ===
 *============== Launching remote tsd at 5 =============* 
 ====== tsd launch complete. You have 1 tsd instance. ====== 
cc       117264  0.0  0.0 144504  4960 ?        Sl   16:42   0:00 /home/cc/Synergy4/s4c00/cmake-build-debug/sng_tsd /home/cc/Synergy4/s4c00/etc/sng5.json /home/cc/Synergy4/s4c00/etc/synergy-log.conf
cc       117266  0.0  0.0  12944  1012 ?        S    16:42   0:00 grep sng_tsd
 ============================================================ 
 === before clean up === 
~~~~~~ ls -l /tmp
total 16
-rw------- 1 cc cc 5238 Mar 27 16:42 synergy4_p2pmd_116423.log
-rw------- 1 cc cc  768 Mar 27 16:38 synergy4_parser_116423.log
-rw------- 1 cc cc 4009 Mar 27 16:40 synergy4_tsd_116423.log
srwxrwxr-x 1 cc cc    0 Mar 27 16:38 tsd1
~~~~~~ ls -l /dev/shm
total 16
-rwxrwxr-x 1 cc cc 4000000 Mar 27 16:38 matrix-pull
-rwxrwxr-x 1 cc cc 4000000 Mar 27 16:38 matrix-push
-rwxrwxr-x 1 cc cc      32 Mar 27 16:38 sem.matrix-pull-rsem
-rwxrwxr-x 1 cc cc      32 Mar 27 16:38 sem.matrix-pull-wsem
-rwxrwxr-x 1 cc cc      32 Mar 27 16:38 sem.matrix-push-rsem
-rwxrwxr-x 1 cc cc      32 Mar 27 16:38 sem.matrix-push-wsem
 === clean up ===
total 0
total 0
 === done ===
 *============== Launching remote tsd at 6 =============* 
 ====== tsd launch complete. You have 1 tsd instance. ====== 
cc       117012  0.0  0.0 144504  5116 ?        Sl   16:42   0:00 /home/cc/Synergy4/s4c00/cmake-build-debug/sng_tsd /home/cc/Synergy4/s4c00/etc/sng6.json /home/cc/Synergy4/s4c00/etc/synergy-log.conf
cc       117014  0.0  0.0  12944   936 ?        S    16:42   0:00 grep sng_tsd
 ============================================================ 
 === before clean up === 
~~~~~~ ls -l /tmp
total 16
-rw------- 1 cc cc 5238 Mar 27 16:42 synergy4_p2pmd_112074.log
-rw------- 1 cc cc  768 Mar 27 16:38 synergy4_parser_112074.log
-rw------- 1 cc cc 4009 Mar 27 16:40 synergy4_tsd_112074.log
srwxrwxr-x 1 cc cc    0 Mar 27 16:38 tsd1
~~~~~~ ls -l /dev/shm
total 16
-rwxrwxr-x 1 cc cc 4000000 Mar 27 16:38 matrix-pull
-rwxrwxr-x 1 cc cc 4000000 Mar 27 16:38 matrix-push
-rwxrwxr-x 1 cc cc      32 Mar 27 16:38 sem.matrix-pull-rsem
-rwxrwxr-x 1 cc cc      32 Mar 27 16:38 sem.matrix-pull-wsem
-rwxrwxr-x 1 cc cc      32 Mar 27 16:38 sem.matrix-push-rsem
-rwxrwxr-x 1 cc cc      32 Mar 27 16:38 sem.matrix-push-wsem
 === clean up ===
total 0
total 0
 === done ===
 *============== Launching remote tsd at 7 =============* 
 ====== tsd launch complete. You have 1 tsd instance. ====== 
cc       112669  0.0  0.0 144504  4900 ?        Sl   16:42   0:00 /home/cc/Synergy4/s4c00/cmake-build-debug/sng_tsd /home/cc/Synergy4/s4c00/etc/sng7.json /home/cc/Synergy4/s4c00/etc/synergy-log.conf
cc       112671  0.0  0.0  12944  1012 ?        S    16:42   0:00 grep sng_tsd
 ============================================================ 
 === before clean up === 
~~~~~~ ls -l /tmp
total 16
-rw------- 1 cc cc 5238 Mar 27 16:42 synergy4_p2pmd_112274.log
-rw------- 1 cc cc  768 Mar 27 16:38 synergy4_parser_112274.log
-rw------- 1 cc cc 4009 Mar 27 16:40 synergy4_tsd_112274.log
srwxrwxr-x 1 cc cc    0 Mar 27 16:38 tsd1
~~~~~~ ls -l /dev/shm
total 16
-rwxrwxr-x 1 cc cc 4000000 Mar 27 16:38 matrix-pull
-rwxrwxr-x 1 cc cc 4000000 Mar 27 16:38 matrix-push
-rwxrwxr-x 1 cc cc      32 Mar 27 16:38 sem.matrix-pull-rsem
-rwxrwxr-x 1 cc cc      32 Mar 27 16:38 sem.matrix-pull-wsem
-rwxrwxr-x 1 cc cc      32 Mar 27 16:38 sem.matrix-push-rsem
-rwxrwxr-x 1 cc cc      32 Mar 27 16:38 sem.matrix-push-wsem
 === clean up ===
total 0
total 0
 === done ===
 *============== Launching remote tsd at 8 =============* 
 ====== tsd launch complete. You have 1 tsd instance. ====== 
cc       112872  0.0  0.0 144504  7100 ?        Sl   16:42   0:00 /home/cc/Synergy4/s4c00/cmake-build-debug/sng_tsd /home/cc/Synergy4/s4c00/etc/sng8.json /home/cc/Synergy4/s4c00/etc/synergy-log.conf
cc       112874  0.0  0.0  12944   960 ?        S    16:42   0:00 grep sng_tsd
 ============================================================ 
 === before clean up === 
~~~~~~ ls -l /tmp
total 16
-rw------- 1 cc cc 5545 Mar 27 16:42 synergy4_p2pmd_105919.log
-rw------- 1 cc cc  770 Mar 27 16:38 synergy4_parser_105919.log
-rw------- 1 cc cc 4009 Mar 27 16:40 synergy4_tsd_105919.log
srwxrwxr-x 1 cc cc    0 Mar 27 16:38 tsd1
~~~~~~ ls -l /dev/shm
total 16
-rwxrwxr-x 1 cc cc 4000000 Mar 27 16:38 matrix-pull
-rwxrwxr-x 1 cc cc 4000000 Mar 27 16:38 matrix-push
-rwxrwxr-x 1 cc cc      32 Mar 27 16:38 sem.matrix-pull-rsem
-rwxrwxr-x 1 cc cc      32 Mar 27 16:38 sem.matrix-pull-wsem
-rwxrwxr-x 1 cc cc      32 Mar 27 16:38 sem.matrix-push-rsem
-rwxrwxr-x 1 cc cc      32 Mar 27 16:38 sem.matrix-push-wsem
 === clean up ===
total 0
total 0
 === done ===
 *============== Launching remote tsd at 9 =============* 
 ====== tsd launch complete. You have 1 tsd instance. ====== 
cc       106509  0.0  0.0 144504  7064 ?        Sl   16:42   0:00 /home/cc/Synergy4/s4c00/cmake-build-debug/sng_tsd /home/cc/Synergy4/s4c00/etc/sng9.json /home/cc/Synergy4/s4c00/etc/synergy-log.conf
cc       106511  0.0  0.0  12944   964 ?        S    16:42   0:00 grep sng_tsd
 ============================================================ 
 === before clean up === 
~~~~~~ ls -l /tmp
total 16
-rw------- 1 cc cc 5343 Mar 27 16:42 synergy4_p2pmd_106930.log
-rw------- 1 cc cc  770 Mar 27 16:38 synergy4_parser_106930.log
-rw------- 1 cc cc 4009 Mar 27 16:40 synergy4_tsd_106930.log
srwxrwxr-x 1 cc cc    0 Mar 27 16:38 tsd1
~~~~~~ ls -l /dev/shm
total 16
-rwxrwxr-x 1 cc cc 4000000 Mar 27 16:38 matrix-pull
-rwxrwxr-x 1 cc cc 4000000 Mar 27 16:38 matrix-push
-rwxrwxr-x 1 cc cc      32 Mar 27 16:38 sem.matrix-pull-rsem
-rwxrwxr-x 1 cc cc      32 Mar 27 16:38 sem.matrix-pull-wsem
-rwxrwxr-x 1 cc cc      32 Mar 27 16:38 sem.matrix-push-rsem
-rwxrwxr-x 1 cc cc      32 Mar 27 16:38 sem.matrix-push-wsem
 === clean up ===
total 0
total 0
 === done ===
 *============== Launching remote tsd at 10 =============* 
 ====== tsd launch complete. You have 1 tsd instance. ====== 
cc       107527  0.0  0.0 144504  5032 ?        Sl   16:42   0:00 /home/cc/Synergy4/s4c00/cmake-build-debug/sng_tsd /home/cc/Synergy4/s4c00/etc/sng10.json /home/cc/Synergy4/s4c00/etc/synergy-log.conf
cc       107529  0.0  0.0  12944  1088 ?        S    16:42   0:00 grep sng_tsd
 ============================================================ 
 === before clean up === 
~~~~~~ ls -l /tmp
total 16
-rw------- 1 cc cc 5344 Mar 27 16:42 synergy4_p2pmd_106249.log
-rw------- 1 cc cc  772 Mar 27 16:38 synergy4_parser_106249.log
-rw------- 1 cc cc 4009 Mar 27 16:40 synergy4_tsd_106249.log
srwxrwxr-x 1 cc cc    0 Mar 27 16:38 tsd1
~~~~~~ ls -l /dev/shm
total 16
-rwxrwxr-x 1 cc cc 4000000 Mar 27 16:38 matrix-pull
-rwxrwxr-x 1 cc cc 4000000 Mar 27 16:38 matrix-push
-rwxrwxr-x 1 cc cc      32 Mar 27 16:38 sem.matrix-pull-rsem
-rwxrwxr-x 1 cc cc      32 Mar 27 16:38 sem.matrix-pull-wsem
-rwxrwxr-x 1 cc cc      32 Mar 27 16:38 sem.matrix-push-rsem
-rwxrwxr-x 1 cc cc      32 Mar 27 16:38 sem.matrix-push-wsem
 === clean up ===
total 0
total 0
 === done ===
 *============== Launching remote tsd at 11 =============* 
 ====== tsd launch complete. You have 1 tsd instance. ====== 
cc       106848  0.0  0.0 144504  7044 ?        Sl   16:42   0:00 /home/cc/Synergy4/s4c00/cmake-build-debug/sng_tsd /home/cc/Synergy4/s4c00/etc/sng11.json /home/cc/Synergy4/s4c00/etc/synergy-log.conf
cc       106850  0.0  0.0  12944  1012 ?        S    16:42   0:00 grep sng_tsd
 ============================================================ 
 === before clean up === 
~~~~~~ ls -l /tmp
total 20
-rw------- 1 cc cc 9990 Mar 27 16:42 synergy4_p2pmd_106797.log
-rw------- 1 cc cc  770 Mar 27 16:38 synergy4_parser_106797.log
-rw------- 1 cc cc 4009 Mar 27 16:40 synergy4_tsd_106797.log
srwxrwxr-x 1 cc cc    0 Mar 27 16:38 tsd1
~~~~~~ ls -l /dev/shm
total 16
-rwxrwxr-x 1 cc cc 4000000 Mar 27 16:38 matrix-pull
-rwxrwxr-x 1 cc cc 4000000 Mar 27 16:38 matrix-push
-rwxrwxr-x 1 cc cc      32 Mar 27 16:38 sem.matrix-pull-rsem
-rwxrwxr-x 1 cc cc      32 Mar 27 16:38 sem.matrix-pull-wsem
-rwxrwxr-x 1 cc cc      32 Mar 27 16:38 sem.matrix-push-rsem
-rwxrwxr-x 1 cc cc      32 Mar 27 16:38 sem.matrix-push-wsem
 === clean up ===
total 0
total 0
 === done ===
 *============== Launching remote tsd at 12 =============* 
 ====== tsd launch complete. You have 1 tsd instance. ====== 
cc       107401  0.0  0.0 144504  7032 ?        Sl   16:42   0:00 /home/cc/Synergy4/s4c00/cmake-build-debug/sng_tsd /home/cc/Synergy4/s4c00/etc/sng12.json /home/cc/Synergy4/s4c00/etc/synergy-log.conf
cc       107403  0.0  0.0  12944   988 ?        S    16:42   0:00 grep sng_tsd
 ============================================================ 
