 === before clean up === 
~~~~~~ ls -l /tmp
total 1324
-rw------- 1 cc cc 815186 Mar 27 14:04 synergy4_114240.log
-rw------- 1 cc cc   8364 Mar 27 14:04 synergy4_p2pmd_114240.log
-rw------- 1 cc cc    768 Mar 27 14:02 synergy4_parser_114240.log
-rw------- 1 cc cc 519833 Mar 27 14:04 synergy4_tsd_114240.log
srwxrwxr-x 1 cc cc      0 Mar 27 14:02 tsd1
~~~~~~ ls -l /dev/shm
total 7832
-rwxrwxr-x 1 cc cc 4000000 Mar 27 14:03 matrix-pull
-rwxrwxr-x 1 cc cc 4000000 Mar 27 14:03 matrix-push
-rwxrwxr-x 1 cc cc      32 Mar 27 14:02 sem.matrix-pull-rsem
-rwxrwxr-x 1 cc cc      32 Mar 27 14:02 sem.matrix-pull-wsem
-rwxrwxr-x 1 cc cc      32 Mar 27 14:02 sem.matrix-push-rsem
-rwxrwxr-x 1 cc cc      32 Mar 27 14:02 sem.matrix-push-wsem
 === clean up ===
total 0
total 0
 === done ===
 *============== Launching remote tsd at 1 =============* 
 ====== tsd launch complete. You have 1 tsd instance. ====== 
cc       114780  0.0  0.0 144504  7104 ?        Sl   14:04   0:00 /home/cc/Synergy4/s4c00/cmake-build-debug/sng_tsd /home/cc/Synergy4/s4c00/etc/sng1.json /home/cc/Synergy4/s4c00/etc/synergy-log.conf
cc       114782  0.0  0.0  12944   940 ?        S    14:04   0:00 grep sng_tsd
 ============================================================ 
 === before clean up === 
~~~~~~ ls -l /tmp
total 28
-rw------- 1 cc cc 16082 Mar 27 14:04 synergy4_p2pmd_102600.log
-rw------- 1 cc cc   768 Mar 27 14:02 synergy4_parser_102600.log
-rw------- 1 cc cc  7107 Mar 27 14:04 synergy4_tsd_102600.log
srwxrwxr-x 1 cc cc     0 Mar 27 14:02 tsd1
~~~~~~ ls -l /dev/shm
total 16
-rwxrwxr-x 1 cc cc 4000000 Mar 27 14:02 matrix-pull
-rwxrwxr-x 1 cc cc 4000000 Mar 27 14:02 matrix-push
-rwxrwxr-x 1 cc cc      32 Mar 27 14:02 sem.matrix-pull-rsem
-rwxrwxr-x 1 cc cc      32 Mar 27 14:02 sem.matrix-pull-wsem
-rwxrwxr-x 1 cc cc      32 Mar 27 14:02 sem.matrix-push-rsem
-rwxrwxr-x 1 cc cc      32 Mar 27 14:02 sem.matrix-push-wsem
 === clean up ===
total 0
total 0
 === done ===
 *============== Launching remote tsd at 2 =============* 
 ====== tsd launch complete. You have 1 tsd instance. ====== 
cc       103191  0.0  0.0 144504  6996 ?        Sl   14:04   0:00 /home/cc/Synergy4/s4c00/cmake-build-debug/sng_tsd /home/cc/Synergy4/s4c00/etc/sng2.json /home/cc/Synergy4/s4c00/etc/synergy-log.conf
cc       103193  0.0  0.0  12944   968 ?        S    14:04   0:00 grep sng_tsd
 ============================================================ 
 === before clean up === 
~~~~~~ ls -l /tmp
total 24
-rw------- 1 cc cc 11633 Mar 27 14:04 synergy4_p2pmd_101871.log
-rw------- 1 cc cc   764 Mar 27 14:02 synergy4_parser_101871.log
-rw------- 1 cc cc  7107 Mar 27 14:04 synergy4_tsd_101871.log
srwxrwxr-x 1 cc cc     0 Mar 27 14:02 tsd1
~~~~~~ ls -l /dev/shm
total 16
-rwxrwxr-x 1 cc cc 4000000 Mar 27 14:02 matrix-pull
-rwxrwxr-x 1 cc cc 4000000 Mar 27 14:02 matrix-push
-rwxrwxr-x 1 cc cc      32 Mar 27 14:02 sem.matrix-pull-rsem
-rwxrwxr-x 1 cc cc      32 Mar 27 14:02 sem.matrix-pull-wsem
-rwxrwxr-x 1 cc cc      32 Mar 27 14:02 sem.matrix-push-rsem
-rwxrwxr-x 1 cc cc      32 Mar 27 14:02 sem.matrix-push-wsem
 === clean up ===
total 0
total 0
 === done ===
 *============== Launching remote tsd at 3 =============* 
 ====== tsd launch complete. You have 1 tsd instance. ====== 
cc       102467  0.0  0.0 144504  4988 ?        Sl   14:04   0:00 /home/cc/Synergy4/s4c00/cmake-build-debug/sng_tsd /home/cc/Synergy4/s4c00/etc/sng3.json /home/cc/Synergy4/s4c00/etc/synergy-log.conf
cc       102469  0.0  0.0  12944   984 ?        S    14:04   0:00 grep sng_tsd
 ============================================================ 
 === before clean up === 
~~~~~~ ls -l /tmp
total 12
-rw------- 1 cc cc 2510 Mar 27 14:04 synergy4_p2pmd_85592.log
-rw------- 1 cc cc  768 Mar 27 14:02 synergy4_parser_85592.log
-rw------- 1 cc cc 3973 Mar 27 14:03 synergy4_tsd_85592.log
srwxrwxr-x 1 cc cc    0 Mar 27 14:02 tsd1
~~~~~~ ls -l /dev/shm
total 16
-rwxrwxr-x 1 cc cc 4000000 Mar 27 14:02 matrix-pull
-rwxrwxr-x 1 cc cc 4000000 Mar 27 14:02 matrix-push
-rwxrwxr-x 1 cc cc      32 Mar 27 14:02 sem.matrix-pull-rsem
-rwxrwxr-x 1 cc cc      32 Mar 27 14:02 sem.matrix-pull-wsem
-rwxrwxr-x 1 cc cc      32 Mar 27 14:02 sem.matrix-push-rsem
-rwxrwxr-x 1 cc cc      32 Mar 27 14:02 sem.matrix-push-wsem
 === clean up ===
total 0
total 0
 === done ===
 *============== Launching remote tsd at 4 =============* 
 ====== tsd launch complete. You have 1 tsd instance. ====== 
cc        86184  0.0  0.0 144504  7060 ?        Sl   14:04   0:00 /home/cc/Synergy4/s4c00/cmake-build-debug/sng_tsd /home/cc/Synergy4/s4c00/etc/sng4.json /home/cc/Synergy4/s4c00/etc/synergy-log.conf
cc        86186  0.0  0.0  12944   972 ?        S    14:04   0:00 grep sng_tsd
 ============================================================ 
 === before clean up === 
~~~~~~ ls -l /tmp
total 12
-rw------- 1 cc cc 2713 Mar 27 14:04 synergy4_p2pmd_84692.log
-rw------- 1 cc cc  768 Mar 27 14:02 synergy4_parser_84692.log
-rw------- 1 cc cc 3973 Mar 27 14:03 synergy4_tsd_84692.log
srwxrwxr-x 1 cc cc    0 Mar 27 14:02 tsd1
~~~~~~ ls -l /dev/shm
total 16
-rwxrwxr-x 1 cc cc 4000000 Mar 27 14:02 matrix-pull
-rwxrwxr-x 1 cc cc 4000000 Mar 27 14:02 matrix-push
-rwxrwxr-x 1 cc cc      32 Mar 27 14:02 sem.matrix-pull-rsem
-rwxrwxr-x 1 cc cc      32 Mar 27 14:02 sem.matrix-pull-wsem
-rwxrwxr-x 1 cc cc      32 Mar 27 14:02 sem.matrix-push-rsem
-rwxrwxr-x 1 cc cc      32 Mar 27 14:02 sem.matrix-push-wsem
 === clean up ===
total 0
total 0
 === done ===
 *============== Launching remote tsd at 5 =============* 
 ====== tsd launch complete. You have 1 tsd instance. ====== 
cc        85289  0.0  0.0 144504  7008 ?        Sl   14:04   0:00 /home/cc/Synergy4/s4c00/cmake-build-debug/sng_tsd /home/cc/Synergy4/s4c00/etc/sng5.json /home/cc/Synergy4/s4c00/etc/synergy-log.conf
cc        85291  0.0  0.0  12944  1020 ?        S    14:04   0:00 grep sng_tsd
 ============================================================ 
 === before clean up === 
~~~~~~ ls -l /tmp
total 12
-rw------- 1 cc cc 2613 Mar 27 14:04 synergy4_p2pmd_84364.log
-rw------- 1 cc cc  768 Mar 27 14:02 synergy4_parser_84364.log
-rw------- 1 cc cc 3973 Mar 27 14:03 synergy4_tsd_84364.log
srwxrwxr-x 1 cc cc    0 Mar 27 14:02 tsd1
~~~~~~ ls -l /dev/shm
total 16
-rwxrwxr-x 1 cc cc 4000000 Mar 27 14:02 matrix-pull
-rwxrwxr-x 1 cc cc 4000000 Mar 27 14:02 matrix-push
-rwxrwxr-x 1 cc cc      32 Mar 27 14:02 sem.matrix-pull-rsem
-rwxrwxr-x 1 cc cc      32 Mar 27 14:02 sem.matrix-pull-wsem
-rwxrwxr-x 1 cc cc      32 Mar 27 14:02 sem.matrix-push-rsem
-rwxrwxr-x 1 cc cc      32 Mar 27 14:02 sem.matrix-push-wsem
 === clean up ===
total 0
total 0
 === done ===
 *============== Launching remote tsd at 6 =============* 
 ====== tsd launch complete. You have 1 tsd instance. ====== 
cc        84961  0.0  0.0 144504  4908 ?        Sl   14:04   0:00 /home/cc/Synergy4/s4c00/cmake-build-debug/sng_tsd /home/cc/Synergy4/s4c00/etc/sng6.json /home/cc/Synergy4/s4c00/etc/synergy-log.conf
cc        84963  0.0  0.0  12944   976 ?        S    14:04   0:00 grep sng_tsd
 ============================================================ 
 === before clean up === 
~~~~~~ ls -l /tmp
total 12
-rw------- 1 cc cc 2613 Mar 27 14:04 synergy4_p2pmd_80077.log
-rw------- 1 cc cc  768 Mar 27 14:02 synergy4_parser_80077.log
-rw------- 1 cc cc 3973 Mar 27 14:03 synergy4_tsd_80077.log
srwxrwxr-x 1 cc cc    0 Mar 27 14:02 tsd1
~~~~~~ ls -l /dev/shm
total 16
-rwxrwxr-x 1 cc cc 4000000 Mar 27 14:02 matrix-pull
-rwxrwxr-x 1 cc cc 4000000 Mar 27 14:02 matrix-push
-rwxrwxr-x 1 cc cc      32 Mar 27 14:02 sem.matrix-pull-rsem
-rwxrwxr-x 1 cc cc      32 Mar 27 14:02 sem.matrix-pull-wsem
-rwxrwxr-x 1 cc cc      32 Mar 27 14:02 sem.matrix-push-rsem
-rwxrwxr-x 1 cc cc      32 Mar 27 14:02 sem.matrix-push-wsem
 === clean up ===
total 0
total 0
 === done ===
 *============== Launching remote tsd at 7 =============* 
 ====== tsd launch complete. You have 1 tsd instance. ====== 
cc        80667  0.0  0.0 144504  5056 ?        Sl   14:04   0:00 /home/cc/Synergy4/s4c00/cmake-build-debug/sng_tsd /home/cc/Synergy4/s4c00/etc/sng7.json /home/cc/Synergy4/s4c00/etc/synergy-log.conf
cc        80669  0.0  0.0  12944  1020 ?        S    14:04   0:00 grep sng_tsd
 ============================================================ 
 === before clean up === 
~~~~~~ ls -l /tmp
total 12
-rw------- 1 cc cc 2613 Mar 27 14:04 synergy4_p2pmd_80298.log
-rw------- 1 cc cc  768 Mar 27 14:02 synergy4_parser_80298.log
-rw------- 1 cc cc 3973 Mar 27 14:03 synergy4_tsd_80298.log
srwxrwxr-x 1 cc cc    0 Mar 27 14:02 tsd1
~~~~~~ ls -l /dev/shm
total 16
-rwxrwxr-x 1 cc cc 4000000 Mar 27 14:02 matrix-pull
-rwxrwxr-x 1 cc cc 4000000 Mar 27 14:02 matrix-push
-rwxrwxr-x 1 cc cc      32 Mar 27 14:02 sem.matrix-pull-rsem
-rwxrwxr-x 1 cc cc      32 Mar 27 14:02 sem.matrix-pull-wsem
-rwxrwxr-x 1 cc cc      32 Mar 27 14:02 sem.matrix-push-rsem
-rwxrwxr-x 1 cc cc      32 Mar 27 14:02 sem.matrix-push-wsem
 === clean up ===
total 0
total 0
 === done ===
 *============== Launching remote tsd at 8 =============* 
 ====== tsd launch complete. You have 1 tsd instance. ====== 
cc        80887  0.0  0.0 144504  5016 ?        Sl   14:04   0:00 /home/cc/Synergy4/s4c00/cmake-build-debug/sng_tsd /home/cc/Synergy4/s4c00/etc/sng8.json /home/cc/Synergy4/s4c00/etc/synergy-log.conf
cc        80889  0.0  0.0  12944  1016 ?        S    14:04   0:00 grep sng_tsd
 ============================================================ 
 === before clean up === 
~~~~~~ ls -l /tmp
total 12
-rw------- 1 cc cc 2614 Mar 27 14:04 synergy4_p2pmd_73908.log
-rw------- 1 cc cc  770 Mar 27 14:02 synergy4_parser_73908.log
-rw------- 1 cc cc 3973 Mar 27 14:03 synergy4_tsd_73908.log
srwxrwxr-x 1 cc cc    0 Mar 27 14:02 tsd1
~~~~~~ ls -l /dev/shm
total 16
-rwxrwxr-x 1 cc cc 4000000 Mar 27 14:02 matrix-pull
-rwxrwxr-x 1 cc cc 4000000 Mar 27 14:02 matrix-push
-rwxrwxr-x 1 cc cc      32 Mar 27 14:02 sem.matrix-pull-rsem
-rwxrwxr-x 1 cc cc      32 Mar 27 14:02 sem.matrix-pull-wsem
-rwxrwxr-x 1 cc cc      32 Mar 27 14:02 sem.matrix-push-rsem
-rwxrwxr-x 1 cc cc      32 Mar 27 14:02 sem.matrix-push-wsem
 === clean up ===
total 0
total 0
 === done ===
 *============== Launching remote tsd at 9 =============* 
 ====== tsd launch complete. You have 1 tsd instance. ====== 
cc        74499  0.0  0.0 144504  5016 ?        Sl   14:04   0:00 /home/cc/Synergy4/s4c00/cmake-build-debug/sng_tsd /home/cc/Synergy4/s4c00/etc/sng9.json /home/cc/Synergy4/s4c00/etc/synergy-log.conf
cc        74501  0.0  0.0  12944  1012 ?        S    14:04   0:00 grep sng_tsd
 ============================================================ 
 === before clean up === 
~~~~~~ ls -l /tmp
total 12
-rw------- 1 cc cc 2614 Mar 27 14:04 synergy4_p2pmd_74853.log
-rw------- 1 cc cc  770 Mar 27 14:02 synergy4_parser_74853.log
-rw------- 1 cc cc 3973 Mar 27 14:03 synergy4_tsd_74853.log
srwxrwxr-x 1 cc cc    0 Mar 27 14:02 tsd1
~~~~~~ ls -l /dev/shm
total 16
-rwxrwxr-x 1 cc cc 4000000 Mar 27 14:02 matrix-pull
-rwxrwxr-x 1 cc cc 4000000 Mar 27 14:02 matrix-push
-rwxrwxr-x 1 cc cc      32 Mar 27 14:02 sem.matrix-pull-rsem
-rwxrwxr-x 1 cc cc      32 Mar 27 14:02 sem.matrix-pull-wsem
-rwxrwxr-x 1 cc cc      32 Mar 27 14:02 sem.matrix-push-rsem
-rwxrwxr-x 1 cc cc      32 Mar 27 14:02 sem.matrix-push-wsem
 === clean up ===
total 0
total 0
 === done ===
 *============== Launching remote tsd at 10 =============* 
 ====== tsd launch complete. You have 1 tsd instance. ====== 
cc        75443  0.0  0.0 144504  5016 ?        Sl   14:04   0:00 /home/cc/Synergy4/s4c00/cmake-build-debug/sng_tsd /home/cc/Synergy4/s4c00/etc/sng10.json /home/cc/Synergy4/s4c00/etc/synergy-log.conf
cc        75445  0.0  0.0  12944   912 ?        S    14:04   0:00 grep sng_tsd
 ============================================================ 
 === before clean up === 
~~~~~~ ls -l /tmp
total 12
-rw------- 1 cc cc 2718 Mar 27 14:04 synergy4_p2pmd_74209.log
-rw------- 1 cc cc  772 Mar 27 14:02 synergy4_parser_74209.log
-rw------- 1 cc cc 3973 Mar 27 14:03 synergy4_tsd_74209.log
srwxrwxr-x 1 cc cc    0 Mar 27 14:02 tsd1
~~~~~~ ls -l /dev/shm
total 16
-rwxrwxr-x 1 cc cc 4000000 Mar 27 14:02 matrix-pull
-rwxrwxr-x 1 cc cc 4000000 Mar 27 14:02 matrix-push
-rwxrwxr-x 1 cc cc      32 Mar 27 14:02 sem.matrix-pull-rsem
-rwxrwxr-x 1 cc cc      32 Mar 27 14:02 sem.matrix-pull-wsem
-rwxrwxr-x 1 cc cc      32 Mar 27 14:02 sem.matrix-push-rsem
-rwxrwxr-x 1 cc cc      32 Mar 27 14:02 sem.matrix-push-wsem
 === clean up ===
total 0
total 0
 === done ===
 *============== Launching remote tsd at 11 =============* 
 ====== tsd launch complete. You have 1 tsd instance. ====== 
cc        74804  0.0  0.0 144504  4968 ?        Sl   14:04   0:00 /home/cc/Synergy4/s4c00/cmake-build-debug/sng_tsd /home/cc/Synergy4/s4c00/etc/sng11.json /home/cc/Synergy4/s4c00/etc/synergy-log.conf
cc        74806  0.0  0.0  12944  1028 ?        S    14:04   0:00 grep sng_tsd
 ============================================================ 
 === before clean up === 
~~~~~~ ls -l /tmp
total 12
-rw------- 1 cc cc 2717 Mar 27 14:04 synergy4_p2pmd_74809.log
-rw------- 1 cc cc  770 Mar 27 14:02 synergy4_parser_74809.log
-rw------- 1 cc cc 3973 Mar 27 14:03 synergy4_tsd_74809.log
srwxrwxr-x 1 cc cc    0 Mar 27 14:02 tsd1
~~~~~~ ls -l /dev/shm
total 16
-rwxrwxr-x 1 cc cc 4000000 Mar 27 14:02 matrix-pull
-rwxrwxr-x 1 cc cc 4000000 Mar 27 14:02 matrix-push
-rwxrwxr-x 1 cc cc      32 Mar 27 14:02 sem.matrix-pull-rsem
-rwxrwxr-x 1 cc cc      32 Mar 27 14:02 sem.matrix-pull-wsem
-rwxrwxr-x 1 cc cc      32 Mar 27 14:02 sem.matrix-push-rsem
-rwxrwxr-x 1 cc cc      32 Mar 27 14:02 sem.matrix-push-wsem
 === clean up ===
total 0
total 0
 === done ===
 *============== Launching remote tsd at 12 =============* 
 ====== tsd launch complete. You have 1 tsd instance. ====== 
cc        75394  0.0  0.0 144504  7084 ?        Sl   14:04   0:00 /home/cc/Synergy4/s4c00/cmake-build-debug/sng_tsd /home/cc/Synergy4/s4c00/etc/sng12.json /home/cc/Synergy4/s4c00/etc/synergy-log.conf
cc        75396  0.0  0.0  12944  1016 ?        S    14:04   0:00 grep sng_tsd
 ============================================================ 
