 === before clean up === 
~~~~~~ ls -l /tmp
total 1148
-rw------- 1 cc cc 764716 Mar 27 14:48 synergy4_124444.log
-rw------- 1 cc cc   6255 Mar 27 14:48 synergy4_p2pmd_124444.log
-rw------- 1 cc cc    768 Mar 27 14:46 synergy4_parser_124444.log
-rw------- 1 cc cc 393322 Mar 27 14:48 synergy4_tsd_124444.log
srwxrwxr-x 1 cc cc      0 Mar 27 14:46 tsd1
~~~~~~ ls -l /dev/shm
total 7832
-rwxrwxr-x 1 cc cc 4000000 Mar 27 14:47 matrix-pull
-rwxrwxr-x 1 cc cc 4000000 Mar 27 14:47 matrix-push
-rwxrwxr-x 1 cc cc      32 Mar 27 14:46 sem.matrix-pull-rsem
-rwxrwxr-x 1 cc cc      32 Mar 27 14:46 sem.matrix-pull-wsem
-rwxrwxr-x 1 cc cc      32 Mar 27 14:46 sem.matrix-push-rsem
-rwxrwxr-x 1 cc cc      32 Mar 27 14:46 sem.matrix-push-wsem
 === clean up ===
total 0
total 0
 === done ===
 *============== Launching remote tsd at 1 =============* 
 ====== tsd launch complete. You have 1 tsd instance. ====== 
cc       124973  0.0  0.0 144504  5012 ?        Sl   14:48   0:00 /home/cc/Synergy4/s4c00/cmake-build-debug/sng_tsd /home/cc/Synergy4/s4c00/etc/sng1.json /home/cc/Synergy4/s4c00/etc/synergy-log.conf
cc       124975  0.0  0.0  12944  1084 ?        S    14:48   0:00 grep sng_tsd
 ============================================================ 
 === before clean up === 
~~~~~~ ls -l /tmp
total 24
-rw------- 1 cc cc 11547 Mar 27 14:48 synergy4_p2pmd_113803.log
-rw------- 1 cc cc   768 Mar 27 14:46 synergy4_parser_113803.log
-rw------- 1 cc cc  7107 Mar 27 14:48 synergy4_tsd_113803.log
srwxrwxr-x 1 cc cc     0 Mar 27 14:46 tsd1
~~~~~~ ls -l /dev/shm
total 16
-rwxrwxr-x 1 cc cc 4000000 Mar 27 14:46 matrix-pull
-rwxrwxr-x 1 cc cc 4000000 Mar 27 14:46 matrix-push
-rwxrwxr-x 1 cc cc      32 Mar 27 14:46 sem.matrix-pull-rsem
-rwxrwxr-x 1 cc cc      32 Mar 27 14:46 sem.matrix-pull-wsem
-rwxrwxr-x 1 cc cc      32 Mar 27 14:46 sem.matrix-push-rsem
-rwxrwxr-x 1 cc cc      32 Mar 27 14:46 sem.matrix-push-wsem
 === clean up ===
total 0
total 0
 === done ===
 *============== Launching remote tsd at 2 =============* 
 ====== tsd launch complete. You have 1 tsd instance. ====== 
cc       114386  0.0  0.0 144504  4980 ?        Sl   14:48   0:00 /home/cc/Synergy4/s4c00/cmake-build-debug/sng_tsd /home/cc/Synergy4/s4c00/etc/sng2.json /home/cc/Synergy4/s4c00/etc/synergy-log.conf
cc       114388  0.0  0.0  12944   972 ?        S    14:48   0:00 grep sng_tsd
 ============================================================ 
 === before clean up === 
~~~~~~ ls -l /tmp
total 28
-rw------- 1 cc cc 14166 Mar 27 14:48 synergy4_p2pmd_113076.log
-rw------- 1 cc cc   764 Mar 27 14:46 synergy4_parser_113076.log
-rw------- 1 cc cc  7107 Mar 27 14:48 synergy4_tsd_113076.log
srwxrwxr-x 1 cc cc     0 Mar 27 14:46 tsd1
~~~~~~ ls -l /dev/shm
total 16
-rwxrwxr-x 1 cc cc 4000000 Mar 27 14:46 matrix-pull
-rwxrwxr-x 1 cc cc 4000000 Mar 27 14:46 matrix-push
-rwxrwxr-x 1 cc cc      32 Mar 27 14:46 sem.matrix-pull-rsem
-rwxrwxr-x 1 cc cc      32 Mar 27 14:46 sem.matrix-pull-wsem
-rwxrwxr-x 1 cc cc      32 Mar 27 14:46 sem.matrix-push-rsem
-rwxrwxr-x 1 cc cc      32 Mar 27 14:46 sem.matrix-push-wsem
 === clean up ===
total 0
total 0
 === done ===
 *============== Launching remote tsd at 3 =============* 
 ====== tsd launch complete. You have 1 tsd instance. ====== 
cc       113661  0.0  0.0 144504  7092 ?        Sl   14:48   0:00 /home/cc/Synergy4/s4c00/cmake-build-debug/sng_tsd /home/cc/Synergy4/s4c00/etc/sng3.json /home/cc/Synergy4/s4c00/etc/synergy-log.conf
cc       113663  0.0  0.0  12944   972 ?        S    14:48   0:00 grep sng_tsd
 ============================================================ 
 === before clean up === 
~~~~~~ ls -l /tmp
total 12
-rw------- 1 cc cc 2613 Mar 27 14:48 synergy4_p2pmd_96840.log
-rw------- 1 cc cc  768 Mar 27 14:46 synergy4_parser_96840.log
-rw------- 1 cc cc 3973 Mar 27 14:47 synergy4_tsd_96840.log
srwxrwxr-x 1 cc cc    0 Mar 27 14:46 tsd1
~~~~~~ ls -l /dev/shm
total 16
-rwxrwxr-x 1 cc cc 4000000 Mar 27 14:46 matrix-pull
-rwxrwxr-x 1 cc cc 4000000 Mar 27 14:46 matrix-push
-rwxrwxr-x 1 cc cc      32 Mar 27 14:46 sem.matrix-pull-rsem
-rwxrwxr-x 1 cc cc      32 Mar 27 14:46 sem.matrix-pull-wsem
-rwxrwxr-x 1 cc cc      32 Mar 27 14:46 sem.matrix-push-rsem
-rwxrwxr-x 1 cc cc      32 Mar 27 14:46 sem.matrix-push-wsem
 === clean up ===
total 0
total 0
 === done ===
 *============== Launching remote tsd at 4 =============* 
 ====== tsd launch complete. You have 1 tsd instance. ====== 
cc        97656  0.0  0.0 144504  4988 ?        Sl   14:48   0:00 /home/cc/Synergy4/s4c00/cmake-build-debug/sng_tsd /home/cc/Synergy4/s4c00/etc/sng4.json /home/cc/Synergy4/s4c00/etc/synergy-log.conf
cc        97658  0.0  0.0  12944   928 ?        S    14:48   0:00 grep sng_tsd
 ============================================================ 
 === before clean up === 
~~~~~~ ls -l /tmp
total 12
-rw------- 1 cc cc 2613 Mar 27 14:48 synergy4_p2pmd_95892.log
-rw------- 1 cc cc  768 Mar 27 14:46 synergy4_parser_95892.log
-rw------- 1 cc cc 3973 Mar 27 14:47 synergy4_tsd_95892.log
srwxrwxr-x 1 cc cc    0 Mar 27 14:46 tsd1
~~~~~~ ls -l /dev/shm
total 16
-rwxrwxr-x 1 cc cc 4000000 Mar 27 14:46 matrix-pull
-rwxrwxr-x 1 cc cc 4000000 Mar 27 14:46 matrix-push
-rwxrwxr-x 1 cc cc      32 Mar 27 14:46 sem.matrix-pull-rsem
-rwxrwxr-x 1 cc cc      32 Mar 27 14:46 sem.matrix-pull-wsem
-rwxrwxr-x 1 cc cc      32 Mar 27 14:46 sem.matrix-push-rsem
-rwxrwxr-x 1 cc cc      32 Mar 27 14:46 sem.matrix-push-wsem
 === clean up ===
total 0
total 0
 === done ===
 *============== Launching remote tsd at 5 =============* 
 ====== tsd launch complete. You have 1 tsd instance. ====== 
cc        96476  0.0  0.0 144504  5012 ?        Sl   14:48   0:00 /home/cc/Synergy4/s4c00/cmake-build-debug/sng_tsd /home/cc/Synergy4/s4c00/etc/sng5.json /home/cc/Synergy4/s4c00/etc/synergy-log.conf
cc        96478  0.0  0.0  12944  1028 ?        S    14:48   0:00 grep sng_tsd
 ============================================================ 
 === before clean up === 
~~~~~~ ls -l /tmp
total 12
-rw------- 1 cc cc 2613 Mar 27 14:48 synergy4_p2pmd_95592.log
-rw------- 1 cc cc  768 Mar 27 14:46 synergy4_parser_95592.log
-rw------- 1 cc cc 3973 Mar 27 14:47 synergy4_tsd_95592.log
srwxrwxr-x 1 cc cc    0 Mar 27 14:46 tsd1
~~~~~~ ls -l /dev/shm
total 16
-rwxrwxr-x 1 cc cc 4000000 Mar 27 14:46 matrix-pull
-rwxrwxr-x 1 cc cc 4000000 Mar 27 14:46 matrix-push
-rwxrwxr-x 1 cc cc      32 Mar 27 14:46 sem.matrix-pull-rsem
-rwxrwxr-x 1 cc cc      32 Mar 27 14:46 sem.matrix-pull-wsem
-rwxrwxr-x 1 cc cc      32 Mar 27 14:46 sem.matrix-push-rsem
-rwxrwxr-x 1 cc cc      32 Mar 27 14:46 sem.matrix-push-wsem
 === clean up ===
total 0
total 0
 === done ===
 *============== Launching remote tsd at 6 =============* 
 ====== tsd launch complete. You have 1 tsd instance. ====== 
cc        96182  0.0  0.0 144504  7088 ?        Sl   14:48   0:00 /home/cc/Synergy4/s4c00/cmake-build-debug/sng_tsd /home/cc/Synergy4/s4c00/etc/sng6.json /home/cc/Synergy4/s4c00/etc/synergy-log.conf
cc        96184  0.0  0.0  12944  1040 ?        S    14:48   0:00 grep sng_tsd
 ============================================================ 
 === before clean up === 
~~~~~~ ls -l /tmp
total 12
-rw------- 1 cc cc 2716 Mar 27 14:48 synergy4_p2pmd_91284.log
-rw------- 1 cc cc  768 Mar 27 14:46 synergy4_parser_91284.log
-rw------- 1 cc cc 3973 Mar 27 14:47 synergy4_tsd_91284.log
srwxrwxr-x 1 cc cc    0 Mar 27 14:46 tsd1
~~~~~~ ls -l /dev/shm
total 16
-rwxrwxr-x 1 cc cc 4000000 Mar 27 14:46 matrix-pull
-rwxrwxr-x 1 cc cc 4000000 Mar 27 14:46 matrix-push
-rwxrwxr-x 1 cc cc      32 Mar 27 14:46 sem.matrix-pull-rsem
-rwxrwxr-x 1 cc cc      32 Mar 27 14:46 sem.matrix-pull-wsem
-rwxrwxr-x 1 cc cc      32 Mar 27 14:46 sem.matrix-push-rsem
-rwxrwxr-x 1 cc cc      32 Mar 27 14:46 sem.matrix-push-wsem
 === clean up ===
total 0
total 0
 === done ===
 *============== Launching remote tsd at 7 =============* 
 ====== tsd launch complete. You have 1 tsd instance. ====== 
cc        91872  0.0  0.0 144504  4972 ?        Sl   14:48   0:00 /home/cc/Synergy4/s4c00/cmake-build-debug/sng_tsd /home/cc/Synergy4/s4c00/etc/sng7.json /home/cc/Synergy4/s4c00/etc/synergy-log.conf
cc        91874  0.0  0.0  12944  1016 ?        S    14:48   0:00 grep sng_tsd
 ============================================================ 
 === before clean up === 
~~~~~~ ls -l /tmp
total 12
-rw------- 1 cc cc 2716 Mar 27 14:48 synergy4_p2pmd_91486.log
-rw------- 1 cc cc  768 Mar 27 14:46 synergy4_parser_91486.log
-rw------- 1 cc cc 3973 Mar 27 14:47 synergy4_tsd_91486.log
srwxrwxr-x 1 cc cc    0 Mar 27 14:46 tsd1
~~~~~~ ls -l /dev/shm
total 16
-rwxrwxr-x 1 cc cc 4000000 Mar 27 14:46 matrix-pull
-rwxrwxr-x 1 cc cc 4000000 Mar 27 14:46 matrix-push
-rwxrwxr-x 1 cc cc      32 Mar 27 14:46 sem.matrix-pull-rsem
-rwxrwxr-x 1 cc cc      32 Mar 27 14:46 sem.matrix-pull-wsem
-rwxrwxr-x 1 cc cc      32 Mar 27 14:46 sem.matrix-push-rsem
-rwxrwxr-x 1 cc cc      32 Mar 27 14:46 sem.matrix-push-wsem
 === clean up ===
total 0
total 0
 === done ===
 *============== Launching remote tsd at 8 =============* 
 ====== tsd launch complete. You have 1 tsd instance. ====== 
cc        92073  0.0  0.0 144504  5052 ?        Sl   14:48   0:00 /home/cc/Synergy4/s4c00/cmake-build-debug/sng_tsd /home/cc/Synergy4/s4c00/etc/sng8.json /home/cc/Synergy4/s4c00/etc/synergy-log.conf
cc        92075  0.0  0.0  12944  1032 ?        S    14:48   0:00 grep sng_tsd
 ============================================================ 
 === before clean up === 
~~~~~~ ls -l /tmp
total 12
-rw------- 1 cc cc 2717 Mar 27 14:48 synergy4_p2pmd_85112.log
-rw------- 1 cc cc  770 Mar 27 14:46 synergy4_parser_85112.log
-rw------- 1 cc cc 3973 Mar 27 14:47 synergy4_tsd_85112.log
srwxrwxr-x 1 cc cc    0 Mar 27 14:46 tsd1
~~~~~~ ls -l /dev/shm
total 16
-rwxrwxr-x 1 cc cc 4000000 Mar 27 14:46 matrix-pull
-rwxrwxr-x 1 cc cc 4000000 Mar 27 14:46 matrix-push
-rwxrwxr-x 1 cc cc      32 Mar 27 14:46 sem.matrix-pull-rsem
-rwxrwxr-x 1 cc cc      32 Mar 27 14:46 sem.matrix-pull-wsem
-rwxrwxr-x 1 cc cc      32 Mar 27 14:46 sem.matrix-push-rsem
-rwxrwxr-x 1 cc cc      32 Mar 27 14:46 sem.matrix-push-wsem
 === clean up ===
total 0
total 0
 === done ===
 *============== Launching remote tsd at 9 =============* 
 ====== tsd launch complete. You have 1 tsd instance. ====== 
cc        85702  0.0  0.0 144504  5104 ?        Sl   14:48   0:00 /home/cc/Synergy4/s4c00/cmake-build-debug/sng_tsd /home/cc/Synergy4/s4c00/etc/sng9.json /home/cc/Synergy4/s4c00/etc/synergy-log.conf
cc        85704  0.0  0.0  12944  1088 ?        S    14:48   0:00 grep sng_tsd
 ============================================================ 
 === before clean up === 
~~~~~~ ls -l /tmp
total 12
-rw------- 1 cc cc 2717 Mar 27 14:48 synergy4_p2pmd_86061.log
-rw------- 1 cc cc  770 Mar 27 14:46 synergy4_parser_86061.log
-rw------- 1 cc cc 3973 Mar 27 14:47 synergy4_tsd_86061.log
srwxrwxr-x 1 cc cc    0 Mar 27 14:46 tsd1
~~~~~~ ls -l /dev/shm
total 16
-rwxrwxr-x 1 cc cc 4000000 Mar 27 14:46 matrix-pull
-rwxrwxr-x 1 cc cc 4000000 Mar 27 14:46 matrix-push
-rwxrwxr-x 1 cc cc      32 Mar 27 14:46 sem.matrix-pull-rsem
-rwxrwxr-x 1 cc cc      32 Mar 27 14:46 sem.matrix-pull-wsem
-rwxrwxr-x 1 cc cc      32 Mar 27 14:46 sem.matrix-push-rsem
-rwxrwxr-x 1 cc cc      32 Mar 27 14:46 sem.matrix-push-wsem
 === clean up ===
total 0
total 0
 === done ===
 *============== Launching remote tsd at 10 =============* 
 ====== tsd launch complete. You have 1 tsd instance. ====== 
cc        86653  0.0  0.0 144504 11104 ?        Sl   14:48   0:00 /home/cc/Synergy4/s4c00/cmake-build-debug/sng_tsd /home/cc/Synergy4/s4c00/etc/sng10.json /home/cc/Synergy4/s4c00/etc/synergy-log.conf
cc        86655  0.0  0.0  12944   976 ?        S    14:48   0:00 grep sng_tsd
 ============================================================ 
 === before clean up === 
~~~~~~ ls -l /tmp
total 12
-rw------- 1 cc cc 2718 Mar 27 14:48 synergy4_p2pmd_85387.log
-rw------- 1 cc cc  772 Mar 27 14:46 synergy4_parser_85387.log
-rw------- 1 cc cc 3973 Mar 27 14:47 synergy4_tsd_85387.log
srwxrwxr-x 1 cc cc    0 Mar 27 14:46 tsd1
~~~~~~ ls -l /dev/shm
total 16
-rwxrwxr-x 1 cc cc 4000000 Mar 27 14:46 matrix-pull
-rwxrwxr-x 1 cc cc 4000000 Mar 27 14:46 matrix-push
-rwxrwxr-x 1 cc cc      32 Mar 27 14:46 sem.matrix-pull-rsem
-rwxrwxr-x 1 cc cc      32 Mar 27 14:46 sem.matrix-pull-wsem
-rwxrwxr-x 1 cc cc      32 Mar 27 14:46 sem.matrix-push-rsem
-rwxrwxr-x 1 cc cc      32 Mar 27 14:46 sem.matrix-push-wsem
 === clean up ===
total 0
total 0
 === done ===
 *============== Launching remote tsd at 11 =============* 
 ====== tsd launch complete. You have 1 tsd instance. ====== 
cc        85990  0.0  0.0 144504  7060 ?        Sl   14:48   0:00 /home/cc/Synergy4/s4c00/cmake-build-debug/sng_tsd /home/cc/Synergy4/s4c00/etc/sng11.json /home/cc/Synergy4/s4c00/etc/synergy-log.conf
cc        85992  0.0  0.0  12944   936 ?        S    14:48   0:00 grep sng_tsd
 ============================================================ 
 === before clean up === 
~~~~~~ ls -l /tmp
total 12
-rw------- 1 cc cc 2717 Mar 27 14:48 synergy4_p2pmd_85983.log
-rw------- 1 cc cc  770 Mar 27 14:46 synergy4_parser_85983.log
-rw------- 1 cc cc 3973 Mar 27 14:47 synergy4_tsd_85983.log
srwxrwxr-x 1 cc cc    0 Mar 27 14:46 tsd1
~~~~~~ ls -l /dev/shm
total 16
-rwxrwxr-x 1 cc cc 4000000 Mar 27 14:46 matrix-pull
-rwxrwxr-x 1 cc cc 4000000 Mar 27 14:46 matrix-push
-rwxrwxr-x 1 cc cc      32 Mar 27 14:46 sem.matrix-pull-rsem
-rwxrwxr-x 1 cc cc      32 Mar 27 14:46 sem.matrix-pull-wsem
-rwxrwxr-x 1 cc cc      32 Mar 27 14:46 sem.matrix-push-rsem
-rwxrwxr-x 1 cc cc      32 Mar 27 14:46 sem.matrix-push-wsem
 === clean up ===
total 0
total 0
 === done ===
 *============== Launching remote tsd at 12 =============* 
 ====== tsd launch complete. You have 1 tsd instance. ====== 
cc        86575  0.0  0.0 144504  4948 ?        Sl   14:48   0:00 /home/cc/Synergy4/s4c00/cmake-build-debug/sng_tsd /home/cc/Synergy4/s4c00/etc/sng12.json /home/cc/Synergy4/s4c00/etc/synergy-log.conf
cc        86577  0.0  0.0  12944  1088 ?        S    14:48   0:00 grep sng_tsd
 ============================================================ 
