 === before clean up === 
~~~~~~ ls -l /tmp
total 1916
-rw------- 1 cc cc 1423304 Mar 27 15:38 synergy4_133792.log
-rw------- 1 cc cc   11367 Mar 27 15:38 synergy4_p2pmd_133792.log
-rw------- 1 cc cc     768 Mar 27 15:35 synergy4_parser_133792.log
-rw------- 1 cc cc  518296 Mar 27 15:38 synergy4_tsd_133792.log
srwxrwxr-x 1 cc cc       0 Mar 27 15:35 tsd1
~~~~~~ ls -l /dev/shm
total 7832
-rwxrwxr-x 1 cc cc 4000000 Mar 27 15:37 matrix-pull
-rwxrwxr-x 1 cc cc 4000000 Mar 27 15:37 matrix-push
-rwxrwxr-x 1 cc cc      32 Mar 27 15:35 sem.matrix-pull-rsem
-rwxrwxr-x 1 cc cc      32 Mar 27 15:35 sem.matrix-pull-wsem
-rwxrwxr-x 1 cc cc      32 Mar 27 15:35 sem.matrix-push-rsem
-rwxrwxr-x 1 cc cc      32 Mar 27 15:35 sem.matrix-push-wsem
 === clean up ===
total 0
total 0
 === done ===
 *============== Launching remote tsd at 1 =============* 
 ====== tsd launch complete. You have 1 tsd instance. ====== 
cc       134336  0.0  0.0 144504  7032 ?        Sl   15:38   0:00 /home/cc/Synergy4/s4c00/cmake-build-debug/sng_tsd /home/cc/Synergy4/s4c00/etc/sng1.json /home/cc/Synergy4/s4c00/etc/synergy-log.conf
cc       134338  0.0  0.0  12944   988 ?        S    15:38   0:00 grep sng_tsd
 ============================================================ 
 === before clean up === 
~~~~~~ ls -l /tmp
total 28
-rw------- 1 cc cc 14941 Mar 27 15:38 synergy4_p2pmd_123869.log
-rw------- 1 cc cc   768 Mar 27 15:35 synergy4_parser_123869.log
-rw------- 1 cc cc  7107 Mar 27 15:38 synergy4_tsd_123869.log
srwxrwxr-x 1 cc cc     0 Mar 27 15:35 tsd1
~~~~~~ ls -l /dev/shm
total 16
-rwxrwxr-x 1 cc cc 4000000 Mar 27 15:35 matrix-pull
-rwxrwxr-x 1 cc cc 4000000 Mar 27 15:35 matrix-push
-rwxrwxr-x 1 cc cc      32 Mar 27 15:35 sem.matrix-pull-rsem
-rwxrwxr-x 1 cc cc      32 Mar 27 15:35 sem.matrix-pull-wsem
-rwxrwxr-x 1 cc cc      32 Mar 27 15:35 sem.matrix-push-rsem
-rwxrwxr-x 1 cc cc      32 Mar 27 15:35 sem.matrix-push-wsem
 === clean up ===
total 0
total 0
 === done ===
 *============== Launching remote tsd at 2 =============* 
 ====== tsd launch complete. You have 1 tsd instance. ====== 
cc       124463  0.0  0.0 144504  5052 ?        Sl   15:38   0:00 /home/cc/Synergy4/s4c00/cmake-build-debug/sng_tsd /home/cc/Synergy4/s4c00/etc/sng2.json /home/cc/Synergy4/s4c00/etc/synergy-log.conf
cc       124465  0.0  0.0  12944  1008 ?        S    15:38   0:00 grep sng_tsd
 ============================================================ 
 === before clean up === 
~~~~~~ ls -l /tmp
total 28
-rw------- 1 cc cc 13724 Mar 27 15:38 synergy4_p2pmd_123161.log
-rw------- 1 cc cc   764 Mar 27 15:35 synergy4_parser_123161.log
-rw------- 1 cc cc  7107 Mar 27 15:38 synergy4_tsd_123161.log
srwxrwxr-x 1 cc cc     0 Mar 27 15:35 tsd1
~~~~~~ ls -l /dev/shm
total 16
-rwxrwxr-x 1 cc cc 4000000 Mar 27 15:35 matrix-pull
-rwxrwxr-x 1 cc cc 4000000 Mar 27 15:35 matrix-push
-rwxrwxr-x 1 cc cc      32 Mar 27 15:35 sem.matrix-pull-rsem
-rwxrwxr-x 1 cc cc      32 Mar 27 15:35 sem.matrix-pull-wsem
-rwxrwxr-x 1 cc cc      32 Mar 27 15:35 sem.matrix-push-rsem
-rwxrwxr-x 1 cc cc      32 Mar 27 15:35 sem.matrix-push-wsem
 === clean up ===
total 0
total 0
 === done ===
 *============== Launching remote tsd at 3 =============* 
 ====== tsd launch complete. You have 1 tsd instance. ====== 
cc       123761  0.0  0.0 144504  5020 ?        Sl   15:38   0:00 /home/cc/Synergy4/s4c00/cmake-build-debug/sng_tsd /home/cc/Synergy4/s4c00/etc/sng3.json /home/cc/Synergy4/s4c00/etc/synergy-log.conf
cc       123763  0.0  0.0  12944   940 ?        S    15:38   0:00 grep sng_tsd
 ============================================================ 
 === before clean up === 
~~~~~~ ls -l /tmp
total 12
-rw------- 1 cc cc 4094 Mar 27 15:38 synergy4_p2pmd_107155.log
-rw------- 1 cc cc  768 Mar 27 15:35 synergy4_parser_107155.log
-rw------- 1 cc cc 4009 Mar 27 15:37 synergy4_tsd_107155.log
srwxrwxr-x 1 cc cc    0 Mar 27 15:35 tsd1
~~~~~~ ls -l /dev/shm
total 16
-rwxrwxr-x 1 cc cc 4000000 Mar 27 15:35 matrix-pull
-rwxrwxr-x 1 cc cc 4000000 Mar 27 15:35 matrix-push
-rwxrwxr-x 1 cc cc      32 Mar 27 15:35 sem.matrix-pull-rsem
-rwxrwxr-x 1 cc cc      32 Mar 27 15:35 sem.matrix-pull-wsem
-rwxrwxr-x 1 cc cc      32 Mar 27 15:35 sem.matrix-push-rsem
-rwxrwxr-x 1 cc cc      32 Mar 27 15:35 sem.matrix-push-wsem
 === clean up ===
total 0
total 0
 === done ===
 *============== Launching remote tsd at 4 =============* 
 ====== tsd launch complete. You have 1 tsd instance. ====== 
cc       107750  0.0  0.0 144504  4912 ?        Sl   15:38   0:00 /home/cc/Synergy4/s4c00/cmake-build-debug/sng_tsd /home/cc/Synergy4/s4c00/etc/sng4.json /home/cc/Synergy4/s4c00/etc/synergy-log.conf
cc       107752  0.0  0.0  12944   924 ?        S    15:38   0:00 grep sng_tsd
 ============================================================ 
 === before clean up === 
~~~~~~ ls -l /tmp
total 12
-rw------- 1 cc cc 4094 Mar 27 15:38 synergy4_p2pmd_105963.log
-rw------- 1 cc cc  768 Mar 27 15:35 synergy4_parser_105963.log
-rw------- 1 cc cc 4009 Mar 27 15:37 synergy4_tsd_105963.log
srwxrwxr-x 1 cc cc    0 Mar 27 15:35 tsd1
~~~~~~ ls -l /dev/shm
total 16
-rwxrwxr-x 1 cc cc 4000000 Mar 27 15:35 matrix-pull
-rwxrwxr-x 1 cc cc 4000000 Mar 27 15:35 matrix-push
-rwxrwxr-x 1 cc cc      32 Mar 27 15:35 sem.matrix-pull-rsem
-rwxrwxr-x 1 cc cc      32 Mar 27 15:35 sem.matrix-pull-wsem
-rwxrwxr-x 1 cc cc      32 Mar 27 15:35 sem.matrix-push-rsem
-rwxrwxr-x 1 cc cc      32 Mar 27 15:35 sem.matrix-push-wsem
 === clean up ===
total 0
total 0
 === done ===
 *============== Launching remote tsd at 5 =============* 
 ====== tsd launch complete. You have 1 tsd instance. ====== 
cc       106548  0.0  0.0 144504  7056 ?        Sl   15:38   0:00 /home/cc/Synergy4/s4c00/cmake-build-debug/sng_tsd /home/cc/Synergy4/s4c00/etc/sng5.json /home/cc/Synergy4/s4c00/etc/synergy-log.conf
cc       106550  0.0  0.0  12944  1016 ?        S    15:38   0:00 grep sng_tsd
 ============================================================ 
 === before clean up === 
~~~~~~ ls -l /tmp
total 20
-rw------- 1 cc cc 9246 Mar 27 15:38 synergy4_p2pmd_105687.log
-rw------- 1 cc cc  768 Mar 27 15:35 synergy4_parser_105687.log
-rw------- 1 cc cc 4009 Mar 27 15:37 synergy4_tsd_105687.log
srwxrwxr-x 1 cc cc    0 Mar 27 15:35 tsd1
~~~~~~ ls -l /dev/shm
total 16
-rwxrwxr-x 1 cc cc 4000000 Mar 27 15:35 matrix-pull
-rwxrwxr-x 1 cc cc 4000000 Mar 27 15:35 matrix-push
-rwxrwxr-x 1 cc cc      32 Mar 27 15:35 sem.matrix-pull-rsem
-rwxrwxr-x 1 cc cc      32 Mar 27 15:35 sem.matrix-pull-wsem
-rwxrwxr-x 1 cc cc      32 Mar 27 15:35 sem.matrix-push-rsem
-rwxrwxr-x 1 cc cc      32 Mar 27 15:35 sem.matrix-push-wsem
 === clean up ===
total 0
total 0
 === done ===
 *============== Launching remote tsd at 6 =============* 
 ====== tsd launch complete. You have 1 tsd instance. ====== 
cc       106273  0.0  0.0 144504  7096 ?        Sl   15:38   0:00 /home/cc/Synergy4/s4c00/cmake-build-debug/sng_tsd /home/cc/Synergy4/s4c00/etc/sng6.json /home/cc/Synergy4/s4c00/etc/synergy-log.conf
cc       106275  0.0  0.0  12944   944 ?        S    15:38   0:00 grep sng_tsd
 ============================================================ 
 === before clean up === 
~~~~~~ ls -l /tmp
total 16
-rw------- 1 cc cc 4198 Mar 27 15:38 synergy4_p2pmd_101352.log
-rw------- 1 cc cc  768 Mar 27 15:35 synergy4_parser_101352.log
-rw------- 1 cc cc 4009 Mar 27 15:37 synergy4_tsd_101352.log
srwxrwxr-x 1 cc cc    0 Mar 27 15:35 tsd1
~~~~~~ ls -l /dev/shm
total 16
-rwxrwxr-x 1 cc cc 4000000 Mar 27 15:35 matrix-pull
-rwxrwxr-x 1 cc cc 4000000 Mar 27 15:35 matrix-push
-rwxrwxr-x 1 cc cc      32 Mar 27 15:35 sem.matrix-pull-rsem
-rwxrwxr-x 1 cc cc      32 Mar 27 15:35 sem.matrix-pull-wsem
-rwxrwxr-x 1 cc cc      32 Mar 27 15:35 sem.matrix-push-rsem
-rwxrwxr-x 1 cc cc      32 Mar 27 15:35 sem.matrix-push-wsem
 === clean up ===
total 0
total 0
 === done ===
 *============== Launching remote tsd at 7 =============* 
 ====== tsd launch complete. You have 1 tsd instance. ====== 
cc       101939  0.0  0.0 144504  4908 ?        Sl   15:38   0:00 /home/cc/Synergy4/s4c00/cmake-build-debug/sng_tsd /home/cc/Synergy4/s4c00/etc/sng7.json /home/cc/Synergy4/s4c00/etc/synergy-log.conf
cc       101941  0.0  0.0  12944   928 ?        S    15:38   0:00 grep sng_tsd
 ============================================================ 
 === before clean up === 
~~~~~~ ls -l /tmp
total 16
-rw------- 1 cc cc 6117 Mar 27 15:38 synergy4_p2pmd_101560.log
-rw------- 1 cc cc  768 Mar 27 15:35 synergy4_parser_101560.log
-rw------- 1 cc cc 4009 Mar 27 15:37 synergy4_tsd_101560.log
srwxrwxr-x 1 cc cc    0 Mar 27 15:35 tsd1
~~~~~~ ls -l /dev/shm
total 16
-rwxrwxr-x 1 cc cc 4000000 Mar 27 15:35 matrix-pull
-rwxrwxr-x 1 cc cc 4000000 Mar 27 15:35 matrix-push
-rwxrwxr-x 1 cc cc      32 Mar 27 15:35 sem.matrix-pull-rsem
-rwxrwxr-x 1 cc cc      32 Mar 27 15:35 sem.matrix-pull-wsem
-rwxrwxr-x 1 cc cc      32 Mar 27 15:35 sem.matrix-push-rsem
-rwxrwxr-x 1 cc cc      32 Mar 27 15:35 sem.matrix-push-wsem
 === clean up ===
total 0
total 0
 === done ===
 *============== Launching remote tsd at 8 =============* 
 ====== tsd launch complete. You have 1 tsd instance. ====== 
cc       102148  0.0  0.0 144504  4956 ?        Sl   15:38   0:00 /home/cc/Synergy4/s4c00/cmake-build-debug/sng_tsd /home/cc/Synergy4/s4c00/etc/sng8.json /home/cc/Synergy4/s4c00/etc/synergy-log.conf
cc       102150  0.0  0.0  12944  1020 ?        S    15:38   0:00 grep sng_tsd
 ============================================================ 
 === before clean up === 
~~~~~~ ls -l /tmp
total 16
-rw------- 1 cc cc 4159 Mar 27 15:38 synergy4_p2pmd_95182.log
-rw------- 1 cc cc  770 Mar 27 15:35 synergy4_parser_95182.log
-rw------- 1 cc cc 3973 Mar 27 15:37 synergy4_tsd_95182.log
srwxrwxr-x 1 cc cc    0 Mar 27 15:35 tsd1
~~~~~~ ls -l /dev/shm
total 16
-rwxrwxr-x 1 cc cc 4000000 Mar 27 15:35 matrix-pull
-rwxrwxr-x 1 cc cc 4000000 Mar 27 15:35 matrix-push
-rwxrwxr-x 1 cc cc      32 Mar 27 15:35 sem.matrix-pull-rsem
-rwxrwxr-x 1 cc cc      32 Mar 27 15:35 sem.matrix-pull-wsem
-rwxrwxr-x 1 cc cc      32 Mar 27 15:35 sem.matrix-push-rsem
-rwxrwxr-x 1 cc cc      32 Mar 27 15:35 sem.matrix-push-wsem
 === clean up ===
total 0
total 0
 === done ===
 *============== Launching remote tsd at 9 =============* 
 ====== tsd launch complete. You have 1 tsd instance. ====== 
cc        95779  0.0  0.0 144504  5008 ?        Sl   15:38   0:00 /home/cc/Synergy4/s4c00/cmake-build-debug/sng_tsd /home/cc/Synergy4/s4c00/etc/sng9.json /home/cc/Synergy4/s4c00/etc/synergy-log.conf
cc        95781  0.0  0.0  12944  1088 ?        S    15:38   0:00 grep sng_tsd
 ============================================================ 
 === before clean up === 
~~~~~~ ls -l /tmp
total 16
-rw------- 1 cc cc 4159 Mar 27 15:38 synergy4_p2pmd_96148.log
-rw------- 1 cc cc  770 Mar 27 15:35 synergy4_parser_96148.log
-rw------- 1 cc cc 3973 Mar 27 15:37 synergy4_tsd_96148.log
srwxrwxr-x 1 cc cc    0 Mar 27 15:35 tsd1
~~~~~~ ls -l /dev/shm
total 16
-rwxrwxr-x 1 cc cc 4000000 Mar 27 15:35 matrix-pull
-rwxrwxr-x 1 cc cc 4000000 Mar 27 15:35 matrix-push
-rwxrwxr-x 1 cc cc      32 Mar 27 15:35 sem.matrix-pull-rsem
-rwxrwxr-x 1 cc cc      32 Mar 27 15:35 sem.matrix-pull-wsem
-rwxrwxr-x 1 cc cc      32 Mar 27 15:35 sem.matrix-push-rsem
-rwxrwxr-x 1 cc cc      32 Mar 27 15:35 sem.matrix-push-wsem
 === clean up ===
total 0
total 0
 === done ===
 *============== Launching remote tsd at 10 =============* 
 ====== tsd launch complete. You have 1 tsd instance. ====== 
cc        96744  0.0  0.0 144504  7148 ?        Sl   15:38   0:00 /home/cc/Synergy4/s4c00/cmake-build-debug/sng_tsd /home/cc/Synergy4/s4c00/etc/sng10.json /home/cc/Synergy4/s4c00/etc/synergy-log.conf
cc        96746  0.0  0.0  12944   968 ?        S    15:38   0:00 grep sng_tsd
 ============================================================ 
 === before clean up === 
~~~~~~ ls -l /tmp
total 16
-rw------- 1 cc cc 4160 Mar 27 15:38 synergy4_p2pmd_95497.log
-rw------- 1 cc cc  772 Mar 27 15:35 synergy4_parser_95497.log
-rw------- 1 cc cc 3973 Mar 27 15:37 synergy4_tsd_95497.log
srwxrwxr-x 1 cc cc    0 Mar 27 15:35 tsd1
~~~~~~ ls -l /dev/shm
total 16
-rwxrwxr-x 1 cc cc 4000000 Mar 27 15:35 matrix-pull
-rwxrwxr-x 1 cc cc 4000000 Mar 27 15:35 matrix-push
-rwxrwxr-x 1 cc cc      32 Mar 27 15:35 sem.matrix-pull-rsem
-rwxrwxr-x 1 cc cc      32 Mar 27 15:35 sem.matrix-pull-wsem
-rwxrwxr-x 1 cc cc      32 Mar 27 15:35 sem.matrix-push-rsem
-rwxrwxr-x 1 cc cc      32 Mar 27 15:35 sem.matrix-push-wsem
 === clean up ===
total 0
total 0
 === done ===
 *============== Launching remote tsd at 11 =============* 
 ====== tsd launch complete. You have 1 tsd instance. ====== 
cc        96084  0.0  0.0 144504  4988 ?        Sl   15:38   0:00 /home/cc/Synergy4/s4c00/cmake-build-debug/sng_tsd /home/cc/Synergy4/s4c00/etc/sng11.json /home/cc/Synergy4/s4c00/etc/synergy-log.conf
cc        96086  0.0  0.0  12944  1092 ?        S    15:38   0:00 grep sng_tsd
 ============================================================ 
 === before clean up === 
~~~~~~ ls -l /tmp
total 16
-rw------- 1 cc cc 4159 Mar 27 15:38 synergy4_p2pmd_96064.log
-rw------- 1 cc cc  770 Mar 27 15:35 synergy4_parser_96064.log
-rw------- 1 cc cc 3973 Mar 27 15:37 synergy4_tsd_96064.log
srwxrwxr-x 1 cc cc    0 Mar 27 15:35 tsd1
~~~~~~ ls -l /dev/shm
total 16
-rwxrwxr-x 1 cc cc 4000000 Mar 27 15:35 matrix-pull
-rwxrwxr-x 1 cc cc 4000000 Mar 27 15:35 matrix-push
-rwxrwxr-x 1 cc cc      32 Mar 27 15:35 sem.matrix-pull-rsem
-rwxrwxr-x 1 cc cc      32 Mar 27 15:35 sem.matrix-pull-wsem
-rwxrwxr-x 1 cc cc      32 Mar 27 15:35 sem.matrix-push-rsem
-rwxrwxr-x 1 cc cc      32 Mar 27 15:35 sem.matrix-push-wsem
 === clean up ===
total 0
total 0
 === done ===
 *============== Launching remote tsd at 12 =============* 
 ====== tsd launch complete. You have 1 tsd instance. ====== 
cc        96661  0.0  0.0 144504  4944 ?        Sl   15:38   0:00 /home/cc/Synergy4/s4c00/cmake-build-debug/sng_tsd /home/cc/Synergy4/s4c00/etc/sng12.json /home/cc/Synergy4/s4c00/etc/synergy-log.conf
cc        96663  0.0  0.0  12944   932 ?        S    15:38   0:00 grep sng_tsd
 ============================================================ 
