 === before clean up === 
~~~~~~ ls -l /tmp
total 1756
-rw------- 1 cc cc 1372540 Mar 27 17:16 synergy4_148898.log
-rw------- 1 cc cc   23102 Mar 27 17:16 synergy4_p2pmd_148898.log
-rw------- 1 cc cc     768 Mar 27 17:13 synergy4_parser_148898.log
-rw------- 1 cc cc  392877 Mar 27 17:16 synergy4_tsd_148898.log
srwxrwxr-x 1 cc cc       0 Mar 27 17:13 tsd1
~~~~~~ ls -l /dev/shm
total 7832
-rwxrwxr-x 1 cc cc 4000000 Mar 27 17:15 matrix-pull
-rwxrwxr-x 1 cc cc 4000000 Mar 27 17:15 matrix-push
-rwxrwxr-x 1 cc cc      32 Mar 27 17:13 sem.matrix-pull-rsem
-rwxrwxr-x 1 cc cc      32 Mar 27 17:13 sem.matrix-pull-wsem
-rwxrwxr-x 1 cc cc      32 Mar 27 17:13 sem.matrix-push-rsem
-rwxrwxr-x 1 cc cc      32 Mar 27 17:13 sem.matrix-push-wsem
 === clean up ===
total 0
total 0
 === done ===
 *============== Launching remote tsd at 1 =============* 
 ====== tsd launch complete. You have 1 tsd instance. ====== 
cc       149438  0.0  0.0 144504  5116 ?        Sl   17:17   0:00 /home/cc/Synergy4/s4c00/cmake-build-debug/sng_tsd /home/cc/Synergy4/s4c00/etc/sng1.json /home/cc/Synergy4/s4c00/etc/synergy-log.conf
cc       149440  0.0  0.0  12944  1016 ?        S    17:17   0:00 grep sng_tsd
 ============================================================ 
 === before clean up === 
~~~~~~ ls -l /tmp
total 28
-rw------- 1 cc cc 15489 Mar 27 17:16 synergy4_p2pmd_139984.log
-rw------- 1 cc cc   768 Mar 27 17:13 synergy4_parser_139984.log
-rw------- 1 cc cc  7107 Mar 27 17:16 synergy4_tsd_139984.log
srwxrwxr-x 1 cc cc     0 Mar 27 17:13 tsd1
~~~~~~ ls -l /dev/shm
total 16
-rwxrwxr-x 1 cc cc 4000000 Mar 27 17:13 matrix-pull
-rwxrwxr-x 1 cc cc 4000000 Mar 27 17:13 matrix-push
-rwxrwxr-x 1 cc cc      32 Mar 27 17:13 sem.matrix-pull-rsem
-rwxrwxr-x 1 cc cc      32 Mar 27 17:13 sem.matrix-pull-wsem
-rwxrwxr-x 1 cc cc      32 Mar 27 17:13 sem.matrix-push-rsem
-rwxrwxr-x 1 cc cc      32 Mar 27 17:13 sem.matrix-push-wsem
 === clean up ===
total 0
total 0
 === done ===
 *============== Launching remote tsd at 2 =============* 
 ====== tsd launch complete. You have 1 tsd instance. ====== 
cc       140577  0.0  0.0 144504  5020 ?        Sl   17:17   0:00 /home/cc/Synergy4/s4c00/cmake-build-debug/sng_tsd /home/cc/Synergy4/s4c00/etc/sng2.json /home/cc/Synergy4/s4c00/etc/synergy-log.conf
cc       140579  0.0  0.0  12944  1004 ?        S    17:17   0:00 grep sng_tsd
 ============================================================ 
 === before clean up === 
~~~~~~ ls -l /tmp
total 28
-rw------- 1 cc cc 15179 Mar 27 17:16 synergy4_p2pmd_139291.log
-rw------- 1 cc cc   764 Mar 27 17:13 synergy4_parser_139291.log
-rw------- 1 cc cc  7107 Mar 27 17:16 synergy4_tsd_139291.log
srwxrwxr-x 1 cc cc     0 Mar 27 17:13 tsd1
~~~~~~ ls -l /dev/shm
total 16
-rwxrwxr-x 1 cc cc 4000000 Mar 27 17:13 matrix-pull
-rwxrwxr-x 1 cc cc 4000000 Mar 27 17:13 matrix-push
-rwxrwxr-x 1 cc cc      32 Mar 27 17:13 sem.matrix-pull-rsem
-rwxrwxr-x 1 cc cc      32 Mar 27 17:13 sem.matrix-pull-wsem
-rwxrwxr-x 1 cc cc      32 Mar 27 17:13 sem.matrix-push-rsem
-rwxrwxr-x 1 cc cc      32 Mar 27 17:13 sem.matrix-push-wsem
 === clean up ===
total 0
total 0
 === done ===
 *============== Launching remote tsd at 3 =============* 
 ====== tsd launch complete. You have 1 tsd instance. ====== 
cc       139891  0.0  0.0 144504  7016 ?        Sl   17:17   0:00 /home/cc/Synergy4/s4c00/cmake-build-debug/sng_tsd /home/cc/Synergy4/s4c00/etc/sng3.json /home/cc/Synergy4/s4c00/etc/synergy-log.conf
cc       139893  0.0  0.0  12944   968 ?        S    17:17   0:00 grep sng_tsd
 ============================================================ 
 === before clean up === 
~~~~~~ ls -l /tmp
total 16
-rw------- 1 cc cc 5030 Mar 27 17:16 synergy4_p2pmd_123285.log
-rw------- 1 cc cc  768 Mar 27 17:13 synergy4_parser_123285.log
-rw------- 1 cc cc 4009 Mar 27 17:15 synergy4_tsd_123285.log
srwxrwxr-x 1 cc cc    0 Mar 27 17:13 tsd1
~~~~~~ ls -l /dev/shm
total 16
-rwxrwxr-x 1 cc cc 4000000 Mar 27 17:13 matrix-pull
-rwxrwxr-x 1 cc cc 4000000 Mar 27 17:13 matrix-push
-rwxrwxr-x 1 cc cc      32 Mar 27 17:13 sem.matrix-pull-rsem
-rwxrwxr-x 1 cc cc      32 Mar 27 17:13 sem.matrix-pull-wsem
-rwxrwxr-x 1 cc cc      32 Mar 27 17:13 sem.matrix-push-rsem
-rwxrwxr-x 1 cc cc      32 Mar 27 17:13 sem.matrix-push-wsem
 === clean up ===
total 0
total 0
 === done ===
 *============== Launching remote tsd at 4 =============* 
 ====== tsd launch complete. You have 1 tsd instance. ====== 
cc       123875  0.0  0.0 144504  6988 ?        Sl   17:17   0:00 /home/cc/Synergy4/s4c00/cmake-build-debug/sng_tsd /home/cc/Synergy4/s4c00/etc/sng4.json /home/cc/Synergy4/s4c00/etc/synergy-log.conf
cc       123877  0.0  0.0  12944   988 ?        S    17:17   0:00 grep sng_tsd
 ============================================================ 
 === before clean up === 
~~~~~~ ls -l /tmp
total 16
-rw------- 1 cc cc 5030 Mar 27 17:16 synergy4_p2pmd_122036.log
-rw------- 1 cc cc  768 Mar 27 17:13 synergy4_parser_122036.log
-rw------- 1 cc cc 4009 Mar 27 17:15 synergy4_tsd_122036.log
srwxrwxr-x 1 cc cc    0 Mar 27 17:13 tsd1
~~~~~~ ls -l /dev/shm
total 16
-rwxrwxr-x 1 cc cc 4000000 Mar 27 17:13 matrix-pull
-rwxrwxr-x 1 cc cc 4000000 Mar 27 17:13 matrix-push
-rwxrwxr-x 1 cc cc      32 Mar 27 17:13 sem.matrix-pull-rsem
-rwxrwxr-x 1 cc cc      32 Mar 27 17:13 sem.matrix-pull-wsem
-rwxrwxr-x 1 cc cc      32 Mar 27 17:13 sem.matrix-push-rsem
-rwxrwxr-x 1 cc cc      32 Mar 27 17:13 sem.matrix-push-wsem
 === clean up ===
total 0
total 0
 === done ===
 *============== Launching remote tsd at 5 =============* 
 ====== tsd launch complete. You have 1 tsd instance. ====== 
cc       122633  0.0  0.0 144504  7068 ?        Sl   17:17   0:00 /home/cc/Synergy4/s4c00/cmake-build-debug/sng_tsd /home/cc/Synergy4/s4c00/etc/sng5.json /home/cc/Synergy4/s4c00/etc/synergy-log.conf
cc       122635  0.0  0.0  12944  1020 ?        S    17:17   0:00 grep sng_tsd
 ============================================================ 
 === before clean up === 
~~~~~~ ls -l /tmp
total 16
-rw------- 1 cc cc 5030 Mar 27 17:16 synergy4_p2pmd_121792.log
-rw------- 1 cc cc  768 Mar 27 17:13 synergy4_parser_121792.log
-rw------- 1 cc cc 4009 Mar 27 17:15 synergy4_tsd_121792.log
srwxrwxr-x 1 cc cc    0 Mar 27 17:13 tsd1
~~~~~~ ls -l /dev/shm
total 16
-rwxrwxr-x 1 cc cc 4000000 Mar 27 17:13 matrix-pull
-rwxrwxr-x 1 cc cc 4000000 Mar 27 17:13 matrix-push
-rwxrwxr-x 1 cc cc      32 Mar 27 17:13 sem.matrix-pull-rsem
-rwxrwxr-x 1 cc cc      32 Mar 27 17:13 sem.matrix-pull-wsem
-rwxrwxr-x 1 cc cc      32 Mar 27 17:13 sem.matrix-push-rsem
-rwxrwxr-x 1 cc cc      32 Mar 27 17:13 sem.matrix-push-wsem
 === clean up ===
total 0
total 0
 === done ===
 *============== Launching remote tsd at 6 =============* 
 ====== tsd launch complete. You have 1 tsd instance. ====== 
cc       122407  0.0  0.0 144504  5012 ?        Sl   17:17   0:00 /home/cc/Synergy4/s4c00/cmake-build-debug/sng_tsd /home/cc/Synergy4/s4c00/etc/sng6.json /home/cc/Synergy4/s4c00/etc/synergy-log.conf
cc       122409  0.0  0.0  12944   944 ?        S    17:17   0:00 grep sng_tsd
 ============================================================ 
 === before clean up === 
~~~~~~ ls -l /tmp
total 16
-rw------- 1 cc cc 5030 Mar 27 17:16 synergy4_p2pmd_117450.log
-rw------- 1 cc cc  768 Mar 27 17:13 synergy4_parser_117450.log
-rw------- 1 cc cc 4009 Mar 27 17:15 synergy4_tsd_117450.log
srwxrwxr-x 1 cc cc    0 Mar 27 17:13 tsd1
~~~~~~ ls -l /dev/shm
total 16
-rwxrwxr-x 1 cc cc 4000000 Mar 27 17:13 matrix-pull
-rwxrwxr-x 1 cc cc 4000000 Mar 27 17:13 matrix-push
-rwxrwxr-x 1 cc cc      32 Mar 27 17:13 sem.matrix-pull-rsem
-rwxrwxr-x 1 cc cc      32 Mar 27 17:13 sem.matrix-pull-wsem
-rwxrwxr-x 1 cc cc      32 Mar 27 17:13 sem.matrix-push-rsem
-rwxrwxr-x 1 cc cc      32 Mar 27 17:13 sem.matrix-push-wsem
 === clean up ===
total 0
total 0
 === done ===
 *============== Launching remote tsd at 7 =============* 
 ====== tsd launch complete. You have 1 tsd instance. ====== 
cc       118045  0.0  0.0 144504  7160 ?        Sl   17:17   0:00 /home/cc/Synergy4/s4c00/cmake-build-debug/sng_tsd /home/cc/Synergy4/s4c00/etc/sng7.json /home/cc/Synergy4/s4c00/etc/synergy-log.conf
cc       118047  0.0  0.0  12944  1032 ?        S    17:17   0:00 grep sng_tsd
 ============================================================ 
 === before clean up === 
~~~~~~ ls -l /tmp
total 16
-rw------- 1 cc cc 5134 Mar 27 17:16 synergy4_p2pmd_117655.log
-rw------- 1 cc cc  768 Mar 27 17:13 synergy4_parser_117655.log
-rw------- 1 cc cc 4009 Mar 27 17:15 synergy4_tsd_117655.log
srwxrwxr-x 1 cc cc    0 Mar 27 17:13 tsd1
~~~~~~ ls -l /dev/shm
total 16
-rwxrwxr-x 1 cc cc 4000000 Mar 27 17:13 matrix-pull
-rwxrwxr-x 1 cc cc 4000000 Mar 27 17:13 matrix-push
-rwxrwxr-x 1 cc cc      32 Mar 27 17:13 sem.matrix-pull-rsem
-rwxrwxr-x 1 cc cc      32 Mar 27 17:13 sem.matrix-pull-wsem
-rwxrwxr-x 1 cc cc      32 Mar 27 17:13 sem.matrix-push-rsem
-rwxrwxr-x 1 cc cc      32 Mar 27 17:13 sem.matrix-push-wsem
 === clean up ===
total 0
total 0
 === done ===
 *============== Launching remote tsd at 8 =============* 
 ====== tsd launch complete. You have 1 tsd instance. ====== 
cc       118248  0.0  0.0 144504  4912 ?        Sl   17:17   0:00 /home/cc/Synergy4/s4c00/cmake-build-debug/sng_tsd /home/cc/Synergy4/s4c00/etc/sng8.json /home/cc/Synergy4/s4c00/etc/synergy-log.conf
cc       118250  0.0  0.0  12944  1028 ?        S    17:17   0:00 grep sng_tsd
 ============================================================ 
 === before clean up === 
~~~~~~ ls -l /tmp
total 16
-rw------- 1 cc cc 5135 Mar 27 17:16 synergy4_p2pmd_111293.log
-rw------- 1 cc cc  770 Mar 27 17:13 synergy4_parser_111293.log
-rw------- 1 cc cc 4009 Mar 27 17:15 synergy4_tsd_111293.log
srwxrwxr-x 1 cc cc    0 Mar 27 17:13 tsd1
~~~~~~ ls -l /dev/shm
total 16
-rwxrwxr-x 1 cc cc 4000000 Mar 27 17:13 matrix-pull
-rwxrwxr-x 1 cc cc 4000000 Mar 27 17:13 matrix-push
-rwxrwxr-x 1 cc cc      32 Mar 27 17:13 sem.matrix-pull-rsem
-rwxrwxr-x 1 cc cc      32 Mar 27 17:13 sem.matrix-pull-wsem
-rwxrwxr-x 1 cc cc      32 Mar 27 17:13 sem.matrix-push-rsem
-rwxrwxr-x 1 cc cc      32 Mar 27 17:13 sem.matrix-push-wsem
 === clean up ===
total 0
total 0
 === done ===
 *============== Launching remote tsd at 9 =============* 
 ====== tsd launch complete. You have 1 tsd instance. ====== 
cc       111886  0.0  0.0 144504  5012 ?        Sl   17:17   0:00 /home/cc/Synergy4/s4c00/cmake-build-debug/sng_tsd /home/cc/Synergy4/s4c00/etc/sng9.json /home/cc/Synergy4/s4c00/etc/synergy-log.conf
cc       111888  0.0  0.0  12944   960 ?        S    17:17   0:00 grep sng_tsd
 ============================================================ 
 === before clean up === 
~~~~~~ ls -l /tmp
total 16
-rw------- 1 cc cc 5135 Mar 27 17:17 synergy4_p2pmd_112310.log
-rw------- 1 cc cc  770 Mar 27 17:13 synergy4_parser_112310.log
-rw------- 1 cc cc 4009 Mar 27 17:15 synergy4_tsd_112310.log
srwxrwxr-x 1 cc cc    0 Mar 27 17:13 tsd1
~~~~~~ ls -l /dev/shm
total 16
-rwxrwxr-x 1 cc cc 4000000 Mar 27 17:13 matrix-pull
-rwxrwxr-x 1 cc cc 4000000 Mar 27 17:13 matrix-push
-rwxrwxr-x 1 cc cc      32 Mar 27 17:13 sem.matrix-pull-rsem
-rwxrwxr-x 1 cc cc      32 Mar 27 17:13 sem.matrix-pull-wsem
-rwxrwxr-x 1 cc cc      32 Mar 27 17:13 sem.matrix-push-rsem
-rwxrwxr-x 1 cc cc      32 Mar 27 17:13 sem.matrix-push-wsem
 === clean up ===
total 0
total 0
 === done ===
 *============== Launching remote tsd at 10 =============* 
 ====== tsd launch complete. You have 1 tsd instance. ====== 
cc       112908  0.0  0.0 144504  4992 ?        Sl   17:17   0:00 /home/cc/Synergy4/s4c00/cmake-build-debug/sng_tsd /home/cc/Synergy4/s4c00/etc/sng10.json /home/cc/Synergy4/s4c00/etc/synergy-log.conf
cc       112910  0.0  0.0  12944   928 ?        S    17:17   0:00 grep sng_tsd
 ============================================================ 
 === before clean up === 
~~~~~~ ls -l /tmp
total 16
-rw------- 1 cc cc 5136 Mar 27 17:17 synergy4_p2pmd_111619.log
-rw------- 1 cc cc  772 Mar 27 17:13 synergy4_parser_111619.log
-rw------- 1 cc cc 4009 Mar 27 17:15 synergy4_tsd_111619.log
srwxrwxr-x 1 cc cc    0 Mar 27 17:13 tsd1
~~~~~~ ls -l /dev/shm
total 16
-rwxrwxr-x 1 cc cc 4000000 Mar 27 17:13 matrix-pull
-rwxrwxr-x 1 cc cc 4000000 Mar 27 17:13 matrix-push
-rwxrwxr-x 1 cc cc      32 Mar 27 17:13 sem.matrix-pull-rsem
-rwxrwxr-x 1 cc cc      32 Mar 27 17:13 sem.matrix-pull-wsem
-rwxrwxr-x 1 cc cc      32 Mar 27 17:13 sem.matrix-push-rsem
-rwxrwxr-x 1 cc cc      32 Mar 27 17:13 sem.matrix-push-wsem
 === clean up ===
total 0
total 0
 === done ===
 *============== Launching remote tsd at 11 =============* 
 ====== tsd launch complete. You have 1 tsd instance. ====== 
cc       112214  0.0  0.0 144504  7064 ?        Sl   17:17   0:00 /home/cc/Synergy4/s4c00/cmake-build-debug/sng_tsd /home/cc/Synergy4/s4c00/etc/sng11.json /home/cc/Synergy4/s4c00/etc/synergy-log.conf
cc       112216  0.0  0.0  12944   932 ?        S    17:17   0:00 grep sng_tsd
 ============================================================ 
 === before clean up === 
~~~~~~ ls -l /tmp
total 16
-rw------- 1 cc cc 5135 Mar 27 17:17 synergy4_p2pmd_112178.log
-rw------- 1 cc cc  770 Mar 27 17:13 synergy4_parser_112178.log
-rw------- 1 cc cc 4009 Mar 27 17:15 synergy4_tsd_112178.log
srwxrwxr-x 1 cc cc    0 Mar 27 17:13 tsd1
~~~~~~ ls -l /dev/shm
total 16
-rwxrwxr-x 1 cc cc 4000000 Mar 27 17:13 matrix-pull
-rwxrwxr-x 1 cc cc 4000000 Mar 27 17:13 matrix-push
-rwxrwxr-x 1 cc cc      32 Mar 27 17:13 sem.matrix-pull-rsem
-rwxrwxr-x 1 cc cc      32 Mar 27 17:13 sem.matrix-pull-wsem
-rwxrwxr-x 1 cc cc      32 Mar 27 17:13 sem.matrix-push-rsem
-rwxrwxr-x 1 cc cc      32 Mar 27 17:13 sem.matrix-push-wsem
 === clean up ===
total 0
total 0
 === done ===
 *============== Launching remote tsd at 12 =============* 
 ====== tsd launch complete. You have 1 tsd instance. ====== 
cc       112768  0.0  0.0 144504  7012 ?        Sl   17:17   0:00 /home/cc/Synergy4/s4c00/cmake-build-debug/sng_tsd /home/cc/Synergy4/s4c00/etc/sng12.json /home/cc/Synergy4/s4c00/etc/synergy-log.conf
cc       112770  0.0  0.0  12944   980 ?        S    17:17   0:00 grep sng_tsd
 ============================================================ 
