 === before clean up === 
~~~~~~ ls -l /tmp
total 1848
-rw------- 1 cc cc 1375924 Mar 27 15:45 synergy4_134978.log
-rw------- 1 cc cc    8126 Mar 27 15:45 synergy4_p2pmd_134978.log
-rw------- 1 cc cc     768 Mar 27 15:42 synergy4_parser_134978.log
-rw------- 1 cc cc  501948 Mar 27 15:45 synergy4_tsd_134978.log
srwxrwxr-x 1 cc cc       0 Mar 27 15:42 tsd1
~~~~~~ ls -l /dev/shm
total 7832
-rwxrwxr-x 1 cc cc 4000000 Mar 27 15:44 matrix-pull
-rwxrwxr-x 1 cc cc 4000000 Mar 27 15:44 matrix-push
-rwxrwxr-x 1 cc cc      32 Mar 27 15:42 sem.matrix-pull-rsem
-rwxrwxr-x 1 cc cc      32 Mar 27 15:42 sem.matrix-pull-wsem
-rwxrwxr-x 1 cc cc      32 Mar 27 15:42 sem.matrix-push-rsem
-rwxrwxr-x 1 cc cc      32 Mar 27 15:42 sem.matrix-push-wsem
 === clean up ===
total 0
total 0
 === done ===
 *============== Launching remote tsd at 1 =============* 
 ====== tsd launch complete. You have 1 tsd instance. ====== 
cc       135516  0.0  0.0 144504  4932 ?        Sl   15:45   0:00 /home/cc/Synergy4/s4c00/cmake-build-debug/sng_tsd /home/cc/Synergy4/s4c00/etc/sng1.json /home/cc/Synergy4/s4c00/etc/synergy-log.conf
cc       135518  0.0  0.0  12944   936 ?        S    15:45   0:00 grep sng_tsd
 ============================================================ 
 === before clean up === 
~~~~~~ ls -l /tmp
total 28
-rw------- 1 cc cc 15942 Mar 27 15:45 synergy4_p2pmd_125058.log
-rw------- 1 cc cc   768 Mar 27 15:42 synergy4_parser_125058.log
-rw------- 1 cc cc  7107 Mar 27 15:45 synergy4_tsd_125058.log
srwxrwxr-x 1 cc cc     0 Mar 27 15:42 tsd1
~~~~~~ ls -l /dev/shm
total 16
-rwxrwxr-x 1 cc cc 4000000 Mar 27 15:42 matrix-pull
-rwxrwxr-x 1 cc cc 4000000 Mar 27 15:42 matrix-push
-rwxrwxr-x 1 cc cc      32 Mar 27 15:42 sem.matrix-pull-rsem
-rwxrwxr-x 1 cc cc      32 Mar 27 15:42 sem.matrix-pull-wsem
-rwxrwxr-x 1 cc cc      32 Mar 27 15:42 sem.matrix-push-rsem
-rwxrwxr-x 1 cc cc      32 Mar 27 15:42 sem.matrix-push-wsem
 === clean up ===
total 0
total 0
 === done ===
 *============== Launching remote tsd at 2 =============* 
 ====== tsd launch complete. You have 1 tsd instance. ====== 
cc       125650  0.0  0.0 144504  5012 ?        Sl   15:45   0:00 /home/cc/Synergy4/s4c00/cmake-build-debug/sng_tsd /home/cc/Synergy4/s4c00/etc/sng2.json /home/cc/Synergy4/s4c00/etc/synergy-log.conf
cc       125652  0.0  0.0  12944   928 ?        S    15:45   0:00 grep sng_tsd
 ============================================================ 
 === before clean up === 
~~~~~~ ls -l /tmp
total 28
-rw------- 1 cc cc 14725 Mar 27 15:45 synergy4_p2pmd_124354.log
-rw------- 1 cc cc   764 Mar 27 15:42 synergy4_parser_124354.log
-rw------- 1 cc cc  7107 Mar 27 15:45 synergy4_tsd_124354.log
srwxrwxr-x 1 cc cc     0 Mar 27 15:42 tsd1
~~~~~~ ls -l /dev/shm
total 16
-rwxrwxr-x 1 cc cc 4000000 Mar 27 15:42 matrix-pull
-rwxrwxr-x 1 cc cc 4000000 Mar 27 15:42 matrix-push
-rwxrwxr-x 1 cc cc      32 Mar 27 15:42 sem.matrix-pull-rsem
-rwxrwxr-x 1 cc cc      32 Mar 27 15:42 sem.matrix-pull-wsem
-rwxrwxr-x 1 cc cc      32 Mar 27 15:42 sem.matrix-push-rsem
-rwxrwxr-x 1 cc cc      32 Mar 27 15:42 sem.matrix-push-wsem
 === clean up ===
total 0
total 0
 === done ===
 *============== Launching remote tsd at 3 =============* 
 ====== tsd launch complete. You have 1 tsd instance. ====== 
cc       124946  0.0  0.0 144504  7104 ?        Sl   15:45   0:00 /home/cc/Synergy4/s4c00/cmake-build-debug/sng_tsd /home/cc/Synergy4/s4c00/etc/sng3.json /home/cc/Synergy4/s4c00/etc/synergy-log.conf
cc       124948  0.0  0.0  12944   928 ?        S    15:45   0:00 grep sng_tsd
 ============================================================ 
 === before clean up === 
~~~~~~ ls -l /tmp
total 12
-rw------- 1 cc cc 3886 Mar 27 15:45 synergy4_p2pmd_108345.log
-rw------- 1 cc cc  768 Mar 27 15:42 synergy4_parser_108345.log
-rw------- 1 cc cc 4009 Mar 27 15:44 synergy4_tsd_108345.log
srwxrwxr-x 1 cc cc    0 Mar 27 15:42 tsd1
~~~~~~ ls -l /dev/shm
total 16
-rwxrwxr-x 1 cc cc 4000000 Mar 27 15:42 matrix-pull
-rwxrwxr-x 1 cc cc 4000000 Mar 27 15:42 matrix-push
-rwxrwxr-x 1 cc cc      32 Mar 27 15:42 sem.matrix-pull-rsem
-rwxrwxr-x 1 cc cc      32 Mar 27 15:42 sem.matrix-pull-wsem
-rwxrwxr-x 1 cc cc      32 Mar 27 15:42 sem.matrix-push-rsem
-rwxrwxr-x 1 cc cc      32 Mar 27 15:42 sem.matrix-push-wsem
 === clean up ===
total 0
total 0
 === done ===
 *============== Launching remote tsd at 4 =============* 
 ====== tsd launch complete. You have 1 tsd instance. ====== 
cc       108938  0.0  0.0 144504  4952 ?        Sl   15:45   0:00 /home/cc/Synergy4/s4c00/cmake-build-debug/sng_tsd /home/cc/Synergy4/s4c00/etc/sng4.json /home/cc/Synergy4/s4c00/etc/synergy-log.conf
cc       108940  0.0  0.0  12944  1088 ?        S    15:45   0:00 grep sng_tsd
 ============================================================ 
 === before clean up === 
~~~~~~ ls -l /tmp
total 12
-rw------- 1 cc cc 3886 Mar 27 15:45 synergy4_p2pmd_107153.log
-rw------- 1 cc cc  768 Mar 27 15:42 synergy4_parser_107153.log
-rw------- 1 cc cc 4009 Mar 27 15:44 synergy4_tsd_107153.log
srwxrwxr-x 1 cc cc    0 Mar 27 15:42 tsd1
~~~~~~ ls -l /dev/shm
total 16
-rwxrwxr-x 1 cc cc 4000000 Mar 27 15:42 matrix-pull
-rwxrwxr-x 1 cc cc 4000000 Mar 27 15:42 matrix-push
-rwxrwxr-x 1 cc cc      32 Mar 27 15:42 sem.matrix-pull-rsem
-rwxrwxr-x 1 cc cc      32 Mar 27 15:42 sem.matrix-pull-wsem
-rwxrwxr-x 1 cc cc      32 Mar 27 15:42 sem.matrix-push-rsem
-rwxrwxr-x 1 cc cc      32 Mar 27 15:42 sem.matrix-push-wsem
 === clean up ===
total 0
total 0
 === done ===
 *============== Launching remote tsd at 5 =============* 
 ====== tsd launch complete. You have 1 tsd instance. ====== 
cc       107735  0.0  0.0 144504  4996 ?        Sl   15:45   0:00 /home/cc/Synergy4/s4c00/cmake-build-debug/sng_tsd /home/cc/Synergy4/s4c00/etc/sng5.json /home/cc/Synergy4/s4c00/etc/synergy-log.conf
cc       107737  0.0  0.0  12944   976 ?        S    15:45   0:00 grep sng_tsd
 ============================================================ 
 === before clean up === 
~~~~~~ ls -l /tmp
total 12
-rw------- 1 cc cc 3990 Mar 27 15:45 synergy4_p2pmd_106872.log
-rw------- 1 cc cc  768 Mar 27 15:42 synergy4_parser_106872.log
-rw------- 1 cc cc 4009 Mar 27 15:44 synergy4_tsd_106872.log
srwxrwxr-x 1 cc cc    0 Mar 27 15:42 tsd1
~~~~~~ ls -l /dev/shm
total 16
-rwxrwxr-x 1 cc cc 4000000 Mar 27 15:42 matrix-pull
-rwxrwxr-x 1 cc cc 4000000 Mar 27 15:42 matrix-push
-rwxrwxr-x 1 cc cc      32 Mar 27 15:42 sem.matrix-pull-rsem
-rwxrwxr-x 1 cc cc      32 Mar 27 15:42 sem.matrix-pull-wsem
-rwxrwxr-x 1 cc cc      32 Mar 27 15:42 sem.matrix-push-rsem
-rwxrwxr-x 1 cc cc      32 Mar 27 15:42 sem.matrix-push-wsem
 === clean up ===
total 0
total 0
 === done ===
 *============== Launching remote tsd at 6 =============* 
 ====== tsd launch complete. You have 1 tsd instance. ====== 
cc       107466  0.0  0.0 144504  7088 ?        Sl   15:45   0:00 /home/cc/Synergy4/s4c00/cmake-build-debug/sng_tsd /home/cc/Synergy4/s4c00/etc/sng6.json /home/cc/Synergy4/s4c00/etc/synergy-log.conf
cc       107468  0.0  0.0  12944   968 ?        S    15:45   0:00 grep sng_tsd
 ============================================================ 
 === before clean up === 
~~~~~~ ls -l /tmp
total 12
-rw------- 1 cc cc 3990 Mar 27 15:45 synergy4_p2pmd_102537.log
-rw------- 1 cc cc  768 Mar 27 15:42 synergy4_parser_102537.log
-rw------- 1 cc cc 4009 Mar 27 15:44 synergy4_tsd_102537.log
srwxrwxr-x 1 cc cc    0 Mar 27 15:42 tsd1
~~~~~~ ls -l /dev/shm
total 16
-rwxrwxr-x 1 cc cc 4000000 Mar 27 15:42 matrix-pull
-rwxrwxr-x 1 cc cc 4000000 Mar 27 15:42 matrix-push
-rwxrwxr-x 1 cc cc      32 Mar 27 15:42 sem.matrix-pull-rsem
-rwxrwxr-x 1 cc cc      32 Mar 27 15:42 sem.matrix-pull-wsem
-rwxrwxr-x 1 cc cc      32 Mar 27 15:42 sem.matrix-push-rsem
-rwxrwxr-x 1 cc cc      32 Mar 27 15:42 sem.matrix-push-wsem
 === clean up ===
total 0
total 0
 === done ===
 *============== Launching remote tsd at 7 =============* 
 ====== tsd launch complete. You have 1 tsd instance. ====== 
cc       103131  0.0  0.0 144504  4976 ?        Sl   15:45   0:00 /home/cc/Synergy4/s4c00/cmake-build-debug/sng_tsd /home/cc/Synergy4/s4c00/etc/sng7.json /home/cc/Synergy4/s4c00/etc/synergy-log.conf
cc       103133  0.0  0.0  12944  1016 ?        S    15:45   0:00 grep sng_tsd
 ============================================================ 
 === before clean up === 
~~~~~~ ls -l /tmp
total 12
-rw------- 1 cc cc 3990 Mar 27 15:45 synergy4_p2pmd_102746.log
-rw------- 1 cc cc  768 Mar 27 15:42 synergy4_parser_102746.log
-rw------- 1 cc cc 4009 Mar 27 15:44 synergy4_tsd_102746.log
srwxrwxr-x 1 cc cc    0 Mar 27 15:42 tsd1
~~~~~~ ls -l /dev/shm
total 16
-rwxrwxr-x 1 cc cc 4000000 Mar 27 15:42 matrix-pull
-rwxrwxr-x 1 cc cc 4000000 Mar 27 15:42 matrix-push
-rwxrwxr-x 1 cc cc      32 Mar 27 15:42 sem.matrix-pull-rsem
-rwxrwxr-x 1 cc cc      32 Mar 27 15:42 sem.matrix-pull-wsem
-rwxrwxr-x 1 cc cc      32 Mar 27 15:42 sem.matrix-push-rsem
-rwxrwxr-x 1 cc cc      32 Mar 27 15:42 sem.matrix-push-wsem
 === clean up ===
total 0
total 0
 === done ===
 *============== Launching remote tsd at 8 =============* 
 ====== tsd launch complete. You have 1 tsd instance. ====== 
cc       103338  0.0  0.0 144504  7068 ?        Sl   15:45   0:00 /home/cc/Synergy4/s4c00/cmake-build-debug/sng_tsd /home/cc/Synergy4/s4c00/etc/sng8.json /home/cc/Synergy4/s4c00/etc/synergy-log.conf
cc       103340  0.0  0.0  12944   932 ?        S    15:45   0:00 grep sng_tsd
 ============================================================ 
 === before clean up === 
~~~~~~ ls -l /tmp
total 12
-rw------- 1 cc cc 3953 Mar 27 15:45 synergy4_p2pmd_96379.log
-rw------- 1 cc cc  770 Mar 27 15:42 synergy4_parser_96379.log
-rw------- 1 cc cc 3973 Mar 27 15:44 synergy4_tsd_96379.log
srwxrwxr-x 1 cc cc    0 Mar 27 15:42 tsd1
~~~~~~ ls -l /dev/shm
total 16
-rwxrwxr-x 1 cc cc 4000000 Mar 27 15:42 matrix-pull
-rwxrwxr-x 1 cc cc 4000000 Mar 27 15:42 matrix-push
-rwxrwxr-x 1 cc cc      32 Mar 27 15:42 sem.matrix-pull-rsem
-rwxrwxr-x 1 cc cc      32 Mar 27 15:42 sem.matrix-pull-wsem
-rwxrwxr-x 1 cc cc      32 Mar 27 15:42 sem.matrix-push-rsem
-rwxrwxr-x 1 cc cc      32 Mar 27 15:42 sem.matrix-push-wsem
 === clean up ===
total 0
total 0
 === done ===
 *============== Launching remote tsd at 9 =============* 
 ====== tsd launch complete. You have 1 tsd instance. ====== 
cc        96971  0.0  0.0 144504  5060 ?        Sl   15:45   0:00 /home/cc/Synergy4/s4c00/cmake-build-debug/sng_tsd /home/cc/Synergy4/s4c00/etc/sng9.json /home/cc/Synergy4/s4c00/etc/synergy-log.conf
cc        96973  0.0  0.0  12944  1092 ?        S    15:45   0:00 grep sng_tsd
 ============================================================ 
 === before clean up === 
~~~~~~ ls -l /tmp
total 12
-rw------- 1 cc cc 3953 Mar 27 15:45 synergy4_p2pmd_97335.log
-rw------- 1 cc cc  770 Mar 27 15:42 synergy4_parser_97335.log
-rw------- 1 cc cc 3973 Mar 27 15:44 synergy4_tsd_97335.log
srwxrwxr-x 1 cc cc    0 Mar 27 15:42 tsd1
~~~~~~ ls -l /dev/shm
total 16
-rwxrwxr-x 1 cc cc 4000000 Mar 27 15:42 matrix-pull
-rwxrwxr-x 1 cc cc 4000000 Mar 27 15:42 matrix-push
-rwxrwxr-x 1 cc cc      32 Mar 27 15:42 sem.matrix-pull-rsem
-rwxrwxr-x 1 cc cc      32 Mar 27 15:42 sem.matrix-pull-wsem
-rwxrwxr-x 1 cc cc      32 Mar 27 15:42 sem.matrix-push-rsem
-rwxrwxr-x 1 cc cc      32 Mar 27 15:42 sem.matrix-push-wsem
 === clean up ===
total 0
total 0
 === done ===
 *============== Launching remote tsd at 10 =============* 
 ====== tsd launch complete. You have 1 tsd instance. ====== 
cc        97932  0.0  0.0 144504  4944 ?        Sl   15:45   0:00 /home/cc/Synergy4/s4c00/cmake-build-debug/sng_tsd /home/cc/Synergy4/s4c00/etc/sng10.json /home/cc/Synergy4/s4c00/etc/synergy-log.conf
cc        97934  0.0  0.0  12944   928 ?        S    15:45   0:00 grep sng_tsd
 ============================================================ 
 === before clean up === 
~~~~~~ ls -l /tmp
total 12
-rw------- 1 cc cc 3954 Mar 27 15:45 synergy4_p2pmd_96680.log
-rw------- 1 cc cc  772 Mar 27 15:42 synergy4_parser_96680.log
-rw------- 1 cc cc 3973 Mar 27 15:44 synergy4_tsd_96680.log
srwxrwxr-x 1 cc cc    0 Mar 27 15:42 tsd1
~~~~~~ ls -l /dev/shm
total 16
-rwxrwxr-x 1 cc cc 4000000 Mar 27 15:42 matrix-pull
-rwxrwxr-x 1 cc cc 4000000 Mar 27 15:42 matrix-push
-rwxrwxr-x 1 cc cc      32 Mar 27 15:42 sem.matrix-pull-rsem
-rwxrwxr-x 1 cc cc      32 Mar 27 15:42 sem.matrix-pull-wsem
-rwxrwxr-x 1 cc cc      32 Mar 27 15:42 sem.matrix-push-rsem
-rwxrwxr-x 1 cc cc      32 Mar 27 15:42 sem.matrix-push-wsem
 === clean up ===
total 0
total 0
 === done ===
 *============== Launching remote tsd at 11 =============* 
 ====== tsd launch complete. You have 1 tsd instance. ====== 
cc        97278  0.0  0.0 144504  5040 ?        Sl   15:45   0:00 /home/cc/Synergy4/s4c00/cmake-build-debug/sng_tsd /home/cc/Synergy4/s4c00/etc/sng11.json /home/cc/Synergy4/s4c00/etc/synergy-log.conf
cc        97280  0.0  0.0  12944   964 ?        S    15:45   0:00 grep sng_tsd
 ============================================================ 
 === before clean up === 
~~~~~~ ls -l /tmp
total 12
-rw------- 1 cc cc 3953 Mar 27 15:45 synergy4_p2pmd_97257.log
-rw------- 1 cc cc  770 Mar 27 15:42 synergy4_parser_97257.log
-rw------- 1 cc cc 3973 Mar 27 15:44 synergy4_tsd_97257.log
srwxrwxr-x 1 cc cc    0 Mar 27 15:42 tsd1
~~~~~~ ls -l /dev/shm
total 16
-rwxrwxr-x 1 cc cc 4000000 Mar 27 15:42 matrix-pull
-rwxrwxr-x 1 cc cc 4000000 Mar 27 15:42 matrix-push
-rwxrwxr-x 1 cc cc      32 Mar 27 15:42 sem.matrix-pull-rsem
-rwxrwxr-x 1 cc cc      32 Mar 27 15:42 sem.matrix-pull-wsem
-rwxrwxr-x 1 cc cc      32 Mar 27 15:42 sem.matrix-push-rsem
-rwxrwxr-x 1 cc cc      32 Mar 27 15:42 sem.matrix-push-wsem
 === clean up ===
total 0
total 0
 === done ===
 *============== Launching remote tsd at 12 =============* 
 ====== tsd launch complete. You have 1 tsd instance. ====== 
cc        97856  0.0  0.0 144504  5084 ?        Sl   15:45   0:00 /home/cc/Synergy4/s4c00/cmake-build-debug/sng_tsd /home/cc/Synergy4/s4c00/etc/sng12.json /home/cc/Synergy4/s4c00/etc/synergy-log.conf
cc        97858  0.0  0.0  12944   916 ?        S    15:45   0:00 grep sng_tsd
 ============================================================ 
