 === before clean up === 
~~~~~~ ls -l /tmp
total 1708
-rw------- 1 cc cc 1390912 Mar 28 00:32 synergy4_172930.log
-rw------- 1 cc cc    8932 Mar 28 00:32 synergy4_p2pmd_172930.log
-rw------- 1 cc cc     768 Mar 28 00:29 synergy4_parser_172930.log
-rw------- 1 cc cc  337708 Mar 28 00:32 synergy4_tsd_172930.log
srwxrwxr-x 1 cc cc       0 Mar 28 00:29 tsd1
~~~~~~ ls -l /dev/shm
total 7832
-rwxrwxr-x 1 cc cc 4000000 Mar 28 00:31 matrix-pull
-rwxrwxr-x 1 cc cc 4000000 Mar 28 00:31 matrix-push
-rwxrwxr-x 1 cc cc      32 Mar 28 00:29 sem.matrix-pull-rsem
-rwxrwxr-x 1 cc cc      32 Mar 28 00:29 sem.matrix-pull-wsem
-rwxrwxr-x 1 cc cc      32 Mar 28 00:29 sem.matrix-push-rsem
-rwxrwxr-x 1 cc cc      32 Mar 28 00:29 sem.matrix-push-wsem
 === clean up ===
total 0
total 0
 === done ===
 *============== Launching remote tsd at 1 =============* 
 ====== tsd launch complete. You have 1 tsd instance. ====== 
cc       173463  0.0  0.0 144504  5016 ?        Sl   00:32   0:00 /home/cc/Synergy4/s4c00/cmake-build-debug/sng_tsd /home/cc/Synergy4/s4c00/etc/sng1.json /home/cc/Synergy4/s4c00/etc/synergy-log.conf
cc       173465  0.0  0.0  12944   936 ?        S    00:32   0:00 grep sng_tsd
 ============================================================ 
 === before clean up === 
~~~~~~ ls -l /tmp
total 32
-rw------- 1 cc cc 18061 Mar 28 00:32 synergy4_p2pmd_164539.log
-rw------- 1 cc cc   768 Mar 28 00:29 synergy4_parser_164539.log
-rw------- 1 cc cc  7107 Mar 28 00:32 synergy4_tsd_164539.log
srwxrwxr-x 1 cc cc     0 Mar 28 00:29 tsd1
~~~~~~ ls -l /dev/shm
total 16
-rwxrwxr-x 1 cc cc 4000000 Mar 28 00:29 matrix-pull
-rwxrwxr-x 1 cc cc 4000000 Mar 28 00:29 matrix-push
-rwxrwxr-x 1 cc cc      32 Mar 28 00:29 sem.matrix-pull-rsem
-rwxrwxr-x 1 cc cc      32 Mar 28 00:29 sem.matrix-pull-wsem
-rwxrwxr-x 1 cc cc      32 Mar 28 00:29 sem.matrix-push-rsem
-rwxrwxr-x 1 cc cc      32 Mar 28 00:29 sem.matrix-push-wsem
 === clean up ===
total 0
total 0
 === done ===
 *============== Launching remote tsd at 2 =============* 
 ====== tsd launch complete. You have 1 tsd instance. ====== 
cc       165139  0.0  0.0 144504  4996 ?        Sl   00:32   0:00 /home/cc/Synergy4/s4c00/cmake-build-debug/sng_tsd /home/cc/Synergy4/s4c00/etc/sng2.json /home/cc/Synergy4/s4c00/etc/synergy-log.conf
cc       165141  0.0  0.0  12944  1008 ?        S    00:32   0:00 grep sng_tsd
 ============================================================ 
 === before clean up === 
~~~~~~ ls -l /tmp
total 28
-rw------- 1 cc cc 13814 Mar 28 00:32 synergy4_p2pmd_163659.log
-rw------- 1 cc cc   764 Mar 28 00:29 synergy4_parser_163659.log
-rw------- 1 cc cc  7107 Mar 28 00:32 synergy4_tsd_163659.log
srwxrwxr-x 1 cc cc     0 Mar 28 00:29 tsd1
~~~~~~ ls -l /dev/shm
total 16
-rwxrwxr-x 1 cc cc 4000000 Mar 28 00:29 matrix-pull
-rwxrwxr-x 1 cc cc 4000000 Mar 28 00:29 matrix-push
-rwxrwxr-x 1 cc cc      32 Mar 28 00:29 sem.matrix-pull-rsem
-rwxrwxr-x 1 cc cc      32 Mar 28 00:29 sem.matrix-pull-wsem
-rwxrwxr-x 1 cc cc      32 Mar 28 00:29 sem.matrix-push-rsem
-rwxrwxr-x 1 cc cc      32 Mar 28 00:29 sem.matrix-push-wsem
 === clean up ===
total 0
total 0
 === done ===
 *============== Launching remote tsd at 3 =============* 
 ====== tsd launch complete. You have 1 tsd instance. ====== 
cc       164261  0.0  0.0 144504  5056 ?        Sl   00:32   0:00 /home/cc/Synergy4/s4c00/cmake-build-debug/sng_tsd /home/cc/Synergy4/s4c00/etc/sng3.json /home/cc/Synergy4/s4c00/etc/synergy-log.conf
cc       164263  0.0  0.0  12944  1084 ?        S    00:32   0:00 grep sng_tsd
 ============================================================ 
 === before clean up === 
~~~~~~ ls -l /tmp
total 16
-rw------- 1 cc cc 4179 Mar 28 00:32 synergy4_p2pmd_599.log
-rw------- 1 cc cc  768 Mar 28 00:29 synergy4_parser_599.log
-rw------- 1 cc cc 3901 Mar 28 00:30 synergy4_tsd_599.log
srwxrwxr-x 1 cc cc    0 Mar 28 00:29 tsd1
~~~~~~ ls -l /dev/shm
total 16
-rwxrwxr-x 1 cc cc 4000000 Mar 28 00:29 matrix-pull
-rwxrwxr-x 1 cc cc 4000000 Mar 28 00:29 matrix-push
-rwxrwxr-x 1 cc cc      32 Mar 28 00:29 sem.matrix-pull-rsem
-rwxrwxr-x 1 cc cc      32 Mar 28 00:29 sem.matrix-pull-wsem
-rwxrwxr-x 1 cc cc      32 Mar 28 00:29 sem.matrix-push-rsem
-rwxrwxr-x 1 cc cc      32 Mar 28 00:29 sem.matrix-push-wsem
 === clean up ===
total 0
total 0
 === done ===
 *============== Launching remote tsd at 4 =============* 
 ====== tsd launch complete. You have 1 tsd instance. ====== 
cc         1228  0.0  0.0 144504  5024 ?        Sl   00:32   0:00 /home/cc/Synergy4/s4c00/cmake-build-debug/sng_tsd /home/cc/Synergy4/s4c00/etc/sng4.json /home/cc/Synergy4/s4c00/etc/synergy-log.conf
cc         1230  0.0  0.0  12944   968 ?        S    00:32   0:00 grep sng_tsd
 ============================================================ 
 === before clean up === 
~~~~~~ ls -l /tmp
total 16
-rw------- 1 cc cc 6322 Mar 28 00:32 synergy4_p2pmd_146447.log
-rw------- 1 cc cc  768 Mar 28 00:29 synergy4_parser_146447.log
-rw------- 1 cc cc 4009 Mar 28 00:30 synergy4_tsd_146447.log
srwxrwxr-x 1 cc cc    0 Mar 28 00:29 tsd1
~~~~~~ ls -l /dev/shm
total 16
-rwxrwxr-x 1 cc cc 4000000 Mar 28 00:29 matrix-pull
-rwxrwxr-x 1 cc cc 4000000 Mar 28 00:29 matrix-push
-rwxrwxr-x 1 cc cc      32 Mar 28 00:29 sem.matrix-pull-rsem
-rwxrwxr-x 1 cc cc      32 Mar 28 00:29 sem.matrix-pull-wsem
-rwxrwxr-x 1 cc cc      32 Mar 28 00:29 sem.matrix-push-rsem
-rwxrwxr-x 1 cc cc      32 Mar 28 00:29 sem.matrix-push-wsem
 === clean up ===
total 0
total 0
 === done ===
 *============== Launching remote tsd at 5 =============* 
 ====== tsd launch complete. You have 1 tsd instance. ====== 
cc       147041  0.0  0.0 144504  7108 ?        Sl   00:32   0:00 /home/cc/Synergy4/s4c00/cmake-build-debug/sng_tsd /home/cc/Synergy4/s4c00/etc/sng5.json /home/cc/Synergy4/s4c00/etc/synergy-log.conf
cc       147043  0.0  0.0  12944   884 ?        S    00:32   0:00 grep sng_tsd
 ============================================================ 
 === before clean up === 
~~~~~~ ls -l /tmp
total 16
-rw------- 1 cc cc 4302 Mar 28 00:32 synergy4_p2pmd_146147.log
-rw------- 1 cc cc  768 Mar 28 00:29 synergy4_parser_146147.log
-rw------- 1 cc cc 4009 Mar 28 00:30 synergy4_tsd_146147.log
srwxrwxr-x 1 cc cc    0 Mar 28 00:29 tsd1
~~~~~~ ls -l /dev/shm
total 16
-rwxrwxr-x 1 cc cc 4000000 Mar 28 00:29 matrix-pull
-rwxrwxr-x 1 cc cc 4000000 Mar 28 00:29 matrix-push
-rwxrwxr-x 1 cc cc      32 Mar 28 00:29 sem.matrix-pull-rsem
-rwxrwxr-x 1 cc cc      32 Mar 28 00:29 sem.matrix-pull-wsem
-rwxrwxr-x 1 cc cc      32 Mar 28 00:29 sem.matrix-push-rsem
-rwxrwxr-x 1 cc cc      32 Mar 28 00:29 sem.matrix-push-wsem
 === clean up ===
total 0
total 0
 === done ===
 *============== Launching remote tsd at 6 =============* 
 ====== tsd launch complete. You have 1 tsd instance. ====== 
cc       146730  0.0  0.0 144504  7100 ?        Sl   00:32   0:00 /home/cc/Synergy4/s4c00/cmake-build-debug/sng_tsd /home/cc/Synergy4/s4c00/etc/sng6.json /home/cc/Synergy4/s4c00/etc/synergy-log.conf
cc       146732  0.0  0.0  12944  1012 ?        S    00:32   0:00 grep sng_tsd
 ============================================================ 
 === before clean up === 
~~~~~~ ls -l /tmp
total 16
-rw------- 1 cc cc 4302 Mar 28 00:32 synergy4_p2pmd_141852.log
-rw------- 1 cc cc  768 Mar 28 00:29 synergy4_parser_141852.log
-rw------- 1 cc cc 4009 Mar 28 00:30 synergy4_tsd_141852.log
srwxrwxr-x 1 cc cc    0 Mar 28 00:29 tsd1
~~~~~~ ls -l /dev/shm
total 16
-rwxrwxr-x 1 cc cc 4000000 Mar 28 00:29 matrix-pull
-rwxrwxr-x 1 cc cc 4000000 Mar 28 00:29 matrix-push
-rwxrwxr-x 1 cc cc      32 Mar 28 00:29 sem.matrix-pull-rsem
-rwxrwxr-x 1 cc cc      32 Mar 28 00:29 sem.matrix-pull-wsem
-rwxrwxr-x 1 cc cc      32 Mar 28 00:29 sem.matrix-push-rsem
-rwxrwxr-x 1 cc cc      32 Mar 28 00:29 sem.matrix-push-wsem
 === clean up ===
total 0
total 0
 === done ===
 *============== Launching remote tsd at 7 =============* 
 ====== tsd launch complete. You have 1 tsd instance. ====== 
cc       142433  0.0  0.0 144504  7060 ?        Sl   00:32   0:00 /home/cc/Synergy4/s4c00/cmake-build-debug/sng_tsd /home/cc/Synergy4/s4c00/etc/sng7.json /home/cc/Synergy4/s4c00/etc/synergy-log.conf
cc       142435  0.0  0.0  12944   940 ?        S    00:32   0:00 grep sng_tsd
 ============================================================ 
 === before clean up === 
~~~~~~ ls -l /tmp
total 16
-rw------- 1 cc cc 4302 Mar 28 00:32 synergy4_p2pmd_141954.log
-rw------- 1 cc cc  768 Mar 28 00:29 synergy4_parser_141954.log
-rw------- 1 cc cc 4009 Mar 28 00:30 synergy4_tsd_141954.log
srwxrwxr-x 1 cc cc    0 Mar 28 00:29 tsd1
~~~~~~ ls -l /dev/shm
total 16
-rwxrwxr-x 1 cc cc 4000000 Mar 28 00:29 matrix-pull
-rwxrwxr-x 1 cc cc 4000000 Mar 28 00:29 matrix-push
-rwxrwxr-x 1 cc cc      32 Mar 28 00:29 sem.matrix-pull-rsem
-rwxrwxr-x 1 cc cc      32 Mar 28 00:29 sem.matrix-pull-wsem
-rwxrwxr-x 1 cc cc      32 Mar 28 00:29 sem.matrix-push-rsem
-rwxrwxr-x 1 cc cc      32 Mar 28 00:29 sem.matrix-push-wsem
 === clean up ===
total 0
total 0
 === done ===
 *============== Launching remote tsd at 8 =============* 
 ====== tsd launch complete. You have 1 tsd instance. ====== 
cc       142551  0.0  0.0 144504  4908 ?        Sl   00:32   0:00 /home/cc/Synergy4/s4c00/cmake-build-debug/sng_tsd /home/cc/Synergy4/s4c00/etc/sng8.json /home/cc/Synergy4/s4c00/etc/synergy-log.conf
cc       142553  0.0  0.0  12944   988 ?        S    00:32   0:00 grep sng_tsd
 ============================================================ 
 === before clean up === 
~~~~~~ ls -l /tmp
total 16
-rw------- 1 cc cc 4303 Mar 28 00:32 synergy4_p2pmd_135425.log
-rw------- 1 cc cc  770 Mar 28 00:29 synergy4_parser_135425.log
-rw------- 1 cc cc 4009 Mar 28 00:30 synergy4_tsd_135425.log
srwxrwxr-x 1 cc cc    0 Mar 28 00:29 tsd1
~~~~~~ ls -l /dev/shm
total 16
-rwxrwxr-x 1 cc cc 4000000 Mar 28 00:29 matrix-pull
-rwxrwxr-x 1 cc cc 4000000 Mar 28 00:29 matrix-push
-rwxrwxr-x 1 cc cc      32 Mar 28 00:29 sem.matrix-pull-rsem
-rwxrwxr-x 1 cc cc      32 Mar 28 00:29 sem.matrix-pull-wsem
-rwxrwxr-x 1 cc cc      32 Mar 28 00:29 sem.matrix-push-rsem
-rwxrwxr-x 1 cc cc      32 Mar 28 00:29 sem.matrix-push-wsem
 === clean up ===
total 0
total 0
 === done ===
 *============== Launching remote tsd at 9 =============* 
 ====== tsd launch complete. You have 1 tsd instance. ====== 
cc       136021  0.0  0.0 144504  7036 ?        Sl   00:32   0:00 /home/cc/Synergy4/s4c00/cmake-build-debug/sng_tsd /home/cc/Synergy4/s4c00/etc/sng9.json /home/cc/Synergy4/s4c00/etc/synergy-log.conf
cc       136023  0.0  0.0  12944  1016 ?        S    00:32   0:00 grep sng_tsd
 ============================================================ 
 === before clean up === 
~~~~~~ ls -l /tmp
total 16
-rw------- 1 cc cc 4303 Mar 28 00:32 synergy4_p2pmd_136483.log
-rw------- 1 cc cc  770 Mar 28 00:29 synergy4_parser_136483.log
-rw------- 1 cc cc 4009 Mar 28 00:30 synergy4_tsd_136483.log
srwxrwxr-x 1 cc cc    0 Mar 28 00:29 tsd1
~~~~~~ ls -l /dev/shm
total 16
-rwxrwxr-x 1 cc cc 4000000 Mar 28 00:29 matrix-pull
-rwxrwxr-x 1 cc cc 4000000 Mar 28 00:29 matrix-push
-rwxrwxr-x 1 cc cc      32 Mar 28 00:29 sem.matrix-pull-rsem
-rwxrwxr-x 1 cc cc      32 Mar 28 00:29 sem.matrix-pull-wsem
-rwxrwxr-x 1 cc cc      32 Mar 28 00:29 sem.matrix-push-rsem
-rwxrwxr-x 1 cc cc      32 Mar 28 00:29 sem.matrix-push-wsem
 === clean up ===
total 0
total 0
 === done ===
 *============== Launching remote tsd at 10 =============* 
 ====== tsd launch complete. You have 1 tsd instance. ====== 
cc       137071  0.0  0.0 144504  5040 ?        Sl   00:32   0:00 /home/cc/Synergy4/s4c00/cmake-build-debug/sng_tsd /home/cc/Synergy4/s4c00/etc/sng10.json /home/cc/Synergy4/s4c00/etc/synergy-log.conf
cc       137073  0.0  0.0  12944  1012 ?        S    00:32   0:00 grep sng_tsd
 ============================================================ 
 === before clean up === 
~~~~~~ ls -l /tmp
total 16
-rw------- 1 cc cc 5115 Mar 28 00:32 synergy4_p2pmd_135714.log
-rw------- 1 cc cc  772 Mar 28 00:29 synergy4_parser_135714.log
-rw------- 1 cc cc 4009 Mar 28 00:30 synergy4_tsd_135714.log
srwxrwxr-x 1 cc cc    0 Mar 28 00:29 tsd1
~~~~~~ ls -l /dev/shm
total 16
-rwxrwxr-x 1 cc cc 4000000 Mar 28 00:29 matrix-pull
-rwxrwxr-x 1 cc cc 4000000 Mar 28 00:29 matrix-push
-rwxrwxr-x 1 cc cc      32 Mar 28 00:29 sem.matrix-pull-rsem
-rwxrwxr-x 1 cc cc      32 Mar 28 00:29 sem.matrix-pull-wsem
-rwxrwxr-x 1 cc cc      32 Mar 28 00:29 sem.matrix-push-rsem
-rwxrwxr-x 1 cc cc      32 Mar 28 00:29 sem.matrix-push-wsem
 === clean up ===
total 0
total 0
 === done ===
 *============== Launching remote tsd at 11 =============* 
 ====== tsd launch complete. You have 1 tsd instance. ====== 
cc       136302  0.0  0.0 144504  5056 ?        Sl   00:32   0:00 /home/cc/Synergy4/s4c00/cmake-build-debug/sng_tsd /home/cc/Synergy4/s4c00/etc/sng11.json /home/cc/Synergy4/s4c00/etc/synergy-log.conf
cc       136304  0.0  0.0  12944  1020 ?        S    00:32   0:00 grep sng_tsd
 ============================================================ 
 === before clean up === 
~~~~~~ ls -l /tmp
total 16
-rw------- 1 cc cc 4407 Mar 28 00:32 synergy4_p2pmd_136260.log
-rw------- 1 cc cc  770 Mar 28 00:29 synergy4_parser_136260.log
-rw------- 1 cc cc 4009 Mar 28 00:30 synergy4_tsd_136260.log
srwxrwxr-x 1 cc cc    0 Mar 28 00:29 tsd1
~~~~~~ ls -l /dev/shm
total 16
-rwxrwxr-x 1 cc cc 4000000 Mar 28 00:29 matrix-pull
-rwxrwxr-x 1 cc cc 4000000 Mar 28 00:29 matrix-push
-rwxrwxr-x 1 cc cc      32 Mar 28 00:29 sem.matrix-pull-rsem
-rwxrwxr-x 1 cc cc      32 Mar 28 00:29 sem.matrix-pull-wsem
-rwxrwxr-x 1 cc cc      32 Mar 28 00:29 sem.matrix-push-rsem
-rwxrwxr-x 1 cc cc      32 Mar 28 00:29 sem.matrix-push-wsem
 === clean up ===
total 0
total 0
 === done ===
 *============== Launching remote tsd at 12 =============* 
 ====== tsd launch complete. You have 1 tsd instance. ====== 
cc       136849  0.0  0.0 144504  5116 ?        Sl   00:32   0:00 /home/cc/Synergy4/s4c00/cmake-build-debug/sng_tsd /home/cc/Synergy4/s4c00/etc/sng12.json /home/cc/Synergy4/s4c00/etc/synergy-log.conf
cc       136851  0.0  0.0  12944  1012 ?        S    00:32   0:00 grep sng_tsd
 ============================================================ 
