 === before clean up === 
~~~~~~ ls -l /tmp
total 1204
-rw------- 1 cc cc 802064 Mar 27 14:46 synergy4_123909.log
-rw------- 1 cc cc   9092 Mar 27 14:46 synergy4_p2pmd_123909.log
-rw------- 1 cc cc    768 Mar 27 14:43 synergy4_parser_123909.log
-rw------- 1 cc cc 412477 Mar 27 14:46 synergy4_tsd_123909.log
srwxrwxr-x 1 cc cc      0 Mar 27 14:43 tsd1
~~~~~~ ls -l /dev/shm
total 7832
-rwxrwxr-x 1 cc cc 4000000 Mar 27 14:45 matrix-pull
-rwxrwxr-x 1 cc cc 4000000 Mar 27 14:45 matrix-push
-rwxrwxr-x 1 cc cc      32 Mar 27 14:43 sem.matrix-pull-rsem
-rwxrwxr-x 1 cc cc      32 Mar 27 14:43 sem.matrix-pull-wsem
-rwxrwxr-x 1 cc cc      32 Mar 27 14:43 sem.matrix-push-rsem
-rwxrwxr-x 1 cc cc      32 Mar 27 14:43 sem.matrix-push-wsem
 === clean up ===
total 0
total 0
 === done ===
 *============== Launching remote tsd at 1 =============* 
 ====== tsd launch complete. You have 1 tsd instance. ====== 
cc       124444  0.0  0.0 144504  4956 ?        Sl   14:46   0:00 /home/cc/Synergy4/s4c00/cmake-build-debug/sng_tsd /home/cc/Synergy4/s4c00/etc/sng1.json /home/cc/Synergy4/s4c00/etc/synergy-log.conf
cc       124446  0.0  0.0  12944   932 ?        S    14:46   0:00 grep sng_tsd
 ============================================================ 
 === before clean up === 
~~~~~~ ls -l /tmp
total 24
-rw------- 1 cc cc 12161 Mar 27 14:46 synergy4_p2pmd_113214.log
-rw------- 1 cc cc   768 Mar 27 14:44 synergy4_parser_113214.log
-rw------- 1 cc cc  7107 Mar 27 14:46 synergy4_tsd_113214.log
srwxrwxr-x 1 cc cc     0 Mar 27 14:44 tsd1
~~~~~~ ls -l /dev/shm
total 16
-rwxrwxr-x 1 cc cc 4000000 Mar 27 14:44 matrix-pull
-rwxrwxr-x 1 cc cc 4000000 Mar 27 14:44 matrix-push
-rwxrwxr-x 1 cc cc      32 Mar 27 14:44 sem.matrix-pull-rsem
-rwxrwxr-x 1 cc cc      32 Mar 27 14:44 sem.matrix-pull-wsem
-rwxrwxr-x 1 cc cc      32 Mar 27 14:44 sem.matrix-push-rsem
-rwxrwxr-x 1 cc cc      32 Mar 27 14:44 sem.matrix-push-wsem
 === clean up ===
total 0
total 0
 === done ===
 *============== Launching remote tsd at 2 =============* 
 ====== tsd launch complete. You have 1 tsd instance. ====== 
cc       113803  0.0  0.0 144504  4908 ?        Sl   14:46   0:00 /home/cc/Synergy4/s4c00/cmake-build-debug/sng_tsd /home/cc/Synergy4/s4c00/etc/sng2.json /home/cc/Synergy4/s4c00/etc/synergy-log.conf
cc       113805  0.0  0.0  12944   988 ?        S    14:46   0:00 grep sng_tsd
 ============================================================ 
 === before clean up === 
~~~~~~ ls -l /tmp
total 24
-rw------- 1 cc cc 12270 Mar 27 14:46 synergy4_p2pmd_112484.log
-rw------- 1 cc cc   764 Mar 27 14:44 synergy4_parser_112484.log
-rw------- 1 cc cc  7107 Mar 27 14:46 synergy4_tsd_112484.log
srwxrwxr-x 1 cc cc     0 Mar 27 14:44 tsd1
~~~~~~ ls -l /dev/shm
total 16
-rwxrwxr-x 1 cc cc 4000000 Mar 27 14:44 matrix-pull
-rwxrwxr-x 1 cc cc 4000000 Mar 27 14:44 matrix-push
-rwxrwxr-x 1 cc cc      32 Mar 27 14:44 sem.matrix-pull-rsem
-rwxrwxr-x 1 cc cc      32 Mar 27 14:44 sem.matrix-pull-wsem
-rwxrwxr-x 1 cc cc      32 Mar 27 14:44 sem.matrix-push-rsem
-rwxrwxr-x 1 cc cc      32 Mar 27 14:44 sem.matrix-push-wsem
 === clean up ===
total 0
total 0
 === done ===
 *============== Launching remote tsd at 3 =============* 
 ====== tsd launch complete. You have 1 tsd instance. ====== 
cc       113076  0.0  0.0 144504  5084 ?        Sl   14:46   0:00 /home/cc/Synergy4/s4c00/cmake-build-debug/sng_tsd /home/cc/Synergy4/s4c00/etc/sng3.json /home/cc/Synergy4/s4c00/etc/synergy-log.conf
cc       113078  0.0  0.0  12944  1084 ?        S    14:46   0:00 grep sng_tsd
 ============================================================ 
 === before clean up === 
~~~~~~ ls -l /tmp
total 12
-rw------- 1 cc cc 3128 Mar 27 14:46 synergy4_p2pmd_96212.log
-rw------- 1 cc cc  768 Mar 27 14:44 synergy4_parser_96212.log
-rw------- 1 cc cc 3973 Mar 27 14:45 synergy4_tsd_96212.log
srwxrwxr-x 1 cc cc    0 Mar 27 14:44 tsd1
~~~~~~ ls -l /dev/shm
total 16
-rwxrwxr-x 1 cc cc 4000000 Mar 27 14:44 matrix-pull
-rwxrwxr-x 1 cc cc 4000000 Mar 27 14:44 matrix-push
-rwxrwxr-x 1 cc cc      32 Mar 27 14:44 sem.matrix-pull-rsem
-rwxrwxr-x 1 cc cc      32 Mar 27 14:44 sem.matrix-pull-wsem
-rwxrwxr-x 1 cc cc      32 Mar 27 14:44 sem.matrix-push-rsem
-rwxrwxr-x 1 cc cc      32 Mar 27 14:44 sem.matrix-push-wsem
 === clean up ===
total 0
total 0
 === done ===
 *============== Launching remote tsd at 4 =============* 
 ====== tsd launch complete. You have 1 tsd instance. ====== 
cc        96840  0.0  0.0 144504  5120 ?        Sl   14:46   0:00 /home/cc/Synergy4/s4c00/cmake-build-debug/sng_tsd /home/cc/Synergy4/s4c00/etc/sng4.json /home/cc/Synergy4/s4c00/etc/synergy-log.conf
cc        96842  0.0  0.0  12944  1008 ?        S    14:46   0:00 grep sng_tsd
 ============================================================ 
 === before clean up === 
~~~~~~ ls -l /tmp
total 12
-rw------- 1 cc cc 3128 Mar 27 14:46 synergy4_p2pmd_95308.log
-rw------- 1 cc cc  768 Mar 27 14:44 synergy4_parser_95308.log
-rw------- 1 cc cc 3973 Mar 27 14:45 synergy4_tsd_95308.log
srwxrwxr-x 1 cc cc    0 Mar 27 14:44 tsd1
~~~~~~ ls -l /dev/shm
total 16
-rwxrwxr-x 1 cc cc 4000000 Mar 27 14:44 matrix-pull
-rwxrwxr-x 1 cc cc 4000000 Mar 27 14:44 matrix-push
-rwxrwxr-x 1 cc cc      32 Mar 27 14:44 sem.matrix-pull-rsem
-rwxrwxr-x 1 cc cc      32 Mar 27 14:44 sem.matrix-pull-wsem
-rwxrwxr-x 1 cc cc      32 Mar 27 14:44 sem.matrix-push-rsem
-rwxrwxr-x 1 cc cc      32 Mar 27 14:44 sem.matrix-push-wsem
 === clean up ===
total 0
total 0
 === done ===
 *============== Launching remote tsd at 5 =============* 
 ====== tsd launch complete. You have 1 tsd instance. ====== 
cc        95892  0.0  0.0 144504  7068 ?        Sl   14:46   0:00 /home/cc/Synergy4/s4c00/cmake-build-debug/sng_tsd /home/cc/Synergy4/s4c00/etc/sng5.json /home/cc/Synergy4/s4c00/etc/synergy-log.conf
cc        95894  0.0  0.0  12944  1020 ?        S    14:46   0:00 grep sng_tsd
 ============================================================ 
 === before clean up === 
~~~~~~ ls -l /tmp
total 12
-rw------- 1 cc cc 3128 Mar 27 14:46 synergy4_p2pmd_95002.log
-rw------- 1 cc cc  768 Mar 27 14:44 synergy4_parser_95002.log
-rw------- 1 cc cc 3973 Mar 27 14:45 synergy4_tsd_95002.log
srwxrwxr-x 1 cc cc    0 Mar 27 14:44 tsd1
~~~~~~ ls -l /dev/shm
total 16
-rwxrwxr-x 1 cc cc 4000000 Mar 27 14:44 matrix-pull
-rwxrwxr-x 1 cc cc 4000000 Mar 27 14:44 matrix-push
-rwxrwxr-x 1 cc cc      32 Mar 27 14:44 sem.matrix-pull-rsem
-rwxrwxr-x 1 cc cc      32 Mar 27 14:44 sem.matrix-pull-wsem
-rwxrwxr-x 1 cc cc      32 Mar 27 14:44 sem.matrix-push-rsem
-rwxrwxr-x 1 cc cc      32 Mar 27 14:44 sem.matrix-push-wsem
 === clean up ===
total 0
total 0
 === done ===
 *============== Launching remote tsd at 6 =============* 
 ====== tsd launch complete. You have 1 tsd instance. ====== 
cc        95592  0.0  0.0 144504  5012 ?        Sl   14:46   0:00 /home/cc/Synergy4/s4c00/cmake-build-debug/sng_tsd /home/cc/Synergy4/s4c00/etc/sng6.json /home/cc/Synergy4/s4c00/etc/synergy-log.conf
cc        95594  0.0  0.0  12944   988 ?        S    14:46   0:00 grep sng_tsd
 ============================================================ 
 === before clean up === 
~~~~~~ ls -l /tmp
total 12
-rw------- 1 cc cc 3128 Mar 27 14:46 synergy4_p2pmd_90701.log
-rw------- 1 cc cc  768 Mar 27 14:44 synergy4_parser_90701.log
-rw------- 1 cc cc 3973 Mar 27 14:45 synergy4_tsd_90701.log
srwxrwxr-x 1 cc cc    0 Mar 27 14:44 tsd1
~~~~~~ ls -l /dev/shm
total 16
-rwxrwxr-x 1 cc cc 4000000 Mar 27 14:44 matrix-pull
-rwxrwxr-x 1 cc cc 4000000 Mar 27 14:44 matrix-push
-rwxrwxr-x 1 cc cc      32 Mar 27 14:44 sem.matrix-pull-rsem
-rwxrwxr-x 1 cc cc      32 Mar 27 14:44 sem.matrix-pull-wsem
-rwxrwxr-x 1 cc cc      32 Mar 27 14:44 sem.matrix-push-rsem
-rwxrwxr-x 1 cc cc      32 Mar 27 14:44 sem.matrix-push-wsem
 === clean up ===
total 0
total 0
 === done ===
 *============== Launching remote tsd at 7 =============* 
 ====== tsd launch complete. You have 1 tsd instance. ====== 
cc        91284  0.0  0.0 144504  4952 ?        Sl   14:46   0:00 /home/cc/Synergy4/s4c00/cmake-build-debug/sng_tsd /home/cc/Synergy4/s4c00/etc/sng7.json /home/cc/Synergy4/s4c00/etc/synergy-log.conf
cc        91286  0.0  0.0  12944  1088 ?        S    14:46   0:00 grep sng_tsd
 ============================================================ 
 === before clean up === 
~~~~~~ ls -l /tmp
total 12
-rw------- 1 cc cc 3128 Mar 27 14:46 synergy4_p2pmd_90895.log
-rw------- 1 cc cc  768 Mar 27 14:44 synergy4_parser_90895.log
-rw------- 1 cc cc 3973 Mar 27 14:45 synergy4_tsd_90895.log
srwxrwxr-x 1 cc cc    0 Mar 27 14:44 tsd1
~~~~~~ ls -l /dev/shm
total 16
-rwxrwxr-x 1 cc cc 4000000 Mar 27 14:44 matrix-pull
-rwxrwxr-x 1 cc cc 4000000 Mar 27 14:44 matrix-push
-rwxrwxr-x 1 cc cc      32 Mar 27 14:44 sem.matrix-pull-rsem
-rwxrwxr-x 1 cc cc      32 Mar 27 14:44 sem.matrix-pull-wsem
-rwxrwxr-x 1 cc cc      32 Mar 27 14:44 sem.matrix-push-rsem
-rwxrwxr-x 1 cc cc      32 Mar 27 14:44 sem.matrix-push-wsem
 === clean up ===
total 0
total 0
 === done ===
 *============== Launching remote tsd at 8 =============* 
 ====== tsd launch complete. You have 1 tsd instance. ====== 
cc        91486  0.0  0.0 144504 11184 ?        Sl   14:46   0:00 /home/cc/Synergy4/s4c00/cmake-build-debug/sng_tsd /home/cc/Synergy4/s4c00/etc/sng8.json /home/cc/Synergy4/s4c00/etc/synergy-log.conf
cc        91488  0.0  0.0  12944   932 ?        S    14:46   0:00 grep sng_tsd
 ============================================================ 
 === before clean up === 
~~~~~~ ls -l /tmp
total 12
-rw------- 1 cc cc 3432 Mar 27 14:46 synergy4_p2pmd_84526.log
-rw------- 1 cc cc  770 Mar 27 14:44 synergy4_parser_84526.log
-rw------- 1 cc cc 3973 Mar 27 14:45 synergy4_tsd_84526.log
srwxrwxr-x 1 cc cc    0 Mar 27 14:44 tsd1
~~~~~~ ls -l /dev/shm
total 16
-rwxrwxr-x 1 cc cc 4000000 Mar 27 14:44 matrix-pull
-rwxrwxr-x 1 cc cc 4000000 Mar 27 14:44 matrix-push
-rwxrwxr-x 1 cc cc      32 Mar 27 14:44 sem.matrix-pull-rsem
-rwxrwxr-x 1 cc cc      32 Mar 27 14:44 sem.matrix-pull-wsem
-rwxrwxr-x 1 cc cc      32 Mar 27 14:44 sem.matrix-push-rsem
-rwxrwxr-x 1 cc cc      32 Mar 27 14:44 sem.matrix-push-wsem
 === clean up ===
total 0
total 0
 === done ===
 *============== Launching remote tsd at 9 =============* 
 ====== tsd launch complete. You have 1 tsd instance. ====== 
cc        85112  0.0  0.0 144504  5044 ?        Sl   14:46   0:00 /home/cc/Synergy4/s4c00/cmake-build-debug/sng_tsd /home/cc/Synergy4/s4c00/etc/sng9.json /home/cc/Synergy4/s4c00/etc/synergy-log.conf
cc        85114  0.0  0.0  12944  1088 ?        S    14:46   0:00 grep sng_tsd
 ============================================================ 
 === before clean up === 
~~~~~~ ls -l /tmp
total 12
-rw------- 1 cc cc 3232 Mar 27 14:46 synergy4_p2pmd_85477.log
-rw------- 1 cc cc  770 Mar 27 14:44 synergy4_parser_85477.log
-rw------- 1 cc cc 3973 Mar 27 14:45 synergy4_tsd_85477.log
srwxrwxr-x 1 cc cc    0 Mar 27 14:44 tsd1
~~~~~~ ls -l /dev/shm
total 16
-rwxrwxr-x 1 cc cc 4000000 Mar 27 14:44 matrix-pull
-rwxrwxr-x 1 cc cc 4000000 Mar 27 14:44 matrix-push
-rwxrwxr-x 1 cc cc      32 Mar 27 14:44 sem.matrix-pull-rsem
-rwxrwxr-x 1 cc cc      32 Mar 27 14:44 sem.matrix-pull-wsem
-rwxrwxr-x 1 cc cc      32 Mar 27 14:44 sem.matrix-push-rsem
-rwxrwxr-x 1 cc cc      32 Mar 27 14:44 sem.matrix-push-wsem
 === clean up ===
total 0
total 0
 === done ===
 *============== Launching remote tsd at 10 =============* 
 ====== tsd launch complete. You have 1 tsd instance. ====== 
cc        86061  0.0  0.0 144504  7072 ?        Sl   14:46   0:00 /home/cc/Synergy4/s4c00/cmake-build-debug/sng_tsd /home/cc/Synergy4/s4c00/etc/sng10.json /home/cc/Synergy4/s4c00/etc/synergy-log.conf
cc        86063  0.0  0.0  12944   928 ?        S    14:46   0:00 grep sng_tsd
 ============================================================ 
 === before clean up === 
~~~~~~ ls -l /tmp
total 12
-rw------- 1 cc cc 3233 Mar 27 14:46 synergy4_p2pmd_84801.log
-rw------- 1 cc cc  772 Mar 27 14:44 synergy4_parser_84801.log
-rw------- 1 cc cc 3973 Mar 27 14:45 synergy4_tsd_84801.log
srwxrwxr-x 1 cc cc    0 Mar 27 14:44 tsd1
~~~~~~ ls -l /dev/shm
total 16
-rwxrwxr-x 1 cc cc 4000000 Mar 27 14:44 matrix-pull
-rwxrwxr-x 1 cc cc 4000000 Mar 27 14:44 matrix-push
-rwxrwxr-x 1 cc cc      32 Mar 27 14:44 sem.matrix-pull-rsem
-rwxrwxr-x 1 cc cc      32 Mar 27 14:44 sem.matrix-pull-wsem
-rwxrwxr-x 1 cc cc      32 Mar 27 14:44 sem.matrix-push-rsem
-rwxrwxr-x 1 cc cc      32 Mar 27 14:44 sem.matrix-push-wsem
 === clean up ===
total 0
total 0
 === done ===
 *============== Launching remote tsd at 11 =============* 
 ====== tsd launch complete. You have 1 tsd instance. ====== 
cc        85387  0.0  0.0 144504  5056 ?        Sl   14:46   0:00 /home/cc/Synergy4/s4c00/cmake-build-debug/sng_tsd /home/cc/Synergy4/s4c00/etc/sng11.json /home/cc/Synergy4/s4c00/etc/synergy-log.conf
cc        85389  0.0  0.0  12944   924 ?        S    14:46   0:00 grep sng_tsd
 ============================================================ 
 === before clean up === 
~~~~~~ ls -l /tmp
total 12
-rw------- 1 cc cc 3232 Mar 27 14:46 synergy4_p2pmd_85391.log
-rw------- 1 cc cc  770 Mar 27 14:44 synergy4_parser_85391.log
-rw------- 1 cc cc 3973 Mar 27 14:45 synergy4_tsd_85391.log
srwxrwxr-x 1 cc cc    0 Mar 27 14:44 tsd1
~~~~~~ ls -l /dev/shm
total 16
-rwxrwxr-x 1 cc cc 4000000 Mar 27 14:44 matrix-pull
-rwxrwxr-x 1 cc cc 4000000 Mar 27 14:44 matrix-push
-rwxrwxr-x 1 cc cc      32 Mar 27 14:44 sem.matrix-pull-rsem
-rwxrwxr-x 1 cc cc      32 Mar 27 14:44 sem.matrix-pull-wsem
-rwxrwxr-x 1 cc cc      32 Mar 27 14:44 sem.matrix-push-rsem
-rwxrwxr-x 1 cc cc      32 Mar 27 14:44 sem.matrix-push-wsem
 === clean up ===
total 0
total 0
 === done ===
 *============== Launching remote tsd at 12 =============* 
 ====== tsd launch complete. You have 1 tsd instance. ====== 
cc        85983  0.0  0.0 144504  7020 ?        Sl   14:46   0:00 /home/cc/Synergy4/s4c00/cmake-build-debug/sng_tsd /home/cc/Synergy4/s4c00/etc/sng12.json /home/cc/Synergy4/s4c00/etc/synergy-log.conf
cc        85985  0.0  0.0  12944   928 ?        S    14:46   0:00 grep sng_tsd
 ============================================================ 
