 === before clean up === 
~~~~~~ ls -l /tmp
total 1700
-rw------- 1 cc cc 1358036 Mar 27 17:59 synergy4_155365.log
-rw------- 1 cc cc   11581 Mar 27 17:59 synergy4_p2pmd_155365.log
-rw------- 1 cc cc     768 Mar 27 17:56 synergy4_parser_155365.log
-rw------- 1 cc cc  357059 Mar 27 17:59 synergy4_tsd_155365.log
srwxrwxr-x 1 cc cc       0 Mar 27 17:56 tsd1
~~~~~~ ls -l /dev/shm
total 7832
-rwxrwxr-x 1 cc cc 4000000 Mar 27 17:58 matrix-pull
-rwxrwxr-x 1 cc cc 4000000 Mar 27 17:58 matrix-push
-rwxrwxr-x 1 cc cc      32 Mar 27 17:56 sem.matrix-pull-rsem
-rwxrwxr-x 1 cc cc      32 Mar 27 17:56 sem.matrix-pull-wsem
-rwxrwxr-x 1 cc cc      32 Mar 27 17:56 sem.matrix-push-rsem
-rwxrwxr-x 1 cc cc      32 Mar 27 17:56 sem.matrix-push-wsem
 === clean up ===
total 0
total 0
 === done ===
 *============== Launching remote tsd at 1 =============* 
 ====== tsd launch complete. You have 1 tsd instance. ====== 
cc       156148  0.0  0.0 144504  6980 ?        Sl   18:00   0:00 /home/cc/Synergy4/s4c00/cmake-build-debug/sng_tsd /home/cc/Synergy4/s4c00/etc/sng1.json /home/cc/Synergy4/s4c00/etc/synergy-log.conf
cc       156150  0.0  0.0  12944  1084 ?        S    18:00   0:00 grep sng_tsd
 ============================================================ 
 === before clean up === 
~~~~~~ ls -l /tmp
total 28
-rw------- 1 cc cc 14355 Mar 27 17:59 synergy4_p2pmd_146582.log
-rw------- 1 cc cc   768 Mar 27 17:56 synergy4_parser_146582.log
-rw------- 1 cc cc  7107 Mar 27 17:59 synergy4_tsd_146582.log
srwxrwxr-x 1 cc cc     0 Mar 27 17:56 tsd1
~~~~~~ ls -l /dev/shm
total 16
-rwxrwxr-x 1 cc cc 4000000 Mar 27 17:56 matrix-pull
-rwxrwxr-x 1 cc cc 4000000 Mar 27 17:56 matrix-push
-rwxrwxr-x 1 cc cc      32 Mar 27 17:56 sem.matrix-pull-rsem
-rwxrwxr-x 1 cc cc      32 Mar 27 17:56 sem.matrix-pull-wsem
-rwxrwxr-x 1 cc cc      32 Mar 27 17:56 sem.matrix-push-rsem
-rwxrwxr-x 1 cc cc      32 Mar 27 17:56 sem.matrix-push-wsem
 === clean up ===
total 0
total 0
 === done ===
 *============== Launching remote tsd at 2 =============* 
 ====== tsd launch complete. You have 1 tsd instance. ====== 
cc       147178  0.0  0.0 144504  5024 ?        Sl   18:00   0:00 /home/cc/Synergy4/s4c00/cmake-build-debug/sng_tsd /home/cc/Synergy4/s4c00/etc/sng2.json /home/cc/Synergy4/s4c00/etc/synergy-log.conf
cc       147180  0.0  0.0  12944   928 ?        S    18:00   0:00 grep sng_tsd
 ============================================================ 
 === before clean up === 
~~~~~~ ls -l /tmp
total 28
-rw------- 1 cc cc 14452 Mar 27 18:00 synergy4_p2pmd_145883.log
-rw------- 1 cc cc   764 Mar 27 17:56 synergy4_parser_145883.log
-rw------- 1 cc cc  7107 Mar 27 17:59 synergy4_tsd_145883.log
srwxrwxr-x 1 cc cc     0 Mar 27 17:56 tsd1
~~~~~~ ls -l /dev/shm
total 16
-rwxrwxr-x 1 cc cc 4000000 Mar 27 17:56 matrix-pull
-rwxrwxr-x 1 cc cc 4000000 Mar 27 17:56 matrix-push
-rwxrwxr-x 1 cc cc      32 Mar 27 17:56 sem.matrix-pull-rsem
-rwxrwxr-x 1 cc cc      32 Mar 27 17:56 sem.matrix-pull-wsem
-rwxrwxr-x 1 cc cc      32 Mar 27 17:56 sem.matrix-push-rsem
-rwxrwxr-x 1 cc cc      32 Mar 27 17:56 sem.matrix-push-wsem
 === clean up ===
total 0
total 0
 === done ===
 *============== Launching remote tsd at 3 =============* 
 ====== tsd launch complete. You have 1 tsd instance. ====== 
cc       146479  0.0  0.0 144504  4984 ?        Sl   18:00   0:00 /home/cc/Synergy4/s4c00/cmake-build-debug/sng_tsd /home/cc/Synergy4/s4c00/etc/sng3.json /home/cc/Synergy4/s4c00/etc/synergy-log.conf
cc       146481  0.0  0.0  12944   972 ?        S    18:00   0:00 grep sng_tsd
 ============================================================ 
 === before clean up === 
~~~~~~ ls -l /tmp
total 16
-rw------- 1 cc cc 4614 Mar 27 18:00 synergy4_p2pmd_129855.log
-rw------- 1 cc cc  768 Mar 27 17:56 synergy4_parser_129855.log
-rw------- 1 cc cc 4009 Mar 27 17:58 synergy4_tsd_129855.log
srwxrwxr-x 1 cc cc    0 Mar 27 17:56 tsd1
~~~~~~ ls -l /dev/shm
total 16
-rwxrwxr-x 1 cc cc 4000000 Mar 27 17:56 matrix-pull
-rwxrwxr-x 1 cc cc 4000000 Mar 27 17:56 matrix-push
-rwxrwxr-x 1 cc cc      32 Mar 27 17:56 sem.matrix-pull-rsem
-rwxrwxr-x 1 cc cc      32 Mar 27 17:56 sem.matrix-pull-wsem
-rwxrwxr-x 1 cc cc      32 Mar 27 17:56 sem.matrix-push-rsem
-rwxrwxr-x 1 cc cc      32 Mar 27 17:56 sem.matrix-push-wsem
 === clean up ===
total 0
total 0
 === done ===
 *============== Launching remote tsd at 4 =============* 
 ====== tsd launch complete. You have 1 tsd instance. ====== 
cc       130447  0.0  0.0 144504  5016 ?        Sl   18:00   0:00 /home/cc/Synergy4/s4c00/cmake-build-debug/sng_tsd /home/cc/Synergy4/s4c00/etc/sng4.json /home/cc/Synergy4/s4c00/etc/synergy-log.conf
cc       130449  0.0  0.0  12944   968 ?        S    18:00   0:00 grep sng_tsd
 ============================================================ 
 === before clean up === 
~~~~~~ ls -l /tmp
total 16
-rw------- 1 cc cc 4614 Mar 27 18:00 synergy4_p2pmd_128620.log
-rw------- 1 cc cc  768 Mar 27 17:56 synergy4_parser_128620.log
-rw------- 1 cc cc 4009 Mar 27 17:58 synergy4_tsd_128620.log
srwxrwxr-x 1 cc cc    0 Mar 27 17:56 tsd1
~~~~~~ ls -l /dev/shm
total 16
-rwxrwxr-x 1 cc cc 4000000 Mar 27 17:56 matrix-pull
-rwxrwxr-x 1 cc cc 4000000 Mar 27 17:56 matrix-push
-rwxrwxr-x 1 cc cc      32 Mar 27 17:56 sem.matrix-pull-rsem
-rwxrwxr-x 1 cc cc      32 Mar 27 17:56 sem.matrix-pull-wsem
-rwxrwxr-x 1 cc cc      32 Mar 27 17:56 sem.matrix-push-rsem
-rwxrwxr-x 1 cc cc      32 Mar 27 17:56 sem.matrix-push-wsem
 === clean up ===
total 0
total 0
 === done ===
 *============== Launching remote tsd at 5 =============* 
 ====== tsd launch complete. You have 1 tsd instance. ====== 
cc       129220  0.0  0.0 144504  5020 ?        Sl   18:00   0:00 /home/cc/Synergy4/s4c00/cmake-build-debug/sng_tsd /home/cc/Synergy4/s4c00/etc/sng5.json /home/cc/Synergy4/s4c00/etc/synergy-log.conf
cc       129222  0.0  0.0  12944  1092 ?        S    18:00   0:00 grep sng_tsd
 ============================================================ 
 === before clean up === 
~~~~~~ ls -l /tmp
total 16
-rw------- 1 cc cc 4614 Mar 27 18:00 synergy4_p2pmd_128350.log
-rw------- 1 cc cc  768 Mar 27 17:56 synergy4_parser_128350.log
-rw------- 1 cc cc 4009 Mar 27 17:58 synergy4_tsd_128350.log
srwxrwxr-x 1 cc cc    0 Mar 27 17:56 tsd1
~~~~~~ ls -l /dev/shm
total 16
-rwxrwxr-x 1 cc cc 4000000 Mar 27 17:56 matrix-pull
-rwxrwxr-x 1 cc cc 4000000 Mar 27 17:56 matrix-push
-rwxrwxr-x 1 cc cc      32 Mar 27 17:56 sem.matrix-pull-rsem
-rwxrwxr-x 1 cc cc      32 Mar 27 17:56 sem.matrix-pull-wsem
-rwxrwxr-x 1 cc cc      32 Mar 27 17:56 sem.matrix-push-rsem
-rwxrwxr-x 1 cc cc      32 Mar 27 17:56 sem.matrix-push-wsem
 === clean up ===
total 0
total 0
 === done ===
 *============== Launching remote tsd at 6 =============* 
 ====== tsd launch complete. You have 1 tsd instance. ====== 
cc       128950  0.0  0.0 144504  5060 ?        Sl   18:00   0:00 /home/cc/Synergy4/s4c00/cmake-build-debug/sng_tsd /home/cc/Synergy4/s4c00/etc/sng6.json /home/cc/Synergy4/s4c00/etc/synergy-log.conf
cc       128952  0.0  0.0  12944  1084 ?        S    18:00   0:00 grep sng_tsd
 ============================================================ 
 === before clean up === 
~~~~~~ ls -l /tmp
total 16
-rw------- 1 cc cc 4614 Mar 27 18:00 synergy4_p2pmd_124028.log
-rw------- 1 cc cc  768 Mar 27 17:56 synergy4_parser_124028.log
-rw------- 1 cc cc 4009 Mar 27 17:58 synergy4_tsd_124028.log
srwxrwxr-x 1 cc cc    0 Mar 27 17:56 tsd1
~~~~~~ ls -l /dev/shm
total 16
-rwxrwxr-x 1 cc cc 4000000 Mar 27 17:56 matrix-pull
-rwxrwxr-x 1 cc cc 4000000 Mar 27 17:56 matrix-push
-rwxrwxr-x 1 cc cc      32 Mar 27 17:56 sem.matrix-pull-rsem
-rwxrwxr-x 1 cc cc      32 Mar 27 17:56 sem.matrix-pull-wsem
-rwxrwxr-x 1 cc cc      32 Mar 27 17:56 sem.matrix-push-rsem
-rwxrwxr-x 1 cc cc      32 Mar 27 17:56 sem.matrix-push-wsem
 === clean up ===
total 0
total 0
 === done ===
 *============== Launching remote tsd at 7 =============* 
 ====== tsd launch complete. You have 1 tsd instance. ====== 
cc       124630  0.0  0.0 144504  5012 ?        Sl   18:00   0:00 /home/cc/Synergy4/s4c00/cmake-build-debug/sng_tsd /home/cc/Synergy4/s4c00/etc/sng7.json /home/cc/Synergy4/s4c00/etc/synergy-log.conf
cc       124632  0.0  0.0  12944   968 ?        S    18:00   0:00 grep sng_tsd
 ============================================================ 
 === before clean up === 
~~~~~~ ls -l /tmp
total 16
-rw------- 1 cc cc 4614 Mar 27 18:00 synergy4_p2pmd_124232.log
-rw------- 1 cc cc  768 Mar 27 17:56 synergy4_parser_124232.log
-rw------- 1 cc cc 4009 Mar 27 17:58 synergy4_tsd_124232.log
srwxrwxr-x 1 cc cc    0 Mar 27 17:56 tsd1
~~~~~~ ls -l /dev/shm
total 16
-rwxrwxr-x 1 cc cc 4000000 Mar 27 17:56 matrix-pull
-rwxrwxr-x 1 cc cc 4000000 Mar 27 17:56 matrix-push
-rwxrwxr-x 1 cc cc      32 Mar 27 17:56 sem.matrix-pull-rsem
-rwxrwxr-x 1 cc cc      32 Mar 27 17:56 sem.matrix-pull-wsem
-rwxrwxr-x 1 cc cc      32 Mar 27 17:56 sem.matrix-push-rsem
-rwxrwxr-x 1 cc cc      32 Mar 27 17:56 sem.matrix-push-wsem
 === clean up ===
total 0
total 0
 === done ===
 *============== Launching remote tsd at 8 =============* 
 ====== tsd launch complete. You have 1 tsd instance. ====== 
cc       124821  0.0  0.0 144504  5108 ?        Sl   18:00   0:00 /home/cc/Synergy4/s4c00/cmake-build-debug/sng_tsd /home/cc/Synergy4/s4c00/etc/sng8.json /home/cc/Synergy4/s4c00/etc/synergy-log.conf
cc       124823  0.0  0.0  12944   936 ?        S    18:00   0:00 grep sng_tsd
 ============================================================ 
 === before clean up === 
~~~~~~ ls -l /tmp
total 16
-rw------- 1 cc cc 4615 Mar 27 18:00 synergy4_p2pmd_117865.log
-rw------- 1 cc cc  770 Mar 27 17:56 synergy4_parser_117865.log
-rw------- 1 cc cc 4009 Mar 27 17:58 synergy4_tsd_117865.log
srwxrwxr-x 1 cc cc    0 Mar 27 17:56 tsd1
~~~~~~ ls -l /dev/shm
total 16
-rwxrwxr-x 1 cc cc 4000000 Mar 27 17:56 matrix-pull
-rwxrwxr-x 1 cc cc 4000000 Mar 27 17:56 matrix-push
-rwxrwxr-x 1 cc cc      32 Mar 27 17:56 sem.matrix-pull-rsem
-rwxrwxr-x 1 cc cc      32 Mar 27 17:56 sem.matrix-pull-wsem
-rwxrwxr-x 1 cc cc      32 Mar 27 17:56 sem.matrix-push-rsem
-rwxrwxr-x 1 cc cc      32 Mar 27 17:56 sem.matrix-push-wsem
 === clean up ===
total 0
total 0
 === done ===
 *============== Launching remote tsd at 9 =============* 
 ====== tsd launch complete. You have 1 tsd instance. ====== 
cc       118460  0.0  0.0 144504  4988 ?        Sl   18:00   0:00 /home/cc/Synergy4/s4c00/cmake-build-debug/sng_tsd /home/cc/Synergy4/s4c00/etc/sng9.json /home/cc/Synergy4/s4c00/etc/synergy-log.conf
cc       118462  0.0  0.0  12944   964 ?        S    18:00   0:00 grep sng_tsd
 ============================================================ 
 === before clean up === 
~~~~~~ ls -l /tmp
total 16
-rw------- 1 cc cc 4719 Mar 27 18:00 synergy4_p2pmd_118870.log
-rw------- 1 cc cc  770 Mar 27 17:56 synergy4_parser_118870.log
-rw------- 1 cc cc 4009 Mar 27 17:58 synergy4_tsd_118870.log
srwxrwxr-x 1 cc cc    0 Mar 27 17:56 tsd1
~~~~~~ ls -l /dev/shm
total 16
-rwxrwxr-x 1 cc cc 4000000 Mar 27 17:56 matrix-pull
-rwxrwxr-x 1 cc cc 4000000 Mar 27 17:56 matrix-push
-rwxrwxr-x 1 cc cc      32 Mar 27 17:56 sem.matrix-pull-rsem
-rwxrwxr-x 1 cc cc      32 Mar 27 17:56 sem.matrix-pull-wsem
-rwxrwxr-x 1 cc cc      32 Mar 27 17:56 sem.matrix-push-rsem
-rwxrwxr-x 1 cc cc      32 Mar 27 17:56 sem.matrix-push-wsem
 === clean up ===
total 0
total 0
 === done ===
 *============== Launching remote tsd at 10 =============* 
 ====== tsd launch complete. You have 1 tsd instance. ====== 
cc       119464  0.0  0.0 144504  5044 ?        Sl   18:00   0:00 /home/cc/Synergy4/s4c00/cmake-build-debug/sng_tsd /home/cc/Synergy4/s4c00/etc/sng10.json /home/cc/Synergy4/s4c00/etc/synergy-log.conf
cc       119466  0.0  0.0  12944   932 ?        S    18:00   0:00 grep sng_tsd
 ============================================================ 
 === before clean up === 
~~~~~~ ls -l /tmp
total 16
-rw------- 1 cc cc 4720 Mar 27 18:00 synergy4_p2pmd_118207.log
-rw------- 1 cc cc  772 Mar 27 17:56 synergy4_parser_118207.log
-rw------- 1 cc cc 4009 Mar 27 17:58 synergy4_tsd_118207.log
srwxrwxr-x 1 cc cc    0 Mar 27 17:56 tsd1
~~~~~~ ls -l /dev/shm
total 16
-rwxrwxr-x 1 cc cc 4000000 Mar 27 17:56 matrix-pull
-rwxrwxr-x 1 cc cc 4000000 Mar 27 17:56 matrix-push
-rwxrwxr-x 1 cc cc      32 Mar 27 17:56 sem.matrix-pull-rsem
-rwxrwxr-x 1 cc cc      32 Mar 27 17:56 sem.matrix-pull-wsem
-rwxrwxr-x 1 cc cc      32 Mar 27 17:56 sem.matrix-push-rsem
-rwxrwxr-x 1 cc cc      32 Mar 27 17:56 sem.matrix-push-wsem
 === clean up ===
total 0
total 0
 === done ===
 *============== Launching remote tsd at 11 =============* 
 ====== tsd launch complete. You have 1 tsd instance. ====== 
cc       118797  0.0  0.0 144504  7004 ?        Sl   18:00   0:00 /home/cc/Synergy4/s4c00/cmake-build-debug/sng_tsd /home/cc/Synergy4/s4c00/etc/sng11.json /home/cc/Synergy4/s4c00/etc/synergy-log.conf
cc       118799  0.0  0.0  12944  1032 ?        S    18:00   0:00 grep sng_tsd
 ============================================================ 
 === before clean up === 
~~~~~~ ls -l /tmp
total 16
-rw------- 1 cc cc 4719 Mar 27 18:00 synergy4_p2pmd_118754.log
-rw------- 1 cc cc  770 Mar 27 17:56 synergy4_parser_118754.log
-rw------- 1 cc cc 4009 Mar 27 17:58 synergy4_tsd_118754.log
srwxrwxr-x 1 cc cc    0 Mar 27 17:56 tsd1
~~~~~~ ls -l /dev/shm
total 16
-rwxrwxr-x 1 cc cc 4000000 Mar 27 17:56 matrix-pull
-rwxrwxr-x 1 cc cc 4000000 Mar 27 17:56 matrix-push
-rwxrwxr-x 1 cc cc      32 Mar 27 17:56 sem.matrix-pull-rsem
-rwxrwxr-x 1 cc cc      32 Mar 27 17:56 sem.matrix-pull-wsem
-rwxrwxr-x 1 cc cc      32 Mar 27 17:56 sem.matrix-push-rsem
-rwxrwxr-x 1 cc cc      32 Mar 27 17:56 sem.matrix-push-wsem
 === clean up ===
total 0
total 0
 === done ===
 *============== Launching remote tsd at 12 =============* 
 ====== tsd launch complete. You have 1 tsd instance. ====== 
cc       119352  0.0  0.0 144504  6996 ?        Sl   18:00   0:00 /home/cc/Synergy4/s4c00/cmake-build-debug/sng_tsd /home/cc/Synergy4/s4c00/etc/sng12.json /home/cc/Synergy4/s4c00/etc/synergy-log.conf
cc       119354  0.0  0.0  12944  1028 ?        S    18:00   0:00 grep sng_tsd
 ============================================================ 
