 === before clean up === 
~~~~~~ ls -l /tmp
total 12
drwx------ 3 cc cc 4096 Mar 27 06:39 ompi.sng-1.1000
-rw------- 1 cc cc  768 Mar 27 06:39 synergy4_parser_94767.log
-rw------- 1 cc cc  326 Mar 27 06:39 synergy4_tsd_94767.log
srwxrwxr-x 1 cc cc    0 Mar 27 06:39 tsd1
~~~~~~ ls -l /dev/shm
total 0
 === clean up ===
total 0
total 0
 === done ===
 *============== Launching remote tsd at 1 =============* 
 ====== tsd launch complete. You have 1 tsd instance. ====== 
cc        95590  0.0  0.0 144504  5016 ?        Sl   06:45   0:00 /home/cc/Synergy4/s4c00/cmake-build-debug/sng_tsd /home/cc/Synergy4/s4c00/etc/sng1.json /home/cc/Synergy4/s4c00/etc/synergy-log.conf
cc        95592  0.0  0.0  12944  1088 ?        S    06:45   0:00 grep sng_tsd
 ============================================================ 
 === before clean up === 
~~~~~~ ls -l /tmp
total 32
drwx------ 3 cc cc  4096 Mar 27 06:39 ompi.sng-2.1000
-rw------- 1 cc cc 12382 Mar 27 06:24 synergy4_p2pmd_82400.log
-rw------- 1 cc cc   768 Mar 27 06:21 synergy4_parser_82400.log
-rw------- 1 cc cc  7043 Mar 27 06:23 synergy4_tsd_82400.log
srwxrwxr-x 1 cc cc     0 Mar 27 06:21 tsd1
~~~~~~ ls -l /dev/shm
total 16
-rwxrwxr-x 1 cc cc 4000000 Mar 27 06:21 matrix-pull
-rwxrwxr-x 1 cc cc 4000000 Mar 27 06:21 matrix-push
-rwxrwxr-x 1 cc cc      32 Mar 27 06:21 sem.matrix-pull-rsem
-rwxrwxr-x 1 cc cc      32 Mar 27 06:21 sem.matrix-pull-wsem
-rwxrwxr-x 1 cc cc      32 Mar 27 06:21 sem.matrix-push-rsem
-rwxrwxr-x 1 cc cc      32 Mar 27 06:21 sem.matrix-push-wsem
 === clean up ===
total 0
total 0
 === done ===
 *============== Launching remote tsd at 2 =============* 
 ====== tsd launch complete. You have 1 tsd instance. ====== 
cc        83530  0.0  0.0 144504  7156 ?        Sl   06:45   0:00 /home/cc/Synergy4/s4c00/cmake-build-debug/sng_tsd /home/cc/Synergy4/s4c00/etc/sng2.json /home/cc/Synergy4/s4c00/etc/synergy-log.conf
cc        83532  0.0  0.0  12944   936 ?        S    06:45   0:00 grep sng_tsd
 ============================================================ 
 === before clean up === 
~~~~~~ ls -l /tmp
total 40
drwx------ 3 cc cc  4096 Mar 27 06:39 ompi.sng-3.1000
-rw------- 1 cc cc 19375 Mar 27 06:24 synergy4_p2pmd_81742.log
-rw------- 1 cc cc   764 Mar 27 06:21 synergy4_parser_81742.log
-rw------- 1 cc cc  7043 Mar 27 06:23 synergy4_tsd_81742.log
srwxrwxr-x 1 cc cc     0 Mar 27 06:21 tsd1
~~~~~~ ls -l /dev/shm
total 16
-rwxrwxr-x 1 cc cc 4000000 Mar 27 06:21 matrix-pull
-rwxrwxr-x 1 cc cc 4000000 Mar 27 06:21 matrix-push
-rwxrwxr-x 1 cc cc      32 Mar 27 06:21 sem.matrix-pull-rsem
-rwxrwxr-x 1 cc cc      32 Mar 27 06:21 sem.matrix-pull-wsem
-rwxrwxr-x 1 cc cc      32 Mar 27 06:21 sem.matrix-push-rsem
-rwxrwxr-x 1 cc cc      32 Mar 27 06:21 sem.matrix-push-wsem
 === clean up ===
total 0
total 0
 === done ===
 *============== Launching remote tsd at 3 =============* 
 ====== tsd launch complete. You have 1 tsd instance. ====== 
cc        82880  0.0  0.0 144504  6992 ?        Sl   06:45   0:00 /home/cc/Synergy4/s4c00/cmake-build-debug/sng_tsd /home/cc/Synergy4/s4c00/etc/sng3.json /home/cc/Synergy4/s4c00/etc/synergy-log.conf
cc        82882  0.0  0.0  12944   936 ?        S    06:45   0:00 grep sng_tsd
 ============================================================ 
 === before clean up === 
~~~~~~ ls -l /tmp
total 16
drwx------ 3 cc cc 4096 Mar 27 06:39 ompi.sng-4.1000
-rw------- 1 cc cc 3128 Mar 27 06:24 synergy4_p2pmd_65403.log
-rw------- 1 cc cc  768 Mar 27 06:21 synergy4_parser_65403.log
-rw------- 1 cc cc 3973 Mar 27 06:23 synergy4_tsd_65403.log
srwxrwxr-x 1 cc cc    0 Mar 27 06:21 tsd1
~~~~~~ ls -l /dev/shm
total 16
-rwxrwxr-x 1 cc cc 4000000 Mar 27 06:21 matrix-pull
-rwxrwxr-x 1 cc cc 4000000 Mar 27 06:21 matrix-push
-rwxrwxr-x 1 cc cc      32 Mar 27 06:21 sem.matrix-pull-rsem
-rwxrwxr-x 1 cc cc      32 Mar 27 06:21 sem.matrix-pull-wsem
-rwxrwxr-x 1 cc cc      32 Mar 27 06:21 sem.matrix-push-rsem
-rwxrwxr-x 1 cc cc      32 Mar 27 06:21 sem.matrix-push-wsem
 === clean up ===
total 0
total 0
 === done ===
 *============== Launching remote tsd at 4 =============* 
 ====== tsd launch complete. You have 1 tsd instance. ====== 
cc        66540  0.0  0.0 144504  7096 ?        Sl   06:45   0:00 /home/cc/Synergy4/s4c00/cmake-build-debug/sng_tsd /home/cc/Synergy4/s4c00/etc/sng4.json /home/cc/Synergy4/s4c00/etc/synergy-log.conf
cc        66542  0.0  0.0  12944   928 ?        S    06:45   0:00 grep sng_tsd
 ============================================================ 
 === before clean up === 
~~~~~~ ls -l /tmp
total 16
drwx------ 3 cc cc 4096 Mar 27 06:39 ompi.sng-5.1000
-rw------- 1 cc cc 3231 Mar 27 06:24 synergy4_p2pmd_64277.log
-rw------- 1 cc cc  768 Mar 27 06:21 synergy4_parser_64277.log
-rw------- 1 cc cc 3973 Mar 27 06:23 synergy4_tsd_64277.log
srwxrwxr-x 1 cc cc    0 Mar 27 06:21 tsd1
~~~~~~ ls -l /dev/shm
total 16
-rwxrwxr-x 1 cc cc 4000000 Mar 27 06:21 matrix-pull
-rwxrwxr-x 1 cc cc 4000000 Mar 27 06:21 matrix-push
-rwxrwxr-x 1 cc cc      32 Mar 27 06:21 sem.matrix-pull-rsem
-rwxrwxr-x 1 cc cc      32 Mar 27 06:21 sem.matrix-pull-wsem
-rwxrwxr-x 1 cc cc      32 Mar 27 06:21 sem.matrix-push-rsem
-rwxrwxr-x 1 cc cc      32 Mar 27 06:21 sem.matrix-push-wsem
 === clean up ===
total 0
total 0
 === done ===
 *============== Launching remote tsd at 5 =============* 
 ====== tsd launch complete. You have 1 tsd instance. ====== 
cc        65402  0.0  0.0 144504  5048 ?        Sl   06:45   0:00 /home/cc/Synergy4/s4c00/cmake-build-debug/sng_tsd /home/cc/Synergy4/s4c00/etc/sng5.json /home/cc/Synergy4/s4c00/etc/synergy-log.conf
cc        65404  0.0  0.0  12944  1092 ?        S    06:45   0:00 grep sng_tsd
 ============================================================ 
 === before clean up === 
~~~~~~ ls -l /tmp
total 16
drwx------ 3 cc cc 4096 Mar 27 06:39 ompi.sng-6.1000
-rw------- 1 cc cc 3231 Mar 27 06:24 synergy4_p2pmd_64010.log
-rw------- 1 cc cc  768 Mar 27 06:21 synergy4_parser_64010.log
-rw------- 1 cc cc 3973 Mar 27 06:23 synergy4_tsd_64010.log
srwxrwxr-x 1 cc cc    0 Mar 27 06:21 tsd1
~~~~~~ ls -l /dev/shm
total 16
-rwxrwxr-x 1 cc cc 4000000 Mar 27 06:21 matrix-pull
-rwxrwxr-x 1 cc cc 4000000 Mar 27 06:21 matrix-push
-rwxrwxr-x 1 cc cc      32 Mar 27 06:21 sem.matrix-pull-rsem
-rwxrwxr-x 1 cc cc      32 Mar 27 06:21 sem.matrix-pull-wsem
-rwxrwxr-x 1 cc cc      32 Mar 27 06:21 sem.matrix-push-rsem
-rwxrwxr-x 1 cc cc      32 Mar 27 06:21 sem.matrix-push-wsem
 === clean up ===
total 0
total 0
 === done ===
 *============== Launching remote tsd at 6 =============* 
 ====== tsd launch complete. You have 1 tsd instance. ====== 
cc        65087  0.0  0.0 144504  4948 ?        Sl   06:45   0:00 /home/cc/Synergy4/s4c00/cmake-build-debug/sng_tsd /home/cc/Synergy4/s4c00/etc/sng6.json /home/cc/Synergy4/s4c00/etc/synergy-log.conf
cc        65089  0.0  0.0  12944  1084 ?        S    06:45   0:00 grep sng_tsd
 ============================================================ 
 === before clean up === 
~~~~~~ ls -l /tmp
total 16
drwx------ 3 cc cc 4096 Mar 27 06:39 ompi.sng-7.1000
-rw------- 1 cc cc 3231 Mar 27 06:24 synergy4_p2pmd_59726.log
-rw------- 1 cc cc  768 Mar 27 06:21 synergy4_parser_59726.log
-rw------- 1 cc cc 3973 Mar 27 06:23 synergy4_tsd_59726.log
srwxrwxr-x 1 cc cc    0 Mar 27 06:21 tsd1
~~~~~~ ls -l /dev/shm
total 16
-rwxrwxr-x 1 cc cc 4000000 Mar 27 06:21 matrix-pull
-rwxrwxr-x 1 cc cc 4000000 Mar 27 06:21 matrix-push
-rwxrwxr-x 1 cc cc      32 Mar 27 06:21 sem.matrix-pull-rsem
-rwxrwxr-x 1 cc cc      32 Mar 27 06:21 sem.matrix-pull-wsem
-rwxrwxr-x 1 cc cc      32 Mar 27 06:21 sem.matrix-push-rsem
-rwxrwxr-x 1 cc cc      32 Mar 27 06:21 sem.matrix-push-wsem
 === clean up ===
total 0
total 0
 === done ===
 *============== Launching remote tsd at 7 =============* 
 ====== tsd launch complete. You have 1 tsd instance. ====== 
cc        60803  0.0  0.0 144504  4944 ?        Sl   06:45   0:00 /home/cc/Synergy4/s4c00/cmake-build-debug/sng_tsd /home/cc/Synergy4/s4c00/etc/sng7.json /home/cc/Synergy4/s4c00/etc/synergy-log.conf
cc        60805  0.0  0.0  12944  1016 ?        S    06:45   0:00 grep sng_tsd
 ============================================================ 
 === before clean up === 
~~~~~~ ls -l /tmp
total 12
-rw------- 1 cc cc 3631 Mar 27 06:24 synergy4_p2pmd_60108.log
-rw------- 1 cc cc  768 Mar 27 06:21 synergy4_parser_60108.log
-rw------- 1 cc cc 3973 Mar 27 06:23 synergy4_tsd_60108.log
srwxrwxr-x 1 cc cc    0 Mar 27 06:21 tsd1
~~~~~~ ls -l /dev/shm
total 16
-rwxrwxr-x 1 cc cc 4000000 Mar 27 06:21 matrix-pull
-rwxrwxr-x 1 cc cc 4000000 Mar 27 06:21 matrix-push
-rwxrwxr-x 1 cc cc      32 Mar 27 06:21 sem.matrix-pull-rsem
-rwxrwxr-x 1 cc cc      32 Mar 27 06:21 sem.matrix-pull-wsem
-rwxrwxr-x 1 cc cc      32 Mar 27 06:21 sem.matrix-push-rsem
-rwxrwxr-x 1 cc cc      32 Mar 27 06:21 sem.matrix-push-wsem
 === clean up ===
total 0
total 0
 === done ===
 *============== Launching remote tsd at 8 =============* 
 ====== tsd launch complete. You have 1 tsd instance. ====== 
cc        61249  0.0  0.0 144504  5008 ?        Sl   06:45   0:00 /home/cc/Synergy4/s4c00/cmake-build-debug/sng_tsd /home/cc/Synergy4/s4c00/etc/sng8.json /home/cc/Synergy4/s4c00/etc/synergy-log.conf
cc        61251  0.0  0.0  12944  1028 ?        S    06:45   0:00 grep sng_tsd
 ============================================================ 
