./matrix_master_scale.sh: line 13: [: ==: unary operator expected
 *** Testing Matrix @8000 Group=2 4000 ***
rm: cannot remove './tsd1.log': No such file or directory
rm: cannot remove './tsd2.log': No such file or directory
rm: cannot remove './tsd1.log': No such file or directory
rm: cannot remove './tsd2.log': No such file or directory
   * -----> Success starting tsd <------- *
rm: cannot remove './matrix_worker_*.log': No such file or directory
   * -----> Successful first run <-------- *
rm: cannot remove './matrix_worker_*.log': No such file or directory
 *** Finishing Calculations *** 

killing tsd @ 1...
matrix_worker: no process found
matrix_master: no process found
mpirun: no process found
killing tsd @ 2...
matrix_worker: no process found
matrix_master: no process found
mpirun: no process found
 *** Testing Matrix @8000 Group=3 2666 ***
rm: cannot remove './tsd1.log': No such file or directory
rm: cannot remove './tsd2.log': No such file or directory
sng_tsd: no process found
rm: cannot remove './tsd1.log': No such file or directory
rm: cannot remove './tsd2.log': No such file or directory
sng_tsd: no process found
rm: cannot remove './tsd1.log': No such file or directory
rm: cannot remove './tsd2.log': No such file or directory
   * -----> Success starting tsd <------- *
rm: cannot remove './matrix_worker_*.log': No such file or directory
--------------------------------------------------------------------------
mpirun noticed that process rank 1 with PID 0 on node sng-3 exited on signal 9 (Killed).
--------------------------------------------------------------------------
mpirun: no process found
   * -----> Successful first run <-------- *
rm: cannot remove './matrix_worker_*.log': No such file or directory
--------------------------------------------------------------------------
mpirun noticed that process rank 2 with PID 0 on node sng-2 exited on signal 9 (Killed).
--------------------------------------------------------------------------
mpirun: no process found
--------------------------------------------------------------------------
mpirun noticed that process rank 1 with PID 0 on node sng-3 exited on signal 9 (Killed).
--------------------------------------------------------------------------
mpirun: no process found
 *** Finishing Calculations *** 

killing tsd @ 1...
matrix_worker: no process found
matrix_master: no process found
mpirun: no process found
killing tsd @ 2...
matrix_worker: no process found
matrix_master: no process found
mpirun: no process found
killing tsd @ 3...
matrix_worker: no process found
matrix_master: no process found
mpirun: no process found
 *** Testing Matrix @8000 Group=4 2000 ***
rm: cannot remove './tsd1.log': No such file or directory
rm: cannot remove './tsd2.log': No such file or directory
sng_tsd: no process found
rm: cannot remove './tsd1.log': No such file or directory
rm: cannot remove './tsd2.log': No such file or directory
sng_tsd: no process found
rm: cannot remove './tsd1.log': No such file or directory
rm: cannot remove './tsd2.log': No such file or directory
sng_tsd: no process found
rm: cannot remove './tsd1.log': No such file or directory
rm: cannot remove './tsd2.log': No such file or directory
   * -----> Success starting tsd <------- *
rm: cannot remove './matrix_worker_*.log': No such file or directory
   * -----> Successful first run <-------- *
rm: cannot remove './matrix_worker_*.log': No such file or directory
--------------------------------------------------------------------------
mpirun noticed that process rank 1 with PID 0 on node sng-3 exited on signal 9 (Killed).
--------------------------------------------------------------------------
mpirun: no process found
--------------------------------------------------------------------------
mpirun noticed that process rank 2 with PID 0 on node sng-4 exited on signal 9 (Killed).
--------------------------------------------------------------------------
mpirun: no process found
 *** Finishing Calculations *** 

killing tsd @ 1...
matrix_worker: no process found
matrix_master: no process found
mpirun: no process found
killing tsd @ 2...
matrix_worker: no process found
matrix_master: no process found
mpirun: no process found
killing tsd @ 3...
matrix_worker: no process found
matrix_master: no process found
mpirun: no process found
killing tsd @ 4...
matrix_worker: no process found
matrix_master: no process found
mpirun: no process found
 *** Testing Matrix @8000 Group=5 1600 ***
rm: cannot remove './tsd1.log': No such file or directory
rm: cannot remove './tsd2.log': No such file or directory
sng_tsd: no process found
rm: cannot remove './tsd1.log': No such file or directory
rm: cannot remove './tsd2.log': No such file or directory
sng_tsd: no process found
rm: cannot remove './tsd1.log': No such file or directory
rm: cannot remove './tsd2.log': No such file or directory
sng_tsd: no process found
rm: cannot remove './tsd1.log': No such file or directory
rm: cannot remove './tsd2.log': No such file or directory
sng_tsd: no process found
rm: cannot remove './tsd1.log': No such file or directory
rm: cannot remove './tsd2.log': No such file or directory
   * -----> Success starting tsd <------- *
rm: cannot remove './matrix_worker_*.log': No such file or directory
--------------------------------------------------------------------------
mpirun noticed that process rank 1 with PID 0 on node sng-2 exited on signal 9 (Killed).
--------------------------------------------------------------------------
mpirun: no process found
--------------------------------------------------------------------------
mpirun noticed that process rank 2 with PID 0 on node sng-5 exited on signal 9 (Killed).
--------------------------------------------------------------------------
mpirun: no process found
   * -----> Successful first run <-------- *
rm: cannot remove './matrix_worker_*.log': No such file or directory
--------------------------------------------------------------------------
mpirun noticed that process rank 0 with PID 0 on node sng-3 exited on signal 9 (Killed).
--------------------------------------------------------------------------
mpirun: no process found
 *** Finishing Calculations *** 

killing tsd @ 1...
matrix_worker: no process found
matrix_master: no process found
mpirun: no process found
killing tsd @ 2...
matrix_worker: no process found
matrix_master: no process found
mpirun: no process found
killing tsd @ 3...
matrix_worker: no process found
matrix_master: no process found
mpirun: no process found
killing tsd @ 4...
matrix_worker: no process found
matrix_master: no process found
mpirun: no process found
killing tsd @ 5...
matrix_worker: no process found
matrix_master: no process found
mpirun: no process found
 *** Testing Matrix @8000 Group=6 1333 ***
rm: cannot remove './tsd1.log': No such file or directory
rm: cannot remove './tsd2.log': No such file or directory
sng_tsd: no process found
rm: cannot remove './tsd1.log': No such file or directory
rm: cannot remove './tsd2.log': No such file or directory
sng_tsd: no process found
rm: cannot remove './tsd1.log': No such file or directory
rm: cannot remove './tsd2.log': No such file or directory
sng_tsd: no process found
rm: cannot remove './tsd1.log': No such file or directory
rm: cannot remove './tsd2.log': No such file or directory
sng_tsd: no process found
rm: cannot remove './tsd1.log': No such file or directory
rm: cannot remove './tsd2.log': No such file or directory
sng_tsd: no process found
rm: cannot remove './tsd1.log': No such file or directory
rm: cannot remove './tsd2.log': No such file or directory
   * -----> Success starting tsd <------- *
rm: cannot remove './matrix_worker_*.log': No such file or directory
--------------------------------------------------------------------------
mpirun noticed that process rank 1 with PID 0 on node sng-2 exited on signal 9 (Killed).
--------------------------------------------------------------------------
mpirun: no process found
--------------------------------------------------------------------------
mpirun noticed that process rank 0 with PID 0 on node sng-6 exited on signal 9 (Killed).
--------------------------------------------------------------------------
mpirun: no process found
   * -----> Successful first run <-------- *
rm: cannot remove './matrix_worker_*.log': No such file or directory
--------------------------------------------------------------------------
mpirun noticed that process rank 1 with PID 0 on node sng-2 exited on signal 9 (Killed).
--------------------------------------------------------------------------
mpirun: no process found
--------------------------------------------------------------------------
mpirun noticed that process rank 2 with PID 0 on node sng-4 exited on signal 9 (Killed).
--------------------------------------------------------------------------
mpirun: no process found
--------------------------------------------------------------------------
mpirun noticed that process rank 1 with PID 0 on node sng-6 exited on signal 9 (Killed).
--------------------------------------------------------------------------
mpirun: no process found
 *** Finishing Calculations *** 

killing tsd @ 1...
matrix_worker: no process found
matrix_master: no process found
mpirun: no process found
killing tsd @ 2...
matrix_worker: no process found
matrix_master: no process found
mpirun: no process found
killing tsd @ 3...
matrix_worker: no process found
matrix_master: no process found
mpirun: no process found
killing tsd @ 4...
matrix_worker: no process found
matrix_master: no process found
mpirun: no process found
killing tsd @ 5...
matrix_worker: no process found
matrix_master: no process found
mpirun: no process found
killing tsd @ 6...
matrix_worker: no process found
matrix_master: no process found
mpirun: no process found
 *** Testing Matrix @8000 Group=7 1142 ***
rm: cannot remove './tsd1.log': No such file or directory
rm: cannot remove './tsd2.log': No such file or directory
sng_tsd: no process found
rm: cannot remove './tsd1.log': No such file or directory
rm: cannot remove './tsd2.log': No such file or directory
sng_tsd: no process found
rm: cannot remove './tsd1.log': No such file or directory
rm: cannot remove './tsd2.log': No such file or directory
sng_tsd: no process found
rm: cannot remove './tsd1.log': No such file or directory
rm: cannot remove './tsd2.log': No such file or directory
sng_tsd: no process found
rm: cannot remove './tsd1.log': No such file or directory
rm: cannot remove './tsd2.log': No such file or directory
sng_tsd: no process found
rm: cannot remove './tsd1.log': No such file or directory
rm: cannot remove './tsd2.log': No such file or directory
sng_tsd: no process found
rm: cannot remove './tsd1.log': No such file or directory
rm: cannot remove './tsd2.log': No such file or directory
   * -----> Success starting tsd <------- *
rm: cannot remove './matrix_worker_*.log': No such file or directory
--------------------------------------------------------------------------
mpirun noticed that process rank 2 with PID 0 on node sng-3 exited on signal 9 (Killed).
--------------------------------------------------------------------------
mpirun: no process found
--------------------------------------------------------------------------
mpirun noticed that process rank 1 with PID 0 on node sng-4 exited on signal 9 (Killed).
--------------------------------------------------------------------------
mpirun: no process found
   * -----> Successful first run <-------- *
rm: cannot remove './matrix_worker_*.log': No such file or directory
--------------------------------------------------------------------------
mpirun noticed that process rank 1 with PID 0 on node sng-2 exited on signal 9 (Killed).
--------------------------------------------------------------------------
mpirun: no process found
--------------------------------------------------------------------------
mpirun noticed that process rank 1 with PID 0 on node sng-3 exited on signal 9 (Killed).
--------------------------------------------------------------------------
mpirun: no process found
--------------------------------------------------------------------------
mpirun noticed that process rank 2 with PID 0 on node sng-5 exited on signal 9 (Killed).
--------------------------------------------------------------------------
mpirun: no process found
 *** Finishing Calculations *** 

killing tsd @ 1...
matrix_worker: no process found
matrix_master: no process found
mpirun: no process found
killing tsd @ 2...
matrix_worker: no process found
matrix_master: no process found
mpirun: no process found
killing tsd @ 3...
matrix_worker: no process found
matrix_master: no process found
mpirun: no process found
killing tsd @ 4...
matrix_worker: no process found
matrix_master: no process found
mpirun: no process found
killing tsd @ 5...
matrix_worker: no process found
matrix_master: no process found
mpirun: no process found
killing tsd @ 6...
matrix_worker: no process found
matrix_master: no process found
mpirun: no process found
killing tsd @ 7...
matrix_worker: no process found
matrix_master: no process found
mpirun: no process found
 *** Testing Matrix @8000 Group=8 1000 ***
rm: cannot remove './tsd1.log': No such file or directory
rm: cannot remove './tsd2.log': No such file or directory
sng_tsd: no process found
rm: cannot remove './tsd1.log': No such file or directory
rm: cannot remove './tsd2.log': No such file or directory
sng_tsd: no process found
rm: cannot remove './tsd1.log': No such file or directory
rm: cannot remove './tsd2.log': No such file or directory
sng_tsd: no process found
rm: cannot remove './tsd1.log': No such file or directory
rm: cannot remove './tsd2.log': No such file or directory
sng_tsd: no process found
rm: cannot remove './tsd1.log': No such file or directory
rm: cannot remove './tsd2.log': No such file or directory
sng_tsd: no process found
rm: cannot remove './tsd1.log': No such file or directory
rm: cannot remove './tsd2.log': No such file or directory
sng_tsd: no process found
rm: cannot remove './tsd1.log': No such file or directory
rm: cannot remove './tsd2.log': No such file or directory
sng_tsd: no process found
rm: cannot remove './tsd1.log': No such file or directory
rm: cannot remove './tsd2.log': No such file or directory
   * -----> Success starting tsd <------- *
rm: cannot remove './matrix_worker_*.log': No such file or directory
--------------------------------------------------------------------------
mpirun noticed that process rank 2 with PID 0 on node sng-5 exited on signal 9 (Killed).
--------------------------------------------------------------------------
mpirun: no process found
--------------------------------------------------------------------------
mpirun noticed that process rank 0 with PID 0 on node sng-7 exited on signal 9 (Killed).
--------------------------------------------------------------------------
mpirun: no process found
   * -----> Successful first run <-------- *
rm: cannot remove './matrix_worker_*.log': No such file or directory
--------------------------------------------------------------------------
mpirun noticed that process rank 2 with PID 0 on node sng-4 exited on signal 9 (Killed).
--------------------------------------------------------------------------
mpirun: no process found
--------------------------------------------------------------------------
mpirun noticed that process rank 5 with PID 0 on node sng-5 exited on signal 9 (Killed).
--------------------------------------------------------------------------
mpirun: no process found
--------------------------------------------------------------------------
mpirun noticed that process rank 2 with PID 0 on node sng-6 exited on signal 9 (Killed).
--------------------------------------------------------------------------
mpirun: no process found
 *** Finishing Calculations *** 

killing tsd @ 1...
matrix_worker: no process found
matrix_master: no process found
mpirun: no process found
killing tsd @ 2...
matrix_worker: no process found
matrix_master: no process found
mpirun: no process found
killing tsd @ 3...
matrix_worker: no process found
matrix_master: no process found
mpirun: no process found
killing tsd @ 4...
matrix_worker: no process found
matrix_master: no process found
mpirun: no process found
killing tsd @ 5...
matrix_worker: no process found
matrix_master: no process found
mpirun: no process found
killing tsd @ 6...
matrix_worker: no process found
matrix_master: no process found
mpirun: no process found
killing tsd @ 7...
matrix_worker: no process found
matrix_master: no process found
mpirun: no process found
killing tsd @ 8...
matrix_worker: no process found
matrix_master: no process found
mpirun: no process found
 *** Testing Matrix @8000 Group=9 888 ***
rm: cannot remove './tsd1.log': No such file or directory
rm: cannot remove './tsd2.log': No such file or directory
sng_tsd: no process found
rm: cannot remove './tsd1.log': No such file or directory
rm: cannot remove './tsd2.log': No such file or directory
sng_tsd: no process found
rm: cannot remove './tsd1.log': No such file or directory
rm: cannot remove './tsd2.log': No such file or directory
sng_tsd: no process found
rm: cannot remove './tsd1.log': No such file or directory
rm: cannot remove './tsd2.log': No such file or directory
sng_tsd: no process found
rm: cannot remove './tsd1.log': No such file or directory
rm: cannot remove './tsd2.log': No such file or directory
sng_tsd: no process found
rm: cannot remove './tsd1.log': No such file or directory
rm: cannot remove './tsd2.log': No such file or directory
sng_tsd: no process found
rm: cannot remove './tsd1.log': No such file or directory
rm: cannot remove './tsd2.log': No such file or directory
sng_tsd: no process found
rm: cannot remove './tsd1.log': No such file or directory
rm: cannot remove './tsd2.log': No such file or directory
sng_tsd: no process found
rm: cannot remove './tsd1.log': No such file or directory
rm: cannot remove './tsd2.log': No such file or directory
sng_tsd: no process found
   * -----> Success starting tsd <------- *
rm: cannot remove './matrix_worker_*.log': No such file or directory
--------------------------------------------------------------------------
MPI_ABORT was invoked on rank 0 in communicator MPI_COMM_WORLD
with errorcode 0.

NOTE: invoking MPI_ABORT causes Open MPI to kill all MPI processes.
You may or may not see output from other processes, depending on
exactly when Open MPI kills them.
--------------------------------------------------------------------------
matrix_worker: no process found
mpirun: no process found
--------------------------------------------------------------------------
mpirun noticed that process rank 2 with PID 0 on node sng-5 exited on signal 9 (Killed).
--------------------------------------------------------------------------
mpirun: no process found
--------------------------------------------------------------------------
mpirun noticed that process rank 1 with PID 0 on node sng-6 exited on signal 9 (Killed).
--------------------------------------------------------------------------
mpirun: no process found
--------------------------------------------------------------------------
mpirun noticed that process rank 1 with PID 0 on node sng-7 exited on signal 9 (Killed).
--------------------------------------------------------------------------
mpirun: no process found
--------------------------------------------------------------------------
mpirun noticed that process rank 2 with PID 0 on node sng-8 exited on signal 9 (Killed).
--------------------------------------------------------------------------
mpirun: no process found
   * -----> Successful first run <-------- *
rm: cannot remove './matrix_worker_*.log': No such file or directory
--------------------------------------------------------------------------
mpirun noticed that process rank 5 with PID 0 on node sng-3 exited on signal 9 (Killed).
--------------------------------------------------------------------------
mpirun: no process found
--------------------------------------------------------------------------
mpirun noticed that process rank 2 with PID 0 on node sng-4 exited on signal 9 (Killed).
--------------------------------------------------------------------------
mpirun: no process found
--------------------------------------------------------------------------
mpirun noticed that process rank 1 with PID 0 on node sng-6 exited on signal 9 (Killed).
--------------------------------------------------------------------------
mpirun: no process found
--------------------------------------------------------------------------
mpirun noticed that process rank 3 with PID 0 on node sng-7 exited on signal 9 (Killed).
--------------------------------------------------------------------------
mpirun: no process found
--------------------------------------------------------------------------
mpirun noticed that process rank 1 with PID 0 on node sng-9 exited on signal 9 (Killed).
--------------------------------------------------------------------------
mpirun: no process found
 *** Finishing Calculations *** 

killing tsd @ 1...
matrix_worker: no process found
matrix_master: no process found
mpirun: no process found
killing tsd @ 2...
matrix_worker: no process found
matrix_master: no process found
mpirun: no process found
killing tsd @ 3...
matrix_worker: no process found
matrix_master: no process found
mpirun: no process found
killing tsd @ 4...
matrix_worker: no process found
matrix_master: no process found
mpirun: no process found
killing tsd @ 5...
matrix_worker: no process found
matrix_master: no process found
mpirun: no process found
killing tsd @ 6...
matrix_worker: no process found
matrix_master: no process found
mpirun: no process found
killing tsd @ 7...
matrix_worker: no process found
matrix_master: no process found
mpirun: no process found
killing tsd @ 8...
matrix_worker: no process found
matrix_master: no process found
mpirun: no process found
killing tsd @ 9...
matrix_worker: no process found
matrix_master: no process found
mpirun: no process found
 *** Testing Matrix @8000 Group=10 800 ***
rm: cannot remove './tsd1.log': No such file or directory
rm: cannot remove './tsd2.log': No such file or directory
sng_tsd: no process found
rm: cannot remove './tsd1.log': No such file or directory
rm: cannot remove './tsd2.log': No such file or directory
sng_tsd: no process found
rm: cannot remove './tsd1.log': No such file or directory
rm: cannot remove './tsd2.log': No such file or directory
sng_tsd: no process found
rm: cannot remove './tsd1.log': No such file or directory
rm: cannot remove './tsd2.log': No such file or directory
sng_tsd: no process found
rm: cannot remove './tsd1.log': No such file or directory
rm: cannot remove './tsd2.log': No such file or directory
sng_tsd: no process found
rm: cannot remove './tsd1.log': No such file or directory
rm: cannot remove './tsd2.log': No such file or directory
sng_tsd: no process found
rm: cannot remove './tsd1.log': No such file or directory
rm: cannot remove './tsd2.log': No such file or directory
sng_tsd: no process found
rm: cannot remove './tsd1.log': No such file or directory
rm: cannot remove './tsd2.log': No such file or directory
sng_tsd: no process found
rm: cannot remove './tsd1.log': No such file or directory
rm: cannot remove './tsd2.log': No such file or directory
sng_tsd: no process found
rm: cannot remove './tsd1.log': No such file or directory
rm: cannot remove './tsd2.log': No such file or directory
sng_tsd: no process found
   * -----> Success starting tsd <------- *
rm: cannot remove './matrix_worker_*.log': No such file or directory
--------------------------------------------------------------------------
mpirun noticed that process rank 1 with PID 0 on node sng-3 exited on signal 9 (Killed).
--------------------------------------------------------------------------
mpirun: no process found
--------------------------------------------------------------------------
mpirun noticed that process rank 12 with PID 0 on node sng-7 exited on signal 9 (Killed).
--------------------------------------------------------------------------
mpirun: no process found
   * -----> Successful first run <-------- *
rm: cannot remove './matrix_worker_*.log': No such file or directory
--------------------------------------------------------------------------
mpirun noticed that process rank 1 with PID 0 on node sng-3 exited on signal 9 (Killed).
--------------------------------------------------------------------------
mpirun: no process found
--------------------------------------------------------------------------
mpirun noticed that process rank 2 with PID 0 on node sng-5 exited on signal 9 (Killed).
--------------------------------------------------------------------------
mpirun: no process found
--------------------------------------------------------------------------
mpirun noticed that process rank 2 with PID 0 on node sng-7 exited on signal 9 (Killed).
--------------------------------------------------------------------------
mpirun: no process found
--------------------------------------------------------------------------
mpirun noticed that process rank 1 with PID 0 on node sng-9 exited on signal 9 (Killed).
--------------------------------------------------------------------------
mpirun: no process found
 *** Finishing Calculations *** 

killing tsd @ 1...
matrix_worker: no process found
matrix_master: no process found
mpirun: no process found
killing tsd @ 2...
matrix_worker: no process found
matrix_master: no process found
mpirun: no process found
killing tsd @ 3...
matrix_worker: no process found
matrix_master: no process found
mpirun: no process found
killing tsd @ 4...
matrix_worker: no process found
matrix_master: no process found
mpirun: no process found
killing tsd @ 5...
matrix_worker: no process found
matrix_master: no process found
mpirun: no process found
killing tsd @ 6...
matrix_worker: no process found
matrix_master: no process found
mpirun: no process found
killing tsd @ 7...
matrix_worker: no process found
matrix_master: no process found
mpirun: no process found
killing tsd @ 8...
matrix_worker: no process found
matrix_master: no process found
mpirun: no process found
killing tsd @ 9...
matrix_worker: no process found
matrix_master: no process found
mpirun: no process found
killing tsd @ 10...
matrix_worker: no process found
matrix_master: no process found
mpirun: no process found
 *** Testing Matrix @8000 Group=11 727 ***
rm: cannot remove './tsd1.log': No such file or directory
rm: cannot remove './tsd2.log': No such file or directory
sng_tsd: no process found
rm: cannot remove './tsd1.log': No such file or directory
rm: cannot remove './tsd2.log': No such file or directory
sng_tsd: no process found
rm: cannot remove './tsd1.log': No such file or directory
rm: cannot remove './tsd2.log': No such file or directory
sng_tsd: no process found
rm: cannot remove './tsd1.log': No such file or directory
rm: cannot remove './tsd2.log': No such file or directory
sng_tsd: no process found
rm: cannot remove './tsd1.log': No such file or directory
rm: cannot remove './tsd2.log': No such file or directory
sng_tsd: no process found
rm: cannot remove './tsd1.log': No such file or directory
rm: cannot remove './tsd2.log': No such file or directory
sng_tsd: no process found
rm: cannot remove './tsd1.log': No such file or directory
rm: cannot remove './tsd2.log': No such file or directory
sng_tsd: no process found
rm: cannot remove './tsd1.log': No such file or directory
rm: cannot remove './tsd2.log': No such file or directory
sng_tsd: no process found
rm: cannot remove './tsd1.log': No such file or directory
rm: cannot remove './tsd2.log': No such file or directory
sng_tsd: no process found
rm: cannot remove './tsd1.log': No such file or directory
rm: cannot remove './tsd2.log': No such file or directory
sng_tsd: no process found
rm: cannot remove './tsd1.log': No such file or directory
rm: cannot remove './tsd2.log': No such file or directory
sng_tsd: no process found
   * -----> Success starting tsd <------- *
rm: cannot remove './matrix_worker_*.log': No such file or directory
--------------------------------------------------------------------------
MPI_ABORT was invoked on rank 0 in communicator MPI_COMM_WORLD
with errorcode 0.

NOTE: invoking MPI_ABORT causes Open MPI to kill all MPI processes.
You may or may not see output from other processes, depending on
exactly when Open MPI kills them.
--------------------------------------------------------------------------
matrix_worker: no process found
mpirun: no process found
--------------------------------------------------------------------------
mpirun noticed that process rank 1 with PID 0 on node sng-3 exited on signal 9 (Killed).
--------------------------------------------------------------------------
mpirun: no process found
--------------------------------------------------------------------------
mpirun noticed that process rank 4 with PID 0 on node sng-9 exited on signal 9 (Killed).
--------------------------------------------------------------------------
mpirun: no process found
--------------------------------------------------------------------------
mpirun noticed that process rank 2 with PID 0 on node sng-10 exited on signal 9 (Killed).
--------------------------------------------------------------------------
mpirun: no process found
--------------------------------------------------------------------------
mpirun noticed that process rank 1 with PID 0 on node sng-11 exited on signal 9 (Killed).
--------------------------------------------------------------------------
mpirun: no process found
   * -----> Successful first run <-------- *
rm: cannot remove './matrix_worker_*.log': No such file or directory
--------------------------------------------------------------------------
mpirun noticed that process rank 1 with PID 0 on node sng-6 exited on signal 9 (Killed).
--------------------------------------------------------------------------
mpirun: no process found
--------------------------------------------------------------------------
mpirun noticed that process rank 1 with PID 0 on node sng-8 exited on signal 9 (Killed).
--------------------------------------------------------------------------
mpirun: no process found
--------------------------------------------------------------------------
mpirun noticed that process rank 2 with PID 0 on node sng-11 exited on signal 9 (Killed).
--------------------------------------------------------------------------
mpirun: no process found
 *** Finishing Calculations *** 

killing tsd @ 1...
matrix_worker: no process found
matrix_master: no process found
mpirun: no process found
killing tsd @ 2...
matrix_worker: no process found
matrix_master: no process found
mpirun: no process found
killing tsd @ 3...
matrix_worker: no process found
matrix_master: no process found
mpirun: no process found
killing tsd @ 4...
matrix_worker: no process found
matrix_master: no process found
mpirun: no process found
killing tsd @ 5...
matrix_worker: no process found
matrix_master: no process found
mpirun: no process found
killing tsd @ 6...
matrix_worker: no process found
matrix_master: no process found
mpirun: no process found
killing tsd @ 7...
matrix_worker: no process found
matrix_master: no process found
mpirun: no process found
killing tsd @ 8...
matrix_worker: no process found
matrix_master: no process found
mpirun: no process found
killing tsd @ 9...
matrix_worker: no process found
matrix_master: no process found
mpirun: no process found
killing tsd @ 10...
matrix_worker: no process found
matrix_master: no process found
mpirun: no process found
killing tsd @ 11...
matrix_worker: no process found
matrix_master: no process found
mpirun: no process found
 *** Testing Matrix @8000 Group=12 666 ***
rm: cannot remove './tsd1.log': No such file or directory
rm: cannot remove './tsd2.log': No such file or directory
sng_tsd: no process found
rm: cannot remove './tsd1.log': No such file or directory
rm: cannot remove './tsd2.log': No such file or directory
sng_tsd: no process found
rm: cannot remove './tsd1.log': No such file or directory
rm: cannot remove './tsd2.log': No such file or directory
sng_tsd: no process found
rm: cannot remove './tsd1.log': No such file or directory
rm: cannot remove './tsd2.log': No such file or directory
sng_tsd: no process found
rm: cannot remove './tsd1.log': No such file or directory
rm: cannot remove './tsd2.log': No such file or directory
sng_tsd: no process found
rm: cannot remove './tsd1.log': No such file or directory
rm: cannot remove './tsd2.log': No such file or directory
sng_tsd: no process found
rm: cannot remove './tsd1.log': No such file or directory
rm: cannot remove './tsd2.log': No such file or directory
sng_tsd: no process found
rm: cannot remove './tsd1.log': No such file or directory
rm: cannot remove './tsd2.log': No such file or directory
sng_tsd: no process found
rm: cannot remove './tsd1.log': No such file or directory
rm: cannot remove './tsd2.log': No such file or directory
sng_tsd: no process found
rm: cannot remove './tsd1.log': No such file or directory
rm: cannot remove './tsd2.log': No such file or directory
sng_tsd: no process found
rm: cannot remove './tsd1.log': No such file or directory
rm: cannot remove './tsd2.log': No such file or directory
sng_tsd: no process found
rm: cannot remove './tsd1.log': No such file or directory
rm: cannot remove './tsd2.log': No such file or directory
sng_tsd: no process found
   * -----> Success starting tsd <------- *
rm: cannot remove './matrix_worker_*.log': No such file or directory
--------------------------------------------------------------------------
MPI_ABORT was invoked on rank 0 in communicator MPI_COMM_WORLD
with errorcode 0.

NOTE: invoking MPI_ABORT causes Open MPI to kill all MPI processes.
You may or may not see output from other processes, depending on
exactly when Open MPI kills them.
--------------------------------------------------------------------------
matrix_worker: no process found
mpirun: no process found
--------------------------------------------------------------------------
mpirun noticed that process rank 2 with PID 0 on node sng-3 exited on signal 9 (Killed).
--------------------------------------------------------------------------
mpirun: no process found
--------------------------------------------------------------------------
mpirun noticed that process rank 1 with PID 0 on node sng-10 exited on signal 9 (Killed).
--------------------------------------------------------------------------
mpirun: no process found
--------------------------------------------------------------------------
mpirun noticed that process rank 2 with PID 0 on node sng-11 exited on signal 9 (Killed).
--------------------------------------------------------------------------
mpirun: no process found
   * -----> Successful first run <-------- *
rm: cannot remove './matrix_worker_*.log': No such file or directory
--------------------------------------------------------------------------
mpirun noticed that process rank 1 with PID 0 on node sng-5 exited on signal 9 (Killed).
--------------------------------------------------------------------------
mpirun: no process found
--------------------------------------------------------------------------
mpirun noticed that process rank 2 with PID 0 on node sng-10 exited on signal 9 (Killed).
--------------------------------------------------------------------------
mpirun: no process found
--------------------------------------------------------------------------
mpirun noticed that process rank 1 with PID 0 on node sng-11 exited on signal 9 (Killed).
--------------------------------------------------------------------------
mpirun: no process found
 *** Finishing Calculations *** 

killing tsd @ 1...
matrix_worker: no process found
matrix_master: no process found
mpirun: no process found
killing tsd @ 2...
matrix_worker: no process found
matrix_master: no process found
mpirun: no process found
killing tsd @ 3...
matrix_worker: no process found
matrix_master: no process found
mpirun: no process found
killing tsd @ 4...
matrix_worker: no process found
matrix_master: no process found
mpirun: no process found
killing tsd @ 5...
matrix_worker: no process found
matrix_master: no process found
mpirun: no process found
killing tsd @ 6...
matrix_worker: no process found
matrix_master: no process found
mpirun: no process found
killing tsd @ 7...
matrix_worker: no process found
matrix_master: no process found
mpirun: no process found
killing tsd @ 8...
matrix_worker: no process found
matrix_master: no process found
mpirun: no process found
killing tsd @ 9...
matrix_worker: no process found
matrix_master: no process found
mpirun: no process found
killing tsd @ 10...
matrix_worker: no process found
matrix_master: no process found
mpirun: no process found
killing tsd @ 11...
matrix_worker: no process found
matrix_master: no process found
mpirun: no process found
killing tsd @ 12...
matrix_worker: no process found
matrix_master: no process found
mpirun: no process found
