 === before clean up === 
~~~~~~ ls -l /tmp
total 2380
-rw------- 1 cc cc 1193637 Mar 29 07:45 synergy4_50365.log
-rw------- 1 cc cc  119315 Mar 29 07:46 synergy4_p2pmd_50365.log
-rw------- 1 cc cc     768 Mar 29 07:19 synergy4_parser_50365.log
-rw------- 1 cc cc 1098579 Mar 29 07:45 synergy4_tsd_50365.log
srwxrwxr-x 1 cc cc       0 Mar 29 07:19 tsd1
~~~~~~ ls -l /dev/shm
total 7832
-rwxrwxr-x 1 cc cc 4000000 Mar 29 07:44 matrix-pull
-rwxrwxr-x 1 cc cc 4000000 Mar 29 07:44 matrix-push
-rwxrwxr-x 1 cc cc      32 Mar 29 07:19 sem.matrix-pull-rsem
-rwxrwxr-x 1 cc cc      32 Mar 29 07:19 sem.matrix-pull-wsem
-rwxrwxr-x 1 cc cc      32 Mar 29 07:19 sem.matrix-push-rsem
-rwxrwxr-x 1 cc cc      32 Mar 29 07:19 sem.matrix-push-wsem
 === clean up ===
total 0
total 0
 === done ===
 *============== Launching remote tsd at 1 =============* 
 ====== tsd launch complete. You have 1 tsd instance. ====== 
cc        51482  0.0  0.0 144464  5032 ?        Sl   07:46   0:00 /home/cc/Synergy4/s4c00/cmake-build-debug/sng_tsd /home/cc/Synergy4/s4c00/etc/sng1.json /home/cc/Synergy4/s4c00/etc/synergy-log.conf
cc        51484  0.0  0.0  12944  1012 ?        S    07:46   0:00 grep sng_tsd
 ============================================================ 
 === before clean up === 
~~~~~~ ls -l /tmp
total 196
drwx------ 4 cc cc   4096 Mar 29 07:44 ompi.sng-2.1000
-rw------- 1 cc cc   7207 Mar 29 07:39 synergy4_46610.log
-rw------- 1 cc cc 161738 Mar 29 07:46 synergy4_p2pmd_46610.log
-rw------- 1 cc cc    768 Mar 29 07:19 synergy4_parser_46610.log
-rw------- 1 cc cc  14977 Mar 29 07:45 synergy4_tsd_46610.log
srwxrwxr-x 1 cc cc      0 Mar 29 07:19 tsd1
~~~~~~ ls -l /dev/shm
total 16
-rwxrwxr-x 1 cc cc 4000000 Mar 29 07:19 matrix-pull
-rwxrwxr-x 1 cc cc 4000000 Mar 29 07:19 matrix-push
-rwxrwxr-x 1 cc cc      32 Mar 29 07:19 sem.matrix-pull-rsem
-rwxrwxr-x 1 cc cc      32 Mar 29 07:19 sem.matrix-pull-wsem
-rwxrwxr-x 1 cc cc      32 Mar 29 07:19 sem.matrix-push-rsem
-rwxrwxr-x 1 cc cc      32 Mar 29 07:19 sem.matrix-push-wsem
 === clean up ===
total 0
total 0
 === done ===
 *============== Launching remote tsd at 2 =============* 
 ====== tsd launch complete. You have 1 tsd instance. ====== 
cc        47742  0.0  0.0 144464  7068 ?        Sl   07:46   0:00 /home/cc/Synergy4/s4c00/cmake-build-debug/sng_tsd /home/cc/Synergy4/s4c00/etc/sng2.json /home/cc/Synergy4/s4c00/etc/synergy-log.conf
cc        47744  0.0  0.0  12944  1032 ?        S    07:46   0:00 grep sng_tsd
 ============================================================ 
