 === before clean up === 
~~~~~~ ls -l /tmp
total 1680
-rw------- 1 cc cc  643722 Mar 29 08:01 synergy4_54502.log
-rw------- 1 cc cc   21510 Mar 29 08:01 synergy4_p2pmd_54502.log
-rw------- 1 cc cc     768 Mar 29 07:59 synergy4_parser_54502.log
-rw------- 1 cc cc 1036724 Mar 29 08:01 synergy4_tsd_54502.log
srwxrwxr-x 1 cc cc       0 Mar 29 07:59 tsd1
~~~~~~ ls -l /dev/shm
total 7832
-rwxrwxr-x 1 cc cc 4000000 Mar 29 08:00 matrix-pull
-rwxrwxr-x 1 cc cc 4000000 Mar 29 08:00 matrix-push
-rwxrwxr-x 1 cc cc      32 Mar 29 07:59 sem.matrix-pull-rsem
-rwxrwxr-x 1 cc cc      32 Mar 29 07:59 sem.matrix-pull-wsem
-rwxrwxr-x 1 cc cc      32 Mar 29 07:59 sem.matrix-push-rsem
-rwxrwxr-x 1 cc cc      32 Mar 29 07:59 sem.matrix-push-wsem
 === clean up ===
total 0
total 0
 === done ===
 *============== Launching remote tsd at 1 =============* 
 ====== tsd launch complete. You have 1 tsd instance. ====== 
cc        54968  0.0  0.0 144464  7032 ?        Sl   08:01   0:00 /home/cc/Synergy4/s4c00/cmake-build-debug/sng_tsd /home/cc/Synergy4/s4c00/etc/sng1.json /home/cc/Synergy4/s4c00/etc/synergy-log.conf
cc        54970  0.0  0.0  12944   940 ?        S    08:01   0:00 grep sng_tsd
 ============================================================ 
 === before clean up === 
~~~~~~ ls -l /tmp
total 28
drwx------ 4 cc cc  4096 Mar 29 08:00 ompi.sng-2.1000
-rw------- 1 cc cc 12077 Mar 29 08:01 synergy4_p2pmd_51645.log
-rw------- 1 cc cc   768 Mar 29 07:59 synergy4_parser_51645.log
-rw------- 1 cc cc  7043 Mar 29 08:01 synergy4_tsd_51645.log
srwxrwxr-x 1 cc cc     0 Mar 29 07:59 tsd1
~~~~~~ ls -l /dev/shm
total 16
-rwxrwxr-x 1 cc cc 4000000 Mar 29 07:59 matrix-pull
-rwxrwxr-x 1 cc cc 4000000 Mar 29 07:59 matrix-push
-rwxrwxr-x 1 cc cc      32 Mar 29 07:59 sem.matrix-pull-rsem
-rwxrwxr-x 1 cc cc      32 Mar 29 07:59 sem.matrix-pull-wsem
-rwxrwxr-x 1 cc cc      32 Mar 29 07:59 sem.matrix-push-rsem
-rwxrwxr-x 1 cc cc      32 Mar 29 07:59 sem.matrix-push-wsem
 === clean up ===
total 0
total 0
 === done ===
 *============== Launching remote tsd at 2 =============* 
 ====== tsd launch complete. You have 1 tsd instance. ====== 
cc        52199  0.0  0.0 144464  4956 ?        Sl   08:01   0:00 /home/cc/Synergy4/s4c00/cmake-build-debug/sng_tsd /home/cc/Synergy4/s4c00/etc/sng2.json /home/cc/Synergy4/s4c00/etc/synergy-log.conf
cc        52201  0.0  0.0  12944   968 ?        S    08:01   0:00 grep sng_tsd
 ============================================================ 
 === before clean up === 
~~~~~~ ls -l /tmp
total 28
drwx------ 3 cc cc  4096 Mar 29 08:01 ompi.sng-3.1000
-rw------- 1 cc cc 12175 Mar 29 08:01 synergy4_p2pmd_42079.log
-rw------- 1 cc cc   764 Mar 29 07:59 synergy4_parser_42079.log
-rw------- 1 cc cc  7043 Mar 29 08:01 synergy4_tsd_42079.log
srwxrwxr-x 1 cc cc     0 Mar 29 07:59 tsd1
~~~~~~ ls -l /dev/shm
total 16
-rwxrwxr-x 1 cc cc 4000000 Mar 29 07:59 matrix-pull
-rwxrwxr-x 1 cc cc 4000000 Mar 29 07:59 matrix-push
-rwxrwxr-x 1 cc cc      32 Mar 29 07:59 sem.matrix-pull-rsem
-rwxrwxr-x 1 cc cc      32 Mar 29 07:59 sem.matrix-pull-wsem
-rwxrwxr-x 1 cc cc      32 Mar 29 07:59 sem.matrix-push-rsem
-rwxrwxr-x 1 cc cc      32 Mar 29 07:59 sem.matrix-push-wsem
 === clean up ===
total 0
total 0
 === done ===
 *============== Launching remote tsd at 3 =============* 
 ====== tsd launch complete. You have 1 tsd instance. ====== 
cc        42628  0.0  0.0 144464  4884 ?        Sl   08:01   0:00 /home/cc/Synergy4/s4c00/cmake-build-debug/sng_tsd /home/cc/Synergy4/s4c00/etc/sng3.json /home/cc/Synergy4/s4c00/etc/synergy-log.conf
cc        42630  0.0  0.0  12944   932 ?        S    08:01   0:00 grep sng_tsd
 ============================================================ 
 === before clean up === 
~~~~~~ ls -l /tmp
total 12
-rw------- 1 cc cc 3128 Mar 29 08:01 synergy4_p2pmd_30724.log
-rw------- 1 cc cc  768 Mar 29 07:59 synergy4_parser_30724.log
-rw------- 1 cc cc 3973 Mar 29 08:00 synergy4_tsd_30724.log
srwxrwxr-x 1 cc cc    0 Mar 29 07:59 tsd1
~~~~~~ ls -l /dev/shm
total 16
-rwxrwxr-x 1 cc cc 4000000 Mar 29 07:59 matrix-pull
-rwxrwxr-x 1 cc cc 4000000 Mar 29 07:59 matrix-push
-rwxrwxr-x 1 cc cc      32 Mar 29 07:59 sem.matrix-pull-rsem
-rwxrwxr-x 1 cc cc      32 Mar 29 07:59 sem.matrix-pull-wsem
-rwxrwxr-x 1 cc cc      32 Mar 29 07:59 sem.matrix-push-rsem
-rwxrwxr-x 1 cc cc      32 Mar 29 07:59 sem.matrix-push-wsem
 === clean up ===
total 0
total 0
 === done ===
 *============== Launching remote tsd at 4 =============* 
 ====== tsd launch complete. You have 1 tsd instance. ====== 
cc        31272  0.0  0.0 144464  4984 ?        Sl   08:01   0:00 /home/cc/Synergy4/s4c00/cmake-build-debug/sng_tsd /home/cc/Synergy4/s4c00/etc/sng4.json /home/cc/Synergy4/s4c00/etc/synergy-log.conf
cc        31274  0.0  0.0  12944  1008 ?        S    08:01   0:00 grep sng_tsd
 ============================================================ 
 === before clean up === 
~~~~~~ ls -l /tmp
total 16
drwx------ 3 cc cc 4096 Mar 29 08:00 ompi.sng-5.1000
-rw------- 1 cc cc 3158 Mar 29 08:01 synergy4_p2pmd_172958.log
-rw------- 1 cc cc  768 Mar 29 07:59 synergy4_parser_172958.log
-rw------- 1 cc cc 4009 Mar 29 08:00 synergy4_tsd_172958.log
srwxrwxr-x 1 cc cc    0 Mar 29 07:59 tsd1
~~~~~~ ls -l /dev/shm
total 16
-rwxrwxr-x 1 cc cc 4000000 Mar 29 07:59 matrix-pull
-rwxrwxr-x 1 cc cc 4000000 Mar 29 07:59 matrix-push
-rwxrwxr-x 1 cc cc      32 Mar 29 07:59 sem.matrix-pull-rsem
-rwxrwxr-x 1 cc cc      32 Mar 29 07:59 sem.matrix-pull-wsem
-rwxrwxr-x 1 cc cc      32 Mar 29 07:59 sem.matrix-push-rsem
-rwxrwxr-x 1 cc cc      32 Mar 29 07:59 sem.matrix-push-wsem
 === clean up ===
total 0
total 0
 === done ===
 *============== Launching remote tsd at 5 =============* 
 ====== tsd launch complete. You have 1 tsd instance. ====== 
cc       173509  0.0  0.0 144464  4956 ?        Sl   08:01   0:00 /home/cc/Synergy4/s4c00/cmake-build-debug/sng_tsd /home/cc/Synergy4/s4c00/etc/sng5.json /home/cc/Synergy4/s4c00/etc/synergy-log.conf
cc       173511  0.0  0.0  12944  1020 ?        S    08:01   0:00 grep sng_tsd
 ============================================================ 
 === before clean up === 
~~~~~~ ls -l /tmp
total 12
-rw------- 1 cc cc 3158 Mar 29 08:01 synergy4_p2pmd_170697.log
-rw------- 1 cc cc  768 Mar 29 07:59 synergy4_parser_170697.log
-rw------- 1 cc cc 4009 Mar 29 08:00 synergy4_tsd_170697.log
srwxrwxr-x 1 cc cc    0 Mar 29 07:59 tsd1
~~~~~~ ls -l /dev/shm
total 16
-rwxrwxr-x 1 cc cc 4000000 Mar 29 07:59 matrix-pull
-rwxrwxr-x 1 cc cc 4000000 Mar 29 07:59 matrix-push
-rwxrwxr-x 1 cc cc      32 Mar 29 07:59 sem.matrix-pull-rsem
-rwxrwxr-x 1 cc cc      32 Mar 29 07:59 sem.matrix-pull-wsem
-rwxrwxr-x 1 cc cc      32 Mar 29 07:59 sem.matrix-push-rsem
-rwxrwxr-x 1 cc cc      32 Mar 29 07:59 sem.matrix-push-wsem
 === clean up ===
total 0
total 0
 === done ===
 *============== Launching remote tsd at 6 =============* 
 ====== tsd launch complete. You have 1 tsd instance. ====== 
cc       171242  0.0  0.0 144464  7032 ?        Sl   08:01   0:00 /home/cc/Synergy4/s4c00/cmake-build-debug/sng_tsd /home/cc/Synergy4/s4c00/etc/sng6.json /home/cc/Synergy4/s4c00/etc/synergy-log.conf
cc       171244  0.0  0.0  12944  1084 ?        S    08:01   0:00 grep sng_tsd
 ============================================================ 
 === before clean up === 
~~~~~~ ls -l /tmp
total 12
-rw------- 1 cc cc 3158 Mar 29 08:01 synergy4_p2pmd_164661.log
-rw------- 1 cc cc  768 Mar 29 07:59 synergy4_parser_164661.log
-rw------- 1 cc cc 4009 Mar 29 08:00 synergy4_tsd_164661.log
srwxrwxr-x 1 cc cc    0 Mar 29 07:59 tsd1
~~~~~~ ls -l /dev/shm
total 16
-rwxrwxr-x 1 cc cc 4000000 Mar 29 07:59 matrix-pull
-rwxrwxr-x 1 cc cc 4000000 Mar 29 07:59 matrix-push
-rwxrwxr-x 1 cc cc      32 Mar 29 07:59 sem.matrix-pull-rsem
-rwxrwxr-x 1 cc cc      32 Mar 29 07:59 sem.matrix-pull-wsem
-rwxrwxr-x 1 cc cc      32 Mar 29 07:59 sem.matrix-push-rsem
-rwxrwxr-x 1 cc cc      32 Mar 29 07:59 sem.matrix-push-wsem
 === clean up ===
total 0
total 0
 === done ===
 *============== Launching remote tsd at 7 =============* 
 ====== tsd launch complete. You have 1 tsd instance. ====== 
cc       165211  0.0  0.0 144464  4932 ?        Sl   08:01   0:00 /home/cc/Synergy4/s4c00/cmake-build-debug/sng_tsd /home/cc/Synergy4/s4c00/etc/sng7.json /home/cc/Synergy4/s4c00/etc/synergy-log.conf
cc       165213  0.0  0.0  12944   964 ?        S    08:01   0:00 grep sng_tsd
 ============================================================ 
 === before clean up === 
~~~~~~ ls -l /tmp
total 16
drwx------ 3 cc cc 4096 Mar 29 08:00 ompi.sng-8.1000
-rw------- 1 cc cc 3158 Mar 29 08:01 synergy4_p2pmd_161892.log
-rw------- 1 cc cc  768 Mar 29 07:59 synergy4_parser_161892.log
-rw------- 1 cc cc 4009 Mar 29 08:00 synergy4_tsd_161892.log
srwxrwxr-x 1 cc cc    0 Mar 29 07:59 tsd1
~~~~~~ ls -l /dev/shm
total 16
-rwxrwxr-x 1 cc cc 4000000 Mar 29 07:59 matrix-pull
-rwxrwxr-x 1 cc cc 4000000 Mar 29 07:59 matrix-push
-rwxrwxr-x 1 cc cc      32 Mar 29 07:59 sem.matrix-pull-rsem
-rwxrwxr-x 1 cc cc      32 Mar 29 07:59 sem.matrix-pull-wsem
-rwxrwxr-x 1 cc cc      32 Mar 29 07:59 sem.matrix-push-rsem
-rwxrwxr-x 1 cc cc      32 Mar 29 07:59 sem.matrix-push-wsem
 === clean up ===
total 0
total 0
 === done ===
 *============== Launching remote tsd at 8 =============* 
 ====== tsd launch complete. You have 1 tsd instance. ====== 
cc       162442  0.0  0.0 144464  7040 ?        Sl   08:01   0:00 /home/cc/Synergy4/s4c00/cmake-build-debug/sng_tsd /home/cc/Synergy4/s4c00/etc/sng8.json /home/cc/Synergy4/s4c00/etc/synergy-log.conf
cc       162444  0.0  0.0  12944   988 ?        S    08:01   0:00 grep sng_tsd
 ============================================================ 
 === before clean up === 
~~~~~~ ls -l /tmp
total 16
drwx------ 3 cc cc 4096 Mar 29 08:01 ompi.sng-9.1000
-rw------- 1 cc cc 3263 Mar 29 08:01 synergy4_p2pmd_152603.log
-rw------- 1 cc cc  770 Mar 29 07:59 synergy4_parser_152603.log
-rw------- 1 cc cc 4009 Mar 29 08:00 synergy4_tsd_152603.log
srwxrwxr-x 1 cc cc    0 Mar 29 07:59 tsd1
~~~~~~ ls -l /dev/shm
total 16
-rwxrwxr-x 1 cc cc 4000000 Mar 29 07:59 matrix-pull
-rwxrwxr-x 1 cc cc 4000000 Mar 29 07:59 matrix-push
-rwxrwxr-x 1 cc cc      32 Mar 29 07:59 sem.matrix-pull-rsem
-rwxrwxr-x 1 cc cc      32 Mar 29 07:59 sem.matrix-pull-wsem
-rwxrwxr-x 1 cc cc      32 Mar 29 07:59 sem.matrix-push-rsem
-rwxrwxr-x 1 cc cc      32 Mar 29 07:59 sem.matrix-push-wsem
 === clean up ===
total 0
total 0
 === done ===
 *============== Launching remote tsd at 9 =============* 
 ====== tsd launch complete. You have 1 tsd instance. ====== 
cc       153149  0.0  0.0 144464  4932 ?        Sl   08:01   0:00 /home/cc/Synergy4/s4c00/cmake-build-debug/sng_tsd /home/cc/Synergy4/s4c00/etc/sng9.json /home/cc/Synergy4/s4c00/etc/synergy-log.conf
cc       153151  0.0  0.0  12944  1028 ?        S    08:01   0:00 grep sng_tsd
 ============================================================ 
 === before clean up === 
~~~~~~ ls -l /tmp
total 12
-rw------- 1 cc cc 2015 Mar 29 06:19 synergy4_p2pmd_150583.log
-rw------- 1 cc cc  770 Mar 29 06:17 synergy4_parser_150583.log
-rw------- 1 cc cc 4009 Mar 29 06:18 synergy4_tsd_150583.log
srwxrwxr-x 1 cc cc    0 Mar 29 06:17 tsd1
~~~~~~ ls -l /dev/shm
total 16
-rwxrwxr-x 1 cc cc 4000000 Mar 29 06:17 matrix-pull
-rwxrwxr-x 1 cc cc 4000000 Mar 29 06:17 matrix-push
-rwxrwxr-x 1 cc cc      32 Mar 29 06:17 sem.matrix-pull-rsem
-rwxrwxr-x 1 cc cc      32 Mar 29 06:17 sem.matrix-pull-wsem
-rwxrwxr-x 1 cc cc      32 Mar 29 06:17 sem.matrix-push-rsem
-rwxrwxr-x 1 cc cc      32 Mar 29 06:17 sem.matrix-push-wsem
 === clean up ===
total 0
total 0
 === done ===
 *============== Launching remote tsd at 10 =============* 
 ====== tsd launch complete. You have 1 tsd instance. ====== 
cc       153114  0.0  0.0 144464  7016 ?        Sl   08:01   0:00 /home/cc/Synergy4/s4c00/cmake-build-debug/sng_tsd /home/cc/Synergy4/s4c00/etc/sng10.json /home/cc/Synergy4/s4c00/etc/synergy-log.conf
cc       153116  0.0  0.0  12944  1020 ?        S    08:01   0:00 grep sng_tsd
 ============================================================ 
