 === before clean up === 
~~~~~~ ls -l /tmp
total 1728
-rw------- 1 cc cc  583944 Mar 29 08:03 synergy4_54968.log
-rw------- 1 cc cc   16621 Mar 29 08:03 synergy4_p2pmd_54968.log
-rw------- 1 cc cc     768 Mar 29 08:01 synergy4_parser_54968.log
-rw------- 1 cc cc 1153287 Mar 29 08:03 synergy4_tsd_54968.log
srwxrwxr-x 1 cc cc       0 Mar 29 08:01 tsd1
~~~~~~ ls -l /dev/shm
total 7832
-rwxrwxr-x 1 cc cc 4000000 Mar 29 08:02 matrix-pull
-rwxrwxr-x 1 cc cc 4000000 Mar 29 08:02 matrix-push
-rwxrwxr-x 1 cc cc      32 Mar 29 08:01 sem.matrix-pull-rsem
-rwxrwxr-x 1 cc cc      32 Mar 29 08:01 sem.matrix-pull-wsem
-rwxrwxr-x 1 cc cc      32 Mar 29 08:01 sem.matrix-push-rsem
-rwxrwxr-x 1 cc cc      32 Mar 29 08:01 sem.matrix-push-wsem
 === clean up ===
total 0
total 0
 === done ===
 *============== Launching remote tsd at 1 =============* 
 ====== tsd launch complete. You have 1 tsd instance. ====== 
cc        55454  0.0  0.0 144464  7080 ?        Sl   08:03   0:00 /home/cc/Synergy4/s4c00/cmake-build-debug/sng_tsd /home/cc/Synergy4/s4c00/etc/sng1.json /home/cc/Synergy4/s4c00/etc/synergy-log.conf
cc        55456  0.0  0.0  12944   924 ?        S    08:03   0:00 grep sng_tsd
 ============================================================ 
 === before clean up === 
~~~~~~ ls -l /tmp
total 28
drwx------ 4 cc cc  4096 Mar 29 08:02 ompi.sng-2.1000
-rw------- 1 cc cc 12077 Mar 29 08:03 synergy4_p2pmd_52199.log
-rw------- 1 cc cc   768 Mar 29 08:01 synergy4_parser_52199.log
-rw------- 1 cc cc  7043 Mar 29 08:03 synergy4_tsd_52199.log
srwxrwxr-x 1 cc cc     0 Mar 29 08:01 tsd1
~~~~~~ ls -l /dev/shm
total 16
-rwxrwxr-x 1 cc cc 4000000 Mar 29 08:01 matrix-pull
-rwxrwxr-x 1 cc cc 4000000 Mar 29 08:01 matrix-push
-rwxrwxr-x 1 cc cc      32 Mar 29 08:01 sem.matrix-pull-rsem
-rwxrwxr-x 1 cc cc      32 Mar 29 08:01 sem.matrix-pull-wsem
-rwxrwxr-x 1 cc cc      32 Mar 29 08:01 sem.matrix-push-rsem
-rwxrwxr-x 1 cc cc      32 Mar 29 08:01 sem.matrix-push-wsem
 === clean up ===
total 0
total 0
 === done ===
 *============== Launching remote tsd at 2 =============* 
 ====== tsd launch complete. You have 1 tsd instance. ====== 
cc        52757  0.0  0.0 144464  7060 ?        Sl   08:03   0:00 /home/cc/Synergy4/s4c00/cmake-build-debug/sng_tsd /home/cc/Synergy4/s4c00/etc/sng2.json /home/cc/Synergy4/s4c00/etc/synergy-log.conf
cc        52759  0.0  0.0  12944  1088 ?        S    08:03   0:00 grep sng_tsd
 ============================================================ 
 === before clean up === 
~~~~~~ ls -l /tmp
total 24
-rw------- 1 cc cc 12072 Mar 29 08:03 synergy4_p2pmd_42628.log
-rw------- 1 cc cc   764 Mar 29 08:01 synergy4_parser_42628.log
-rw------- 1 cc cc  7043 Mar 29 08:03 synergy4_tsd_42628.log
srwxrwxr-x 1 cc cc     0 Mar 29 08:01 tsd1
~~~~~~ ls -l /dev/shm
total 16
-rwxrwxr-x 1 cc cc 4000000 Mar 29 08:01 matrix-pull
-rwxrwxr-x 1 cc cc 4000000 Mar 29 08:01 matrix-push
-rwxrwxr-x 1 cc cc      32 Mar 29 08:01 sem.matrix-pull-rsem
-rwxrwxr-x 1 cc cc      32 Mar 29 08:01 sem.matrix-pull-wsem
-rwxrwxr-x 1 cc cc      32 Mar 29 08:01 sem.matrix-push-rsem
-rwxrwxr-x 1 cc cc      32 Mar 29 08:01 sem.matrix-push-wsem
 === clean up ===
total 0
total 0
 === done ===
 *============== Launching remote tsd at 3 =============* 
 ====== tsd launch complete. You have 1 tsd instance. ====== 
cc        43176  0.0  0.0 144464  7040 ?        Sl   08:03   0:00 /home/cc/Synergy4/s4c00/cmake-build-debug/sng_tsd /home/cc/Synergy4/s4c00/etc/sng3.json /home/cc/Synergy4/s4c00/etc/synergy-log.conf
cc        43178  0.0  0.0  12944  1012 ?        S    08:03   0:00 grep sng_tsd
 ============================================================ 
 === before clean up === 
~~~~~~ ls -l /tmp
total 16
drwx------ 4 cc cc 4096 Mar 29 08:02 ompi.sng-4.1000
-rw------- 1 cc cc 3128 Mar 29 08:03 synergy4_p2pmd_31272.log
-rw------- 1 cc cc  768 Mar 29 08:01 synergy4_parser_31272.log
-rw------- 1 cc cc 3973 Mar 29 08:02 synergy4_tsd_31272.log
srwxrwxr-x 1 cc cc    0 Mar 29 08:01 tsd1
~~~~~~ ls -l /dev/shm
total 16
-rwxrwxr-x 1 cc cc 4000000 Mar 29 08:01 matrix-pull
-rwxrwxr-x 1 cc cc 4000000 Mar 29 08:01 matrix-push
-rwxrwxr-x 1 cc cc      32 Mar 29 08:01 sem.matrix-pull-rsem
-rwxrwxr-x 1 cc cc      32 Mar 29 08:01 sem.matrix-pull-wsem
-rwxrwxr-x 1 cc cc      32 Mar 29 08:01 sem.matrix-push-rsem
-rwxrwxr-x 1 cc cc      32 Mar 29 08:01 sem.matrix-push-wsem
 === clean up ===
total 0
total 0
 === done ===
 *============== Launching remote tsd at 4 =============* 
 ====== tsd launch complete. You have 1 tsd instance. ====== 
cc        31823  0.0  0.0 144464  5092 ?        Sl   08:03   0:00 /home/cc/Synergy4/s4c00/cmake-build-debug/sng_tsd /home/cc/Synergy4/s4c00/etc/sng4.json /home/cc/Synergy4/s4c00/etc/synergy-log.conf
cc        31825  0.0  0.0  12944  1032 ?        S    08:03   0:00 grep sng_tsd
 ============================================================ 
 === before clean up === 
~~~~~~ ls -l /tmp
total 16
drwx------ 3 cc cc 4096 Mar 29 08:03 ompi.sng-5.1000
-rw------- 1 cc cc 3158 Mar 29 08:03 synergy4_p2pmd_173509.log
-rw------- 1 cc cc  768 Mar 29 08:01 synergy4_parser_173509.log
-rw------- 1 cc cc 4009 Mar 29 08:02 synergy4_tsd_173509.log
srwxrwxr-x 1 cc cc    0 Mar 29 08:01 tsd1
~~~~~~ ls -l /dev/shm
total 16
-rwxrwxr-x 1 cc cc 4000000 Mar 29 08:01 matrix-pull
-rwxrwxr-x 1 cc cc 4000000 Mar 29 08:01 matrix-push
-rwxrwxr-x 1 cc cc      32 Mar 29 08:01 sem.matrix-pull-rsem
-rwxrwxr-x 1 cc cc      32 Mar 29 08:01 sem.matrix-pull-wsem
-rwxrwxr-x 1 cc cc      32 Mar 29 08:01 sem.matrix-push-rsem
-rwxrwxr-x 1 cc cc      32 Mar 29 08:01 sem.matrix-push-wsem
 === clean up ===
total 0
total 0
 === done ===
 *============== Launching remote tsd at 5 =============* 
 ====== tsd launch complete. You have 1 tsd instance. ====== 
cc       174324  0.0  0.0 144464  4960 ?        Sl   08:03   0:00 /home/cc/Synergy4/s4c00/cmake-build-debug/sng_tsd /home/cc/Synergy4/s4c00/etc/sng5.json /home/cc/Synergy4/s4c00/etc/synergy-log.conf
cc       174326  0.0  0.0  12944   968 ?        S    08:03   0:00 grep sng_tsd
 ============================================================ 
 === before clean up === 
~~~~~~ ls -l /tmp
total 16
drwx------ 4 cc cc 4096 Mar 29 08:02 ompi.sng-6.1000
-rw------- 1 cc cc 3158 Mar 29 08:03 synergy4_p2pmd_171242.log
-rw------- 1 cc cc  768 Mar 29 08:01 synergy4_parser_171242.log
-rw------- 1 cc cc 4009 Mar 29 08:02 synergy4_tsd_171242.log
srwxrwxr-x 1 cc cc    0 Mar 29 08:01 tsd1
~~~~~~ ls -l /dev/shm
total 16
-rwxrwxr-x 1 cc cc 4000000 Mar 29 08:01 matrix-pull
-rwxrwxr-x 1 cc cc 4000000 Mar 29 08:01 matrix-push
-rwxrwxr-x 1 cc cc      32 Mar 29 08:01 sem.matrix-pull-rsem
-rwxrwxr-x 1 cc cc      32 Mar 29 08:01 sem.matrix-pull-wsem
-rwxrwxr-x 1 cc cc      32 Mar 29 08:01 sem.matrix-push-rsem
-rwxrwxr-x 1 cc cc      32 Mar 29 08:01 sem.matrix-push-wsem
 === clean up ===
total 0
total 0
 === done ===
 *============== Launching remote tsd at 6 =============* 
 ====== tsd launch complete. You have 1 tsd instance. ====== 
cc       171800  0.0  0.0 144464  4984 ?        Sl   08:03   0:00 /home/cc/Synergy4/s4c00/cmake-build-debug/sng_tsd /home/cc/Synergy4/s4c00/etc/sng6.json /home/cc/Synergy4/s4c00/etc/synergy-log.conf
cc       171802  0.0  0.0  12944   964 ?        S    08:03   0:00 grep sng_tsd
 ============================================================ 
 === before clean up === 
~~~~~~ ls -l /tmp
total 12
-rw------- 1 cc cc 3158 Mar 29 08:03 synergy4_p2pmd_165211.log
-rw------- 1 cc cc  768 Mar 29 08:01 synergy4_parser_165211.log
-rw------- 1 cc cc 4009 Mar 29 08:02 synergy4_tsd_165211.log
srwxrwxr-x 1 cc cc    0 Mar 29 08:01 tsd1
~~~~~~ ls -l /dev/shm
total 16
-rwxrwxr-x 1 cc cc 4000000 Mar 29 08:01 matrix-pull
-rwxrwxr-x 1 cc cc 4000000 Mar 29 08:01 matrix-push
-rwxrwxr-x 1 cc cc      32 Mar 29 08:01 sem.matrix-pull-rsem
-rwxrwxr-x 1 cc cc      32 Mar 29 08:01 sem.matrix-pull-wsem
-rwxrwxr-x 1 cc cc      32 Mar 29 08:01 sem.matrix-push-rsem
-rwxrwxr-x 1 cc cc      32 Mar 29 08:01 sem.matrix-push-wsem
 === clean up ===
total 0
total 0
 === done ===
 *============== Launching remote tsd at 7 =============* 
 ====== tsd launch complete. You have 1 tsd instance. ====== 
cc       165762  0.0  0.0 144464  6992 ?        Sl   08:04   0:00 /home/cc/Synergy4/s4c00/cmake-build-debug/sng_tsd /home/cc/Synergy4/s4c00/etc/sng7.json /home/cc/Synergy4/s4c00/etc/synergy-log.conf
cc       165764  0.0  0.0  12944  1092 ?        S    08:04   0:00 grep sng_tsd
 ============================================================ 
 === before clean up === 
~~~~~~ ls -l /tmp
total 16
drwx------ 4 cc cc 4096 Mar 29 08:02 ompi.sng-8.1000
-rw------- 1 cc cc 3158 Mar 29 08:03 synergy4_p2pmd_162442.log
-rw------- 1 cc cc  768 Mar 29 08:01 synergy4_parser_162442.log
-rw------- 1 cc cc 4009 Mar 29 08:02 synergy4_tsd_162442.log
srwxrwxr-x 1 cc cc    0 Mar 29 08:01 tsd1
~~~~~~ ls -l /dev/shm
total 16
-rwxrwxr-x 1 cc cc 4000000 Mar 29 08:01 matrix-pull
-rwxrwxr-x 1 cc cc 4000000 Mar 29 08:01 matrix-push
-rwxrwxr-x 1 cc cc      32 Mar 29 08:01 sem.matrix-pull-rsem
-rwxrwxr-x 1 cc cc      32 Mar 29 08:01 sem.matrix-pull-wsem
-rwxrwxr-x 1 cc cc      32 Mar 29 08:01 sem.matrix-push-rsem
-rwxrwxr-x 1 cc cc      32 Mar 29 08:01 sem.matrix-push-wsem
 === clean up ===
total 0
total 0
 === done ===
 *============== Launching remote tsd at 8 =============* 
 ====== tsd launch complete. You have 1 tsd instance. ====== 
cc       162985  0.0  0.0 144464  4960 ?        Sl   08:04   0:00 /home/cc/Synergy4/s4c00/cmake-build-debug/sng_tsd /home/cc/Synergy4/s4c00/etc/sng8.json /home/cc/Synergy4/s4c00/etc/synergy-log.conf
cc       162987  0.0  0.0  12944  1032 ?        S    08:04   0:00 grep sng_tsd
 ============================================================ 
 === before clean up === 
~~~~~~ ls -l /tmp
total 16
drwx------ 3 cc cc 4096 Mar 29 08:03 ompi.sng-9.1000
-rw------- 1 cc cc 3159 Mar 29 08:03 synergy4_p2pmd_153149.log
-rw------- 1 cc cc  770 Mar 29 08:01 synergy4_parser_153149.log
-rw------- 1 cc cc 4009 Mar 29 08:02 synergy4_tsd_153149.log
srwxrwxr-x 1 cc cc    0 Mar 29 08:01 tsd1
~~~~~~ ls -l /dev/shm
total 16
-rwxrwxr-x 1 cc cc 4000000 Mar 29 08:01 matrix-pull
-rwxrwxr-x 1 cc cc 4000000 Mar 29 08:01 matrix-push
-rwxrwxr-x 1 cc cc      32 Mar 29 08:01 sem.matrix-pull-rsem
-rwxrwxr-x 1 cc cc      32 Mar 29 08:01 sem.matrix-pull-wsem
-rwxrwxr-x 1 cc cc      32 Mar 29 08:01 sem.matrix-push-rsem
-rwxrwxr-x 1 cc cc      32 Mar 29 08:01 sem.matrix-push-wsem
 === clean up ===
total 0
total 0
 === done ===
 *============== Launching remote tsd at 9 =============* 
 ====== tsd launch complete. You have 1 tsd instance. ====== 
cc       153697  0.0  0.0 144464  4988 ?        Sl   08:04   0:00 /home/cc/Synergy4/s4c00/cmake-build-debug/sng_tsd /home/cc/Synergy4/s4c00/etc/sng9.json /home/cc/Synergy4/s4c00/etc/synergy-log.conf
cc       153699  0.0  0.0  12944   928 ?        S    08:04   0:00 grep sng_tsd
 ============================================================ 
 === before clean up === 
~~~~~~ ls -l /tmp
total 16
drwx------ 4 cc cc 4096 Mar 29 08:02 ompi.sng-10.1000
-rw------- 1 cc cc 3768 Mar 29 08:03 synergy4_p2pmd_153114.log
-rw------- 1 cc cc  770 Mar 29 08:01 synergy4_parser_153114.log
-rw------- 1 cc cc 4009 Mar 29 08:02 synergy4_tsd_153114.log
srwxrwxr-x 1 cc cc    0 Mar 29 08:01 tsd1
~~~~~~ ls -l /dev/shm
total 16
-rwxrwxr-x 1 cc cc 4000000 Mar 29 08:01 matrix-pull
-rwxrwxr-x 1 cc cc 4000000 Mar 29 08:01 matrix-push
-rwxrwxr-x 1 cc cc      32 Mar 29 08:01 sem.matrix-pull-rsem
-rwxrwxr-x 1 cc cc      32 Mar 29 08:01 sem.matrix-pull-wsem
-rwxrwxr-x 1 cc cc      32 Mar 29 08:01 sem.matrix-push-rsem
-rwxrwxr-x 1 cc cc      32 Mar 29 08:01 sem.matrix-push-wsem
 === clean up ===
total 0
total 0
 === done ===
 *============== Launching remote tsd at 10 =============* 
 ====== tsd launch complete. You have 1 tsd instance. ====== 
cc       153677  0.0  0.0 144464  7008 ?        Sl   08:04   0:00 /home/cc/Synergy4/s4c00/cmake-build-debug/sng_tsd /home/cc/Synergy4/s4c00/etc/sng10.json /home/cc/Synergy4/s4c00/etc/synergy-log.conf
cc       153679  0.0  0.0  12944   932 ?        S    08:04   0:00 grep sng_tsd
 ============================================================ 
 === before clean up === 
~~~~~~ ls -l /tmp
total 12
-rw------- 1 cc cc 2016 Mar 29 06:19 synergy4_p2pmd_149399.log
-rw------- 1 cc cc  772 Mar 29 06:17 synergy4_parser_149399.log
-rw------- 1 cc cc 4009 Mar 29 06:18 synergy4_tsd_149399.log
srwxrwxr-x 1 cc cc    0 Mar 29 06:17 tsd1
~~~~~~ ls -l /dev/shm
total 16
-rwxrwxr-x 1 cc cc 4000000 Mar 29 06:17 matrix-pull
-rwxrwxr-x 1 cc cc 4000000 Mar 29 06:17 matrix-push
-rwxrwxr-x 1 cc cc      32 Mar 29 06:17 sem.matrix-pull-rsem
-rwxrwxr-x 1 cc cc      32 Mar 29 06:17 sem.matrix-pull-wsem
-rwxrwxr-x 1 cc cc      32 Mar 29 06:17 sem.matrix-push-rsem
-rwxrwxr-x 1 cc cc      32 Mar 29 06:17 sem.matrix-push-wsem
 === clean up ===
total 0
total 0
 === done ===
 *============== Launching remote tsd at 11 =============* 
 ====== tsd launch complete. You have 1 tsd instance. ====== 
cc       150863  0.0  0.0 144464  6952 ?        Sl   08:04   0:00 /home/cc/Synergy4/s4c00/cmake-build-debug/sng_tsd /home/cc/Synergy4/s4c00/etc/sng11.json /home/cc/Synergy4/s4c00/etc/synergy-log.conf
cc       150865  0.0  0.0  12944   936 ?        S    08:04   0:00 grep sng_tsd
 ============================================================ 
